/home/agilex/.local/lib/python3.8/site-packages/setuptools/dist.py:476: SetuptoolsDeprecationWarning: Invalid dash-separated options
!!

        ********************************************************************************
        Usage of dash-separated 'script-dir' will not be supported in future
        versions. Please use the underscore name 'script_dir' instead.

        This deprecation is overdue, please update your project and remove deprecated
        calls to avoid build errors in the future.

        See https://setuptools.pypa.io/en/latest/userguide/declarative_config.html for details.
        ********************************************************************************

!!
  opt = self.warn_dash_deprecation(opt, section)
running develop
/home/agilex/.local/lib/python3.8/site-packages/setuptools/command/develop.py:40: EasyInstallDeprecationWarning: easy_install command is deprecated.
!!

        ********************************************************************************
        Please avoid running ``setup.py`` and ``easy_install``.
        Instead, use pypa/build, pypa/installer or other
        standards-based tools.

        See https://github.com/pypa/setuptools/issues/917 for details.
        ********************************************************************************

!!
  easy_install.initialize_options(self)
/home/agilex/.local/lib/python3.8/site-packages/setuptools/_distutils/cmd.py:66: SetuptoolsDeprecationWarning: setup.py install is deprecated.
!!

        ********************************************************************************
        Please avoid running ``setup.py`` directly.
        Instead, use pypa/build, pypa/installer or other
        standards-based tools.

        See https://blog.ganssle.io/articles/2021/10/setup-py-deprecated.html for details.
        ********************************************************************************

!!
  self.initialize_options()
running egg_info
creating my_launch_pkg.egg-info
writing my_launch_pkg.egg-info/PKG-INFO
writing dependency_links to my_launch_pkg.egg-info/dependency_links.txt
writing requirements to my_launch_pkg.egg-info/requires.txt
writing top-level names to my_launch_pkg.egg-info/top_level.txt
writing manifest file 'my_launch_pkg.egg-info/SOURCES.txt'
reading manifest file 'my_launch_pkg.egg-info/SOURCES.txt'
writing manifest file 'my_launch_pkg.egg-info/SOURCES.txt'
running build_ext
Creating /home/agilex/krish_ws/install/my_launch_pkg/lib/python3.8/site-packages/my-launch-pkg.egg-link (link to .)

Installed /home/agilex/krish_ws/build/my_launch_pkg
running install_data
creating /home/agilex/krish_ws/install/my_launch_pkg/share/ament_index
creating /home/agilex/krish_ws/install/my_launch_pkg/share/ament_index/resource_index
creating /home/agilex/krish_ws/install/my_launch_pkg/share/ament_index/resource_index/packages
copying resource/my_launch_pkg -> /home/agilex/krish_ws/install/my_launch_pkg/share/ament_index/resource_index/packages
copying package.xml -> /home/agilex/krish_ws/install/my_launch_pkg/share/my_launch_pkg
creating /home/agilex/krish_ws/install/my_launch_pkg/share/my_launch_pkg/launch
copying launch/full_system.launch.py -> /home/agilex/krish_ws/install/my_launch_pkg/share/my_launch_pkg/launch
error: can't copy 'launch/rtab_explore.launch.py': doesn't exist or not a regular file
