running develop
running egg_info
creating my_launch_pkg.egg-info
writing my_launch_pkg.egg-info/PKG-INFO
writing dependency_links to my_launch_pkg.egg-info/dependency_links.txt
writing requirements to my_launch_pkg.egg-info/requires.txt
writing top-level names to my_launch_pkg.egg-info/top_level.txt
writing manifest file 'my_launch_pkg.egg-info/SOURCES.txt'
reading manifest file 'my_launch_pkg.egg-info/SOURCES.txt'
writing manifest file 'my_launch_pkg.egg-info/SOURCES.txt'
running build_ext
Creating /home/agilex/krish_ws/install/my_launch_pkg/lib/python3.8/site-packages/my-launch-pkg.egg-link (link to .)

Installed /home/agilex/krish_ws/build/my_launch_pkg
running install_data
creating /home/agilex/krish_ws/install/my_launch_pkg/share/ament_index
creating /home/agilex/krish_ws/install/my_launch_pkg/share/ament_index/resource_index
creating /home/agilex/krish_ws/install/my_launch_pkg/share/ament_index/resource_index/packages
copying resource/my_launch_pkg -> /home/agilex/krish_ws/install/my_launch_pkg/share/ament_index/resource_index/packages
copying package.xml -> /home/agilex/krish_ws/install/my_launch_pkg/share/my_launch_pkg
creating /home/agilex/krish_ws/install/my_launch_pkg/share/my_launch_pkg/launch
copying launch/full_system.launch.py -> /home/agilex/krish_ws/install/my_launch_pkg/share/my_launch_pkg/launch
