[15.432s] Invoking command in '/home/agilex/krish_ws/build/mycobot_arm': PYTHONPATH=/home/agilex/krish_ws/build/mycobot_arm/prefix_override:/home/agilex/krish_ws/install/mycobot_arm/lib/python3.8/site-packages:${PYTHONPATH} /usr/bin/python3 setup.py develop --uninstall --editable --build-directory /home/agilex/krish_ws/build/mycobot_arm/build
[15.873s] /home/agilex/.local/lib/python3.8/site-packages/setuptools/dist.py:476: SetuptoolsDeprecationWarning: Invalid dash-separated options
[15.874s] !!
[15.874s] 
[15.874s]         ********************************************************************************
[15.874s]         Usage of dash-separated 'script-dir' will not be supported in future
[15.874s]         versions. Please use the underscore name 'script_dir' instead.
[15.874s] 
[15.875s]         This deprecation is overdue, please update your project and remove deprecated
[15.875s]         calls to avoid build errors in the future.
[15.875s] 
[15.875s]         See https://setuptools.pypa.io/en/latest/userguide/declarative_config.html for details.
[15.876s]         ********************************************************************************
[15.876s] 
[15.876s] !!
[15.876s]   opt = self.warn_dash_deprecation(opt, section)
[16.404s] running develop
[16.404s] /home/agilex/.local/lib/python3.8/site-packages/setuptools/command/develop.py:40: EasyInstallDeprecationWarning: easy_install command is deprecated.
[16.405s] !!
[16.405s] 
[16.406s]         ********************************************************************************
[16.406s]         Please avoid running ``setup.py`` and ``easy_install``.
[16.406s]         Instead, use pypa/build, pypa/installer or other
[16.406s]         standards-based tools.
[16.406s] 
[16.406s]         See https://github.com/pypa/setuptools/issues/917 for details.
[16.406s]         ********************************************************************************
[16.407s] 
[16.407s] !!
[16.407s]   easy_install.initialize_options(self)
[16.506s] /home/agilex/.local/lib/python3.8/site-packages/setuptools/_distutils/cmd.py:66: SetuptoolsDeprecationWarning: setup.py install is deprecated.
[16.506s] !!
[16.506s] 
[16.507s]         ********************************************************************************
[16.507s]         Please avoid running ``setup.py`` directly.
[16.507s]         Instead, use pypa/build, pypa/installer or other
[16.507s]         standards-based tools.
[16.507s] 
[16.507s]         See https://blog.ganssle.io/articles/2021/10/setup-py-deprecated.html for details.
[16.507s]         ********************************************************************************
[16.507s] 
[16.508s] !!
[16.508s]   self.initialize_options()
[17.069s] Removing /home/agilex/krish_ws/install/mycobot_arm/lib/python3.8/site-packages/mycobot-arm.egg-link (link to .)
[17.935s] Invoked command in '/home/agilex/krish_ws/build/mycobot_arm' returned '0': PYTHONPATH=/home/agilex/krish_ws/build/mycobot_arm/prefix_override:/home/agilex/krish_ws/install/mycobot_arm/lib/python3.8/site-packages:${PYTHONPATH} /usr/bin/python3 setup.py develop --uninstall --editable --build-directory /home/agilex/krish_ws/build/mycobot_arm/build
[17.939s] Invoking command in '/home/agilex/krish_ws/src/mycobot_arm': PYTHONPATH=/home/agilex/krish_ws/build/mycobot_arm/prefix_override:/home/agilex/krish_ws/install/mycobot_arm/lib/python3.8/site-packages:${PYTHONPATH} /usr/bin/python3 setup.py egg_info --egg-base ../../build/mycobot_arm build --build-base /home/agilex/krish_ws/build/mycobot_arm/build install --record /home/agilex/krish_ws/build/mycobot_arm/install.log --install-scripts $base/lib/mycobot_arm --single-version-externally-managed
[19.785s] running egg_info
[19.791s] writing ../../build/mycobot_arm/mycobot_arm.egg-info/PKG-INFO
[19.793s] writing dependency_links to ../../build/mycobot_arm/mycobot_arm.egg-info/dependency_links.txt
[19.793s] writing entry points to ../../build/mycobot_arm/mycobot_arm.egg-info/entry_points.txt
[19.793s] writing requirements to ../../build/mycobot_arm/mycobot_arm.egg-info/requires.txt
[19.794s] writing top-level names to ../../build/mycobot_arm/mycobot_arm.egg-info/top_level.txt
[19.794s] reading manifest file '../../build/mycobot_arm/mycobot_arm.egg-info/SOURCES.txt'
[19.794s] writing manifest file '../../build/mycobot_arm/mycobot_arm.egg-info/SOURCES.txt'
[19.795s] running build
[19.796s] running build_py
[19.798s] creating /home/agilex/krish_ws/build/mycobot_arm/build
[19.801s] creating /home/agilex/krish_ws/build/mycobot_arm/build/lib
[19.801s] creating /home/agilex/krish_ws/build/mycobot_arm/build/lib/mycobot_arm
[19.801s] copying mycobot_arm/drop_node.py -> /home/agilex/krish_ws/build/mycobot_arm/build/lib/mycobot_arm
[19.803s] copying mycobot_arm/__init__.py -> /home/agilex/krish_ws/build/mycobot_arm/build/lib/mycobot_arm
[19.803s] copying mycobot_arm/pick_node.py -> /home/agilex/krish_ws/build/mycobot_arm/build/lib/mycobot_arm
[19.803s] running install
[19.804s] running install_lib
[19.804s] creating /home/agilex/krish_ws/install/mycobot_arm/lib/python3.8/site-packages/mycobot_arm
[19.804s] copying /home/agilex/krish_ws/build/mycobot_arm/build/lib/mycobot_arm/drop_node.py -> /home/agilex/krish_ws/install/mycobot_arm/lib/python3.8/site-packages/mycobot_arm
[19.804s] copying /home/agilex/krish_ws/build/mycobot_arm/build/lib/mycobot_arm/__init__.py -> /home/agilex/krish_ws/install/mycobot_arm/lib/python3.8/site-packages/mycobot_arm
[19.804s] copying /home/agilex/krish_ws/build/mycobot_arm/build/lib/mycobot_arm/pick_node.py -> /home/agilex/krish_ws/install/mycobot_arm/lib/python3.8/site-packages/mycobot_arm
[19.805s] byte-compiling /home/agilex/krish_ws/install/mycobot_arm/lib/python3.8/site-packages/mycobot_arm/drop_node.py to drop_node.cpython-38.pyc
[19.805s] byte-compiling /home/agilex/krish_ws/install/mycobot_arm/lib/python3.8/site-packages/mycobot_arm/__init__.py to __init__.cpython-38.pyc
[19.805s] byte-compiling /home/agilex/krish_ws/install/mycobot_arm/lib/python3.8/site-packages/mycobot_arm/pick_node.py to pick_node.cpython-38.pyc
[19.806s] running install_data
[19.806s] copying resource/mycobot_arm -> /home/agilex/krish_ws/install/mycobot_arm/share/ament_index/resource_index/packages
[19.806s] copying package.xml -> /home/agilex/krish_ws/install/mycobot_arm/share/mycobot_arm
[19.807s] running install_egg_info
[19.807s] Copying ../../build/mycobot_arm/mycobot_arm.egg-info to /home/agilex/krish_ws/install/mycobot_arm/lib/python3.8/site-packages/mycobot_arm-0.0.0-py3.8.egg-info
[19.807s] running install_scripts
[19.808s] Installing drop_node script to /home/agilex/krish_ws/install/mycobot_arm/lib/mycobot_arm
[19.808s] Installing pick_node script to /home/agilex/krish_ws/install/mycobot_arm/lib/mycobot_arm
[19.809s] writing list of installed files to '/home/agilex/krish_ws/build/mycobot_arm/install.log'
[19.809s] /home/agilex/.local/lib/python3.8/site-packages/setuptools/dist.py:476: SetuptoolsDeprecationWarning: Invalid dash-separated options
[19.809s] !!
[19.809s] 
[19.810s]         ********************************************************************************
[19.810s]         Usage of dash-separated 'script-dir' will not be supported in future
[19.811s]         versions. Please use the underscore name 'script_dir' instead.
[19.811s] 
[19.812s]         This deprecation is overdue, please update your project and remove deprecated
[19.812s]         calls to avoid build errors in the future.
[19.813s] 
[19.813s]         See https://setuptools.pypa.io/en/latest/userguide/declarative_config.html for details.
[19.813s]         ********************************************************************************
[19.818s] 
[19.819s] !!
[19.820s]   opt = self.warn_dash_deprecation(opt, section)
[19.820s] /home/agilex/.local/lib/python3.8/site-packages/setuptools/_distutils/cmd.py:66: SetuptoolsDeprecationWarning: setup.py install is deprecated.
[19.821s] !!
[19.821s] 
[19.821s]         ********************************************************************************
[19.821s]         Please avoid running ``setup.py`` directly.
[19.821s]         Instead, use pypa/build, pypa/installer or other
[19.822s]         standards-based tools.
[19.822s] 
[19.822s]         See https://blog.ganssle.io/articles/2021/10/setup-py-deprecated.html for details.
[19.823s]         ********************************************************************************
[19.823s] 
[19.823s] !!
[19.824s]   self.initialize_options()
[19.825s] Invoked command in '/home/agilex/krish_ws/src/mycobot_arm' returned '0': PYTHONPATH=/home/agilex/krish_ws/build/mycobot_arm/prefix_override:/home/agilex/krish_ws/install/mycobot_arm/lib/python3.8/site-packages:${PYTHONPATH} /usr/bin/python3 setup.py egg_info --egg-base ../../build/mycobot_arm build --build-base /home/agilex/krish_ws/build/mycobot_arm/build install --record /home/agilex/krish_ws/build/mycobot_arm/install.log --install-scripts $base/lib/mycobot_arm --single-version-externally-managed
