[12.128s] Invoking command in '/home/agilex/krish_ws/src/system_launcher': PYTHONPATH=/home/agilex/krish_ws/build/system_launcher/prefix_override:/home/agilex/krish_ws/install/system_launcher/lib/python3.8/site-packages:${PYTHONPATH} /usr/bin/python3 setup.py egg_info --egg-base ../../build/system_launcher build --build-base /home/agilex/krish_ws/build/system_launcher/build install --record /home/agilex/krish_ws/build/system_launcher/install.log --install-scripts $base/lib/system_launcher --single-version-externally-managed
[12.555s] /home/agilex/.local/lib/python3.8/site-packages/setuptools/dist.py:476: SetuptoolsDeprecationWarning: Invalid dash-separated options
[12.556s] !!
[12.556s] 
[12.556s]         ********************************************************************************
[12.556s]         Usage of dash-separated 'script-dir' will not be supported in future
[12.556s]         versions. Please use the underscore name 'script_dir' instead.
[12.556s] 
[12.557s]         This deprecation is overdue, please update your project and remove deprecated
[12.557s]         calls to avoid build errors in the future.
[12.557s] 
[12.557s]         See https://setuptools.pypa.io/en/latest/userguide/declarative_config.html for details.
[12.557s]         ********************************************************************************
[12.557s] 
[12.557s] !!
[12.557s]   opt = self.warn_dash_deprecation(opt, section)
[12.863s] running egg_info
[12.914s] writing ../../build/system_launcher/system_launcher.egg-info/PKG-INFO
[12.917s] writing dependency_links to ../../build/system_launcher/system_launcher.egg-info/dependency_links.txt
[12.918s] writing requirements to ../../build/system_launcher/system_launcher.egg-info/requires.txt
[12.919s] writing top-level names to ../../build/system_launcher/system_launcher.egg-info/top_level.txt
[13.288s] reading manifest file '../../build/system_launcher/system_launcher.egg-info/SOURCES.txt'
[13.291s] writing manifest file '../../build/system_launcher/system_launcher.egg-info/SOURCES.txt'
[13.292s] running build
[13.295s] running build_py
[13.308s] copying system_launcher/__init__.py -> /home/agilex/krish_ws/build/system_launcher/build/lib/system_launcher
[13.309s] running install
[13.311s] /home/agilex/.local/lib/python3.8/site-packages/setuptools/_distutils/cmd.py:66: SetuptoolsDeprecationWarning: setup.py install is deprecated.
[13.312s] !!
[13.312s] 
[13.313s]         ********************************************************************************
[13.313s]         Please avoid running ``setup.py`` directly.
[13.313s]         Instead, use pypa/build, pypa/installer or other
[13.313s]         standards-based tools.
[13.313s] 
[13.314s]         See https://blog.ganssle.io/articles/2021/10/setup-py-deprecated.html for details.
[13.315s]         ********************************************************************************
[13.315s] 
[13.315s] !!
[13.315s]   self.initialize_options()
[13.334s] running install_lib
[13.380s] running install_data
[13.427s] copying resource/system_launcher -> /home/agilex/krish_ws/install/system_launcher/share/ament_index/resource_index/packages
[13.428s] copying package.xml -> /home/agilex/krish_ws/install/system_launcher/share/system_launcher
[13.428s] copying launch/full_system.launch.py -> /home/agilex/krish_ws/install/system_launcher/share/system_launcher/launch
[13.429s] running install_egg_info
[13.486s] removing '/home/agilex/krish_ws/install/system_launcher/lib/python3.8/site-packages/system_launcher-0.0.0-py3.8.egg-info' (and everything under it)
[13.486s] Copying ../../build/system_launcher/system_launcher.egg-info to /home/agilex/krish_ws/install/system_launcher/lib/python3.8/site-packages/system_launcher-0.0.0-py3.8.egg-info
[13.490s] running install_scripts
[13.596s] writing list of installed files to '/home/agilex/krish_ws/build/system_launcher/install.log'
[13.727s] Invoked command in '/home/agilex/krish_ws/src/system_launcher' returned '0': PYTHONPATH=/home/agilex/krish_ws/build/system_launcher/prefix_override:/home/agilex/krish_ws/install/system_launcher/lib/python3.8/site-packages:${PYTHONPATH} /usr/bin/python3 setup.py egg_info --egg-base ../../build/system_launcher build --build-base /home/agilex/krish_ws/build/system_launcher/build install --record /home/agilex/krish_ws/build/system_launcher/install.log --install-scripts $base/lib/system_launcher --single-version-externally-managed
