[16.677s] Invoking command in '/home/agilex/krish_ws/build/my_launch_pkg': PYTHONPATH=/home/agilex/krish_ws/build/my_launch_pkg/prefix_override:/home/agilex/krish_ws/install/my_launch_pkg/lib/python3.8/site-packages:${PYTHONPATH} /usr/bin/python3 setup.py develop --editable --build-directory /home/agilex/krish_ws/build/my_launch_pkg/build --no-deps install_data
[17.094s] /home/agilex/.local/lib/python3.8/site-packages/setuptools/dist.py:476: SetuptoolsDeprecationWarning: Invalid dash-separated options
[17.094s] !!
[17.094s] 
[17.094s]         ********************************************************************************
[17.095s]         Usage of dash-separated 'script-dir' will not be supported in future
[17.095s]         versions. Please use the underscore name 'script_dir' instead.
[17.095s] 
[17.095s]         This deprecation is overdue, please update your project and remove deprecated
[17.095s]         calls to avoid build errors in the future.
[17.095s] 
[17.095s]         See https://setuptools.pypa.io/en/latest/userguide/declarative_config.html for details.
[17.095s]         ********************************************************************************
[17.096s] 
[17.096s] !!
[17.099s]   opt = self.warn_dash_deprecation(opt, section)
[17.630s] running develop
[17.631s] /home/agilex/.local/lib/python3.8/site-packages/setuptools/command/develop.py:40: EasyInstallDeprecationWarning: easy_install command is deprecated.
[17.631s] !!
[17.631s] 
[17.632s]         ********************************************************************************
[17.632s]         Please avoid running ``setup.py`` and ``easy_install``.
[17.632s]         Instead, use pypa/build, pypa/installer or other
[17.632s]         standards-based tools.
[17.632s] 
[17.633s]         See https://github.com/pypa/setuptools/issues/917 for details.
[17.633s]         ********************************************************************************
[17.633s] 
[17.633s] !!
[17.633s]   easy_install.initialize_options(self)
[17.727s] /home/agilex/.local/lib/python3.8/site-packages/setuptools/_distutils/cmd.py:66: SetuptoolsDeprecationWarning: setup.py install is deprecated.
[17.728s] !!
[17.728s] 
[17.729s]         ********************************************************************************
[17.729s]         Please avoid running ``setup.py`` directly.
[17.729s]         Instead, use pypa/build, pypa/installer or other
[17.730s]         standards-based tools.
[17.730s] 
[17.730s]         See https://blog.ganssle.io/articles/2021/10/setup-py-deprecated.html for details.
[17.730s]         ********************************************************************************
[17.730s] 
[17.730s] !!
[17.730s]   self.initialize_options()
[18.216s] running egg_info
[18.261s] writing my_launch_pkg.egg-info/PKG-INFO
[18.263s] writing dependency_links to my_launch_pkg.egg-info/dependency_links.txt
[18.264s] writing requirements to my_launch_pkg.egg-info/requires.txt
[18.264s] writing top-level names to my_launch_pkg.egg-info/top_level.txt
[18.362s] reading manifest file 'my_launch_pkg.egg-info/SOURCES.txt'
[18.364s] writing manifest file 'my_launch_pkg.egg-info/SOURCES.txt'
[18.540s] running build_ext
[18.541s] Creating /home/agilex/krish_ws/install/my_launch_pkg/lib/python3.8/site-packages/my-launch-pkg.egg-link (link to .)
[18.544s] 
[18.544s] Installed /home/agilex/krish_ws/build/my_launch_pkg
[18.545s] running install_data
[18.545s] copying resource/my_launch_pkg -> /home/agilex/krish_ws/install/my_launch_pkg/share/ament_index/resource_index/packages
[18.547s] copying package.xml -> /home/agilex/krish_ws/install/my_launch_pkg/share/my_launch_pkg
[18.548s] copying launch/full_system.launch.py -> /home/agilex/krish_ws/install/my_launch_pkg/share/my_launch_pkg/launch
[21.074s] Invoked command in '/home/agilex/krish_ws/build/my_launch_pkg' returned '0': PYTHONPATH=/home/agilex/krish_ws/build/my_launch_pkg/prefix_override:/home/agilex/krish_ws/install/my_launch_pkg/lib/python3.8/site-packages:${PYTHONPATH} /usr/bin/python3 setup.py develop --editable --build-directory /home/agilex/krish_ws/build/my_launch_pkg/build --no-deps install_data
