[6.658s] Invoking command in '/home/agilex/krish_ws/src/nav_handler': PYTHONPATH=/home/agilex/krish_ws/build/nav_handler/prefix_override:/home/agilex/krish_ws/install/nav_handler/lib/python3.8/site-packages:${PYTHONPATH} /usr/bin/python3 setup.py egg_info --egg-base ../../build/nav_handler build --build-base /home/agilex/krish_ws/build/nav_handler/build install --record /home/agilex/krish_ws/build/nav_handler/install.log --install-scripts $base/lib/nav_handler --single-version-externally-managed
[7.126s] /home/agilex/.local/lib/python3.8/site-packages/setuptools/dist.py:476: SetuptoolsDeprecationWarning: Invalid dash-separated options
[7.126s] !!
[7.127s] 
[7.127s]         ********************************************************************************
[7.127s]         Usage of dash-separated 'script-dir' will not be supported in future
[7.127s]         versions. Please use the underscore name 'script_dir' instead.
[7.127s] 
[7.127s]         This deprecation is overdue, please update your project and remove deprecated
[7.127s]         calls to avoid build errors in the future.
[7.128s] 
[7.128s]         See https://setuptools.pypa.io/en/latest/userguide/declarative_config.html for details.
[7.128s]         ********************************************************************************
[7.128s] 
[7.128s] !!
[7.128s]   opt = self.warn_dash_deprecation(opt, section)
[7.432s] running egg_info
[7.481s] writing ../../build/nav_handler/nav_handler.egg-info/PKG-INFO
[7.484s] writing dependency_links to ../../build/nav_handler/nav_handler.egg-info/dependency_links.txt
[7.485s] writing entry points to ../../build/nav_handler/nav_handler.egg-info/entry_points.txt
[7.486s] writing requirements to ../../build/nav_handler/nav_handler.egg-info/requires.txt
[7.486s] writing top-level names to ../../build/nav_handler/nav_handler.egg-info/top_level.txt
[7.894s] reading manifest file '../../build/nav_handler/nav_handler.egg-info/SOURCES.txt'
[7.896s] writing manifest file '../../build/nav_handler/nav_handler.egg-info/SOURCES.txt'
[7.896s] running build
[7.896s] running build_py
[7.899s] copying nav_handler/__init__.py -> /home/agilex/krish_ws/build/nav_handler/build/lib/nav_handler
[7.899s] copying nav_handler/nav_handler copy.py -> /home/agilex/krish_ws/build/nav_handler/build/lib/nav_handler
[7.899s] copying nav_handler/mission_manager.py -> /home/agilex/krish_ws/build/nav_handler/build/lib/nav_handler
[7.902s] /home/agilex/.local/lib/python3.8/site-packages/setuptools/_distutils/cmd.py:66: SetuptoolsDeprecationWarning: setup.py install is deprecated.
[7.902s] !!
[7.902s] 
[7.903s]         ********************************************************************************
[7.903s]         Please avoid running ``setup.py`` directly.
[7.903s]         Instead, use pypa/build, pypa/installer or other
[7.903s]         standards-based tools.
[7.903s] 
[7.903s]         See https://blog.ganssle.io/articles/2021/10/setup-py-deprecated.html for details.
[7.903s]         ********************************************************************************
[7.903s] 
[7.904s] !!
[7.904s]   self.initialize_options()
[7.912s] copying nav_handler/pose_setter.py -> /home/agilex/krish_ws/build/nav_handler/build/lib/nav_handler
[7.912s] running install
[7.917s] running install_lib
[7.990s] copying /home/agilex/krish_ws/build/nav_handler/build/lib/nav_handler/mission_manager.py -> /home/agilex/krish_ws/install/nav_handler/lib/python3.8/site-packages/nav_handler
[7.992s] byte-compiling /home/agilex/krish_ws/install/nav_handler/lib/python3.8/site-packages/nav_handler/mission_manager.py to mission_manager.cpython-38.pyc
[7.996s] running install_data
[8.044s] copying resource/nav_handler -> /home/agilex/krish_ws/install/nav_handler/share/ament_index/resource_index/packages
[8.044s] copying package.xml -> /home/agilex/krish_ws/install/nav_handler/share/nav_handler
[8.045s] running install_egg_info
[8.094s] removing '/home/agilex/krish_ws/install/nav_handler/lib/python3.8/site-packages/nav_handler-0.0.0-py3.8.egg-info' (and everything under it)
[8.095s] Copying ../../build/nav_handler/nav_handler.egg-info to /home/agilex/krish_ws/install/nav_handler/lib/python3.8/site-packages/nav_handler-0.0.0-py3.8.egg-info
[8.098s] running install_scripts
[8.212s] Installing mission_manager script to /home/agilex/krish_ws/install/nav_handler/lib/nav_handler
[8.213s] Installing pose_setter script to /home/agilex/krish_ws/install/nav_handler/lib/nav_handler
[8.213s] Installing test script to /home/agilex/krish_ws/install/nav_handler/lib/nav_handler
[8.214s] writing list of installed files to '/home/agilex/krish_ws/build/nav_handler/install.log'
[8.325s] Invoked command in '/home/agilex/krish_ws/src/nav_handler' returned '0': PYTHONPATH=/home/agilex/krish_ws/build/nav_handler/prefix_override:/home/agilex/krish_ws/install/nav_handler/lib/python3.8/site-packages:${PYTHONPATH} /usr/bin/python3 setup.py egg_info --egg-base ../../build/nav_handler build --build-base /home/agilex/krish_ws/build/nav_handler/build install --record /home/agilex/krish_ws/build/nav_handler/install.log --install-scripts $base/lib/nav_handler --single-version-externally-managed
