[5.716s] Invoking command in '/home/agilex/krish_ws/src/nav_handler': PYTHONPATH=/home/agilex/krish_ws/build/nav_handler/prefix_override:/home/agilex/krish_ws/install/nav_handler/lib/python3.8/site-packages:${PYTHONPATH} /usr/bin/python3 setup.py egg_info --egg-base ../../build/nav_handler build --build-base /home/agilex/krish_ws/build/nav_handler/build install --record /home/agilex/krish_ws/build/nav_handler/install.log --install-scripts $base/lib/nav_handler --single-version-externally-managed
[6.124s] /home/agilex/.local/lib/python3.8/site-packages/setuptools/dist.py:476: SetuptoolsDeprecationWarning: Invalid dash-separated options
[6.125s] !!
[6.125s] 
[6.125s]         ********************************************************************************
[6.125s]         Usage of dash-separated 'script-dir' will not be supported in future
[6.125s]         versions. Please use the underscore name 'script_dir' instead.
[6.125s] 
[6.125s]         This deprecation is overdue, please update your project and remove deprecated
[6.125s]         calls to avoid build errors in the future.
[6.126s] 
[6.126s]         See https://setuptools.pypa.io/en/latest/userguide/declarative_config.html for details.
[6.126s]         ********************************************************************************
[6.126s] 
[6.126s] !!
[6.126s]   opt = self.warn_dash_deprecation(opt, section)
[6.404s] running egg_info
[6.449s] writing ../../build/nav_handler/nav_handler.egg-info/PKG-INFO
[6.451s] writing dependency_links to ../../build/nav_handler/nav_handler.egg-info/dependency_links.txt
[6.451s] writing entry points to ../../build/nav_handler/nav_handler.egg-info/entry_points.txt
[6.452s] writing requirements to ../../build/nav_handler/nav_handler.egg-info/requires.txt
[6.452s] writing top-level names to ../../build/nav_handler/nav_handler.egg-info/top_level.txt
[6.840s] reading manifest file '../../build/nav_handler/nav_handler.egg-info/SOURCES.txt'
[6.842s] writing manifest file '../../build/nav_handler/nav_handler.egg-info/SOURCES.txt'
[6.842s] running build
[6.842s] running build_py
[6.843s] copying nav_handler/__init__.py -> /home/agilex/krish_ws/build/nav_handler/build/lib/nav_handler
[6.844s] copying nav_handler/nav_handler copy.py -> /home/agilex/krish_ws/build/nav_handler/build/lib/nav_handler
[6.844s] copying nav_handler/mission_manager.py -> /home/agilex/krish_ws/build/nav_handler/build/lib/nav_handler
[6.846s] copying nav_handler/mission_manager copy.py -> /home/agilex/krish_ws/build/nav_handler/build/lib/nav_handler
[6.847s] copying nav_handler/pose_setter.py -> /home/agilex/krish_ws/build/nav_handler/build/lib/nav_handler
[6.848s] running install
[6.848s] /home/agilex/.local/lib/python3.8/site-packages/setuptools/_distutils/cmd.py:66: SetuptoolsDeprecationWarning: setup.py install is deprecated.
[6.849s] !!
[6.849s] 
[6.849s]         ********************************************************************************
[6.849s]         Please avoid running ``setup.py`` directly.
[6.849s]         Instead, use pypa/build, pypa/installer or other
[6.849s]         standards-based tools.
[6.849s] 
[6.849s]         See https://blog.ganssle.io/articles/2021/10/setup-py-deprecated.html for details.
[6.850s]         ********************************************************************************
[6.850s] 
[6.850s] !!
[6.850s]   self.initialize_options()
[6.862s] running install_lib
[6.915s] copying /home/agilex/krish_ws/build/nav_handler/build/lib/nav_handler/mission_manager.py -> /home/agilex/krish_ws/install/nav_handler/lib/python3.8/site-packages/nav_handler
[6.915s] copying /home/agilex/krish_ws/build/nav_handler/build/lib/nav_handler/mission_manager copy.py -> /home/agilex/krish_ws/install/nav_handler/lib/python3.8/site-packages/nav_handler
[6.917s] byte-compiling /home/agilex/krish_ws/install/nav_handler/lib/python3.8/site-packages/nav_handler/mission_manager.py to mission_manager.cpython-38.pyc
[6.922s] byte-compiling /home/agilex/krish_ws/install/nav_handler/lib/python3.8/site-packages/nav_handler/mission_manager copy.py to mission_manager copy.cpython-38.pyc
[6.924s] running install_data
[6.973s] copying resource/nav_handler -> /home/agilex/krish_ws/install/nav_handler/share/ament_index/resource_index/packages
[6.973s] copying package.xml -> /home/agilex/krish_ws/install/nav_handler/share/nav_handler
[6.974s] running install_egg_info
[7.027s] removing '/home/agilex/krish_ws/install/nav_handler/lib/python3.8/site-packages/nav_handler-0.0.0-py3.8.egg-info' (and everything under it)
[7.027s] Copying ../../build/nav_handler/nav_handler.egg-info to /home/agilex/krish_ws/install/nav_handler/lib/python3.8/site-packages/nav_handler-0.0.0-py3.8.egg-info
[7.029s] running install_scripts
[7.148s] Installing mission_manager script to /home/agilex/krish_ws/install/nav_handler/lib/nav_handler
[7.148s] Installing pose_setter script to /home/agilex/krish_ws/install/nav_handler/lib/nav_handler
[7.148s] Installing test script to /home/agilex/krish_ws/install/nav_handler/lib/nav_handler
[7.149s] writing list of installed files to '/home/agilex/krish_ws/build/nav_handler/install.log'
[7.248s] Invoked command in '/home/agilex/krish_ws/src/nav_handler' returned '0': PYTHONPATH=/home/agilex/krish_ws/build/nav_handler/prefix_override:/home/agilex/krish_ws/install/nav_handler/lib/python3.8/site-packages:${PYTHONPATH} /usr/bin/python3 setup.py egg_info --egg-base ../../build/nav_handler build --build-base /home/agilex/krish_ws/build/nav_handler/build install --record /home/agilex/krish_ws/build/nav_handler/install.log --install-scripts $base/lib/nav_handler --single-version-externally-managed
