[14.556s] DEBUG:colcon:Command line arguments: ['/usr/bin/colcon', 'build', '--packages-select', 'yolov5_ros2']
[14.557s] DEBUG:colcon:Parsed command line arguments: Namespace(allow_overriding=[], ament_cmake_args=None, base_paths=['.'], build_base='build', catkin_cmake_args=None, catkin_skip_building_tests=False, cmake_args=None, cmake_clean_cache=False, cmake_clean_first=False, cmake_force_configure=False, cmake_target=None, cmake_target_skip_unavailable=False, continue_on_error=False, event_handlers=None, executor='parallel', ignore_user_meta=False, install_base='install', log_base=None, log_level=None, main=<bound method BuildVerb.main of <colcon_core.verb.build.BuildVerb object at 0xffffa3b72310>>, merge_install=False, metas=['./colcon.meta'], packages_above=None, packages_above_and_dependencies=None, packages_above_depth=None, packages_end=None, packages_ignore=None, packages_ignore_regex=None, packages_select=['yolov5_ros2'], packages_select_build_failed=False, packages_select_by_dep=None, packages_select_regex=None, packages_select_test_failures=False, packages_skip=None, packages_skip_build_finished=False, packages_skip_by_dep=None, packages_skip_regex=None, packages_skip_test_passed=False, packages_skip_up_to=None, packages_start=None, packages_up_to=None, packages_up_to_regex=None, parallel_workers=6, paths=None, symlink_install=False, test_result_base=None, verb_extension=<colcon_core.verb.build.BuildVerb object at 0xffffa3b72310>, verb_name='build', verb_parser=<colcon_defaults.argument_parser.defaults.DefaultArgumentsDecorator object at 0xffffa3b727f0>)
[15.181s] Level 1:colcon.colcon_core.package_discovery:discover_packages(colcon_meta) check parameters
[15.181s] Level 1:colcon.colcon_core.package_discovery:discover_packages(recursive) check parameters
[15.181s] Level 1:colcon.colcon_core.package_discovery:discover_packages(ignore) check parameters
[15.181s] Level 1:colcon.colcon_core.package_discovery:discover_packages(path) check parameters
[15.181s] Level 1:colcon.colcon_core.package_discovery:discover_packages(colcon_meta) discover
[15.182s] Level 1:colcon.colcon_core.package_discovery:discover_packages(recursive) discover
[15.182s] INFO:colcon.colcon_core.package_discovery:Crawling recursively for packages in '/home/agilex/krish_ws'
[15.182s] Level 1:colcon.colcon_core.package_identification:_identify(.) by extensions ['ignore', 'ignore_ament_install']
[15.182s] Level 1:colcon.colcon_core.package_identification:_identify(.) by extension 'ignore'
[15.182s] Level 1:colcon.colcon_core.package_identification:_identify(.) by extension 'ignore_ament_install'
[15.182s] Level 1:colcon.colcon_core.package_identification:_identify(.) by extensions ['colcon_pkg']
[15.182s] Level 1:colcon.colcon_core.package_identification:_identify(.) by extension 'colcon_pkg'
[15.183s] Level 1:colcon.colcon_core.package_identification:_identify(.) by extensions ['colcon_meta']
[15.183s] Level 1:colcon.colcon_core.package_identification:_identify(.) by extension 'colcon_meta'
[15.183s] Level 1:colcon.colcon_core.package_identification:_identify(.) by extensions ['ros']
[15.183s] Level 1:colcon.colcon_core.package_identification:_identify(.) by extension 'ros'
[15.215s] Level 1:colcon.colcon_core.package_identification:_identify(.) by extensions ['cmake', 'python']
[15.215s] Level 1:colcon.colcon_core.package_identification:_identify(.) by extension 'cmake'
[15.216s] Level 1:colcon.colcon_core.package_identification:_identify(.) by extension 'python'
[15.216s] Level 1:colcon.colcon_core.package_identification:_identify(.) by extensions ['python_setup_py']
[15.216s] Level 1:colcon.colcon_core.package_identification:_identify(.) by extension 'python_setup_py'
[15.216s] Level 1:colcon.colcon_core.package_identification:_identify(build) by extensions ['ignore', 'ignore_ament_install']
[15.216s] Level 1:colcon.colcon_core.package_identification:_identify(build) by extension 'ignore'
[15.216s] Level 1:colcon.colcon_core.package_identification:_identify(build) ignored
[15.217s] Level 1:colcon.colcon_core.package_identification:_identify(install) by extensions ['ignore', 'ignore_ament_install']
[15.217s] Level 1:colcon.colcon_core.package_identification:_identify(install) by extension 'ignore'
[15.217s] Level 1:colcon.colcon_core.package_identification:_identify(install) ignored
[15.217s] Level 1:colcon.colcon_core.package_identification:_identify(log) by extensions ['ignore', 'ignore_ament_install']
[15.217s] Level 1:colcon.colcon_core.package_identification:_identify(log) by extension 'ignore'
[15.217s] Level 1:colcon.colcon_core.package_identification:_identify(log) ignored
[15.218s] Level 1:colcon.colcon_core.package_identification:_identify(src) by extensions ['ignore', 'ignore_ament_install']
[15.218s] Level 1:colcon.colcon_core.package_identification:_identify(src) by extension 'ignore'
[15.218s] Level 1:colcon.colcon_core.package_identification:_identify(src) by extension 'ignore_ament_install'
[15.218s] Level 1:colcon.colcon_core.package_identification:_identify(src) by extensions ['colcon_pkg']
[15.218s] Level 1:colcon.colcon_core.package_identification:_identify(src) by extension 'colcon_pkg'
[15.218s] Level 1:colcon.colcon_core.package_identification:_identify(src) by extensions ['colcon_meta']
[15.218s] Level 1:colcon.colcon_core.package_identification:_identify(src) by extension 'colcon_meta'
[15.218s] Level 1:colcon.colcon_core.package_identification:_identify(src) by extensions ['ros']
[15.218s] Level 1:colcon.colcon_core.package_identification:_identify(src) by extension 'ros'
[15.219s] Level 1:colcon.colcon_core.package_identification:_identify(src) by extensions ['cmake', 'python']
[15.219s] Level 1:colcon.colcon_core.package_identification:_identify(src) by extension 'cmake'
[15.219s] Level 1:colcon.colcon_core.package_identification:_identify(src) by extension 'python'
[15.219s] Level 1:colcon.colcon_core.package_identification:_identify(src) by extensions ['python_setup_py']
[15.219s] Level 1:colcon.colcon_core.package_identification:_identify(src) by extension 'python_setup_py'
[15.219s] Level 1:colcon.colcon_core.package_identification:_identify(src/object_detection) by extensions ['ignore', 'ignore_ament_install']
[15.219s] Level 1:colcon.colcon_core.package_identification:_identify(src/object_detection) by extension 'ignore'
[15.219s] Level 1:colcon.colcon_core.package_identification:_identify(src/object_detection) by extension 'ignore_ament_install'
[15.220s] Level 1:colcon.colcon_core.package_identification:_identify(src/object_detection) by extensions ['colcon_pkg']
[15.220s] Level 1:colcon.colcon_core.package_identification:_identify(src/object_detection) by extension 'colcon_pkg'
[15.220s] Level 1:colcon.colcon_core.package_identification:_identify(src/object_detection) by extensions ['colcon_meta']
[15.220s] Level 1:colcon.colcon_core.package_identification:_identify(src/object_detection) by extension 'colcon_meta'
[15.220s] Level 1:colcon.colcon_core.package_identification:_identify(src/object_detection) by extensions ['ros']
[15.220s] Level 1:colcon.colcon_core.package_identification:_identify(src/object_detection) by extension 'ros'
[15.226s] DEBUG:colcon.colcon_core.package_identification:Package 'src/object_detection' with type 'ros.ament_python' and name 'object_detection'
[15.227s] Level 1:colcon.colcon_core.package_identification:_identify(src/yolo_ros) by extensions ['ignore', 'ignore_ament_install']
[15.227s] Level 1:colcon.colcon_core.package_identification:_identify(src/yolo_ros) by extension 'ignore'
[15.227s] Level 1:colcon.colcon_core.package_identification:_identify(src/yolo_ros) by extension 'ignore_ament_install'
[15.228s] Level 1:colcon.colcon_core.package_identification:_identify(src/yolo_ros) by extensions ['colcon_pkg']
[15.228s] Level 1:colcon.colcon_core.package_identification:_identify(src/yolo_ros) by extension 'colcon_pkg'
[15.228s] Level 1:colcon.colcon_core.package_identification:_identify(src/yolo_ros) by extensions ['colcon_meta']
[15.228s] Level 1:colcon.colcon_core.package_identification:_identify(src/yolo_ros) by extension 'colcon_meta'
[15.228s] Level 1:colcon.colcon_core.package_identification:_identify(src/yolo_ros) by extensions ['ros']
[15.228s] Level 1:colcon.colcon_core.package_identification:_identify(src/yolo_ros) by extension 'ros'
[15.228s] Level 1:colcon.colcon_core.package_identification:_identify(src/yolo_ros) by extensions ['cmake', 'python']
[15.228s] Level 1:colcon.colcon_core.package_identification:_identify(src/yolo_ros) by extension 'cmake'
[15.228s] Level 1:colcon.colcon_core.package_identification:_identify(src/yolo_ros) by extension 'python'
[15.229s] Level 1:colcon.colcon_core.package_identification:_identify(src/yolo_ros) by extensions ['python_setup_py']
[15.229s] Level 1:colcon.colcon_core.package_identification:_identify(src/yolo_ros) by extension 'python_setup_py'
[15.229s] Level 1:colcon.colcon_core.package_identification:_identify(src/yolo_ros/docs) by extensions ['ignore', 'ignore_ament_install']
[15.229s] Level 1:colcon.colcon_core.package_identification:_identify(src/yolo_ros/docs) by extension 'ignore'
[15.229s] Level 1:colcon.colcon_core.package_identification:_identify(src/yolo_ros/docs) by extension 'ignore_ament_install'
[15.229s] Level 1:colcon.colcon_core.package_identification:_identify(src/yolo_ros/docs) by extensions ['colcon_pkg']
[15.230s] Level 1:colcon.colcon_core.package_identification:_identify(src/yolo_ros/docs) by extension 'colcon_pkg'
[15.230s] Level 1:colcon.colcon_core.package_identification:_identify(src/yolo_ros/docs) by extensions ['colcon_meta']
[15.230s] Level 1:colcon.colcon_core.package_identification:_identify(src/yolo_ros/docs) by extension 'colcon_meta'
[15.230s] Level 1:colcon.colcon_core.package_identification:_identify(src/yolo_ros/docs) by extensions ['ros']
[15.230s] Level 1:colcon.colcon_core.package_identification:_identify(src/yolo_ros/docs) by extension 'ros'
[15.230s] Level 1:colcon.colcon_core.package_identification:_identify(src/yolo_ros/docs) by extensions ['cmake', 'python']
[15.230s] Level 1:colcon.colcon_core.package_identification:_identify(src/yolo_ros/docs) by extension 'cmake'
[15.230s] Level 1:colcon.colcon_core.package_identification:_identify(src/yolo_ros/docs) by extension 'python'
[15.230s] Level 1:colcon.colcon_core.package_identification:_identify(src/yolo_ros/docs) by extensions ['python_setup_py']
[15.230s] Level 1:colcon.colcon_core.package_identification:_identify(src/yolo_ros/docs) by extension 'python_setup_py'
[15.231s] Level 1:colcon.colcon_core.package_identification:_identify(src/yolo_ros/yolo_bringup) by extensions ['ignore', 'ignore_ament_install']
[15.231s] Level 1:colcon.colcon_core.package_identification:_identify(src/yolo_ros/yolo_bringup) by extension 'ignore'
[15.231s] Level 1:colcon.colcon_core.package_identification:_identify(src/yolo_ros/yolo_bringup) by extension 'ignore_ament_install'
[15.231s] Level 1:colcon.colcon_core.package_identification:_identify(src/yolo_ros/yolo_bringup) by extensions ['colcon_pkg']
[15.231s] Level 1:colcon.colcon_core.package_identification:_identify(src/yolo_ros/yolo_bringup) by extension 'colcon_pkg'
[15.231s] Level 1:colcon.colcon_core.package_identification:_identify(src/yolo_ros/yolo_bringup) by extensions ['colcon_meta']
[15.231s] Level 1:colcon.colcon_core.package_identification:_identify(src/yolo_ros/yolo_bringup) by extension 'colcon_meta'
[15.231s] Level 1:colcon.colcon_core.package_identification:_identify(src/yolo_ros/yolo_bringup) by extensions ['ros']
[15.232s] Level 1:colcon.colcon_core.package_identification:_identify(src/yolo_ros/yolo_bringup) by extension 'ros'
[15.233s] DEBUG:colcon.colcon_core.package_identification:Package 'src/yolo_ros/yolo_bringup' with type 'ros.ament_cmake' and name 'yolo_bringup'
[15.233s] Level 1:colcon.colcon_core.package_identification:_identify(src/yolo_ros/yolo_msgs) by extensions ['ignore', 'ignore_ament_install']
[15.233s] Level 1:colcon.colcon_core.package_identification:_identify(src/yolo_ros/yolo_msgs) by extension 'ignore'
[15.233s] Level 1:colcon.colcon_core.package_identification:_identify(src/yolo_ros/yolo_msgs) by extension 'ignore_ament_install'
[15.234s] Level 1:colcon.colcon_core.package_identification:_identify(src/yolo_ros/yolo_msgs) by extensions ['colcon_pkg']
[15.234s] Level 1:colcon.colcon_core.package_identification:_identify(src/yolo_ros/yolo_msgs) by extension 'colcon_pkg'
[15.234s] Level 1:colcon.colcon_core.package_identification:_identify(src/yolo_ros/yolo_msgs) by extensions ['colcon_meta']
[15.234s] Level 1:colcon.colcon_core.package_identification:_identify(src/yolo_ros/yolo_msgs) by extension 'colcon_meta'
[15.234s] Level 1:colcon.colcon_core.package_identification:_identify(src/yolo_ros/yolo_msgs) by extensions ['ros']
[15.234s] Level 1:colcon.colcon_core.package_identification:_identify(src/yolo_ros/yolo_msgs) by extension 'ros'
[15.235s] DEBUG:colcon.colcon_core.package_identification:Package 'src/yolo_ros/yolo_msgs' with type 'ros.ament_cmake' and name 'yolo_msgs'
[15.236s] Level 1:colcon.colcon_core.package_identification:_identify(src/yolo_ros/yolo_ros) by extensions ['ignore', 'ignore_ament_install']
[15.236s] Level 1:colcon.colcon_core.package_identification:_identify(src/yolo_ros/yolo_ros) by extension 'ignore'
[15.236s] Level 1:colcon.colcon_core.package_identification:_identify(src/yolo_ros/yolo_ros) by extension 'ignore_ament_install'
[15.236s] Level 1:colcon.colcon_core.package_identification:_identify(src/yolo_ros/yolo_ros) by extensions ['colcon_pkg']
[15.236s] Level 1:colcon.colcon_core.package_identification:_identify(src/yolo_ros/yolo_ros) by extension 'colcon_pkg'
[15.236s] Level 1:colcon.colcon_core.package_identification:_identify(src/yolo_ros/yolo_ros) by extensions ['colcon_meta']
[15.237s] Level 1:colcon.colcon_core.package_identification:_identify(src/yolo_ros/yolo_ros) by extension 'colcon_meta'
[15.237s] Level 1:colcon.colcon_core.package_identification:_identify(src/yolo_ros/yolo_ros) by extensions ['ros']
[15.237s] Level 1:colcon.colcon_core.package_identification:_identify(src/yolo_ros/yolo_ros) by extension 'ros'
[15.238s] DEBUG:colcon.colcon_core.package_identification:Package 'src/yolo_ros/yolo_ros' with type 'ros.ament_python' and name 'yolo_ros'
[15.238s] Level 1:colcon.colcon_core.package_identification:_identify(src/yolov5_ros2) by extensions ['ignore', 'ignore_ament_install']
[15.239s] Level 1:colcon.colcon_core.package_identification:_identify(src/yolov5_ros2) by extension 'ignore'
[15.239s] Level 1:colcon.colcon_core.package_identification:_identify(src/yolov5_ros2) by extension 'ignore_ament_install'
[15.239s] Level 1:colcon.colcon_core.package_identification:_identify(src/yolov5_ros2) by extensions ['colcon_pkg']
[15.239s] Level 1:colcon.colcon_core.package_identification:_identify(src/yolov5_ros2) by extension 'colcon_pkg'
[15.239s] Level 1:colcon.colcon_core.package_identification:_identify(src/yolov5_ros2) by extensions ['colcon_meta']
[15.239s] Level 1:colcon.colcon_core.package_identification:_identify(src/yolov5_ros2) by extension 'colcon_meta'
[15.239s] Level 1:colcon.colcon_core.package_identification:_identify(src/yolov5_ros2) by extensions ['ros']
[15.239s] Level 1:colcon.colcon_core.package_identification:_identify(src/yolov5_ros2) by extension 'ros'
[15.241s] DEBUG:colcon.colcon_core.package_identification:Package 'src/yolov5_ros2' with type 'ros.ament_python' and name 'yolov5_ros2'
[15.241s] Level 1:colcon.colcon_core.package_discovery:discover_packages(recursive) using defaults
[15.241s] Level 1:colcon.colcon_core.package_discovery:discover_packages(ignore) discover
[15.241s] Level 1:colcon.colcon_core.package_discovery:discover_packages(ignore) using defaults
[15.241s] Level 1:colcon.colcon_core.package_discovery:discover_packages(path) discover
[15.241s] Level 1:colcon.colcon_core.package_discovery:discover_packages(path) using defaults
[16.035s] INFO:colcon.colcon_core.package_selection:Skipping not selected package 'object_detection' in 'src/object_detection'
[16.035s] INFO:colcon.colcon_core.package_selection:Skipping not selected package 'yolo_msgs' in 'src/yolo_ros/yolo_msgs'
[16.035s] INFO:colcon.colcon_core.package_selection:Skipping not selected package 'yolo_ros' in 'src/yolo_ros/yolo_ros'
[16.035s] INFO:colcon.colcon_core.package_selection:Skipping not selected package 'yolo_bringup' in 'src/yolo_ros/yolo_bringup'
[16.527s] Level 1:colcon.colcon_core.package_discovery:discover_packages(prefix_path) check parameters
[16.527s] Level 1:colcon.colcon_core.package_discovery:discover_packages(prefix_path) discover
[17.032s] DEBUG:colcon.colcon_installed_package_information.package_discovery:Found 71 installed packages in /home/agilex/limo_ros2_ws/install
[17.281s] DEBUG:colcon.colcon_installed_package_information.package_discovery:Found 358 installed packages in /opt/ros/foxy
[17.287s] Level 1:colcon.colcon_core.package_discovery:discover_packages(prefix_path) using defaults
[17.967s] Level 5:colcon.colcon_core.verb:set package 'yolov5_ros2' build argument 'cmake_args' from command line to 'None'
[17.967s] Level 5:colcon.colcon_core.verb:set package 'yolov5_ros2' build argument 'cmake_target' from command line to 'None'
[17.967s] Level 5:colcon.colcon_core.verb:set package 'yolov5_ros2' build argument 'cmake_target_skip_unavailable' from command line to 'False'
[17.967s] Level 5:colcon.colcon_core.verb:set package 'yolov5_ros2' build argument 'cmake_clean_cache' from command line to 'False'
[17.967s] Level 5:colcon.colcon_core.verb:set package 'yolov5_ros2' build argument 'cmake_clean_first' from command line to 'False'
[17.967s] Level 5:colcon.colcon_core.verb:set package 'yolov5_ros2' build argument 'cmake_force_configure' from command line to 'False'
[17.967s] Level 5:colcon.colcon_core.verb:set package 'yolov5_ros2' build argument 'ament_cmake_args' from command line to 'None'
[17.967s] Level 5:colcon.colcon_core.verb:set package 'yolov5_ros2' build argument 'catkin_cmake_args' from command line to 'None'
[17.967s] Level 5:colcon.colcon_core.verb:set package 'yolov5_ros2' build argument 'catkin_skip_building_tests' from command line to 'False'
[17.968s] DEBUG:colcon.colcon_core.verb:Building package 'yolov5_ros2' with the following arguments: {'ament_cmake_args': None, 'build_base': '/home/agilex/krish_ws/build/yolov5_ros2', 'catkin_cmake_args': None, 'catkin_skip_building_tests': False, 'cmake_args': None, 'cmake_clean_cache': False, 'cmake_clean_first': False, 'cmake_force_configure': False, 'cmake_target': None, 'cmake_target_skip_unavailable': False, 'install_base': '/home/agilex/krish_ws/install/yolov5_ros2', 'merge_install': False, 'path': '/home/agilex/krish_ws/src/yolov5_ros2', 'symlink_install': False, 'test_result_base': None}
[18.213s] INFO:colcon.colcon_core.executor:Executing jobs using 'parallel' executor
[18.460s] DEBUG:colcon.colcon_parallel_executor.executor.parallel:run_until_complete
[18.461s] INFO:colcon.colcon_ros.task.ament_python.build:Building ROS package in '/home/agilex/krish_ws/src/yolov5_ros2' with build type 'ament_python'
[18.461s] Level 1:colcon.colcon_core.shell:create_environment_hook('yolov5_ros2', 'ament_prefix_path')
[18.723s] INFO:colcon.colcon_core.plugin_system:Skipping extension 'colcon_core.shell.bat': Not used on non-Windows systems
[18.723s] INFO:colcon.colcon_core.shell:Creating environment hook '/home/agilex/krish_ws/install/yolov5_ros2/share/yolov5_ros2/hook/ament_prefix_path.ps1'
[18.726s] INFO:colcon.colcon_core.shell:Creating environment descriptor '/home/agilex/krish_ws/install/yolov5_ros2/share/yolov5_ros2/hook/ament_prefix_path.dsv'
[18.727s] INFO:colcon.colcon_core.shell:Creating environment hook '/home/agilex/krish_ws/install/yolov5_ros2/share/yolov5_ros2/hook/ament_prefix_path.sh'
[18.981s] INFO:colcon.colcon_core.shell:Skip shell extension 'powershell' for command environment: Not usable outside of PowerShell
[18.981s] DEBUG:colcon.colcon_core.shell:Skip shell extension 'dsv' for command environment
[20.295s] WARNING:colcon.colcon_ros.task.ament_python.build:Package 'yolov5_ros2' doesn't explicitly install a marker in the package index (colcon-ros currently does it implicitly but that fallback will be removed in the future)
[20.296s] INFO:colcon.colcon_core.task.python.build:Building Python package in '/home/agilex/krish_ws/src/yolov5_ros2'
[20.554s] INFO:colcon.colcon_core.shell:Skip shell extension 'powershell' for command environment: Not usable outside of PowerShell
[20.554s] DEBUG:colcon.colcon_core.shell:Skip shell extension 'dsv' for command environment
[22.984s] DEBUG:colcon.colcon_core.event_handler.log_command:Invoking command in '/home/agilex/krish_ws/src/yolov5_ros2': PYTHONPATH=/home/agilex/krish_ws/build/yolov5_ros2/prefix_override:/home/agilex/krish_ws/install/yolov5_ros2/lib/python3.8/site-packages:${PYTHONPATH} /usr/bin/python3 setup.py egg_info --egg-base ../../build/yolov5_ros2 build --build-base /home/agilex/krish_ws/build/yolov5_ros2/build install --record /home/agilex/krish_ws/build/yolov5_ros2/install.log --single-version-externally-managed
[24.299s] DEBUG:colcon.colcon_core.event_handler.log_command:Invoked command in '/home/agilex/krish_ws/src/yolov5_ros2' returned '0': PYTHONPATH=/home/agilex/krish_ws/build/yolov5_ros2/prefix_override:/home/agilex/krish_ws/install/yolov5_ros2/lib/python3.8/site-packages:${PYTHONPATH} /usr/bin/python3 setup.py egg_info --egg-base ../../build/yolov5_ros2 build --build-base /home/agilex/krish_ws/build/yolov5_ros2/build install --record /home/agilex/krish_ws/build/yolov5_ros2/install.log --single-version-externally-managed
[24.579s] Level 1:colcon.colcon_core.environment:checking '/home/agilex/krish_ws/install/yolov5_ros2' for CMake module files
[24.580s] Level 1:colcon.colcon_core.environment:checking '/home/agilex/krish_ws/install/yolov5_ros2' for CMake config files
[24.582s] Level 1:colcon.colcon_core.environment:checking '/home/agilex/krish_ws/install/yolov5_ros2/lib'
[24.582s] Level 1:colcon.colcon_core.environment:checking '/home/agilex/krish_ws/install/yolov5_ros2/bin'
[24.582s] Level 1:colcon.colcon_core.environment:checking '/home/agilex/krish_ws/install/yolov5_ros2/lib/pkgconfig/yolov5_ros2.pc'
[24.583s] Level 1:colcon.colcon_core.environment:checking '/home/agilex/krish_ws/install/yolov5_ros2/lib/python3.8/site-packages'
[24.583s] Level 1:colcon.colcon_core.shell:create_environment_hook('yolov5_ros2', 'pythonpath')
[24.834s] INFO:colcon.colcon_core.shell:Creating environment hook '/home/agilex/krish_ws/install/yolov5_ros2/share/yolov5_ros2/hook/pythonpath.ps1'
[24.835s] INFO:colcon.colcon_core.shell:Creating environment descriptor '/home/agilex/krish_ws/install/yolov5_ros2/share/yolov5_ros2/hook/pythonpath.dsv'
[24.836s] INFO:colcon.colcon_core.shell:Creating environment hook '/home/agilex/krish_ws/install/yolov5_ros2/share/yolov5_ros2/hook/pythonpath.sh'
[24.837s] Level 1:colcon.colcon_core.environment:checking '/home/agilex/krish_ws/install/yolov5_ros2/bin'
[24.837s] Level 1:colcon.colcon_core.environment:create_environment_scripts_only(yolov5_ros2)
[25.087s] INFO:colcon.colcon_core.shell:Creating package script '/home/agilex/krish_ws/install/yolov5_ros2/share/yolov5_ros2/package.ps1'
[25.090s] INFO:colcon.colcon_core.shell:Creating package descriptor '/home/agilex/krish_ws/install/yolov5_ros2/share/yolov5_ros2/package.dsv'
[25.091s] INFO:colcon.colcon_core.shell:Creating package script '/home/agilex/krish_ws/install/yolov5_ros2/share/yolov5_ros2/package.sh'
[25.093s] INFO:colcon.colcon_core.shell:Creating package script '/home/agilex/krish_ws/install/yolov5_ros2/share/yolov5_ros2/package.bash'
[25.095s] INFO:colcon.colcon_core.shell:Creating package script '/home/agilex/krish_ws/install/yolov5_ros2/share/yolov5_ros2/package.zsh'
[25.096s] Level 1:colcon.colcon_core.environment:create_file_with_runtime_dependencies(/home/agilex/krish_ws/install/yolov5_ros2/share/colcon-core/packages/yolov5_ros2)
[25.098s] DEBUG:colcon.colcon_parallel_executor.executor.parallel:closing loop
[25.098s] DEBUG:colcon.colcon_parallel_executor.executor.parallel:loop closed
[25.098s] DEBUG:colcon.colcon_parallel_executor.executor.parallel:run_until_complete finished with '0'
[25.099s] DEBUG:colcon.colcon_core.event_reactor:joining thread
[25.392s] INFO:colcon.colcon_core.plugin_system:Skipping extension 'colcon_notification.desktop_notification.terminal_notifier': Not used on non-Darwin systems
[25.393s] INFO:colcon.colcon_core.plugin_system:Skipping extension 'colcon_notification.desktop_notification.win32': Not used on non-Windows systems
[25.393s] INFO:colcon.colcon_notification.desktop_notification:Sending desktop notification using 'notify2'
[25.440s] DEBUG:colcon.colcon_core.event_reactor:joined thread
[25.700s] INFO:colcon.colcon_core.shell:Creating prefix script '/home/agilex/krish_ws/install/local_setup.ps1'
[25.702s] INFO:colcon.colcon_core.shell:Creating prefix util module '/home/agilex/krish_ws/install/_local_setup_util_ps1.py'
[25.705s] INFO:colcon.colcon_core.shell:Creating prefix chain script '/home/agilex/krish_ws/install/setup.ps1'
[25.960s] INFO:colcon.colcon_core.shell:Creating prefix script '/home/agilex/krish_ws/install/local_setup.sh'
[25.962s] INFO:colcon.colcon_core.shell:Creating prefix util module '/home/agilex/krish_ws/install/_local_setup_util_sh.py'
[25.963s] INFO:colcon.colcon_core.shell:Creating prefix chain script '/home/agilex/krish_ws/install/setup.sh'
[26.219s] INFO:colcon.colcon_core.shell:Creating prefix script '/home/agilex/krish_ws/install/local_setup.bash'
[26.220s] INFO:colcon.colcon_core.shell:Creating prefix chain script '/home/agilex/krish_ws/install/setup.bash'
[26.475s] INFO:colcon.colcon_core.shell:Creating prefix script '/home/agilex/krish_ws/install/local_setup.zsh'
[26.477s] INFO:colcon.colcon_core.shell:Creating prefix chain script '/home/agilex/krish_ws/install/setup.zsh'
