[5.872s] Invoking command in '/home/agilex/krish_ws/src/nav_handler': PYTHONPATH=/home/agilex/krish_ws/build/nav_handler/prefix_override:/home/agilex/krish_ws/install/nav_handler/lib/python3.8/site-packages:${PYTHONPATH} /usr/bin/python3 setup.py egg_info --egg-base ../../build/nav_handler build --build-base /home/agilex/krish_ws/build/nav_handler/build install --record /home/agilex/krish_ws/build/nav_handler/install.log --install-scripts $base/lib/nav_handler --single-version-externally-managed
[6.304s] /home/agilex/.local/lib/python3.8/site-packages/setuptools/dist.py:476: SetuptoolsDeprecationWarning: Invalid dash-separated options
[6.305s] !!
[6.305s] 
[6.305s]         ********************************************************************************
[6.305s]         Usage of dash-separated 'script-dir' will not be supported in future
[6.305s]         versions. Please use the underscore name 'script_dir' instead.
[6.305s] 
[6.305s]         This deprecation is overdue, please update your project and remove deprecated
[6.306s]         calls to avoid build errors in the future.
[6.306s] 
[6.306s]         See https://setuptools.pypa.io/en/latest/userguide/declarative_config.html for details.
[6.306s]         ********************************************************************************
[6.306s] 
[6.306s] !!
[6.306s]   opt = self.warn_dash_deprecation(opt, section)
[6.584s] running egg_info
[6.631s] writing ../../build/nav_handler/nav_handler.egg-info/PKG-INFO
[6.633s] writing dependency_links to ../../build/nav_handler/nav_handler.egg-info/dependency_links.txt
[6.633s] writing entry points to ../../build/nav_handler/nav_handler.egg-info/entry_points.txt
[6.633s] writing requirements to ../../build/nav_handler/nav_handler.egg-info/requires.txt
[6.634s] writing top-level names to ../../build/nav_handler/nav_handler.egg-info/top_level.txt
[6.992s] reading manifest file '../../build/nav_handler/nav_handler.egg-info/SOURCES.txt'
[6.994s] writing manifest file '../../build/nav_handler/nav_handler.egg-info/SOURCES.txt'
[6.995s] running build
[6.996s] running build_py
[6.997s] copying nav_handler/__init__.py -> /home/agilex/krish_ws/build/nav_handler/build/lib/nav_handler
[6.997s] copying nav_handler/manual_object_nav_test.py -> /home/agilex/krish_ws/build/nav_handler/build/lib/nav_handler
[6.997s] copying nav_handler/pose_setter.py -> /home/agilex/krish_ws/build/nav_handler/build/lib/nav_handler
[6.998s] copying nav_handler/nav_handler.py -> /home/agilex/krish_ws/build/nav_handler/build/lib/nav_handler
[6.999s] running install
[7.000s] /home/agilex/.local/lib/python3.8/site-packages/setuptools/_distutils/cmd.py:66: SetuptoolsDeprecationWarning: setup.py install is deprecated.
[7.000s] !!
[7.000s] 
[7.000s]         ********************************************************************************
[7.000s]         Please avoid running ``setup.py`` directly.
[7.000s]         Instead, use pypa/build, pypa/installer or other
[7.000s]         standards-based tools.
[7.001s] 
[7.001s]         See https://blog.ganssle.io/articles/2021/10/setup-py-deprecated.html for details.
[7.001s]         ********************************************************************************
[7.001s] 
[7.001s] !!
[7.001s]   self.initialize_options()
[7.013s] running install_lib
[7.059s] copying /home/agilex/krish_ws/build/nav_handler/build/lib/nav_handler/nav_handler.py -> /home/agilex/krish_ws/install/nav_handler/lib/python3.8/site-packages/nav_handler
[7.061s] byte-compiling /home/agilex/krish_ws/install/nav_handler/lib/python3.8/site-packages/nav_handler/nav_handler.py to nav_handler.cpython-38.pyc
[7.064s] running install_data
[7.111s] copying resource/nav_handler -> /home/agilex/krish_ws/install/nav_handler/share/ament_index/resource_index/packages
[7.112s] copying package.xml -> /home/agilex/krish_ws/install/nav_handler/share/nav_handler
[7.112s] running install_egg_info
[7.159s] removing '/home/agilex/krish_ws/install/nav_handler/lib/python3.8/site-packages/nav_handler-0.0.0-py3.8.egg-info' (and everything under it)
[7.160s] Copying ../../build/nav_handler/nav_handler.egg-info to /home/agilex/krish_ws/install/nav_handler/lib/python3.8/site-packages/nav_handler-0.0.0-py3.8.egg-info
[7.162s] running install_scripts
[7.275s] Installing nav_handler script to /home/agilex/krish_ws/install/nav_handler/lib/nav_handler
[7.275s] Installing pose_setter script to /home/agilex/krish_ws/install/nav_handler/lib/nav_handler
[7.275s] Installing test script to /home/agilex/krish_ws/install/nav_handler/lib/nav_handler
[7.276s] writing list of installed files to '/home/agilex/krish_ws/build/nav_handler/install.log'
[7.369s] Invoked command in '/home/agilex/krish_ws/src/nav_handler' returned '0': PYTHONPATH=/home/agilex/krish_ws/build/nav_handler/prefix_override:/home/agilex/krish_ws/install/nav_handler/lib/python3.8/site-packages:${PYTHONPATH} /usr/bin/python3 setup.py egg_info --egg-base ../../build/nav_handler build --build-base /home/agilex/krish_ws/build/nav_handler/build install --record /home/agilex/krish_ws/build/nav_handler/install.log --install-scripts $base/lib/nav_handler --single-version-externally-managed
