[5.598s] Invoking command in '/home/agilex/krish_ws/src/nav_handler': PYTHONPATH=/home/agilex/krish_ws/build/nav_handler/prefix_override:/home/agilex/krish_ws/install/nav_handler/lib/python3.8/site-packages:${PYTHONPATH} /usr/bin/python3 setup.py egg_info --egg-base ../../build/nav_handler build --build-base /home/agilex/krish_ws/build/nav_handler/build install --record /home/agilex/krish_ws/build/nav_handler/install.log --install-scripts $base/lib/nav_handler --single-version-externally-managed
[6.000s] /home/agilex/.local/lib/python3.8/site-packages/setuptools/dist.py:476: SetuptoolsDeprecationWarning: Invalid dash-separated options
[6.000s] !!
[6.000s] 
[6.000s]         ********************************************************************************
[6.000s]         Usage of dash-separated 'script-dir' will not be supported in future
[6.000s]         versions. Please use the underscore name 'script_dir' instead.
[6.001s] 
[6.001s]         This deprecation is overdue, please update your project and remove deprecated
[6.001s]         calls to avoid build errors in the future.
[6.001s] 
[6.001s]         See https://setuptools.pypa.io/en/latest/userguide/declarative_config.html for details.
[6.001s]         ********************************************************************************
[6.001s] 
[6.001s] !!
[6.002s]   opt = self.warn_dash_deprecation(opt, section)
[6.294s] running egg_info
[6.340s] writing ../../build/nav_handler/nav_handler.egg-info/PKG-INFO
[6.341s] writing dependency_links to ../../build/nav_handler/nav_handler.egg-info/dependency_links.txt
[6.341s] writing entry points to ../../build/nav_handler/nav_handler.egg-info/entry_points.txt
[6.342s] writing requirements to ../../build/nav_handler/nav_handler.egg-info/requires.txt
[6.342s] writing top-level names to ../../build/nav_handler/nav_handler.egg-info/top_level.txt
[6.721s] reading manifest file '../../build/nav_handler/nav_handler.egg-info/SOURCES.txt'
[6.722s] writing manifest file '../../build/nav_handler/nav_handler.egg-info/SOURCES.txt'
[6.723s] running build
[6.723s] running build_py
[6.723s] copying nav_handler/__init__.py -> /home/agilex/krish_ws/build/nav_handler/build/lib/nav_handler
[6.724s] copying nav_handler/manual_object_nav_test.py -> /home/agilex/krish_ws/build/nav_handler/build/lib/nav_handler
[6.725s] copying nav_handler/pose_setter.py -> /home/agilex/krish_ws/build/nav_handler/build/lib/nav_handler
[6.725s] copying nav_handler/nav_handler.py -> /home/agilex/krish_ws/build/nav_handler/build/lib/nav_handler
[6.726s] running install
[6.727s] /home/agilex/.local/lib/python3.8/site-packages/setuptools/_distutils/cmd.py:66: SetuptoolsDeprecationWarning: setup.py install is deprecated.
[6.727s] !!
[6.727s] 
[6.727s]         ********************************************************************************
[6.727s]         Please avoid running ``setup.py`` directly.
[6.728s]         Instead, use pypa/build, pypa/installer or other
[6.728s]         standards-based tools.
[6.728s] 
[6.728s]         See https://blog.ganssle.io/articles/2021/10/setup-py-deprecated.html for details.
[6.728s]         ********************************************************************************
[6.728s] 
[6.728s] !!
[6.728s]   self.initialize_options()
[6.739s] running install_lib
[6.788s] copying /home/agilex/krish_ws/build/nav_handler/build/lib/nav_handler/nav_handler.py -> /home/agilex/krish_ws/install/nav_handler/lib/python3.8/site-packages/nav_handler
[6.792s] byte-compiling /home/agilex/krish_ws/install/nav_handler/lib/python3.8/site-packages/nav_handler/nav_handler.py to nav_handler.cpython-38.pyc
[6.797s] running install_data
[6.841s] copying resource/nav_handler -> /home/agilex/krish_ws/install/nav_handler/share/ament_index/resource_index/packages
[6.841s] copying package.xml -> /home/agilex/krish_ws/install/nav_handler/share/nav_handler
[6.841s] running install_egg_info
[6.895s] removing '/home/agilex/krish_ws/install/nav_handler/lib/python3.8/site-packages/nav_handler-0.0.0-py3.8.egg-info' (and everything under it)
[6.896s] Copying ../../build/nav_handler/nav_handler.egg-info to /home/agilex/krish_ws/install/nav_handler/lib/python3.8/site-packages/nav_handler-0.0.0-py3.8.egg-info
[6.898s] running install_scripts
[7.014s] Installing nav_handler script to /home/agilex/krish_ws/install/nav_handler/lib/nav_handler
[7.014s] Installing pose_setter script to /home/agilex/krish_ws/install/nav_handler/lib/nav_handler
[7.015s] Installing test script to /home/agilex/krish_ws/install/nav_handler/lib/nav_handler
[7.015s] writing list of installed files to '/home/agilex/krish_ws/build/nav_handler/install.log'
[7.110s] Invoked command in '/home/agilex/krish_ws/src/nav_handler' returned '0': PYTHONPATH=/home/agilex/krish_ws/build/nav_handler/prefix_override:/home/agilex/krish_ws/install/nav_handler/lib/python3.8/site-packages:${PYTHONPATH} /usr/bin/python3 setup.py egg_info --egg-base ../../build/nav_handler build --build-base /home/agilex/krish_ws/build/nav_handler/build install --record /home/agilex/krish_ws/build/nav_handler/install.log --install-scripts $base/lib/nav_handler --single-version-externally-managed
