/home/agilex/.local/lib/python3.8/site-packages/setuptools/dist.py:476: SetuptoolsDeprecationWarning: Invalid dash-separated options
!!

        ********************************************************************************
        Usage of dash-separated 'script-dir' will not be supported in future
        versions. Please use the underscore name 'script_dir' instead.

        This deprecation is overdue, please update your project and remove deprecated
        calls to avoid build errors in the future.

        See https://setuptools.pypa.io/en/latest/userguide/declarative_config.html for details.
        ********************************************************************************

!!
  opt = self.warn_dash_deprecation(opt, section)
running egg_info
writing ../../build/detection_handler/detection_handler.egg-info/PKG-INFO
writing dependency_links to ../../build/detection_handler/detection_handler.egg-info/dependency_links.txt
writing entry points to ../../build/detection_handler/detection_handler.egg-info/entry_points.txt
writing requirements to ../../build/detection_handler/detection_handler.egg-info/requires.txt
writing top-level names to ../../build/detection_handler/detection_handler.egg-info/top_level.txt
reading manifest file '../../build/detection_handler/detection_handler.egg-info/SOURCES.txt'
writing manifest file '../../build/detection_handler/detection_handler.egg-info/SOURCES.txt'
running build
running build_py
copying detection_handler/__init__.py -> /home/agilex/krish_ws/build/detection_handler/build/lib/detection_handler
copying detection_handler/detection_handler.py -> /home/agilex/krish_ws/build/detection_handler/build/lib/detection_handler
running install
/home/agilex/.local/lib/python3.8/site-packages/setuptools/_distutils/cmd.py:66: SetuptoolsDeprecationWarning: setup.py install is deprecated.
!!

        ********************************************************************************
        Please avoid running ``setup.py`` directly.
        Instead, use pypa/build, pypa/installer or other
        standards-based tools.

        See https://blog.ganssle.io/articles/2021/10/setup-py-deprecated.html for details.
        ********************************************************************************

!!
  self.initialize_options()
running install_lib
running install_data
copying resource/detection_handler -> /home/agilex/krish_ws/install/detection_handler/share/ament_index/resource_index/packages
copying package.xml -> /home/agilex/krish_ws/install/detection_handler/share/detection_handler
running install_egg_info
removing '/home/agilex/krish_ws/install/detection_handler/lib/python3.8/site-packages/detection_handler-0.0.0-py3.8.egg-info' (and everything under it)
Copying ../../build/detection_handler/detection_handler.egg-info to /home/agilex/krish_ws/install/detection_handler/lib/python3.8/site-packages/detection_handler-0.0.0-py3.8.egg-info
running install_scripts
Installing detection_handler script to /home/agilex/krish_ws/install/detection_handler/lib/detection_handler
writing list of installed files to '/home/agilex/krish_ws/build/detection_handler/install.log'
