running egg_info
writing ../../build/yolov5_ros2/yolov5_ros2.egg-info/PKG-INFO
writing dependency_links to ../../build/yolov5_ros2/yolov5_ros2.egg-info/dependency_links.txt
writing entry points to ../../build/yolov5_ros2/yolov5_ros2.egg-info/entry_points.txt
writing requirements to ../../build/yolov5_ros2/yolov5_ros2.egg-info/requires.txt
writing top-level names to ../../build/yolov5_ros2/yolov5_ros2.egg-info/top_level.txt
reading manifest file '../../build/yolov5_ros2/yolov5_ros2.egg-info/SOURCES.txt'
writing manifest file '../../build/yolov5_ros2/yolov5_ros2.egg-info/SOURCES.txt'
running build
running build_py
copying yolov5_ros2/yolo_detect_2d (copy).py -> /home/agilex/krish_ws/build/yolov5_ros2/build/lib/yolov5_ros2
copying yolov5_ros2/yolo_detect_2d.py -> /home/agilex/krish_ws/build/yolov5_ros2/build/lib/yolov5_ros2
copying yolov5_ros2/yolo_detect_2d (copy).py -> /home/agilex/krish_ws/build/yolov5_ros2/build/lib/yolov5_ros2
running install
/home/agilex/.local/lib/python3.8/site-packages/setuptools/_distutils/cmd.py:66: SetuptoolsDeprecationWarning: setup.py install is deprecated.
!!

        ********************************************************************************
        Please avoid running ``setup.py`` directly.
        Instead, use pypa/build, pypa/installer or other
        standards-based tools.

        See https://blog.ganssle.io/articles/2021/10/setup-py-deprecated.html for details.
        ********************************************************************************

!!
  self.initialize_options()
running install_lib
copying /home/agilex/krish_ws/build/yolov5_ros2/build/lib/yolov5_ros2/yolo_detect_2d (copy).py -> /home/agilex/krish_ws/install/yolov5_ros2/lib/python3.8/site-packages/yolov5_ros2
copying /home/agilex/krish_ws/build/yolov5_ros2/build/lib/yolov5_ros2/yolo_detect_2d.py -> /home/agilex/krish_ws/install/yolov5_ros2/lib/python3.8/site-packages/yolov5_ros2
byte-compiling /home/agilex/krish_ws/install/yolov5_ros2/lib/python3.8/site-packages/yolov5_ros2/yolo_detect_2d (copy).py to yolo_detect_2d (copy).cpython-38.pyc
byte-compiling /home/agilex/krish_ws/install/yolov5_ros2/lib/python3.8/site-packages/yolov5_ros2/yolo_detect_2d.py to yolo_detect_2d.cpython-38.pyc
running install_data
copying launch/yolov5_fixed.launch.py -> /home/agilex/krish_ws/install/yolov5_ros2/share/yolov5_ros2/launch
running install_egg_info
removing '/home/agilex/krish_ws/install/yolov5_ros2/lib/python3.8/site-packages/yolov5_ros2-0.0.0-py3.8.egg-info' (and everything under it)
Copying ../../build/yolov5_ros2/yolov5_ros2.egg-info to /home/agilex/krish_ws/install/yolov5_ros2/lib/python3.8/site-packages/yolov5_ros2-0.0.0-py3.8.egg-info
running install_scripts
Installing yolo_detect_2d script to /home/agilex/krish_ws/install/yolov5_ros2/lib/yolov5_ros2
writing list of installed files to '/home/agilex/krish_ws/build/yolov5_ros2/install.log'
