[5.441s] Invoking command in '/home/agilex/krish_ws/src/object_detector': PYTHONPATH=/home/agilex/krish_ws/build/object_detector/prefix_override:/home/agilex/krish_ws/install/object_detector/lib/python3.8/site-packages:${PYTHONPATH} /usr/bin/python3 setup.py egg_info --egg-base ../../build/object_detector build --build-base /home/agilex/krish_ws/build/object_detector/build install --record /home/agilex/krish_ws/build/object_detector/install.log --install-scripts $base/lib/object_detector --single-version-externally-managed
[5.824s] /home/agilex/.local/lib/python3.8/site-packages/setuptools/dist.py:476: SetuptoolsDeprecationWarning: Invalid dash-separated options
[5.824s] !!
[5.824s] 
[5.824s]         ********************************************************************************
[5.825s]         Usage of dash-separated 'script-dir' will not be supported in future
[5.825s]         versions. Please use the underscore name 'script_dir' instead.
[5.825s] 
[5.825s]         This deprecation is overdue, please update your project and remove deprecated
[5.825s]         calls to avoid build errors in the future.
[5.825s] 
[5.825s]         See https://setuptools.pypa.io/en/latest/userguide/declarative_config.html for details.
[5.825s]         ********************************************************************************
[5.826s] 
[5.826s] !!
[5.826s]   opt = self.warn_dash_deprecation(opt, section)
[6.098s] running egg_info
[6.143s] writing ../../build/object_detector/object_detector.egg-info/PKG-INFO
[6.144s] writing dependency_links to ../../build/object_detector/object_detector.egg-info/dependency_links.txt
[6.144s] writing entry points to ../../build/object_detector/object_detector.egg-info/entry_points.txt
[6.145s] writing requirements to ../../build/object_detector/object_detector.egg-info/requires.txt
[6.145s] writing top-level names to ../../build/object_detector/object_detector.egg-info/top_level.txt
[6.495s] reading manifest file '../../build/object_detector/object_detector.egg-info/SOURCES.txt'
[6.497s] writing manifest file '../../build/object_detector/object_detector.egg-info/SOURCES.txt'
[6.497s] running build
[6.497s] running build_py
[6.498s] copying object_detector/__init__.py -> /home/agilex/krish_ws/build/object_detector/build/lib/object_detector
[6.498s] copying object_detector/object_detector.py -> /home/agilex/krish_ws/build/object_detector/build/lib/object_detector
[6.499s] copying object_detector/test.py -> /home/agilex/krish_ws/build/object_detector/build/lib/object_detector
[6.499s] running install
[6.500s] /home/agilex/.local/lib/python3.8/site-packages/setuptools/_distutils/cmd.py:66: SetuptoolsDeprecationWarning: setup.py install is deprecated.
[6.500s] !!
[6.500s] 
[6.500s]         ********************************************************************************
[6.500s]         Please avoid running ``setup.py`` directly.
[6.500s]         Instead, use pypa/build, pypa/installer or other
[6.501s]         standards-based tools.
[6.501s] 
[6.501s]         See https://blog.ganssle.io/articles/2021/10/setup-py-deprecated.html for details.
[6.501s]         ********************************************************************************
[6.501s] 
[6.501s] !!
[6.501s]   self.initialize_options()
[6.512s] running install_lib
[6.557s] copying /home/agilex/krish_ws/build/object_detector/build/lib/object_detector/object_detector.py -> /home/agilex/krish_ws/install/object_detector/lib/python3.8/site-packages/object_detector
[6.559s] byte-compiling /home/agilex/krish_ws/install/object_detector/lib/python3.8/site-packages/object_detector/object_detector.py to object_detector.cpython-38.pyc
[6.563s] running install_data
[6.608s] copying resource/object_detector -> /home/agilex/krish_ws/install/object_detector/share/ament_index/resource_index/packages
[6.609s] copying package.xml -> /home/agilex/krish_ws/install/object_detector/share/object_detector
[6.609s] running install_egg_info
[6.655s] removing '/home/agilex/krish_ws/install/object_detector/lib/python3.8/site-packages/object_detector-0.0.0-py3.8.egg-info' (and everything under it)
[6.656s] Copying ../../build/object_detector/object_detector.egg-info to /home/agilex/krish_ws/install/object_detector/lib/python3.8/site-packages/object_detector-0.0.0-py3.8.egg-info
[6.658s] running install_scripts
[6.767s] Installing test script to /home/agilex/krish_ws/install/object_detector/lib/object_detector
[6.768s] Installing yolo_detector script to /home/agilex/krish_ws/install/object_detector/lib/object_detector
[6.769s] writing list of installed files to '/home/agilex/krish_ws/build/object_detector/install.log'
[6.850s] Invoked command in '/home/agilex/krish_ws/src/object_detector' returned '0': PYTHONPATH=/home/agilex/krish_ws/build/object_detector/prefix_override:/home/agilex/krish_ws/install/object_detector/lib/python3.8/site-packages:${PYTHONPATH} /usr/bin/python3 setup.py egg_info --egg-base ../../build/object_detector build --build-base /home/agilex/krish_ws/build/object_detector/build install --record /home/agilex/krish_ws/build/object_detector/install.log --install-scripts $base/lib/object_detector --single-version-externally-managed
