/home/agilex/.local/lib/python3.8/site-packages/setuptools/dist.py:476: SetuptoolsDeprecationWarning: Invalid dash-separated options
!!

        ********************************************************************************
        Usage of dash-separated 'script-dir' will not be supported in future
        versions. Please use the underscore name 'script_dir' instead.

        This deprecation is overdue, please update your project and remove deprecated
        calls to avoid build errors in the future.

        See https://setuptools.pypa.io/en/latest/userguide/declarative_config.html for details.
        ********************************************************************************

!!
  opt = self.warn_dash_deprecation(opt, section)
running develop
/home/agilex/.local/lib/python3.8/site-packages/setuptools/command/develop.py:40: EasyInstallDeprecationWarning: easy_install command is deprecated.
!!

        ********************************************************************************
        Please avoid running ``setup.py`` and ``easy_install``.
        Instead, use pypa/build, pypa/installer or other
        standards-based tools.

        See https://github.com/pypa/setuptools/issues/917 for details.
        ********************************************************************************

!!
  easy_install.initialize_options(self)
/home/agilex/.local/lib/python3.8/site-packages/setuptools/_distutils/cmd.py:66: SetuptoolsDeprecationWarning: setup.py install is deprecated.
!!

        ********************************************************************************
        Please avoid running ``setup.py`` directly.
        Instead, use pypa/build, pypa/installer or other
        standards-based tools.

        See https://blog.ganssle.io/articles/2021/10/setup-py-deprecated.html for details.
        ********************************************************************************

!!
  self.initialize_options()
running egg_info
creating object_detector.egg-info
writing object_detector.egg-info/PKG-INFO
writing dependency_links to object_detector.egg-info/dependency_links.txt
writing entry points to object_detector.egg-info/entry_points.txt
writing requirements to object_detector.egg-info/requires.txt
writing top-level names to object_detector.egg-info/top_level.txt
writing manifest file 'object_detector.egg-info/SOURCES.txt'
reading manifest file 'object_detector.egg-info/SOURCES.txt'
writing manifest file 'object_detector.egg-info/SOURCES.txt'
running build_ext
Creating /home/agilex/krish_ws/install/object_detector/lib/python3.8/site-packages/object-detector.egg-link (link to .)
Installing yolo_detector script to /home/agilex/krish_ws/install/object_detector/lib/object_detector

Installed /home/agilex/krish_ws/build/object_detector
running install_data
creating /home/agilex/krish_ws/install/object_detector/share/ament_index
creating /home/agilex/krish_ws/install/object_detector/share/ament_index/resource_index
creating /home/agilex/krish_ws/install/object_detector/share/ament_index/resource_index/packages
copying resource/object_detector -> /home/agilex/krish_ws/install/object_detector/share/ament_index/resource_index/packages
copying package.xml -> /home/agilex/krish_ws/install/object_detector/share/object_detector
