[13.439s] Invoking command in '/home/agilex/krish_ws/build/object_detector': PYTHONPATH=/home/agilex/krish_ws/build/object_detector/prefix_override:/home/agilex/krish_ws/install/object_detector/lib/python3.8/site-packages:${PYTHONPATH} /usr/bin/python3 setup.py develop --editable --build-directory /home/agilex/krish_ws/build/object_detector/build --no-deps install_data
[14.003s] /home/agilex/.local/lib/python3.8/site-packages/setuptools/dist.py:476: SetuptoolsDeprecationWarning: Invalid dash-separated options
[14.004s] !!
[14.004s] 
[14.004s]         ********************************************************************************
[14.004s]         Usage of dash-separated 'script-dir' will not be supported in future
[14.005s]         versions. Please use the underscore name 'script_dir' instead.
[14.005s] 
[14.005s]         This deprecation is overdue, please update your project and remove deprecated
[14.005s]         calls to avoid build errors in the future.
[14.006s] 
[14.006s]         See https://setuptools.pypa.io/en/latest/userguide/declarative_config.html for details.
[14.006s]         ********************************************************************************
[14.006s] 
[14.006s] !!
[14.007s]   opt = self.warn_dash_deprecation(opt, section)
[14.753s] running develop
[14.754s] /home/agilex/.local/lib/python3.8/site-packages/setuptools/command/develop.py:40: EasyInstallDeprecationWarning: easy_install command is deprecated.
[14.754s] !!
[14.754s] 
[14.754s]         ********************************************************************************
[14.754s]         Please avoid running ``setup.py`` and ``easy_install``.
[14.754s]         Instead, use pypa/build, pypa/installer or other
[14.755s]         standards-based tools.
[14.755s] 
[14.755s]         See https://github.com/pypa/setuptools/issues/917 for details.
[14.755s]         ********************************************************************************
[14.755s] 
[14.755s] !!
[14.755s]   easy_install.initialize_options(self)
[14.876s] /home/agilex/.local/lib/python3.8/site-packages/setuptools/_distutils/cmd.py:66: SetuptoolsDeprecationWarning: setup.py install is deprecated.
[14.876s] !!
[14.876s] 
[14.876s]         ********************************************************************************
[14.876s]         Please avoid running ``setup.py`` directly.
[14.877s]         Instead, use pypa/build, pypa/installer or other
[14.877s]         standards-based tools.
[14.877s] 
[14.877s]         See https://blog.ganssle.io/articles/2021/10/setup-py-deprecated.html for details.
[14.877s]         ********************************************************************************
[14.877s] 
[14.877s] !!
[14.877s]   self.initialize_options()
[15.439s] running egg_info
[15.439s] creating object_detector.egg-info
[15.496s] writing object_detector.egg-info/PKG-INFO
[15.497s] writing dependency_links to object_detector.egg-info/dependency_links.txt
[15.497s] writing entry points to object_detector.egg-info/entry_points.txt
[15.497s] writing requirements to object_detector.egg-info/requires.txt
[15.497s] writing top-level names to object_detector.egg-info/top_level.txt
[15.497s] writing manifest file 'object_detector.egg-info/SOURCES.txt'
[15.701s] reading manifest file 'object_detector.egg-info/SOURCES.txt'
[15.702s] writing manifest file 'object_detector.egg-info/SOURCES.txt'
[15.873s] running build_ext
[15.874s] Creating /home/agilex/krish_ws/install/object_detector/lib/python3.8/site-packages/object-detector.egg-link (link to .)
[15.878s] Installing yolo_detector script to /home/agilex/krish_ws/install/object_detector/lib/object_detector
[15.878s] 
[15.878s] Installed /home/agilex/krish_ws/build/object_detector
[15.878s] running install_data
[15.878s] creating /home/agilex/krish_ws/install/object_detector/share/ament_index
[15.881s] creating /home/agilex/krish_ws/install/object_detector/share/ament_index/resource_index
[15.881s] creating /home/agilex/krish_ws/install/object_detector/share/ament_index/resource_index/packages
[15.891s] copying resource/object_detector -> /home/agilex/krish_ws/install/object_detector/share/ament_index/resource_index/packages
[15.891s] copying package.xml -> /home/agilex/krish_ws/install/object_detector/share/object_detector
[18.440s] Invoked command in '/home/agilex/krish_ws/build/object_detector' returned '0': PYTHONPATH=/home/agilex/krish_ws/build/object_detector/prefix_override:/home/agilex/krish_ws/install/object_detector/lib/python3.8/site-packages:${PYTHONPATH} /usr/bin/python3 setup.py develop --editable --build-directory /home/agilex/krish_ws/build/object_detector/build --no-deps install_data
