[15.238s] Invoking command in '/home/agilex/krish_ws/src/nav_handler': PYTHONPATH=/home/agilex/krish_ws/build/nav_handler/prefix_override:/home/agilex/krish_ws/install/nav_handler/lib/python3.8/site-packages:${PYTHONPATH} /usr/bin/python3 setup.py egg_info --egg-base ../../build/nav_handler build --build-base /home/agilex/krish_ws/build/nav_handler/build install --record /home/agilex/krish_ws/build/nav_handler/install.log --install-scripts $base/lib/nav_handler --single-version-externally-managed
[15.662s] /home/agilex/.local/lib/python3.8/site-packages/setuptools/dist.py:476: SetuptoolsDeprecationWarning: Invalid dash-separated options
[15.662s] !!
[15.662s] 
[15.662s]         ********************************************************************************
[15.662s]         Usage of dash-separated 'script-dir' will not be supported in future
[15.662s]         versions. Please use the underscore name 'script_dir' instead.
[15.662s] 
[15.663s]         This deprecation is overdue, please update your project and remove deprecated
[15.663s]         calls to avoid build errors in the future.
[15.663s] 
[15.663s]         See https://setuptools.pypa.io/en/latest/userguide/declarative_config.html for details.
[15.663s]         ********************************************************************************
[15.663s] 
[15.663s] !!
[15.663s]   opt = self.warn_dash_deprecation(opt, section)
[15.945s] running egg_info
[15.993s] writing ../../build/nav_handler/nav_handler.egg-info/PKG-INFO
[15.994s] writing dependency_links to ../../build/nav_handler/nav_handler.egg-info/dependency_links.txt
[15.996s] writing entry points to ../../build/nav_handler/nav_handler.egg-info/entry_points.txt
[15.996s] writing requirements to ../../build/nav_handler/nav_handler.egg-info/requires.txt
[15.996s] writing top-level names to ../../build/nav_handler/nav_handler.egg-info/top_level.txt
[16.367s] reading manifest file '../../build/nav_handler/nav_handler.egg-info/SOURCES.txt'
[16.371s] writing manifest file '../../build/nav_handler/nav_handler.egg-info/SOURCES.txt'
[16.371s] running build
[16.374s] running build_py
[16.378s] copying nav_handler/__init__.py -> /home/agilex/krish_ws/build/nav_handler/build/lib/nav_handler
[16.379s] copying nav_handler/object_handler.py -> /home/agilex/krish_ws/build/nav_handler/build/lib/nav_handler
[16.380s] running install
[16.382s] /home/agilex/.local/lib/python3.8/site-packages/setuptools/_distutils/cmd.py:66: SetuptoolsDeprecationWarning: setup.py install is deprecated.
[16.382s] !!
[16.383s] 
[16.383s]         ********************************************************************************
[16.383s]         Please avoid running ``setup.py`` directly.
[16.383s]         Instead, use pypa/build, pypa/installer or other
[16.383s]         standards-based tools.
[16.383s] 
[16.384s]         See https://blog.ganssle.io/articles/2021/10/setup-py-deprecated.html for details.
[16.384s]         ********************************************************************************
[16.384s] 
[16.384s] !!
[16.384s]   self.initialize_options()
[16.396s] running install_lib
[16.456s] running install_data
[16.502s] copying resource/nav_handler -> /home/agilex/krish_ws/install/nav_handler/share/ament_index/resource_index/packages
[16.504s] copying package.xml -> /home/agilex/krish_ws/install/nav_handler/share/nav_handler
[16.506s] running install_egg_info
[16.557s] removing '/home/agilex/krish_ws/install/nav_handler/lib/python3.8/site-packages/nav_handler-0.0.0-py3.8.egg-info' (and everything under it)
[16.557s] Copying ../../build/nav_handler/nav_handler.egg-info to /home/agilex/krish_ws/install/nav_handler/lib/python3.8/site-packages/nav_handler-0.0.0-py3.8.egg-info
[16.557s] running install_scripts
[16.678s] Installing object_handler script to /home/agilex/krish_ws/install/nav_handler/lib/nav_handler
[16.680s] writing list of installed files to '/home/agilex/krish_ws/build/nav_handler/install.log'
[17.665s] Invoked command in '/home/agilex/krish_ws/src/nav_handler' returned '0': PYTHONPATH=/home/agilex/krish_ws/build/nav_handler/prefix_override:/home/agilex/krish_ws/install/nav_handler/lib/python3.8/site-packages:${PYTHONPATH} /usr/bin/python3 setup.py egg_info --egg-base ../../build/nav_handler build --build-base /home/agilex/krish_ws/build/nav_handler/build install --record /home/agilex/krish_ws/build/nav_handler/install.log --install-scripts $base/lib/nav_handler --single-version-externally-managed
