[12.030s] Invoking command in '/home/agilex/krish_ws/build/system_launcher': PYTHONPATH=/home/agilex/krish_ws/build/system_launcher/prefix_override:/home/agilex/krish_ws/install/system_launcher/lib/python3.8/site-packages:${PYTHONPATH} /usr/bin/python3 setup.py develop --uninstall --editable --build-directory /home/agilex/krish_ws/build/system_launcher/build
[12.489s] /home/agilex/.local/lib/python3.8/site-packages/setuptools/dist.py:476: SetuptoolsDeprecationWarning: Invalid dash-separated options
[12.490s] !!
[12.490s] 
[12.490s]         ********************************************************************************
[12.490s]         Usage of dash-separated 'script-dir' will not be supported in future
[12.490s]         versions. Please use the underscore name 'script_dir' instead.
[12.490s] 
[12.490s]         This deprecation is overdue, please update your project and remove deprecated
[12.491s]         calls to avoid build errors in the future.
[12.491s] 
[12.491s]         See https://setuptools.pypa.io/en/latest/userguide/declarative_config.html for details.
[12.491s]         ********************************************************************************
[12.491s] 
[12.491s] !!
[12.491s]   opt = self.warn_dash_deprecation(opt, section)
[13.003s] running develop
[13.003s] /home/agilex/.local/lib/python3.8/site-packages/setuptools/command/develop.py:40: EasyInstallDeprecationWarning: easy_install command is deprecated.
[13.003s] !!
[13.003s] 
[13.004s]         ********************************************************************************
[13.004s]         Please avoid running ``setup.py`` and ``easy_install``.
[13.004s]         Instead, use pypa/build, pypa/installer or other
[13.004s]         standards-based tools.
[13.004s] 
[13.004s]         See https://github.com/pypa/setuptools/issues/917 for details.
[13.004s]         ********************************************************************************
[13.005s] 
[13.005s] !!
[13.005s]   easy_install.initialize_options(self)
[13.102s] /home/agilex/.local/lib/python3.8/site-packages/setuptools/_distutils/cmd.py:66: SetuptoolsDeprecationWarning: setup.py install is deprecated.
[13.103s] !!
[13.103s] 
[13.103s]         ********************************************************************************
[13.103s]         Please avoid running ``setup.py`` directly.
[13.103s]         Instead, use pypa/build, pypa/installer or other
[13.103s]         standards-based tools.
[13.103s] 
[13.104s]         See https://blog.ganssle.io/articles/2021/10/setup-py-deprecated.html for details.
[13.104s]         ********************************************************************************
[13.104s] 
[13.104s] !!
[13.104s]   self.initialize_options()
[13.729s] Removing /home/agilex/krish_ws/install/system_launcher/lib/python3.8/site-packages/system-launcher.egg-link (link to .)
[14.414s] Invoked command in '/home/agilex/krish_ws/build/system_launcher' returned '0': PYTHONPATH=/home/agilex/krish_ws/build/system_launcher/prefix_override:/home/agilex/krish_ws/install/system_launcher/lib/python3.8/site-packages:${PYTHONPATH} /usr/bin/python3 setup.py develop --uninstall --editable --build-directory /home/agilex/krish_ws/build/system_launcher/build
[14.420s] Invoking command in '/home/agilex/krish_ws/src/system_launcher': PYTHONPATH=/home/agilex/krish_ws/build/system_launcher/prefix_override:/home/agilex/krish_ws/install/system_launcher/lib/python3.8/site-packages:${PYTHONPATH} /usr/bin/python3 setup.py egg_info --egg-base ../../build/system_launcher build --build-base /home/agilex/krish_ws/build/system_launcher/build install --record /home/agilex/krish_ws/build/system_launcher/install.log --install-scripts $base/lib/system_launcher --single-version-externally-managed
[14.933s] /home/agilex/.local/lib/python3.8/site-packages/setuptools/dist.py:476: SetuptoolsDeprecationWarning: Invalid dash-separated options
[14.934s] !!
[14.934s] 
[14.934s]         ********************************************************************************
[14.934s]         Usage of dash-separated 'script-dir' will not be supported in future
[14.934s]         versions. Please use the underscore name 'script_dir' instead.
[14.934s] 
[14.934s]         This deprecation is overdue, please update your project and remove deprecated
[14.935s]         calls to avoid build errors in the future.
[14.935s] 
[14.935s]         See https://setuptools.pypa.io/en/latest/userguide/declarative_config.html for details.
[14.935s]         ********************************************************************************
[14.935s] 
[14.935s] !!
[14.935s]   opt = self.warn_dash_deprecation(opt, section)
[15.223s] running egg_info
[15.272s] writing ../../build/system_launcher/system_launcher.egg-info/PKG-INFO
[15.275s] writing dependency_links to ../../build/system_launcher/system_launcher.egg-info/dependency_links.txt
[15.277s] writing requirements to ../../build/system_launcher/system_launcher.egg-info/requires.txt
[15.278s] writing top-level names to ../../build/system_launcher/system_launcher.egg-info/top_level.txt
[15.683s] reading manifest file '../../build/system_launcher/system_launcher.egg-info/SOURCES.txt'
[15.686s] writing manifest file '../../build/system_launcher/system_launcher.egg-info/SOURCES.txt'
[15.688s] running build
[15.690s] running build_py
[15.692s] copying system_launcher/__init__.py -> /home/agilex/krish_ws/build/system_launcher/build/lib/system_launcher
[15.694s] running install
[15.699s] /home/agilex/.local/lib/python3.8/site-packages/setuptools/_distutils/cmd.py:66: SetuptoolsDeprecationWarning: setup.py install is deprecated.
[15.699s] !!
[15.700s] 
[15.700s]         ********************************************************************************
[15.700s]         Please avoid running ``setup.py`` directly.
[15.700s]         Instead, use pypa/build, pypa/installer or other
[15.700s]         standards-based tools.
[15.700s] 
[15.701s]         See https://blog.ganssle.io/articles/2021/10/setup-py-deprecated.html for details.
[15.701s]         ********************************************************************************
[15.701s] 
[15.701s] !!
[15.701s]   self.initialize_options()
[15.713s] running install_lib
[15.760s] creating /home/agilex/krish_ws/install/system_launcher/lib/python3.8/site-packages/system_launcher
[15.760s] copying /home/agilex/krish_ws/build/system_launcher/build/lib/system_launcher/__init__.py -> /home/agilex/krish_ws/install/system_launcher/lib/python3.8/site-packages/system_launcher
[15.770s] byte-compiling /home/agilex/krish_ws/install/system_launcher/lib/python3.8/site-packages/system_launcher/__init__.py to __init__.cpython-38.pyc
[15.770s] running install_data
[15.812s] copying resource/system_launcher -> /home/agilex/krish_ws/install/system_launcher/share/ament_index/resource_index/packages
[15.812s] copying package.xml -> /home/agilex/krish_ws/install/system_launcher/share/system_launcher
[15.812s] copying launch/full_system.launch.py -> /home/agilex/krish_ws/install/system_launcher/share/system_launcher/launch
[15.812s] running install_egg_info
[15.860s] Copying ../../build/system_launcher/system_launcher.egg-info to /home/agilex/krish_ws/install/system_launcher/lib/python3.8/site-packages/system_launcher-0.0.0-py3.8.egg-info
[15.876s] running install_scripts
[16.009s] writing list of installed files to '/home/agilex/krish_ws/build/system_launcher/install.log'
[17.780s] Invoked command in '/home/agilex/krish_ws/src/system_launcher' returned '0': PYTHONPATH=/home/agilex/krish_ws/build/system_launcher/prefix_override:/home/agilex/krish_ws/install/system_launcher/lib/python3.8/site-packages:${PYTHONPATH} /usr/bin/python3 setup.py egg_info --egg-base ../../build/system_launcher build --build-base /home/agilex/krish_ws/build/system_launcher/build install --record /home/agilex/krish_ws/build/system_launcher/install.log --install-scripts $base/lib/system_launcher --single-version-externally-managed
