[5.691s] Invoking command in '/home/agilex/krish_ws/src/nav_handler': PYTHONPATH=/home/agilex/krish_ws/build/nav_handler/prefix_override:/home/agilex/krish_ws/install/nav_handler/lib/python3.8/site-packages:${PYTHONPATH} /usr/bin/python3 setup.py egg_info --egg-base ../../build/nav_handler build --build-base /home/agilex/krish_ws/build/nav_handler/build install --record /home/agilex/krish_ws/build/nav_handler/install.log --install-scripts $base/lib/nav_handler --single-version-externally-managed
[6.093s] /home/agilex/.local/lib/python3.8/site-packages/setuptools/dist.py:476: SetuptoolsDeprecationWarning: Invalid dash-separated options
[6.093s] !!
[6.093s] 
[6.094s]         ********************************************************************************
[6.094s]         Usage of dash-separated 'script-dir' will not be supported in future
[6.094s]         versions. Please use the underscore name 'script_dir' instead.
[6.094s] 
[6.094s]         This deprecation is overdue, please update your project and remove deprecated
[6.094s]         calls to avoid build errors in the future.
[6.094s] 
[6.095s]         See https://setuptools.pypa.io/en/latest/userguide/declarative_config.html for details.
[6.095s]         ********************************************************************************
[6.096s] 
[6.096s] !!
[6.096s]   opt = self.warn_dash_deprecation(opt, section)
[6.372s] running egg_info
[6.418s] writing ../../build/nav_handler/nav_handler.egg-info/PKG-INFO
[6.420s] writing dependency_links to ../../build/nav_handler/nav_handler.egg-info/dependency_links.txt
[6.420s] writing entry points to ../../build/nav_handler/nav_handler.egg-info/entry_points.txt
[6.421s] writing requirements to ../../build/nav_handler/nav_handler.egg-info/requires.txt
[6.421s] writing top-level names to ../../build/nav_handler/nav_handler.egg-info/top_level.txt
[6.780s] reading manifest file '../../build/nav_handler/nav_handler.egg-info/SOURCES.txt'
[6.782s] writing manifest file '../../build/nav_handler/nav_handler.egg-info/SOURCES.txt'
[6.782s] running build
[6.783s] running build_py
[6.784s] copying nav_handler/__init__.py -> /home/agilex/krish_ws/build/nav_handler/build/lib/nav_handler
[6.784s] copying nav_handler/nav_handler copy.py -> /home/agilex/krish_ws/build/nav_handler/build/lib/nav_handler
[6.785s] copying nav_handler/mission_manager.py -> /home/agilex/krish_ws/build/nav_handler/build/lib/nav_handler
[6.785s] copying nav_handler/nav_handler copy 2.py -> /home/agilex/krish_ws/build/nav_handler/build/lib/nav_handler
[6.786s] copying nav_handler/manual_object_nav_test.py -> /home/agilex/krish_ws/build/nav_handler/build/lib/nav_handler
[6.787s] copying nav_handler/pose_setter.py -> /home/agilex/krish_ws/build/nav_handler/build/lib/nav_handler
[6.787s] running install
[6.788s] /home/agilex/.local/lib/python3.8/site-packages/setuptools/_distutils/cmd.py:66: SetuptoolsDeprecationWarning: setup.py install is deprecated.
[6.789s] !!
[6.789s] 
[6.789s]         ********************************************************************************
[6.789s]         Please avoid running ``setup.py`` directly.
[6.789s]         Instead, use pypa/build, pypa/installer or other
[6.790s]         standards-based tools.
[6.790s] 
[6.790s]         See https://blog.ganssle.io/articles/2021/10/setup-py-deprecated.html for details.
[6.790s]         ********************************************************************************
[6.790s] 
[6.790s] !!
[6.790s]   self.initialize_options()
[6.802s] running install_lib
[6.846s] copying /home/agilex/krish_ws/build/nav_handler/build/lib/nav_handler/mission_manager.py -> /home/agilex/krish_ws/install/nav_handler/lib/python3.8/site-packages/nav_handler
[6.850s] byte-compiling /home/agilex/krish_ws/install/nav_handler/lib/python3.8/site-packages/nav_handler/mission_manager.py to mission_manager.cpython-38.pyc
[6.854s] running install_data
[6.899s] copying resource/nav_handler -> /home/agilex/krish_ws/install/nav_handler/share/ament_index/resource_index/packages
[6.900s] copying package.xml -> /home/agilex/krish_ws/install/nav_handler/share/nav_handler
[6.901s] running install_egg_info
[6.949s] removing '/home/agilex/krish_ws/install/nav_handler/lib/python3.8/site-packages/nav_handler-0.0.0-py3.8.egg-info' (and everything under it)
[6.950s] Copying ../../build/nav_handler/nav_handler.egg-info to /home/agilex/krish_ws/install/nav_handler/lib/python3.8/site-packages/nav_handler-0.0.0-py3.8.egg-info
[6.952s] running install_scripts
[7.061s] Installing mission_manager script to /home/agilex/krish_ws/install/nav_handler/lib/nav_handler
[7.062s] Installing pose_setter script to /home/agilex/krish_ws/install/nav_handler/lib/nav_handler
[7.062s] Installing test script to /home/agilex/krish_ws/install/nav_handler/lib/nav_handler
[7.063s] writing list of installed files to '/home/agilex/krish_ws/build/nav_handler/install.log'
[7.153s] Invoked command in '/home/agilex/krish_ws/src/nav_handler' returned '0': PYTHONPATH=/home/agilex/krish_ws/build/nav_handler/prefix_override:/home/agilex/krish_ws/install/nav_handler/lib/python3.8/site-packages:${PYTHONPATH} /usr/bin/python3 setup.py egg_info --egg-base ../../build/nav_handler build --build-base /home/agilex/krish_ws/build/nav_handler/build install --record /home/agilex/krish_ws/build/nav_handler/install.log --install-scripts $base/lib/nav_handler --single-version-externally-managed
