[5.539s] Invoking command in '/home/agilex/krish_ws/src/object_detector': PYTHONPATH=/home/agilex/krish_ws/build/object_detector/prefix_override:/home/agilex/krish_ws/install/object_detector/lib/python3.8/site-packages:${PYTHONPATH} /usr/bin/python3 setup.py egg_info --egg-base ../../build/object_detector build --build-base /home/agilex/krish_ws/build/object_detector/build install --record /home/agilex/krish_ws/build/object_detector/install.log --install-scripts $base/lib/object_detector --single-version-externally-managed
[5.930s] /home/agilex/.local/lib/python3.8/site-packages/setuptools/dist.py:476: SetuptoolsDeprecationWarning: Invalid dash-separated options
[5.931s] !!
[5.931s] 
[5.931s]         ********************************************************************************
[5.931s]         Usage of dash-separated 'script-dir' will not be supported in future
[5.931s]         versions. Please use the underscore name 'script_dir' instead.
[5.931s] 
[5.932s]         This deprecation is overdue, please update your project and remove deprecated
[5.932s]         calls to avoid build errors in the future.
[5.932s] 
[5.932s]         See https://setuptools.pypa.io/en/latest/userguide/declarative_config.html for details.
[5.932s]         ********************************************************************************
[5.932s] 
[5.932s] !!
[5.932s]   opt = self.warn_dash_deprecation(opt, section)
[6.210s] running egg_info
[6.255s] writing ../../build/object_detector/object_detector.egg-info/PKG-INFO
[6.256s] writing dependency_links to ../../build/object_detector/object_detector.egg-info/dependency_links.txt
[6.256s] writing entry points to ../../build/object_detector/object_detector.egg-info/entry_points.txt
[6.257s] writing requirements to ../../build/object_detector/object_detector.egg-info/requires.txt
[6.257s] writing top-level names to ../../build/object_detector/object_detector.egg-info/top_level.txt
[6.615s] reading manifest file '../../build/object_detector/object_detector.egg-info/SOURCES.txt'
[6.617s] writing manifest file '../../build/object_detector/object_detector.egg-info/SOURCES.txt'
[6.617s] running build
[6.617s] running build_py
[6.618s] copying object_detector/__init__.py -> /home/agilex/krish_ws/build/object_detector/build/lib/object_detector
[6.619s] copying object_detector/object_detector.py -> /home/agilex/krish_ws/build/object_detector/build/lib/object_detector
[6.619s] copying object_detector/test.py -> /home/agilex/krish_ws/build/object_detector/build/lib/object_detector
[6.620s] running install
[6.621s] /home/agilex/.local/lib/python3.8/site-packages/setuptools/_distutils/cmd.py:66: SetuptoolsDeprecationWarning: setup.py install is deprecated.
[6.621s] !!
[6.621s] 
[6.621s]         ********************************************************************************
[6.622s]         Please avoid running ``setup.py`` directly.
[6.622s]         Instead, use pypa/build, pypa/installer or other
[6.622s]         standards-based tools.
[6.622s] 
[6.623s]         See https://blog.ganssle.io/articles/2021/10/setup-py-deprecated.html for details.
[6.623s]         ********************************************************************************
[6.623s] 
[6.623s] !!
[6.624s]   self.initialize_options()
[6.633s] running install_lib
[6.680s] running install_data
[6.725s] copying resource/object_detector -> /home/agilex/krish_ws/install/object_detector/share/ament_index/resource_index/packages
[6.725s] copying package.xml -> /home/agilex/krish_ws/install/object_detector/share/object_detector
[6.725s] running install_egg_info
[6.772s] removing '/home/agilex/krish_ws/install/object_detector/lib/python3.8/site-packages/object_detector-0.0.0-py3.8.egg-info' (and everything under it)
[6.773s] Copying ../../build/object_detector/object_detector.egg-info to /home/agilex/krish_ws/install/object_detector/lib/python3.8/site-packages/object_detector-0.0.0-py3.8.egg-info
[6.776s] running install_scripts
[6.885s] Installing test script to /home/agilex/krish_ws/install/object_detector/lib/object_detector
[6.886s] Installing yolo_detector script to /home/agilex/krish_ws/install/object_detector/lib/object_detector
[6.886s] writing list of installed files to '/home/agilex/krish_ws/build/object_detector/install.log'
[6.970s] Invoked command in '/home/agilex/krish_ws/src/object_detector' returned '0': PYTHONPATH=/home/agilex/krish_ws/build/object_detector/prefix_override:/home/agilex/krish_ws/install/object_detector/lib/python3.8/site-packages:${PYTHONPATH} /usr/bin/python3 setup.py egg_info --egg-base ../../build/object_detector build --build-base /home/agilex/krish_ws/build/object_detector/build install --record /home/agilex/krish_ws/build/object_detector/install.log --install-scripts $base/lib/object_detector --single-version-externally-managed
