[15.700s] Invoking command in '/home/agilex/krish_ws/build/mycobot_arm': PYTHONPATH=/home/agilex/krish_ws/build/mycobot_arm/prefix_override:/home/agilex/krish_ws/install/mycobot_arm/lib/python3.8/site-packages:${PYTHONPATH} /usr/bin/python3 setup.py develop --editable --build-directory /home/agilex/krish_ws/build/mycobot_arm/build --no-deps install_data
[16.411s] /home/agilex/.local/lib/python3.8/site-packages/setuptools/dist.py:476: SetuptoolsDeprecationWarning: Invalid dash-separated options
[16.412s] !!
[16.412s] 
[16.413s]         ********************************************************************************
[16.413s]         Usage of dash-separated 'script-dir' will not be supported in future
[16.413s]         versions. Please use the underscore name 'script_dir' instead.
[16.413s] 
[16.413s]         This deprecation is overdue, please update your project and remove deprecated
[16.413s]         calls to avoid build errors in the future.
[16.413s] 
[16.414s]         See https://setuptools.pypa.io/en/latest/userguide/declarative_config.html for details.
[16.414s]         ********************************************************************************
[16.414s] 
[16.414s] !!
[16.414s]   opt = self.warn_dash_deprecation(opt, section)
[17.050s] running develop
[17.051s] /home/agilex/.local/lib/python3.8/site-packages/setuptools/command/develop.py:40: EasyInstallDeprecationWarning: easy_install command is deprecated.
[17.051s] !!
[17.051s] 
[17.051s]         ********************************************************************************
[17.051s]         Please avoid running ``setup.py`` and ``easy_install``.
[17.051s]         Instead, use pypa/build, pypa/installer or other
[17.052s]         standards-based tools.
[17.052s] 
[17.052s]         See https://github.com/pypa/setuptools/issues/917 for details.
[17.052s]         ********************************************************************************
[17.053s] 
[17.053s] !!
[17.053s]   easy_install.initialize_options(self)
[17.267s] /home/agilex/.local/lib/python3.8/site-packages/setuptools/_distutils/cmd.py:66: SetuptoolsDeprecationWarning: setup.py install is deprecated.
[17.267s] !!
[17.268s] 
[17.268s]         ********************************************************************************
[17.268s]         Please avoid running ``setup.py`` directly.
[17.268s]         Instead, use pypa/build, pypa/installer or other
[17.268s]         standards-based tools.
[17.268s] 
[17.268s]         See https://blog.ganssle.io/articles/2021/10/setup-py-deprecated.html for details.
[17.269s]         ********************************************************************************
[17.269s] 
[17.269s] !!
[17.269s]   self.initialize_options()
[17.846s] running egg_info
[17.846s] creating mycobot_arm.egg-info
[17.893s] writing mycobot_arm.egg-info/PKG-INFO
[17.894s] writing dependency_links to mycobot_arm.egg-info/dependency_links.txt
[17.895s] writing entry points to mycobot_arm.egg-info/entry_points.txt
[17.895s] writing requirements to mycobot_arm.egg-info/requires.txt
[17.895s] writing top-level names to mycobot_arm.egg-info/top_level.txt
[17.899s] writing manifest file 'mycobot_arm.egg-info/SOURCES.txt'
[18.041s] reading manifest file 'mycobot_arm.egg-info/SOURCES.txt'
[18.044s] writing manifest file 'mycobot_arm.egg-info/SOURCES.txt'
[18.224s] running build_ext
[18.224s] Creating /home/agilex/krish_ws/install/mycobot_arm/lib/python3.8/site-packages/mycobot-arm.egg-link (link to .)
[18.227s] Installing drop_node script to /home/agilex/krish_ws/install/mycobot_arm/lib/mycobot_arm
[18.227s] Installing pick_node script to /home/agilex/krish_ws/install/mycobot_arm/lib/mycobot_arm
[18.227s] 
[18.228s] Installed /home/agilex/krish_ws/build/mycobot_arm
[18.228s] running install_data
[18.228s] creating /home/agilex/krish_ws/install/mycobot_arm/share/ament_index
[18.228s] creating /home/agilex/krish_ws/install/mycobot_arm/share/ament_index/resource_index
[18.228s] creating /home/agilex/krish_ws/install/mycobot_arm/share/ament_index/resource_index/packages
[18.229s] copying resource/mycobot_arm -> /home/agilex/krish_ws/install/mycobot_arm/share/ament_index/resource_index/packages
[18.229s] copying package.xml -> /home/agilex/krish_ws/install/mycobot_arm/share/mycobot_arm
[18.373s] Invoked command in '/home/agilex/krish_ws/build/mycobot_arm' returned '0': PYTHONPATH=/home/agilex/krish_ws/build/mycobot_arm/prefix_override:/home/agilex/krish_ws/install/mycobot_arm/lib/python3.8/site-packages:${PYTHONPATH} /usr/bin/python3 setup.py develop --editable --build-directory /home/agilex/krish_ws/build/mycobot_arm/build --no-deps install_data
