[2.095s] Invoking command in '/home/agilex/krish_ws/build/nav2_costmap_2d': AMENT_PREFIX_PATH=/home/agilex/krish_ws/install/nav2_map_server:/home/agilex/krish_ws/install/nav2_lifecycle_manager:/home/agilex/krish_ws/install/nav2_util:/home/agilex/krish_ws/install/nav2_voxel_grid:/home/agilex/krish_ws/install/nav2_msgs:/home/agilex/krish_ws/install/nav2_common:${AMENT_PREFIX_PATH} CMAKE_PREFIX_PATH=/home/agilex/krish_ws/install/nav2_map_server:/home/agilex/krish_ws/install/nav2_lifecycle_manager:/home/agilex/krish_ws/install/nav2_util:/home/agilex/krish_ws/install/nav2_voxel_grid:/home/agilex/krish_ws/install/nav2_msgs:/home/agilex/krish_ws/install/nav2_common:/home/agilex/krish_ws/install/vision_msgs_rviz_plugins:/home/agilex/krish_ws/install/vision_msgs:/home/agilex/limo_ros2_ws/install/ydlidar_sdk:/home/agilex/limo_ros2_ws/install/ydlidar_ros2_driver:/home/agilex/limo_ros2_ws/install/tf_test:/home/agilex/limo_ros2_ws/install/teb_local_planner:/home/agilex/limo_ros2_ws/install/teb_msgs:/home/agilex/limo_ros2_ws/install/nav2_system_tests:/home/agilex/limo_ros2_ws/install/nav2_bringup:/home/agilex/limo_ros2_ws/install/navigation2:/home/agilex/limo_ros2_ws/install/smac_planner:/home/agilex/limo_ros2_ws/install/rf2o_laser_odometry:/home/agilex/limo_ros2_ws/install/orbbec_description:/home/agilex/limo_ros2_ws/install/orbbec_camera:/home/agilex/limo_ros2_ws/install/orbbec_camera_msgs:/home/agilex/limo_ros2_ws/install/nav2_dwb_controller:/home/agilex/limo_ros2_ws/install/nav2_controller:/home/agilex/limo_ros2_ws/install/dwb_plugins:/home/agilex/limo_ros2_ws/install/dwb_critics:/home/agilex/limo_ros2_ws/install/dwb_core:/home/agilex/limo_ros2_ws/install/nav_2d_utils:/home/agilex/limo_ros2_ws/install/dwb_msgs:/home/agilex/limo_ros2_ws/install/nav_2d_msgs:/home/agilex/limo_ros2_ws/install/nav2_waypoint_follower:/home/agilex/limo_ros2_ws/install/nav2_regulated_pure_pursuit_controller:/home/agilex/limo_ros2_ws/install/nav2_recoveries:/home/agilex/limo_ros2_ws/install/nav2_planner:/home/agilex/limo_ros2_ws/install/nav2_navfn_planner:/home/agilex/limo_ros2_ws/install/nav2_core:/home/agilex/limo_ros2_ws/install/costmap_queue:/home/agilex/limo_ros2_ws/install/costmap_converter:/home/agilex/limo_ros2_ws/install/nav2_costmap_2d:/home/agilex/limo_ros2_ws/install/nav2_voxel_grid:/home/agilex/limo_ros2_ws/install/nav2_rviz_plugins:/home/agilex/limo_ros2_ws/install/nav2_map_server:/home/agilex/limo_ros2_ws/install/nav2_lifecycle_manager:/home/agilex/limo_ros2_ws/install/nav2_bt_navigator:/home/agilex/limo_ros2_ws/install/nav2_behavior_tree:/home/agilex/limo_ros2_ws/install/nav2_amcl:/home/agilex/limo_ros2_ws/install/nav2_util:/home/agilex/limo_ros2_ws/install/nav2_msgs:/home/agilex/limo_ros2_ws/install/nav2_common:/home/agilex/limo_ros2_ws/install/mypalletizer_interfaces:/home/agilex/limo_ros2_ws/install/mycobot_interfaces:/home/agilex/limo_ros2_ws/install/mecharm_interfaces:/home/agilex/limo_ros2_ws/install/limo_visions:/home/agilex/limo_ros2_ws/install/limo_bringup:/home/agilex/limo_ros2_ws/install/limo_base:/home/agilex/limo_ros2_ws/install/limo_msgs:/home/agilex/limo_ros2_ws/install/limo_description:/home/agilex/limo_ros2_ws/install/costmap_converter_msgs:/home/agilex/krish_ws/install/system_launcher:/home/agilex/krish_ws/install/mycobot_arm:/home/agilex/limo_ros2_ws/install/ultraarm:/home/agilex/limo_ros2_ws/install/nav2_gazebo_spawner:/home/agilex/limo_ros2_ws/install/mypalletizer_260_pi:/home/agilex/limo_ros2_ws/install/mypalletizer_260:/home/agilex/limo_ros2_ws/install/mypalletizer_communication:/home/agilex/limo_ros2_ws/install/mycobot_630:/home/agilex/limo_ros2_ws/install/mycobot_600:/home/agilex/limo_ros2_ws/install/mycobot_320pi:/home/agilex/limo_ros2_ws/install/mycobot_320:/home/agilex/limo_ros2_ws/install/mycobot_280pi:/home/agilex/limo_ros2_ws/install/mycobot_280jn:/home/agilex/limo_ros2_ws/install/mycobot_280_x3pi:/home/agilex/limo_ros2_ws/install/mycobot_280:/home/agilex/limo_ros2_ws/install/myarm_m750:/home/agilex/limo_ros2_ws/install/myarm_c650:/home/agilex/limo_ros2_ws/install/myarm_300:/home/agilex/limo_ros2_ws/install/mycobot_communication:/home/agilex/limo_ros2_ws/install/mecharm_pi:/home/agilex/limo_ros2_ws/install/mecharm:/home/agilex/limo_ros2_ws/install/mecharm_communication:/home/agilex/limo_ros2_ws/install/mybuddy:/home/agilex/limo_ros2_ws/install/mycobot_description:/home/agilex/krish_ws/install/object_search:/home/agilex/krish_ws/install/object_detector:/home/agilex/krish_ws/install/nav_handler:/home/agilex/krish_ws/install/mycobot_description:/opt/ros/foxy LD_LIBRARY_PATH=/home/agilex/krish_ws/install/nav2_map_server/lib:/home/agilex/krish_ws/install/nav2_lifecycle_manager/lib:/home/agilex/krish_ws/install/nav2_util/lib:/home/agilex/krish_ws/install/nav2_voxel_grid/lib:/home/agilex/krish_ws/install/nav2_msgs/lib:${LD_LIBRARY_PATH} PYTHONPATH=/home/agilex/krish_ws/install/nav2_msgs/lib/python3.8/site-packages:/home/agilex/krish_ws/install/nav2_common/lib/python3.8/site-packages:${PYTHONPATH} /usr/bin/cmake /home/agilex/krish_ws/src/navigation2/nav2_costmap_2d -DAMENT_CMAKE_SYMLINK_INSTALL=1 -DCMAKE_INSTALL_PREFIX=/home/agilex/krish_ws/install/nav2_costmap_2d
[2.358s] -- The C compiler identification is GNU 9.4.0
[2.530s] -- The CXX compiler identification is GNU 9.4.0
[2.554s] -- Check for working C compiler: /usr/bin/cc
[2.858s] -- Check for working C compiler: /usr/bin/cc -- works
[2.864s] -- Detecting C compiler ABI info
[3.130s] -- Detecting C compiler ABI info - done
[3.163s] -- Detecting C compile features
[3.164s] -- Detecting C compile features - done
[3.173s] -- Check for working CXX compiler: /usr/bin/c++
[3.510s] -- Check for working CXX compiler: /usr/bin/c++ -- works
[3.510s] -- Detecting CXX compiler ABI info
[3.827s] -- Detecting CXX compiler ABI info - done
[3.848s] -- Detecting CXX compile features
[3.851s] -- Detecting CXX compile features - done
[3.872s] -- Found ament_cmake: 0.9.12 (/opt/ros/foxy/share/ament_cmake/cmake)
[4.041s] -- Found PythonInterp: /usr/bin/python3 (found suitable version "3.8.10", minimum required is "3") 
[4.042s] -- Using PYTHON_EXECUTABLE: /usr/bin/python3
[4.684s] -- Override CMake install command with custom implementation using symlinks instead of copying resources
[4.919s] -- Found geometry_msgs: 2.0.5 (/opt/ros/foxy/share/geometry_msgs/cmake)
[5.110s] -- Using all available rosidl_typesupport_c: rosidl_typesupport_fastrtps_c;rosidl_typesupport_introspection_c
[5.164s] -- Found rosidl_adapter: 1.3.1 (/opt/ros/foxy/share/rosidl_adapter/cmake)
[5.587s] -- Found OpenSSL: /usr/lib/aarch64-linux-gnu/libcrypto.so (found version "1.1.1f")  
[5.693s] -- Found FastRTPS: /opt/ros/foxy/include  
[5.994s] -- Using all available rosidl_typesupport_cpp: rosidl_typesupport_fastrtps_cpp;rosidl_typesupport_introspection_cpp
[6.224s] -- Found laser_geometry: 2.2.0 (/opt/ros/foxy/share/laser_geometry/cmake)
[6.283s] -- Found map_msgs: 2.0.2 (/opt/ros/foxy/share/map_msgs/cmake)
[6.981s] -- Found message_filters: 3.2.7 (/opt/ros/foxy/share/message_filters/cmake)
[6.987s] -- Found nav2_common: 0.4.6 (/home/agilex/krish_ws/install/nav2_common/share/nav2_common/cmake)
[6.989s] -- Found nav2_msgs: 0.4.6 (/home/agilex/krish_ws/install/nav2_msgs/share/nav2_msgs/cmake)
[7.536s] -- Found nav2_util: 0.4.6 (/home/agilex/krish_ws/install/nav2_util/share/nav2_util/cmake)
[7.823s] -- Found rmw_implementation_cmake: 1.0.4 (/opt/ros/foxy/share/rmw_implementation_cmake/cmake)
[7.835s] -- Using RMW implementation 'rmw_cyclonedds_cpp' as default
[7.837s] -- Looking for pthread.h
[8.058s] -- Looking for pthread.h - found
[8.058s] -- Performing Test CMAKE_HAVE_LIBC_PTHREAD
[8.284s] -- Performing Test CMAKE_HAVE_LIBC_PTHREAD - Failed
[8.285s] -- Looking for pthread_create in pthreads
[8.495s] -- Looking for pthread_create in pthreads - not found
[8.496s] -- Looking for pthread_create in pthread
[8.729s] -- Looking for pthread_create in pthread - found
[8.731s] -- Found Threads: TRUE  
[9.829s] -- Found Eigen3: TRUE (found version "3.3.7") 
[10.194s] -- Found nav2_voxel_grid: 0.4.6 (/home/agilex/krish_ws/install/nav2_voxel_grid/share/nav2_voxel_grid/cmake)
[10.217s] -- Found pluginlib: 2.5.4 (/opt/ros/foxy/share/pluginlib/cmake)
[10.307s] -- Found tf2_sensor_msgs: 0.13.14 (/opt/ros/foxy/share/tf2_sensor_msgs/cmake)
[10.354s] -- Found visualization_msgs: 2.0.5 (/opt/ros/foxy/share/visualization_msgs/cmake)
[10.500s] -- Found angles: 1.12.6 (/opt/ros/foxy/share/angles/cmake)
[10.506s] -- Setting build type to Release as none was specified.
[12.044s] -- Found ament_lint_auto: 0.9.8 (/opt/ros/foxy/share/ament_lint_auto/cmake)
[12.876s] -- Found gtest sources under '/opt/ros/foxy/src/gtest_vendor': C++ tests using 'Google Test' will be built
[12.880s] -- Check if compiler accepts -pthread
[13.101s] -- Check if compiler accepts -pthread - yes
[13.115s] -- Found gtest sources under '/opt/ros/foxy/src/gtest_vendor': C++ tests using 'Google Test' will be built
[14.698s] -- Added test 'cppcheck' to perform static code analysis on C / C++ code
[14.699s] -- Configured cppcheck include dirs: /home/agilex/krish_ws/src/navigation2/nav2_costmap_2d/include
[14.699s] -- Configured cppcheck exclude dirs and/or files: 
[14.703s] -- Added test 'flake8' to check Python code syntax and style conventions
[14.708s] -- Added test 'lint_cmake' to check CMake code style
[14.712s] -- Added test 'pep257' to check Python code against some of the style conventions in PEP 257
[14.721s] -- Added test 'uncrustify' to check C / C++ code style
[14.722s] -- Configured uncrustify additional arguments: 
[14.726s] -- Added test 'xmllint' to check XML markup files
[14.750s] -- Configuring done
[15.657s] -- Generating done
[15.665s] -- Build files have been written to: /home/agilex/krish_ws/build/nav2_costmap_2d
[15.704s] Invoked command in '/home/agilex/krish_ws/build/nav2_costmap_2d' returned '0': AMENT_PREFIX_PATH=/home/agilex/krish_ws/install/nav2_map_server:/home/agilex/krish_ws/install/nav2_lifecycle_manager:/home/agilex/krish_ws/install/nav2_util:/home/agilex/krish_ws/install/nav2_voxel_grid:/home/agilex/krish_ws/install/nav2_msgs:/home/agilex/krish_ws/install/nav2_common:${AMENT_PREFIX_PATH} CMAKE_PREFIX_PATH=/home/agilex/krish_ws/install/nav2_map_server:/home/agilex/krish_ws/install/nav2_lifecycle_manager:/home/agilex/krish_ws/install/nav2_util:/home/agilex/krish_ws/install/nav2_voxel_grid:/home/agilex/krish_ws/install/nav2_msgs:/home/agilex/krish_ws/install/nav2_common:/home/agilex/krish_ws/install/vision_msgs_rviz_plugins:/home/agilex/krish_ws/install/vision_msgs:/home/agilex/limo_ros2_ws/install/ydlidar_sdk:/home/agilex/limo_ros2_ws/install/ydlidar_ros2_driver:/home/agilex/limo_ros2_ws/install/tf_test:/home/agilex/limo_ros2_ws/install/teb_local_planner:/home/agilex/limo_ros2_ws/install/teb_msgs:/home/agilex/limo_ros2_ws/install/nav2_system_tests:/home/agilex/limo_ros2_ws/install/nav2_bringup:/home/agilex/limo_ros2_ws/install/navigation2:/home/agilex/limo_ros2_ws/install/smac_planner:/home/agilex/limo_ros2_ws/install/rf2o_laser_odometry:/home/agilex/limo_ros2_ws/install/orbbec_description:/home/agilex/limo_ros2_ws/install/orbbec_camera:/home/agilex/limo_ros2_ws/install/orbbec_camera_msgs:/home/agilex/limo_ros2_ws/install/nav2_dwb_controller:/home/agilex/limo_ros2_ws/install/nav2_controller:/home/agilex/limo_ros2_ws/install/dwb_plugins:/home/agilex/limo_ros2_ws/install/dwb_critics:/home/agilex/limo_ros2_ws/install/dwb_core:/home/agilex/limo_ros2_ws/install/nav_2d_utils:/home/agilex/limo_ros2_ws/install/dwb_msgs:/home/agilex/limo_ros2_ws/install/nav_2d_msgs:/home/agilex/limo_ros2_ws/install/nav2_waypoint_follower:/home/agilex/limo_ros2_ws/install/nav2_regulated_pure_pursuit_controller:/home/agilex/limo_ros2_ws/install/nav2_recoveries:/home/agilex/limo_ros2_ws/install/nav2_planner:/home/agilex/limo_ros2_ws/install/nav2_navfn_planner:/home/agilex/limo_ros2_ws/install/nav2_core:/home/agilex/limo_ros2_ws/install/costmap_queue:/home/agilex/limo_ros2_ws/install/costmap_converter:/home/agilex/limo_ros2_ws/install/nav2_costmap_2d:/home/agilex/limo_ros2_ws/install/nav2_voxel_grid:/home/agilex/limo_ros2_ws/install/nav2_rviz_plugins:/home/agilex/limo_ros2_ws/install/nav2_map_server:/home/agilex/limo_ros2_ws/install/nav2_lifecycle_manager:/home/agilex/limo_ros2_ws/install/nav2_bt_navigator:/home/agilex/limo_ros2_ws/install/nav2_behavior_tree:/home/agilex/limo_ros2_ws/install/nav2_amcl:/home/agilex/limo_ros2_ws/install/nav2_util:/home/agilex/limo_ros2_ws/install/nav2_msgs:/home/agilex/limo_ros2_ws/install/nav2_common:/home/agilex/limo_ros2_ws/install/mypalletizer_interfaces:/home/agilex/limo_ros2_ws/install/mycobot_interfaces:/home/agilex/limo_ros2_ws/install/mecharm_interfaces:/home/agilex/limo_ros2_ws/install/limo_visions:/home/agilex/limo_ros2_ws/install/limo_bringup:/home/agilex/limo_ros2_ws/install/limo_base:/home/agilex/limo_ros2_ws/install/limo_msgs:/home/agilex/limo_ros2_ws/install/limo_description:/home/agilex/limo_ros2_ws/install/costmap_converter_msgs:/home/agilex/krish_ws/install/system_launcher:/home/agilex/krish_ws/install/mycobot_arm:/home/agilex/limo_ros2_ws/install/ultraarm:/home/agilex/limo_ros2_ws/install/nav2_gazebo_spawner:/home/agilex/limo_ros2_ws/install/mypalletizer_260_pi:/home/agilex/limo_ros2_ws/install/mypalletizer_260:/home/agilex/limo_ros2_ws/install/mypalletizer_communication:/home/agilex/limo_ros2_ws/install/mycobot_630:/home/agilex/limo_ros2_ws/install/mycobot_600:/home/agilex/limo_ros2_ws/install/mycobot_320pi:/home/agilex/limo_ros2_ws/install/mycobot_320:/home/agilex/limo_ros2_ws/install/mycobot_280pi:/home/agilex/limo_ros2_ws/install/mycobot_280jn:/home/agilex/limo_ros2_ws/install/mycobot_280_x3pi:/home/agilex/limo_ros2_ws/install/mycobot_280:/home/agilex/limo_ros2_ws/install/myarm_m750:/home/agilex/limo_ros2_ws/install/myarm_c650:/home/agilex/limo_ros2_ws/install/myarm_300:/home/agilex/limo_ros2_ws/install/mycobot_communication:/home/agilex/limo_ros2_ws/install/mecharm_pi:/home/agilex/limo_ros2_ws/install/mecharm:/home/agilex/limo_ros2_ws/install/mecharm_communication:/home/agilex/limo_ros2_ws/install/mybuddy:/home/agilex/limo_ros2_ws/install/mycobot_description:/home/agilex/krish_ws/install/object_search:/home/agilex/krish_ws/install/object_detector:/home/agilex/krish_ws/install/nav_handler:/home/agilex/krish_ws/install/mycobot_description:/opt/ros/foxy LD_LIBRARY_PATH=/home/agilex/krish_ws/install/nav2_map_server/lib:/home/agilex/krish_ws/install/nav2_lifecycle_manager/lib:/home/agilex/krish_ws/install/nav2_util/lib:/home/agilex/krish_ws/install/nav2_voxel_grid/lib:/home/agilex/krish_ws/install/nav2_msgs/lib:${LD_LIBRARY_PATH} PYTHONPATH=/home/agilex/krish_ws/install/nav2_msgs/lib/python3.8/site-packages:/home/agilex/krish_ws/install/nav2_common/lib/python3.8/site-packages:${PYTHONPATH} /usr/bin/cmake /home/agilex/krish_ws/src/navigation2/nav2_costmap_2d -DAMENT_CMAKE_SYMLINK_INSTALL=1 -DCMAKE_INSTALL_PREFIX=/home/agilex/krish_ws/install/nav2_costmap_2d
[15.711s] Invoking command in '/home/agilex/krish_ws/build/nav2_costmap_2d': AMENT_PREFIX_PATH=/home/agilex/krish_ws/install/nav2_map_server:/home/agilex/krish_ws/install/nav2_lifecycle_manager:/home/agilex/krish_ws/install/nav2_util:/home/agilex/krish_ws/install/nav2_voxel_grid:/home/agilex/krish_ws/install/nav2_msgs:/home/agilex/krish_ws/install/nav2_common:${AMENT_PREFIX_PATH} CMAKE_PREFIX_PATH=/home/agilex/krish_ws/install/nav2_map_server:/home/agilex/krish_ws/install/nav2_lifecycle_manager:/home/agilex/krish_ws/install/nav2_util:/home/agilex/krish_ws/install/nav2_voxel_grid:/home/agilex/krish_ws/install/nav2_msgs:/home/agilex/krish_ws/install/nav2_common:/home/agilex/krish_ws/install/vision_msgs_rviz_plugins:/home/agilex/krish_ws/install/vision_msgs:/home/agilex/limo_ros2_ws/install/ydlidar_sdk:/home/agilex/limo_ros2_ws/install/ydlidar_ros2_driver:/home/agilex/limo_ros2_ws/install/tf_test:/home/agilex/limo_ros2_ws/install/teb_local_planner:/home/agilex/limo_ros2_ws/install/teb_msgs:/home/agilex/limo_ros2_ws/install/nav2_system_tests:/home/agilex/limo_ros2_ws/install/nav2_bringup:/home/agilex/limo_ros2_ws/install/navigation2:/home/agilex/limo_ros2_ws/install/smac_planner:/home/agilex/limo_ros2_ws/install/rf2o_laser_odometry:/home/agilex/limo_ros2_ws/install/orbbec_description:/home/agilex/limo_ros2_ws/install/orbbec_camera:/home/agilex/limo_ros2_ws/install/orbbec_camera_msgs:/home/agilex/limo_ros2_ws/install/nav2_dwb_controller:/home/agilex/limo_ros2_ws/install/nav2_controller:/home/agilex/limo_ros2_ws/install/dwb_plugins:/home/agilex/limo_ros2_ws/install/dwb_critics:/home/agilex/limo_ros2_ws/install/dwb_core:/home/agilex/limo_ros2_ws/install/nav_2d_utils:/home/agilex/limo_ros2_ws/install/dwb_msgs:/home/agilex/limo_ros2_ws/install/nav_2d_msgs:/home/agilex/limo_ros2_ws/install/nav2_waypoint_follower:/home/agilex/limo_ros2_ws/install/nav2_regulated_pure_pursuit_controller:/home/agilex/limo_ros2_ws/install/nav2_recoveries:/home/agilex/limo_ros2_ws/install/nav2_planner:/home/agilex/limo_ros2_ws/install/nav2_navfn_planner:/home/agilex/limo_ros2_ws/install/nav2_core:/home/agilex/limo_ros2_ws/install/costmap_queue:/home/agilex/limo_ros2_ws/install/costmap_converter:/home/agilex/limo_ros2_ws/install/nav2_costmap_2d:/home/agilex/limo_ros2_ws/install/nav2_voxel_grid:/home/agilex/limo_ros2_ws/install/nav2_rviz_plugins:/home/agilex/limo_ros2_ws/install/nav2_map_server:/home/agilex/limo_ros2_ws/install/nav2_lifecycle_manager:/home/agilex/limo_ros2_ws/install/nav2_bt_navigator:/home/agilex/limo_ros2_ws/install/nav2_behavior_tree:/home/agilex/limo_ros2_ws/install/nav2_amcl:/home/agilex/limo_ros2_ws/install/nav2_util:/home/agilex/limo_ros2_ws/install/nav2_msgs:/home/agilex/limo_ros2_ws/install/nav2_common:/home/agilex/limo_ros2_ws/install/mypalletizer_interfaces:/home/agilex/limo_ros2_ws/install/mycobot_interfaces:/home/agilex/limo_ros2_ws/install/mecharm_interfaces:/home/agilex/limo_ros2_ws/install/limo_visions:/home/agilex/limo_ros2_ws/install/limo_bringup:/home/agilex/limo_ros2_ws/install/limo_base:/home/agilex/limo_ros2_ws/install/limo_msgs:/home/agilex/limo_ros2_ws/install/limo_description:/home/agilex/limo_ros2_ws/install/costmap_converter_msgs:/home/agilex/krish_ws/install/system_launcher:/home/agilex/krish_ws/install/mycobot_arm:/home/agilex/limo_ros2_ws/install/ultraarm:/home/agilex/limo_ros2_ws/install/nav2_gazebo_spawner:/home/agilex/limo_ros2_ws/install/mypalletizer_260_pi:/home/agilex/limo_ros2_ws/install/mypalletizer_260:/home/agilex/limo_ros2_ws/install/mypalletizer_communication:/home/agilex/limo_ros2_ws/install/mycobot_630:/home/agilex/limo_ros2_ws/install/mycobot_600:/home/agilex/limo_ros2_ws/install/mycobot_320pi:/home/agilex/limo_ros2_ws/install/mycobot_320:/home/agilex/limo_ros2_ws/install/mycobot_280pi:/home/agilex/limo_ros2_ws/install/mycobot_280jn:/home/agilex/limo_ros2_ws/install/mycobot_280_x3pi:/home/agilex/limo_ros2_ws/install/mycobot_280:/home/agilex/limo_ros2_ws/install/myarm_m750:/home/agilex/limo_ros2_ws/install/myarm_c650:/home/agilex/limo_ros2_ws/install/myarm_300:/home/agilex/limo_ros2_ws/install/mycobot_communication:/home/agilex/limo_ros2_ws/install/mecharm_pi:/home/agilex/limo_ros2_ws/install/mecharm:/home/agilex/limo_ros2_ws/install/mecharm_communication:/home/agilex/limo_ros2_ws/install/mybuddy:/home/agilex/limo_ros2_ws/install/mycobot_description:/home/agilex/krish_ws/install/object_search:/home/agilex/krish_ws/install/object_detector:/home/agilex/krish_ws/install/nav_handler:/home/agilex/krish_ws/install/mycobot_description:/opt/ros/foxy LD_LIBRARY_PATH=/home/agilex/krish_ws/install/nav2_map_server/lib:/home/agilex/krish_ws/install/nav2_lifecycle_manager/lib:/home/agilex/krish_ws/install/nav2_util/lib:/home/agilex/krish_ws/install/nav2_voxel_grid/lib:/home/agilex/krish_ws/install/nav2_msgs/lib:${LD_LIBRARY_PATH} PYTHONPATH=/home/agilex/krish_ws/install/nav2_msgs/lib/python3.8/site-packages:/home/agilex/krish_ws/install/nav2_common/lib/python3.8/site-packages:${PYTHONPATH} /usr/bin/cmake --build /home/agilex/krish_ws/build/nav2_costmap_2d -- -j6 -l6
[15.876s] [35m[1mScanning dependencies of target nav2_costmap_2d_core[0m
[16.247s] [  2%] [32mBuilding CXX object CMakeFiles/nav2_costmap_2d_core.dir/src/array_parser.cpp.o[0m
[17.386s] [  4%] [32mBuilding CXX object CMakeFiles/nav2_costmap_2d_core.dir/src/layered_costmap.cpp.o[0m
[22.935s] [  6%] [32mBuilding CXX object CMakeFiles/nav2_costmap_2d_core.dir/src/costmap_2d_ros.cpp.o[0m
[31.981s] [  8%] [32mBuilding CXX object CMakeFiles/nav2_costmap_2d_core.dir/src/costmap_2d_publisher.cpp.o[0m
[33.020s] [ 10%] [32mBuilding CXX object CMakeFiles/nav2_costmap_2d_core.dir/src/layer.cpp.o[0m
[34.171s] [ 12%] [32mBuilding CXX object CMakeFiles/nav2_costmap_2d_core.dir/src/costmap_2d.cpp.o[0m
[36.668s] [ 14%] [32mBuilding CXX object CMakeFiles/nav2_costmap_2d_core.dir/src/costmap_math.cpp.o[0m
[67.982s] [ 16%] [32mBuilding CXX object CMakeFiles/nav2_costmap_2d_core.dir/src/observation_buffer.cpp.o[0m
[78.364s] [ 18%] [32mBuilding CXX object CMakeFiles/nav2_costmap_2d_core.dir/src/clear_costmap_service.cpp.o[0m
[94.663s] [ 20%] [32mBuilding CXX object CMakeFiles/nav2_costmap_2d_core.dir/src/footprint_collision_checker.cpp.o[0m
[101.176s] [ 22%] [32mBuilding CXX object CMakeFiles/nav2_costmap_2d_core.dir/src/costmap_layer.cpp.o[0m
[106.586s] [ 25%] [32mBuilding CXX object CMakeFiles/nav2_costmap_2d_core.dir/src/footprint.cpp.o[0m
[114.779s] [ 27%] [32m[1mLinking CXX shared library libnav2_costmap_2d_core.so[0m
[116.296s] [ 27%] Built target nav2_costmap_2d_core
[116.353s] [35m[1mScanning dependencies of target gtest_main[0m
[116.419s] [35m[1mScanning dependencies of target gtest[0m
[116.442s] [ 29%] [32mBuilding CXX object gtest/CMakeFiles/gtest_main.dir/src/gtest_main.cc.o[0m
[116.537s] [ 31%] [32mBuilding CXX object gtest/CMakeFiles/gtest.dir/src/gtest-all.cc.o[0m
[120.445s] [ 33%] [32m[1mLinking CXX static library libgtest_main.a[0m
[120.858s] [ 33%] Built target gtest_main
[120.965s] [35m[1mScanning dependencies of target nav2_costmap_2d_cloud[0m
[121.309s] [ 35%] [32mBuilding CXX object CMakeFiles/nav2_costmap_2d_cloud.dir/src/costmap_2d_cloud.cpp.o[0m
[138.590s] [ 37%] [32m[1mLinking CXX static library libgtest.a[0m
[138.729s] [ 37%] Built target gtest
[143.683s] [ 39%] [32m[1mLinking CXX executable nav2_costmap_2d_cloud[0m
[144.112s] [ 39%] Built target nav2_costmap_2d_cloud
[144.153s] [35m[1mScanning dependencies of target array_parser_test[0m
[144.203s] [ 41%] [32mBuilding CXX object test/unit/CMakeFiles/array_parser_test.dir/array_parser_test.cpp.o[0m
[147.012s] [ 43%] [32m[1mLinking CXX executable array_parser_test[0m
[147.469s] [ 43%] Built target array_parser_test
[147.509s] [35m[1mScanning dependencies of target collision_footprint_test[0m
[147.635s] [ 45%] [32mBuilding CXX object test/unit/CMakeFiles/collision_footprint_test.dir/footprint_collision_checker_test.cpp.o[0m
[154.468s] [ 47%] [32m[1mLinking CXX executable collision_footprint_test[0m
[154.927s] [ 47%] Built target collision_footprint_test
[154.970s] [35m[1mScanning dependencies of target nav2_costmap_2d_markers[0m
[155.076s] [ 50%] [32mBuilding CXX object CMakeFiles/nav2_costmap_2d_markers.dir/src/costmap_2d_markers.cpp.o[0m
[173.100s] [ 52%] [32m[1mLinking CXX executable nav2_costmap_2d_markers[0m
[173.705s] [ 52%] Built target nav2_costmap_2d_markers
[173.758s] [35m[1mScanning dependencies of target nav2_costmap_2d_client[0m
[174.024s] [ 54%] [32mBuilding CXX object CMakeFiles/nav2_costmap_2d_client.dir/src/footprint_subscriber.cpp.o[0m
[193.557s] [ 56%] [32mBuilding CXX object CMakeFiles/nav2_costmap_2d_client.dir/src/costmap_topic_collision_checker.cpp.o[0m
[199.386s] [ 58%] [32mBuilding CXX object CMakeFiles/nav2_costmap_2d_client.dir/src/costmap_subscriber.cpp.o[0m
[215.205s] [ 60%] [32m[1mLinking CXX shared library libnav2_costmap_2d_client.so[0m
[215.815s] [ 60%] Built target nav2_costmap_2d_client
[215.861s] [35m[1mScanning dependencies of target layers[0m
[216.118s] [ 64%] [32mBuilding CXX object CMakeFiles/layers.dir/plugins/inflation_layer.cpp.o[0m
[216.118s] [ 64%] [32mBuilding CXX object CMakeFiles/layers.dir/plugins/static_layer.cpp.o[0m
[216.129s] [ 66%] [32mBuilding CXX object CMakeFiles/layers.dir/plugins/obstacle_layer.cpp.o[0m
[224.776s] [ 68%] [32mBuilding CXX object CMakeFiles/layers.dir/plugins/voxel_layer.cpp.o[0m
[224.785s] [ 70%] [32mBuilding CXX object CMakeFiles/layers.dir/plugins/range_sensor_layer.cpp.o[0m
[257.384s] [ 72%] [32mBuilding CXX object CMakeFiles/layers.dir/src/observation_buffer.cpp.o[0m
[268.030s] [ 75%] [32m[1mLinking CXX shared library liblayers.so[0m
[268.938s] [ 75%] Built target layers
[268.982s] [35m[1mScanning dependencies of target inflation_tests_exec[0m
[268.983s] [35m[1mScanning dependencies of target nav2_costmap_2d[0m
[268.983s] [35m[1mScanning dependencies of target range_tests_exec[0m
[268.985s] [35m[1mScanning dependencies of target obstacle_tests_exec[0m
[269.156s] [ 77%] [32mBuilding CXX object CMakeFiles/nav2_costmap_2d.dir/src/costmap_2d_node.cpp.o[0m
[269.257s] [ 79%] [32mBuilding CXX object test/integration/CMakeFiles/obstacle_tests_exec.dir/obstacle_tests.cpp.o[0m
[269.276s] [ 81%] [32mBuilding CXX object test/integration/CMakeFiles/inflation_tests_exec.dir/inflation_tests.cpp.o[0m
[269.296s] [ 83%] [32mBuilding CXX object test/integration/CMakeFiles/range_tests_exec.dir/range_tests.cpp.o[0m
[283.470s] [ 85%] [32m[1mLinking CXX executable nav2_costmap_2d[0m
[284.564s] [ 85%] Built target nav2_costmap_2d
[288.200s] [ 87%] [32m[1mLinking CXX executable obstacle_tests_exec[0m
[289.262s] [ 89%] [32m[1mLinking CXX executable range_tests_exec[0m
[289.308s] [ 89%] Built target obstacle_tests_exec
[290.270s] [ 89%] Built target range_tests_exec
[290.535s] [ 91%] [32m[1mLinking CXX executable inflation_tests_exec[0m
[291.485s] [ 91%] Built target inflation_tests_exec
[291.528s] [35m[1mScanning dependencies of target footprint_tests_exec[0m
[291.675s] [ 93%] [32mBuilding CXX object test/integration/CMakeFiles/footprint_tests_exec.dir/footprint_tests.cpp.o[0m
[299.564s] [ 95%] [32m[1mLinking CXX executable footprint_tests_exec[0m
[300.280s] [ 95%] Built target footprint_tests_exec
[300.327s] [35m[1mScanning dependencies of target test_collision_checker_exec[0m
[300.546s] [ 97%] [32mBuilding CXX object test/integration/CMakeFiles/test_collision_checker_exec.dir/test_costmap_topic_collision_checker.cpp.o[0m
[319.053s] [100%] [32m[1mLinking CXX executable test_collision_checker_exec[0m
[320.018s] [100%] Built target test_collision_checker_exec
[320.058s] Invoked command in '/home/agilex/krish_ws/build/nav2_costmap_2d' returned '0': AMENT_PREFIX_PATH=/home/agilex/krish_ws/install/nav2_map_server:/home/agilex/krish_ws/install/nav2_lifecycle_manager:/home/agilex/krish_ws/install/nav2_util:/home/agilex/krish_ws/install/nav2_voxel_grid:/home/agilex/krish_ws/install/nav2_msgs:/home/agilex/krish_ws/install/nav2_common:${AMENT_PREFIX_PATH} CMAKE_PREFIX_PATH=/home/agilex/krish_ws/install/nav2_map_server:/home/agilex/krish_ws/install/nav2_lifecycle_manager:/home/agilex/krish_ws/install/nav2_util:/home/agilex/krish_ws/install/nav2_voxel_grid:/home/agilex/krish_ws/install/nav2_msgs:/home/agilex/krish_ws/install/nav2_common:/home/agilex/krish_ws/install/vision_msgs_rviz_plugins:/home/agilex/krish_ws/install/vision_msgs:/home/agilex/limo_ros2_ws/install/ydlidar_sdk:/home/agilex/limo_ros2_ws/install/ydlidar_ros2_driver:/home/agilex/limo_ros2_ws/install/tf_test:/home/agilex/limo_ros2_ws/install/teb_local_planner:/home/agilex/limo_ros2_ws/install/teb_msgs:/home/agilex/limo_ros2_ws/install/nav2_system_tests:/home/agilex/limo_ros2_ws/install/nav2_bringup:/home/agilex/limo_ros2_ws/install/navigation2:/home/agilex/limo_ros2_ws/install/smac_planner:/home/agilex/limo_ros2_ws/install/rf2o_laser_odometry:/home/agilex/limo_ros2_ws/install/orbbec_description:/home/agilex/limo_ros2_ws/install/orbbec_camera:/home/agilex/limo_ros2_ws/install/orbbec_camera_msgs:/home/agilex/limo_ros2_ws/install/nav2_dwb_controller:/home/agilex/limo_ros2_ws/install/nav2_controller:/home/agilex/limo_ros2_ws/install/dwb_plugins:/home/agilex/limo_ros2_ws/install/dwb_critics:/home/agilex/limo_ros2_ws/install/dwb_core:/home/agilex/limo_ros2_ws/install/nav_2d_utils:/home/agilex/limo_ros2_ws/install/dwb_msgs:/home/agilex/limo_ros2_ws/install/nav_2d_msgs:/home/agilex/limo_ros2_ws/install/nav2_waypoint_follower:/home/agilex/limo_ros2_ws/install/nav2_regulated_pure_pursuit_controller:/home/agilex/limo_ros2_ws/install/nav2_recoveries:/home/agilex/limo_ros2_ws/install/nav2_planner:/home/agilex/limo_ros2_ws/install/nav2_navfn_planner:/home/agilex/limo_ros2_ws/install/nav2_core:/home/agilex/limo_ros2_ws/install/costmap_queue:/home/agilex/limo_ros2_ws/install/costmap_converter:/home/agilex/limo_ros2_ws/install/nav2_costmap_2d:/home/agilex/limo_ros2_ws/install/nav2_voxel_grid:/home/agilex/limo_ros2_ws/install/nav2_rviz_plugins:/home/agilex/limo_ros2_ws/install/nav2_map_server:/home/agilex/limo_ros2_ws/install/nav2_lifecycle_manager:/home/agilex/limo_ros2_ws/install/nav2_bt_navigator:/home/agilex/limo_ros2_ws/install/nav2_behavior_tree:/home/agilex/limo_ros2_ws/install/nav2_amcl:/home/agilex/limo_ros2_ws/install/nav2_util:/home/agilex/limo_ros2_ws/install/nav2_msgs:/home/agilex/limo_ros2_ws/install/nav2_common:/home/agilex/limo_ros2_ws/install/mypalletizer_interfaces:/home/agilex/limo_ros2_ws/install/mycobot_interfaces:/home/agilex/limo_ros2_ws/install/mecharm_interfaces:/home/agilex/limo_ros2_ws/install/limo_visions:/home/agilex/limo_ros2_ws/install/limo_bringup:/home/agilex/limo_ros2_ws/install/limo_base:/home/agilex/limo_ros2_ws/install/limo_msgs:/home/agilex/limo_ros2_ws/install/limo_description:/home/agilex/limo_ros2_ws/install/costmap_converter_msgs:/home/agilex/krish_ws/install/system_launcher:/home/agilex/krish_ws/install/mycobot_arm:/home/agilex/limo_ros2_ws/install/ultraarm:/home/agilex/limo_ros2_ws/install/nav2_gazebo_spawner:/home/agilex/limo_ros2_ws/install/mypalletizer_260_pi:/home/agilex/limo_ros2_ws/install/mypalletizer_260:/home/agilex/limo_ros2_ws/install/mypalletizer_communication:/home/agilex/limo_ros2_ws/install/mycobot_630:/home/agilex/limo_ros2_ws/install/mycobot_600:/home/agilex/limo_ros2_ws/install/mycobot_320pi:/home/agilex/limo_ros2_ws/install/mycobot_320:/home/agilex/limo_ros2_ws/install/mycobot_280pi:/home/agilex/limo_ros2_ws/install/mycobot_280jn:/home/agilex/limo_ros2_ws/install/mycobot_280_x3pi:/home/agilex/limo_ros2_ws/install/mycobot_280:/home/agilex/limo_ros2_ws/install/myarm_m750:/home/agilex/limo_ros2_ws/install/myarm_c650:/home/agilex/limo_ros2_ws/install/myarm_300:/home/agilex/limo_ros2_ws/install/mycobot_communication:/home/agilex/limo_ros2_ws/install/mecharm_pi:/home/agilex/limo_ros2_ws/install/mecharm:/home/agilex/limo_ros2_ws/install/mecharm_communication:/home/agilex/limo_ros2_ws/install/mybuddy:/home/agilex/limo_ros2_ws/install/mycobot_description:/home/agilex/krish_ws/install/object_search:/home/agilex/krish_ws/install/object_detector:/home/agilex/krish_ws/install/nav_handler:/home/agilex/krish_ws/install/mycobot_description:/opt/ros/foxy LD_LIBRARY_PATH=/home/agilex/krish_ws/install/nav2_map_server/lib:/home/agilex/krish_ws/install/nav2_lifecycle_manager/lib:/home/agilex/krish_ws/install/nav2_util/lib:/home/agilex/krish_ws/install/nav2_voxel_grid/lib:/home/agilex/krish_ws/install/nav2_msgs/lib:${LD_LIBRARY_PATH} PYTHONPATH=/home/agilex/krish_ws/install/nav2_msgs/lib/python3.8/site-packages:/home/agilex/krish_ws/install/nav2_common/lib/python3.8/site-packages:${PYTHONPATH} /usr/bin/cmake --build /home/agilex/krish_ws/build/nav2_costmap_2d -- -j6 -l6
[320.482s] Invoking command in '/home/agilex/krish_ws/build/nav2_costmap_2d': AMENT_PREFIX_PATH=/home/agilex/krish_ws/install/nav2_map_server:/home/agilex/krish_ws/install/nav2_lifecycle_manager:/home/agilex/krish_ws/install/nav2_util:/home/agilex/krish_ws/install/nav2_voxel_grid:/home/agilex/krish_ws/install/nav2_msgs:/home/agilex/krish_ws/install/nav2_common:${AMENT_PREFIX_PATH} CMAKE_PREFIX_PATH=/home/agilex/krish_ws/install/nav2_map_server:/home/agilex/krish_ws/install/nav2_lifecycle_manager:/home/agilex/krish_ws/install/nav2_util:/home/agilex/krish_ws/install/nav2_voxel_grid:/home/agilex/krish_ws/install/nav2_msgs:/home/agilex/krish_ws/install/nav2_common:/home/agilex/krish_ws/install/vision_msgs_rviz_plugins:/home/agilex/krish_ws/install/vision_msgs:/home/agilex/limo_ros2_ws/install/ydlidar_sdk:/home/agilex/limo_ros2_ws/install/ydlidar_ros2_driver:/home/agilex/limo_ros2_ws/install/tf_test:/home/agilex/limo_ros2_ws/install/teb_local_planner:/home/agilex/limo_ros2_ws/install/teb_msgs:/home/agilex/limo_ros2_ws/install/nav2_system_tests:/home/agilex/limo_ros2_ws/install/nav2_bringup:/home/agilex/limo_ros2_ws/install/navigation2:/home/agilex/limo_ros2_ws/install/smac_planner:/home/agilex/limo_ros2_ws/install/rf2o_laser_odometry:/home/agilex/limo_ros2_ws/install/orbbec_description:/home/agilex/limo_ros2_ws/install/orbbec_camera:/home/agilex/limo_ros2_ws/install/orbbec_camera_msgs:/home/agilex/limo_ros2_ws/install/nav2_dwb_controller:/home/agilex/limo_ros2_ws/install/nav2_controller:/home/agilex/limo_ros2_ws/install/dwb_plugins:/home/agilex/limo_ros2_ws/install/dwb_critics:/home/agilex/limo_ros2_ws/install/dwb_core:/home/agilex/limo_ros2_ws/install/nav_2d_utils:/home/agilex/limo_ros2_ws/install/dwb_msgs:/home/agilex/limo_ros2_ws/install/nav_2d_msgs:/home/agilex/limo_ros2_ws/install/nav2_waypoint_follower:/home/agilex/limo_ros2_ws/install/nav2_regulated_pure_pursuit_controller:/home/agilex/limo_ros2_ws/install/nav2_recoveries:/home/agilex/limo_ros2_ws/install/nav2_planner:/home/agilex/limo_ros2_ws/install/nav2_navfn_planner:/home/agilex/limo_ros2_ws/install/nav2_core:/home/agilex/limo_ros2_ws/install/costmap_queue:/home/agilex/limo_ros2_ws/install/costmap_converter:/home/agilex/limo_ros2_ws/install/nav2_costmap_2d:/home/agilex/limo_ros2_ws/install/nav2_voxel_grid:/home/agilex/limo_ros2_ws/install/nav2_rviz_plugins:/home/agilex/limo_ros2_ws/install/nav2_map_server:/home/agilex/limo_ros2_ws/install/nav2_lifecycle_manager:/home/agilex/limo_ros2_ws/install/nav2_bt_navigator:/home/agilex/limo_ros2_ws/install/nav2_behavior_tree:/home/agilex/limo_ros2_ws/install/nav2_amcl:/home/agilex/limo_ros2_ws/install/nav2_util:/home/agilex/limo_ros2_ws/install/nav2_msgs:/home/agilex/limo_ros2_ws/install/nav2_common:/home/agilex/limo_ros2_ws/install/mypalletizer_interfaces:/home/agilex/limo_ros2_ws/install/mycobot_interfaces:/home/agilex/limo_ros2_ws/install/mecharm_interfaces:/home/agilex/limo_ros2_ws/install/limo_visions:/home/agilex/limo_ros2_ws/install/limo_bringup:/home/agilex/limo_ros2_ws/install/limo_base:/home/agilex/limo_ros2_ws/install/limo_msgs:/home/agilex/limo_ros2_ws/install/limo_description:/home/agilex/limo_ros2_ws/install/costmap_converter_msgs:/home/agilex/krish_ws/install/system_launcher:/home/agilex/krish_ws/install/mycobot_arm:/home/agilex/limo_ros2_ws/install/ultraarm:/home/agilex/limo_ros2_ws/install/nav2_gazebo_spawner:/home/agilex/limo_ros2_ws/install/mypalletizer_260_pi:/home/agilex/limo_ros2_ws/install/mypalletizer_260:/home/agilex/limo_ros2_ws/install/mypalletizer_communication:/home/agilex/limo_ros2_ws/install/mycobot_630:/home/agilex/limo_ros2_ws/install/mycobot_600:/home/agilex/limo_ros2_ws/install/mycobot_320pi:/home/agilex/limo_ros2_ws/install/mycobot_320:/home/agilex/limo_ros2_ws/install/mycobot_280pi:/home/agilex/limo_ros2_ws/install/mycobot_280jn:/home/agilex/limo_ros2_ws/install/mycobot_280_x3pi:/home/agilex/limo_ros2_ws/install/mycobot_280:/home/agilex/limo_ros2_ws/install/myarm_m750:/home/agilex/limo_ros2_ws/install/myarm_c650:/home/agilex/limo_ros2_ws/install/myarm_300:/home/agilex/limo_ros2_ws/install/mycobot_communication:/home/agilex/limo_ros2_ws/install/mecharm_pi:/home/agilex/limo_ros2_ws/install/mecharm:/home/agilex/limo_ros2_ws/install/mecharm_communication:/home/agilex/limo_ros2_ws/install/mybuddy:/home/agilex/limo_ros2_ws/install/mycobot_description:/home/agilex/krish_ws/install/object_search:/home/agilex/krish_ws/install/object_detector:/home/agilex/krish_ws/install/nav_handler:/home/agilex/krish_ws/install/mycobot_description:/opt/ros/foxy LD_LIBRARY_PATH=/home/agilex/krish_ws/install/nav2_map_server/lib:/home/agilex/krish_ws/install/nav2_lifecycle_manager/lib:/home/agilex/krish_ws/install/nav2_util/lib:/home/agilex/krish_ws/install/nav2_voxel_grid/lib:/home/agilex/krish_ws/install/nav2_msgs/lib:${LD_LIBRARY_PATH} PYTHONPATH=/home/agilex/krish_ws/install/nav2_msgs/lib/python3.8/site-packages:/home/agilex/krish_ws/install/nav2_common/lib/python3.8/site-packages:${PYTHONPATH} /usr/bin/cmake --install /home/agilex/krish_ws/build/nav2_costmap_2d
[320.518s] -- Install configuration: "Release"
[320.518s] -- Execute custom install script
[320.519s] -- Symlinking: /home/agilex/krish_ws/install/nav2_costmap_2d/lib/libnav2_costmap_2d_core.so
[320.550s] -- Symlinking: /home/agilex/krish_ws/install/nav2_costmap_2d/lib/liblayers.so
[320.581s] -- Symlinking: /home/agilex/krish_ws/install/nav2_costmap_2d/lib/libnav2_costmap_2d_client.so
[320.614s] -- Symlinking: /home/agilex/krish_ws/install/nav2_costmap_2d/lib/nav2_costmap_2d/nav2_costmap_2d
[320.648s] -- Symlinking: /home/agilex/krish_ws/install/nav2_costmap_2d/lib/nav2_costmap_2d/nav2_costmap_2d_markers
[320.681s] -- Symlinking: /home/agilex/krish_ws/install/nav2_costmap_2d/lib/nav2_costmap_2d/nav2_costmap_2d_cloud
[320.715s] -- Symlinking: /home/agilex/krish_ws/install/nav2_costmap_2d/share/nav2_costmap_2d/costmap_plugins.xml
[320.750s] -- Symlinking: /home/agilex/krish_ws/install/nav2_costmap_2d/include//nav2_costmap_2d/array_parser.hpp
[320.786s] -- Symlinking: /home/agilex/krish_ws/install/nav2_costmap_2d/include//nav2_costmap_2d/clear_costmap_service.hpp
[320.818s] -- Symlinking: /home/agilex/krish_ws/install/nav2_costmap_2d/include//nav2_costmap_2d/cost_values.hpp
[320.850s] -- Symlinking: /home/agilex/krish_ws/install/nav2_costmap_2d/include//nav2_costmap_2d/costmap_2d.hpp
[320.885s] -- Symlinking: /home/agilex/krish_ws/install/nav2_costmap_2d/include//nav2_costmap_2d/costmap_2d_publisher.hpp
[320.920s] -- Symlinking: /home/agilex/krish_ws/install/nav2_costmap_2d/include//nav2_costmap_2d/costmap_2d_ros.hpp
[320.952s] -- Symlinking: /home/agilex/krish_ws/install/nav2_costmap_2d/include//nav2_costmap_2d/costmap_layer.hpp
[320.990s] -- Symlinking: /home/agilex/krish_ws/install/nav2_costmap_2d/include//nav2_costmap_2d/costmap_math.hpp
[321.023s] -- Symlinking: /home/agilex/krish_ws/install/nav2_costmap_2d/include//nav2_costmap_2d/costmap_subscriber.hpp
[321.054s] -- Symlinking: /home/agilex/krish_ws/install/nav2_costmap_2d/include//nav2_costmap_2d/costmap_topic_collision_checker.hpp
[321.088s] -- Symlinking: /home/agilex/krish_ws/install/nav2_costmap_2d/include//nav2_costmap_2d/exceptions.hpp
[321.120s] -- Symlinking: /home/agilex/krish_ws/install/nav2_costmap_2d/include//nav2_costmap_2d/footprint.hpp
[321.153s] -- Symlinking: /home/agilex/krish_ws/install/nav2_costmap_2d/include//nav2_costmap_2d/footprint_collision_checker.hpp
[321.185s] -- Symlinking: /home/agilex/krish_ws/install/nav2_costmap_2d/include//nav2_costmap_2d/footprint_subscriber.hpp
[321.217s] -- Symlinking: /home/agilex/krish_ws/install/nav2_costmap_2d/include//nav2_costmap_2d/inflation_layer.hpp
[321.250s] -- Symlinking: /home/agilex/krish_ws/install/nav2_costmap_2d/include//nav2_costmap_2d/layer.hpp
[321.285s] -- Symlinking: /home/agilex/krish_ws/install/nav2_costmap_2d/include//nav2_costmap_2d/layered_costmap.hpp
[321.318s] -- Symlinking: /home/agilex/krish_ws/install/nav2_costmap_2d/include//nav2_costmap_2d/observation.hpp
[321.351s] -- Symlinking: /home/agilex/krish_ws/install/nav2_costmap_2d/include//nav2_costmap_2d/observation_buffer.hpp
[321.384s] -- Symlinking: /home/agilex/krish_ws/install/nav2_costmap_2d/include//nav2_costmap_2d/obstacle_layer.hpp
[321.416s] -- Symlinking: /home/agilex/krish_ws/install/nav2_costmap_2d/include//nav2_costmap_2d/range_sensor_layer.hpp
[321.451s] -- Symlinking: /home/agilex/krish_ws/install/nav2_costmap_2d/include//nav2_costmap_2d/static_layer.hpp
[321.483s] -- Symlinking: /home/agilex/krish_ws/install/nav2_costmap_2d/include//nav2_costmap_2d/voxel_layer.hpp
[321.520s] -- Symlinking: /home/agilex/krish_ws/install/nav2_costmap_2d/share/nav2_costmap_2d/environment/library_path.sh
[321.552s] -- Symlinking: /home/agilex/krish_ws/install/nav2_costmap_2d/share/nav2_costmap_2d/environment/library_path.dsv
[321.586s] -- Up-to-date symlink: /home/agilex/krish_ws/install/nav2_costmap_2d/share/nav2_costmap_2d//costmap_plugins.xml
[321.593s] -- Symlinking: /home/agilex/krish_ws/install/nav2_costmap_2d/share/ament_index/resource_index/package_run_dependencies/nav2_costmap_2d
[321.624s] -- Symlinking: /home/agilex/krish_ws/install/nav2_costmap_2d/share/ament_index/resource_index/parent_prefix_path/nav2_costmap_2d
[321.657s] -- Symlinking: /home/agilex/krish_ws/install/nav2_costmap_2d/share/nav2_costmap_2d/environment/ament_prefix_path.sh
[321.691s] -- Symlinking: /home/agilex/krish_ws/install/nav2_costmap_2d/share/nav2_costmap_2d/environment/ament_prefix_path.dsv
[321.722s] -- Symlinking: /home/agilex/krish_ws/install/nav2_costmap_2d/share/nav2_costmap_2d/environment/path.sh
[321.756s] -- Symlinking: /home/agilex/krish_ws/install/nav2_costmap_2d/share/nav2_costmap_2d/environment/path.dsv
[321.792s] -- Symlinking: /home/agilex/krish_ws/install/nav2_costmap_2d/share/nav2_costmap_2d/local_setup.bash
[321.824s] -- Symlinking: /home/agilex/krish_ws/install/nav2_costmap_2d/share/nav2_costmap_2d/local_setup.sh
[321.858s] -- Symlinking: /home/agilex/krish_ws/install/nav2_costmap_2d/share/nav2_costmap_2d/local_setup.zsh
[321.895s] -- Symlinking: /home/agilex/krish_ws/install/nav2_costmap_2d/share/nav2_costmap_2d/local_setup.dsv
[321.928s] -- Symlinking: /home/agilex/krish_ws/install/nav2_costmap_2d/share/nav2_costmap_2d/package.dsv
[321.961s] -- Symlinking: /home/agilex/krish_ws/install/nav2_costmap_2d/share/ament_index/resource_index/packages/nav2_costmap_2d
[321.997s] -- Symlinking: /home/agilex/krish_ws/install/nav2_costmap_2d/share/ament_index/resource_index/nav2_costmap_2d__pluginlib__plugin/nav2_costmap_2d
[322.031s] -- Symlinking: /home/agilex/krish_ws/install/nav2_costmap_2d/share/nav2_costmap_2d/cmake/ament_cmake_export_include_directories-extras.cmake
[322.064s] -- Symlinking: /home/agilex/krish_ws/install/nav2_costmap_2d/share/nav2_costmap_2d/cmake/ament_cmake_export_libraries-extras.cmake
[322.099s] -- Symlinking: /home/agilex/krish_ws/install/nav2_costmap_2d/share/nav2_costmap_2d/cmake/ament_cmake_export_dependencies-extras.cmake
[322.133s] -- Symlinking: /home/agilex/krish_ws/install/nav2_costmap_2d/share/nav2_costmap_2d/cmake/nav2_costmap_2dConfig.cmake
[322.168s] -- Symlinking: /home/agilex/krish_ws/install/nav2_costmap_2d/share/nav2_costmap_2d/cmake/nav2_costmap_2dConfig-version.cmake
[322.202s] -- Symlinking: /home/agilex/krish_ws/install/nav2_costmap_2d/share/nav2_costmap_2d/package.xml
[322.242s] Invoked command in '/home/agilex/krish_ws/build/nav2_costmap_2d' returned '0': AMENT_PREFIX_PATH=/home/agilex/krish_ws/install/nav2_map_server:/home/agilex/krish_ws/install/nav2_lifecycle_manager:/home/agilex/krish_ws/install/nav2_util:/home/agilex/krish_ws/install/nav2_voxel_grid:/home/agilex/krish_ws/install/nav2_msgs:/home/agilex/krish_ws/install/nav2_common:${AMENT_PREFIX_PATH} CMAKE_PREFIX_PATH=/home/agilex/krish_ws/install/nav2_map_server:/home/agilex/krish_ws/install/nav2_lifecycle_manager:/home/agilex/krish_ws/install/nav2_util:/home/agilex/krish_ws/install/nav2_voxel_grid:/home/agilex/krish_ws/install/nav2_msgs:/home/agilex/krish_ws/install/nav2_common:/home/agilex/krish_ws/install/vision_msgs_rviz_plugins:/home/agilex/krish_ws/install/vision_msgs:/home/agilex/limo_ros2_ws/install/ydlidar_sdk:/home/agilex/limo_ros2_ws/install/ydlidar_ros2_driver:/home/agilex/limo_ros2_ws/install/tf_test:/home/agilex/limo_ros2_ws/install/teb_local_planner:/home/agilex/limo_ros2_ws/install/teb_msgs:/home/agilex/limo_ros2_ws/install/nav2_system_tests:/home/agilex/limo_ros2_ws/install/nav2_bringup:/home/agilex/limo_ros2_ws/install/navigation2:/home/agilex/limo_ros2_ws/install/smac_planner:/home/agilex/limo_ros2_ws/install/rf2o_laser_odometry:/home/agilex/limo_ros2_ws/install/orbbec_description:/home/agilex/limo_ros2_ws/install/orbbec_camera:/home/agilex/limo_ros2_ws/install/orbbec_camera_msgs:/home/agilex/limo_ros2_ws/install/nav2_dwb_controller:/home/agilex/limo_ros2_ws/install/nav2_controller:/home/agilex/limo_ros2_ws/install/dwb_plugins:/home/agilex/limo_ros2_ws/install/dwb_critics:/home/agilex/limo_ros2_ws/install/dwb_core:/home/agilex/limo_ros2_ws/install/nav_2d_utils:/home/agilex/limo_ros2_ws/install/dwb_msgs:/home/agilex/limo_ros2_ws/install/nav_2d_msgs:/home/agilex/limo_ros2_ws/install/nav2_waypoint_follower:/home/agilex/limo_ros2_ws/install/nav2_regulated_pure_pursuit_controller:/home/agilex/limo_ros2_ws/install/nav2_recoveries:/home/agilex/limo_ros2_ws/install/nav2_planner:/home/agilex/limo_ros2_ws/install/nav2_navfn_planner:/home/agilex/limo_ros2_ws/install/nav2_core:/home/agilex/limo_ros2_ws/install/costmap_queue:/home/agilex/limo_ros2_ws/install/costmap_converter:/home/agilex/limo_ros2_ws/install/nav2_costmap_2d:/home/agilex/limo_ros2_ws/install/nav2_voxel_grid:/home/agilex/limo_ros2_ws/install/nav2_rviz_plugins:/home/agilex/limo_ros2_ws/install/nav2_map_server:/home/agilex/limo_ros2_ws/install/nav2_lifecycle_manager:/home/agilex/limo_ros2_ws/install/nav2_bt_navigator:/home/agilex/limo_ros2_ws/install/nav2_behavior_tree:/home/agilex/limo_ros2_ws/install/nav2_amcl:/home/agilex/limo_ros2_ws/install/nav2_util:/home/agilex/limo_ros2_ws/install/nav2_msgs:/home/agilex/limo_ros2_ws/install/nav2_common:/home/agilex/limo_ros2_ws/install/mypalletizer_interfaces:/home/agilex/limo_ros2_ws/install/mycobot_interfaces:/home/agilex/limo_ros2_ws/install/mecharm_interfaces:/home/agilex/limo_ros2_ws/install/limo_visions:/home/agilex/limo_ros2_ws/install/limo_bringup:/home/agilex/limo_ros2_ws/install/limo_base:/home/agilex/limo_ros2_ws/install/limo_msgs:/home/agilex/limo_ros2_ws/install/limo_description:/home/agilex/limo_ros2_ws/install/costmap_converter_msgs:/home/agilex/krish_ws/install/system_launcher:/home/agilex/krish_ws/install/mycobot_arm:/home/agilex/limo_ros2_ws/install/ultraarm:/home/agilex/limo_ros2_ws/install/nav2_gazebo_spawner:/home/agilex/limo_ros2_ws/install/mypalletizer_260_pi:/home/agilex/limo_ros2_ws/install/mypalletizer_260:/home/agilex/limo_ros2_ws/install/mypalletizer_communication:/home/agilex/limo_ros2_ws/install/mycobot_630:/home/agilex/limo_ros2_ws/install/mycobot_600:/home/agilex/limo_ros2_ws/install/mycobot_320pi:/home/agilex/limo_ros2_ws/install/mycobot_320:/home/agilex/limo_ros2_ws/install/mycobot_280pi:/home/agilex/limo_ros2_ws/install/mycobot_280jn:/home/agilex/limo_ros2_ws/install/mycobot_280_x3pi:/home/agilex/limo_ros2_ws/install/mycobot_280:/home/agilex/limo_ros2_ws/install/myarm_m750:/home/agilex/limo_ros2_ws/install/myarm_c650:/home/agilex/limo_ros2_ws/install/myarm_300:/home/agilex/limo_ros2_ws/install/mycobot_communication:/home/agilex/limo_ros2_ws/install/mecharm_pi:/home/agilex/limo_ros2_ws/install/mecharm:/home/agilex/limo_ros2_ws/install/mecharm_communication:/home/agilex/limo_ros2_ws/install/mybuddy:/home/agilex/limo_ros2_ws/install/mycobot_description:/home/agilex/krish_ws/install/object_search:/home/agilex/krish_ws/install/object_detector:/home/agilex/krish_ws/install/nav_handler:/home/agilex/krish_ws/install/mycobot_description:/opt/ros/foxy LD_LIBRARY_PATH=/home/agilex/krish_ws/install/nav2_map_server/lib:/home/agilex/krish_ws/install/nav2_lifecycle_manager/lib:/home/agilex/krish_ws/install/nav2_util/lib:/home/agilex/krish_ws/install/nav2_voxel_grid/lib:/home/agilex/krish_ws/install/nav2_msgs/lib:${LD_LIBRARY_PATH} PYTHONPATH=/home/agilex/krish_ws/install/nav2_msgs/lib/python3.8/site-packages:/home/agilex/krish_ws/install/nav2_common/lib/python3.8/site-packages:${PYTHONPATH} /usr/bin/cmake --install /home/agilex/krish_ws/build/nav2_costmap_2d
