/home/agilex/krish_ws/install/nav_handler/lib/python3.8/site-packages/nav_handler/__init__.py
/home/agilex/krish_ws/install/nav_handler/lib/python3.8/site-packages/nav_handler/manual_object_nav_test.py
/home/agilex/krish_ws/install/nav_handler/lib/python3.8/site-packages/nav_handler/pose_setter.py
/home/agilex/krish_ws/install/nav_handler/lib/python3.8/site-packages/nav_handler/nav_handler.py
/home/agilex/krish_ws/install/nav_handler/lib/python3.8/site-packages/nav_handler/__pycache__/__init__.cpython-38.pyc
/home/agilex/krish_ws/install/nav_handler/lib/python3.8/site-packages/nav_handler/__pycache__/manual_object_nav_test.cpython-38.pyc
/home/agilex/krish_ws/install/nav_handler/lib/python3.8/site-packages/nav_handler/__pycache__/pose_setter.cpython-38.pyc
/home/agilex/krish_ws/install/nav_handler/lib/python3.8/site-packages/nav_handler/__pycache__/nav_handler.cpython-38.pyc
/home/agilex/krish_ws/install/nav_handler/share/ament_index/resource_index/packages/nav_handler
/home/agilex/krish_ws/install/nav_handler/share/nav_handler/package.xml
/home/agilex/krish_ws/install/nav_handler/lib/python3.8/site-packages/nav_handler-0.0.0-py3.8.egg-info/dependency_links.txt
/home/agilex/krish_ws/install/nav_handler/lib/python3.8/site-packages/nav_handler-0.0.0-py3.8.egg-info/zip-safe
/home/agilex/krish_ws/install/nav_handler/lib/python3.8/site-packages/nav_handler-0.0.0-py3.8.egg-info/PKG-INFO
/home/agilex/krish_ws/install/nav_handler/lib/python3.8/site-packages/nav_handler-0.0.0-py3.8.egg-info/SOURCES.txt
/home/agilex/krish_ws/install/nav_handler/lib/python3.8/site-packages/nav_handler-0.0.0-py3.8.egg-info/requires.txt
/home/agilex/krish_ws/install/nav_handler/lib/python3.8/site-packages/nav_handler-0.0.0-py3.8.egg-info/entry_points.txt
/home/agilex/krish_ws/install/nav_handler/lib/python3.8/site-packages/nav_handler-0.0.0-py3.8.egg-info/top_level.txt
/home/agilex/krish_ws/install/nav_handler/lib/nav_handler/nav_handler
/home/agilex/krish_ws/install/nav_handler/lib/nav_handler/pose_setter
/home/agilex/krish_ws/install/nav_handler/lib/nav_handler/test
