[5.611s] Invoking command in '/home/agilex/krish_ws/src/nav_handler': PYTHONPATH=/home/agilex/krish_ws/build/nav_handler/prefix_override:/home/agilex/krish_ws/install/nav_handler/lib/python3.8/site-packages:${PYTHONPATH} /usr/bin/python3 setup.py egg_info --egg-base ../../build/nav_handler build --build-base /home/agilex/krish_ws/build/nav_handler/build install --record /home/agilex/krish_ws/build/nav_handler/install.log --install-scripts $base/lib/nav_handler --single-version-externally-managed
[6.008s] /home/agilex/.local/lib/python3.8/site-packages/setuptools/dist.py:476: SetuptoolsDeprecationWarning: Invalid dash-separated options
[6.008s] !!
[6.008s] 
[6.009s]         ********************************************************************************
[6.009s]         Usage of dash-separated 'script-dir' will not be supported in future
[6.009s]         versions. Please use the underscore name 'script_dir' instead.
[6.009s] 
[6.009s]         This deprecation is overdue, please update your project and remove deprecated
[6.009s]         calls to avoid build errors in the future.
[6.009s] 
[6.009s]         See https://setuptools.pypa.io/en/latest/userguide/declarative_config.html for details.
[6.010s]         ********************************************************************************
[6.010s] 
[6.010s] !!
[6.010s]   opt = self.warn_dash_deprecation(opt, section)
[6.287s] running egg_info
[6.333s] writing ../../build/nav_handler/nav_handler.egg-info/PKG-INFO
[6.335s] writing dependency_links to ../../build/nav_handler/nav_handler.egg-info/dependency_links.txt
[6.335s] writing entry points to ../../build/nav_handler/nav_handler.egg-info/entry_points.txt
[6.335s] writing requirements to ../../build/nav_handler/nav_handler.egg-info/requires.txt
[6.336s] writing top-level names to ../../build/nav_handler/nav_handler.egg-info/top_level.txt
[6.695s] reading manifest file '../../build/nav_handler/nav_handler.egg-info/SOURCES.txt'
[6.697s] writing manifest file '../../build/nav_handler/nav_handler.egg-info/SOURCES.txt'
[6.697s] running build
[6.698s] running build_py
[6.698s] copying nav_handler/__init__.py -> /home/agilex/krish_ws/build/nav_handler/build/lib/nav_handler
[6.699s] copying nav_handler/pose_setter.py -> /home/agilex/krish_ws/build/nav_handler/build/lib/nav_handler
[6.699s] copying nav_handler/nav_handler.py -> /home/agilex/krish_ws/build/nav_handler/build/lib/nav_handler
[6.700s] running install
[6.701s] /home/agilex/.local/lib/python3.8/site-packages/setuptools/_distutils/cmd.py:66: SetuptoolsDeprecationWarning: setup.py install is deprecated.
[6.701s] !!
[6.701s] 
[6.701s]         ********************************************************************************
[6.701s]         Please avoid running ``setup.py`` directly.
[6.702s]         Instead, use pypa/build, pypa/installer or other
[6.702s]         standards-based tools.
[6.702s] 
[6.702s]         See https://blog.ganssle.io/articles/2021/10/setup-py-deprecated.html for details.
[6.702s]         ********************************************************************************
[6.702s] 
[6.702s] !!
[6.702s]   self.initialize_options()
[6.714s] running install_lib
[6.759s] copying /home/agilex/krish_ws/build/nav_handler/build/lib/nav_handler/nav_handler.py -> /home/agilex/krish_ws/install/nav_handler/lib/python3.8/site-packages/nav_handler
[6.761s] byte-compiling /home/agilex/krish_ws/install/nav_handler/lib/python3.8/site-packages/nav_handler/nav_handler.py to nav_handler.cpython-38.pyc
[6.763s] running install_data
[6.810s] copying resource/nav_handler -> /home/agilex/krish_ws/install/nav_handler/share/ament_index/resource_index/packages
[6.810s] copying package.xml -> /home/agilex/krish_ws/install/nav_handler/share/nav_handler
[6.811s] running install_egg_info
[6.859s] removing '/home/agilex/krish_ws/install/nav_handler/lib/python3.8/site-packages/nav_handler-0.0.0-py3.8.egg-info' (and everything under it)
[6.859s] Copying ../../build/nav_handler/nav_handler.egg-info to /home/agilex/krish_ws/install/nav_handler/lib/python3.8/site-packages/nav_handler-0.0.0-py3.8.egg-info
[6.862s] running install_scripts
[6.972s] Installing nav_handler script to /home/agilex/krish_ws/install/nav_handler/lib/nav_handler
[6.973s] Installing pose_setter script to /home/agilex/krish_ws/install/nav_handler/lib/nav_handler
[6.973s] writing list of installed files to '/home/agilex/krish_ws/build/nav_handler/install.log'
[7.066s] Invoked command in '/home/agilex/krish_ws/src/nav_handler' returned '0': PYTHONPATH=/home/agilex/krish_ws/build/nav_handler/prefix_override:/home/agilex/krish_ws/install/nav_handler/lib/python3.8/site-packages:${PYTHONPATH} /usr/bin/python3 setup.py egg_info --egg-base ../../build/nav_handler build --build-base /home/agilex/krish_ws/build/nav_handler/build install --record /home/agilex/krish_ws/build/nav_handler/install.log --install-scripts $base/lib/nav_handler --single-version-externally-managed
