running egg_info
writing ../../build/yolov5_ros2/yolov5_ros2.egg-info/PKG-INFO
writing dependency_links to ../../build/yolov5_ros2/yolov5_ros2.egg-info/dependency_links.txt
writing entry points to ../../build/yolov5_ros2/yolov5_ros2.egg-info/entry_points.txt
writing requirements to ../../build/yolov5_ros2/yolov5_ros2.egg-info/requires.txt
writing top-level names to ../../build/yolov5_ros2/yolov5_ros2.egg-info/top_level.txt
reading manifest file '../../build/yolov5_ros2/yolov5_ros2.egg-info/SOURCES.txt'
writing manifest file '../../build/yolov5_ros2/yolov5_ros2.egg-info/SOURCES.txt'
running build
running build_py
copying yolov5_ros2/yolo_detect_2d.py -> /home/agilex/krish_ws/build/yolov5_ros2/build/lib/yolov5_ros2
running install
running install_lib
copying /home/agilex/krish_ws/build/yolov5_ros2/build/lib/yolov5_ros2/yolo_detect_2d.py -> /home/agilex/krish_ws/install/yolov5_ros2/lib/python3.8/site-packages/yolov5_ros2
byte-compiling /home/agilex/krish_ws/install/yolov5_ros2/lib/python3.8/site-packages/yolov5_ros2/yolo_detect_2d.py to yolo_detect_2d.cpython-38.pyc
running install_data
copying launch/yolov5_fixed.launch.py -> /home/agilex/krish_ws/install/yolov5_ros2/share/yolov5_ros2/launch
copying config/yolov5m.pt -> /home/agilex/krish_ws/install/yolov5_ros2/share/yolov5_ros2/config
running install_egg_info
removing '/home/agilex/krish_ws/install/yolov5_ros2/lib/python3.8/site-packages/yolov5_ros2-0.0.0-py3.8.egg-info' (and everything under it)
Copying ../../build/yolov5_ros2/yolov5_ros2.egg-info to /home/agilex/krish_ws/install/yolov5_ros2/lib/python3.8/site-packages/yolov5_ros2-0.0.0-py3.8.egg-info
running install_scripts
Installing yolo_detect_2d script to /home/agilex/krish_ws/install/yolov5_ros2/lib/yolov5_ros2
writing list of installed files to '/home/agilex/krish_ws/build/yolov5_ros2/install.log'
