[17.175s] Invoking command in '/home/agilex/krish_ws/build/my_launch_pkg': PYTHONPATH=/home/agilex/krish_ws/build/my_launch_pkg/prefix_override:/home/agilex/krish_ws/install/my_launch_pkg/lib/python3.8/site-packages:${PYTHONPATH} /usr/bin/python3 setup.py develop --editable --build-directory /home/agilex/krish_ws/build/my_launch_pkg/build --no-deps install_data
[17.604s] /home/agilex/.local/lib/python3.8/site-packages/setuptools/dist.py:476: SetuptoolsDeprecationWarning: Invalid dash-separated options
[17.604s] !!
[17.604s] 
[17.604s]         ********************************************************************************
[17.604s]         Usage of dash-separated 'script-dir' will not be supported in future
[17.604s]         versions. Please use the underscore name 'script_dir' instead.
[17.605s] 
[17.605s]         This deprecation is overdue, please update your project and remove deprecated
[17.605s]         calls to avoid build errors in the future.
[17.605s] 
[17.605s]         See https://setuptools.pypa.io/en/latest/userguide/declarative_config.html for details.
[17.605s]         ********************************************************************************
[17.605s] 
[17.606s] !!
[17.606s]   opt = self.warn_dash_deprecation(opt, section)
[18.167s] running develop
[18.167s] /home/agilex/.local/lib/python3.8/site-packages/setuptools/command/develop.py:40: EasyInstallDeprecationWarning: easy_install command is deprecated.
[18.167s] !!
[18.167s] 
[18.167s]         ********************************************************************************
[18.167s]         Please avoid running ``setup.py`` and ``easy_install``.
[18.168s]         Instead, use pypa/build, pypa/installer or other
[18.168s]         standards-based tools.
[18.168s] 
[18.168s]         See https://github.com/pypa/setuptools/issues/917 for details.
[18.168s]         ********************************************************************************
[18.168s] 
[18.168s] !!
[18.168s]   easy_install.initialize_options(self)
[18.261s] /home/agilex/.local/lib/python3.8/site-packages/setuptools/_distutils/cmd.py:66: SetuptoolsDeprecationWarning: setup.py install is deprecated.
[18.262s] !!
[18.262s] 
[18.262s]         ********************************************************************************
[18.262s]         Please avoid running ``setup.py`` directly.
[18.262s]         Instead, use pypa/build, pypa/installer or other
[18.262s]         standards-based tools.
[18.263s] 
[18.263s]         See https://blog.ganssle.io/articles/2021/10/setup-py-deprecated.html for details.
[18.264s]         ********************************************************************************
[18.264s] 
[18.264s] !!
[18.265s]   self.initialize_options()
[18.768s] running egg_info
[18.814s] writing my_launch_pkg.egg-info/PKG-INFO
[18.815s] writing dependency_links to my_launch_pkg.egg-info/dependency_links.txt
[18.816s] writing requirements to my_launch_pkg.egg-info/requires.txt
[18.816s] writing top-level names to my_launch_pkg.egg-info/top_level.txt
[18.918s] reading manifest file 'my_launch_pkg.egg-info/SOURCES.txt'
[18.919s] writing manifest file 'my_launch_pkg.egg-info/SOURCES.txt'
[19.105s] running build_ext
[19.106s] Creating /home/agilex/krish_ws/install/my_launch_pkg/lib/python3.8/site-packages/my-launch-pkg.egg-link (link to .)
[19.114s] 
[19.115s] Installed /home/agilex/krish_ws/build/my_launch_pkg
[19.115s] running install_data
[19.115s] copying resource/my_launch_pkg -> /home/agilex/krish_ws/install/my_launch_pkg/share/ament_index/resource_index/packages
[19.115s] copying package.xml -> /home/agilex/krish_ws/install/my_launch_pkg/share/my_launch_pkg
[19.115s] copying launch/full_system.launch.py -> /home/agilex/krish_ws/install/my_launch_pkg/share/my_launch_pkg/launch
[23.225s] Invoked command in '/home/agilex/krish_ws/build/my_launch_pkg' returned '0': PYTHONPATH=/home/agilex/krish_ws/build/my_launch_pkg/prefix_override:/home/agilex/krish_ws/install/my_launch_pkg/lib/python3.8/site-packages:${PYTHONPATH} /usr/bin/python3 setup.py develop --editable --build-directory /home/agilex/krish_ws/build/my_launch_pkg/build --no-deps install_data
