[4.959s] Invoking command in '/home/agilex/krish_ws/build/vision_msgs': CMAKE_PREFIX_PATH=${CMAKE_PREFIX_PATH}:/home/agilex/krish_ws/install/yolov5_ros2:/home/agilex/krish_ws/install/yolo_ros:/home/agilex/krish_ws/install/object_detection:/home/agilex/krish_ws/install/object_search:/home/agilex/krish_ws/install/object_detector:/home/agilex/limo_ros2_ws/install/ultraarm:/home/agilex/limo_ros2_ws/install/nav2_gazebo_spawner:/home/agilex/limo_ros2_ws/install/mypalletizer_260_pi:/home/agilex/limo_ros2_ws/install/mypalletizer_260:/home/agilex/limo_ros2_ws/install/mypalletizer_communication:/home/agilex/limo_ros2_ws/install/mycobot_630:/home/agilex/limo_ros2_ws/install/mycobot_600:/home/agilex/limo_ros2_ws/install/mycobot_320pi:/home/agilex/limo_ros2_ws/install/mycobot_320:/home/agilex/limo_ros2_ws/install/mycobot_280pi:/home/agilex/limo_ros2_ws/install/mycobot_280jn:/home/agilex/limo_ros2_ws/install/mycobot_280_x3pi:/home/agilex/limo_ros2_ws/install/mycobot_280:/home/agilex/limo_ros2_ws/install/myarm_m750:/home/agilex/limo_ros2_ws/install/myarm_c650:/home/agilex/limo_ros2_ws/install/myarm_300:/home/agilex/limo_ros2_ws/install/mycobot_communication:/home/agilex/limo_ros2_ws/install/mecharm_pi:/home/agilex/limo_ros2_ws/install/mecharm:/home/agilex/limo_ros2_ws/install/mecharm_communication:/home/agilex/limo_ros2_ws/install/mybuddy:/home/agilex/limo_ros2_ws/install/mycobot_description:/opt/ros/foxy /usr/bin/cmake --build /home/agilex/krish_ws/build/vision_msgs -- -j6 -l6
[7.116s] [  1%] Built target gtest
[7.118s] [  3%] Built target gtest_main
[7.118s] [  3%] Built target vision_msgs__cpp
[7.119s] [ 14%] Built target vision_msgs__rosidl_generator_c
[7.123s] [ 25%] Built target vision_msgs__rosidl_typesupport_cpp
[7.123s] [ 36%] Built target vision_msgs__rosidl_typesupport_introspection_cpp
[7.123s] [ 47%] Built target vision_msgs__rosidl_typesupport_fastrtps_cpp
[7.123s] [ 58%] Built target vision_msgs__rosidl_typesupport_c
[7.123s] [ 69%] Built target vision_msgs__rosidl_typesupport_introspection_c
[7.124s] [ 80%] Built target vision_msgs__rosidl_typesupport_fastrtps_c
[7.124s] [ 80%] Built target vision_msgs
[7.124s] [ 83%] Built target vision_msgs__py
[7.125s] [ 83%] Built target vision_msgs_test
[7.126s] [ 94%] Built target vision_msgs__python
[7.127s] [ 98%] Built target vision_msgs__rosidl_typesupport_introspection_c__pyext
[7.127s] [ 98%] Built target vision_msgs__rosidl_typesupport_fastrtps_c__pyext
[7.130s] [100%] Built target vision_msgs__rosidl_typesupport_c__pyext
[7.132s] Invoked command in '/home/agilex/krish_ws/build/vision_msgs' returned '0': CMAKE_PREFIX_PATH=${CMAKE_PREFIX_PATH}:/home/agilex/krish_ws/install/yolov5_ros2:/home/agilex/krish_ws/install/yolo_ros:/home/agilex/krish_ws/install/object_detection:/home/agilex/krish_ws/install/object_search:/home/agilex/krish_ws/install/object_detector:/home/agilex/limo_ros2_ws/install/ultraarm:/home/agilex/limo_ros2_ws/install/nav2_gazebo_spawner:/home/agilex/limo_ros2_ws/install/mypalletizer_260_pi:/home/agilex/limo_ros2_ws/install/mypalletizer_260:/home/agilex/limo_ros2_ws/install/mypalletizer_communication:/home/agilex/limo_ros2_ws/install/mycobot_630:/home/agilex/limo_ros2_ws/install/mycobot_600:/home/agilex/limo_ros2_ws/install/mycobot_320pi:/home/agilex/limo_ros2_ws/install/mycobot_320:/home/agilex/limo_ros2_ws/install/mycobot_280pi:/home/agilex/limo_ros2_ws/install/mycobot_280jn:/home/agilex/limo_ros2_ws/install/mycobot_280_x3pi:/home/agilex/limo_ros2_ws/install/mycobot_280:/home/agilex/limo_ros2_ws/install/myarm_m750:/home/agilex/limo_ros2_ws/install/myarm_c650:/home/agilex/limo_ros2_ws/install/myarm_300:/home/agilex/limo_ros2_ws/install/mycobot_communication:/home/agilex/limo_ros2_ws/install/mecharm_pi:/home/agilex/limo_ros2_ws/install/mecharm:/home/agilex/limo_ros2_ws/install/mecharm_communication:/home/agilex/limo_ros2_ws/install/mybuddy:/home/agilex/limo_ros2_ws/install/mycobot_description:/opt/ros/foxy /usr/bin/cmake --build /home/agilex/krish_ws/build/vision_msgs -- -j6 -l6
[9.196s] Invoking command in '/home/agilex/krish_ws/build/vision_msgs': CMAKE_PREFIX_PATH=${CMAKE_PREFIX_PATH}:/home/agilex/krish_ws/install/yolov5_ros2:/home/agilex/krish_ws/install/yolo_ros:/home/agilex/krish_ws/install/object_detection:/home/agilex/krish_ws/install/object_search:/home/agilex/krish_ws/install/object_detector:/home/agilex/limo_ros2_ws/install/ultraarm:/home/agilex/limo_ros2_ws/install/nav2_gazebo_spawner:/home/agilex/limo_ros2_ws/install/mypalletizer_260_pi:/home/agilex/limo_ros2_ws/install/mypalletizer_260:/home/agilex/limo_ros2_ws/install/mypalletizer_communication:/home/agilex/limo_ros2_ws/install/mycobot_630:/home/agilex/limo_ros2_ws/install/mycobot_600:/home/agilex/limo_ros2_ws/install/mycobot_320pi:/home/agilex/limo_ros2_ws/install/mycobot_320:/home/agilex/limo_ros2_ws/install/mycobot_280pi:/home/agilex/limo_ros2_ws/install/mycobot_280jn:/home/agilex/limo_ros2_ws/install/mycobot_280_x3pi:/home/agilex/limo_ros2_ws/install/mycobot_280:/home/agilex/limo_ros2_ws/install/myarm_m750:/home/agilex/limo_ros2_ws/install/myarm_c650:/home/agilex/limo_ros2_ws/install/myarm_300:/home/agilex/limo_ros2_ws/install/mycobot_communication:/home/agilex/limo_ros2_ws/install/mecharm_pi:/home/agilex/limo_ros2_ws/install/mecharm:/home/agilex/limo_ros2_ws/install/mecharm_communication:/home/agilex/limo_ros2_ws/install/mybuddy:/home/agilex/limo_ros2_ws/install/mycobot_description:/opt/ros/foxy /usr/bin/cmake --install /home/agilex/krish_ws/build/vision_msgs
[9.229s] -- Install configuration: ""
[9.229s] -- Up-to-date: /home/agilex/krish_ws/install/vision_msgs/share/ament_index/resource_index/rosidl_interfaces/vision_msgs
[9.230s] -- Up-to-date: /home/agilex/krish_ws/install/vision_msgs/include/vision_msgs
[9.230s] -- Up-to-date: /home/agilex/krish_ws/install/vision_msgs/include/vision_msgs/msg
[9.230s] -- Up-to-date: /home/agilex/krish_ws/install/vision_msgs/include/vision_msgs/msg/classification2_d.h
[9.230s] -- Up-to-date: /home/agilex/krish_ws/install/vision_msgs/include/vision_msgs/msg/object_hypothesis.h
[9.230s] -- Up-to-date: /home/agilex/krish_ws/install/vision_msgs/include/vision_msgs/msg/bounding_box2_d_array.h
[9.231s] -- Up-to-date: /home/agilex/krish_ws/install/vision_msgs/include/vision_msgs/msg/classification3_d.h
[9.231s] -- Up-to-date: /home/agilex/krish_ws/install/vision_msgs/include/vision_msgs/msg/object_hypothesis_with_pose.h
[9.231s] -- Up-to-date: /home/agilex/krish_ws/install/vision_msgs/include/vision_msgs/msg/detail
[9.231s] -- Up-to-date: /home/agilex/krish_ws/install/vision_msgs/include/vision_msgs/msg/detail/bounding_box3_d__type_support.h
[9.231s] -- Up-to-date: /home/agilex/krish_ws/install/vision_msgs/include/vision_msgs/msg/detail/classification2_d__functions.c
[9.231s] -- Up-to-date: /home/agilex/krish_ws/install/vision_msgs/include/vision_msgs/msg/detail/classification2_d__functions.h
[9.232s] -- Up-to-date: /home/agilex/krish_ws/install/vision_msgs/include/vision_msgs/msg/detail/object_hypothesis_with_pose__functions.c
[9.232s] -- Up-to-date: /home/agilex/krish_ws/install/vision_msgs/include/vision_msgs/msg/detail/bounding_box2_d_array__functions.h
[9.232s] -- Up-to-date: /home/agilex/krish_ws/install/vision_msgs/include/vision_msgs/msg/detail/bounding_box3_d__functions.c
[9.232s] -- Up-to-date: /home/agilex/krish_ws/install/vision_msgs/include/vision_msgs/msg/detail/bounding_box3_d_array__type_support.h
[9.232s] -- Up-to-date: /home/agilex/krish_ws/install/vision_msgs/include/vision_msgs/msg/detail/detection2_d__functions.c
[9.233s] -- Up-to-date: /home/agilex/krish_ws/install/vision_msgs/include/vision_msgs/msg/detail/object_hypothesis_with_pose__type_support.h
[9.233s] -- Up-to-date: /home/agilex/krish_ws/install/vision_msgs/include/vision_msgs/msg/detail/detection3_d_array__type_support.h
[9.233s] -- Up-to-date: /home/agilex/krish_ws/install/vision_msgs/include/vision_msgs/msg/detail/detection3_d__functions.c
[9.233s] -- Up-to-date: /home/agilex/krish_ws/install/vision_msgs/include/vision_msgs/msg/detail/bounding_box3_d__struct.h
[9.233s] -- Up-to-date: /home/agilex/krish_ws/install/vision_msgs/include/vision_msgs/msg/detail/object_hypothesis__struct.h
[9.233s] -- Up-to-date: /home/agilex/krish_ws/install/vision_msgs/include/vision_msgs/msg/detail/object_hypothesis_with_pose__functions.h
[9.234s] -- Up-to-date: /home/agilex/krish_ws/install/vision_msgs/include/vision_msgs/msg/detail/vision_info__functions.h
[9.234s] -- Up-to-date: /home/agilex/krish_ws/install/vision_msgs/include/vision_msgs/msg/detail/bounding_box2_d__functions.h
[9.234s] -- Up-to-date: /home/agilex/krish_ws/install/vision_msgs/include/vision_msgs/msg/detail/detection2_d__functions.h
[9.234s] -- Up-to-date: /home/agilex/krish_ws/install/vision_msgs/include/vision_msgs/msg/detail/detection2_d_array__struct.h
[9.234s] -- Up-to-date: /home/agilex/krish_ws/install/vision_msgs/include/vision_msgs/msg/detail/detection2_d__type_support.h
[9.234s] -- Up-to-date: /home/agilex/krish_ws/install/vision_msgs/include/vision_msgs/msg/detail/detection2_d__struct.h
[9.234s] -- Up-to-date: /home/agilex/krish_ws/install/vision_msgs/include/vision_msgs/msg/detail/detection2_d_array__functions.h
[9.235s] -- Up-to-date: /home/agilex/krish_ws/install/vision_msgs/include/vision_msgs/msg/detail/vision_info__functions.c
[9.235s] -- Up-to-date: /home/agilex/krish_ws/install/vision_msgs/include/vision_msgs/msg/detail/bounding_box2_d__struct.h
[9.235s] -- Up-to-date: /home/agilex/krish_ws/install/vision_msgs/include/vision_msgs/msg/detail/classification3_d__struct.h
[9.235s] -- Up-to-date: /home/agilex/krish_ws/install/vision_msgs/include/vision_msgs/msg/detail/detection3_d_array__functions.h
[9.235s] -- Up-to-date: /home/agilex/krish_ws/install/vision_msgs/include/vision_msgs/msg/detail/detection3_d_array__struct.h
[9.236s] -- Up-to-date: /home/agilex/krish_ws/install/vision_msgs/include/vision_msgs/msg/detail/vision_info__struct.h
[9.236s] -- Up-to-date: /home/agilex/krish_ws/install/vision_msgs/include/vision_msgs/msg/detail/classification2_d__type_support.h
[9.236s] -- Up-to-date: /home/agilex/krish_ws/install/vision_msgs/include/vision_msgs/msg/detail/vision_info__type_support.h
[9.236s] -- Up-to-date: /home/agilex/krish_ws/install/vision_msgs/include/vision_msgs/msg/detail/detection3_d_array__functions.c
[9.237s] -- Up-to-date: /home/agilex/krish_ws/install/vision_msgs/include/vision_msgs/msg/detail/bounding_box3_d_array__struct.h
[9.237s] -- Up-to-date: /home/agilex/krish_ws/install/vision_msgs/include/vision_msgs/msg/detail/object_hypothesis_with_pose__struct.h
[9.237s] -- Up-to-date: /home/agilex/krish_ws/install/vision_msgs/include/vision_msgs/msg/detail/detection3_d__struct.h
[9.237s] -- Up-to-date: /home/agilex/krish_ws/install/vision_msgs/include/vision_msgs/msg/detail/classification3_d__functions.c
[9.238s] -- Up-to-date: /home/agilex/krish_ws/install/vision_msgs/include/vision_msgs/msg/detail/classification2_d__struct.h
[9.238s] -- Up-to-date: /home/agilex/krish_ws/install/vision_msgs/include/vision_msgs/msg/detail/detection3_d__functions.h
[9.238s] -- Up-to-date: /home/agilex/krish_ws/install/vision_msgs/include/vision_msgs/msg/detail/bounding_box2_d__type_support.h
[9.238s] -- Up-to-date: /home/agilex/krish_ws/install/vision_msgs/include/vision_msgs/msg/detail/bounding_box2_d__functions.c
[9.238s] -- Up-to-date: /home/agilex/krish_ws/install/vision_msgs/include/vision_msgs/msg/detail/classification3_d__functions.h
[9.238s] -- Up-to-date: /home/agilex/krish_ws/install/vision_msgs/include/vision_msgs/msg/detail/bounding_box2_d_array__type_support.h
[9.239s] -- Up-to-date: /home/agilex/krish_ws/install/vision_msgs/include/vision_msgs/msg/detail/object_hypothesis__functions.h
[9.239s] -- Up-to-date: /home/agilex/krish_ws/install/vision_msgs/include/vision_msgs/msg/detail/bounding_box3_d_array__functions.c
[9.239s] -- Up-to-date: /home/agilex/krish_ws/install/vision_msgs/include/vision_msgs/msg/detail/bounding_box3_d_array__functions.h
[9.239s] -- Up-to-date: /home/agilex/krish_ws/install/vision_msgs/include/vision_msgs/msg/detail/object_hypothesis__functions.c
[9.239s] -- Up-to-date: /home/agilex/krish_ws/install/vision_msgs/include/vision_msgs/msg/detail/bounding_box3_d__functions.h
[9.239s] -- Up-to-date: /home/agilex/krish_ws/install/vision_msgs/include/vision_msgs/msg/detail/classification3_d__type_support.h
[9.240s] -- Up-to-date: /home/agilex/krish_ws/install/vision_msgs/include/vision_msgs/msg/detail/bounding_box2_d_array__functions.c
[9.240s] -- Up-to-date: /home/agilex/krish_ws/install/vision_msgs/include/vision_msgs/msg/detail/detection3_d__type_support.h
[9.240s] -- Up-to-date: /home/agilex/krish_ws/install/vision_msgs/include/vision_msgs/msg/detail/object_hypothesis__type_support.h
[9.240s] -- Up-to-date: /home/agilex/krish_ws/install/vision_msgs/include/vision_msgs/msg/detail/bounding_box2_d_array__struct.h
[9.240s] -- Up-to-date: /home/agilex/krish_ws/install/vision_msgs/include/vision_msgs/msg/detail/detection2_d_array__type_support.h
[9.240s] -- Up-to-date: /home/agilex/krish_ws/install/vision_msgs/include/vision_msgs/msg/detail/detection2_d_array__functions.c
[9.240s] -- Up-to-date: /home/agilex/krish_ws/install/vision_msgs/include/vision_msgs/msg/detection2_d.h
[9.240s] -- Up-to-date: /home/agilex/krish_ws/install/vision_msgs/include/vision_msgs/msg/bounding_box3_d.h
[9.241s] -- Up-to-date: /home/agilex/krish_ws/install/vision_msgs/include/vision_msgs/msg/detection3_d.h
[9.241s] -- Up-to-date: /home/agilex/krish_ws/install/vision_msgs/include/vision_msgs/msg/rosidl_generator_c__visibility_control.h
[9.241s] -- Up-to-date: /home/agilex/krish_ws/install/vision_msgs/include/vision_msgs/msg/detection2_d_array.h
[9.241s] -- Up-to-date: /home/agilex/krish_ws/install/vision_msgs/include/vision_msgs/msg/bounding_box2_d.h
[9.241s] -- Up-to-date: /home/agilex/krish_ws/install/vision_msgs/include/vision_msgs/msg/detection3_d_array.h
[9.241s] -- Up-to-date: /home/agilex/krish_ws/install/vision_msgs/include/vision_msgs/msg/vision_info.h
[9.242s] -- Up-to-date: /home/agilex/krish_ws/install/vision_msgs/include/vision_msgs/msg/bounding_box3_d_array.h
[9.242s] -- Up-to-date: /home/agilex/krish_ws/install/vision_msgs/share/vision_msgs/environment/library_path.sh
[9.242s] -- Up-to-date: /home/agilex/krish_ws/install/vision_msgs/share/vision_msgs/environment/library_path.dsv
[9.243s] -- Up-to-date: /home/agilex/krish_ws/install/vision_msgs/lib/libvision_msgs__rosidl_generator_c.so
[9.243s] -- Up-to-date: /home/agilex/krish_ws/install/vision_msgs/include/vision_msgs
[9.243s] -- Up-to-date: /home/agilex/krish_ws/install/vision_msgs/include/vision_msgs/msg
[9.243s] -- Up-to-date: /home/agilex/krish_ws/install/vision_msgs/include/vision_msgs/msg/detail
[9.243s] -- Up-to-date: /home/agilex/krish_ws/install/vision_msgs/include/vision_msgs/msg/detail/classification2_d__rosidl_typesupport_fastrtps_c.h
[9.243s] -- Up-to-date: /home/agilex/krish_ws/install/vision_msgs/include/vision_msgs/msg/detail/vision_info__rosidl_typesupport_fastrtps_c.h
[9.244s] -- Up-to-date: /home/agilex/krish_ws/install/vision_msgs/include/vision_msgs/msg/detail/bounding_box2_d__rosidl_typesupport_fastrtps_c.h
[9.244s] -- Up-to-date: /home/agilex/krish_ws/install/vision_msgs/include/vision_msgs/msg/detail/object_hypothesis_with_pose__rosidl_typesupport_fastrtps_c.h
[9.244s] -- Up-to-date: /home/agilex/krish_ws/install/vision_msgs/include/vision_msgs/msg/detail/detection3_d_array__rosidl_typesupport_fastrtps_c.h
[9.244s] -- Up-to-date: /home/agilex/krish_ws/install/vision_msgs/include/vision_msgs/msg/detail/bounding_box3_d__rosidl_typesupport_fastrtps_c.h
[9.245s] -- Up-to-date: /home/agilex/krish_ws/install/vision_msgs/include/vision_msgs/msg/detail/detection2_d_array__rosidl_typesupport_fastrtps_c.h
[9.246s] -- Up-to-date: /home/agilex/krish_ws/install/vision_msgs/include/vision_msgs/msg/detail/classification3_d__rosidl_typesupport_fastrtps_c.h
[9.246s] -- Up-to-date: /home/agilex/krish_ws/install/vision_msgs/include/vision_msgs/msg/detail/detection3_d__rosidl_typesupport_fastrtps_c.h
[9.247s] -- Up-to-date: /home/agilex/krish_ws/install/vision_msgs/include/vision_msgs/msg/detail/object_hypothesis__rosidl_typesupport_fastrtps_c.h
[9.247s] -- Up-to-date: /home/agilex/krish_ws/install/vision_msgs/include/vision_msgs/msg/detail/bounding_box2_d_array__rosidl_typesupport_fastrtps_c.h
[9.247s] -- Up-to-date: /home/agilex/krish_ws/install/vision_msgs/include/vision_msgs/msg/detail/bounding_box3_d_array__rosidl_typesupport_fastrtps_c.h
[9.247s] -- Up-to-date: /home/agilex/krish_ws/install/vision_msgs/include/vision_msgs/msg/detail/detection2_d__rosidl_typesupport_fastrtps_c.h
[9.249s] -- Up-to-date: /home/agilex/krish_ws/install/vision_msgs/include/vision_msgs/msg/rosidl_typesupport_fastrtps_c__visibility_control.h
[9.249s] -- Up-to-date: /home/agilex/krish_ws/install/vision_msgs/lib/libvision_msgs__rosidl_typesupport_fastrtps_c.so
[9.249s] -- Up-to-date: /home/agilex/krish_ws/install/vision_msgs/include/vision_msgs
[9.249s] -- Up-to-date: /home/agilex/krish_ws/install/vision_msgs/include/vision_msgs/msg
[9.249s] -- Up-to-date: /home/agilex/krish_ws/install/vision_msgs/include/vision_msgs/msg/detail
[9.250s] -- Up-to-date: /home/agilex/krish_ws/install/vision_msgs/include/vision_msgs/msg/detail/detection2_d__rosidl_typesupport_fastrtps_cpp.hpp
[9.250s] -- Up-to-date: /home/agilex/krish_ws/install/vision_msgs/include/vision_msgs/msg/detail/object_hypothesis_with_pose__rosidl_typesupport_fastrtps_cpp.hpp
[9.250s] -- Up-to-date: /home/agilex/krish_ws/install/vision_msgs/include/vision_msgs/msg/detail/classification2_d__rosidl_typesupport_fastrtps_cpp.hpp
[9.251s] -- Up-to-date: /home/agilex/krish_ws/install/vision_msgs/include/vision_msgs/msg/detail/dds_fastrtps
[9.251s] -- Up-to-date: /home/agilex/krish_ws/install/vision_msgs/include/vision_msgs/msg/detail/detection2_d_array__rosidl_typesupport_fastrtps_cpp.hpp
[9.252s] -- Up-to-date: /home/agilex/krish_ws/install/vision_msgs/include/vision_msgs/msg/detail/object_hypothesis__rosidl_typesupport_fastrtps_cpp.hpp
[9.252s] -- Up-to-date: /home/agilex/krish_ws/install/vision_msgs/include/vision_msgs/msg/detail/bounding_box2_d__rosidl_typesupport_fastrtps_cpp.hpp
[9.253s] -- Up-to-date: /home/agilex/krish_ws/install/vision_msgs/include/vision_msgs/msg/detail/bounding_box2_d_array__rosidl_typesupport_fastrtps_cpp.hpp
[9.254s] -- Up-to-date: /home/agilex/krish_ws/install/vision_msgs/include/vision_msgs/msg/detail/classification3_d__rosidl_typesupport_fastrtps_cpp.hpp
[9.254s] -- Up-to-date: /home/agilex/krish_ws/install/vision_msgs/include/vision_msgs/msg/detail/detection3_d__rosidl_typesupport_fastrtps_cpp.hpp
[9.255s] -- Up-to-date: /home/agilex/krish_ws/install/vision_msgs/include/vision_msgs/msg/detail/detection3_d_array__rosidl_typesupport_fastrtps_cpp.hpp
[9.255s] -- Up-to-date: /home/agilex/krish_ws/install/vision_msgs/include/vision_msgs/msg/detail/bounding_box3_d_array__rosidl_typesupport_fastrtps_cpp.hpp
[9.255s] -- Up-to-date: /home/agilex/krish_ws/install/vision_msgs/include/vision_msgs/msg/detail/bounding_box3_d__rosidl_typesupport_fastrtps_cpp.hpp
[9.256s] -- Up-to-date: /home/agilex/krish_ws/install/vision_msgs/include/vision_msgs/msg/detail/vision_info__rosidl_typesupport_fastrtps_cpp.hpp
[9.256s] -- Up-to-date: /home/agilex/krish_ws/install/vision_msgs/include/vision_msgs/msg/rosidl_typesupport_fastrtps_cpp__visibility_control.h
[9.256s] -- Up-to-date: /home/agilex/krish_ws/install/vision_msgs/lib/libvision_msgs__rosidl_typesupport_fastrtps_cpp.so
[9.257s] -- Up-to-date: /home/agilex/krish_ws/install/vision_msgs/include/vision_msgs
[9.258s] -- Up-to-date: /home/agilex/krish_ws/install/vision_msgs/include/vision_msgs/msg
[9.258s] -- Up-to-date: /home/agilex/krish_ws/install/vision_msgs/include/vision_msgs/msg/detail
[9.258s] -- Up-to-date: /home/agilex/krish_ws/install/vision_msgs/include/vision_msgs/msg/detail/bounding_box3_d__rosidl_typesupport_introspection_c.h
[9.258s] -- Up-to-date: /home/agilex/krish_ws/install/vision_msgs/include/vision_msgs/msg/detail/classification2_d__rosidl_typesupport_introspection_c.h
[9.258s] -- Up-to-date: /home/agilex/krish_ws/install/vision_msgs/include/vision_msgs/msg/detail/classification3_d__rosidl_typesupport_introspection_c.h
[9.258s] -- Up-to-date: /home/agilex/krish_ws/install/vision_msgs/include/vision_msgs/msg/detail/object_hypothesis__rosidl_typesupport_introspection_c.h
[9.259s] -- Up-to-date: /home/agilex/krish_ws/install/vision_msgs/include/vision_msgs/msg/detail/bounding_box2_d__rosidl_typesupport_introspection_c.h
[9.259s] -- Up-to-date: /home/agilex/krish_ws/install/vision_msgs/include/vision_msgs/msg/detail/bounding_box3_d_array__type_support.c
[9.259s] -- Up-to-date: /home/agilex/krish_ws/install/vision_msgs/include/vision_msgs/msg/detail/detection3_d_array__rosidl_typesupport_introspection_c.h
[9.259s] -- Up-to-date: /home/agilex/krish_ws/install/vision_msgs/include/vision_msgs/msg/detail/vision_info__rosidl_typesupport_introspection_c.h
[9.260s] -- Up-to-date: /home/agilex/krish_ws/install/vision_msgs/include/vision_msgs/msg/detail/detection2_d__rosidl_typesupport_introspection_c.h
[9.260s] -- Up-to-date: /home/agilex/krish_ws/install/vision_msgs/include/vision_msgs/msg/detail/detection2_d_array__type_support.c
[9.260s] -- Up-to-date: /home/agilex/krish_ws/install/vision_msgs/include/vision_msgs/msg/detail/bounding_box2_d_array__rosidl_typesupport_introspection_c.h
[9.260s] -- Up-to-date: /home/agilex/krish_ws/install/vision_msgs/include/vision_msgs/msg/detail/object_hypothesis__type_support.c
[9.261s] -- Up-to-date: /home/agilex/krish_ws/install/vision_msgs/include/vision_msgs/msg/detail/bounding_box2_d__type_support.c
[9.261s] -- Up-to-date: /home/agilex/krish_ws/install/vision_msgs/include/vision_msgs/msg/detail/detection3_d__type_support.c
[9.261s] -- Up-to-date: /home/agilex/krish_ws/install/vision_msgs/include/vision_msgs/msg/detail/classification3_d__type_support.c
[9.261s] -- Up-to-date: /home/agilex/krish_ws/install/vision_msgs/include/vision_msgs/msg/detail/bounding_box3_d__type_support.c
[9.261s] -- Up-to-date: /home/agilex/krish_ws/install/vision_msgs/include/vision_msgs/msg/detail/object_hypothesis_with_pose__rosidl_typesupport_introspection_c.h
[9.262s] -- Up-to-date: /home/agilex/krish_ws/install/vision_msgs/include/vision_msgs/msg/detail/object_hypothesis_with_pose__type_support.c
[9.262s] -- Up-to-date: /home/agilex/krish_ws/install/vision_msgs/include/vision_msgs/msg/detail/bounding_box2_d_array__type_support.c
[9.262s] -- Up-to-date: /home/agilex/krish_ws/install/vision_msgs/include/vision_msgs/msg/detail/bounding_box3_d_array__rosidl_typesupport_introspection_c.h
[9.262s] -- Up-to-date: /home/agilex/krish_ws/install/vision_msgs/include/vision_msgs/msg/detail/detection3_d__rosidl_typesupport_introspection_c.h
[9.262s] -- Up-to-date: /home/agilex/krish_ws/install/vision_msgs/include/vision_msgs/msg/detail/detection2_d__type_support.c
[9.262s] -- Up-to-date: /home/agilex/krish_ws/install/vision_msgs/include/vision_msgs/msg/detail/vision_info__type_support.c
[9.263s] -- Up-to-date: /home/agilex/krish_ws/install/vision_msgs/include/vision_msgs/msg/detail/classification2_d__type_support.c
[9.263s] -- Up-to-date: /home/agilex/krish_ws/install/vision_msgs/include/vision_msgs/msg/detail/detection2_d_array__rosidl_typesupport_introspection_c.h
[9.263s] -- Up-to-date: /home/agilex/krish_ws/install/vision_msgs/include/vision_msgs/msg/detail/detection3_d_array__type_support.c
[9.263s] -- Up-to-date: /home/agilex/krish_ws/install/vision_msgs/include/vision_msgs/msg/rosidl_typesupport_introspection_c__visibility_control.h
[9.263s] -- Up-to-date: /home/agilex/krish_ws/install/vision_msgs/lib/libvision_msgs__rosidl_typesupport_introspection_c.so
[9.266s] -- Up-to-date: /home/agilex/krish_ws/install/vision_msgs/lib/libvision_msgs__rosidl_typesupport_c.so
[9.266s] -- Up-to-date: /home/agilex/krish_ws/install/vision_msgs/include/vision_msgs
[9.266s] -- Up-to-date: /home/agilex/krish_ws/install/vision_msgs/include/vision_msgs/msg
[9.266s] -- Up-to-date: /home/agilex/krish_ws/install/vision_msgs/include/vision_msgs/msg/classification2_d.hpp
[9.267s] -- Up-to-date: /home/agilex/krish_ws/install/vision_msgs/include/vision_msgs/msg/bounding_box2_d.hpp
[9.267s] -- Up-to-date: /home/agilex/krish_ws/install/vision_msgs/include/vision_msgs/msg/detail
[9.268s] -- Up-to-date: /home/agilex/krish_ws/install/vision_msgs/include/vision_msgs/msg/detail/bounding_box2_d_array__builder.hpp
[9.268s] -- Up-to-date: /home/agilex/krish_ws/install/vision_msgs/include/vision_msgs/msg/detail/object_hypothesis__struct.hpp
[9.269s] -- Up-to-date: /home/agilex/krish_ws/install/vision_msgs/include/vision_msgs/msg/detail/classification2_d__traits.hpp
[9.271s] -- Up-to-date: /home/agilex/krish_ws/install/vision_msgs/include/vision_msgs/msg/detail/detection3_d_array__traits.hpp
[9.271s] -- Up-to-date: /home/agilex/krish_ws/install/vision_msgs/include/vision_msgs/msg/detail/bounding_box2_d__type_support.hpp
[9.271s] -- Up-to-date: /home/agilex/krish_ws/install/vision_msgs/include/vision_msgs/msg/detail/vision_info__builder.hpp
[9.273s] -- Up-to-date: /home/agilex/krish_ws/install/vision_msgs/include/vision_msgs/msg/detail/detection2_d_array__builder.hpp
[9.274s] -- Up-to-date: /home/agilex/krish_ws/install/vision_msgs/include/vision_msgs/msg/detail/classification3_d__struct.hpp
[9.274s] -- Up-to-date: /home/agilex/krish_ws/install/vision_msgs/include/vision_msgs/msg/detail/detection3_d__builder.hpp
[9.274s] -- Up-to-date: /home/agilex/krish_ws/install/vision_msgs/include/vision_msgs/msg/detail/classification2_d__type_support.hpp
[9.274s] -- Up-to-date: /home/agilex/krish_ws/install/vision_msgs/include/vision_msgs/msg/detail/detection3_d_array__builder.hpp
[9.274s] -- Up-to-date: /home/agilex/krish_ws/install/vision_msgs/include/vision_msgs/msg/detail/detection2_d_array__struct.hpp
[9.274s] -- Up-to-date: /home/agilex/krish_ws/install/vision_msgs/include/vision_msgs/msg/detail/bounding_box3_d_array__builder.hpp
[9.275s] -- Up-to-date: /home/agilex/krish_ws/install/vision_msgs/include/vision_msgs/msg/detail/bounding_box2_d__traits.hpp
[9.275s] -- Up-to-date: /home/agilex/krish_ws/install/vision_msgs/include/vision_msgs/msg/detail/vision_info__traits.hpp
[9.275s] -- Up-to-date: /home/agilex/krish_ws/install/vision_msgs/include/vision_msgs/msg/detail/object_hypothesis__builder.hpp
[9.275s] -- Up-to-date: /home/agilex/krish_ws/install/vision_msgs/include/vision_msgs/msg/detail/bounding_box3_d_array__struct.hpp
[9.275s] -- Up-to-date: /home/agilex/krish_ws/install/vision_msgs/include/vision_msgs/msg/detail/bounding_box2_d_array__type_support.hpp
[9.275s] -- Up-to-date: /home/agilex/krish_ws/install/vision_msgs/include/vision_msgs/msg/detail/detection2_d__builder.hpp
[9.275s] -- Up-to-date: /home/agilex/krish_ws/install/vision_msgs/include/vision_msgs/msg/detail/object_hypothesis_with_pose__type_support.hpp
[9.276s] -- Up-to-date: /home/agilex/krish_ws/install/vision_msgs/include/vision_msgs/msg/detail/bounding_box2_d_array__struct.hpp
[9.276s] -- Up-to-date: /home/agilex/krish_ws/install/vision_msgs/include/vision_msgs/msg/detail/classification2_d__struct.hpp
[9.276s] -- Up-to-date: /home/agilex/krish_ws/install/vision_msgs/include/vision_msgs/msg/detail/classification2_d__builder.hpp
[9.276s] -- Up-to-date: /home/agilex/krish_ws/install/vision_msgs/include/vision_msgs/msg/detail/detection3_d__traits.hpp
[9.276s] -- Up-to-date: /home/agilex/krish_ws/install/vision_msgs/include/vision_msgs/msg/detail/classification3_d__type_support.hpp
[9.276s] -- Up-to-date: /home/agilex/krish_ws/install/vision_msgs/include/vision_msgs/msg/detail/detection3_d_array__struct.hpp
[9.277s] -- Up-to-date: /home/agilex/krish_ws/install/vision_msgs/include/vision_msgs/msg/detail/vision_info__struct.hpp
[9.277s] -- Up-to-date: /home/agilex/krish_ws/install/vision_msgs/include/vision_msgs/msg/detail/classification3_d__builder.hpp
[9.277s] -- Up-to-date: /home/agilex/krish_ws/install/vision_msgs/include/vision_msgs/msg/detail/object_hypothesis__type_support.hpp
[9.277s] -- Up-to-date: /home/agilex/krish_ws/install/vision_msgs/include/vision_msgs/msg/detail/bounding_box2_d__builder.hpp
[9.278s] -- Up-to-date: /home/agilex/krish_ws/install/vision_msgs/include/vision_msgs/msg/detail/bounding_box3_d_array__type_support.hpp
[9.278s] -- Up-to-date: /home/agilex/krish_ws/install/vision_msgs/include/vision_msgs/msg/detail/vision_info__type_support.hpp
[9.278s] -- Up-to-date: /home/agilex/krish_ws/install/vision_msgs/include/vision_msgs/msg/detail/detection2_d_array__traits.hpp
[9.278s] -- Up-to-date: /home/agilex/krish_ws/install/vision_msgs/include/vision_msgs/msg/detail/object_hypothesis__traits.hpp
[9.278s] -- Up-to-date: /home/agilex/krish_ws/install/vision_msgs/include/vision_msgs/msg/detail/detection2_d__type_support.hpp
[9.278s] -- Up-to-date: /home/agilex/krish_ws/install/vision_msgs/include/vision_msgs/msg/detail/detection2_d__traits.hpp
[9.278s] -- Up-to-date: /home/agilex/krish_ws/install/vision_msgs/include/vision_msgs/msg/detail/bounding_box3_d__struct.hpp
[9.279s] -- Up-to-date: /home/agilex/krish_ws/install/vision_msgs/include/vision_msgs/msg/detail/detection3_d__type_support.hpp
[9.279s] -- Up-to-date: /home/agilex/krish_ws/install/vision_msgs/include/vision_msgs/msg/detail/detection2_d__struct.hpp
[9.279s] -- Up-to-date: /home/agilex/krish_ws/install/vision_msgs/include/vision_msgs/msg/detail/detection2_d_array__type_support.hpp
[9.279s] -- Up-to-date: /home/agilex/krish_ws/install/vision_msgs/include/vision_msgs/msg/detail/bounding_box3_d__traits.hpp
[9.279s] -- Up-to-date: /home/agilex/krish_ws/install/vision_msgs/include/vision_msgs/msg/detail/bounding_box3_d__builder.hpp
[9.279s] -- Up-to-date: /home/agilex/krish_ws/install/vision_msgs/include/vision_msgs/msg/detail/bounding_box2_d_array__traits.hpp
[9.279s] -- Up-to-date: /home/agilex/krish_ws/install/vision_msgs/include/vision_msgs/msg/detail/classification3_d__traits.hpp
[9.280s] -- Up-to-date: /home/agilex/krish_ws/install/vision_msgs/include/vision_msgs/msg/detail/object_hypothesis_with_pose__traits.hpp
[9.280s] -- Up-to-date: /home/agilex/krish_ws/install/vision_msgs/include/vision_msgs/msg/detail/bounding_box3_d__type_support.hpp
[9.280s] -- Up-to-date: /home/agilex/krish_ws/install/vision_msgs/include/vision_msgs/msg/detail/object_hypothesis_with_pose__builder.hpp
[9.280s] -- Up-to-date: /home/agilex/krish_ws/install/vision_msgs/include/vision_msgs/msg/detail/bounding_box3_d_array__traits.hpp
[9.280s] -- Up-to-date: /home/agilex/krish_ws/install/vision_msgs/include/vision_msgs/msg/detail/detection3_d__struct.hpp
[9.280s] -- Up-to-date: /home/agilex/krish_ws/install/vision_msgs/include/vision_msgs/msg/detail/bounding_box2_d__struct.hpp
[9.280s] -- Up-to-date: /home/agilex/krish_ws/install/vision_msgs/include/vision_msgs/msg/detail/object_hypothesis_with_pose__struct.hpp
[9.281s] -- Up-to-date: /home/agilex/krish_ws/install/vision_msgs/include/vision_msgs/msg/detail/detection3_d_array__type_support.hpp
[9.281s] -- Up-to-date: /home/agilex/krish_ws/install/vision_msgs/include/vision_msgs/msg/bounding_box3_d.hpp
[9.281s] -- Up-to-date: /home/agilex/krish_ws/install/vision_msgs/include/vision_msgs/msg/object_hypothesis_with_pose.hpp
[9.281s] -- Up-to-date: /home/agilex/krish_ws/install/vision_msgs/include/vision_msgs/msg/object_hypothesis.hpp
[9.281s] -- Up-to-date: /home/agilex/krish_ws/install/vision_msgs/include/vision_msgs/msg/bounding_box2_d_array.hpp
[9.281s] -- Up-to-date: /home/agilex/krish_ws/install/vision_msgs/include/vision_msgs/msg/detection3_d_array.hpp
[9.281s] -- Up-to-date: /home/agilex/krish_ws/install/vision_msgs/include/vision_msgs/msg/detection2_d.hpp
[9.282s] -- Up-to-date: /home/agilex/krish_ws/install/vision_msgs/include/vision_msgs/msg/vision_info.hpp
[9.282s] -- Up-to-date: /home/agilex/krish_ws/install/vision_msgs/include/vision_msgs/msg/detection2_d_array.hpp
[9.282s] -- Up-to-date: /home/agilex/krish_ws/install/vision_msgs/include/vision_msgs/msg/rosidl_generator_cpp__visibility_control.hpp
[9.282s] -- Up-to-date: /home/agilex/krish_ws/install/vision_msgs/include/vision_msgs/msg/detection3_d.hpp
[9.282s] -- Up-to-date: /home/agilex/krish_ws/install/vision_msgs/include/vision_msgs/msg/classification3_d.hpp
[9.282s] -- Up-to-date: /home/agilex/krish_ws/install/vision_msgs/include/vision_msgs/msg/bounding_box3_d_array.hpp
[9.282s] -- Up-to-date: /home/agilex/krish_ws/install/vision_msgs/include/vision_msgs
[9.282s] -- Up-to-date: /home/agilex/krish_ws/install/vision_msgs/include/vision_msgs/msg
[9.283s] -- Up-to-date: /home/agilex/krish_ws/install/vision_msgs/include/vision_msgs/msg/detail
[9.283s] -- Up-to-date: /home/agilex/krish_ws/install/vision_msgs/include/vision_msgs/msg/detail/object_hypothesis__type_support.cpp
[9.283s] -- Up-to-date: /home/agilex/krish_ws/install/vision_msgs/include/vision_msgs/msg/detail/object_hypothesis_with_pose__type_support.cpp
[9.283s] -- Up-to-date: /home/agilex/krish_ws/install/vision_msgs/include/vision_msgs/msg/detail/detection2_d__type_support.cpp
[9.283s] -- Up-to-date: /home/agilex/krish_ws/install/vision_msgs/include/vision_msgs/msg/detail/bounding_box2_d_array__rosidl_typesupport_introspection_cpp.hpp
[9.283s] -- Up-to-date: /home/agilex/krish_ws/install/vision_msgs/include/vision_msgs/msg/detail/vision_info__rosidl_typesupport_introspection_cpp.hpp
[9.283s] -- Up-to-date: /home/agilex/krish_ws/install/vision_msgs/include/vision_msgs/msg/detail/detection3_d_array__type_support.cpp
[9.284s] -- Up-to-date: /home/agilex/krish_ws/install/vision_msgs/include/vision_msgs/msg/detail/detection3_d__rosidl_typesupport_introspection_cpp.hpp
[9.284s] -- Up-to-date: /home/agilex/krish_ws/install/vision_msgs/include/vision_msgs/msg/detail/bounding_box2_d__rosidl_typesupport_introspection_cpp.hpp
[9.284s] -- Up-to-date: /home/agilex/krish_ws/install/vision_msgs/include/vision_msgs/msg/detail/classification2_d__type_support.cpp
[9.284s] -- Up-to-date: /home/agilex/krish_ws/install/vision_msgs/include/vision_msgs/msg/detail/object_hypothesis_with_pose__rosidl_typesupport_introspection_cpp.hpp
[9.284s] -- Up-to-date: /home/agilex/krish_ws/install/vision_msgs/include/vision_msgs/msg/detail/detection2_d_array__rosidl_typesupport_introspection_cpp.hpp
[9.284s] -- Up-to-date: /home/agilex/krish_ws/install/vision_msgs/include/vision_msgs/msg/detail/bounding_box3_d_array__rosidl_typesupport_introspection_cpp.hpp
[9.284s] -- Up-to-date: /home/agilex/krish_ws/install/vision_msgs/include/vision_msgs/msg/detail/detection3_d_array__rosidl_typesupport_introspection_cpp.hpp
[9.285s] -- Up-to-date: /home/agilex/krish_ws/install/vision_msgs/include/vision_msgs/msg/detail/bounding_box2_d_array__type_support.cpp
[9.285s] -- Up-to-date: /home/agilex/krish_ws/install/vision_msgs/include/vision_msgs/msg/detail/bounding_box2_d__type_support.cpp
[9.285s] -- Up-to-date: /home/agilex/krish_ws/install/vision_msgs/include/vision_msgs/msg/detail/bounding_box3_d__rosidl_typesupport_introspection_cpp.hpp
[9.285s] -- Up-to-date: /home/agilex/krish_ws/install/vision_msgs/include/vision_msgs/msg/detail/classification3_d__rosidl_typesupport_introspection_cpp.hpp
[9.285s] -- Up-to-date: /home/agilex/krish_ws/install/vision_msgs/include/vision_msgs/msg/detail/classification2_d__rosidl_typesupport_introspection_cpp.hpp
[9.285s] -- Up-to-date: /home/agilex/krish_ws/install/vision_msgs/include/vision_msgs/msg/detail/detection2_d__rosidl_typesupport_introspection_cpp.hpp
[9.285s] -- Up-to-date: /home/agilex/krish_ws/install/vision_msgs/include/vision_msgs/msg/detail/vision_info__type_support.cpp
[9.286s] -- Up-to-date: /home/agilex/krish_ws/install/vision_msgs/include/vision_msgs/msg/detail/bounding_box3_d__type_support.cpp
[9.286s] -- Up-to-date: /home/agilex/krish_ws/install/vision_msgs/include/vision_msgs/msg/detail/bounding_box3_d_array__type_support.cpp
[9.286s] -- Up-to-date: /home/agilex/krish_ws/install/vision_msgs/include/vision_msgs/msg/detail/classification3_d__type_support.cpp
[9.286s] -- Up-to-date: /home/agilex/krish_ws/install/vision_msgs/include/vision_msgs/msg/detail/detection3_d__type_support.cpp
[9.286s] -- Up-to-date: /home/agilex/krish_ws/install/vision_msgs/include/vision_msgs/msg/detail/detection2_d_array__type_support.cpp
[9.286s] -- Up-to-date: /home/agilex/krish_ws/install/vision_msgs/include/vision_msgs/msg/detail/object_hypothesis__rosidl_typesupport_introspection_cpp.hpp
[9.286s] -- Up-to-date: /home/agilex/krish_ws/install/vision_msgs/lib/libvision_msgs__rosidl_typesupport_introspection_cpp.so
[9.286s] -- Up-to-date: /home/agilex/krish_ws/install/vision_msgs/lib/libvision_msgs__rosidl_typesupport_cpp.so
[9.287s] -- Up-to-date: /home/agilex/krish_ws/install/vision_msgs/share/vision_msgs/environment/pythonpath.sh
[9.287s] -- Up-to-date: /home/agilex/krish_ws/install/vision_msgs/share/vision_msgs/environment/pythonpath.dsv
[9.287s] -- Up-to-date: /home/agilex/krish_ws/install/vision_msgs/lib/python3.8/site-packages/vision_msgs/__init__.py
[9.387s] -- Up-to-date: /home/agilex/krish_ws/install/vision_msgs/lib/python3.8/site-packages/vision_msgs/msg
[9.387s] -- Up-to-date: /home/agilex/krish_ws/install/vision_msgs/lib/python3.8/site-packages/vision_msgs/msg/_bounding_box3_d.py
[9.387s] -- Up-to-date: /home/agilex/krish_ws/install/vision_msgs/lib/python3.8/site-packages/vision_msgs/msg/_detection3_d.py
[9.387s] -- Up-to-date: /home/agilex/krish_ws/install/vision_msgs/lib/python3.8/site-packages/vision_msgs/msg/_object_hypothesis_with_pose_s.c
[9.387s] -- Up-to-date: /home/agilex/krish_ws/install/vision_msgs/lib/python3.8/site-packages/vision_msgs/msg/_bounding_box3_d_s.c
[9.387s] -- Up-to-date: /home/agilex/krish_ws/install/vision_msgs/lib/python3.8/site-packages/vision_msgs/msg/_classification3_d.py
[9.388s] -- Up-to-date: /home/agilex/krish_ws/install/vision_msgs/lib/python3.8/site-packages/vision_msgs/msg/__init__.py
[9.388s] -- Up-to-date: /home/agilex/krish_ws/install/vision_msgs/lib/python3.8/site-packages/vision_msgs/msg/_classification3_d_s.c
[9.388s] -- Up-to-date: /home/agilex/krish_ws/install/vision_msgs/lib/python3.8/site-packages/vision_msgs/msg/_detection2_d_array.py
[9.388s] -- Up-to-date: /home/agilex/krish_ws/install/vision_msgs/lib/python3.8/site-packages/vision_msgs/msg/_detection2_d.py
[9.389s] -- Up-to-date: /home/agilex/krish_ws/install/vision_msgs/lib/python3.8/site-packages/vision_msgs/msg/_classification2_d_s.c
[9.389s] -- Up-to-date: /home/agilex/krish_ws/install/vision_msgs/lib/python3.8/site-packages/vision_msgs/msg/_detection3_d_array_s.c
[9.389s] -- Up-to-date: /home/agilex/krish_ws/install/vision_msgs/lib/python3.8/site-packages/vision_msgs/msg/_bounding_box2_d_array.py
[9.389s] -- Up-to-date: /home/agilex/krish_ws/install/vision_msgs/lib/python3.8/site-packages/vision_msgs/msg/_object_hypothesis.py
[9.390s] -- Up-to-date: /home/agilex/krish_ws/install/vision_msgs/lib/python3.8/site-packages/vision_msgs/msg/_detection3_d_s.c
[9.390s] -- Up-to-date: /home/agilex/krish_ws/install/vision_msgs/lib/python3.8/site-packages/vision_msgs/msg/_bounding_box2_d.py
[9.390s] -- Up-to-date: /home/agilex/krish_ws/install/vision_msgs/lib/python3.8/site-packages/vision_msgs/msg/_detection2_d_s.c
[9.390s] -- Up-to-date: /home/agilex/krish_ws/install/vision_msgs/lib/python3.8/site-packages/vision_msgs/msg/_vision_info_s.c
[9.391s] -- Up-to-date: /home/agilex/krish_ws/install/vision_msgs/lib/python3.8/site-packages/vision_msgs/msg/_bounding_box2_d_s.c
[9.391s] -- Up-to-date: /home/agilex/krish_ws/install/vision_msgs/lib/python3.8/site-packages/vision_msgs/msg/_object_hypothesis_with_pose.py
[9.391s] -- Up-to-date: /home/agilex/krish_ws/install/vision_msgs/lib/python3.8/site-packages/vision_msgs/msg/_bounding_box2_d_array_s.c
[9.391s] -- Up-to-date: /home/agilex/krish_ws/install/vision_msgs/lib/python3.8/site-packages/vision_msgs/msg/_detection2_d_array_s.c
[9.391s] -- Up-to-date: /home/agilex/krish_ws/install/vision_msgs/lib/python3.8/site-packages/vision_msgs/msg/_classification2_d.py
[9.392s] -- Up-to-date: /home/agilex/krish_ws/install/vision_msgs/lib/python3.8/site-packages/vision_msgs/msg/_object_hypothesis_s.c
[9.392s] -- Up-to-date: /home/agilex/krish_ws/install/vision_msgs/lib/python3.8/site-packages/vision_msgs/msg/_bounding_box3_d_array_s.c
[9.392s] -- Up-to-date: /home/agilex/krish_ws/install/vision_msgs/lib/python3.8/site-packages/vision_msgs/msg/_vision_info.py
[9.392s] -- Up-to-date: /home/agilex/krish_ws/install/vision_msgs/lib/python3.8/site-packages/vision_msgs/msg/_bounding_box3_d_array.py
[9.392s] -- Up-to-date: /home/agilex/krish_ws/install/vision_msgs/lib/python3.8/site-packages/vision_msgs/msg/_detection3_d_array.py
[9.393s] -- Up-to-date: /home/agilex/krish_ws/install/vision_msgs/lib/python3.8/site-packages/vision_msgs/vision_msgs_s__rosidl_typesupport_fastrtps_c.cpython-38-aarch64-linux-gnu.so
[9.393s] -- Up-to-date: /home/agilex/krish_ws/install/vision_msgs/lib/python3.8/site-packages/vision_msgs/vision_msgs_s__rosidl_typesupport_introspection_c.cpython-38-aarch64-linux-gnu.so
[9.394s] -- Up-to-date: /home/agilex/krish_ws/install/vision_msgs/lib/python3.8/site-packages/vision_msgs/vision_msgs_s__rosidl_typesupport_c.cpython-38-aarch64-linux-gnu.so
[9.395s] -- Up-to-date: /home/agilex/krish_ws/install/vision_msgs/lib/libvision_msgs__python.so
[9.396s] -- Up-to-date: /home/agilex/krish_ws/install/vision_msgs/share/vision_msgs/msg/BoundingBox2D.idl
[9.396s] -- Up-to-date: /home/agilex/krish_ws/install/vision_msgs/share/vision_msgs/msg/BoundingBox2DArray.idl
[9.396s] -- Up-to-date: /home/agilex/krish_ws/install/vision_msgs/share/vision_msgs/msg/BoundingBox3D.idl
[9.396s] -- Up-to-date: /home/agilex/krish_ws/install/vision_msgs/share/vision_msgs/msg/BoundingBox3DArray.idl
[9.397s] -- Up-to-date: /home/agilex/krish_ws/install/vision_msgs/share/vision_msgs/msg/Classification2D.idl
[9.397s] -- Up-to-date: /home/agilex/krish_ws/install/vision_msgs/share/vision_msgs/msg/Classification3D.idl
[9.397s] -- Up-to-date: /home/agilex/krish_ws/install/vision_msgs/share/vision_msgs/msg/Detection2DArray.idl
[9.397s] -- Up-to-date: /home/agilex/krish_ws/install/vision_msgs/share/vision_msgs/msg/Detection2D.idl
[9.398s] -- Up-to-date: /home/agilex/krish_ws/install/vision_msgs/share/vision_msgs/msg/Detection3DArray.idl
[9.398s] -- Up-to-date: /home/agilex/krish_ws/install/vision_msgs/share/vision_msgs/msg/Detection3D.idl
[9.398s] -- Up-to-date: /home/agilex/krish_ws/install/vision_msgs/share/vision_msgs/msg/ObjectHypothesis.idl
[9.398s] -- Up-to-date: /home/agilex/krish_ws/install/vision_msgs/share/vision_msgs/msg/ObjectHypothesisWithPose.idl
[9.399s] -- Up-to-date: /home/agilex/krish_ws/install/vision_msgs/share/vision_msgs/msg/VisionInfo.idl
[9.399s] -- Up-to-date: /home/agilex/krish_ws/install/vision_msgs/share/vision_msgs/msg/BoundingBox2D.msg
[9.399s] -- Up-to-date: /home/agilex/krish_ws/install/vision_msgs/share/vision_msgs/msg/BoundingBox2DArray.msg
[9.399s] -- Up-to-date: /home/agilex/krish_ws/install/vision_msgs/share/vision_msgs/msg/BoundingBox3D.msg
[9.400s] -- Up-to-date: /home/agilex/krish_ws/install/vision_msgs/share/vision_msgs/msg/BoundingBox3DArray.msg
[9.400s] -- Up-to-date: /home/agilex/krish_ws/install/vision_msgs/share/vision_msgs/msg/Classification2D.msg
[9.400s] -- Up-to-date: /home/agilex/krish_ws/install/vision_msgs/share/vision_msgs/msg/Classification3D.msg
[9.400s] -- Up-to-date: /home/agilex/krish_ws/install/vision_msgs/share/vision_msgs/msg/Detection2DArray.msg
[9.400s] -- Up-to-date: /home/agilex/krish_ws/install/vision_msgs/share/vision_msgs/msg/Detection2D.msg
[9.400s] -- Up-to-date: /home/agilex/krish_ws/install/vision_msgs/share/vision_msgs/msg/Detection3DArray.msg
[9.401s] -- Up-to-date: /home/agilex/krish_ws/install/vision_msgs/share/vision_msgs/msg/Detection3D.msg
[9.401s] -- Up-to-date: /home/agilex/krish_ws/install/vision_msgs/share/vision_msgs/msg/ObjectHypothesis.msg
[9.401s] -- Up-to-date: /home/agilex/krish_ws/install/vision_msgs/share/vision_msgs/msg/ObjectHypothesisWithPose.msg
[9.401s] -- Up-to-date: /home/agilex/krish_ws/install/vision_msgs/share/vision_msgs/msg/VisionInfo.msg
[9.402s] -- Up-to-date: /home/agilex/krish_ws/install/vision_msgs/include/vision_msgs
[9.402s] -- Up-to-date: /home/agilex/krish_ws/install/vision_msgs/include/vision_msgs/create_aabb.hpp
[9.402s] -- Up-to-date: /home/agilex/krish_ws/install/vision_msgs/share/ament_index/resource_index/package_run_dependencies/vision_msgs
[9.402s] -- Up-to-date: /home/agilex/krish_ws/install/vision_msgs/share/ament_index/resource_index/parent_prefix_path/vision_msgs
[9.402s] -- Up-to-date: /home/agilex/krish_ws/install/vision_msgs/share/vision_msgs/environment/ament_prefix_path.sh
[9.402s] -- Up-to-date: /home/agilex/krish_ws/install/vision_msgs/share/vision_msgs/environment/ament_prefix_path.dsv
[9.402s] -- Up-to-date: /home/agilex/krish_ws/install/vision_msgs/share/vision_msgs/environment/path.sh
[9.403s] -- Up-to-date: /home/agilex/krish_ws/install/vision_msgs/share/vision_msgs/environment/path.dsv
[9.403s] -- Up-to-date: /home/agilex/krish_ws/install/vision_msgs/share/vision_msgs/local_setup.bash
[9.403s] -- Up-to-date: /home/agilex/krish_ws/install/vision_msgs/share/vision_msgs/local_setup.sh
[9.403s] -- Up-to-date: /home/agilex/krish_ws/install/vision_msgs/share/vision_msgs/local_setup.zsh
[9.403s] -- Up-to-date: /home/agilex/krish_ws/install/vision_msgs/share/vision_msgs/local_setup.dsv
[9.403s] -- Installing: /home/agilex/krish_ws/install/vision_msgs/share/vision_msgs/package.dsv
[9.404s] -- Up-to-date: /home/agilex/krish_ws/install/vision_msgs/share/ament_index/resource_index/packages/vision_msgs
[9.404s] -- Up-to-date: /home/agilex/krish_ws/install/vision_msgs/share/vision_msgs/cmake/vision_msgs__rosidl_generator_cExport.cmake
[9.404s] -- Up-to-date: /home/agilex/krish_ws/install/vision_msgs/share/vision_msgs/cmake/vision_msgs__rosidl_generator_cExport-noconfig.cmake
[9.404s] -- Up-to-date: /home/agilex/krish_ws/install/vision_msgs/share/vision_msgs/cmake/vision_msgs__rosidl_typesupport_introspection_cExport.cmake
[9.404s] -- Up-to-date: /home/agilex/krish_ws/install/vision_msgs/share/vision_msgs/cmake/vision_msgs__rosidl_typesupport_introspection_cExport-noconfig.cmake
[9.405s] -- Up-to-date: /home/agilex/krish_ws/install/vision_msgs/share/vision_msgs/cmake/vision_msgs__rosidl_typesupport_cExport.cmake
[9.405s] -- Up-to-date: /home/agilex/krish_ws/install/vision_msgs/share/vision_msgs/cmake/vision_msgs__rosidl_typesupport_cExport-noconfig.cmake
[9.406s] -- Up-to-date: /home/agilex/krish_ws/install/vision_msgs/share/vision_msgs/cmake/vision_msgs__rosidl_generator_cppExport.cmake
[9.406s] -- Up-to-date: /home/agilex/krish_ws/install/vision_msgs/share/vision_msgs/cmake/vision_msgs__rosidl_typesupport_introspection_cppExport.cmake
[9.406s] -- Up-to-date: /home/agilex/krish_ws/install/vision_msgs/share/vision_msgs/cmake/vision_msgs__rosidl_typesupport_introspection_cppExport-noconfig.cmake
[9.407s] -- Up-to-date: /home/agilex/krish_ws/install/vision_msgs/share/vision_msgs/cmake/vision_msgs__rosidl_typesupport_cppExport.cmake
[9.407s] -- Up-to-date: /home/agilex/krish_ws/install/vision_msgs/share/vision_msgs/cmake/vision_msgs__rosidl_typesupport_cppExport-noconfig.cmake
[9.408s] -- Up-to-date: /home/agilex/krish_ws/install/vision_msgs/share/vision_msgs/cmake/rosidl_cmake-extras.cmake
[9.408s] -- Up-to-date: /home/agilex/krish_ws/install/vision_msgs/share/vision_msgs/cmake/ament_cmake_export_dependencies-extras.cmake
[9.408s] -- Up-to-date: /home/agilex/krish_ws/install/vision_msgs/share/vision_msgs/cmake/ament_cmake_export_libraries-extras.cmake
[9.408s] -- Up-to-date: /home/agilex/krish_ws/install/vision_msgs/share/vision_msgs/cmake/ament_cmake_export_targets-extras.cmake
[9.409s] -- Up-to-date: /home/agilex/krish_ws/install/vision_msgs/share/vision_msgs/cmake/ament_cmake_export_include_directories-extras.cmake
[9.410s] -- Up-to-date: /home/agilex/krish_ws/install/vision_msgs/share/vision_msgs/cmake/rosidl_cmake_export_typesupport_libraries-extras.cmake
[9.410s] -- Up-to-date: /home/agilex/krish_ws/install/vision_msgs/share/vision_msgs/cmake/rosidl_cmake_export_typesupport_targets-extras.cmake
[9.410s] -- Up-to-date: /home/agilex/krish_ws/install/vision_msgs/share/vision_msgs/cmake/vision_msgsConfig.cmake
[9.411s] -- Up-to-date: /home/agilex/krish_ws/install/vision_msgs/share/vision_msgs/cmake/vision_msgsConfig-version.cmake
[9.411s] -- Up-to-date: /home/agilex/krish_ws/install/vision_msgs/share/vision_msgs/package.xml
[9.416s] Invoked command in '/home/agilex/krish_ws/build/vision_msgs' returned '0': CMAKE_PREFIX_PATH=${CMAKE_PREFIX_PATH}:/home/agilex/krish_ws/install/yolov5_ros2:/home/agilex/krish_ws/install/yolo_ros:/home/agilex/krish_ws/install/object_detection:/home/agilex/krish_ws/install/object_search:/home/agilex/krish_ws/install/object_detector:/home/agilex/limo_ros2_ws/install/ultraarm:/home/agilex/limo_ros2_ws/install/nav2_gazebo_spawner:/home/agilex/limo_ros2_ws/install/mypalletizer_260_pi:/home/agilex/limo_ros2_ws/install/mypalletizer_260:/home/agilex/limo_ros2_ws/install/mypalletizer_communication:/home/agilex/limo_ros2_ws/install/mycobot_630:/home/agilex/limo_ros2_ws/install/mycobot_600:/home/agilex/limo_ros2_ws/install/mycobot_320pi:/home/agilex/limo_ros2_ws/install/mycobot_320:/home/agilex/limo_ros2_ws/install/mycobot_280pi:/home/agilex/limo_ros2_ws/install/mycobot_280jn:/home/agilex/limo_ros2_ws/install/mycobot_280_x3pi:/home/agilex/limo_ros2_ws/install/mycobot_280:/home/agilex/limo_ros2_ws/install/myarm_m750:/home/agilex/limo_ros2_ws/install/myarm_c650:/home/agilex/limo_ros2_ws/install/myarm_300:/home/agilex/limo_ros2_ws/install/mycobot_communication:/home/agilex/limo_ros2_ws/install/mecharm_pi:/home/agilex/limo_ros2_ws/install/mecharm:/home/agilex/limo_ros2_ws/install/mecharm_communication:/home/agilex/limo_ros2_ws/install/mybuddy:/home/agilex/limo_ros2_ws/install/mycobot_description:/opt/ros/foxy /usr/bin/cmake --install /home/agilex/krish_ws/build/vision_msgs
