[17.403s] Invoking command in '/home/agilex/krish_ws/src/my_launch_pkg': PYTHONPATH=/home/agilex/krish_ws/build/my_launch_pkg/prefix_override:/home/agilex/krish_ws/install/my_launch_pkg/lib/python3.8/site-packages:${PYTHONPATH} /usr/bin/python3 setup.py egg_info --egg-base ../../build/my_launch_pkg build --build-base /home/agilex/krish_ws/build/my_launch_pkg/build install --record /home/agilex/krish_ws/build/my_launch_pkg/install.log --install-scripts $base/lib/my_launch_pkg --single-version-externally-managed
[17.861s] /home/agilex/.local/lib/python3.8/site-packages/setuptools/dist.py:476: SetuptoolsDeprecationWarning: Invalid dash-separated options
[17.861s] !!
[17.861s] 
[17.861s]         ********************************************************************************
[17.861s]         Usage of dash-separated 'script-dir' will not be supported in future
[17.863s]         versions. Please use the underscore name 'script_dir' instead.
[17.864s] 
[17.864s]         This deprecation is overdue, please update your project and remove deprecated
[17.866s]         calls to avoid build errors in the future.
[17.866s] 
[17.867s]         See https://setuptools.pypa.io/en/latest/userguide/declarative_config.html for details.
[17.868s]         ********************************************************************************
[17.868s] 
[17.873s] !!
[17.873s]   opt = self.warn_dash_deprecation(opt, section)
[18.192s] running egg_info
[18.237s] writing ../../build/my_launch_pkg/my_launch_pkg.egg-info/PKG-INFO
[18.251s] writing dependency_links to ../../build/my_launch_pkg/my_launch_pkg.egg-info/dependency_links.txt
[18.252s] writing requirements to ../../build/my_launch_pkg/my_launch_pkg.egg-info/requires.txt
[18.253s] writing top-level names to ../../build/my_launch_pkg/my_launch_pkg.egg-info/top_level.txt
[18.693s] reading manifest file '../../build/my_launch_pkg/my_launch_pkg.egg-info/SOURCES.txt'
[18.699s] writing manifest file '../../build/my_launch_pkg/my_launch_pkg.egg-info/SOURCES.txt'
[18.699s] running build
[18.699s] running build_py
[18.699s] copying my_launch_pkg/__init__.py -> /home/agilex/krish_ws/build/my_launch_pkg/build/lib/my_launch_pkg
[18.700s] running install
[18.700s] /home/agilex/.local/lib/python3.8/site-packages/setuptools/_distutils/cmd.py:66: SetuptoolsDeprecationWarning: setup.py install is deprecated.
[18.700s] !!
[18.700s] 
[18.700s]         ********************************************************************************
[18.700s]         Please avoid running ``setup.py`` directly.
[18.700s]         Instead, use pypa/build, pypa/installer or other
[18.700s]         standards-based tools.
[18.701s] 
[18.701s]         See https://blog.ganssle.io/articles/2021/10/setup-py-deprecated.html for details.
[18.701s]         ********************************************************************************
[18.701s] 
[18.701s] !!
[18.701s]   self.initialize_options()
[18.714s] running install_lib
[18.772s] running install_data
[18.854s] copying resource/my_launch_pkg -> /home/agilex/krish_ws/install/my_launch_pkg/share/ament_index/resource_index/packages
[18.854s] copying package.xml -> /home/agilex/krish_ws/install/my_launch_pkg/share/my_launch_pkg
[18.854s] copying launch/full_system.launch.py -> /home/agilex/krish_ws/install/my_launch_pkg/share/my_launch_pkg/launch
[18.854s] running install_egg_info
[18.905s] removing '/home/agilex/krish_ws/install/my_launch_pkg/lib/python3.8/site-packages/my_launch_pkg-0.0.0-py3.8.egg-info' (and everything under it)
[18.908s] Copying ../../build/my_launch_pkg/my_launch_pkg.egg-info to /home/agilex/krish_ws/install/my_launch_pkg/lib/python3.8/site-packages/my_launch_pkg-0.0.0-py3.8.egg-info
[18.908s] running install_scripts
[19.022s] writing list of installed files to '/home/agilex/krish_ws/build/my_launch_pkg/install.log'
[19.385s] Invoked command in '/home/agilex/krish_ws/src/my_launch_pkg' returned '0': PYTHONPATH=/home/agilex/krish_ws/build/my_launch_pkg/prefix_override:/home/agilex/krish_ws/install/my_launch_pkg/lib/python3.8/site-packages:${PYTHONPATH} /usr/bin/python3 setup.py egg_info --egg-base ../../build/my_launch_pkg build --build-base /home/agilex/krish_ws/build/my_launch_pkg/build install --record /home/agilex/krish_ws/build/my_launch_pkg/install.log --install-scripts $base/lib/my_launch_pkg --single-version-externally-managed
