[5.813s] Invoking command in '/home/agilex/krish_ws/src/nav_handler': PYTHONPATH=/home/agilex/krish_ws/build/nav_handler/prefix_override:/home/agilex/krish_ws/install/nav_handler/lib/python3.8/site-packages:${PYTHONPATH} /usr/bin/python3 setup.py egg_info --egg-base ../../build/nav_handler build --build-base /home/agilex/krish_ws/build/nav_handler/build install --record /home/agilex/krish_ws/build/nav_handler/install.log --install-scripts $base/lib/nav_handler --single-version-externally-managed
[6.251s] /home/agilex/.local/lib/python3.8/site-packages/setuptools/dist.py:476: SetuptoolsDeprecationWarning: Invalid dash-separated options
[6.251s] !!
[6.251s] 
[6.252s]         ********************************************************************************
[6.252s]         Usage of dash-separated 'script-dir' will not be supported in future
[6.252s]         versions. Please use the underscore name 'script_dir' instead.
[6.252s] 
[6.252s]         This deprecation is overdue, please update your project and remove deprecated
[6.252s]         calls to avoid build errors in the future.
[6.252s] 
[6.253s]         See https://setuptools.pypa.io/en/latest/userguide/declarative_config.html for details.
[6.253s]         ********************************************************************************
[6.253s] 
[6.253s] !!
[6.253s]   opt = self.warn_dash_deprecation(opt, section)
[6.577s] running egg_info
[6.632s] writing ../../build/nav_handler/nav_handler.egg-info/PKG-INFO
[6.633s] writing dependency_links to ../../build/nav_handler/nav_handler.egg-info/dependency_links.txt
[6.634s] writing entry points to ../../build/nav_handler/nav_handler.egg-info/entry_points.txt
[6.635s] writing requirements to ../../build/nav_handler/nav_handler.egg-info/requires.txt
[6.635s] writing top-level names to ../../build/nav_handler/nav_handler.egg-info/top_level.txt
[7.025s] reading manifest file '../../build/nav_handler/nav_handler.egg-info/SOURCES.txt'
[7.026s] writing manifest file '../../build/nav_handler/nav_handler.egg-info/SOURCES.txt'
[7.027s] running build
[7.027s] running build_py
[7.027s] copying nav_handler/__init__.py -> /home/agilex/krish_ws/build/nav_handler/build/lib/nav_handler
[7.028s] copying nav_handler/manual_object_nav_test.py -> /home/agilex/krish_ws/build/nav_handler/build/lib/nav_handler
[7.029s] copying nav_handler/pose_setter.py -> /home/agilex/krish_ws/build/nav_handler/build/lib/nav_handler
[7.029s] copying nav_handler/nav_handler.py -> /home/agilex/krish_ws/build/nav_handler/build/lib/nav_handler
[7.030s] running install
[7.031s] /home/agilex/.local/lib/python3.8/site-packages/setuptools/_distutils/cmd.py:66: SetuptoolsDeprecationWarning: setup.py install is deprecated.
[7.031s] !!
[7.032s] 
[7.032s]         ********************************************************************************
[7.032s]         Please avoid running ``setup.py`` directly.
[7.032s]         Instead, use pypa/build, pypa/installer or other
[7.032s]         standards-based tools.
[7.032s] 
[7.032s]         See https://blog.ganssle.io/articles/2021/10/setup-py-deprecated.html for details.
[7.033s]         ********************************************************************************
[7.033s] 
[7.033s] !!
[7.033s]   self.initialize_options()
[7.046s] running install_lib
[7.097s] copying /home/agilex/krish_ws/build/nav_handler/build/lib/nav_handler/nav_handler.py -> /home/agilex/krish_ws/install/nav_handler/lib/python3.8/site-packages/nav_handler
[7.099s] byte-compiling /home/agilex/krish_ws/install/nav_handler/lib/python3.8/site-packages/nav_handler/nav_handler.py to nav_handler.cpython-38.pyc
[7.103s] running install_data
[7.153s] copying resource/nav_handler -> /home/agilex/krish_ws/install/nav_handler/share/ament_index/resource_index/packages
[7.153s] copying package.xml -> /home/agilex/krish_ws/install/nav_handler/share/nav_handler
[7.153s] running install_egg_info
[7.204s] removing '/home/agilex/krish_ws/install/nav_handler/lib/python3.8/site-packages/nav_handler-0.0.0-py3.8.egg-info' (and everything under it)
[7.205s] Copying ../../build/nav_handler/nav_handler.egg-info to /home/agilex/krish_ws/install/nav_handler/lib/python3.8/site-packages/nav_handler-0.0.0-py3.8.egg-info
[7.208s] running install_scripts
[7.329s] Installing nav_handler script to /home/agilex/krish_ws/install/nav_handler/lib/nav_handler
[7.330s] Installing pose_setter script to /home/agilex/krish_ws/install/nav_handler/lib/nav_handler
[7.330s] Installing test script to /home/agilex/krish_ws/install/nav_handler/lib/nav_handler
[7.331s] writing list of installed files to '/home/agilex/krish_ws/build/nav_handler/install.log'
[7.430s] Invoked command in '/home/agilex/krish_ws/src/nav_handler' returned '0': PYTHONPATH=/home/agilex/krish_ws/build/nav_handler/prefix_override:/home/agilex/krish_ws/install/nav_handler/lib/python3.8/site-packages:${PYTHONPATH} /usr/bin/python3 setup.py egg_info --egg-base ../../build/nav_handler build --build-base /home/agilex/krish_ws/build/nav_handler/build install --record /home/agilex/krish_ws/build/nav_handler/install.log --install-scripts $base/lib/nav_handler --single-version-externally-managed
