[9.515s] Invoking command in '/home/agilex/krish_ws/src/object_detector': PYTHONPATH=/home/agilex/krish_ws/build/object_detector/prefix_override:/home/agilex/krish_ws/install/object_detector/lib/python3.8/site-packages:${PYTHONPATH} /usr/bin/python3 setup.py egg_info --egg-base ../../build/object_detector build --build-base /home/agilex/krish_ws/build/object_detector/build install --record /home/agilex/krish_ws/build/object_detector/install.log --install-scripts $base/lib/object_detector --single-version-externally-managed
[9.921s] /home/agilex/.local/lib/python3.8/site-packages/setuptools/dist.py:476: SetuptoolsDeprecationWarning: Invalid dash-separated options
[9.921s] !!
[9.921s] 
[9.921s]         ********************************************************************************
[9.921s]         Usage of dash-separated 'script-dir' will not be supported in future
[9.922s]         versions. Please use the underscore name 'script_dir' instead.
[9.922s] 
[9.922s]         This deprecation is overdue, please update your project and remove deprecated
[9.922s]         calls to avoid build errors in the future.
[9.922s] 
[9.922s]         See https://setuptools.pypa.io/en/latest/userguide/declarative_config.html for details.
[9.922s]         ********************************************************************************
[9.923s] 
[9.923s] !!
[9.923s]   opt = self.warn_dash_deprecation(opt, section)
[10.207s] running egg_info
[10.255s] writing ../../build/object_detector/object_detector.egg-info/PKG-INFO
[10.257s] writing dependency_links to ../../build/object_detector/object_detector.egg-info/dependency_links.txt
[10.258s] writing entry points to ../../build/object_detector/object_detector.egg-info/entry_points.txt
[10.259s] writing requirements to ../../build/object_detector/object_detector.egg-info/requires.txt
[10.259s] writing top-level names to ../../build/object_detector/object_detector.egg-info/top_level.txt
[10.632s] reading manifest file '../../build/object_detector/object_detector.egg-info/SOURCES.txt'
[10.633s] writing manifest file '../../build/object_detector/object_detector.egg-info/SOURCES.txt'
[10.634s] running build
[10.635s] running build_py
[10.635s] copying object_detector/__init__.py -> /home/agilex/krish_ws/build/object_detector/build/lib/object_detector
[10.635s] copying object_detector/object_detector.py -> /home/agilex/krish_ws/build/object_detector/build/lib/object_detector
[10.636s] running install
[10.637s] /home/agilex/.local/lib/python3.8/site-packages/setuptools/_distutils/cmd.py:66: SetuptoolsDeprecationWarning: setup.py install is deprecated.
[10.637s] !!
[10.637s] 
[10.637s]         ********************************************************************************
[10.638s]         Please avoid running ``setup.py`` directly.
[10.638s]         Instead, use pypa/build, pypa/installer or other
[10.638s]         standards-based tools.
[10.638s] 
[10.638s]         See https://blog.ganssle.io/articles/2021/10/setup-py-deprecated.html for details.
[10.638s]         ********************************************************************************
[10.638s] 
[10.639s] !!
[10.639s]   self.initialize_options()
[10.650s] running install_lib
[10.694s] copying /home/agilex/krish_ws/build/object_detector/build/lib/object_detector/object_detector.py -> /home/agilex/krish_ws/install/object_detector/lib/python3.8/site-packages/object_detector
[10.696s] byte-compiling /home/agilex/krish_ws/install/object_detector/lib/python3.8/site-packages/object_detector/object_detector.py to object_detector.cpython-38.pyc
[10.698s] running install_data
[10.745s] copying resource/object_detector -> /home/agilex/krish_ws/install/object_detector/share/ament_index/resource_index/packages
[10.746s] copying package.xml -> /home/agilex/krish_ws/install/object_detector/share/object_detector
[10.747s] running install_egg_info
[10.795s] removing '/home/agilex/krish_ws/install/object_detector/lib/python3.8/site-packages/object_detector-0.0.0-py3.8.egg-info' (and everything under it)
[10.796s] Copying ../../build/object_detector/object_detector.egg-info to /home/agilex/krish_ws/install/object_detector/lib/python3.8/site-packages/object_detector-0.0.0-py3.8.egg-info
[10.796s] running install_scripts
[10.910s] Installing yolo_detector script to /home/agilex/krish_ws/install/object_detector/lib/object_detector
[10.912s] writing list of installed files to '/home/agilex/krish_ws/build/object_detector/install.log'
[16.538s] Invoked command in '/home/agilex/krish_ws/src/object_detector' returned '0': PYTHONPATH=/home/agilex/krish_ws/build/object_detector/prefix_override:/home/agilex/krish_ws/install/object_detector/lib/python3.8/site-packages:${PYTHONPATH} /usr/bin/python3 setup.py egg_info --egg-base ../../build/object_detector build --build-base /home/agilex/krish_ws/build/object_detector/build install --record /home/agilex/krish_ws/build/object_detector/install.log --install-scripts $base/lib/object_detector --single-version-externally-managed
