[5.449s] Invoking command in '/home/agilex/krish_ws/src/nav_handler': PYTHONPATH=/home/agilex/krish_ws/build/nav_handler/prefix_override:/home/agilex/krish_ws/install/nav_handler/lib/python3.8/site-packages:${PYTHONPATH} /usr/bin/python3 setup.py egg_info --egg-base ../../build/nav_handler build --build-base /home/agilex/krish_ws/build/nav_handler/build install --record /home/agilex/krish_ws/build/nav_handler/install.log --install-scripts $base/lib/nav_handler --single-version-externally-managed
[5.828s] /home/agilex/.local/lib/python3.8/site-packages/setuptools/dist.py:476: SetuptoolsDeprecationWarning: Invalid dash-separated options
[5.829s] !!
[5.829s] 
[5.830s]         ********************************************************************************
[5.830s]         Usage of dash-separated 'script-dir' will not be supported in future
[5.830s]         versions. Please use the underscore name 'script_dir' instead.
[5.830s] 
[5.830s]         This deprecation is overdue, please update your project and remove deprecated
[5.831s]         calls to avoid build errors in the future.
[5.831s] 
[5.831s]         See https://setuptools.pypa.io/en/latest/userguide/declarative_config.html for details.
[5.831s]         ********************************************************************************
[5.832s] 
[5.832s] !!
[5.832s]   opt = self.warn_dash_deprecation(opt, section)
[6.102s] running egg_info
[6.147s] writing ../../build/nav_handler/nav_handler.egg-info/PKG-INFO
[6.148s] writing dependency_links to ../../build/nav_handler/nav_handler.egg-info/dependency_links.txt
[6.149s] writing entry points to ../../build/nav_handler/nav_handler.egg-info/entry_points.txt
[6.149s] writing requirements to ../../build/nav_handler/nav_handler.egg-info/requires.txt
[6.150s] writing top-level names to ../../build/nav_handler/nav_handler.egg-info/top_level.txt
[6.498s] reading manifest file '../../build/nav_handler/nav_handler.egg-info/SOURCES.txt'
[6.500s] writing manifest file '../../build/nav_handler/nav_handler.egg-info/SOURCES.txt'
[6.501s] running build
[6.502s] running build_py
[6.502s] copying nav_handler/__init__.py -> /home/agilex/krish_ws/build/nav_handler/build/lib/nav_handler
[6.502s] copying nav_handler/manual_object_nav_test.py -> /home/agilex/krish_ws/build/nav_handler/build/lib/nav_handler
[6.503s] copying nav_handler/pose_setter.py -> /home/agilex/krish_ws/build/nav_handler/build/lib/nav_handler
[6.503s] copying nav_handler/nav_handler.py -> /home/agilex/krish_ws/build/nav_handler/build/lib/nav_handler
[6.504s] running install
[6.505s] /home/agilex/.local/lib/python3.8/site-packages/setuptools/_distutils/cmd.py:66: SetuptoolsDeprecationWarning: setup.py install is deprecated.
[6.505s] !!
[6.505s] 
[6.506s]         ********************************************************************************
[6.506s]         Please avoid running ``setup.py`` directly.
[6.506s]         Instead, use pypa/build, pypa/installer or other
[6.506s]         standards-based tools.
[6.506s] 
[6.506s]         See https://blog.ganssle.io/articles/2021/10/setup-py-deprecated.html for details.
[6.506s]         ********************************************************************************
[6.506s] 
[6.507s] !!
[6.507s]   self.initialize_options()
[6.516s] running install_lib
[6.562s] copying /home/agilex/krish_ws/build/nav_handler/build/lib/nav_handler/manual_object_nav_test.py -> /home/agilex/krish_ws/install/nav_handler/lib/python3.8/site-packages/nav_handler
[6.563s] byte-compiling /home/agilex/krish_ws/install/nav_handler/lib/python3.8/site-packages/nav_handler/manual_object_nav_test.py to manual_object_nav_test.cpython-38.pyc
[6.565s] running install_data
[6.610s] copying resource/nav_handler -> /home/agilex/krish_ws/install/nav_handler/share/ament_index/resource_index/packages
[6.610s] copying package.xml -> /home/agilex/krish_ws/install/nav_handler/share/nav_handler
[6.611s] running install_egg_info
[6.657s] removing '/home/agilex/krish_ws/install/nav_handler/lib/python3.8/site-packages/nav_handler-0.0.0-py3.8.egg-info' (and everything under it)
[6.658s] Copying ../../build/nav_handler/nav_handler.egg-info to /home/agilex/krish_ws/install/nav_handler/lib/python3.8/site-packages/nav_handler-0.0.0-py3.8.egg-info
[6.659s] running install_scripts
[6.769s] Installing nav_handler script to /home/agilex/krish_ws/install/nav_handler/lib/nav_handler
[6.769s] Installing pose_setter script to /home/agilex/krish_ws/install/nav_handler/lib/nav_handler
[6.769s] Installing test script to /home/agilex/krish_ws/install/nav_handler/lib/nav_handler
[6.770s] writing list of installed files to '/home/agilex/krish_ws/build/nav_handler/install.log'
[6.855s] Invoked command in '/home/agilex/krish_ws/src/nav_handler' returned '0': PYTHONPATH=/home/agilex/krish_ws/build/nav_handler/prefix_override:/home/agilex/krish_ws/install/nav_handler/lib/python3.8/site-packages:${PYTHONPATH} /usr/bin/python3 setup.py egg_info --egg-base ../../build/nav_handler build --build-base /home/agilex/krish_ws/build/nav_handler/build install --record /home/agilex/krish_ws/build/nav_handler/install.log --install-scripts $base/lib/nav_handler --single-version-externally-managed
