[5.846s] Invoking command in '/home/agilex/krish_ws/src/object_detector': PYTHONPATH=/home/agilex/krish_ws/build/object_detector/prefix_override:/home/agilex/krish_ws/install/object_detector/lib/python3.8/site-packages:${PYTHONPATH} /usr/bin/python3 setup.py egg_info --egg-base ../../build/object_detector build --build-base /home/agilex/krish_ws/build/object_detector/build install --record /home/agilex/krish_ws/build/object_detector/install.log --install-scripts $base/lib/object_detector --single-version-externally-managed
[6.242s] /home/agilex/.local/lib/python3.8/site-packages/setuptools/dist.py:476: SetuptoolsDeprecationWarning: Invalid dash-separated options
[6.242s] !!
[6.242s] 
[6.242s]         ********************************************************************************
[6.243s]         Usage of dash-separated 'script-dir' will not be supported in future
[6.243s]         versions. Please use the underscore name 'script_dir' instead.
[6.243s] 
[6.243s]         This deprecation is overdue, please update your project and remove deprecated
[6.243s]         calls to avoid build errors in the future.
[6.243s] 
[6.243s]         See https://setuptools.pypa.io/en/latest/userguide/declarative_config.html for details.
[6.243s]         ********************************************************************************
[6.244s] 
[6.244s] !!
[6.244s]   opt = self.warn_dash_deprecation(opt, section)
[6.516s] running egg_info
[6.561s] writing ../../build/object_detector/object_detector.egg-info/PKG-INFO
[6.562s] writing dependency_links to ../../build/object_detector/object_detector.egg-info/dependency_links.txt
[6.562s] writing entry points to ../../build/object_detector/object_detector.egg-info/entry_points.txt
[6.563s] writing requirements to ../../build/object_detector/object_detector.egg-info/requires.txt
[6.563s] writing top-level names to ../../build/object_detector/object_detector.egg-info/top_level.txt
[6.916s] reading manifest file '../../build/object_detector/object_detector.egg-info/SOURCES.txt'
[6.918s] writing manifest file '../../build/object_detector/object_detector.egg-info/SOURCES.txt'
[6.919s] running build
[6.919s] running build_py
[6.919s] copying object_detector/__init__.py -> /home/agilex/krish_ws/build/object_detector/build/lib/object_detector
[6.919s] copying object_detector/object_detector.py -> /home/agilex/krish_ws/build/object_detector/build/lib/object_detector
[6.920s] running install
[6.920s] /home/agilex/.local/lib/python3.8/site-packages/setuptools/_distutils/cmd.py:66: SetuptoolsDeprecationWarning: setup.py install is deprecated.
[6.920s] !!
[6.921s] 
[6.921s]         ********************************************************************************
[6.921s]         Please avoid running ``setup.py`` directly.
[6.921s]         Instead, use pypa/build, pypa/installer or other
[6.921s]         standards-based tools.
[6.921s] 
[6.921s]         See https://blog.ganssle.io/articles/2021/10/setup-py-deprecated.html for details.
[6.921s]         ********************************************************************************
[6.922s] 
[6.922s] !!
[6.922s]   self.initialize_options()
[6.934s] running install_lib
[6.980s] running install_data
[7.024s] copying resource/object_detector -> /home/agilex/krish_ws/install/object_detector/share/ament_index/resource_index/packages
[7.025s] copying package.xml -> /home/agilex/krish_ws/install/object_detector/share/object_detector
[7.025s] running install_egg_info
[7.072s] removing '/home/agilex/krish_ws/install/object_detector/lib/python3.8/site-packages/object_detector-0.0.0-py3.8.egg-info' (and everything under it)
[7.073s] Copying ../../build/object_detector/object_detector.egg-info to /home/agilex/krish_ws/install/object_detector/lib/python3.8/site-packages/object_detector-0.0.0-py3.8.egg-info
[7.075s] running install_scripts
[7.184s] Installing yolo_detector script to /home/agilex/krish_ws/install/object_detector/lib/object_detector
[7.184s] writing list of installed files to '/home/agilex/krish_ws/build/object_detector/install.log'
[7.275s] Invoked command in '/home/agilex/krish_ws/src/object_detector' returned '0': PYTHONPATH=/home/agilex/krish_ws/build/object_detector/prefix_override:/home/agilex/krish_ws/install/object_detector/lib/python3.8/site-packages:${PYTHONPATH} /usr/bin/python3 setup.py egg_info --egg-base ../../build/object_detector build --build-base /home/agilex/krish_ws/build/object_detector/build install --record /home/agilex/krish_ws/build/object_detector/install.log --install-scripts $base/lib/object_detector --single-version-externally-managed
