[8.371s] Invoking command in '/home/agilex/krish_ws/build/vision_msgs': CMAKE_PREFIX_PATH=${CMAKE_PREFIX_PATH}:/home/agilex/limo_ros2_ws/install/ultraarm:/home/agilex/limo_ros2_ws/install/nav2_gazebo_spawner:/home/agilex/limo_ros2_ws/install/mypalletizer_260_pi:/home/agilex/limo_ros2_ws/install/mypalletizer_260:/home/agilex/limo_ros2_ws/install/mypalletizer_communication:/home/agilex/limo_ros2_ws/install/mycobot_630:/home/agilex/limo_ros2_ws/install/mycobot_600:/home/agilex/limo_ros2_ws/install/mycobot_320pi:/home/agilex/limo_ros2_ws/install/mycobot_320:/home/agilex/limo_ros2_ws/install/mycobot_280pi:/home/agilex/limo_ros2_ws/install/mycobot_280jn:/home/agilex/limo_ros2_ws/install/mycobot_280_x3pi:/home/agilex/limo_ros2_ws/install/mycobot_280:/home/agilex/limo_ros2_ws/install/myarm_m750:/home/agilex/limo_ros2_ws/install/myarm_c650:/home/agilex/limo_ros2_ws/install/myarm_300:/home/agilex/limo_ros2_ws/install/mycobot_communication:/home/agilex/limo_ros2_ws/install/mecharm_pi:/home/agilex/limo_ros2_ws/install/mecharm:/home/agilex/limo_ros2_ws/install/mecharm_communication:/home/agilex/limo_ros2_ws/install/mybuddy:/home/agilex/limo_ros2_ws/install/mycobot_description:/home/agilex/krish_ws/install/system_launcher:/home/agilex/krish_ws/install/object_detector:/home/agilex/krish_ws/install/nav_handler:/home/agilex/krish_ws/install/nav2_gazebo_spawner:/home/agilex/krish_ws/install/mycobot_arm:/home/agilex/krish_ws/install/my_launch_pkg:/opt/ros/foxy /usr/bin/cmake --build /home/agilex/krish_ws/build/vision_msgs -- -j6 -l6
[14.612s] [  2%] Built target vision_msgs__cpp
[14.613s] [  3%] Built target gtest
[14.613s] [  3%] Built target gtest_main
[14.613s] [ 14%] Built target vision_msgs__rosidl_generator_c
[14.615s] [ 25%] Built target vision_msgs__rosidl_typesupport_introspection_cpp
[14.615s] [ 36%] Built target vision_msgs__rosidl_typesupport_c
[14.619s] [ 47%] Built target vision_msgs__rosidl_typesupport_introspection_c
[14.620s] [ 58%] Built target vision_msgs__rosidl_typesupport_cpp
[14.620s] [ 69%] Built target vision_msgs__rosidl_typesupport_fastrtps_cpp
[14.620s] [ 80%] Built target vision_msgs__rosidl_typesupport_fastrtps_c
[14.620s] [ 80%] Built target vision_msgs
[14.620s] [ 82%] Built target vision_msgs__py
[14.621s] [ 83%] Built target vision_msgs_test
[14.621s] [ 94%] Built target vision_msgs__python
[14.621s] [ 98%] Built target vision_msgs__rosidl_typesupport_c__pyext
[14.621s] [ 98%] Built target vision_msgs__rosidl_typesupport_fastrtps_c__pyext
[14.621s] [100%] Built target vision_msgs__rosidl_typesupport_introspection_c__pyext
[14.622s] Invoked command in '/home/agilex/krish_ws/build/vision_msgs' returned '0': CMAKE_PREFIX_PATH=${CMAKE_PREFIX_PATH}:/home/agilex/limo_ros2_ws/install/ultraarm:/home/agilex/limo_ros2_ws/install/nav2_gazebo_spawner:/home/agilex/limo_ros2_ws/install/mypalletizer_260_pi:/home/agilex/limo_ros2_ws/install/mypalletizer_260:/home/agilex/limo_ros2_ws/install/mypalletizer_communication:/home/agilex/limo_ros2_ws/install/mycobot_630:/home/agilex/limo_ros2_ws/install/mycobot_600:/home/agilex/limo_ros2_ws/install/mycobot_320pi:/home/agilex/limo_ros2_ws/install/mycobot_320:/home/agilex/limo_ros2_ws/install/mycobot_280pi:/home/agilex/limo_ros2_ws/install/mycobot_280jn:/home/agilex/limo_ros2_ws/install/mycobot_280_x3pi:/home/agilex/limo_ros2_ws/install/mycobot_280:/home/agilex/limo_ros2_ws/install/myarm_m750:/home/agilex/limo_ros2_ws/install/myarm_c650:/home/agilex/limo_ros2_ws/install/myarm_300:/home/agilex/limo_ros2_ws/install/mycobot_communication:/home/agilex/limo_ros2_ws/install/mecharm_pi:/home/agilex/limo_ros2_ws/install/mecharm:/home/agilex/limo_ros2_ws/install/mecharm_communication:/home/agilex/limo_ros2_ws/install/mybuddy:/home/agilex/limo_ros2_ws/install/mycobot_description:/home/agilex/krish_ws/install/system_launcher:/home/agilex/krish_ws/install/object_detector:/home/agilex/krish_ws/install/nav_handler:/home/agilex/krish_ws/install/nav2_gazebo_spawner:/home/agilex/krish_ws/install/mycobot_arm:/home/agilex/krish_ws/install/my_launch_pkg:/opt/ros/foxy /usr/bin/cmake --build /home/agilex/krish_ws/build/vision_msgs -- -j6 -l6
[16.753s] Invoking command in '/home/agilex/krish_ws/build/vision_msgs': CMAKE_PREFIX_PATH=${CMAKE_PREFIX_PATH}:/home/agilex/limo_ros2_ws/install/ultraarm:/home/agilex/limo_ros2_ws/install/nav2_gazebo_spawner:/home/agilex/limo_ros2_ws/install/mypalletizer_260_pi:/home/agilex/limo_ros2_ws/install/mypalletizer_260:/home/agilex/limo_ros2_ws/install/mypalletizer_communication:/home/agilex/limo_ros2_ws/install/mycobot_630:/home/agilex/limo_ros2_ws/install/mycobot_600:/home/agilex/limo_ros2_ws/install/mycobot_320pi:/home/agilex/limo_ros2_ws/install/mycobot_320:/home/agilex/limo_ros2_ws/install/mycobot_280pi:/home/agilex/limo_ros2_ws/install/mycobot_280jn:/home/agilex/limo_ros2_ws/install/mycobot_280_x3pi:/home/agilex/limo_ros2_ws/install/mycobot_280:/home/agilex/limo_ros2_ws/install/myarm_m750:/home/agilex/limo_ros2_ws/install/myarm_c650:/home/agilex/limo_ros2_ws/install/myarm_300:/home/agilex/limo_ros2_ws/install/mycobot_communication:/home/agilex/limo_ros2_ws/install/mecharm_pi:/home/agilex/limo_ros2_ws/install/mecharm:/home/agilex/limo_ros2_ws/install/mecharm_communication:/home/agilex/limo_ros2_ws/install/mybuddy:/home/agilex/limo_ros2_ws/install/mycobot_description:/home/agilex/krish_ws/install/system_launcher:/home/agilex/krish_ws/install/object_detector:/home/agilex/krish_ws/install/nav_handler:/home/agilex/krish_ws/install/nav2_gazebo_spawner:/home/agilex/krish_ws/install/mycobot_arm:/home/agilex/krish_ws/install/my_launch_pkg:/opt/ros/foxy /usr/bin/cmake --install /home/agilex/krish_ws/build/vision_msgs
[16.787s] -- Install configuration: ""
[16.788s] -- Execute custom install script
[16.789s] -- Up-to-date symlink: /home/agilex/krish_ws/install/vision_msgs/share/ament_index/resource_index/rosidl_interfaces/vision_msgs
[16.793s] -- Up-to-date symlink: /home/agilex/krish_ws/install/vision_msgs/include/vision_msgs/msg/bounding_box2_d.h
[16.793s] -- Up-to-date symlink: /home/agilex/krish_ws/install/vision_msgs/include/vision_msgs/msg/bounding_box2_d_array.h
[16.793s] -- Up-to-date symlink: /home/agilex/krish_ws/install/vision_msgs/include/vision_msgs/msg/bounding_box3_d.h
[16.794s] -- Up-to-date symlink: /home/agilex/krish_ws/install/vision_msgs/include/vision_msgs/msg/bounding_box3_d_array.h
[16.795s] -- Up-to-date symlink: /home/agilex/krish_ws/install/vision_msgs/include/vision_msgs/msg/classification2_d.h
[16.796s] -- Up-to-date symlink: /home/agilex/krish_ws/install/vision_msgs/include/vision_msgs/msg/classification3_d.h
[16.796s] -- Up-to-date symlink: /home/agilex/krish_ws/install/vision_msgs/include/vision_msgs/msg/detail/bounding_box2_d__functions.h
[16.796s] -- Up-to-date symlink: /home/agilex/krish_ws/install/vision_msgs/include/vision_msgs/msg/detail/bounding_box2_d__struct.h
[16.797s] -- Up-to-date symlink: /home/agilex/krish_ws/install/vision_msgs/include/vision_msgs/msg/detail/bounding_box2_d__type_support.h
[16.797s] -- Up-to-date symlink: /home/agilex/krish_ws/install/vision_msgs/include/vision_msgs/msg/detail/bounding_box2_d_array__functions.h
[16.798s] -- Up-to-date symlink: /home/agilex/krish_ws/install/vision_msgs/include/vision_msgs/msg/detail/bounding_box2_d_array__struct.h
[16.798s] -- Up-to-date symlink: /home/agilex/krish_ws/install/vision_msgs/include/vision_msgs/msg/detail/bounding_box2_d_array__type_support.h
[16.798s] -- Up-to-date symlink: /home/agilex/krish_ws/install/vision_msgs/include/vision_msgs/msg/detail/bounding_box3_d__functions.h
[16.799s] -- Up-to-date symlink: /home/agilex/krish_ws/install/vision_msgs/include/vision_msgs/msg/detail/bounding_box3_d__struct.h
[16.799s] -- Up-to-date symlink: /home/agilex/krish_ws/install/vision_msgs/include/vision_msgs/msg/detail/bounding_box3_d__type_support.h
[16.800s] -- Up-to-date symlink: /home/agilex/krish_ws/install/vision_msgs/include/vision_msgs/msg/detail/bounding_box3_d_array__functions.h
[16.800s] -- Up-to-date symlink: /home/agilex/krish_ws/install/vision_msgs/include/vision_msgs/msg/detail/bounding_box3_d_array__struct.h
[16.800s] -- Up-to-date symlink: /home/agilex/krish_ws/install/vision_msgs/include/vision_msgs/msg/detail/bounding_box3_d_array__type_support.h
[16.804s] -- Up-to-date symlink: /home/agilex/krish_ws/install/vision_msgs/include/vision_msgs/msg/detail/classification2_d__functions.h
[16.805s] -- Up-to-date symlink: /home/agilex/krish_ws/install/vision_msgs/include/vision_msgs/msg/detail/classification2_d__struct.h
[16.805s] -- Up-to-date symlink: /home/agilex/krish_ws/install/vision_msgs/include/vision_msgs/msg/detail/classification2_d__type_support.h
[16.805s] -- Up-to-date symlink: /home/agilex/krish_ws/install/vision_msgs/include/vision_msgs/msg/detail/classification3_d__functions.h
[16.805s] -- Up-to-date symlink: /home/agilex/krish_ws/install/vision_msgs/include/vision_msgs/msg/detail/classification3_d__struct.h
[16.806s] -- Up-to-date symlink: /home/agilex/krish_ws/install/vision_msgs/include/vision_msgs/msg/detail/classification3_d__type_support.h
[16.806s] -- Up-to-date symlink: /home/agilex/krish_ws/install/vision_msgs/include/vision_msgs/msg/detail/detection2_d__functions.h
[16.807s] -- Up-to-date symlink: /home/agilex/krish_ws/install/vision_msgs/include/vision_msgs/msg/detail/detection2_d__struct.h
[16.807s] -- Up-to-date symlink: /home/agilex/krish_ws/install/vision_msgs/include/vision_msgs/msg/detail/detection2_d__type_support.h
[16.807s] -- Up-to-date symlink: /home/agilex/krish_ws/install/vision_msgs/include/vision_msgs/msg/detail/detection2_d_array__functions.h
[16.807s] -- Up-to-date symlink: /home/agilex/krish_ws/install/vision_msgs/include/vision_msgs/msg/detail/detection2_d_array__struct.h
[16.807s] -- Up-to-date symlink: /home/agilex/krish_ws/install/vision_msgs/include/vision_msgs/msg/detail/detection2_d_array__type_support.h
[16.808s] -- Up-to-date symlink: /home/agilex/krish_ws/install/vision_msgs/include/vision_msgs/msg/detail/detection3_d__functions.h
[16.808s] -- Up-to-date symlink: /home/agilex/krish_ws/install/vision_msgs/include/vision_msgs/msg/detail/detection3_d__struct.h
[16.808s] -- Up-to-date symlink: /home/agilex/krish_ws/install/vision_msgs/include/vision_msgs/msg/detail/detection3_d__type_support.h
[16.808s] -- Up-to-date symlink: /home/agilex/krish_ws/install/vision_msgs/include/vision_msgs/msg/detail/detection3_d_array__functions.h
[16.808s] -- Up-to-date symlink: /home/agilex/krish_ws/install/vision_msgs/include/vision_msgs/msg/detail/detection3_d_array__struct.h
[16.808s] -- Up-to-date symlink: /home/agilex/krish_ws/install/vision_msgs/include/vision_msgs/msg/detail/detection3_d_array__type_support.h
[16.810s] -- Up-to-date symlink: /home/agilex/krish_ws/install/vision_msgs/include/vision_msgs/msg/detail/object_hypothesis__functions.h
[16.811s] -- Up-to-date symlink: /home/agilex/krish_ws/install/vision_msgs/include/vision_msgs/msg/detail/object_hypothesis__struct.h
[16.811s] -- Up-to-date symlink: /home/agilex/krish_ws/install/vision_msgs/include/vision_msgs/msg/detail/object_hypothesis__type_support.h
[16.811s] -- Up-to-date symlink: /home/agilex/krish_ws/install/vision_msgs/include/vision_msgs/msg/detail/object_hypothesis_with_pose__functions.h
[16.811s] -- Up-to-date symlink: /home/agilex/krish_ws/install/vision_msgs/include/vision_msgs/msg/detail/object_hypothesis_with_pose__struct.h
[16.811s] -- Up-to-date symlink: /home/agilex/krish_ws/install/vision_msgs/include/vision_msgs/msg/detail/object_hypothesis_with_pose__type_support.h
[16.812s] -- Up-to-date symlink: /home/agilex/krish_ws/install/vision_msgs/include/vision_msgs/msg/detail/vision_info__functions.h
[16.812s] -- Up-to-date symlink: /home/agilex/krish_ws/install/vision_msgs/include/vision_msgs/msg/detail/vision_info__struct.h
[16.812s] -- Up-to-date symlink: /home/agilex/krish_ws/install/vision_msgs/include/vision_msgs/msg/detail/vision_info__type_support.h
[16.812s] -- Up-to-date symlink: /home/agilex/krish_ws/install/vision_msgs/include/vision_msgs/msg/detection2_d.h
[16.812s] -- Up-to-date symlink: /home/agilex/krish_ws/install/vision_msgs/include/vision_msgs/msg/detection2_d_array.h
[16.813s] -- Up-to-date symlink: /home/agilex/krish_ws/install/vision_msgs/include/vision_msgs/msg/detection3_d.h
[16.813s] -- Up-to-date symlink: /home/agilex/krish_ws/install/vision_msgs/include/vision_msgs/msg/detection3_d_array.h
[16.813s] -- Up-to-date symlink: /home/agilex/krish_ws/install/vision_msgs/include/vision_msgs/msg/object_hypothesis.h
[16.814s] -- Up-to-date symlink: /home/agilex/krish_ws/install/vision_msgs/include/vision_msgs/msg/object_hypothesis_with_pose.h
[16.814s] -- Up-to-date symlink: /home/agilex/krish_ws/install/vision_msgs/include/vision_msgs/msg/rosidl_generator_c__visibility_control.h
[16.814s] -- Up-to-date symlink: /home/agilex/krish_ws/install/vision_msgs/include/vision_msgs/msg/vision_info.h
[16.815s] -- Up-to-date symlink: /home/agilex/krish_ws/install/vision_msgs/share/vision_msgs/environment/library_path.sh
[16.815s] -- Up-to-date symlink: /home/agilex/krish_ws/install/vision_msgs/share/vision_msgs/environment/library_path.dsv
[16.817s] -- Up-to-date symlink: /home/agilex/krish_ws/install/vision_msgs/include/vision_msgs/msg/detail/bounding_box2_d__rosidl_typesupport_fastrtps_c.h
[16.818s] -- Up-to-date symlink: /home/agilex/krish_ws/install/vision_msgs/include/vision_msgs/msg/detail/bounding_box2_d_array__rosidl_typesupport_fastrtps_c.h
[16.818s] -- Up-to-date symlink: /home/agilex/krish_ws/install/vision_msgs/include/vision_msgs/msg/detail/bounding_box3_d__rosidl_typesupport_fastrtps_c.h
[16.818s] -- Up-to-date symlink: /home/agilex/krish_ws/install/vision_msgs/include/vision_msgs/msg/detail/bounding_box3_d_array__rosidl_typesupport_fastrtps_c.h
[16.818s] -- Up-to-date symlink: /home/agilex/krish_ws/install/vision_msgs/include/vision_msgs/msg/detail/classification2_d__rosidl_typesupport_fastrtps_c.h
[16.820s] -- Up-to-date symlink: /home/agilex/krish_ws/install/vision_msgs/include/vision_msgs/msg/detail/classification3_d__rosidl_typesupport_fastrtps_c.h
[16.820s] -- Up-to-date symlink: /home/agilex/krish_ws/install/vision_msgs/include/vision_msgs/msg/detail/detection2_d__rosidl_typesupport_fastrtps_c.h
[16.820s] -- Up-to-date symlink: /home/agilex/krish_ws/install/vision_msgs/include/vision_msgs/msg/detail/detection2_d_array__rosidl_typesupport_fastrtps_c.h
[16.820s] -- Up-to-date symlink: /home/agilex/krish_ws/install/vision_msgs/include/vision_msgs/msg/detail/detection3_d__rosidl_typesupport_fastrtps_c.h
[16.820s] -- Up-to-date symlink: /home/agilex/krish_ws/install/vision_msgs/include/vision_msgs/msg/detail/detection3_d_array__rosidl_typesupport_fastrtps_c.h
[16.821s] -- Up-to-date symlink: /home/agilex/krish_ws/install/vision_msgs/include/vision_msgs/msg/detail/object_hypothesis__rosidl_typesupport_fastrtps_c.h
[16.821s] -- Up-to-date symlink: /home/agilex/krish_ws/install/vision_msgs/include/vision_msgs/msg/detail/object_hypothesis_with_pose__rosidl_typesupport_fastrtps_c.h
[16.821s] -- Up-to-date symlink: /home/agilex/krish_ws/install/vision_msgs/include/vision_msgs/msg/detail/vision_info__rosidl_typesupport_fastrtps_c.h
[16.821s] -- Up-to-date symlink: /home/agilex/krish_ws/install/vision_msgs/include/vision_msgs/msg/rosidl_typesupport_fastrtps_c__visibility_control.h
[16.822s] -- Up-to-date symlink: /home/agilex/krish_ws/install/vision_msgs/lib/libvision_msgs__rosidl_typesupport_fastrtps_c.so
[16.825s] -- Up-to-date symlink: /home/agilex/krish_ws/install/vision_msgs/include/vision_msgs/msg/detail/bounding_box2_d__rosidl_typesupport_fastrtps_cpp.hpp
[16.825s] -- Up-to-date symlink: /home/agilex/krish_ws/install/vision_msgs/include/vision_msgs/msg/detail/bounding_box2_d_array__rosidl_typesupport_fastrtps_cpp.hpp
[16.825s] -- Up-to-date symlink: /home/agilex/krish_ws/install/vision_msgs/include/vision_msgs/msg/detail/bounding_box3_d__rosidl_typesupport_fastrtps_cpp.hpp
[16.826s] -- Up-to-date symlink: /home/agilex/krish_ws/install/vision_msgs/include/vision_msgs/msg/detail/bounding_box3_d_array__rosidl_typesupport_fastrtps_cpp.hpp
[16.827s] -- Up-to-date symlink: /home/agilex/krish_ws/install/vision_msgs/include/vision_msgs/msg/detail/classification2_d__rosidl_typesupport_fastrtps_cpp.hpp
[16.827s] -- Up-to-date symlink: /home/agilex/krish_ws/install/vision_msgs/include/vision_msgs/msg/detail/classification3_d__rosidl_typesupport_fastrtps_cpp.hpp
[16.828s] -- Up-to-date symlink: /home/agilex/krish_ws/install/vision_msgs/include/vision_msgs/msg/detail/detection2_d__rosidl_typesupport_fastrtps_cpp.hpp
[16.829s] -- Up-to-date symlink: /home/agilex/krish_ws/install/vision_msgs/include/vision_msgs/msg/detail/detection2_d_array__rosidl_typesupport_fastrtps_cpp.hpp
[16.829s] -- Up-to-date symlink: /home/agilex/krish_ws/install/vision_msgs/include/vision_msgs/msg/detail/detection3_d__rosidl_typesupport_fastrtps_cpp.hpp
[16.829s] -- Up-to-date symlink: /home/agilex/krish_ws/install/vision_msgs/include/vision_msgs/msg/detail/detection3_d_array__rosidl_typesupport_fastrtps_cpp.hpp
[16.829s] -- Up-to-date symlink: /home/agilex/krish_ws/install/vision_msgs/include/vision_msgs/msg/detail/object_hypothesis__rosidl_typesupport_fastrtps_cpp.hpp
[16.830s] -- Up-to-date symlink: /home/agilex/krish_ws/install/vision_msgs/include/vision_msgs/msg/detail/object_hypothesis_with_pose__rosidl_typesupport_fastrtps_cpp.hpp
[16.830s] -- Up-to-date symlink: /home/agilex/krish_ws/install/vision_msgs/include/vision_msgs/msg/detail/vision_info__rosidl_typesupport_fastrtps_cpp.hpp
[16.830s] -- Up-to-date symlink: /home/agilex/krish_ws/install/vision_msgs/include/vision_msgs/msg/rosidl_typesupport_fastrtps_cpp__visibility_control.h
[16.831s] -- Up-to-date symlink: /home/agilex/krish_ws/install/vision_msgs/lib/libvision_msgs__rosidl_typesupport_fastrtps_cpp.so
[16.832s] -- Up-to-date symlink: /home/agilex/krish_ws/install/vision_msgs/include/vision_msgs/msg/detail/bounding_box2_d__rosidl_typesupport_introspection_c.h
[16.833s] -- Up-to-date symlink: /home/agilex/krish_ws/install/vision_msgs/include/vision_msgs/msg/detail/bounding_box2_d_array__rosidl_typesupport_introspection_c.h
[16.833s] -- Up-to-date symlink: /home/agilex/krish_ws/install/vision_msgs/include/vision_msgs/msg/detail/bounding_box3_d__rosidl_typesupport_introspection_c.h
[16.833s] -- Up-to-date symlink: /home/agilex/krish_ws/install/vision_msgs/include/vision_msgs/msg/detail/bounding_box3_d_array__rosidl_typesupport_introspection_c.h
[16.834s] -- Up-to-date symlink: /home/agilex/krish_ws/install/vision_msgs/include/vision_msgs/msg/detail/classification2_d__rosidl_typesupport_introspection_c.h
[16.834s] -- Up-to-date symlink: /home/agilex/krish_ws/install/vision_msgs/include/vision_msgs/msg/detail/classification3_d__rosidl_typesupport_introspection_c.h
[16.834s] -- Up-to-date symlink: /home/agilex/krish_ws/install/vision_msgs/include/vision_msgs/msg/detail/detection2_d__rosidl_typesupport_introspection_c.h
[16.835s] -- Up-to-date symlink: /home/agilex/krish_ws/install/vision_msgs/include/vision_msgs/msg/detail/detection2_d_array__rosidl_typesupport_introspection_c.h
[16.835s] -- Up-to-date symlink: /home/agilex/krish_ws/install/vision_msgs/include/vision_msgs/msg/detail/detection3_d__rosidl_typesupport_introspection_c.h
[16.835s] -- Up-to-date symlink: /home/agilex/krish_ws/install/vision_msgs/include/vision_msgs/msg/detail/detection3_d_array__rosidl_typesupport_introspection_c.h
[16.836s] -- Up-to-date symlink: /home/agilex/krish_ws/install/vision_msgs/include/vision_msgs/msg/detail/object_hypothesis__rosidl_typesupport_introspection_c.h
[16.836s] -- Up-to-date symlink: /home/agilex/krish_ws/install/vision_msgs/include/vision_msgs/msg/detail/object_hypothesis_with_pose__rosidl_typesupport_introspection_c.h
[16.836s] -- Up-to-date symlink: /home/agilex/krish_ws/install/vision_msgs/include/vision_msgs/msg/detail/vision_info__rosidl_typesupport_introspection_c.h
[16.837s] -- Up-to-date symlink: /home/agilex/krish_ws/install/vision_msgs/include/vision_msgs/msg/rosidl_typesupport_introspection_c__visibility_control.h
[16.839s] -- Up-to-date symlink: /home/agilex/krish_ws/install/vision_msgs/include/vision_msgs/msg/bounding_box2_d.hpp
[16.841s] -- Up-to-date symlink: /home/agilex/krish_ws/install/vision_msgs/include/vision_msgs/msg/bounding_box2_d_array.hpp
[16.841s] -- Up-to-date symlink: /home/agilex/krish_ws/install/vision_msgs/include/vision_msgs/msg/bounding_box3_d.hpp
[16.841s] -- Up-to-date symlink: /home/agilex/krish_ws/install/vision_msgs/include/vision_msgs/msg/bounding_box3_d_array.hpp
[16.842s] -- Up-to-date symlink: /home/agilex/krish_ws/install/vision_msgs/include/vision_msgs/msg/classification2_d.hpp
[16.844s] -- Up-to-date symlink: /home/agilex/krish_ws/install/vision_msgs/include/vision_msgs/msg/classification3_d.hpp
[16.844s] -- Up-to-date symlink: /home/agilex/krish_ws/install/vision_msgs/include/vision_msgs/msg/detail/bounding_box2_d__builder.hpp
[16.845s] -- Up-to-date symlink: /home/agilex/krish_ws/install/vision_msgs/include/vision_msgs/msg/detail/bounding_box2_d__struct.hpp
[16.845s] -- Up-to-date symlink: /home/agilex/krish_ws/install/vision_msgs/include/vision_msgs/msg/detail/bounding_box2_d__traits.hpp
[16.845s] -- Up-to-date symlink: /home/agilex/krish_ws/install/vision_msgs/include/vision_msgs/msg/detail/bounding_box2_d__type_support.hpp
[16.845s] -- Up-to-date symlink: /home/agilex/krish_ws/install/vision_msgs/include/vision_msgs/msg/detail/bounding_box2_d_array__builder.hpp
[16.845s] -- Up-to-date symlink: /home/agilex/krish_ws/install/vision_msgs/include/vision_msgs/msg/detail/bounding_box2_d_array__struct.hpp
[16.846s] -- Up-to-date symlink: /home/agilex/krish_ws/install/vision_msgs/include/vision_msgs/msg/detail/bounding_box2_d_array__traits.hpp
[16.846s] -- Up-to-date symlink: /home/agilex/krish_ws/install/vision_msgs/include/vision_msgs/msg/detail/bounding_box2_d_array__type_support.hpp
[16.846s] -- Up-to-date symlink: /home/agilex/krish_ws/install/vision_msgs/include/vision_msgs/msg/detail/bounding_box3_d__builder.hpp
[16.846s] -- Up-to-date symlink: /home/agilex/krish_ws/install/vision_msgs/include/vision_msgs/msg/detail/bounding_box3_d__struct.hpp
[16.847s] -- Up-to-date symlink: /home/agilex/krish_ws/install/vision_msgs/include/vision_msgs/msg/detail/bounding_box3_d__traits.hpp
[16.847s] -- Up-to-date symlink: /home/agilex/krish_ws/install/vision_msgs/include/vision_msgs/msg/detail/bounding_box3_d__type_support.hpp
[16.847s] -- Up-to-date symlink: /home/agilex/krish_ws/install/vision_msgs/include/vision_msgs/msg/detail/bounding_box3_d_array__builder.hpp
[16.848s] -- Up-to-date symlink: /home/agilex/krish_ws/install/vision_msgs/include/vision_msgs/msg/detail/bounding_box3_d_array__struct.hpp
[16.848s] -- Up-to-date symlink: /home/agilex/krish_ws/install/vision_msgs/include/vision_msgs/msg/detail/bounding_box3_d_array__traits.hpp
[16.849s] -- Up-to-date symlink: /home/agilex/krish_ws/install/vision_msgs/include/vision_msgs/msg/detail/bounding_box3_d_array__type_support.hpp
[16.850s] -- Up-to-date symlink: /home/agilex/krish_ws/install/vision_msgs/include/vision_msgs/msg/detail/classification2_d__builder.hpp
[16.850s] -- Up-to-date symlink: /home/agilex/krish_ws/install/vision_msgs/include/vision_msgs/msg/detail/classification2_d__struct.hpp
[16.850s] -- Up-to-date symlink: /home/agilex/krish_ws/install/vision_msgs/include/vision_msgs/msg/detail/classification2_d__traits.hpp
[16.851s] -- Up-to-date symlink: /home/agilex/krish_ws/install/vision_msgs/include/vision_msgs/msg/detail/classification2_d__type_support.hpp
[16.851s] -- Up-to-date symlink: /home/agilex/krish_ws/install/vision_msgs/include/vision_msgs/msg/detail/classification3_d__builder.hpp
[16.851s] -- Up-to-date symlink: /home/agilex/krish_ws/install/vision_msgs/include/vision_msgs/msg/detail/classification3_d__struct.hpp
[16.852s] -- Up-to-date symlink: /home/agilex/krish_ws/install/vision_msgs/include/vision_msgs/msg/detail/classification3_d__traits.hpp
[16.852s] -- Up-to-date symlink: /home/agilex/krish_ws/install/vision_msgs/include/vision_msgs/msg/detail/classification3_d__type_support.hpp
[16.853s] -- Up-to-date symlink: /home/agilex/krish_ws/install/vision_msgs/include/vision_msgs/msg/detail/detection2_d__builder.hpp
[16.853s] -- Up-to-date symlink: /home/agilex/krish_ws/install/vision_msgs/include/vision_msgs/msg/detail/detection2_d__struct.hpp
[16.854s] -- Up-to-date symlink: /home/agilex/krish_ws/install/vision_msgs/include/vision_msgs/msg/detail/detection2_d__traits.hpp
[16.855s] -- Up-to-date symlink: /home/agilex/krish_ws/install/vision_msgs/include/vision_msgs/msg/detail/detection2_d__type_support.hpp
[16.856s] -- Up-to-date symlink: /home/agilex/krish_ws/install/vision_msgs/include/vision_msgs/msg/detail/detection2_d_array__builder.hpp
[16.856s] -- Up-to-date symlink: /home/agilex/krish_ws/install/vision_msgs/include/vision_msgs/msg/detail/detection2_d_array__struct.hpp
[16.857s] -- Up-to-date symlink: /home/agilex/krish_ws/install/vision_msgs/include/vision_msgs/msg/detail/detection2_d_array__traits.hpp
[16.857s] -- Up-to-date symlink: /home/agilex/krish_ws/install/vision_msgs/include/vision_msgs/msg/detail/detection2_d_array__type_support.hpp
[16.857s] -- Up-to-date symlink: /home/agilex/krish_ws/install/vision_msgs/include/vision_msgs/msg/detail/detection3_d__builder.hpp
[16.857s] -- Up-to-date symlink: /home/agilex/krish_ws/install/vision_msgs/include/vision_msgs/msg/detail/detection3_d__struct.hpp
[16.858s] -- Up-to-date symlink: /home/agilex/krish_ws/install/vision_msgs/include/vision_msgs/msg/detail/detection3_d__traits.hpp
[16.858s] -- Up-to-date symlink: /home/agilex/krish_ws/install/vision_msgs/include/vision_msgs/msg/detail/detection3_d__type_support.hpp
[16.858s] -- Up-to-date symlink: /home/agilex/krish_ws/install/vision_msgs/include/vision_msgs/msg/detail/detection3_d_array__builder.hpp
[16.858s] -- Up-to-date symlink: /home/agilex/krish_ws/install/vision_msgs/include/vision_msgs/msg/detail/detection3_d_array__struct.hpp
[16.859s] -- Up-to-date symlink: /home/agilex/krish_ws/install/vision_msgs/include/vision_msgs/msg/detail/detection3_d_array__traits.hpp
[16.859s] -- Up-to-date symlink: /home/agilex/krish_ws/install/vision_msgs/include/vision_msgs/msg/detail/detection3_d_array__type_support.hpp
[16.860s] -- Up-to-date symlink: /home/agilex/krish_ws/install/vision_msgs/include/vision_msgs/msg/detail/object_hypothesis__builder.hpp
[16.860s] -- Up-to-date symlink: /home/agilex/krish_ws/install/vision_msgs/include/vision_msgs/msg/detail/object_hypothesis__struct.hpp
[16.885s] -- Up-to-date symlink: /home/agilex/krish_ws/install/vision_msgs/include/vision_msgs/msg/detail/object_hypothesis__traits.hpp
[16.887s] -- Up-to-date symlink: /home/agilex/krish_ws/install/vision_msgs/include/vision_msgs/msg/detail/object_hypothesis__type_support.hpp
[16.887s] -- Up-to-date symlink: /home/agilex/krish_ws/install/vision_msgs/include/vision_msgs/msg/detail/object_hypothesis_with_pose__builder.hpp
[16.887s] -- Up-to-date symlink: /home/agilex/krish_ws/install/vision_msgs/include/vision_msgs/msg/detail/object_hypothesis_with_pose__struct.hpp
[16.887s] -- Up-to-date symlink: /home/agilex/krish_ws/install/vision_msgs/include/vision_msgs/msg/detail/object_hypothesis_with_pose__traits.hpp
[16.888s] -- Up-to-date symlink: /home/agilex/krish_ws/install/vision_msgs/include/vision_msgs/msg/detail/object_hypothesis_with_pose__type_support.hpp
[16.888s] -- Up-to-date symlink: /home/agilex/krish_ws/install/vision_msgs/include/vision_msgs/msg/detail/vision_info__builder.hpp
[16.888s] -- Up-to-date symlink: /home/agilex/krish_ws/install/vision_msgs/include/vision_msgs/msg/detail/vision_info__struct.hpp
[16.888s] -- Up-to-date symlink: /home/agilex/krish_ws/install/vision_msgs/include/vision_msgs/msg/detail/vision_info__traits.hpp
[16.888s] -- Up-to-date symlink: /home/agilex/krish_ws/install/vision_msgs/include/vision_msgs/msg/detail/vision_info__type_support.hpp
[16.889s] -- Up-to-date symlink: /home/agilex/krish_ws/install/vision_msgs/include/vision_msgs/msg/detection2_d.hpp
[16.889s] -- Up-to-date symlink: /home/agilex/krish_ws/install/vision_msgs/include/vision_msgs/msg/detection2_d_array.hpp
[16.889s] -- Up-to-date symlink: /home/agilex/krish_ws/install/vision_msgs/include/vision_msgs/msg/detection3_d.hpp
[16.890s] -- Up-to-date symlink: /home/agilex/krish_ws/install/vision_msgs/include/vision_msgs/msg/detection3_d_array.hpp
[16.891s] -- Up-to-date symlink: /home/agilex/krish_ws/install/vision_msgs/include/vision_msgs/msg/object_hypothesis.hpp
[16.895s] -- Up-to-date symlink: /home/agilex/krish_ws/install/vision_msgs/include/vision_msgs/msg/object_hypothesis_with_pose.hpp
[16.895s] -- Up-to-date symlink: /home/agilex/krish_ws/install/vision_msgs/include/vision_msgs/msg/rosidl_generator_cpp__visibility_control.hpp
[16.895s] -- Up-to-date symlink: /home/agilex/krish_ws/install/vision_msgs/include/vision_msgs/msg/vision_info.hpp
[16.895s] -- Up-to-date symlink: /home/agilex/krish_ws/install/vision_msgs/include/vision_msgs/msg/detail/bounding_box2_d__rosidl_typesupport_introspection_cpp.hpp
[16.896s] -- Up-to-date symlink: /home/agilex/krish_ws/install/vision_msgs/include/vision_msgs/msg/detail/bounding_box2_d_array__rosidl_typesupport_introspection_cpp.hpp
[16.896s] -- Up-to-date symlink: /home/agilex/krish_ws/install/vision_msgs/include/vision_msgs/msg/detail/bounding_box3_d__rosidl_typesupport_introspection_cpp.hpp
[16.896s] -- Up-to-date symlink: /home/agilex/krish_ws/install/vision_msgs/include/vision_msgs/msg/detail/bounding_box3_d_array__rosidl_typesupport_introspection_cpp.hpp
[16.896s] -- Up-to-date symlink: /home/agilex/krish_ws/install/vision_msgs/include/vision_msgs/msg/detail/classification2_d__rosidl_typesupport_introspection_cpp.hpp
[16.896s] -- Up-to-date symlink: /home/agilex/krish_ws/install/vision_msgs/include/vision_msgs/msg/detail/classification3_d__rosidl_typesupport_introspection_cpp.hpp
[16.896s] -- Up-to-date symlink: /home/agilex/krish_ws/install/vision_msgs/include/vision_msgs/msg/detail/detection2_d__rosidl_typesupport_introspection_cpp.hpp
[16.897s] -- Up-to-date symlink: /home/agilex/krish_ws/install/vision_msgs/include/vision_msgs/msg/detail/detection2_d_array__rosidl_typesupport_introspection_cpp.hpp
[16.897s] -- Up-to-date symlink: /home/agilex/krish_ws/install/vision_msgs/include/vision_msgs/msg/detail/detection3_d__rosidl_typesupport_introspection_cpp.hpp
[16.897s] -- Up-to-date symlink: /home/agilex/krish_ws/install/vision_msgs/include/vision_msgs/msg/detail/detection3_d_array__rosidl_typesupport_introspection_cpp.hpp
[16.897s] -- Up-to-date symlink: /home/agilex/krish_ws/install/vision_msgs/include/vision_msgs/msg/detail/object_hypothesis__rosidl_typesupport_introspection_cpp.hpp
[16.898s] -- Up-to-date symlink: /home/agilex/krish_ws/install/vision_msgs/include/vision_msgs/msg/detail/object_hypothesis_with_pose__rosidl_typesupport_introspection_cpp.hpp
[16.899s] -- Up-to-date symlink: /home/agilex/krish_ws/install/vision_msgs/include/vision_msgs/msg/detail/vision_info__rosidl_typesupport_introspection_cpp.hpp
[16.899s] -- Up-to-date symlink: /home/agilex/krish_ws/install/vision_msgs/share/vision_msgs/environment/pythonpath.sh
[16.899s] -- Up-to-date symlink: /home/agilex/krish_ws/install/vision_msgs/share/vision_msgs/environment/pythonpath.dsv
[16.899s] -- Up-to-date symlink: /home/agilex/krish_ws/install/vision_msgs/lib/python3.8/site-packages/vision_msgs/__init__.py
[16.899s] -- Up-to-date symlink: /home/agilex/krish_ws/install/vision_msgs/lib/python3.8/site-packages/vision_msgs/msg/__init__.py
[16.899s] -- Up-to-date symlink: /home/agilex/krish_ws/install/vision_msgs/lib/python3.8/site-packages/vision_msgs/msg/_bounding_box2_d.py
[16.900s] -- Up-to-date symlink: /home/agilex/krish_ws/install/vision_msgs/lib/python3.8/site-packages/vision_msgs/msg/_bounding_box2_d_array.py
[16.900s] -- Up-to-date symlink: /home/agilex/krish_ws/install/vision_msgs/lib/python3.8/site-packages/vision_msgs/msg/_bounding_box3_d.py
[16.900s] -- Up-to-date symlink: /home/agilex/krish_ws/install/vision_msgs/lib/python3.8/site-packages/vision_msgs/msg/_bounding_box3_d_array.py
[16.900s] -- Up-to-date symlink: /home/agilex/krish_ws/install/vision_msgs/lib/python3.8/site-packages/vision_msgs/msg/_classification2_d.py
[16.901s] -- Up-to-date symlink: /home/agilex/krish_ws/install/vision_msgs/lib/python3.8/site-packages/vision_msgs/msg/_classification3_d.py
[16.902s] -- Up-to-date symlink: /home/agilex/krish_ws/install/vision_msgs/lib/python3.8/site-packages/vision_msgs/msg/_detection2_d.py
[16.902s] -- Up-to-date symlink: /home/agilex/krish_ws/install/vision_msgs/lib/python3.8/site-packages/vision_msgs/msg/_detection2_d_array.py
[16.903s] -- Up-to-date symlink: /home/agilex/krish_ws/install/vision_msgs/lib/python3.8/site-packages/vision_msgs/msg/_detection3_d.py
[16.903s] -- Up-to-date symlink: /home/agilex/krish_ws/install/vision_msgs/lib/python3.8/site-packages/vision_msgs/msg/_detection3_d_array.py
[16.903s] -- Up-to-date symlink: /home/agilex/krish_ws/install/vision_msgs/lib/python3.8/site-packages/vision_msgs/msg/_object_hypothesis.py
[16.903s] -- Up-to-date symlink: /home/agilex/krish_ws/install/vision_msgs/lib/python3.8/site-packages/vision_msgs/msg/_object_hypothesis_with_pose.py
[16.903s] -- Up-to-date symlink: /home/agilex/krish_ws/install/vision_msgs/lib/python3.8/site-packages/vision_msgs/msg/_vision_info.py
[16.904s] -- Up-to-date symlink: /home/agilex/krish_ws/install/vision_msgs/lib/python3.8/site-packages/vision_msgs/vision_msgs_s__rosidl_typesupport_fastrtps_c.cpython-38-aarch64-linux-gnu.so
[16.904s] -- Up-to-date symlink: /home/agilex/krish_ws/install/vision_msgs/lib/python3.8/site-packages/vision_msgs/vision_msgs_s__rosidl_typesupport_introspection_c.cpython-38-aarch64-linux-gnu.so
[16.904s] -- Up-to-date symlink: /home/agilex/krish_ws/install/vision_msgs/lib/python3.8/site-packages/vision_msgs/vision_msgs_s__rosidl_typesupport_c.cpython-38-aarch64-linux-gnu.so
[16.904s] -- Up-to-date symlink: /home/agilex/krish_ws/install/vision_msgs/lib/libvision_msgs__python.so
[16.904s] -- Up-to-date symlink: /home/agilex/krish_ws/install/vision_msgs/share/vision_msgs/msg/BoundingBox2D.idl
[16.904s] -- Up-to-date symlink: /home/agilex/krish_ws/install/vision_msgs/share/vision_msgs/msg/BoundingBox2DArray.idl
[16.904s] -- Up-to-date symlink: /home/agilex/krish_ws/install/vision_msgs/share/vision_msgs/msg/BoundingBox3D.idl
[16.905s] -- Up-to-date symlink: /home/agilex/krish_ws/install/vision_msgs/share/vision_msgs/msg/BoundingBox3DArray.idl
[16.906s] -- Up-to-date symlink: /home/agilex/krish_ws/install/vision_msgs/share/vision_msgs/msg/Classification2D.idl
[16.906s] -- Up-to-date symlink: /home/agilex/krish_ws/install/vision_msgs/share/vision_msgs/msg/Classification3D.idl
[16.907s] -- Up-to-date symlink: /home/agilex/krish_ws/install/vision_msgs/share/vision_msgs/msg/Detection2DArray.idl
[16.907s] -- Up-to-date symlink: /home/agilex/krish_ws/install/vision_msgs/share/vision_msgs/msg/Detection2D.idl
[16.907s] -- Up-to-date symlink: /home/agilex/krish_ws/install/vision_msgs/share/vision_msgs/msg/Detection3DArray.idl
[16.907s] -- Up-to-date symlink: /home/agilex/krish_ws/install/vision_msgs/share/vision_msgs/msg/Detection3D.idl
[16.907s] -- Up-to-date symlink: /home/agilex/krish_ws/install/vision_msgs/share/vision_msgs/msg/ObjectHypothesis.idl
[16.907s] -- Up-to-date symlink: /home/agilex/krish_ws/install/vision_msgs/share/vision_msgs/msg/ObjectHypothesisWithPose.idl
[16.908s] -- Up-to-date symlink: /home/agilex/krish_ws/install/vision_msgs/share/vision_msgs/msg/VisionInfo.idl
[16.908s] -- Up-to-date symlink: /home/agilex/krish_ws/install/vision_msgs/share/vision_msgs/msg/BoundingBox2D.msg
[16.908s] -- Up-to-date symlink: /home/agilex/krish_ws/install/vision_msgs/share/vision_msgs/msg/BoundingBox2DArray.msg
[16.908s] -- Up-to-date symlink: /home/agilex/krish_ws/install/vision_msgs/share/vision_msgs/msg/BoundingBox3D.msg
[16.908s] -- Up-to-date symlink: /home/agilex/krish_ws/install/vision_msgs/share/vision_msgs/msg/BoundingBox3DArray.msg
[16.908s] -- Up-to-date symlink: /home/agilex/krish_ws/install/vision_msgs/share/vision_msgs/msg/Classification2D.msg
[16.908s] -- Up-to-date symlink: /home/agilex/krish_ws/install/vision_msgs/share/vision_msgs/msg/Classification3D.msg
[16.909s] -- Up-to-date symlink: /home/agilex/krish_ws/install/vision_msgs/share/vision_msgs/msg/Detection2DArray.msg
[16.909s] -- Up-to-date symlink: /home/agilex/krish_ws/install/vision_msgs/share/vision_msgs/msg/Detection2D.msg
[16.909s] -- Up-to-date symlink: /home/agilex/krish_ws/install/vision_msgs/share/vision_msgs/msg/Detection3DArray.msg
[16.909s] -- Up-to-date symlink: /home/agilex/krish_ws/install/vision_msgs/share/vision_msgs/msg/Detection3D.msg
[16.909s] -- Up-to-date symlink: /home/agilex/krish_ws/install/vision_msgs/share/vision_msgs/msg/ObjectHypothesis.msg
[16.909s] -- Up-to-date symlink: /home/agilex/krish_ws/install/vision_msgs/share/vision_msgs/msg/ObjectHypothesisWithPose.msg
[16.909s] -- Up-to-date symlink: /home/agilex/krish_ws/install/vision_msgs/share/vision_msgs/msg/VisionInfo.msg
[16.909s] -- Up-to-date symlink: /home/agilex/krish_ws/install/vision_msgs/include/vision_msgs/create_aabb.hpp
[16.910s] -- Up-to-date symlink: /home/agilex/krish_ws/install/vision_msgs/share/ament_index/resource_index/package_run_dependencies/vision_msgs
[16.910s] -- Up-to-date symlink: /home/agilex/krish_ws/install/vision_msgs/share/ament_index/resource_index/parent_prefix_path/vision_msgs
[16.910s] -- Up-to-date symlink: /home/agilex/krish_ws/install/vision_msgs/share/vision_msgs/environment/ament_prefix_path.sh
[16.910s] -- Up-to-date symlink: /home/agilex/krish_ws/install/vision_msgs/share/vision_msgs/environment/ament_prefix_path.dsv
[16.910s] -- Up-to-date symlink: /home/agilex/krish_ws/install/vision_msgs/share/vision_msgs/environment/path.sh
[16.910s] -- Up-to-date symlink: /home/agilex/krish_ws/install/vision_msgs/share/vision_msgs/environment/path.dsv
[16.910s] -- Up-to-date symlink: /home/agilex/krish_ws/install/vision_msgs/share/vision_msgs/local_setup.bash
[16.910s] -- Up-to-date symlink: /home/agilex/krish_ws/install/vision_msgs/share/vision_msgs/local_setup.sh
[16.911s] -- Up-to-date symlink: /home/agilex/krish_ws/install/vision_msgs/share/vision_msgs/local_setup.zsh
[16.911s] -- Up-to-date symlink: /home/agilex/krish_ws/install/vision_msgs/share/vision_msgs/local_setup.dsv
[16.911s] -- Symlinking: /home/agilex/krish_ws/install/vision_msgs/share/vision_msgs/package.dsv
[16.945s] -- Up-to-date symlink: /home/agilex/krish_ws/install/vision_msgs/share/ament_index/resource_index/packages/vision_msgs
[16.945s] -- Up-to-date symlink: /home/agilex/krish_ws/install/vision_msgs/share/vision_msgs/cmake/rosidl_cmake-extras.cmake
[16.945s] -- Up-to-date symlink: /home/agilex/krish_ws/install/vision_msgs/share/vision_msgs/cmake/ament_cmake_export_dependencies-extras.cmake
[16.954s] -- Up-to-date symlink: /home/agilex/krish_ws/install/vision_msgs/share/vision_msgs/cmake/ament_cmake_export_libraries-extras.cmake
[16.957s] -- Up-to-date symlink: /home/agilex/krish_ws/install/vision_msgs/share/vision_msgs/cmake/ament_cmake_export_targets-extras.cmake
[16.959s] -- Up-to-date symlink: /home/agilex/krish_ws/install/vision_msgs/share/vision_msgs/cmake/ament_cmake_export_include_directories-extras.cmake
[16.961s] -- Up-to-date symlink: /home/agilex/krish_ws/install/vision_msgs/share/vision_msgs/cmake/rosidl_cmake_export_typesupport_libraries-extras.cmake
[16.962s] -- Up-to-date symlink: /home/agilex/krish_ws/install/vision_msgs/share/vision_msgs/cmake/rosidl_cmake_export_typesupport_targets-extras.cmake
[16.962s] -- Up-to-date symlink: /home/agilex/krish_ws/install/vision_msgs/share/vision_msgs/cmake/vision_msgsConfig.cmake
[16.962s] -- Up-to-date symlink: /home/agilex/krish_ws/install/vision_msgs/share/vision_msgs/cmake/vision_msgsConfig-version.cmake
[16.962s] -- Up-to-date symlink: /home/agilex/krish_ws/install/vision_msgs/share/vision_msgs/package.xml
[16.962s] -- Up-to-date: /home/agilex/krish_ws/install/vision_msgs/lib/libvision_msgs__rosidl_generator_c.so
[16.962s] -- Up-to-date: /home/agilex/krish_ws/install/vision_msgs/lib/libvision_msgs__rosidl_typesupport_introspection_c.so
[16.962s] -- Up-to-date: /home/agilex/krish_ws/install/vision_msgs/lib/libvision_msgs__rosidl_typesupport_c.so
[16.963s] -- Up-to-date: /home/agilex/krish_ws/install/vision_msgs/lib/libvision_msgs__rosidl_typesupport_introspection_cpp.so
[16.963s] -- Up-to-date: /home/agilex/krish_ws/install/vision_msgs/lib/libvision_msgs__rosidl_typesupport_cpp.so
[17.118s] -- Up-to-date: /home/agilex/krish_ws/install/vision_msgs/share/vision_msgs/cmake/vision_msgs__rosidl_generator_cExport.cmake
[17.119s] -- Up-to-date: /home/agilex/krish_ws/install/vision_msgs/share/vision_msgs/cmake/vision_msgs__rosidl_generator_cExport-noconfig.cmake
[17.120s] -- Up-to-date: /home/agilex/krish_ws/install/vision_msgs/share/vision_msgs/cmake/vision_msgs__rosidl_typesupport_introspection_cExport.cmake
[17.120s] -- Up-to-date: /home/agilex/krish_ws/install/vision_msgs/share/vision_msgs/cmake/vision_msgs__rosidl_typesupport_introspection_cExport-noconfig.cmake
[17.121s] -- Up-to-date: /home/agilex/krish_ws/install/vision_msgs/share/vision_msgs/cmake/vision_msgs__rosidl_typesupport_cExport.cmake
[17.121s] -- Up-to-date: /home/agilex/krish_ws/install/vision_msgs/share/vision_msgs/cmake/vision_msgs__rosidl_typesupport_cExport-noconfig.cmake
[17.121s] -- Up-to-date: /home/agilex/krish_ws/install/vision_msgs/share/vision_msgs/cmake/vision_msgs__rosidl_generator_cppExport.cmake
[17.122s] -- Up-to-date: /home/agilex/krish_ws/install/vision_msgs/share/vision_msgs/cmake/vision_msgs__rosidl_typesupport_introspection_cppExport.cmake
[17.122s] -- Up-to-date: /home/agilex/krish_ws/install/vision_msgs/share/vision_msgs/cmake/vision_msgs__rosidl_typesupport_introspection_cppExport-noconfig.cmake
[17.122s] -- Up-to-date: /home/agilex/krish_ws/install/vision_msgs/share/vision_msgs/cmake/vision_msgs__rosidl_typesupport_cppExport.cmake
[17.128s] -- Up-to-date: /home/agilex/krish_ws/install/vision_msgs/share/vision_msgs/cmake/vision_msgs__rosidl_typesupport_cppExport-noconfig.cmake
[17.129s] Invoked command in '/home/agilex/krish_ws/build/vision_msgs' returned '0': CMAKE_PREFIX_PATH=${CMAKE_PREFIX_PATH}:/home/agilex/limo_ros2_ws/install/ultraarm:/home/agilex/limo_ros2_ws/install/nav2_gazebo_spawner:/home/agilex/limo_ros2_ws/install/mypalletizer_260_pi:/home/agilex/limo_ros2_ws/install/mypalletizer_260:/home/agilex/limo_ros2_ws/install/mypalletizer_communication:/home/agilex/limo_ros2_ws/install/mycobot_630:/home/agilex/limo_ros2_ws/install/mycobot_600:/home/agilex/limo_ros2_ws/install/mycobot_320pi:/home/agilex/limo_ros2_ws/install/mycobot_320:/home/agilex/limo_ros2_ws/install/mycobot_280pi:/home/agilex/limo_ros2_ws/install/mycobot_280jn:/home/agilex/limo_ros2_ws/install/mycobot_280_x3pi:/home/agilex/limo_ros2_ws/install/mycobot_280:/home/agilex/limo_ros2_ws/install/myarm_m750:/home/agilex/limo_ros2_ws/install/myarm_c650:/home/agilex/limo_ros2_ws/install/myarm_300:/home/agilex/limo_ros2_ws/install/mycobot_communication:/home/agilex/limo_ros2_ws/install/mecharm_pi:/home/agilex/limo_ros2_ws/install/mecharm:/home/agilex/limo_ros2_ws/install/mecharm_communication:/home/agilex/limo_ros2_ws/install/mybuddy:/home/agilex/limo_ros2_ws/install/mycobot_description:/home/agilex/krish_ws/install/system_launcher:/home/agilex/krish_ws/install/object_detector:/home/agilex/krish_ws/install/nav_handler:/home/agilex/krish_ws/install/nav2_gazebo_spawner:/home/agilex/krish_ws/install/mycobot_arm:/home/agilex/krish_ws/install/my_launch_pkg:/opt/ros/foxy /usr/bin/cmake --install /home/agilex/krish_ws/build/vision_msgs
