[5.682s] Invoking command in '/home/agilex/krish_ws/src/object_detector': PYTHONPATH=/home/agilex/krish_ws/build/object_detector/prefix_override:/home/agilex/krish_ws/install/object_detector/lib/python3.8/site-packages:${PYTHONPATH} /usr/bin/python3 setup.py egg_info --egg-base ../../build/object_detector build --build-base /home/agilex/krish_ws/build/object_detector/build install --record /home/agilex/krish_ws/build/object_detector/install.log --install-scripts $base/lib/object_detector --single-version-externally-managed
[6.139s] /home/agilex/.local/lib/python3.8/site-packages/setuptools/dist.py:476: SetuptoolsDeprecationWarning: Invalid dash-separated options
[6.140s] !!
[6.140s] 
[6.140s]         ********************************************************************************
[6.141s]         Usage of dash-separated 'script-dir' will not be supported in future
[6.141s]         versions. Please use the underscore name 'script_dir' instead.
[6.141s] 
[6.141s]         This deprecation is overdue, please update your project and remove deprecated
[6.142s]         calls to avoid build errors in the future.
[6.142s] 
[6.142s]         See https://setuptools.pypa.io/en/latest/userguide/declarative_config.html for details.
[6.142s]         ********************************************************************************
[6.142s] 
[6.143s] !!
[6.143s]   opt = self.warn_dash_deprecation(opt, section)
[6.467s] running egg_info
[6.521s] writing ../../build/object_detector/object_detector.egg-info/PKG-INFO
[6.523s] writing dependency_links to ../../build/object_detector/object_detector.egg-info/dependency_links.txt
[6.524s] writing entry points to ../../build/object_detector/object_detector.egg-info/entry_points.txt
[6.524s] writing requirements to ../../build/object_detector/object_detector.egg-info/requires.txt
[6.525s] writing top-level names to ../../build/object_detector/object_detector.egg-info/top_level.txt
[6.940s] reading manifest file '../../build/object_detector/object_detector.egg-info/SOURCES.txt'
[6.943s] writing manifest file '../../build/object_detector/object_detector.egg-info/SOURCES.txt'
[6.944s] running build
[6.944s] running build_py
[6.945s] copying object_detector/__init__.py -> /home/agilex/krish_ws/build/object_detector/build/lib/object_detector
[6.945s] copying object_detector/object_detector.py -> /home/agilex/krish_ws/build/object_detector/build/lib/object_detector
[6.946s] running install
[6.947s] /home/agilex/.local/lib/python3.8/site-packages/setuptools/_distutils/cmd.py:66: SetuptoolsDeprecationWarning: setup.py install is deprecated.
[6.947s] !!
[6.947s] 
[6.947s]         ********************************************************************************
[6.947s]         Please avoid running ``setup.py`` directly.
[6.947s]         Instead, use pypa/build, pypa/installer or other
[6.948s]         standards-based tools.
[6.948s] 
[6.948s]         See https://blog.ganssle.io/articles/2021/10/setup-py-deprecated.html for details.
[6.948s]         ********************************************************************************
[6.948s] 
[6.948s] !!
[6.948s]   self.initialize_options()
[6.961s] running install_lib
[7.014s] copying /home/agilex/krish_ws/build/object_detector/build/lib/object_detector/object_detector.py -> /home/agilex/krish_ws/install/object_detector/lib/python3.8/site-packages/object_detector
[7.017s] byte-compiling /home/agilex/krish_ws/install/object_detector/lib/python3.8/site-packages/object_detector/object_detector.py to object_detector.cpython-38.pyc
[7.021s] running install_data
[7.073s] copying resource/object_detector -> /home/agilex/krish_ws/install/object_detector/share/ament_index/resource_index/packages
[7.074s] copying package.xml -> /home/agilex/krish_ws/install/object_detector/share/object_detector
[7.074s] running install_egg_info
[7.131s] removing '/home/agilex/krish_ws/install/object_detector/lib/python3.8/site-packages/object_detector-0.0.0-py3.8.egg-info' (and everything under it)
[7.131s] Copying ../../build/object_detector/object_detector.egg-info to /home/agilex/krish_ws/install/object_detector/lib/python3.8/site-packages/object_detector-0.0.0-py3.8.egg-info
[7.134s] running install_scripts
[7.266s] Installing yolo_detector script to /home/agilex/krish_ws/install/object_detector/lib/object_detector
[7.267s] writing list of installed files to '/home/agilex/krish_ws/build/object_detector/install.log'
[7.373s] Invoked command in '/home/agilex/krish_ws/src/object_detector' returned '0': PYTHONPATH=/home/agilex/krish_ws/build/object_detector/prefix_override:/home/agilex/krish_ws/install/object_detector/lib/python3.8/site-packages:${PYTHONPATH} /usr/bin/python3 setup.py egg_info --egg-base ../../build/object_detector build --build-base /home/agilex/krish_ws/build/object_detector/build install --record /home/agilex/krish_ws/build/object_detector/install.log --install-scripts $base/lib/object_detector --single-version-externally-managed
