running egg_info
creating ../../build/object_detection/object_detection.egg-info
writing ../../build/object_detection/object_detection.egg-info/PKG-INFO
writing dependency_links to ../../build/object_detection/object_detection.egg-info/dependency_links.txt
writing requirements to ../../build/object_detection/object_detection.egg-info/requires.txt
writing top-level names to ../../build/object_detection/object_detection.egg-info/top_level.txt
writing manifest file '../../build/object_detection/object_detection.egg-info/SOURCES.txt'
reading manifest file '../../build/object_detection/object_detection.egg-info/SOURCES.txt'
writing manifest file '../../build/object_detection/object_detection.egg-info/SOURCES.txt'
running build
running build_py
creating /home/agilex/krish_ws/build/object_detection/build
creating /home/agilex/krish_ws/build/object_detection/build/lib
creating /home/agilex/krish_ws/build/object_detection/build/lib/object_detection
copying object_detection/__init__.py -> /home/agilex/krish_ws/build/object_detection/build/lib/object_detection
copying object_detection/object_detector.py -> /home/agilex/krish_ws/build/object_detection/build/lib/object_detection
running install
running install_lib
creating /home/agilex/krish_ws/install/object_detection/lib/python3.8/site-packages/object_detection
copying /home/agilex/krish_ws/build/object_detection/build/lib/object_detection/__init__.py -> /home/agilex/krish_ws/install/object_detection/lib/python3.8/site-packages/object_detection
copying /home/agilex/krish_ws/build/object_detection/build/lib/object_detection/object_detector.py -> /home/agilex/krish_ws/install/object_detection/lib/python3.8/site-packages/object_detection
byte-compiling /home/agilex/krish_ws/install/object_detection/lib/python3.8/site-packages/object_detection/__init__.py to __init__.cpython-38.pyc
byte-compiling /home/agilex/krish_ws/install/object_detection/lib/python3.8/site-packages/object_detection/object_detector.py to object_detector.cpython-38.pyc
running install_data
creating /home/agilex/krish_ws/install/object_detection/share/ament_index
creating /home/agilex/krish_ws/install/object_detection/share/ament_index/resource_index
creating /home/agilex/krish_ws/install/object_detection/share/ament_index/resource_index/packages
copying resource/object_detection -> /home/agilex/krish_ws/install/object_detection/share/ament_index/resource_index/packages
copying package.xml -> /home/agilex/krish_ws/install/object_detection/share/object_detection
running install_egg_info
Copying ../../build/object_detection/object_detection.egg-info to /home/agilex/krish_ws/install/object_detection/lib/python3.8/site-packages/object_detection-0.0.0-py3.8.egg-info
running install_scripts
writing list of installed files to '/home/agilex/krish_ws/build/object_detection/install.log'
