[11.783s] Invoking command in '/home/agilex/krish_ws/src/nav_handler': PYTHONPATH=/home/agilex/krish_ws/build/nav_handler/prefix_override:/home/agilex/krish_ws/install/nav_handler/lib/python3.8/site-packages:${PYTHONPATH} /usr/bin/python3 setup.py egg_info --egg-base ../../build/nav_handler build --build-base /home/agilex/krish_ws/build/nav_handler/build install --record /home/agilex/krish_ws/build/nav_handler/install.log --install-scripts $base/lib/nav_handler --single-version-externally-managed
[12.372s] /home/agilex/.local/lib/python3.8/site-packages/setuptools/dist.py:476: SetuptoolsDeprecationWarning: Invalid dash-separated options
[12.372s] !!
[12.372s] 
[12.372s]         ********************************************************************************
[12.372s]         Usage of dash-separated 'script-dir' will not be supported in future
[12.372s]         versions. Please use the underscore name 'script_dir' instead.
[12.373s] 
[12.373s]         This deprecation is overdue, please update your project and remove deprecated
[12.373s]         calls to avoid build errors in the future.
[12.373s] 
[12.373s]         See https://setuptools.pypa.io/en/latest/userguide/declarative_config.html for details.
[12.373s]         ********************************************************************************
[12.373s] 
[12.373s] !!
[12.374s]   opt = self.warn_dash_deprecation(opt, section)
[12.800s] running egg_info
[12.800s] creating ../../build/nav_handler/nav_handler.egg-info
[12.850s] writing ../../build/nav_handler/nav_handler.egg-info/PKG-INFO
[12.854s] writing dependency_links to ../../build/nav_handler/nav_handler.egg-info/dependency_links.txt
[12.855s] writing entry points to ../../build/nav_handler/nav_handler.egg-info/entry_points.txt
[12.857s] writing requirements to ../../build/nav_handler/nav_handler.egg-info/requires.txt
[12.858s] writing top-level names to ../../build/nav_handler/nav_handler.egg-info/top_level.txt
[13.149s] writing manifest file '../../build/nav_handler/nav_handler.egg-info/SOURCES.txt'
[13.349s] reading manifest file '../../build/nav_handler/nav_handler.egg-info/SOURCES.txt'
[13.351s] writing manifest file '../../build/nav_handler/nav_handler.egg-info/SOURCES.txt'
[13.351s] running build
[13.351s] running build_py
[13.352s] creating /home/agilex/krish_ws/build/nav_handler/build
[13.352s] creating /home/agilex/krish_ws/build/nav_handler/build/lib
[13.352s] creating /home/agilex/krish_ws/build/nav_handler/build/lib/nav_handler
[13.353s] copying nav_handler/__init__.py -> /home/agilex/krish_ws/build/nav_handler/build/lib/nav_handler
[13.357s] copying nav_handler/object_handler.py -> /home/agilex/krish_ws/build/nav_handler/build/lib/nav_handler
[13.359s] /home/agilex/.local/lib/python3.8/site-packages/setuptools/_distutils/cmd.py:66: SetuptoolsDeprecationWarning: setup.py install is deprecated.
[13.359s] !!
[13.359s] 
[13.359s]         ********************************************************************************
[13.359s]         Please avoid running ``setup.py`` directly.
[13.360s]         Instead, use pypa/build, pypa/installer or other
[13.360s]         standards-based tools.
[13.360s] 
[13.360s]         See https://blog.ganssle.io/articles/2021/10/setup-py-deprecated.html for details.
[13.360s]         ********************************************************************************
[13.360s] 
[13.360s] !!
[13.360s]   self.initialize_options()
[13.361s] running install
[13.373s] running install_lib
[13.424s] creating /home/agilex/krish_ws/install/nav_handler/lib/python3.8/site-packages/nav_handler
[13.424s] copying /home/agilex/krish_ws/build/nav_handler/build/lib/nav_handler/__init__.py -> /home/agilex/krish_ws/install/nav_handler/lib/python3.8/site-packages/nav_handler
[13.425s] copying /home/agilex/krish_ws/build/nav_handler/build/lib/nav_handler/object_handler.py -> /home/agilex/krish_ws/install/nav_handler/lib/python3.8/site-packages/nav_handler
[13.426s] byte-compiling /home/agilex/krish_ws/install/nav_handler/lib/python3.8/site-packages/nav_handler/__init__.py to __init__.cpython-38.pyc
[13.427s] byte-compiling /home/agilex/krish_ws/install/nav_handler/lib/python3.8/site-packages/nav_handler/object_handler.py to object_handler.cpython-38.pyc
[13.429s] running install_data
[13.494s] creating /home/agilex/krish_ws/install/nav_handler/share/ament_index
[13.495s] creating /home/agilex/krish_ws/install/nav_handler/share/ament_index/resource_index
[13.495s] creating /home/agilex/krish_ws/install/nav_handler/share/ament_index/resource_index/packages
[13.496s] copying resource/nav_handler -> /home/agilex/krish_ws/install/nav_handler/share/ament_index/resource_index/packages
[13.497s] copying package.xml -> /home/agilex/krish_ws/install/nav_handler/share/nav_handler
[13.497s] running install_egg_info
[13.639s] Copying ../../build/nav_handler/nav_handler.egg-info to /home/agilex/krish_ws/install/nav_handler/lib/python3.8/site-packages/nav_handler-0.0.0-py3.8.egg-info
[13.645s] running install_scripts
[13.853s] Installing object_handler script to /home/agilex/krish_ws/install/nav_handler/lib/nav_handler
[13.854s] writing list of installed files to '/home/agilex/krish_ws/build/nav_handler/install.log'
[14.042s] Invoked command in '/home/agilex/krish_ws/src/nav_handler' returned '0': PYTHONPATH=/home/agilex/krish_ws/build/nav_handler/prefix_override:/home/agilex/krish_ws/install/nav_handler/lib/python3.8/site-packages:${PYTHONPATH} /usr/bin/python3 setup.py egg_info --egg-base ../../build/nav_handler build --build-base /home/agilex/krish_ws/build/nav_handler/build install --record /home/agilex/krish_ws/build/nav_handler/install.log --install-scripts $base/lib/nav_handler --single-version-externally-managed
