[5.487s] Invoking command in '/home/agilex/krish_ws/src/object_search': PYTHONPATH=/home/agilex/krish_ws/build/object_search/prefix_override:/home/agilex/krish_ws/install/object_search/lib/python3.8/site-packages:${PYTHONPATH} /usr/bin/python3 setup.py egg_info --egg-base ../../build/object_search build --build-base /home/agilex/krish_ws/build/object_search/build install --record /home/agilex/krish_ws/build/object_search/install.log --install-scripts $base/lib/object_search --single-version-externally-managed
[5.890s] /home/agilex/.local/lib/python3.8/site-packages/setuptools/dist.py:476: SetuptoolsDeprecationWarning: Invalid dash-separated options
[5.890s] !!
[5.890s] 
[5.890s]         ********************************************************************************
[5.890s]         Usage of dash-separated 'script-dir' will not be supported in future
[5.891s]         versions. Please use the underscore name 'script_dir' instead.
[5.891s] 
[5.891s]         This deprecation is overdue, please update your project and remove deprecated
[5.891s]         calls to avoid build errors in the future.
[5.891s] 
[5.891s]         See https://setuptools.pypa.io/en/latest/userguide/declarative_config.html for details.
[5.891s]         ********************************************************************************
[5.891s] 
[5.892s] !!
[5.892s]   opt = self.warn_dash_deprecation(opt, section)
[6.183s] running egg_info
[6.183s] creating ../../build/object_search/object_search.egg-info
[6.230s] writing ../../build/object_search/object_search.egg-info/PKG-INFO
[6.231s] writing dependency_links to ../../build/object_search/object_search.egg-info/dependency_links.txt
[6.231s] writing entry points to ../../build/object_search/object_search.egg-info/entry_points.txt
[6.231s] writing requirements to ../../build/object_search/object_search.egg-info/requires.txt
[6.232s] writing top-level names to ../../build/object_search/object_search.egg-info/top_level.txt
[6.508s] writing manifest file '../../build/object_search/object_search.egg-info/SOURCES.txt'
[6.602s] reading manifest file '../../build/object_search/object_search.egg-info/SOURCES.txt'
[6.604s] writing manifest file '../../build/object_search/object_search.egg-info/SOURCES.txt'
[6.604s] running build
[6.605s] running build_py
[6.605s] creating /home/agilex/krish_ws/build/object_search/build
[6.605s] creating /home/agilex/krish_ws/build/object_search/build/lib
[6.605s] creating /home/agilex/krish_ws/build/object_search/build/lib/object_search
[6.605s] copying object_search/__init__.py -> /home/agilex/krish_ws/build/object_search/build/lib/object_search
[6.606s] copying object_search/simple_explorer.py -> /home/agilex/krish_ws/build/object_search/build/lib/object_search
[6.606s] running install
[6.607s] /home/agilex/.local/lib/python3.8/site-packages/setuptools/_distutils/cmd.py:66: SetuptoolsDeprecationWarning: setup.py install is deprecated.
[6.607s] !!
[6.608s] 
[6.608s]         ********************************************************************************
[6.608s]         Please avoid running ``setup.py`` directly.
[6.608s]         Instead, use pypa/build, pypa/installer or other
[6.608s]         standards-based tools.
[6.608s] 
[6.608s]         See https://blog.ganssle.io/articles/2021/10/setup-py-deprecated.html for details.
[6.608s]         ********************************************************************************
[6.609s] 
[6.609s] !!
[6.609s]   self.initialize_options()
[6.620s] running install_lib
[6.666s] creating /home/agilex/krish_ws/install/object_search/lib/python3.8/site-packages/object_search
[6.666s] copying /home/agilex/krish_ws/build/object_search/build/lib/object_search/__init__.py -> /home/agilex/krish_ws/install/object_search/lib/python3.8/site-packages/object_search
[6.667s] copying /home/agilex/krish_ws/build/object_search/build/lib/object_search/simple_explorer.py -> /home/agilex/krish_ws/install/object_search/lib/python3.8/site-packages/object_search
[6.668s] byte-compiling /home/agilex/krish_ws/install/object_search/lib/python3.8/site-packages/object_search/__init__.py to __init__.cpython-38.pyc
[6.669s] byte-compiling /home/agilex/krish_ws/install/object_search/lib/python3.8/site-packages/object_search/simple_explorer.py to simple_explorer.cpython-38.pyc
[6.670s] running install_data
[6.720s] creating /home/agilex/krish_ws/install/object_search/share/ament_index
[6.720s] creating /home/agilex/krish_ws/install/object_search/share/ament_index/resource_index
[6.720s] creating /home/agilex/krish_ws/install/object_search/share/ament_index/resource_index/packages
[6.720s] copying resource/object_search -> /home/agilex/krish_ws/install/object_search/share/ament_index/resource_index/packages
[6.720s] copying package.xml -> /home/agilex/krish_ws/install/object_search/share/object_search
[6.721s] running install_egg_info
[6.771s] Copying ../../build/object_search/object_search.egg-info to /home/agilex/krish_ws/install/object_search/lib/python3.8/site-packages/object_search-0.0.0-py3.8.egg-info
[6.773s] running install_scripts
[6.887s] Installing simple_explorer script to /home/agilex/krish_ws/install/object_search/lib/object_search
[6.888s] writing list of installed files to '/home/agilex/krish_ws/build/object_search/install.log'
[6.974s] Invoked command in '/home/agilex/krish_ws/src/object_search' returned '0': PYTHONPATH=/home/agilex/krish_ws/build/object_search/prefix_override:/home/agilex/krish_ws/install/object_search/lib/python3.8/site-packages:${PYTHONPATH} /usr/bin/python3 setup.py egg_info --egg-base ../../build/object_search build --build-base /home/agilex/krish_ws/build/object_search/build install --record /home/agilex/krish_ws/build/object_search/install.log --install-scripts $base/lib/object_search --single-version-externally-managed
