[13.828s] Invoking command in '/home/agilex/krish_ws/src/detection_handler': PYTHONPATH=/home/agilex/krish_ws/build/detection_handler/prefix_override:/home/agilex/krish_ws/install/detection_handler/lib/python3.8/site-packages:${PYTHONPATH} /usr/bin/python3 setup.py egg_info --egg-base ../../build/detection_handler build --build-base /home/agilex/krish_ws/build/detection_handler/build install --record /home/agilex/krish_ws/build/detection_handler/install.log --install-scripts $base/lib/detection_handler --single-version-externally-managed
[14.307s] /home/agilex/.local/lib/python3.8/site-packages/setuptools/dist.py:476: SetuptoolsDeprecationWarning: Invalid dash-separated options
[14.309s] !!
[14.309s] 
[14.309s]         ********************************************************************************
[14.309s]         Usage of dash-separated 'script-dir' will not be supported in future
[14.310s]         versions. Please use the underscore name 'script_dir' instead.
[14.310s] 
[14.310s]         This deprecation is overdue, please update your project and remove deprecated
[14.310s]         calls to avoid build errors in the future.
[14.310s] 
[14.310s]         See https://setuptools.pypa.io/en/latest/userguide/declarative_config.html for details.
[14.311s]         ********************************************************************************
[14.311s] 
[14.311s] !!
[14.311s]   opt = self.warn_dash_deprecation(opt, section)
[14.612s] running egg_info
[14.661s] writing ../../build/detection_handler/detection_handler.egg-info/PKG-INFO
[14.663s] writing dependency_links to ../../build/detection_handler/detection_handler.egg-info/dependency_links.txt
[14.665s] writing entry points to ../../build/detection_handler/detection_handler.egg-info/entry_points.txt
[14.665s] writing requirements to ../../build/detection_handler/detection_handler.egg-info/requires.txt
[14.666s] writing top-level names to ../../build/detection_handler/detection_handler.egg-info/top_level.txt
[15.074s] reading manifest file '../../build/detection_handler/detection_handler.egg-info/SOURCES.txt'
[15.076s] writing manifest file '../../build/detection_handler/detection_handler.egg-info/SOURCES.txt'
[15.078s] running build
[15.078s] running build_py
[15.078s] copying detection_handler/__init__.py -> /home/agilex/krish_ws/build/detection_handler/build/lib/detection_handler
[15.079s] copying detection_handler/detection_handler.py -> /home/agilex/krish_ws/build/detection_handler/build/lib/detection_handler
[15.082s] running install
[15.083s] /home/agilex/.local/lib/python3.8/site-packages/setuptools/_distutils/cmd.py:66: SetuptoolsDeprecationWarning: setup.py install is deprecated.
[15.083s] !!
[15.084s] 
[15.084s]         ********************************************************************************
[15.084s]         Please avoid running ``setup.py`` directly.
[15.084s]         Instead, use pypa/build, pypa/installer or other
[15.084s]         standards-based tools.
[15.084s] 
[15.084s]         See https://blog.ganssle.io/articles/2021/10/setup-py-deprecated.html for details.
[15.085s]         ********************************************************************************
[15.085s] 
[15.085s] !!
[15.085s]   self.initialize_options()
[15.095s] running install_lib
[15.151s] running install_data
[15.206s] copying resource/detection_handler -> /home/agilex/krish_ws/install/detection_handler/share/ament_index/resource_index/packages
[15.207s] copying package.xml -> /home/agilex/krish_ws/install/detection_handler/share/detection_handler
[15.207s] running install_egg_info
[15.263s] removing '/home/agilex/krish_ws/install/detection_handler/lib/python3.8/site-packages/detection_handler-0.0.0-py3.8.egg-info' (and everything under it)
[15.265s] Copying ../../build/detection_handler/detection_handler.egg-info to /home/agilex/krish_ws/install/detection_handler/lib/python3.8/site-packages/detection_handler-0.0.0-py3.8.egg-info
[15.268s] running install_scripts
[15.409s] Installing detection_handler script to /home/agilex/krish_ws/install/detection_handler/lib/detection_handler
[15.414s] writing list of installed files to '/home/agilex/krish_ws/build/detection_handler/install.log'
[18.837s] Invoked command in '/home/agilex/krish_ws/src/detection_handler' returned '0': PYTHONPATH=/home/agilex/krish_ws/build/detection_handler/prefix_override:/home/agilex/krish_ws/install/detection_handler/lib/python3.8/site-packages:${PYTHONPATH} /usr/bin/python3 setup.py egg_info --egg-base ../../build/detection_handler build --build-base /home/agilex/krish_ws/build/detection_handler/build install --record /home/agilex/krish_ws/build/detection_handler/install.log --install-scripts $base/lib/detection_handler --single-version-externally-managed
