[16.142s] DEBUG:colcon:Command line arguments: ['/usr/bin/colcon', 'build', '--packages-select', 'my_launch_pkg']
[16.143s] DEBUG:colcon:Parsed command line arguments: Namespace(allow_overriding=[], ament_cmake_args=None, base_paths=['.'], build_base='build', catkin_cmake_args=None, catkin_skip_building_tests=False, cmake_args=None, cmake_clean_cache=False, cmake_clean_first=False, cmake_force_configure=False, cmake_target=None, cmake_target_skip_unavailable=False, continue_on_error=False, event_handlers=None, executor='parallel', ignore_user_meta=False, install_base='install', log_base=None, log_level=None, main=<bound method BuildVerb.main of <colcon_core.verb.build.BuildVerb object at 0xffffa27c8a90>>, merge_install=False, metas=['./colcon.meta'], packages_above=None, packages_above_and_dependencies=None, packages_above_depth=None, packages_end=None, packages_ignore=None, packages_ignore_regex=None, packages_select=['my_launch_pkg'], packages_select_build_failed=False, packages_select_by_dep=None, packages_select_regex=None, packages_select_test_failures=False, packages_skip=None, packages_skip_build_finished=False, packages_skip_by_dep=None, packages_skip_regex=None, packages_skip_test_passed=False, packages_skip_up_to=None, packages_start=None, packages_up_to=None, packages_up_to_regex=None, parallel_workers=6, paths=None, symlink_install=False, test_result_base=None, verb_extension=<colcon_core.verb.build.BuildVerb object at 0xffffa27c8a90>, verb_name='build', verb_parser=<colcon_defaults.argument_parser.defaults.DefaultArgumentsDecorator object at 0xffffa27c8f10>)
[16.831s] Level 1:colcon.colcon_core.package_discovery:discover_packages(colcon_meta) check parameters
[16.831s] Level 1:colcon.colcon_core.package_discovery:discover_packages(recursive) check parameters
[16.831s] Level 1:colcon.colcon_core.package_discovery:discover_packages(ignore) check parameters
[16.831s] Level 1:colcon.colcon_core.package_discovery:discover_packages(path) check parameters
[16.831s] Level 1:colcon.colcon_core.package_discovery:discover_packages(colcon_meta) discover
[16.832s] Level 1:colcon.colcon_core.package_discovery:discover_packages(recursive) discover
[16.832s] INFO:colcon.colcon_core.package_discovery:Crawling recursively for packages in '/home/agilex/krish_ws'
[16.832s] Level 1:colcon.colcon_core.package_identification:_identify(.) by extensions ['ignore', 'ignore_ament_install']
[16.832s] Level 1:colcon.colcon_core.package_identification:_identify(.) by extension 'ignore'
[16.832s] Level 1:colcon.colcon_core.package_identification:_identify(.) by extension 'ignore_ament_install'
[16.833s] Level 1:colcon.colcon_core.package_identification:_identify(.) by extensions ['colcon_pkg']
[16.833s] Level 1:colcon.colcon_core.package_identification:_identify(.) by extension 'colcon_pkg'
[16.833s] Level 1:colcon.colcon_core.package_identification:_identify(.) by extensions ['colcon_meta']
[16.833s] Level 1:colcon.colcon_core.package_identification:_identify(.) by extension 'colcon_meta'
[16.833s] Level 1:colcon.colcon_core.package_identification:_identify(.) by extensions ['ros']
[16.833s] Level 1:colcon.colcon_core.package_identification:_identify(.) by extension 'ros'
[16.865s] Level 1:colcon.colcon_core.package_identification:_identify(.) by extensions ['cmake', 'python']
[16.865s] Level 1:colcon.colcon_core.package_identification:_identify(.) by extension 'cmake'
[16.865s] Level 1:colcon.colcon_core.package_identification:_identify(.) by extension 'python'
[16.865s] Level 1:colcon.colcon_core.package_identification:_identify(.) by extensions ['python_setup_py']
[16.865s] Level 1:colcon.colcon_core.package_identification:_identify(.) by extension 'python_setup_py'
[16.866s] Level 1:colcon.colcon_core.package_identification:_identify(Log) by extensions ['ignore', 'ignore_ament_install']
[16.866s] Level 1:colcon.colcon_core.package_identification:_identify(Log) by extension 'ignore'
[16.866s] Level 1:colcon.colcon_core.package_identification:_identify(Log) by extension 'ignore_ament_install'
[16.866s] Level 1:colcon.colcon_core.package_identification:_identify(Log) by extensions ['colcon_pkg']
[16.866s] Level 1:colcon.colcon_core.package_identification:_identify(Log) by extension 'colcon_pkg'
[16.867s] Level 1:colcon.colcon_core.package_identification:_identify(Log) by extensions ['colcon_meta']
[16.867s] Level 1:colcon.colcon_core.package_identification:_identify(Log) by extension 'colcon_meta'
[16.867s] Level 1:colcon.colcon_core.package_identification:_identify(Log) by extensions ['ros']
[16.867s] Level 1:colcon.colcon_core.package_identification:_identify(Log) by extension 'ros'
[16.867s] Level 1:colcon.colcon_core.package_identification:_identify(Log) by extensions ['cmake', 'python']
[16.867s] Level 1:colcon.colcon_core.package_identification:_identify(Log) by extension 'cmake'
[16.867s] Level 1:colcon.colcon_core.package_identification:_identify(Log) by extension 'python'
[16.867s] Level 1:colcon.colcon_core.package_identification:_identify(Log) by extensions ['python_setup_py']
[16.867s] Level 1:colcon.colcon_core.package_identification:_identify(Log) by extension 'python_setup_py'
[16.868s] Level 1:colcon.colcon_core.package_identification:_identify(build) by extensions ['ignore', 'ignore_ament_install']
[16.868s] Level 1:colcon.colcon_core.package_identification:_identify(build) by extension 'ignore'
[16.868s] Level 1:colcon.colcon_core.package_identification:_identify(build) ignored
[16.868s] Level 1:colcon.colcon_core.package_identification:_identify(install) by extensions ['ignore', 'ignore_ament_install']
[16.868s] Level 1:colcon.colcon_core.package_identification:_identify(install) by extension 'ignore'
[16.869s] Level 1:colcon.colcon_core.package_identification:_identify(install) ignored
[16.869s] Level 1:colcon.colcon_core.package_identification:_identify(log) by extensions ['ignore', 'ignore_ament_install']
[16.869s] Level 1:colcon.colcon_core.package_identification:_identify(log) by extension 'ignore'
[16.869s] Level 1:colcon.colcon_core.package_identification:_identify(log) ignored
[16.869s] Level 1:colcon.colcon_core.package_identification:_identify(maps) by extensions ['ignore', 'ignore_ament_install']
[16.870s] Level 1:colcon.colcon_core.package_identification:_identify(maps) by extension 'ignore'
[16.870s] Level 1:colcon.colcon_core.package_identification:_identify(maps) by extension 'ignore_ament_install'
[16.870s] Level 1:colcon.colcon_core.package_identification:_identify(maps) by extensions ['colcon_pkg']
[16.870s] Level 1:colcon.colcon_core.package_identification:_identify(maps) by extension 'colcon_pkg'
[16.870s] Level 1:colcon.colcon_core.package_identification:_identify(maps) by extensions ['colcon_meta']
[16.870s] Level 1:colcon.colcon_core.package_identification:_identify(maps) by extension 'colcon_meta'
[16.870s] Level 1:colcon.colcon_core.package_identification:_identify(maps) by extensions ['ros']
[16.870s] Level 1:colcon.colcon_core.package_identification:_identify(maps) by extension 'ros'
[16.871s] Level 1:colcon.colcon_core.package_identification:_identify(maps) by extensions ['cmake', 'python']
[16.871s] Level 1:colcon.colcon_core.package_identification:_identify(maps) by extension 'cmake'
[16.871s] Level 1:colcon.colcon_core.package_identification:_identify(maps) by extension 'python'
[16.871s] Level 1:colcon.colcon_core.package_identification:_identify(maps) by extensions ['python_setup_py']
[16.871s] Level 1:colcon.colcon_core.package_identification:_identify(maps) by extension 'python_setup_py'
[16.871s] Level 1:colcon.colcon_core.package_identification:_identify(mycobot_object.v1-roboflow-instant-1--eval-.yolov8) by extensions ['ignore', 'ignore_ament_install']
[16.872s] Level 1:colcon.colcon_core.package_identification:_identify(mycobot_object.v1-roboflow-instant-1--eval-.yolov8) by extension 'ignore'
[16.872s] Level 1:colcon.colcon_core.package_identification:_identify(mycobot_object.v1-roboflow-instant-1--eval-.yolov8) by extension 'ignore_ament_install'
[16.872s] Level 1:colcon.colcon_core.package_identification:_identify(mycobot_object.v1-roboflow-instant-1--eval-.yolov8) by extensions ['colcon_pkg']
[16.872s] Level 1:colcon.colcon_core.package_identification:_identify(mycobot_object.v1-roboflow-instant-1--eval-.yolov8) by extension 'colcon_pkg'
[16.872s] Level 1:colcon.colcon_core.package_identification:_identify(mycobot_object.v1-roboflow-instant-1--eval-.yolov8) by extensions ['colcon_meta']
[16.872s] Level 1:colcon.colcon_core.package_identification:_identify(mycobot_object.v1-roboflow-instant-1--eval-.yolov8) by extension 'colcon_meta'
[16.872s] Level 1:colcon.colcon_core.package_identification:_identify(mycobot_object.v1-roboflow-instant-1--eval-.yolov8) by extensions ['ros']
[16.872s] Level 1:colcon.colcon_core.package_identification:_identify(mycobot_object.v1-roboflow-instant-1--eval-.yolov8) by extension 'ros'
[16.872s] Level 1:colcon.colcon_core.package_identification:_identify(mycobot_object.v1-roboflow-instant-1--eval-.yolov8) by extensions ['cmake', 'python']
[16.872s] Level 1:colcon.colcon_core.package_identification:_identify(mycobot_object.v1-roboflow-instant-1--eval-.yolov8) by extension 'cmake'
[16.873s] Level 1:colcon.colcon_core.package_identification:_identify(mycobot_object.v1-roboflow-instant-1--eval-.yolov8) by extension 'python'
[16.873s] Level 1:colcon.colcon_core.package_identification:_identify(mycobot_object.v1-roboflow-instant-1--eval-.yolov8) by extensions ['python_setup_py']
[16.873s] Level 1:colcon.colcon_core.package_identification:_identify(mycobot_object.v1-roboflow-instant-1--eval-.yolov8) by extension 'python_setup_py'
[16.873s] Level 1:colcon.colcon_core.package_identification:_identify(mycobot_object.v1-roboflow-instant-1--eval-.yolov8/test) by extensions ['ignore', 'ignore_ament_install']
[16.873s] Level 1:colcon.colcon_core.package_identification:_identify(mycobot_object.v1-roboflow-instant-1--eval-.yolov8/test) by extension 'ignore'
[16.873s] Level 1:colcon.colcon_core.package_identification:_identify(mycobot_object.v1-roboflow-instant-1--eval-.yolov8/test) by extension 'ignore_ament_install'
[16.873s] Level 1:colcon.colcon_core.package_identification:_identify(mycobot_object.v1-roboflow-instant-1--eval-.yolov8/test) by extensions ['colcon_pkg']
[16.874s] Level 1:colcon.colcon_core.package_identification:_identify(mycobot_object.v1-roboflow-instant-1--eval-.yolov8/test) by extension 'colcon_pkg'
[16.874s] Level 1:colcon.colcon_core.package_identification:_identify(mycobot_object.v1-roboflow-instant-1--eval-.yolov8/test) by extensions ['colcon_meta']
[16.874s] Level 1:colcon.colcon_core.package_identification:_identify(mycobot_object.v1-roboflow-instant-1--eval-.yolov8/test) by extension 'colcon_meta'
[16.874s] Level 1:colcon.colcon_core.package_identification:_identify(mycobot_object.v1-roboflow-instant-1--eval-.yolov8/test) by extensions ['ros']
[16.874s] Level 1:colcon.colcon_core.package_identification:_identify(mycobot_object.v1-roboflow-instant-1--eval-.yolov8/test) by extension 'ros'
[16.874s] Level 1:colcon.colcon_core.package_identification:_identify(mycobot_object.v1-roboflow-instant-1--eval-.yolov8/test) by extensions ['cmake', 'python']
[16.874s] Level 1:colcon.colcon_core.package_identification:_identify(mycobot_object.v1-roboflow-instant-1--eval-.yolov8/test) by extension 'cmake'
[16.874s] Level 1:colcon.colcon_core.package_identification:_identify(mycobot_object.v1-roboflow-instant-1--eval-.yolov8/test) by extension 'python'
[16.874s] Level 1:colcon.colcon_core.package_identification:_identify(mycobot_object.v1-roboflow-instant-1--eval-.yolov8/test) by extensions ['python_setup_py']
[16.874s] Level 1:colcon.colcon_core.package_identification:_identify(mycobot_object.v1-roboflow-instant-1--eval-.yolov8/test) by extension 'python_setup_py'
[16.875s] Level 1:colcon.colcon_core.package_identification:_identify(mycobot_object.v1-roboflow-instant-1--eval-.yolov8/test/images) by extensions ['ignore', 'ignore_ament_install']
[16.875s] Level 1:colcon.colcon_core.package_identification:_identify(mycobot_object.v1-roboflow-instant-1--eval-.yolov8/test/images) by extension 'ignore'
[16.875s] Level 1:colcon.colcon_core.package_identification:_identify(mycobot_object.v1-roboflow-instant-1--eval-.yolov8/test/images) by extension 'ignore_ament_install'
[16.875s] Level 1:colcon.colcon_core.package_identification:_identify(mycobot_object.v1-roboflow-instant-1--eval-.yolov8/test/images) by extensions ['colcon_pkg']
[16.875s] Level 1:colcon.colcon_core.package_identification:_identify(mycobot_object.v1-roboflow-instant-1--eval-.yolov8/test/images) by extension 'colcon_pkg'
[16.875s] Level 1:colcon.colcon_core.package_identification:_identify(mycobot_object.v1-roboflow-instant-1--eval-.yolov8/test/images) by extensions ['colcon_meta']
[16.875s] Level 1:colcon.colcon_core.package_identification:_identify(mycobot_object.v1-roboflow-instant-1--eval-.yolov8/test/images) by extension 'colcon_meta'
[16.876s] Level 1:colcon.colcon_core.package_identification:_identify(mycobot_object.v1-roboflow-instant-1--eval-.yolov8/test/images) by extensions ['ros']
[16.876s] Level 1:colcon.colcon_core.package_identification:_identify(mycobot_object.v1-roboflow-instant-1--eval-.yolov8/test/images) by extension 'ros'
[16.876s] Level 1:colcon.colcon_core.package_identification:_identify(mycobot_object.v1-roboflow-instant-1--eval-.yolov8/test/images) by extensions ['cmake', 'python']
[16.876s] Level 1:colcon.colcon_core.package_identification:_identify(mycobot_object.v1-roboflow-instant-1--eval-.yolov8/test/images) by extension 'cmake'
[16.876s] Level 1:colcon.colcon_core.package_identification:_identify(mycobot_object.v1-roboflow-instant-1--eval-.yolov8/test/images) by extension 'python'
[16.876s] Level 1:colcon.colcon_core.package_identification:_identify(mycobot_object.v1-roboflow-instant-1--eval-.yolov8/test/images) by extensions ['python_setup_py']
[16.876s] Level 1:colcon.colcon_core.package_identification:_identify(mycobot_object.v1-roboflow-instant-1--eval-.yolov8/test/images) by extension 'python_setup_py'
[16.876s] Level 1:colcon.colcon_core.package_identification:_identify(mycobot_object.v1-roboflow-instant-1--eval-.yolov8/test/labels) by extensions ['ignore', 'ignore_ament_install']
[16.877s] Level 1:colcon.colcon_core.package_identification:_identify(mycobot_object.v1-roboflow-instant-1--eval-.yolov8/test/labels) by extension 'ignore'
[16.877s] Level 1:colcon.colcon_core.package_identification:_identify(mycobot_object.v1-roboflow-instant-1--eval-.yolov8/test/labels) by extension 'ignore_ament_install'
[16.877s] Level 1:colcon.colcon_core.package_identification:_identify(mycobot_object.v1-roboflow-instant-1--eval-.yolov8/test/labels) by extensions ['colcon_pkg']
[16.877s] Level 1:colcon.colcon_core.package_identification:_identify(mycobot_object.v1-roboflow-instant-1--eval-.yolov8/test/labels) by extension 'colcon_pkg'
[16.877s] Level 1:colcon.colcon_core.package_identification:_identify(mycobot_object.v1-roboflow-instant-1--eval-.yolov8/test/labels) by extensions ['colcon_meta']
[16.877s] Level 1:colcon.colcon_core.package_identification:_identify(mycobot_object.v1-roboflow-instant-1--eval-.yolov8/test/labels) by extension 'colcon_meta'
[16.877s] Level 1:colcon.colcon_core.package_identification:_identify(mycobot_object.v1-roboflow-instant-1--eval-.yolov8/test/labels) by extensions ['ros']
[16.877s] Level 1:colcon.colcon_core.package_identification:_identify(mycobot_object.v1-roboflow-instant-1--eval-.yolov8/test/labels) by extension 'ros'
[16.877s] Level 1:colcon.colcon_core.package_identification:_identify(mycobot_object.v1-roboflow-instant-1--eval-.yolov8/test/labels) by extensions ['cmake', 'python']
[16.878s] Level 1:colcon.colcon_core.package_identification:_identify(mycobot_object.v1-roboflow-instant-1--eval-.yolov8/test/labels) by extension 'cmake'
[16.878s] Level 1:colcon.colcon_core.package_identification:_identify(mycobot_object.v1-roboflow-instant-1--eval-.yolov8/test/labels) by extension 'python'
[16.878s] Level 1:colcon.colcon_core.package_identification:_identify(mycobot_object.v1-roboflow-instant-1--eval-.yolov8/test/labels) by extensions ['python_setup_py']
[16.878s] Level 1:colcon.colcon_core.package_identification:_identify(mycobot_object.v1-roboflow-instant-1--eval-.yolov8/test/labels) by extension 'python_setup_py'
[16.878s] Level 1:colcon.colcon_core.package_identification:_identify(mycobot_object.v1-roboflow-instant-1--eval-.yolov8/train) by extensions ['ignore', 'ignore_ament_install']
[16.878s] Level 1:colcon.colcon_core.package_identification:_identify(mycobot_object.v1-roboflow-instant-1--eval-.yolov8/train) by extension 'ignore'
[16.878s] Level 1:colcon.colcon_core.package_identification:_identify(mycobot_object.v1-roboflow-instant-1--eval-.yolov8/train) by extension 'ignore_ament_install'
[16.878s] Level 1:colcon.colcon_core.package_identification:_identify(mycobot_object.v1-roboflow-instant-1--eval-.yolov8/train) by extensions ['colcon_pkg']
[16.878s] Level 1:colcon.colcon_core.package_identification:_identify(mycobot_object.v1-roboflow-instant-1--eval-.yolov8/train) by extension 'colcon_pkg'
[16.879s] Level 1:colcon.colcon_core.package_identification:_identify(mycobot_object.v1-roboflow-instant-1--eval-.yolov8/train) by extensions ['colcon_meta']
[16.879s] Level 1:colcon.colcon_core.package_identification:_identify(mycobot_object.v1-roboflow-instant-1--eval-.yolov8/train) by extension 'colcon_meta'
[16.879s] Level 1:colcon.colcon_core.package_identification:_identify(mycobot_object.v1-roboflow-instant-1--eval-.yolov8/train) by extensions ['ros']
[16.879s] Level 1:colcon.colcon_core.package_identification:_identify(mycobot_object.v1-roboflow-instant-1--eval-.yolov8/train) by extension 'ros'
[16.879s] Level 1:colcon.colcon_core.package_identification:_identify(mycobot_object.v1-roboflow-instant-1--eval-.yolov8/train) by extensions ['cmake', 'python']
[16.879s] Level 1:colcon.colcon_core.package_identification:_identify(mycobot_object.v1-roboflow-instant-1--eval-.yolov8/train) by extension 'cmake'
[16.879s] Level 1:colcon.colcon_core.package_identification:_identify(mycobot_object.v1-roboflow-instant-1--eval-.yolov8/train) by extension 'python'
[16.879s] Level 1:colcon.colcon_core.package_identification:_identify(mycobot_object.v1-roboflow-instant-1--eval-.yolov8/train) by extensions ['python_setup_py']
[16.879s] Level 1:colcon.colcon_core.package_identification:_identify(mycobot_object.v1-roboflow-instant-1--eval-.yolov8/train) by extension 'python_setup_py'
[16.880s] Level 1:colcon.colcon_core.package_identification:_identify(mycobot_object.v1-roboflow-instant-1--eval-.yolov8/train/images) by extensions ['ignore', 'ignore_ament_install']
[16.880s] Level 1:colcon.colcon_core.package_identification:_identify(mycobot_object.v1-roboflow-instant-1--eval-.yolov8/train/images) by extension 'ignore'
[16.880s] Level 1:colcon.colcon_core.package_identification:_identify(mycobot_object.v1-roboflow-instant-1--eval-.yolov8/train/images) by extension 'ignore_ament_install'
[16.880s] Level 1:colcon.colcon_core.package_identification:_identify(mycobot_object.v1-roboflow-instant-1--eval-.yolov8/train/images) by extensions ['colcon_pkg']
[16.880s] Level 1:colcon.colcon_core.package_identification:_identify(mycobot_object.v1-roboflow-instant-1--eval-.yolov8/train/images) by extension 'colcon_pkg'
[16.880s] Level 1:colcon.colcon_core.package_identification:_identify(mycobot_object.v1-roboflow-instant-1--eval-.yolov8/train/images) by extensions ['colcon_meta']
[16.880s] Level 1:colcon.colcon_core.package_identification:_identify(mycobot_object.v1-roboflow-instant-1--eval-.yolov8/train/images) by extension 'colcon_meta'
[16.880s] Level 1:colcon.colcon_core.package_identification:_identify(mycobot_object.v1-roboflow-instant-1--eval-.yolov8/train/images) by extensions ['ros']
[16.881s] Level 1:colcon.colcon_core.package_identification:_identify(mycobot_object.v1-roboflow-instant-1--eval-.yolov8/train/images) by extension 'ros'
[16.881s] Level 1:colcon.colcon_core.package_identification:_identify(mycobot_object.v1-roboflow-instant-1--eval-.yolov8/train/images) by extensions ['cmake', 'python']
[16.881s] Level 1:colcon.colcon_core.package_identification:_identify(mycobot_object.v1-roboflow-instant-1--eval-.yolov8/train/images) by extension 'cmake'
[16.881s] Level 1:colcon.colcon_core.package_identification:_identify(mycobot_object.v1-roboflow-instant-1--eval-.yolov8/train/images) by extension 'python'
[16.881s] Level 1:colcon.colcon_core.package_identification:_identify(mycobot_object.v1-roboflow-instant-1--eval-.yolov8/train/images) by extensions ['python_setup_py']
[16.881s] Level 1:colcon.colcon_core.package_identification:_identify(mycobot_object.v1-roboflow-instant-1--eval-.yolov8/train/images) by extension 'python_setup_py'
[16.881s] Level 1:colcon.colcon_core.package_identification:_identify(mycobot_object.v1-roboflow-instant-1--eval-.yolov8/train/labels) by extensions ['ignore', 'ignore_ament_install']
[16.882s] Level 1:colcon.colcon_core.package_identification:_identify(mycobot_object.v1-roboflow-instant-1--eval-.yolov8/train/labels) by extension 'ignore'
[16.882s] Level 1:colcon.colcon_core.package_identification:_identify(mycobot_object.v1-roboflow-instant-1--eval-.yolov8/train/labels) by extension 'ignore_ament_install'
[16.882s] Level 1:colcon.colcon_core.package_identification:_identify(mycobot_object.v1-roboflow-instant-1--eval-.yolov8/train/labels) by extensions ['colcon_pkg']
[16.882s] Level 1:colcon.colcon_core.package_identification:_identify(mycobot_object.v1-roboflow-instant-1--eval-.yolov8/train/labels) by extension 'colcon_pkg'
[16.882s] Level 1:colcon.colcon_core.package_identification:_identify(mycobot_object.v1-roboflow-instant-1--eval-.yolov8/train/labels) by extensions ['colcon_meta']
[16.882s] Level 1:colcon.colcon_core.package_identification:_identify(mycobot_object.v1-roboflow-instant-1--eval-.yolov8/train/labels) by extension 'colcon_meta'
[16.882s] Level 1:colcon.colcon_core.package_identification:_identify(mycobot_object.v1-roboflow-instant-1--eval-.yolov8/train/labels) by extensions ['ros']
[16.882s] Level 1:colcon.colcon_core.package_identification:_identify(mycobot_object.v1-roboflow-instant-1--eval-.yolov8/train/labels) by extension 'ros'
[16.882s] Level 1:colcon.colcon_core.package_identification:_identify(mycobot_object.v1-roboflow-instant-1--eval-.yolov8/train/labels) by extensions ['cmake', 'python']
[16.882s] Level 1:colcon.colcon_core.package_identification:_identify(mycobot_object.v1-roboflow-instant-1--eval-.yolov8/train/labels) by extension 'cmake'
[16.883s] Level 1:colcon.colcon_core.package_identification:_identify(mycobot_object.v1-roboflow-instant-1--eval-.yolov8/train/labels) by extension 'python'
[16.883s] Level 1:colcon.colcon_core.package_identification:_identify(mycobot_object.v1-roboflow-instant-1--eval-.yolov8/train/labels) by extensions ['python_setup_py']
[16.883s] Level 1:colcon.colcon_core.package_identification:_identify(mycobot_object.v1-roboflow-instant-1--eval-.yolov8/train/labels) by extension 'python_setup_py'
[16.883s] Level 1:colcon.colcon_core.package_identification:_identify(mycobot_object.v1-roboflow-instant-1--eval-.yolov8/valid) by extensions ['ignore', 'ignore_ament_install']
[16.883s] Level 1:colcon.colcon_core.package_identification:_identify(mycobot_object.v1-roboflow-instant-1--eval-.yolov8/valid) by extension 'ignore'
[16.883s] Level 1:colcon.colcon_core.package_identification:_identify(mycobot_object.v1-roboflow-instant-1--eval-.yolov8/valid) by extension 'ignore_ament_install'
[16.883s] Level 1:colcon.colcon_core.package_identification:_identify(mycobot_object.v1-roboflow-instant-1--eval-.yolov8/valid) by extensions ['colcon_pkg']
[16.883s] Level 1:colcon.colcon_core.package_identification:_identify(mycobot_object.v1-roboflow-instant-1--eval-.yolov8/valid) by extension 'colcon_pkg'
[16.884s] Level 1:colcon.colcon_core.package_identification:_identify(mycobot_object.v1-roboflow-instant-1--eval-.yolov8/valid) by extensions ['colcon_meta']
[16.884s] Level 1:colcon.colcon_core.package_identification:_identify(mycobot_object.v1-roboflow-instant-1--eval-.yolov8/valid) by extension 'colcon_meta'
[16.884s] Level 1:colcon.colcon_core.package_identification:_identify(mycobot_object.v1-roboflow-instant-1--eval-.yolov8/valid) by extensions ['ros']
[16.884s] Level 1:colcon.colcon_core.package_identification:_identify(mycobot_object.v1-roboflow-instant-1--eval-.yolov8/valid) by extension 'ros'
[16.884s] Level 1:colcon.colcon_core.package_identification:_identify(mycobot_object.v1-roboflow-instant-1--eval-.yolov8/valid) by extensions ['cmake', 'python']
[16.884s] Level 1:colcon.colcon_core.package_identification:_identify(mycobot_object.v1-roboflow-instant-1--eval-.yolov8/valid) by extension 'cmake'
[16.884s] Level 1:colcon.colcon_core.package_identification:_identify(mycobot_object.v1-roboflow-instant-1--eval-.yolov8/valid) by extension 'python'
[16.884s] Level 1:colcon.colcon_core.package_identification:_identify(mycobot_object.v1-roboflow-instant-1--eval-.yolov8/valid) by extensions ['python_setup_py']
[16.884s] Level 1:colcon.colcon_core.package_identification:_identify(mycobot_object.v1-roboflow-instant-1--eval-.yolov8/valid) by extension 'python_setup_py'
[16.885s] Level 1:colcon.colcon_core.package_identification:_identify(mycobot_object.v1-roboflow-instant-1--eval-.yolov8/valid/images) by extensions ['ignore', 'ignore_ament_install']
[16.885s] Level 1:colcon.colcon_core.package_identification:_identify(mycobot_object.v1-roboflow-instant-1--eval-.yolov8/valid/images) by extension 'ignore'
[16.885s] Level 1:colcon.colcon_core.package_identification:_identify(mycobot_object.v1-roboflow-instant-1--eval-.yolov8/valid/images) by extension 'ignore_ament_install'
[16.885s] Level 1:colcon.colcon_core.package_identification:_identify(mycobot_object.v1-roboflow-instant-1--eval-.yolov8/valid/images) by extensions ['colcon_pkg']
[16.885s] Level 1:colcon.colcon_core.package_identification:_identify(mycobot_object.v1-roboflow-instant-1--eval-.yolov8/valid/images) by extension 'colcon_pkg'
[16.885s] Level 1:colcon.colcon_core.package_identification:_identify(mycobot_object.v1-roboflow-instant-1--eval-.yolov8/valid/images) by extensions ['colcon_meta']
[16.885s] Level 1:colcon.colcon_core.package_identification:_identify(mycobot_object.v1-roboflow-instant-1--eval-.yolov8/valid/images) by extension 'colcon_meta'
[16.885s] Level 1:colcon.colcon_core.package_identification:_identify(mycobot_object.v1-roboflow-instant-1--eval-.yolov8/valid/images) by extensions ['ros']
[16.885s] Level 1:colcon.colcon_core.package_identification:_identify(mycobot_object.v1-roboflow-instant-1--eval-.yolov8/valid/images) by extension 'ros'
[16.885s] Level 1:colcon.colcon_core.package_identification:_identify(mycobot_object.v1-roboflow-instant-1--eval-.yolov8/valid/images) by extensions ['cmake', 'python']
[16.886s] Level 1:colcon.colcon_core.package_identification:_identify(mycobot_object.v1-roboflow-instant-1--eval-.yolov8/valid/images) by extension 'cmake'
[16.886s] Level 1:colcon.colcon_core.package_identification:_identify(mycobot_object.v1-roboflow-instant-1--eval-.yolov8/valid/images) by extension 'python'
[16.886s] Level 1:colcon.colcon_core.package_identification:_identify(mycobot_object.v1-roboflow-instant-1--eval-.yolov8/valid/images) by extensions ['python_setup_py']
[16.886s] Level 1:colcon.colcon_core.package_identification:_identify(mycobot_object.v1-roboflow-instant-1--eval-.yolov8/valid/images) by extension 'python_setup_py'
[16.886s] Level 1:colcon.colcon_core.package_identification:_identify(mycobot_object.v1-roboflow-instant-1--eval-.yolov8/valid/labels) by extensions ['ignore', 'ignore_ament_install']
[16.886s] Level 1:colcon.colcon_core.package_identification:_identify(mycobot_object.v1-roboflow-instant-1--eval-.yolov8/valid/labels) by extension 'ignore'
[16.886s] Level 1:colcon.colcon_core.package_identification:_identify(mycobot_object.v1-roboflow-instant-1--eval-.yolov8/valid/labels) by extension 'ignore_ament_install'
[16.886s] Level 1:colcon.colcon_core.package_identification:_identify(mycobot_object.v1-roboflow-instant-1--eval-.yolov8/valid/labels) by extensions ['colcon_pkg']
[16.886s] Level 1:colcon.colcon_core.package_identification:_identify(mycobot_object.v1-roboflow-instant-1--eval-.yolov8/valid/labels) by extension 'colcon_pkg'
[16.887s] Level 1:colcon.colcon_core.package_identification:_identify(mycobot_object.v1-roboflow-instant-1--eval-.yolov8/valid/labels) by extensions ['colcon_meta']
[16.887s] Level 1:colcon.colcon_core.package_identification:_identify(mycobot_object.v1-roboflow-instant-1--eval-.yolov8/valid/labels) by extension 'colcon_meta'
[16.887s] Level 1:colcon.colcon_core.package_identification:_identify(mycobot_object.v1-roboflow-instant-1--eval-.yolov8/valid/labels) by extensions ['ros']
[16.887s] Level 1:colcon.colcon_core.package_identification:_identify(mycobot_object.v1-roboflow-instant-1--eval-.yolov8/valid/labels) by extension 'ros'
[16.887s] Level 1:colcon.colcon_core.package_identification:_identify(mycobot_object.v1-roboflow-instant-1--eval-.yolov8/valid/labels) by extensions ['cmake', 'python']
[16.887s] Level 1:colcon.colcon_core.package_identification:_identify(mycobot_object.v1-roboflow-instant-1--eval-.yolov8/valid/labels) by extension 'cmake'
[16.887s] Level 1:colcon.colcon_core.package_identification:_identify(mycobot_object.v1-roboflow-instant-1--eval-.yolov8/valid/labels) by extension 'python'
[16.887s] Level 1:colcon.colcon_core.package_identification:_identify(mycobot_object.v1-roboflow-instant-1--eval-.yolov8/valid/labels) by extensions ['python_setup_py']
[16.887s] Level 1:colcon.colcon_core.package_identification:_identify(mycobot_object.v1-roboflow-instant-1--eval-.yolov8/valid/labels) by extension 'python_setup_py'
[16.888s] Level 1:colcon.colcon_core.package_identification:_identify(runs) by extensions ['ignore', 'ignore_ament_install']
[16.888s] Level 1:colcon.colcon_core.package_identification:_identify(runs) by extension 'ignore'
[16.888s] Level 1:colcon.colcon_core.package_identification:_identify(runs) by extension 'ignore_ament_install'
[16.888s] Level 1:colcon.colcon_core.package_identification:_identify(runs) by extensions ['colcon_pkg']
[16.888s] Level 1:colcon.colcon_core.package_identification:_identify(runs) by extension 'colcon_pkg'
[16.888s] Level 1:colcon.colcon_core.package_identification:_identify(runs) by extensions ['colcon_meta']
[16.888s] Level 1:colcon.colcon_core.package_identification:_identify(runs) by extension 'colcon_meta'
[16.888s] Level 1:colcon.colcon_core.package_identification:_identify(runs) by extensions ['ros']
[16.888s] Level 1:colcon.colcon_core.package_identification:_identify(runs) by extension 'ros'
[16.889s] Level 1:colcon.colcon_core.package_identification:_identify(runs) by extensions ['cmake', 'python']
[16.889s] Level 1:colcon.colcon_core.package_identification:_identify(runs) by extension 'cmake'
[16.889s] Level 1:colcon.colcon_core.package_identification:_identify(runs) by extension 'python'
[16.889s] Level 1:colcon.colcon_core.package_identification:_identify(runs) by extensions ['python_setup_py']
[16.889s] Level 1:colcon.colcon_core.package_identification:_identify(runs) by extension 'python_setup_py'
[16.889s] Level 1:colcon.colcon_core.package_identification:_identify(runs/detect) by extensions ['ignore', 'ignore_ament_install']
[16.889s] Level 1:colcon.colcon_core.package_identification:_identify(runs/detect) by extension 'ignore'
[16.889s] Level 1:colcon.colcon_core.package_identification:_identify(runs/detect) by extension 'ignore_ament_install'
[16.889s] Level 1:colcon.colcon_core.package_identification:_identify(runs/detect) by extensions ['colcon_pkg']
[16.890s] Level 1:colcon.colcon_core.package_identification:_identify(runs/detect) by extension 'colcon_pkg'
[16.890s] Level 1:colcon.colcon_core.package_identification:_identify(runs/detect) by extensions ['colcon_meta']
[16.890s] Level 1:colcon.colcon_core.package_identification:_identify(runs/detect) by extension 'colcon_meta'
[16.890s] Level 1:colcon.colcon_core.package_identification:_identify(runs/detect) by extensions ['ros']
[16.890s] Level 1:colcon.colcon_core.package_identification:_identify(runs/detect) by extension 'ros'
[16.890s] Level 1:colcon.colcon_core.package_identification:_identify(runs/detect) by extensions ['cmake', 'python']
[16.890s] Level 1:colcon.colcon_core.package_identification:_identify(runs/detect) by extension 'cmake'
[16.890s] Level 1:colcon.colcon_core.package_identification:_identify(runs/detect) by extension 'python'
[16.890s] Level 1:colcon.colcon_core.package_identification:_identify(runs/detect) by extensions ['python_setup_py']
[16.890s] Level 1:colcon.colcon_core.package_identification:_identify(runs/detect) by extension 'python_setup_py'
[16.891s] Level 1:colcon.colcon_core.package_identification:_identify(runs/detect/mycobot_final) by extensions ['ignore', 'ignore_ament_install']
[16.891s] Level 1:colcon.colcon_core.package_identification:_identify(runs/detect/mycobot_final) by extension 'ignore'
[16.891s] Level 1:colcon.colcon_core.package_identification:_identify(runs/detect/mycobot_final) by extension 'ignore_ament_install'
[16.891s] Level 1:colcon.colcon_core.package_identification:_identify(runs/detect/mycobot_final) by extensions ['colcon_pkg']
[16.891s] Level 1:colcon.colcon_core.package_identification:_identify(runs/detect/mycobot_final) by extension 'colcon_pkg'
[16.891s] Level 1:colcon.colcon_core.package_identification:_identify(runs/detect/mycobot_final) by extensions ['colcon_meta']
[16.891s] Level 1:colcon.colcon_core.package_identification:_identify(runs/detect/mycobot_final) by extension 'colcon_meta'
[16.891s] Level 1:colcon.colcon_core.package_identification:_identify(runs/detect/mycobot_final) by extensions ['ros']
[16.891s] Level 1:colcon.colcon_core.package_identification:_identify(runs/detect/mycobot_final) by extension 'ros'
[16.892s] Level 1:colcon.colcon_core.package_identification:_identify(runs/detect/mycobot_final) by extensions ['cmake', 'python']
[16.892s] Level 1:colcon.colcon_core.package_identification:_identify(runs/detect/mycobot_final) by extension 'cmake'
[16.892s] Level 1:colcon.colcon_core.package_identification:_identify(runs/detect/mycobot_final) by extension 'python'
[16.892s] Level 1:colcon.colcon_core.package_identification:_identify(runs/detect/mycobot_final) by extensions ['python_setup_py']
[16.892s] Level 1:colcon.colcon_core.package_identification:_identify(runs/detect/mycobot_final) by extension 'python_setup_py'
[16.892s] Level 1:colcon.colcon_core.package_identification:_identify(runs/detect/mycobot_final/weights) by extensions ['ignore', 'ignore_ament_install']
[16.892s] Level 1:colcon.colcon_core.package_identification:_identify(runs/detect/mycobot_final/weights) by extension 'ignore'
[16.893s] Level 1:colcon.colcon_core.package_identification:_identify(runs/detect/mycobot_final/weights) by extension 'ignore_ament_install'
[16.893s] Level 1:colcon.colcon_core.package_identification:_identify(runs/detect/mycobot_final/weights) by extensions ['colcon_pkg']
[16.893s] Level 1:colcon.colcon_core.package_identification:_identify(runs/detect/mycobot_final/weights) by extension 'colcon_pkg'
[16.893s] Level 1:colcon.colcon_core.package_identification:_identify(runs/detect/mycobot_final/weights) by extensions ['colcon_meta']
[16.893s] Level 1:colcon.colcon_core.package_identification:_identify(runs/detect/mycobot_final/weights) by extension 'colcon_meta'
[16.893s] Level 1:colcon.colcon_core.package_identification:_identify(runs/detect/mycobot_final/weights) by extensions ['ros']
[16.893s] Level 1:colcon.colcon_core.package_identification:_identify(runs/detect/mycobot_final/weights) by extension 'ros'
[16.893s] Level 1:colcon.colcon_core.package_identification:_identify(runs/detect/mycobot_final/weights) by extensions ['cmake', 'python']
[16.893s] Level 1:colcon.colcon_core.package_identification:_identify(runs/detect/mycobot_final/weights) by extension 'cmake'
[16.893s] Level 1:colcon.colcon_core.package_identification:_identify(runs/detect/mycobot_final/weights) by extension 'python'
[16.894s] Level 1:colcon.colcon_core.package_identification:_identify(runs/detect/mycobot_final/weights) by extensions ['python_setup_py']
[16.894s] Level 1:colcon.colcon_core.package_identification:_identify(runs/detect/mycobot_final/weights) by extension 'python_setup_py'
[16.894s] Level 1:colcon.colcon_core.package_identification:_identify(runs/detect/mycobot_final2) by extensions ['ignore', 'ignore_ament_install']
[16.894s] Level 1:colcon.colcon_core.package_identification:_identify(runs/detect/mycobot_final2) by extension 'ignore'
[16.894s] Level 1:colcon.colcon_core.package_identification:_identify(runs/detect/mycobot_final2) by extension 'ignore_ament_install'
[16.894s] Level 1:colcon.colcon_core.package_identification:_identify(runs/detect/mycobot_final2) by extensions ['colcon_pkg']
[16.894s] Level 1:colcon.colcon_core.package_identification:_identify(runs/detect/mycobot_final2) by extension 'colcon_pkg'
[16.895s] Level 1:colcon.colcon_core.package_identification:_identify(runs/detect/mycobot_final2) by extensions ['colcon_meta']
[16.895s] Level 1:colcon.colcon_core.package_identification:_identify(runs/detect/mycobot_final2) by extension 'colcon_meta'
[16.895s] Level 1:colcon.colcon_core.package_identification:_identify(runs/detect/mycobot_final2) by extensions ['ros']
[16.895s] Level 1:colcon.colcon_core.package_identification:_identify(runs/detect/mycobot_final2) by extension 'ros'
[16.895s] Level 1:colcon.colcon_core.package_identification:_identify(runs/detect/mycobot_final2) by extensions ['cmake', 'python']
[16.895s] Level 1:colcon.colcon_core.package_identification:_identify(runs/detect/mycobot_final2) by extension 'cmake'
[16.895s] Level 1:colcon.colcon_core.package_identification:_identify(runs/detect/mycobot_final2) by extension 'python'
[16.895s] Level 1:colcon.colcon_core.package_identification:_identify(runs/detect/mycobot_final2) by extensions ['python_setup_py']
[16.895s] Level 1:colcon.colcon_core.package_identification:_identify(runs/detect/mycobot_final2) by extension 'python_setup_py'
[16.895s] Level 1:colcon.colcon_core.package_identification:_identify(runs/detect/mycobot_final2/weights) by extensions ['ignore', 'ignore_ament_install']
[16.896s] Level 1:colcon.colcon_core.package_identification:_identify(runs/detect/mycobot_final2/weights) by extension 'ignore'
[16.896s] Level 1:colcon.colcon_core.package_identification:_identify(runs/detect/mycobot_final2/weights) by extension 'ignore_ament_install'
[16.896s] Level 1:colcon.colcon_core.package_identification:_identify(runs/detect/mycobot_final2/weights) by extensions ['colcon_pkg']
[16.896s] Level 1:colcon.colcon_core.package_identification:_identify(runs/detect/mycobot_final2/weights) by extension 'colcon_pkg'
[16.896s] Level 1:colcon.colcon_core.package_identification:_identify(runs/detect/mycobot_final2/weights) by extensions ['colcon_meta']
[16.896s] Level 1:colcon.colcon_core.package_identification:_identify(runs/detect/mycobot_final2/weights) by extension 'colcon_meta'
[16.896s] Level 1:colcon.colcon_core.package_identification:_identify(runs/detect/mycobot_final2/weights) by extensions ['ros']
[16.896s] Level 1:colcon.colcon_core.package_identification:_identify(runs/detect/mycobot_final2/weights) by extension 'ros'
[16.896s] Level 1:colcon.colcon_core.package_identification:_identify(runs/detect/mycobot_final2/weights) by extensions ['cmake', 'python']
[16.897s] Level 1:colcon.colcon_core.package_identification:_identify(runs/detect/mycobot_final2/weights) by extension 'cmake'
[16.897s] Level 1:colcon.colcon_core.package_identification:_identify(runs/detect/mycobot_final2/weights) by extension 'python'
[16.897s] Level 1:colcon.colcon_core.package_identification:_identify(runs/detect/mycobot_final2/weights) by extensions ['python_setup_py']
[16.897s] Level 1:colcon.colcon_core.package_identification:_identify(runs/detect/mycobot_final2/weights) by extension 'python_setup_py'
[16.897s] Level 1:colcon.colcon_core.package_identification:_identify(runs/detect/predict) by extensions ['ignore', 'ignore_ament_install']
[16.897s] Level 1:colcon.colcon_core.package_identification:_identify(runs/detect/predict) by extension 'ignore'
[16.897s] Level 1:colcon.colcon_core.package_identification:_identify(runs/detect/predict) by extension 'ignore_ament_install'
[16.897s] Level 1:colcon.colcon_core.package_identification:_identify(runs/detect/predict) by extensions ['colcon_pkg']
[16.897s] Level 1:colcon.colcon_core.package_identification:_identify(runs/detect/predict) by extension 'colcon_pkg'
[16.898s] Level 1:colcon.colcon_core.package_identification:_identify(runs/detect/predict) by extensions ['colcon_meta']
[16.898s] Level 1:colcon.colcon_core.package_identification:_identify(runs/detect/predict) by extension 'colcon_meta'
[16.898s] Level 1:colcon.colcon_core.package_identification:_identify(runs/detect/predict) by extensions ['ros']
[16.898s] Level 1:colcon.colcon_core.package_identification:_identify(runs/detect/predict) by extension 'ros'
[16.898s] Level 1:colcon.colcon_core.package_identification:_identify(runs/detect/predict) by extensions ['cmake', 'python']
[16.898s] Level 1:colcon.colcon_core.package_identification:_identify(runs/detect/predict) by extension 'cmake'
[16.898s] Level 1:colcon.colcon_core.package_identification:_identify(runs/detect/predict) by extension 'python'
[16.898s] Level 1:colcon.colcon_core.package_identification:_identify(runs/detect/predict) by extensions ['python_setup_py']
[16.898s] Level 1:colcon.colcon_core.package_identification:_identify(runs/detect/predict) by extension 'python_setup_py'
[16.899s] Level 1:colcon.colcon_core.package_identification:_identify(runs/detect/train_new_object) by extensions ['ignore', 'ignore_ament_install']
[16.899s] Level 1:colcon.colcon_core.package_identification:_identify(runs/detect/train_new_object) by extension 'ignore'
[16.899s] Level 1:colcon.colcon_core.package_identification:_identify(runs/detect/train_new_object) by extension 'ignore_ament_install'
[16.899s] Level 1:colcon.colcon_core.package_identification:_identify(runs/detect/train_new_object) by extensions ['colcon_pkg']
[16.899s] Level 1:colcon.colcon_core.package_identification:_identify(runs/detect/train_new_object) by extension 'colcon_pkg'
[16.899s] Level 1:colcon.colcon_core.package_identification:_identify(runs/detect/train_new_object) by extensions ['colcon_meta']
[16.899s] Level 1:colcon.colcon_core.package_identification:_identify(runs/detect/train_new_object) by extension 'colcon_meta'
[16.899s] Level 1:colcon.colcon_core.package_identification:_identify(runs/detect/train_new_object) by extensions ['ros']
[16.899s] Level 1:colcon.colcon_core.package_identification:_identify(runs/detect/train_new_object) by extension 'ros'
[16.899s] Level 1:colcon.colcon_core.package_identification:_identify(runs/detect/train_new_object) by extensions ['cmake', 'python']
[16.900s] Level 1:colcon.colcon_core.package_identification:_identify(runs/detect/train_new_object) by extension 'cmake'
[16.900s] Level 1:colcon.colcon_core.package_identification:_identify(runs/detect/train_new_object) by extension 'python'
[16.900s] Level 1:colcon.colcon_core.package_identification:_identify(runs/detect/train_new_object) by extensions ['python_setup_py']
[16.900s] Level 1:colcon.colcon_core.package_identification:_identify(runs/detect/train_new_object) by extension 'python_setup_py'
[16.900s] Level 1:colcon.colcon_core.package_identification:_identify(runs/detect/train_new_object/weights) by extensions ['ignore', 'ignore_ament_install']
[16.900s] Level 1:colcon.colcon_core.package_identification:_identify(runs/detect/train_new_object/weights) by extension 'ignore'
[16.900s] Level 1:colcon.colcon_core.package_identification:_identify(runs/detect/train_new_object/weights) by extension 'ignore_ament_install'
[16.900s] Level 1:colcon.colcon_core.package_identification:_identify(runs/detect/train_new_object/weights) by extensions ['colcon_pkg']
[16.900s] Level 1:colcon.colcon_core.package_identification:_identify(runs/detect/train_new_object/weights) by extension 'colcon_pkg'
[16.901s] Level 1:colcon.colcon_core.package_identification:_identify(runs/detect/train_new_object/weights) by extensions ['colcon_meta']
[16.901s] Level 1:colcon.colcon_core.package_identification:_identify(runs/detect/train_new_object/weights) by extension 'colcon_meta'
[16.901s] Level 1:colcon.colcon_core.package_identification:_identify(runs/detect/train_new_object/weights) by extensions ['ros']
[16.901s] Level 1:colcon.colcon_core.package_identification:_identify(runs/detect/train_new_object/weights) by extension 'ros'
[16.901s] Level 1:colcon.colcon_core.package_identification:_identify(runs/detect/train_new_object/weights) by extensions ['cmake', 'python']
[16.901s] Level 1:colcon.colcon_core.package_identification:_identify(runs/detect/train_new_object/weights) by extension 'cmake'
[16.901s] Level 1:colcon.colcon_core.package_identification:_identify(runs/detect/train_new_object/weights) by extension 'python'
[16.901s] Level 1:colcon.colcon_core.package_identification:_identify(runs/detect/train_new_object/weights) by extensions ['python_setup_py']
[16.901s] Level 1:colcon.colcon_core.package_identification:_identify(runs/detect/train_new_object/weights) by extension 'python_setup_py'
[16.902s] Level 1:colcon.colcon_core.package_identification:_identify(src) by extensions ['ignore', 'ignore_ament_install']
[16.902s] Level 1:colcon.colcon_core.package_identification:_identify(src) by extension 'ignore'
[16.902s] Level 1:colcon.colcon_core.package_identification:_identify(src) by extension 'ignore_ament_install'
[16.902s] Level 1:colcon.colcon_core.package_identification:_identify(src) by extensions ['colcon_pkg']
[16.902s] Level 1:colcon.colcon_core.package_identification:_identify(src) by extension 'colcon_pkg'
[16.902s] Level 1:colcon.colcon_core.package_identification:_identify(src) by extensions ['colcon_meta']
[16.902s] Level 1:colcon.colcon_core.package_identification:_identify(src) by extension 'colcon_meta'
[16.902s] Level 1:colcon.colcon_core.package_identification:_identify(src) by extensions ['ros']
[16.902s] Level 1:colcon.colcon_core.package_identification:_identify(src) by extension 'ros'
[16.902s] Level 1:colcon.colcon_core.package_identification:_identify(src) by extensions ['cmake', 'python']
[16.903s] Level 1:colcon.colcon_core.package_identification:_identify(src) by extension 'cmake'
[16.903s] Level 1:colcon.colcon_core.package_identification:_identify(src) by extension 'python'
[16.903s] Level 1:colcon.colcon_core.package_identification:_identify(src) by extensions ['python_setup_py']
[16.903s] Level 1:colcon.colcon_core.package_identification:_identify(src) by extension 'python_setup_py'
[16.903s] Level 1:colcon.colcon_core.package_identification:_identify(src/build) by extensions ['ignore', 'ignore_ament_install']
[16.903s] Level 1:colcon.colcon_core.package_identification:_identify(src/build) by extension 'ignore'
[16.903s] Level 1:colcon.colcon_core.package_identification:_identify(src/build) ignored
[16.903s] Level 1:colcon.colcon_core.package_identification:_identify(src/install) by extensions ['ignore', 'ignore_ament_install']
[16.904s] Level 1:colcon.colcon_core.package_identification:_identify(src/install) by extension 'ignore'
[16.904s] Level 1:colcon.colcon_core.package_identification:_identify(src/install) ignored
[16.904s] Level 1:colcon.colcon_core.package_identification:_identify(src/log) by extensions ['ignore', 'ignore_ament_install']
[16.904s] Level 1:colcon.colcon_core.package_identification:_identify(src/log) by extension 'ignore'
[16.904s] Level 1:colcon.colcon_core.package_identification:_identify(src/log) ignored
[16.904s] Level 1:colcon.colcon_core.package_identification:_identify(src/my_launch_pkg) by extensions ['ignore', 'ignore_ament_install']
[16.905s] Level 1:colcon.colcon_core.package_identification:_identify(src/my_launch_pkg) by extension 'ignore'
[16.905s] Level 1:colcon.colcon_core.package_identification:_identify(src/my_launch_pkg) by extension 'ignore_ament_install'
[16.905s] Level 1:colcon.colcon_core.package_identification:_identify(src/my_launch_pkg) by extensions ['colcon_pkg']
[16.905s] Level 1:colcon.colcon_core.package_identification:_identify(src/my_launch_pkg) by extension 'colcon_pkg'
[16.905s] Level 1:colcon.colcon_core.package_identification:_identify(src/my_launch_pkg) by extensions ['colcon_meta']
[16.905s] Level 1:colcon.colcon_core.package_identification:_identify(src/my_launch_pkg) by extension 'colcon_meta'
[16.905s] Level 1:colcon.colcon_core.package_identification:_identify(src/my_launch_pkg) by extensions ['ros']
[16.905s] Level 1:colcon.colcon_core.package_identification:_identify(src/my_launch_pkg) by extension 'ros'
[16.911s] DEBUG:colcon.colcon_core.package_identification:Package 'src/my_launch_pkg' with type 'ros.ament_python' and name 'my_launch_pkg'
[16.911s] Level 1:colcon.colcon_core.package_identification:_identify(src/mycobot_arm) by extensions ['ignore', 'ignore_ament_install']
[16.912s] Level 1:colcon.colcon_core.package_identification:_identify(src/mycobot_arm) by extension 'ignore'
[16.912s] Level 1:colcon.colcon_core.package_identification:_identify(src/mycobot_arm) by extension 'ignore_ament_install'
[16.912s] Level 1:colcon.colcon_core.package_identification:_identify(src/mycobot_arm) by extensions ['colcon_pkg']
[16.912s] Level 1:colcon.colcon_core.package_identification:_identify(src/mycobot_arm) by extension 'colcon_pkg'
[16.912s] Level 1:colcon.colcon_core.package_identification:_identify(src/mycobot_arm) by extensions ['colcon_meta']
[16.912s] Level 1:colcon.colcon_core.package_identification:_identify(src/mycobot_arm) by extension 'colcon_meta'
[16.913s] Level 1:colcon.colcon_core.package_identification:_identify(src/mycobot_arm) by extensions ['ros']
[16.913s] Level 1:colcon.colcon_core.package_identification:_identify(src/mycobot_arm) by extension 'ros'
[16.914s] DEBUG:colcon.colcon_core.package_identification:Package 'src/mycobot_arm' with type 'ros.ament_python' and name 'mycobot_arm'
[16.914s] Level 1:colcon.colcon_core.package_identification:_identify(src/nav_handler) by extensions ['ignore', 'ignore_ament_install']
[16.915s] Level 1:colcon.colcon_core.package_identification:_identify(src/nav_handler) by extension 'ignore'
[16.915s] Level 1:colcon.colcon_core.package_identification:_identify(src/nav_handler) by extension 'ignore_ament_install'
[16.915s] Level 1:colcon.colcon_core.package_identification:_identify(src/nav_handler) by extensions ['colcon_pkg']
[16.915s] Level 1:colcon.colcon_core.package_identification:_identify(src/nav_handler) by extension 'colcon_pkg'
[16.915s] Level 1:colcon.colcon_core.package_identification:_identify(src/nav_handler) by extensions ['colcon_meta']
[16.915s] Level 1:colcon.colcon_core.package_identification:_identify(src/nav_handler) by extension 'colcon_meta'
[16.915s] Level 1:colcon.colcon_core.package_identification:_identify(src/nav_handler) by extensions ['ros']
[16.915s] Level 1:colcon.colcon_core.package_identification:_identify(src/nav_handler) by extension 'ros'
[16.919s] DEBUG:colcon.colcon_core.package_identification:Package 'src/nav_handler' with type 'ros.ament_python' and name 'nav_handler'
[16.920s] Level 1:colcon.colcon_core.package_identification:_identify(src/object_detector) by extensions ['ignore', 'ignore_ament_install']
[16.920s] Level 1:colcon.colcon_core.package_identification:_identify(src/object_detector) by extension 'ignore'
[16.920s] Level 1:colcon.colcon_core.package_identification:_identify(src/object_detector) by extension 'ignore_ament_install'
[16.920s] Level 1:colcon.colcon_core.package_identification:_identify(src/object_detector) by extensions ['colcon_pkg']
[16.920s] Level 1:colcon.colcon_core.package_identification:_identify(src/object_detector) by extension 'colcon_pkg'
[16.920s] Level 1:colcon.colcon_core.package_identification:_identify(src/object_detector) by extensions ['colcon_meta']
[16.920s] Level 1:colcon.colcon_core.package_identification:_identify(src/object_detector) by extension 'colcon_meta'
[16.920s] Level 1:colcon.colcon_core.package_identification:_identify(src/object_detector) by extensions ['ros']
[16.920s] Level 1:colcon.colcon_core.package_identification:_identify(src/object_detector) by extension 'ros'
[16.922s] DEBUG:colcon.colcon_core.package_identification:Package 'src/object_detector' with type 'ros.ament_python' and name 'object_detector'
[16.922s] Level 1:colcon.colcon_core.package_identification:_identify(src/vision_msgs) by extensions ['ignore', 'ignore_ament_install']
[16.922s] Level 1:colcon.colcon_core.package_identification:_identify(src/vision_msgs) by extension 'ignore'
[16.922s] Level 1:colcon.colcon_core.package_identification:_identify(src/vision_msgs) by extension 'ignore_ament_install'
[16.923s] Level 1:colcon.colcon_core.package_identification:_identify(src/vision_msgs) by extensions ['colcon_pkg']
[16.923s] Level 1:colcon.colcon_core.package_identification:_identify(src/vision_msgs) by extension 'colcon_pkg'
[16.923s] Level 1:colcon.colcon_core.package_identification:_identify(src/vision_msgs) by extensions ['colcon_meta']
[16.923s] Level 1:colcon.colcon_core.package_identification:_identify(src/vision_msgs) by extension 'colcon_meta'
[16.923s] Level 1:colcon.colcon_core.package_identification:_identify(src/vision_msgs) by extensions ['ros']
[16.923s] Level 1:colcon.colcon_core.package_identification:_identify(src/vision_msgs) by extension 'ros'
[16.923s] Level 1:colcon.colcon_core.package_identification:_identify(src/vision_msgs) by extensions ['cmake', 'python']
[16.923s] Level 1:colcon.colcon_core.package_identification:_identify(src/vision_msgs) by extension 'cmake'
[16.924s] Level 1:colcon.colcon_core.package_identification:_identify(src/vision_msgs) by extension 'python'
[16.924s] Level 1:colcon.colcon_core.package_identification:_identify(src/vision_msgs) by extensions ['python_setup_py']
[16.924s] Level 1:colcon.colcon_core.package_identification:_identify(src/vision_msgs) by extension 'python_setup_py'
[16.924s] Level 1:colcon.colcon_core.package_identification:_identify(src/vision_msgs/vision_msgs) by extensions ['ignore', 'ignore_ament_install']
[16.924s] Level 1:colcon.colcon_core.package_identification:_identify(src/vision_msgs/vision_msgs) by extension 'ignore'
[16.924s] Level 1:colcon.colcon_core.package_identification:_identify(src/vision_msgs/vision_msgs) by extension 'ignore_ament_install'
[16.924s] Level 1:colcon.colcon_core.package_identification:_identify(src/vision_msgs/vision_msgs) by extensions ['colcon_pkg']
[16.924s] Level 1:colcon.colcon_core.package_identification:_identify(src/vision_msgs/vision_msgs) by extension 'colcon_pkg'
[16.925s] Level 1:colcon.colcon_core.package_identification:_identify(src/vision_msgs/vision_msgs) by extensions ['colcon_meta']
[16.925s] Level 1:colcon.colcon_core.package_identification:_identify(src/vision_msgs/vision_msgs) by extension 'colcon_meta'
[16.925s] Level 1:colcon.colcon_core.package_identification:_identify(src/vision_msgs/vision_msgs) by extensions ['ros']
[16.925s] Level 1:colcon.colcon_core.package_identification:_identify(src/vision_msgs/vision_msgs) by extension 'ros'
[16.926s] DEBUG:colcon.colcon_core.package_identification:Package 'src/vision_msgs/vision_msgs' with type 'ros.ament_cmake' and name 'vision_msgs'
[16.926s] Level 1:colcon.colcon_core.package_identification:_identify(src/vision_msgs/vision_msgs_rviz_plugins) by extensions ['ignore', 'ignore_ament_install']
[16.926s] Level 1:colcon.colcon_core.package_identification:_identify(src/vision_msgs/vision_msgs_rviz_plugins) by extension 'ignore'
[16.927s] Level 1:colcon.colcon_core.package_identification:_identify(src/vision_msgs/vision_msgs_rviz_plugins) by extension 'ignore_ament_install'
[16.927s] Level 1:colcon.colcon_core.package_identification:_identify(src/vision_msgs/vision_msgs_rviz_plugins) by extensions ['colcon_pkg']
[16.927s] Level 1:colcon.colcon_core.package_identification:_identify(src/vision_msgs/vision_msgs_rviz_plugins) by extension 'colcon_pkg'
[16.927s] Level 1:colcon.colcon_core.package_identification:_identify(src/vision_msgs/vision_msgs_rviz_plugins) by extensions ['colcon_meta']
[16.927s] Level 1:colcon.colcon_core.package_identification:_identify(src/vision_msgs/vision_msgs_rviz_plugins) by extension 'colcon_meta'
[16.927s] Level 1:colcon.colcon_core.package_identification:_identify(src/vision_msgs/vision_msgs_rviz_plugins) by extensions ['ros']
[16.927s] Level 1:colcon.colcon_core.package_identification:_identify(src/vision_msgs/vision_msgs_rviz_plugins) by extension 'ros'
[16.929s] DEBUG:colcon.colcon_core.package_identification:Package 'src/vision_msgs/vision_msgs_rviz_plugins' with type 'ros.ament_cmake' and name 'vision_msgs_rviz_plugins'
[16.929s] Level 1:colcon.colcon_core.package_discovery:discover_packages(recursive) using defaults
[16.929s] Level 1:colcon.colcon_core.package_discovery:discover_packages(ignore) discover
[16.930s] Level 1:colcon.colcon_core.package_discovery:discover_packages(ignore) using defaults
[16.930s] Level 1:colcon.colcon_core.package_discovery:discover_packages(path) discover
[16.930s] Level 1:colcon.colcon_core.package_discovery:discover_packages(path) using defaults
[17.794s] INFO:colcon.colcon_core.package_selection:Skipping not selected package 'mycobot_arm' in 'src/mycobot_arm'
[17.794s] INFO:colcon.colcon_core.package_selection:Skipping not selected package 'nav_handler' in 'src/nav_handler'
[17.794s] INFO:colcon.colcon_core.package_selection:Skipping not selected package 'object_detector' in 'src/object_detector'
[17.794s] INFO:colcon.colcon_core.package_selection:Skipping not selected package 'vision_msgs' in 'src/vision_msgs/vision_msgs'
[17.794s] INFO:colcon.colcon_core.package_selection:Skipping not selected package 'vision_msgs_rviz_plugins' in 'src/vision_msgs/vision_msgs_rviz_plugins'
[18.332s] Level 1:colcon.colcon_core.package_discovery:discover_packages(prefix_path) check parameters
[18.333s] Level 1:colcon.colcon_core.package_discovery:discover_packages(prefix_path) discover
[18.886s] DEBUG:colcon.colcon_installed_package_information.package_discovery:Found 38 installed packages in /home/agilex/krish_ws/install
[19.164s] DEBUG:colcon.colcon_installed_package_information.package_discovery:Found 71 installed packages in /home/agilex/limo_ros2_ws/install
[19.440s] DEBUG:colcon.colcon_installed_package_information.package_discovery:Found 359 installed packages in /opt/ros/foxy
[19.448s] Level 1:colcon.colcon_core.package_discovery:discover_packages(prefix_path) using defaults
[20.140s] Level 5:colcon.colcon_core.verb:set package 'my_launch_pkg' build argument 'cmake_args' from command line to 'None'
[20.140s] Level 5:colcon.colcon_core.verb:set package 'my_launch_pkg' build argument 'cmake_target' from command line to 'None'
[20.140s] Level 5:colcon.colcon_core.verb:set package 'my_launch_pkg' build argument 'cmake_target_skip_unavailable' from command line to 'False'
[20.140s] Level 5:colcon.colcon_core.verb:set package 'my_launch_pkg' build argument 'cmake_clean_cache' from command line to 'False'
[20.140s] Level 5:colcon.colcon_core.verb:set package 'my_launch_pkg' build argument 'cmake_clean_first' from command line to 'False'
[20.140s] Level 5:colcon.colcon_core.verb:set package 'my_launch_pkg' build argument 'cmake_force_configure' from command line to 'False'
[20.140s] Level 5:colcon.colcon_core.verb:set package 'my_launch_pkg' build argument 'ament_cmake_args' from command line to 'None'
[20.140s] Level 5:colcon.colcon_core.verb:set package 'my_launch_pkg' build argument 'catkin_cmake_args' from command line to 'None'
[20.140s] Level 5:colcon.colcon_core.verb:set package 'my_launch_pkg' build argument 'catkin_skip_building_tests' from command line to 'False'
[20.140s] DEBUG:colcon.colcon_core.verb:Building package 'my_launch_pkg' with the following arguments: {'ament_cmake_args': None, 'build_base': '/home/agilex/krish_ws/build/my_launch_pkg', 'catkin_cmake_args': None, 'catkin_skip_building_tests': False, 'cmake_args': None, 'cmake_clean_cache': False, 'cmake_clean_first': False, 'cmake_force_configure': False, 'cmake_target': None, 'cmake_target_skip_unavailable': False, 'install_base': '/home/agilex/krish_ws/install/my_launch_pkg', 'merge_install': False, 'path': '/home/agilex/krish_ws/src/my_launch_pkg', 'symlink_install': False, 'test_result_base': None}
[20.412s] INFO:colcon.colcon_core.executor:Executing jobs using 'parallel' executor
[20.686s] DEBUG:colcon.colcon_parallel_executor.executor.parallel:run_until_complete
[20.687s] INFO:colcon.colcon_ros.task.ament_python.build:Building ROS package in '/home/agilex/krish_ws/src/my_launch_pkg' with build type 'ament_python'
[20.687s] Level 1:colcon.colcon_core.shell:create_environment_hook('my_launch_pkg', 'ament_prefix_path')
[20.977s] INFO:colcon.colcon_core.plugin_system:Skipping extension 'colcon_core.shell.bat': Not used on non-Windows systems
[20.977s] INFO:colcon.colcon_core.shell:Creating environment hook '/home/agilex/krish_ws/install/my_launch_pkg/share/my_launch_pkg/hook/ament_prefix_path.ps1'
[20.979s] INFO:colcon.colcon_core.shell:Creating environment descriptor '/home/agilex/krish_ws/install/my_launch_pkg/share/my_launch_pkg/hook/ament_prefix_path.dsv'
[20.980s] INFO:colcon.colcon_core.shell:Creating environment hook '/home/agilex/krish_ws/install/my_launch_pkg/share/my_launch_pkg/hook/ament_prefix_path.sh'
[21.264s] INFO:colcon.colcon_core.shell:Skip shell extension 'powershell' for command environment: Not usable outside of PowerShell
[21.264s] DEBUG:colcon.colcon_core.shell:Skip shell extension 'dsv' for command environment
[23.073s] INFO:colcon.colcon_core.task.python.build:Building Python package in '/home/agilex/krish_ws/src/my_launch_pkg'
[23.357s] INFO:colcon.colcon_core.shell:Skip shell extension 'powershell' for command environment: Not usable outside of PowerShell
[23.358s] DEBUG:colcon.colcon_core.shell:Skip shell extension 'dsv' for command environment
[26.497s] DEBUG:colcon.colcon_core.event_handler.log_command:Invoking command in '/home/agilex/krish_ws/src/my_launch_pkg': PYTHONPATH=/home/agilex/krish_ws/build/my_launch_pkg/prefix_override:/home/agilex/krish_ws/install/my_launch_pkg/lib/python3.8/site-packages:${PYTHONPATH} /usr/bin/python3 setup.py egg_info --egg-base ../../build/my_launch_pkg build --build-base /home/agilex/krish_ws/build/my_launch_pkg/build install --record /home/agilex/krish_ws/build/my_launch_pkg/install.log --install-scripts $base/lib/my_launch_pkg --single-version-externally-managed
[27.949s] DEBUG:colcon.colcon_core.event_handler.log_command:Invoked command in '/home/agilex/krish_ws/src/my_launch_pkg' returned '0': PYTHONPATH=/home/agilex/krish_ws/build/my_launch_pkg/prefix_override:/home/agilex/krish_ws/install/my_launch_pkg/lib/python3.8/site-packages:${PYTHONPATH} /usr/bin/python3 setup.py egg_info --egg-base ../../build/my_launch_pkg build --build-base /home/agilex/krish_ws/build/my_launch_pkg/build install --record /home/agilex/krish_ws/build/my_launch_pkg/install.log --install-scripts $base/lib/my_launch_pkg --single-version-externally-managed
[28.251s] Level 1:colcon.colcon_core.environment:checking '/home/agilex/krish_ws/install/my_launch_pkg' for CMake module files
[28.252s] Level 1:colcon.colcon_core.environment:checking '/home/agilex/krish_ws/install/my_launch_pkg' for CMake config files
[28.254s] Level 1:colcon.colcon_core.environment:checking '/home/agilex/krish_ws/install/my_launch_pkg/lib'
[28.254s] Level 1:colcon.colcon_core.environment:checking '/home/agilex/krish_ws/install/my_launch_pkg/bin'
[28.254s] Level 1:colcon.colcon_core.environment:checking '/home/agilex/krish_ws/install/my_launch_pkg/lib/pkgconfig/my_launch_pkg.pc'
[28.255s] Level 1:colcon.colcon_core.environment:checking '/home/agilex/krish_ws/install/my_launch_pkg/lib/python3.8/site-packages'
[28.255s] Level 1:colcon.colcon_core.shell:create_environment_hook('my_launch_pkg', 'pythonpath')
[28.539s] INFO:colcon.colcon_core.shell:Creating environment hook '/home/agilex/krish_ws/install/my_launch_pkg/share/my_launch_pkg/hook/pythonpath.ps1'
[28.540s] INFO:colcon.colcon_core.shell:Creating environment descriptor '/home/agilex/krish_ws/install/my_launch_pkg/share/my_launch_pkg/hook/pythonpath.dsv'
[28.541s] INFO:colcon.colcon_core.shell:Creating environment hook '/home/agilex/krish_ws/install/my_launch_pkg/share/my_launch_pkg/hook/pythonpath.sh'
[28.542s] Level 1:colcon.colcon_core.environment:checking '/home/agilex/krish_ws/install/my_launch_pkg/bin'
[28.543s] Level 1:colcon.colcon_core.environment:create_environment_scripts_only(my_launch_pkg)
[28.830s] INFO:colcon.colcon_core.shell:Creating package script '/home/agilex/krish_ws/install/my_launch_pkg/share/my_launch_pkg/package.ps1'
[28.833s] INFO:colcon.colcon_core.shell:Creating package descriptor '/home/agilex/krish_ws/install/my_launch_pkg/share/my_launch_pkg/package.dsv'
[28.834s] INFO:colcon.colcon_core.shell:Creating package script '/home/agilex/krish_ws/install/my_launch_pkg/share/my_launch_pkg/package.sh'
[28.836s] INFO:colcon.colcon_core.shell:Creating package script '/home/agilex/krish_ws/install/my_launch_pkg/share/my_launch_pkg/package.bash'
[28.837s] INFO:colcon.colcon_core.shell:Creating package script '/home/agilex/krish_ws/install/my_launch_pkg/share/my_launch_pkg/package.zsh'
[28.838s] Level 1:colcon.colcon_core.environment:create_file_with_runtime_dependencies(/home/agilex/krish_ws/install/my_launch_pkg/share/colcon-core/packages/my_launch_pkg)
[28.839s] DEBUG:colcon.colcon_parallel_executor.executor.parallel:closing loop
[28.840s] DEBUG:colcon.colcon_parallel_executor.executor.parallel:loop closed
[28.840s] DEBUG:colcon.colcon_parallel_executor.executor.parallel:run_until_complete finished with '0'
[28.840s] DEBUG:colcon.colcon_core.event_reactor:joining thread
[29.154s] INFO:colcon.colcon_core.plugin_system:Skipping extension 'colcon_notification.desktop_notification.terminal_notifier': Not used on non-Darwin systems
[29.154s] INFO:colcon.colcon_core.plugin_system:Skipping extension 'colcon_notification.desktop_notification.win32': Not used on non-Windows systems
[29.154s] INFO:colcon.colcon_notification.desktop_notification:Sending desktop notification using 'notify2'
[29.193s] DEBUG:colcon.colcon_core.event_reactor:joined thread
[29.474s] INFO:colcon.colcon_core.shell:Creating prefix script '/home/agilex/krish_ws/install/local_setup.ps1'
[29.476s] INFO:colcon.colcon_core.shell:Creating prefix util module '/home/agilex/krish_ws/install/_local_setup_util_ps1.py'
[29.479s] INFO:colcon.colcon_core.shell:Creating prefix chain script '/home/agilex/krish_ws/install/setup.ps1'
[29.768s] INFO:colcon.colcon_core.shell:Creating prefix script '/home/agilex/krish_ws/install/local_setup.sh'
[29.769s] INFO:colcon.colcon_core.shell:Creating prefix util module '/home/agilex/krish_ws/install/_local_setup_util_sh.py'
[29.770s] INFO:colcon.colcon_core.shell:Creating prefix chain script '/home/agilex/krish_ws/install/setup.sh'
[30.061s] INFO:colcon.colcon_core.shell:Creating prefix script '/home/agilex/krish_ws/install/local_setup.bash'
[30.062s] INFO:colcon.colcon_core.shell:Creating prefix chain script '/home/agilex/krish_ws/install/setup.bash'
[30.352s] INFO:colcon.colcon_core.shell:Creating prefix script '/home/agilex/krish_ws/install/local_setup.zsh'
[30.353s] INFO:colcon.colcon_core.shell:Creating prefix chain script '/home/agilex/krish_ws/install/setup.zsh'
