[1.778s] Invoking command in '/home/agilex/krish_ws/build/dwb_msgs': AMENT_PREFIX_PATH=/home/agilex/krish_ws/install/nav_2d_msgs:${AMENT_PREFIX_PATH} CMAKE_PREFIX_PATH=/home/agilex/krish_ws/install/nav_2d_msgs:/home/agilex/krish_ws/install/vision_msgs_rviz_plugins:/home/agilex/krish_ws/install/vision_msgs:/home/agilex/limo_ros2_ws/install/ydlidar_sdk:/home/agilex/limo_ros2_ws/install/ydlidar_ros2_driver:/home/agilex/limo_ros2_ws/install/tf_test:/home/agilex/limo_ros2_ws/install/teb_local_planner:/home/agilex/limo_ros2_ws/install/teb_msgs:/home/agilex/limo_ros2_ws/install/nav2_system_tests:/home/agilex/limo_ros2_ws/install/nav2_bringup:/home/agilex/limo_ros2_ws/install/navigation2:/home/agilex/limo_ros2_ws/install/smac_planner:/home/agilex/limo_ros2_ws/install/rf2o_laser_odometry:/home/agilex/limo_ros2_ws/install/orbbec_description:/home/agilex/limo_ros2_ws/install/orbbec_camera:/home/agilex/limo_ros2_ws/install/orbbec_camera_msgs:/home/agilex/limo_ros2_ws/install/nav2_dwb_controller:/home/agilex/limo_ros2_ws/install/nav2_controller:/home/agilex/limo_ros2_ws/install/dwb_plugins:/home/agilex/limo_ros2_ws/install/dwb_critics:/home/agilex/limo_ros2_ws/install/dwb_core:/home/agilex/limo_ros2_ws/install/nav_2d_utils:/home/agilex/limo_ros2_ws/install/dwb_msgs:/home/agilex/limo_ros2_ws/install/nav_2d_msgs:/home/agilex/limo_ros2_ws/install/nav2_waypoint_follower:/home/agilex/limo_ros2_ws/install/nav2_regulated_pure_pursuit_controller:/home/agilex/limo_ros2_ws/install/nav2_recoveries:/home/agilex/limo_ros2_ws/install/nav2_planner:/home/agilex/limo_ros2_ws/install/nav2_navfn_planner:/home/agilex/limo_ros2_ws/install/nav2_core:/home/agilex/limo_ros2_ws/install/costmap_queue:/home/agilex/limo_ros2_ws/install/costmap_converter:/home/agilex/limo_ros2_ws/install/nav2_costmap_2d:/home/agilex/limo_ros2_ws/install/nav2_voxel_grid:/home/agilex/limo_ros2_ws/install/nav2_rviz_plugins:/home/agilex/limo_ros2_ws/install/nav2_map_server:/home/agilex/limo_ros2_ws/install/nav2_lifecycle_manager:/home/agilex/limo_ros2_ws/install/nav2_bt_navigator:/home/agilex/limo_ros2_ws/install/nav2_behavior_tree:/home/agilex/limo_ros2_ws/install/nav2_amcl:/home/agilex/limo_ros2_ws/install/nav2_util:/home/agilex/limo_ros2_ws/install/nav2_msgs:/home/agilex/limo_ros2_ws/install/nav2_common:/home/agilex/limo_ros2_ws/install/mypalletizer_interfaces:/home/agilex/limo_ros2_ws/install/mycobot_interfaces:/home/agilex/limo_ros2_ws/install/mecharm_interfaces:/home/agilex/limo_ros2_ws/install/limo_visions:/home/agilex/limo_ros2_ws/install/limo_bringup:/home/agilex/limo_ros2_ws/install/limo_base:/home/agilex/limo_ros2_ws/install/limo_msgs:/home/agilex/limo_ros2_ws/install/limo_description:/home/agilex/limo_ros2_ws/install/costmap_converter_msgs:/home/agilex/krish_ws/install/system_launcher:/home/agilex/krish_ws/install/mycobot_arm:/home/agilex/limo_ros2_ws/install/ultraarm:/home/agilex/limo_ros2_ws/install/nav2_gazebo_spawner:/home/agilex/limo_ros2_ws/install/mypalletizer_260_pi:/home/agilex/limo_ros2_ws/install/mypalletizer_260:/home/agilex/limo_ros2_ws/install/mypalletizer_communication:/home/agilex/limo_ros2_ws/install/mycobot_630:/home/agilex/limo_ros2_ws/install/mycobot_600:/home/agilex/limo_ros2_ws/install/mycobot_320pi:/home/agilex/limo_ros2_ws/install/mycobot_320:/home/agilex/limo_ros2_ws/install/mycobot_280pi:/home/agilex/limo_ros2_ws/install/mycobot_280jn:/home/agilex/limo_ros2_ws/install/mycobot_280_x3pi:/home/agilex/limo_ros2_ws/install/mycobot_280:/home/agilex/limo_ros2_ws/install/myarm_m750:/home/agilex/limo_ros2_ws/install/myarm_c650:/home/agilex/limo_ros2_ws/install/myarm_300:/home/agilex/limo_ros2_ws/install/mycobot_communication:/home/agilex/limo_ros2_ws/install/mecharm_pi:/home/agilex/limo_ros2_ws/install/mecharm:/home/agilex/limo_ros2_ws/install/mecharm_communication:/home/agilex/limo_ros2_ws/install/mybuddy:/home/agilex/limo_ros2_ws/install/mycobot_description:/home/agilex/krish_ws/install/object_search:/home/agilex/krish_ws/install/object_detector:/home/agilex/krish_ws/install/nav_handler:/home/agilex/krish_ws/install/mycobot_description:/opt/ros/foxy LD_LIBRARY_PATH=/home/agilex/krish_ws/install/nav_2d_msgs/lib:${LD_LIBRARY_PATH} PYTHONPATH=/home/agilex/krish_ws/install/nav_2d_msgs/lib/python3.8/site-packages:${PYTHONPATH} /usr/bin/cmake /home/agilex/krish_ws/src/navigation2/nav2_dwb_controller/dwb_msgs -DAMENT_CMAKE_SYMLINK_INSTALL=1 -DCMAKE_INSTALL_PREFIX=/home/agilex/krish_ws/install/dwb_msgs
[1.972s] -- The C compiler identification is GNU 9.4.0
[2.169s] -- The CXX compiler identification is GNU 9.4.0
[2.188s] -- Check for working C compiler: /usr/bin/cc
[2.443s] -- Check for working C compiler: /usr/bin/cc -- works
[2.444s] -- Detecting C compiler ABI info
[2.690s] -- Detecting C compiler ABI info - done
[2.710s] -- Detecting C compile features
[2.712s] -- Detecting C compile features - done
[2.719s] -- Check for working CXX compiler: /usr/bin/c++
[3.009s] -- Check for working CXX compiler: /usr/bin/c++ -- works
[3.009s] -- Detecting CXX compiler ABI info
[3.310s] -- Detecting CXX compiler ABI info - done
[3.339s] -- Detecting CXX compile features
[3.343s] -- Detecting CXX compile features - done
[3.359s] -- Found builtin_interfaces: 1.0.0 (/opt/ros/foxy/share/builtin_interfaces/cmake)
[3.510s] -- Found PythonInterp: /usr/bin/python3 (found suitable version "3.8.10", minimum required is "3") 
[3.510s] -- Using PYTHON_EXECUTABLE: /usr/bin/python3
[4.179s] -- Override CMake install command with custom implementation using symlinks instead of copying resources
[4.578s] -- Using all available rosidl_typesupport_c: rosidl_typesupport_fastrtps_c;rosidl_typesupport_introspection_c
[4.631s] -- Found rosidl_adapter: 1.3.1 (/opt/ros/foxy/share/rosidl_adapter/cmake)
[5.057s] -- Found OpenSSL: /usr/lib/aarch64-linux-gnu/libcrypto.so (found version "1.1.1f")  
[5.157s] -- Found FastRTPS: /opt/ros/foxy/include  
[5.470s] -- Using all available rosidl_typesupport_cpp: rosidl_typesupport_fastrtps_cpp;rosidl_typesupport_introspection_cpp
[5.565s] -- Found geometry_msgs: 2.0.5 (/opt/ros/foxy/share/geometry_msgs/cmake)
[5.691s] -- Found nav_2d_msgs: 0.4.6 (/home/agilex/krish_ws/install/nav_2d_msgs/share/nav_2d_msgs/cmake)
[5.837s] -- Found nav_msgs: 2.0.5 (/opt/ros/foxy/share/nav_msgs/cmake)
[5.996s] -- Found rosidl_default_generators: 1.0.1 (/opt/ros/foxy/share/rosidl_default_generators/cmake)
[6.152s] -- Found PythonInterp: /usr/bin/python3 (found version "3.8.10") 
[6.966s] -- Found ament_cmake_ros: 0.9.2 (/opt/ros/foxy/share/ament_cmake_ros/cmake)
[7.758s] -- Using all available rosidl_typesupport_c: rosidl_typesupport_fastrtps_c;rosidl_typesupport_introspection_c
[8.079s] -- Using all available rosidl_typesupport_cpp: rosidl_typesupport_fastrtps_cpp;rosidl_typesupport_introspection_cpp
[8.214s] -- Found PythonInterp: /usr/bin/python3 (found suitable version "3.8.10", minimum required is "3.5") 
[8.229s] -- Found python_cmake_module: 0.8.1 (/opt/ros/foxy/share/python_cmake_module/cmake)
[8.339s] -- Found PythonLibs: /usr/lib/aarch64-linux-gnu/libpython3.8.so (found suitable version "3.8.10", minimum required is "3.5") 
[8.339s] -- Using PYTHON_EXECUTABLE: /usr/bin/python3
[8.340s] -- Using PYTHON_INCLUDE_DIRS: /usr/include/python3.8
[8.340s] -- Using PYTHON_LIBRARIES: /usr/lib/aarch64-linux-gnu/libpython3.8.so
[8.434s] -- Found PythonExtra: .so  
[9.217s] -- Configuring done
[9.401s] -- Generating done
[9.407s] -- Build files have been written to: /home/agilex/krish_ws/build/dwb_msgs
[9.454s] Invoked command in '/home/agilex/krish_ws/build/dwb_msgs' returned '0': AMENT_PREFIX_PATH=/home/agilex/krish_ws/install/nav_2d_msgs:${AMENT_PREFIX_PATH} CMAKE_PREFIX_PATH=/home/agilex/krish_ws/install/nav_2d_msgs:/home/agilex/krish_ws/install/vision_msgs_rviz_plugins:/home/agilex/krish_ws/install/vision_msgs:/home/agilex/limo_ros2_ws/install/ydlidar_sdk:/home/agilex/limo_ros2_ws/install/ydlidar_ros2_driver:/home/agilex/limo_ros2_ws/install/tf_test:/home/agilex/limo_ros2_ws/install/teb_local_planner:/home/agilex/limo_ros2_ws/install/teb_msgs:/home/agilex/limo_ros2_ws/install/nav2_system_tests:/home/agilex/limo_ros2_ws/install/nav2_bringup:/home/agilex/limo_ros2_ws/install/navigation2:/home/agilex/limo_ros2_ws/install/smac_planner:/home/agilex/limo_ros2_ws/install/rf2o_laser_odometry:/home/agilex/limo_ros2_ws/install/orbbec_description:/home/agilex/limo_ros2_ws/install/orbbec_camera:/home/agilex/limo_ros2_ws/install/orbbec_camera_msgs:/home/agilex/limo_ros2_ws/install/nav2_dwb_controller:/home/agilex/limo_ros2_ws/install/nav2_controller:/home/agilex/limo_ros2_ws/install/dwb_plugins:/home/agilex/limo_ros2_ws/install/dwb_critics:/home/agilex/limo_ros2_ws/install/dwb_core:/home/agilex/limo_ros2_ws/install/nav_2d_utils:/home/agilex/limo_ros2_ws/install/dwb_msgs:/home/agilex/limo_ros2_ws/install/nav_2d_msgs:/home/agilex/limo_ros2_ws/install/nav2_waypoint_follower:/home/agilex/limo_ros2_ws/install/nav2_regulated_pure_pursuit_controller:/home/agilex/limo_ros2_ws/install/nav2_recoveries:/home/agilex/limo_ros2_ws/install/nav2_planner:/home/agilex/limo_ros2_ws/install/nav2_navfn_planner:/home/agilex/limo_ros2_ws/install/nav2_core:/home/agilex/limo_ros2_ws/install/costmap_queue:/home/agilex/limo_ros2_ws/install/costmap_converter:/home/agilex/limo_ros2_ws/install/nav2_costmap_2d:/home/agilex/limo_ros2_ws/install/nav2_voxel_grid:/home/agilex/limo_ros2_ws/install/nav2_rviz_plugins:/home/agilex/limo_ros2_ws/install/nav2_map_server:/home/agilex/limo_ros2_ws/install/nav2_lifecycle_manager:/home/agilex/limo_ros2_ws/install/nav2_bt_navigator:/home/agilex/limo_ros2_ws/install/nav2_behavior_tree:/home/agilex/limo_ros2_ws/install/nav2_amcl:/home/agilex/limo_ros2_ws/install/nav2_util:/home/agilex/limo_ros2_ws/install/nav2_msgs:/home/agilex/limo_ros2_ws/install/nav2_common:/home/agilex/limo_ros2_ws/install/mypalletizer_interfaces:/home/agilex/limo_ros2_ws/install/mycobot_interfaces:/home/agilex/limo_ros2_ws/install/mecharm_interfaces:/home/agilex/limo_ros2_ws/install/limo_visions:/home/agilex/limo_ros2_ws/install/limo_bringup:/home/agilex/limo_ros2_ws/install/limo_base:/home/agilex/limo_ros2_ws/install/limo_msgs:/home/agilex/limo_ros2_ws/install/limo_description:/home/agilex/limo_ros2_ws/install/costmap_converter_msgs:/home/agilex/krish_ws/install/system_launcher:/home/agilex/krish_ws/install/mycobot_arm:/home/agilex/limo_ros2_ws/install/ultraarm:/home/agilex/limo_ros2_ws/install/nav2_gazebo_spawner:/home/agilex/limo_ros2_ws/install/mypalletizer_260_pi:/home/agilex/limo_ros2_ws/install/mypalletizer_260:/home/agilex/limo_ros2_ws/install/mypalletizer_communication:/home/agilex/limo_ros2_ws/install/mycobot_630:/home/agilex/limo_ros2_ws/install/mycobot_600:/home/agilex/limo_ros2_ws/install/mycobot_320pi:/home/agilex/limo_ros2_ws/install/mycobot_320:/home/agilex/limo_ros2_ws/install/mycobot_280pi:/home/agilex/limo_ros2_ws/install/mycobot_280jn:/home/agilex/limo_ros2_ws/install/mycobot_280_x3pi:/home/agilex/limo_ros2_ws/install/mycobot_280:/home/agilex/limo_ros2_ws/install/myarm_m750:/home/agilex/limo_ros2_ws/install/myarm_c650:/home/agilex/limo_ros2_ws/install/myarm_300:/home/agilex/limo_ros2_ws/install/mycobot_communication:/home/agilex/limo_ros2_ws/install/mecharm_pi:/home/agilex/limo_ros2_ws/install/mecharm:/home/agilex/limo_ros2_ws/install/mecharm_communication:/home/agilex/limo_ros2_ws/install/mybuddy:/home/agilex/limo_ros2_ws/install/mycobot_description:/home/agilex/krish_ws/install/object_search:/home/agilex/krish_ws/install/object_detector:/home/agilex/krish_ws/install/nav_handler:/home/agilex/krish_ws/install/mycobot_description:/opt/ros/foxy LD_LIBRARY_PATH=/home/agilex/krish_ws/install/nav_2d_msgs/lib:${LD_LIBRARY_PATH} PYTHONPATH=/home/agilex/krish_ws/install/nav_2d_msgs/lib/python3.8/site-packages:${PYTHONPATH} /usr/bin/cmake /home/agilex/krish_ws/src/navigation2/nav2_dwb_controller/dwb_msgs -DAMENT_CMAKE_SYMLINK_INSTALL=1 -DCMAKE_INSTALL_PREFIX=/home/agilex/krish_ws/install/dwb_msgs
[9.456s] Invoking command in '/home/agilex/krish_ws/build/dwb_msgs': AMENT_PREFIX_PATH=/home/agilex/krish_ws/install/nav_2d_msgs:${AMENT_PREFIX_PATH} CMAKE_PREFIX_PATH=/home/agilex/krish_ws/install/nav_2d_msgs:/home/agilex/krish_ws/install/vision_msgs_rviz_plugins:/home/agilex/krish_ws/install/vision_msgs:/home/agilex/limo_ros2_ws/install/ydlidar_sdk:/home/agilex/limo_ros2_ws/install/ydlidar_ros2_driver:/home/agilex/limo_ros2_ws/install/tf_test:/home/agilex/limo_ros2_ws/install/teb_local_planner:/home/agilex/limo_ros2_ws/install/teb_msgs:/home/agilex/limo_ros2_ws/install/nav2_system_tests:/home/agilex/limo_ros2_ws/install/nav2_bringup:/home/agilex/limo_ros2_ws/install/navigation2:/home/agilex/limo_ros2_ws/install/smac_planner:/home/agilex/limo_ros2_ws/install/rf2o_laser_odometry:/home/agilex/limo_ros2_ws/install/orbbec_description:/home/agilex/limo_ros2_ws/install/orbbec_camera:/home/agilex/limo_ros2_ws/install/orbbec_camera_msgs:/home/agilex/limo_ros2_ws/install/nav2_dwb_controller:/home/agilex/limo_ros2_ws/install/nav2_controller:/home/agilex/limo_ros2_ws/install/dwb_plugins:/home/agilex/limo_ros2_ws/install/dwb_critics:/home/agilex/limo_ros2_ws/install/dwb_core:/home/agilex/limo_ros2_ws/install/nav_2d_utils:/home/agilex/limo_ros2_ws/install/dwb_msgs:/home/agilex/limo_ros2_ws/install/nav_2d_msgs:/home/agilex/limo_ros2_ws/install/nav2_waypoint_follower:/home/agilex/limo_ros2_ws/install/nav2_regulated_pure_pursuit_controller:/home/agilex/limo_ros2_ws/install/nav2_recoveries:/home/agilex/limo_ros2_ws/install/nav2_planner:/home/agilex/limo_ros2_ws/install/nav2_navfn_planner:/home/agilex/limo_ros2_ws/install/nav2_core:/home/agilex/limo_ros2_ws/install/costmap_queue:/home/agilex/limo_ros2_ws/install/costmap_converter:/home/agilex/limo_ros2_ws/install/nav2_costmap_2d:/home/agilex/limo_ros2_ws/install/nav2_voxel_grid:/home/agilex/limo_ros2_ws/install/nav2_rviz_plugins:/home/agilex/limo_ros2_ws/install/nav2_map_server:/home/agilex/limo_ros2_ws/install/nav2_lifecycle_manager:/home/agilex/limo_ros2_ws/install/nav2_bt_navigator:/home/agilex/limo_ros2_ws/install/nav2_behavior_tree:/home/agilex/limo_ros2_ws/install/nav2_amcl:/home/agilex/limo_ros2_ws/install/nav2_util:/home/agilex/limo_ros2_ws/install/nav2_msgs:/home/agilex/limo_ros2_ws/install/nav2_common:/home/agilex/limo_ros2_ws/install/mypalletizer_interfaces:/home/agilex/limo_ros2_ws/install/mycobot_interfaces:/home/agilex/limo_ros2_ws/install/mecharm_interfaces:/home/agilex/limo_ros2_ws/install/limo_visions:/home/agilex/limo_ros2_ws/install/limo_bringup:/home/agilex/limo_ros2_ws/install/limo_base:/home/agilex/limo_ros2_ws/install/limo_msgs:/home/agilex/limo_ros2_ws/install/limo_description:/home/agilex/limo_ros2_ws/install/costmap_converter_msgs:/home/agilex/krish_ws/install/system_launcher:/home/agilex/krish_ws/install/mycobot_arm:/home/agilex/limo_ros2_ws/install/ultraarm:/home/agilex/limo_ros2_ws/install/nav2_gazebo_spawner:/home/agilex/limo_ros2_ws/install/mypalletizer_260_pi:/home/agilex/limo_ros2_ws/install/mypalletizer_260:/home/agilex/limo_ros2_ws/install/mypalletizer_communication:/home/agilex/limo_ros2_ws/install/mycobot_630:/home/agilex/limo_ros2_ws/install/mycobot_600:/home/agilex/limo_ros2_ws/install/mycobot_320pi:/home/agilex/limo_ros2_ws/install/mycobot_320:/home/agilex/limo_ros2_ws/install/mycobot_280pi:/home/agilex/limo_ros2_ws/install/mycobot_280jn:/home/agilex/limo_ros2_ws/install/mycobot_280_x3pi:/home/agilex/limo_ros2_ws/install/mycobot_280:/home/agilex/limo_ros2_ws/install/myarm_m750:/home/agilex/limo_ros2_ws/install/myarm_c650:/home/agilex/limo_ros2_ws/install/myarm_300:/home/agilex/limo_ros2_ws/install/mycobot_communication:/home/agilex/limo_ros2_ws/install/mecharm_pi:/home/agilex/limo_ros2_ws/install/mecharm:/home/agilex/limo_ros2_ws/install/mecharm_communication:/home/agilex/limo_ros2_ws/install/mybuddy:/home/agilex/limo_ros2_ws/install/mycobot_description:/home/agilex/krish_ws/install/object_search:/home/agilex/krish_ws/install/object_detector:/home/agilex/krish_ws/install/nav_handler:/home/agilex/krish_ws/install/mycobot_description:/opt/ros/foxy LD_LIBRARY_PATH=/home/agilex/krish_ws/install/nav_2d_msgs/lib:${LD_LIBRARY_PATH} PYTHONPATH=/home/agilex/krish_ws/install/nav_2d_msgs/lib/python3.8/site-packages:${PYTHONPATH} /usr/bin/cmake --build /home/agilex/krish_ws/build/dwb_msgs -- -j6 -l6
[9.625s] [35m[1mScanning dependencies of target dwb_msgs__cpp[0m
[9.676s] [  1%] [34m[1mGenerating C++ code for ROS interfaces[0m
[12.975s] [  1%] Built target dwb_msgs__cpp
[13.021s] [  2%] [34m[1mGenerating C code for ROS interfaces[0m
[16.440s] [35m[1mScanning dependencies of target dwb_msgs__rosidl_generator_c[0m
[16.502s] [  3%] [32mBuilding C object CMakeFiles/dwb_msgs__rosidl_generator_c.dir/rosidl_generator_c/dwb_msgs/msg/detail/critic_score__functions.c.o[0m
[16.637s] [  4%] [32mBuilding C object CMakeFiles/dwb_msgs__rosidl_generator_c.dir/rosidl_generator_c/dwb_msgs/msg/detail/trajectory2_d__functions.c.o[0m
[16.776s] [  5%] [32mBuilding C object CMakeFiles/dwb_msgs__rosidl_generator_c.dir/rosidl_generator_c/dwb_msgs/msg/detail/trajectory_score__functions.c.o[0m
[16.915s] [  6%] [32mBuilding C object CMakeFiles/dwb_msgs__rosidl_generator_c.dir/rosidl_generator_c/dwb_msgs/srv/detail/debug_local_plan__functions.c.o[0m
[17.083s] [  7%] [32mBuilding C object CMakeFiles/dwb_msgs__rosidl_generator_c.dir/rosidl_generator_c/dwb_msgs/srv/detail/generate_trajectory__functions.c.o[0m
[17.249s] [  8%] [32mBuilding C object CMakeFiles/dwb_msgs__rosidl_generator_c.dir/rosidl_generator_c/dwb_msgs/srv/detail/generate_twists__functions.c.o[0m
[17.420s] [  9%] [32mBuilding C object CMakeFiles/dwb_msgs__rosidl_generator_c.dir/rosidl_generator_c/dwb_msgs/srv/detail/get_critic_score__functions.c.o[0m
[17.587s] [ 10%] [32mBuilding C object CMakeFiles/dwb_msgs__rosidl_generator_c.dir/rosidl_generator_c/dwb_msgs/srv/detail/score_trajectory__functions.c.o[0m
[17.756s] [ 11%] [32mBuilding C object CMakeFiles/dwb_msgs__rosidl_generator_c.dir/rosidl_generator_c/dwb_msgs/msg/detail/local_plan_evaluation__functions.c.o[0m
[17.891s] [ 12%] [32m[1mLinking C shared library libdwb_msgs__rosidl_generator_c.so[0m
[18.033s] [ 12%] Built target dwb_msgs__rosidl_generator_c
[18.077s] [ 13%] [34m[1mGenerating C++ type support for eProsima Fast-RTPS[0m
[20.389s] [35m[1mScanning dependencies of target dwb_msgs__rosidl_typesupport_fastrtps_cpp[0m
[20.470s] [ 14%] [32mBuilding CXX object CMakeFiles/dwb_msgs__rosidl_typesupport_fastrtps_cpp.dir/rosidl_typesupport_fastrtps_cpp/dwb_msgs/msg/detail/dds_fastrtps/critic_score__type_support.cpp.o[0m
[21.487s] [ 15%] [32mBuilding CXX object CMakeFiles/dwb_msgs__rosidl_typesupport_fastrtps_cpp.dir/rosidl_typesupport_fastrtps_cpp/dwb_msgs/msg/detail/dds_fastrtps/local_plan_evaluation__type_support.cpp.o[0m
[22.763s] [ 16%] [32mBuilding CXX object CMakeFiles/dwb_msgs__rosidl_typesupport_fastrtps_cpp.dir/rosidl_typesupport_fastrtps_cpp/dwb_msgs/msg/detail/dds_fastrtps/trajectory2_d__type_support.cpp.o[0m
[23.927s] [ 17%] [32mBuilding CXX object CMakeFiles/dwb_msgs__rosidl_typesupport_fastrtps_cpp.dir/rosidl_typesupport_fastrtps_cpp/dwb_msgs/msg/detail/dds_fastrtps/trajectory_score__type_support.cpp.o[0m
[25.027s] [ 18%] [32mBuilding CXX object CMakeFiles/dwb_msgs__rosidl_typesupport_fastrtps_cpp.dir/rosidl_typesupport_fastrtps_cpp/dwb_msgs/srv/detail/dds_fastrtps/debug_local_plan__type_support.cpp.o[0m
[26.061s] [ 20%] [32mBuilding CXX object CMakeFiles/dwb_msgs__rosidl_typesupport_fastrtps_cpp.dir/rosidl_typesupport_fastrtps_cpp/dwb_msgs/srv/detail/dds_fastrtps/generate_trajectory__type_support.cpp.o[0m
[27.163s] [ 21%] [32mBuilding CXX object CMakeFiles/dwb_msgs__rosidl_typesupport_fastrtps_cpp.dir/rosidl_typesupport_fastrtps_cpp/dwb_msgs/srv/detail/dds_fastrtps/generate_twists__type_support.cpp.o[0m
[28.217s] [ 22%] [32mBuilding CXX object CMakeFiles/dwb_msgs__rosidl_typesupport_fastrtps_cpp.dir/rosidl_typesupport_fastrtps_cpp/dwb_msgs/srv/detail/dds_fastrtps/get_critic_score__type_support.cpp.o[0m
[29.275s] [ 23%] [32mBuilding CXX object CMakeFiles/dwb_msgs__rosidl_typesupport_fastrtps_cpp.dir/rosidl_typesupport_fastrtps_cpp/dwb_msgs/srv/detail/dds_fastrtps/score_trajectory__type_support.cpp.o[0m
[30.318s] [ 24%] [32m[1mLinking CXX shared library libdwb_msgs__rosidl_typesupport_fastrtps_cpp.so[0m
[30.560s] [ 24%] Built target dwb_msgs__rosidl_typesupport_fastrtps_cpp
[30.602s] [ 25%] [34m[1mGenerating C type support dispatch for ROS interfaces[0m
[32.089s] [35m[1mScanning dependencies of target dwb_msgs__rosidl_typesupport_c[0m
[32.141s] [ 26%] [32mBuilding CXX object CMakeFiles/dwb_msgs__rosidl_typesupport_c.dir/rosidl_typesupport_c/dwb_msgs/msg/critic_score__type_support.cpp.o[0m
[32.239s] [ 27%] [32mBuilding CXX object CMakeFiles/dwb_msgs__rosidl_typesupport_c.dir/rosidl_typesupport_c/dwb_msgs/msg/local_plan_evaluation__type_support.cpp.o[0m
[32.334s] [ 28%] [32mBuilding CXX object CMakeFiles/dwb_msgs__rosidl_typesupport_c.dir/rosidl_typesupport_c/dwb_msgs/msg/trajectory2_d__type_support.cpp.o[0m
[32.427s] [ 29%] [32mBuilding CXX object CMakeFiles/dwb_msgs__rosidl_typesupport_c.dir/rosidl_typesupport_c/dwb_msgs/msg/trajectory_score__type_support.cpp.o[0m
[32.521s] [ 30%] [32mBuilding CXX object CMakeFiles/dwb_msgs__rosidl_typesupport_c.dir/rosidl_typesupport_c/dwb_msgs/srv/debug_local_plan__type_support.cpp.o[0m
[32.622s] [ 31%] [32mBuilding CXX object CMakeFiles/dwb_msgs__rosidl_typesupport_c.dir/rosidl_typesupport_c/dwb_msgs/srv/generate_trajectory__type_support.cpp.o[0m
[32.720s] [ 32%] [32mBuilding CXX object CMakeFiles/dwb_msgs__rosidl_typesupport_c.dir/rosidl_typesupport_c/dwb_msgs/srv/generate_twists__type_support.cpp.o[0m
[32.820s] [ 33%] [32mBuilding CXX object CMakeFiles/dwb_msgs__rosidl_typesupport_c.dir/rosidl_typesupport_c/dwb_msgs/srv/get_critic_score__type_support.cpp.o[0m
[32.919s] [ 34%] [32mBuilding CXX object CMakeFiles/dwb_msgs__rosidl_typesupport_c.dir/rosidl_typesupport_c/dwb_msgs/srv/score_trajectory__type_support.cpp.o[0m
[33.023s] [ 35%] [32m[1mLinking CXX shared library libdwb_msgs__rosidl_typesupport_c.so[0m
[33.154s] [ 35%] Built target dwb_msgs__rosidl_typesupport_c
[33.197s] [ 36%] [34m[1mGenerating C type support for eProsima Fast-RTPS[0m
[35.416s] [35m[1mScanning dependencies of target dwb_msgs__rosidl_typesupport_fastrtps_c[0m
[35.508s] [ 37%] [32mBuilding CXX object CMakeFiles/dwb_msgs__rosidl_typesupport_fastrtps_c.dir/rosidl_typesupport_fastrtps_c/dwb_msgs/msg/detail/critic_score__type_support_c.cpp.o[0m
[36.367s] [ 38%] [32mBuilding CXX object CMakeFiles/dwb_msgs__rosidl_typesupport_fastrtps_c.dir/rosidl_typesupport_fastrtps_c/dwb_msgs/msg/detail/trajectory2_d__type_support_c.cpp.o[0m
[37.223s] [ 40%] [32mBuilding CXX object CMakeFiles/dwb_msgs__rosidl_typesupport_fastrtps_c.dir/rosidl_typesupport_fastrtps_c/dwb_msgs/msg/detail/trajectory_score__type_support_c.cpp.o[0m
[38.072s] [ 41%] [32mBuilding CXX object CMakeFiles/dwb_msgs__rosidl_typesupport_fastrtps_c.dir/rosidl_typesupport_fastrtps_c/dwb_msgs/srv/detail/debug_local_plan__type_support_c.cpp.o[0m
[38.900s] [ 42%] [32mBuilding CXX object CMakeFiles/dwb_msgs__rosidl_typesupport_fastrtps_c.dir/rosidl_typesupport_fastrtps_c/dwb_msgs/srv/detail/generate_trajectory__type_support_c.cpp.o[0m
[39.749s] [ 43%] [32mBuilding CXX object CMakeFiles/dwb_msgs__rosidl_typesupport_fastrtps_c.dir/rosidl_typesupport_fastrtps_c/dwb_msgs/srv/detail/generate_twists__type_support_c.cpp.o[0m
[40.600s] [ 44%] [32mBuilding CXX object CMakeFiles/dwb_msgs__rosidl_typesupport_fastrtps_c.dir/rosidl_typesupport_fastrtps_c/dwb_msgs/srv/detail/get_critic_score__type_support_c.cpp.o[0m
[41.466s] [ 45%] [32mBuilding CXX object CMakeFiles/dwb_msgs__rosidl_typesupport_fastrtps_c.dir/rosidl_typesupport_fastrtps_c/dwb_msgs/srv/detail/score_trajectory__type_support_c.cpp.o[0m
[42.336s] [ 46%] [32mBuilding CXX object CMakeFiles/dwb_msgs__rosidl_typesupport_fastrtps_c.dir/rosidl_typesupport_fastrtps_c/dwb_msgs/msg/detail/local_plan_evaluation__type_support_c.cpp.o[0m
[43.161s] [ 47%] [32m[1mLinking CXX shared library libdwb_msgs__rosidl_typesupport_fastrtps_c.so[0m
[43.395s] [ 47%] Built target dwb_msgs__rosidl_typesupport_fastrtps_c
[43.437s] [ 48%] [34m[1mGenerating C introspection for ROS interfaces[0m
[45.489s] [35m[1mScanning dependencies of target dwb_msgs__rosidl_typesupport_introspection_c[0m
[45.558s] [ 49%] [32mBuilding C object CMakeFiles/dwb_msgs__rosidl_typesupport_introspection_c.dir/rosidl_typesupport_introspection_c/dwb_msgs/msg/detail/critic_score__type_support.c.o[0m
[45.656s] [ 50%] [32mBuilding C object CMakeFiles/dwb_msgs__rosidl_typesupport_introspection_c.dir/rosidl_typesupport_introspection_c/dwb_msgs/msg/detail/trajectory_score__type_support.c.o[0m
[45.761s] [ 51%] [32mBuilding C object CMakeFiles/dwb_msgs__rosidl_typesupport_introspection_c.dir/rosidl_typesupport_introspection_c/dwb_msgs/srv/detail/debug_local_plan__type_support.c.o[0m
[45.872s] [ 52%] [32mBuilding C object CMakeFiles/dwb_msgs__rosidl_typesupport_introspection_c.dir/rosidl_typesupport_introspection_c/dwb_msgs/srv/detail/generate_trajectory__type_support.c.o[0m
[45.976s] [ 53%] [32mBuilding C object CMakeFiles/dwb_msgs__rosidl_typesupport_introspection_c.dir/rosidl_typesupport_introspection_c/dwb_msgs/srv/detail/generate_twists__type_support.c.o[0m
[46.085s] [ 54%] [32mBuilding C object CMakeFiles/dwb_msgs__rosidl_typesupport_introspection_c.dir/rosidl_typesupport_introspection_c/dwb_msgs/srv/detail/get_critic_score__type_support.c.o[0m
[46.195s] [ 55%] [32mBuilding C object CMakeFiles/dwb_msgs__rosidl_typesupport_introspection_c.dir/rosidl_typesupport_introspection_c/dwb_msgs/srv/detail/score_trajectory__type_support.c.o[0m
[46.304s] [ 56%] [32mBuilding C object CMakeFiles/dwb_msgs__rosidl_typesupport_introspection_c.dir/rosidl_typesupport_introspection_c/dwb_msgs/msg/detail/trajectory2_d__type_support.c.o[0m
[46.414s] [ 57%] [32mBuilding C object CMakeFiles/dwb_msgs__rosidl_typesupport_introspection_c.dir/rosidl_typesupport_introspection_c/dwb_msgs/msg/detail/local_plan_evaluation__type_support.c.o[0m
[46.524s] [ 58%] [32m[1mLinking C shared library libdwb_msgs__rosidl_typesupport_introspection_c.so[0m
[46.636s] [ 58%] Built target dwb_msgs__rosidl_typesupport_introspection_c
[46.683s] [ 60%] [34m[1mGenerating C++ introspection for ROS interfaces[0m
[48.660s] [35m[1mScanning dependencies of target dwb_msgs__rosidl_typesupport_introspection_cpp[0m
[48.718s] [ 61%] [32mBuilding CXX object CMakeFiles/dwb_msgs__rosidl_typesupport_introspection_cpp.dir/rosidl_typesupport_introspection_cpp/dwb_msgs/msg/detail/critic_score__type_support.cpp.o[0m
[49.384s] [ 62%] [32mBuilding CXX object CMakeFiles/dwb_msgs__rosidl_typesupport_introspection_cpp.dir/rosidl_typesupport_introspection_cpp/dwb_msgs/srv/detail/debug_local_plan__type_support.cpp.o[0m
[50.207s] [ 63%] [32mBuilding CXX object CMakeFiles/dwb_msgs__rosidl_typesupport_introspection_cpp.dir/rosidl_typesupport_introspection_cpp/dwb_msgs/srv/detail/generate_trajectory__type_support.cpp.o[0m
[50.998s] [ 65%] [32mBuilding CXX object CMakeFiles/dwb_msgs__rosidl_typesupport_introspection_cpp.dir/rosidl_typesupport_introspection_cpp/dwb_msgs/srv/detail/generate_twists__type_support.cpp.o[0m
[50.998s] [ 65%] [32mBuilding CXX object CMakeFiles/dwb_msgs__rosidl_typesupport_introspection_cpp.dir/rosidl_typesupport_introspection_cpp/dwb_msgs/msg/detail/trajectory_score__type_support.cpp.o[0m
[51.935s] [ 66%] [32mBuilding CXX object CMakeFiles/dwb_msgs__rosidl_typesupport_introspection_cpp.dir/rosidl_typesupport_introspection_cpp/dwb_msgs/srv/detail/get_critic_score__type_support.cpp.o[0m
[52.017s] [ 67%] [32mBuilding CXX object CMakeFiles/dwb_msgs__rosidl_typesupport_introspection_cpp.dir/rosidl_typesupport_introspection_cpp/dwb_msgs/srv/detail/score_trajectory__type_support.cpp.o[0m
[52.887s] [ 68%] [32mBuilding CXX object CMakeFiles/dwb_msgs__rosidl_typesupport_introspection_cpp.dir/rosidl_typesupport_introspection_cpp/dwb_msgs/msg/detail/trajectory2_d__type_support.cpp.o[0m
[52.973s] [ 69%] [32mBuilding CXX object CMakeFiles/dwb_msgs__rosidl_typesupport_introspection_cpp.dir/rosidl_typesupport_introspection_cpp/dwb_msgs/msg/detail/local_plan_evaluation__type_support.cpp.o[0m
[54.266s] [ 70%] [32m[1mLinking CXX shared library libdwb_msgs__rosidl_typesupport_introspection_cpp.so[0m
[54.555s] [ 70%] Built target dwb_msgs__rosidl_typesupport_introspection_cpp
[54.599s] [ 71%] [34m[1mGenerating C++ type support dispatch for ROS interfaces[0m
[56.269s] [35m[1mScanning dependencies of target dwb_msgs__rosidl_typesupport_cpp[0m
[56.342s] [ 72%] [32mBuilding CXX object CMakeFiles/dwb_msgs__rosidl_typesupport_cpp.dir/rosidl_typesupport_cpp/dwb_msgs/msg/critic_score__type_support.cpp.o[0m
[56.367s] [ 73%] [32mBuilding CXX object CMakeFiles/dwb_msgs__rosidl_typesupport_cpp.dir/rosidl_typesupport_cpp/dwb_msgs/msg/local_plan_evaluation__type_support.cpp.o[0m
[56.383s] [ 74%] [32mBuilding CXX object CMakeFiles/dwb_msgs__rosidl_typesupport_cpp.dir/rosidl_typesupport_cpp/dwb_msgs/msg/trajectory2_d__type_support.cpp.o[0m
[56.473s] [ 75%] [32mBuilding CXX object CMakeFiles/dwb_msgs__rosidl_typesupport_cpp.dir/rosidl_typesupport_cpp/dwb_msgs/srv/generate_trajectory__type_support.cpp.o[0m
[57.130s] [ 76%] [32mBuilding CXX object CMakeFiles/dwb_msgs__rosidl_typesupport_cpp.dir/rosidl_typesupport_cpp/dwb_msgs/srv/debug_local_plan__type_support.cpp.o[0m
[57.387s] [ 77%] [32mBuilding CXX object CMakeFiles/dwb_msgs__rosidl_typesupport_cpp.dir/rosidl_typesupport_cpp/dwb_msgs/srv/generate_twists__type_support.cpp.o[0m
[57.508s] [ 78%] [32mBuilding CXX object CMakeFiles/dwb_msgs__rosidl_typesupport_cpp.dir/rosidl_typesupport_cpp/dwb_msgs/srv/get_critic_score__type_support.cpp.o[0m
[57.521s] [ 80%] [32mBuilding CXX object CMakeFiles/dwb_msgs__rosidl_typesupport_cpp.dir/rosidl_typesupport_cpp/dwb_msgs/msg/trajectory_score__type_support.cpp.o[0m
[58.156s] [ 81%] [32mBuilding CXX object CMakeFiles/dwb_msgs__rosidl_typesupport_cpp.dir/rosidl_typesupport_cpp/dwb_msgs/srv/score_trajectory__type_support.cpp.o[0m
[58.936s] [ 82%] [32m[1mLinking CXX shared library libdwb_msgs__rosidl_typesupport_cpp.so[0m
[59.075s] [ 82%] Built target dwb_msgs__rosidl_typesupport_cpp
[59.117s] [35m[1mScanning dependencies of target dwb_msgs[0m
[59.160s] [ 82%] Built target dwb_msgs
[59.205s] [35m[1mScanning dependencies of target dwb_msgs__py[0m
[59.248s] [ 83%] [34m[1mGenerating Python code for ROS interfaces[0m
[63.240s] [ 83%] Built target dwb_msgs__py
[63.281s] [35m[1mScanning dependencies of target dwb_msgs__python[0m
[63.398s] [ 84%] [32mBuilding C object CMakeFiles/dwb_msgs__python.dir/rosidl_generator_py/dwb_msgs/msg/_local_plan_evaluation_s.c.o[0m
[63.425s] [ 85%] [32mBuilding C object CMakeFiles/dwb_msgs__python.dir/rosidl_generator_py/dwb_msgs/msg/_critic_score_s.c.o[0m
[63.479s] [ 86%] [32mBuilding C object CMakeFiles/dwb_msgs__python.dir/rosidl_generator_py/dwb_msgs/msg/_trajectory2_d_s.c.o[0m
[63.493s] [ 87%] [32mBuilding C object CMakeFiles/dwb_msgs__python.dir/rosidl_generator_py/dwb_msgs/srv/_generate_trajectory_s.c.o[0m
[63.781s] [ 88%] [32mBuilding C object CMakeFiles/dwb_msgs__python.dir/rosidl_generator_py/dwb_msgs/srv/_debug_local_plan_s.c.o[0m
[63.886s] [ 89%] [32mBuilding C object CMakeFiles/dwb_msgs__python.dir/rosidl_generator_py/dwb_msgs/srv/_generate_twists_s.c.o[0m
[63.942s] [ 90%] [32mBuilding C object CMakeFiles/dwb_msgs__python.dir/rosidl_generator_py/dwb_msgs/srv/_get_critic_score_s.c.o[0m
[64.122s] [ 91%] [32mBuilding C object CMakeFiles/dwb_msgs__python.dir/rosidl_generator_py/dwb_msgs/srv/_score_trajectory_s.c.o[0m
[64.169s] [ 92%] [32mBuilding C object CMakeFiles/dwb_msgs__python.dir/rosidl_generator_py/dwb_msgs/msg/_trajectory_score_s.c.o[0m
[64.512s] [ 93%] [32m[1mLinking C shared library rosidl_generator_py/dwb_msgs/libdwb_msgs__python.so[0m
[64.704s] [ 93%] Built target dwb_msgs__python
[64.757s] [35m[1mScanning dependencies of target dwb_msgs__rosidl_typesupport_fastrtps_c__pyext[0m
[64.759s] [35m[1mScanning dependencies of target dwb_msgs__rosidl_typesupport_c__pyext[0m
[64.795s] [35m[1mScanning dependencies of target dwb_msgs__rosidl_typesupport_introspection_c__pyext[0m
[64.873s] [ 94%] [32mBuilding C object CMakeFiles/dwb_msgs__rosidl_typesupport_fastrtps_c__pyext.dir/rosidl_generator_py/dwb_msgs/_dwb_msgs_s.ep.rosidl_typesupport_fastrtps_c.c.o[0m
[64.884s] [ 95%] [32mBuilding C object CMakeFiles/dwb_msgs__rosidl_typesupport_c__pyext.dir/rosidl_generator_py/dwb_msgs/_dwb_msgs_s.ep.rosidl_typesupport_c.c.o[0m
[64.966s] [ 96%] [32mBuilding C object CMakeFiles/dwb_msgs__rosidl_typesupport_introspection_c__pyext.dir/rosidl_generator_py/dwb_msgs/_dwb_msgs_s.ep.rosidl_typesupport_introspection_c.c.o[0m
[65.263s] [ 97%] [32m[1mLinking C shared library rosidl_generator_py/dwb_msgs/dwb_msgs_s__rosidl_typesupport_c.cpython-38-aarch64-linux-gnu.so[0m
[65.493s] [ 97%] Built target dwb_msgs__rosidl_typesupport_c__pyext
[65.552s] [ 98%] [32m[1mLinking CXX shared library rosidl_generator_py/dwb_msgs/dwb_msgs_s__rosidl_typesupport_fastrtps_c.cpython-38-aarch64-linux-gnu.so[0m
[65.605s] [100%] [32m[1mLinking C shared library rosidl_generator_py/dwb_msgs/dwb_msgs_s__rosidl_typesupport_introspection_c.cpython-38-aarch64-linux-gnu.so[0m
[65.776s] [100%] Built target dwb_msgs__rosidl_typesupport_introspection_c__pyext
[65.809s] [100%] Built target dwb_msgs__rosidl_typesupport_fastrtps_c__pyext
[65.896s] Invoked command in '/home/agilex/krish_ws/build/dwb_msgs' returned '0': AMENT_PREFIX_PATH=/home/agilex/krish_ws/install/nav_2d_msgs:${AMENT_PREFIX_PATH} CMAKE_PREFIX_PATH=/home/agilex/krish_ws/install/nav_2d_msgs:/home/agilex/krish_ws/install/vision_msgs_rviz_plugins:/home/agilex/krish_ws/install/vision_msgs:/home/agilex/limo_ros2_ws/install/ydlidar_sdk:/home/agilex/limo_ros2_ws/install/ydlidar_ros2_driver:/home/agilex/limo_ros2_ws/install/tf_test:/home/agilex/limo_ros2_ws/install/teb_local_planner:/home/agilex/limo_ros2_ws/install/teb_msgs:/home/agilex/limo_ros2_ws/install/nav2_system_tests:/home/agilex/limo_ros2_ws/install/nav2_bringup:/home/agilex/limo_ros2_ws/install/navigation2:/home/agilex/limo_ros2_ws/install/smac_planner:/home/agilex/limo_ros2_ws/install/rf2o_laser_odometry:/home/agilex/limo_ros2_ws/install/orbbec_description:/home/agilex/limo_ros2_ws/install/orbbec_camera:/home/agilex/limo_ros2_ws/install/orbbec_camera_msgs:/home/agilex/limo_ros2_ws/install/nav2_dwb_controller:/home/agilex/limo_ros2_ws/install/nav2_controller:/home/agilex/limo_ros2_ws/install/dwb_plugins:/home/agilex/limo_ros2_ws/install/dwb_critics:/home/agilex/limo_ros2_ws/install/dwb_core:/home/agilex/limo_ros2_ws/install/nav_2d_utils:/home/agilex/limo_ros2_ws/install/dwb_msgs:/home/agilex/limo_ros2_ws/install/nav_2d_msgs:/home/agilex/limo_ros2_ws/install/nav2_waypoint_follower:/home/agilex/limo_ros2_ws/install/nav2_regulated_pure_pursuit_controller:/home/agilex/limo_ros2_ws/install/nav2_recoveries:/home/agilex/limo_ros2_ws/install/nav2_planner:/home/agilex/limo_ros2_ws/install/nav2_navfn_planner:/home/agilex/limo_ros2_ws/install/nav2_core:/home/agilex/limo_ros2_ws/install/costmap_queue:/home/agilex/limo_ros2_ws/install/costmap_converter:/home/agilex/limo_ros2_ws/install/nav2_costmap_2d:/home/agilex/limo_ros2_ws/install/nav2_voxel_grid:/home/agilex/limo_ros2_ws/install/nav2_rviz_plugins:/home/agilex/limo_ros2_ws/install/nav2_map_server:/home/agilex/limo_ros2_ws/install/nav2_lifecycle_manager:/home/agilex/limo_ros2_ws/install/nav2_bt_navigator:/home/agilex/limo_ros2_ws/install/nav2_behavior_tree:/home/agilex/limo_ros2_ws/install/nav2_amcl:/home/agilex/limo_ros2_ws/install/nav2_util:/home/agilex/limo_ros2_ws/install/nav2_msgs:/home/agilex/limo_ros2_ws/install/nav2_common:/home/agilex/limo_ros2_ws/install/mypalletizer_interfaces:/home/agilex/limo_ros2_ws/install/mycobot_interfaces:/home/agilex/limo_ros2_ws/install/mecharm_interfaces:/home/agilex/limo_ros2_ws/install/limo_visions:/home/agilex/limo_ros2_ws/install/limo_bringup:/home/agilex/limo_ros2_ws/install/limo_base:/home/agilex/limo_ros2_ws/install/limo_msgs:/home/agilex/limo_ros2_ws/install/limo_description:/home/agilex/limo_ros2_ws/install/costmap_converter_msgs:/home/agilex/krish_ws/install/system_launcher:/home/agilex/krish_ws/install/mycobot_arm:/home/agilex/limo_ros2_ws/install/ultraarm:/home/agilex/limo_ros2_ws/install/nav2_gazebo_spawner:/home/agilex/limo_ros2_ws/install/mypalletizer_260_pi:/home/agilex/limo_ros2_ws/install/mypalletizer_260:/home/agilex/limo_ros2_ws/install/mypalletizer_communication:/home/agilex/limo_ros2_ws/install/mycobot_630:/home/agilex/limo_ros2_ws/install/mycobot_600:/home/agilex/limo_ros2_ws/install/mycobot_320pi:/home/agilex/limo_ros2_ws/install/mycobot_320:/home/agilex/limo_ros2_ws/install/mycobot_280pi:/home/agilex/limo_ros2_ws/install/mycobot_280jn:/home/agilex/limo_ros2_ws/install/mycobot_280_x3pi:/home/agilex/limo_ros2_ws/install/mycobot_280:/home/agilex/limo_ros2_ws/install/myarm_m750:/home/agilex/limo_ros2_ws/install/myarm_c650:/home/agilex/limo_ros2_ws/install/myarm_300:/home/agilex/limo_ros2_ws/install/mycobot_communication:/home/agilex/limo_ros2_ws/install/mecharm_pi:/home/agilex/limo_ros2_ws/install/mecharm:/home/agilex/limo_ros2_ws/install/mecharm_communication:/home/agilex/limo_ros2_ws/install/mybuddy:/home/agilex/limo_ros2_ws/install/mycobot_description:/home/agilex/krish_ws/install/object_search:/home/agilex/krish_ws/install/object_detector:/home/agilex/krish_ws/install/nav_handler:/home/agilex/krish_ws/install/mycobot_description:/opt/ros/foxy LD_LIBRARY_PATH=/home/agilex/krish_ws/install/nav_2d_msgs/lib:${LD_LIBRARY_PATH} PYTHONPATH=/home/agilex/krish_ws/install/nav_2d_msgs/lib/python3.8/site-packages:${PYTHONPATH} /usr/bin/cmake --build /home/agilex/krish_ws/build/dwb_msgs -- -j6 -l6
[67.241s] Invoking command in '/home/agilex/krish_ws/build/dwb_msgs': AMENT_PREFIX_PATH=/home/agilex/krish_ws/install/nav_2d_msgs:${AMENT_PREFIX_PATH} CMAKE_PREFIX_PATH=/home/agilex/krish_ws/install/nav_2d_msgs:/home/agilex/krish_ws/install/vision_msgs_rviz_plugins:/home/agilex/krish_ws/install/vision_msgs:/home/agilex/limo_ros2_ws/install/ydlidar_sdk:/home/agilex/limo_ros2_ws/install/ydlidar_ros2_driver:/home/agilex/limo_ros2_ws/install/tf_test:/home/agilex/limo_ros2_ws/install/teb_local_planner:/home/agilex/limo_ros2_ws/install/teb_msgs:/home/agilex/limo_ros2_ws/install/nav2_system_tests:/home/agilex/limo_ros2_ws/install/nav2_bringup:/home/agilex/limo_ros2_ws/install/navigation2:/home/agilex/limo_ros2_ws/install/smac_planner:/home/agilex/limo_ros2_ws/install/rf2o_laser_odometry:/home/agilex/limo_ros2_ws/install/orbbec_description:/home/agilex/limo_ros2_ws/install/orbbec_camera:/home/agilex/limo_ros2_ws/install/orbbec_camera_msgs:/home/agilex/limo_ros2_ws/install/nav2_dwb_controller:/home/agilex/limo_ros2_ws/install/nav2_controller:/home/agilex/limo_ros2_ws/install/dwb_plugins:/home/agilex/limo_ros2_ws/install/dwb_critics:/home/agilex/limo_ros2_ws/install/dwb_core:/home/agilex/limo_ros2_ws/install/nav_2d_utils:/home/agilex/limo_ros2_ws/install/dwb_msgs:/home/agilex/limo_ros2_ws/install/nav_2d_msgs:/home/agilex/limo_ros2_ws/install/nav2_waypoint_follower:/home/agilex/limo_ros2_ws/install/nav2_regulated_pure_pursuit_controller:/home/agilex/limo_ros2_ws/install/nav2_recoveries:/home/agilex/limo_ros2_ws/install/nav2_planner:/home/agilex/limo_ros2_ws/install/nav2_navfn_planner:/home/agilex/limo_ros2_ws/install/nav2_core:/home/agilex/limo_ros2_ws/install/costmap_queue:/home/agilex/limo_ros2_ws/install/costmap_converter:/home/agilex/limo_ros2_ws/install/nav2_costmap_2d:/home/agilex/limo_ros2_ws/install/nav2_voxel_grid:/home/agilex/limo_ros2_ws/install/nav2_rviz_plugins:/home/agilex/limo_ros2_ws/install/nav2_map_server:/home/agilex/limo_ros2_ws/install/nav2_lifecycle_manager:/home/agilex/limo_ros2_ws/install/nav2_bt_navigator:/home/agilex/limo_ros2_ws/install/nav2_behavior_tree:/home/agilex/limo_ros2_ws/install/nav2_amcl:/home/agilex/limo_ros2_ws/install/nav2_util:/home/agilex/limo_ros2_ws/install/nav2_msgs:/home/agilex/limo_ros2_ws/install/nav2_common:/home/agilex/limo_ros2_ws/install/mypalletizer_interfaces:/home/agilex/limo_ros2_ws/install/mycobot_interfaces:/home/agilex/limo_ros2_ws/install/mecharm_interfaces:/home/agilex/limo_ros2_ws/install/limo_visions:/home/agilex/limo_ros2_ws/install/limo_bringup:/home/agilex/limo_ros2_ws/install/limo_base:/home/agilex/limo_ros2_ws/install/limo_msgs:/home/agilex/limo_ros2_ws/install/limo_description:/home/agilex/limo_ros2_ws/install/costmap_converter_msgs:/home/agilex/krish_ws/install/system_launcher:/home/agilex/krish_ws/install/mycobot_arm:/home/agilex/limo_ros2_ws/install/ultraarm:/home/agilex/limo_ros2_ws/install/nav2_gazebo_spawner:/home/agilex/limo_ros2_ws/install/mypalletizer_260_pi:/home/agilex/limo_ros2_ws/install/mypalletizer_260:/home/agilex/limo_ros2_ws/install/mypalletizer_communication:/home/agilex/limo_ros2_ws/install/mycobot_630:/home/agilex/limo_ros2_ws/install/mycobot_600:/home/agilex/limo_ros2_ws/install/mycobot_320pi:/home/agilex/limo_ros2_ws/install/mycobot_320:/home/agilex/limo_ros2_ws/install/mycobot_280pi:/home/agilex/limo_ros2_ws/install/mycobot_280jn:/home/agilex/limo_ros2_ws/install/mycobot_280_x3pi:/home/agilex/limo_ros2_ws/install/mycobot_280:/home/agilex/limo_ros2_ws/install/myarm_m750:/home/agilex/limo_ros2_ws/install/myarm_c650:/home/agilex/limo_ros2_ws/install/myarm_300:/home/agilex/limo_ros2_ws/install/mycobot_communication:/home/agilex/limo_ros2_ws/install/mecharm_pi:/home/agilex/limo_ros2_ws/install/mecharm:/home/agilex/limo_ros2_ws/install/mecharm_communication:/home/agilex/limo_ros2_ws/install/mybuddy:/home/agilex/limo_ros2_ws/install/mycobot_description:/home/agilex/krish_ws/install/object_search:/home/agilex/krish_ws/install/object_detector:/home/agilex/krish_ws/install/nav_handler:/home/agilex/krish_ws/install/mycobot_description:/opt/ros/foxy LD_LIBRARY_PATH=/home/agilex/krish_ws/install/nav_2d_msgs/lib:${LD_LIBRARY_PATH} PYTHONPATH=/home/agilex/krish_ws/install/nav_2d_msgs/lib/python3.8/site-packages:${PYTHONPATH} /usr/bin/cmake --install /home/agilex/krish_ws/build/dwb_msgs
[67.280s] -- Install configuration: ""
[67.283s] -- Execute custom install script
[67.288s] -- Symlinking: /home/agilex/krish_ws/install/dwb_msgs/share/ament_index/resource_index/rosidl_interfaces/dwb_msgs
[67.327s] -- Symlinking: /home/agilex/krish_ws/install/dwb_msgs/include/dwb_msgs/msg/critic_score.h
[67.363s] -- Symlinking: /home/agilex/krish_ws/install/dwb_msgs/include/dwb_msgs/msg/detail/critic_score__functions.h
[67.397s] -- Symlinking: /home/agilex/krish_ws/install/dwb_msgs/include/dwb_msgs/msg/detail/critic_score__struct.h
[67.432s] -- Symlinking: /home/agilex/krish_ws/install/dwb_msgs/include/dwb_msgs/msg/detail/critic_score__type_support.h
[67.466s] -- Symlinking: /home/agilex/krish_ws/install/dwb_msgs/include/dwb_msgs/msg/detail/local_plan_evaluation__functions.h
[67.497s] -- Symlinking: /home/agilex/krish_ws/install/dwb_msgs/include/dwb_msgs/msg/detail/local_plan_evaluation__struct.h
[67.531s] -- Symlinking: /home/agilex/krish_ws/install/dwb_msgs/include/dwb_msgs/msg/detail/local_plan_evaluation__type_support.h
[67.566s] -- Symlinking: /home/agilex/krish_ws/install/dwb_msgs/include/dwb_msgs/msg/detail/trajectory2_d__functions.h
[67.605s] -- Symlinking: /home/agilex/krish_ws/install/dwb_msgs/include/dwb_msgs/msg/detail/trajectory2_d__struct.h
[67.638s] -- Symlinking: /home/agilex/krish_ws/install/dwb_msgs/include/dwb_msgs/msg/detail/trajectory2_d__type_support.h
[67.680s] -- Symlinking: /home/agilex/krish_ws/install/dwb_msgs/include/dwb_msgs/msg/detail/trajectory_score__functions.h
[67.714s] -- Symlinking: /home/agilex/krish_ws/install/dwb_msgs/include/dwb_msgs/msg/detail/trajectory_score__struct.h
[67.753s] -- Symlinking: /home/agilex/krish_ws/install/dwb_msgs/include/dwb_msgs/msg/detail/trajectory_score__type_support.h
[67.786s] -- Symlinking: /home/agilex/krish_ws/install/dwb_msgs/include/dwb_msgs/msg/local_plan_evaluation.h
[67.815s] -- Symlinking: /home/agilex/krish_ws/install/dwb_msgs/include/dwb_msgs/msg/rosidl_generator_c__visibility_control.h
[67.866s] -- Symlinking: /home/agilex/krish_ws/install/dwb_msgs/include/dwb_msgs/msg/trajectory2_d.h
[67.901s] -- Symlinking: /home/agilex/krish_ws/install/dwb_msgs/include/dwb_msgs/msg/trajectory_score.h
[67.935s] -- Symlinking: /home/agilex/krish_ws/install/dwb_msgs/include/dwb_msgs/srv/debug_local_plan.h
[67.979s] -- Symlinking: /home/agilex/krish_ws/install/dwb_msgs/include/dwb_msgs/srv/detail/debug_local_plan__functions.h
[68.014s] -- Symlinking: /home/agilex/krish_ws/install/dwb_msgs/include/dwb_msgs/srv/detail/debug_local_plan__struct.h
[68.055s] -- Symlinking: /home/agilex/krish_ws/install/dwb_msgs/include/dwb_msgs/srv/detail/debug_local_plan__type_support.h
[68.088s] -- Symlinking: /home/agilex/krish_ws/install/dwb_msgs/include/dwb_msgs/srv/detail/generate_trajectory__functions.h
[68.121s] -- Symlinking: /home/agilex/krish_ws/install/dwb_msgs/include/dwb_msgs/srv/detail/generate_trajectory__struct.h
[68.160s] -- Symlinking: /home/agilex/krish_ws/install/dwb_msgs/include/dwb_msgs/srv/detail/generate_trajectory__type_support.h
[68.195s] -- Symlinking: /home/agilex/krish_ws/install/dwb_msgs/include/dwb_msgs/srv/detail/generate_twists__functions.h
[68.227s] -- Symlinking: /home/agilex/krish_ws/install/dwb_msgs/include/dwb_msgs/srv/detail/generate_twists__struct.h
[68.278s] -- Symlinking: /home/agilex/krish_ws/install/dwb_msgs/include/dwb_msgs/srv/detail/generate_twists__type_support.h
[68.317s] -- Symlinking: /home/agilex/krish_ws/install/dwb_msgs/include/dwb_msgs/srv/detail/get_critic_score__functions.h
[68.353s] -- Symlinking: /home/agilex/krish_ws/install/dwb_msgs/include/dwb_msgs/srv/detail/get_critic_score__struct.h
[68.386s] -- Symlinking: /home/agilex/krish_ws/install/dwb_msgs/include/dwb_msgs/srv/detail/get_critic_score__type_support.h
[68.419s] -- Symlinking: /home/agilex/krish_ws/install/dwb_msgs/include/dwb_msgs/srv/detail/score_trajectory__functions.h
[68.456s] -- Symlinking: /home/agilex/krish_ws/install/dwb_msgs/include/dwb_msgs/srv/detail/score_trajectory__struct.h
[68.489s] -- Symlinking: /home/agilex/krish_ws/install/dwb_msgs/include/dwb_msgs/srv/detail/score_trajectory__type_support.h
[68.526s] -- Symlinking: /home/agilex/krish_ws/install/dwb_msgs/include/dwb_msgs/srv/generate_trajectory.h
[68.560s] -- Symlinking: /home/agilex/krish_ws/install/dwb_msgs/include/dwb_msgs/srv/generate_twists.h
[68.592s] -- Symlinking: /home/agilex/krish_ws/install/dwb_msgs/include/dwb_msgs/srv/get_critic_score.h
[68.632s] -- Symlinking: /home/agilex/krish_ws/install/dwb_msgs/include/dwb_msgs/srv/score_trajectory.h
[68.664s] -- Symlinking: /home/agilex/krish_ws/install/dwb_msgs/share/dwb_msgs/environment/library_path.sh
[68.698s] -- Symlinking: /home/agilex/krish_ws/install/dwb_msgs/share/dwb_msgs/environment/library_path.dsv
[68.737s] -- Symlinking: /home/agilex/krish_ws/install/dwb_msgs/include/dwb_msgs/msg/detail/critic_score__rosidl_typesupport_fastrtps_c.h
[68.775s] -- Symlinking: /home/agilex/krish_ws/install/dwb_msgs/include/dwb_msgs/msg/detail/local_plan_evaluation__rosidl_typesupport_fastrtps_c.h
[68.809s] -- Symlinking: /home/agilex/krish_ws/install/dwb_msgs/include/dwb_msgs/msg/detail/trajectory2_d__rosidl_typesupport_fastrtps_c.h
[68.843s] -- Symlinking: /home/agilex/krish_ws/install/dwb_msgs/include/dwb_msgs/msg/detail/trajectory_score__rosidl_typesupport_fastrtps_c.h
[68.878s] -- Symlinking: /home/agilex/krish_ws/install/dwb_msgs/include/dwb_msgs/msg/rosidl_typesupport_fastrtps_c__visibility_control.h
[68.909s] -- Symlinking: /home/agilex/krish_ws/install/dwb_msgs/include/dwb_msgs/srv/detail/debug_local_plan__rosidl_typesupport_fastrtps_c.h
[68.941s] -- Symlinking: /home/agilex/krish_ws/install/dwb_msgs/include/dwb_msgs/srv/detail/generate_trajectory__rosidl_typesupport_fastrtps_c.h
[68.978s] -- Symlinking: /home/agilex/krish_ws/install/dwb_msgs/include/dwb_msgs/srv/detail/generate_twists__rosidl_typesupport_fastrtps_c.h
[69.015s] -- Symlinking: /home/agilex/krish_ws/install/dwb_msgs/include/dwb_msgs/srv/detail/get_critic_score__rosidl_typesupport_fastrtps_c.h
[69.050s] -- Symlinking: /home/agilex/krish_ws/install/dwb_msgs/include/dwb_msgs/srv/detail/score_trajectory__rosidl_typesupport_fastrtps_c.h
[69.080s] -- Symlinking: /home/agilex/krish_ws/install/dwb_msgs/lib/libdwb_msgs__rosidl_typesupport_fastrtps_c.so
[69.116s] -- Symlinking: /home/agilex/krish_ws/install/dwb_msgs/include/dwb_msgs/msg/detail/critic_score__rosidl_typesupport_fastrtps_cpp.hpp
[69.154s] -- Symlinking: /home/agilex/krish_ws/install/dwb_msgs/include/dwb_msgs/msg/detail/local_plan_evaluation__rosidl_typesupport_fastrtps_cpp.hpp
[69.187s] -- Symlinking: /home/agilex/krish_ws/install/dwb_msgs/include/dwb_msgs/msg/detail/trajectory2_d__rosidl_typesupport_fastrtps_cpp.hpp
[69.223s] -- Symlinking: /home/agilex/krish_ws/install/dwb_msgs/include/dwb_msgs/msg/detail/trajectory_score__rosidl_typesupport_fastrtps_cpp.hpp
[69.258s] -- Symlinking: /home/agilex/krish_ws/install/dwb_msgs/include/dwb_msgs/msg/rosidl_typesupport_fastrtps_cpp__visibility_control.h
[69.292s] -- Symlinking: /home/agilex/krish_ws/install/dwb_msgs/include/dwb_msgs/srv/detail/debug_local_plan__rosidl_typesupport_fastrtps_cpp.hpp
[69.324s] -- Symlinking: /home/agilex/krish_ws/install/dwb_msgs/include/dwb_msgs/srv/detail/generate_trajectory__rosidl_typesupport_fastrtps_cpp.hpp
[69.362s] -- Symlinking: /home/agilex/krish_ws/install/dwb_msgs/include/dwb_msgs/srv/detail/generate_twists__rosidl_typesupport_fastrtps_cpp.hpp
[69.394s] -- Symlinking: /home/agilex/krish_ws/install/dwb_msgs/include/dwb_msgs/srv/detail/get_critic_score__rosidl_typesupport_fastrtps_cpp.hpp
[69.428s] -- Symlinking: /home/agilex/krish_ws/install/dwb_msgs/include/dwb_msgs/srv/detail/score_trajectory__rosidl_typesupport_fastrtps_cpp.hpp
[69.461s] -- Symlinking: /home/agilex/krish_ws/install/dwb_msgs/lib/libdwb_msgs__rosidl_typesupport_fastrtps_cpp.so
[69.495s] -- Symlinking: /home/agilex/krish_ws/install/dwb_msgs/include/dwb_msgs/msg/detail/critic_score__rosidl_typesupport_introspection_c.h
[69.536s] -- Symlinking: /home/agilex/krish_ws/install/dwb_msgs/include/dwb_msgs/msg/detail/local_plan_evaluation__rosidl_typesupport_introspection_c.h
[69.574s] -- Symlinking: /home/agilex/krish_ws/install/dwb_msgs/include/dwb_msgs/msg/detail/trajectory2_d__rosidl_typesupport_introspection_c.h
[69.610s] -- Symlinking: /home/agilex/krish_ws/install/dwb_msgs/include/dwb_msgs/msg/detail/trajectory_score__rosidl_typesupport_introspection_c.h
[69.641s] -- Symlinking: /home/agilex/krish_ws/install/dwb_msgs/include/dwb_msgs/msg/rosidl_typesupport_introspection_c__visibility_control.h
[69.674s] -- Symlinking: /home/agilex/krish_ws/install/dwb_msgs/include/dwb_msgs/srv/detail/debug_local_plan__rosidl_typesupport_introspection_c.h
[69.709s] -- Symlinking: /home/agilex/krish_ws/install/dwb_msgs/include/dwb_msgs/srv/detail/generate_trajectory__rosidl_typesupport_introspection_c.h
[69.744s] -- Symlinking: /home/agilex/krish_ws/install/dwb_msgs/include/dwb_msgs/srv/detail/generate_twists__rosidl_typesupport_introspection_c.h
[69.779s] -- Symlinking: /home/agilex/krish_ws/install/dwb_msgs/include/dwb_msgs/srv/detail/get_critic_score__rosidl_typesupport_introspection_c.h
[69.809s] -- Symlinking: /home/agilex/krish_ws/install/dwb_msgs/include/dwb_msgs/srv/detail/score_trajectory__rosidl_typesupport_introspection_c.h
[69.850s] -- Symlinking: /home/agilex/krish_ws/install/dwb_msgs/include/dwb_msgs/msg/critic_score.hpp
[69.885s] -- Symlinking: /home/agilex/krish_ws/install/dwb_msgs/include/dwb_msgs/msg/detail/critic_score__builder.hpp
[69.922s] -- Symlinking: /home/agilex/krish_ws/install/dwb_msgs/include/dwb_msgs/msg/detail/critic_score__struct.hpp
[69.960s] -- Symlinking: /home/agilex/krish_ws/install/dwb_msgs/include/dwb_msgs/msg/detail/critic_score__traits.hpp
[69.989s] -- Symlinking: /home/agilex/krish_ws/install/dwb_msgs/include/dwb_msgs/msg/detail/critic_score__type_support.hpp
[70.028s] -- Symlinking: /home/agilex/krish_ws/install/dwb_msgs/include/dwb_msgs/msg/detail/local_plan_evaluation__builder.hpp
[70.066s] -- Symlinking: /home/agilex/krish_ws/install/dwb_msgs/include/dwb_msgs/msg/detail/local_plan_evaluation__struct.hpp
[70.101s] -- Symlinking: /home/agilex/krish_ws/install/dwb_msgs/include/dwb_msgs/msg/detail/local_plan_evaluation__traits.hpp
[70.133s] -- Symlinking: /home/agilex/krish_ws/install/dwb_msgs/include/dwb_msgs/msg/detail/local_plan_evaluation__type_support.hpp
[70.174s] -- Symlinking: /home/agilex/krish_ws/install/dwb_msgs/include/dwb_msgs/msg/detail/trajectory2_d__builder.hpp
[70.206s] -- Symlinking: /home/agilex/krish_ws/install/dwb_msgs/include/dwb_msgs/msg/detail/trajectory2_d__struct.hpp
[70.257s] -- Symlinking: /home/agilex/krish_ws/install/dwb_msgs/include/dwb_msgs/msg/detail/trajectory2_d__traits.hpp
[70.288s] -- Symlinking: /home/agilex/krish_ws/install/dwb_msgs/include/dwb_msgs/msg/detail/trajectory2_d__type_support.hpp
[70.323s] -- Symlinking: /home/agilex/krish_ws/install/dwb_msgs/include/dwb_msgs/msg/detail/trajectory_score__builder.hpp
[70.362s] -- Symlinking: /home/agilex/krish_ws/install/dwb_msgs/include/dwb_msgs/msg/detail/trajectory_score__struct.hpp
[70.394s] -- Symlinking: /home/agilex/krish_ws/install/dwb_msgs/include/dwb_msgs/msg/detail/trajectory_score__traits.hpp
[70.429s] -- Symlinking: /home/agilex/krish_ws/install/dwb_msgs/include/dwb_msgs/msg/detail/trajectory_score__type_support.hpp
[70.463s] -- Symlinking: /home/agilex/krish_ws/install/dwb_msgs/include/dwb_msgs/msg/local_plan_evaluation.hpp
[70.496s] -- Symlinking: /home/agilex/krish_ws/install/dwb_msgs/include/dwb_msgs/msg/rosidl_generator_cpp__visibility_control.hpp
[70.528s] -- Symlinking: /home/agilex/krish_ws/install/dwb_msgs/include/dwb_msgs/msg/trajectory2_d.hpp
[70.567s] -- Symlinking: /home/agilex/krish_ws/install/dwb_msgs/include/dwb_msgs/msg/trajectory_score.hpp
[70.599s] -- Symlinking: /home/agilex/krish_ws/install/dwb_msgs/include/dwb_msgs/srv/debug_local_plan.hpp
[70.635s] -- Symlinking: /home/agilex/krish_ws/install/dwb_msgs/include/dwb_msgs/srv/detail/debug_local_plan__builder.hpp
[70.670s] -- Symlinking: /home/agilex/krish_ws/install/dwb_msgs/include/dwb_msgs/srv/detail/debug_local_plan__struct.hpp
[70.701s] -- Symlinking: /home/agilex/krish_ws/install/dwb_msgs/include/dwb_msgs/srv/detail/debug_local_plan__traits.hpp
[70.740s] -- Symlinking: /home/agilex/krish_ws/install/dwb_msgs/include/dwb_msgs/srv/detail/debug_local_plan__type_support.hpp
[70.778s] -- Symlinking: /home/agilex/krish_ws/install/dwb_msgs/include/dwb_msgs/srv/detail/generate_trajectory__builder.hpp
[70.812s] -- Symlinking: /home/agilex/krish_ws/install/dwb_msgs/include/dwb_msgs/srv/detail/generate_trajectory__struct.hpp
[70.846s] -- Symlinking: /home/agilex/krish_ws/install/dwb_msgs/include/dwb_msgs/srv/detail/generate_trajectory__traits.hpp
[70.878s] -- Symlinking: /home/agilex/krish_ws/install/dwb_msgs/include/dwb_msgs/srv/detail/generate_trajectory__type_support.hpp
[70.911s] -- Symlinking: /home/agilex/krish_ws/install/dwb_msgs/include/dwb_msgs/srv/detail/generate_twists__builder.hpp
[70.944s] -- Symlinking: /home/agilex/krish_ws/install/dwb_msgs/include/dwb_msgs/srv/detail/generate_twists__struct.hpp
[70.981s] -- Symlinking: /home/agilex/krish_ws/install/dwb_msgs/include/dwb_msgs/srv/detail/generate_twists__traits.hpp
[71.014s] -- Symlinking: /home/agilex/krish_ws/install/dwb_msgs/include/dwb_msgs/srv/detail/generate_twists__type_support.hpp
[71.048s] -- Symlinking: /home/agilex/krish_ws/install/dwb_msgs/include/dwb_msgs/srv/detail/get_critic_score__builder.hpp
[71.081s] -- Symlinking: /home/agilex/krish_ws/install/dwb_msgs/include/dwb_msgs/srv/detail/get_critic_score__struct.hpp
[71.113s] -- Symlinking: /home/agilex/krish_ws/install/dwb_msgs/include/dwb_msgs/srv/detail/get_critic_score__traits.hpp
[71.145s] -- Symlinking: /home/agilex/krish_ws/install/dwb_msgs/include/dwb_msgs/srv/detail/get_critic_score__type_support.hpp
[71.181s] -- Symlinking: /home/agilex/krish_ws/install/dwb_msgs/include/dwb_msgs/srv/detail/score_trajectory__builder.hpp
[71.216s] -- Symlinking: /home/agilex/krish_ws/install/dwb_msgs/include/dwb_msgs/srv/detail/score_trajectory__struct.hpp
[71.251s] -- Symlinking: /home/agilex/krish_ws/install/dwb_msgs/include/dwb_msgs/srv/detail/score_trajectory__traits.hpp
[71.286s] -- Symlinking: /home/agilex/krish_ws/install/dwb_msgs/include/dwb_msgs/srv/detail/score_trajectory__type_support.hpp
[71.320s] -- Symlinking: /home/agilex/krish_ws/install/dwb_msgs/include/dwb_msgs/srv/generate_trajectory.hpp
[71.353s] -- Symlinking: /home/agilex/krish_ws/install/dwb_msgs/include/dwb_msgs/srv/generate_twists.hpp
[71.385s] -- Symlinking: /home/agilex/krish_ws/install/dwb_msgs/include/dwb_msgs/srv/get_critic_score.hpp
[71.422s] -- Symlinking: /home/agilex/krish_ws/install/dwb_msgs/include/dwb_msgs/srv/score_trajectory.hpp
[71.454s] -- Symlinking: /home/agilex/krish_ws/install/dwb_msgs/include/dwb_msgs/msg/detail/critic_score__rosidl_typesupport_introspection_cpp.hpp
[71.486s] -- Symlinking: /home/agilex/krish_ws/install/dwb_msgs/include/dwb_msgs/msg/detail/local_plan_evaluation__rosidl_typesupport_introspection_cpp.hpp
[71.524s] -- Symlinking: /home/agilex/krish_ws/install/dwb_msgs/include/dwb_msgs/msg/detail/trajectory2_d__rosidl_typesupport_introspection_cpp.hpp
[71.563s] -- Symlinking: /home/agilex/krish_ws/install/dwb_msgs/include/dwb_msgs/msg/detail/trajectory_score__rosidl_typesupport_introspection_cpp.hpp
[71.596s] -- Symlinking: /home/agilex/krish_ws/install/dwb_msgs/include/dwb_msgs/srv/detail/debug_local_plan__rosidl_typesupport_introspection_cpp.hpp
[71.633s] -- Symlinking: /home/agilex/krish_ws/install/dwb_msgs/include/dwb_msgs/srv/detail/generate_trajectory__rosidl_typesupport_introspection_cpp.hpp
[71.670s] -- Symlinking: /home/agilex/krish_ws/install/dwb_msgs/include/dwb_msgs/srv/detail/generate_twists__rosidl_typesupport_introspection_cpp.hpp
[71.719s] -- Symlinking: /home/agilex/krish_ws/install/dwb_msgs/include/dwb_msgs/srv/detail/get_critic_score__rosidl_typesupport_introspection_cpp.hpp
[71.756s] -- Symlinking: /home/agilex/krish_ws/install/dwb_msgs/include/dwb_msgs/srv/detail/score_trajectory__rosidl_typesupport_introspection_cpp.hpp
[71.790s] -- Symlinking: /home/agilex/krish_ws/install/dwb_msgs/share/dwb_msgs/environment/pythonpath.sh
[71.822s] -- Symlinking: /home/agilex/krish_ws/install/dwb_msgs/share/dwb_msgs/environment/pythonpath.dsv
[71.855s] -- Symlinking: /home/agilex/krish_ws/install/dwb_msgs/lib/python3.8/site-packages/dwb_msgs/__init__.py
[71.889s] -- Symlinking: /home/agilex/krish_ws/install/dwb_msgs/lib/python3.8/site-packages/dwb_msgs/msg/__init__.py
[71.923s] -- Symlinking: /home/agilex/krish_ws/install/dwb_msgs/lib/python3.8/site-packages/dwb_msgs/msg/_critic_score.py
[71.956s] -- Symlinking: /home/agilex/krish_ws/install/dwb_msgs/lib/python3.8/site-packages/dwb_msgs/msg/_local_plan_evaluation.py
[71.990s] -- Symlinking: /home/agilex/krish_ws/install/dwb_msgs/lib/python3.8/site-packages/dwb_msgs/msg/_trajectory2_d.py
[72.027s] -- Symlinking: /home/agilex/krish_ws/install/dwb_msgs/lib/python3.8/site-packages/dwb_msgs/msg/_trajectory_score.py
[72.061s] -- Symlinking: /home/agilex/krish_ws/install/dwb_msgs/lib/python3.8/site-packages/dwb_msgs/srv/__init__.py
[72.093s] -- Symlinking: /home/agilex/krish_ws/install/dwb_msgs/lib/python3.8/site-packages/dwb_msgs/srv/_debug_local_plan.py
[72.134s] -- Symlinking: /home/agilex/krish_ws/install/dwb_msgs/lib/python3.8/site-packages/dwb_msgs/srv/_generate_trajectory.py
[72.164s] -- Symlinking: /home/agilex/krish_ws/install/dwb_msgs/lib/python3.8/site-packages/dwb_msgs/srv/_generate_twists.py
[72.200s] -- Symlinking: /home/agilex/krish_ws/install/dwb_msgs/lib/python3.8/site-packages/dwb_msgs/srv/_get_critic_score.py
[72.237s] -- Symlinking: /home/agilex/krish_ws/install/dwb_msgs/lib/python3.8/site-packages/dwb_msgs/srv/_score_trajectory.py
[72.268s] -- Symlinking: /home/agilex/krish_ws/install/dwb_msgs/lib/python3.8/site-packages/dwb_msgs/dwb_msgs_s__rosidl_typesupport_fastrtps_c.cpython-38-aarch64-linux-gnu.so
[72.303s] -- Symlinking: /home/agilex/krish_ws/install/dwb_msgs/lib/python3.8/site-packages/dwb_msgs/dwb_msgs_s__rosidl_typesupport_introspection_c.cpython-38-aarch64-linux-gnu.so
[72.337s] -- Symlinking: /home/agilex/krish_ws/install/dwb_msgs/lib/python3.8/site-packages/dwb_msgs/dwb_msgs_s__rosidl_typesupport_c.cpython-38-aarch64-linux-gnu.so
[72.372s] -- Symlinking: /home/agilex/krish_ws/install/dwb_msgs/lib/libdwb_msgs__python.so
[72.402s] -- Symlinking: /home/agilex/krish_ws/install/dwb_msgs/share/dwb_msgs/msg/CriticScore.idl
[72.450s] -- Symlinking: /home/agilex/krish_ws/install/dwb_msgs/share/dwb_msgs/msg/LocalPlanEvaluation.idl
[72.482s] -- Symlinking: /home/agilex/krish_ws/install/dwb_msgs/share/dwb_msgs/msg/Trajectory2D.idl
[72.513s] -- Symlinking: /home/agilex/krish_ws/install/dwb_msgs/share/dwb_msgs/msg/TrajectoryScore.idl
[72.547s] -- Symlinking: /home/agilex/krish_ws/install/dwb_msgs/share/dwb_msgs/srv/DebugLocalPlan.idl
[72.582s] -- Symlinking: /home/agilex/krish_ws/install/dwb_msgs/share/dwb_msgs/srv/GenerateTrajectory.idl
[72.614s] -- Symlinking: /home/agilex/krish_ws/install/dwb_msgs/share/dwb_msgs/srv/GenerateTwists.idl
[72.648s] -- Symlinking: /home/agilex/krish_ws/install/dwb_msgs/share/dwb_msgs/srv/GetCriticScore.idl
[72.681s] -- Symlinking: /home/agilex/krish_ws/install/dwb_msgs/share/dwb_msgs/srv/ScoreTrajectory.idl
[72.713s] -- Symlinking: /home/agilex/krish_ws/install/dwb_msgs/share/dwb_msgs/msg/CriticScore.msg
[72.752s] -- Symlinking: /home/agilex/krish_ws/install/dwb_msgs/share/dwb_msgs/msg/LocalPlanEvaluation.msg
[72.792s] -- Symlinking: /home/agilex/krish_ws/install/dwb_msgs/share/dwb_msgs/msg/Trajectory2D.msg
[72.825s] -- Symlinking: /home/agilex/krish_ws/install/dwb_msgs/share/dwb_msgs/msg/TrajectoryScore.msg
[72.866s] -- Symlinking: /home/agilex/krish_ws/install/dwb_msgs/share/dwb_msgs/srv/DebugLocalPlan.srv
[72.899s] -- Symlinking: /home/agilex/krish_ws/install/dwb_msgs/share/dwb_msgs/srv/DebugLocalPlan_Request.msg
[72.934s] -- Symlinking: /home/agilex/krish_ws/install/dwb_msgs/share/dwb_msgs/srv/DebugLocalPlan_Response.msg
[72.968s] -- Symlinking: /home/agilex/krish_ws/install/dwb_msgs/share/dwb_msgs/srv/GenerateTrajectory.srv
[73.004s] -- Symlinking: /home/agilex/krish_ws/install/dwb_msgs/share/dwb_msgs/srv/GenerateTrajectory_Request.msg
[73.044s] -- Symlinking: /home/agilex/krish_ws/install/dwb_msgs/share/dwb_msgs/srv/GenerateTrajectory_Response.msg
[73.076s] -- Symlinking: /home/agilex/krish_ws/install/dwb_msgs/share/dwb_msgs/srv/GenerateTwists.srv
[73.119s] -- Symlinking: /home/agilex/krish_ws/install/dwb_msgs/share/dwb_msgs/srv/GenerateTwists_Request.msg
[73.152s] -- Symlinking: /home/agilex/krish_ws/install/dwb_msgs/share/dwb_msgs/srv/GenerateTwists_Response.msg
[73.184s] -- Symlinking: /home/agilex/krish_ws/install/dwb_msgs/share/dwb_msgs/srv/GetCriticScore.srv
[73.216s] -- Symlinking: /home/agilex/krish_ws/install/dwb_msgs/share/dwb_msgs/srv/GetCriticScore_Request.msg
[73.249s] -- Symlinking: /home/agilex/krish_ws/install/dwb_msgs/share/dwb_msgs/srv/GetCriticScore_Response.msg
[73.288s] -- Symlinking: /home/agilex/krish_ws/install/dwb_msgs/share/dwb_msgs/srv/ScoreTrajectory.srv
[73.317s] -- Symlinking: /home/agilex/krish_ws/install/dwb_msgs/share/dwb_msgs/srv/ScoreTrajectory_Request.msg
[73.352s] -- Symlinking: /home/agilex/krish_ws/install/dwb_msgs/share/dwb_msgs/srv/ScoreTrajectory_Response.msg
[73.391s] -- Symlinking: /home/agilex/krish_ws/install/dwb_msgs/share/ament_index/resource_index/package_run_dependencies/dwb_msgs
[73.424s] -- Symlinking: /home/agilex/krish_ws/install/dwb_msgs/share/ament_index/resource_index/parent_prefix_path/dwb_msgs
[73.465s] -- Symlinking: /home/agilex/krish_ws/install/dwb_msgs/share/dwb_msgs/environment/ament_prefix_path.sh
[73.499s] -- Symlinking: /home/agilex/krish_ws/install/dwb_msgs/share/dwb_msgs/environment/ament_prefix_path.dsv
[73.538s] -- Symlinking: /home/agilex/krish_ws/install/dwb_msgs/share/dwb_msgs/environment/path.sh
[73.574s] -- Symlinking: /home/agilex/krish_ws/install/dwb_msgs/share/dwb_msgs/environment/path.dsv
[73.607s] -- Symlinking: /home/agilex/krish_ws/install/dwb_msgs/share/dwb_msgs/local_setup.bash
[73.642s] -- Symlinking: /home/agilex/krish_ws/install/dwb_msgs/share/dwb_msgs/local_setup.sh
[73.679s] -- Symlinking: /home/agilex/krish_ws/install/dwb_msgs/share/dwb_msgs/local_setup.zsh
[73.713s] -- Symlinking: /home/agilex/krish_ws/install/dwb_msgs/share/dwb_msgs/local_setup.dsv
[73.747s] -- Symlinking: /home/agilex/krish_ws/install/dwb_msgs/share/dwb_msgs/package.dsv
[73.781s] -- Symlinking: /home/agilex/krish_ws/install/dwb_msgs/share/ament_index/resource_index/packages/dwb_msgs
[73.814s] -- Symlinking: /home/agilex/krish_ws/install/dwb_msgs/share/dwb_msgs/cmake/rosidl_cmake-extras.cmake
[73.845s] -- Symlinking: /home/agilex/krish_ws/install/dwb_msgs/share/dwb_msgs/cmake/ament_cmake_export_dependencies-extras.cmake
[73.884s] -- Symlinking: /home/agilex/krish_ws/install/dwb_msgs/share/dwb_msgs/cmake/ament_cmake_export_libraries-extras.cmake
[73.919s] -- Symlinking: /home/agilex/krish_ws/install/dwb_msgs/share/dwb_msgs/cmake/ament_cmake_export_targets-extras.cmake
[73.954s] -- Symlinking: /home/agilex/krish_ws/install/dwb_msgs/share/dwb_msgs/cmake/ament_cmake_export_include_directories-extras.cmake
[73.986s] -- Symlinking: /home/agilex/krish_ws/install/dwb_msgs/share/dwb_msgs/cmake/rosidl_cmake_export_typesupport_libraries-extras.cmake
[74.020s] -- Symlinking: /home/agilex/krish_ws/install/dwb_msgs/share/dwb_msgs/cmake/rosidl_cmake_export_typesupport_targets-extras.cmake
[74.059s] -- Symlinking: /home/agilex/krish_ws/install/dwb_msgs/share/dwb_msgs/cmake/dwb_msgsConfig.cmake
[74.091s] -- Symlinking: /home/agilex/krish_ws/install/dwb_msgs/share/dwb_msgs/cmake/dwb_msgsConfig-version.cmake
[74.129s] -- Symlinking: /home/agilex/krish_ws/install/dwb_msgs/share/dwb_msgs/package.xml
[74.167s] -- Installing: /home/agilex/krish_ws/install/dwb_msgs/lib/libdwb_msgs__rosidl_generator_c.so
[74.168s] -- Set runtime path of "/home/agilex/krish_ws/install/dwb_msgs/lib/libdwb_msgs__rosidl_generator_c.so" to ""
[74.168s] -- Installing: /home/agilex/krish_ws/install/dwb_msgs/lib/libdwb_msgs__rosidl_typesupport_introspection_c.so
[74.169s] -- Set runtime path of "/home/agilex/krish_ws/install/dwb_msgs/lib/libdwb_msgs__rosidl_typesupport_introspection_c.so" to ""
[74.169s] -- Installing: /home/agilex/krish_ws/install/dwb_msgs/lib/libdwb_msgs__rosidl_typesupport_c.so
[74.170s] -- Set runtime path of "/home/agilex/krish_ws/install/dwb_msgs/lib/libdwb_msgs__rosidl_typesupport_c.so" to ""
[74.170s] -- Installing: /home/agilex/krish_ws/install/dwb_msgs/lib/libdwb_msgs__rosidl_typesupport_introspection_cpp.so
[74.171s] -- Set runtime path of "/home/agilex/krish_ws/install/dwb_msgs/lib/libdwb_msgs__rosidl_typesupport_introspection_cpp.so" to ""
[74.172s] -- Installing: /home/agilex/krish_ws/install/dwb_msgs/lib/libdwb_msgs__rosidl_typesupport_cpp.so
[74.181s] -- Set runtime path of "/home/agilex/krish_ws/install/dwb_msgs/lib/libdwb_msgs__rosidl_typesupport_cpp.so" to ""
[74.311s] Compiling '/home/agilex/krish_ws/install/dwb_msgs/lib/python3.8/site-packages/dwb_msgs/__init__.py'...
[74.326s] -- Installing: /home/agilex/krish_ws/install/dwb_msgs/share/dwb_msgs/cmake/dwb_msgs__rosidl_generator_cExport.cmake
[74.326s] -- Installing: /home/agilex/krish_ws/install/dwb_msgs/share/dwb_msgs/cmake/dwb_msgs__rosidl_generator_cExport-noconfig.cmake
[74.327s] -- Installing: /home/agilex/krish_ws/install/dwb_msgs/share/dwb_msgs/cmake/dwb_msgs__rosidl_typesupport_introspection_cExport.cmake
[74.327s] -- Installing: /home/agilex/krish_ws/install/dwb_msgs/share/dwb_msgs/cmake/dwb_msgs__rosidl_typesupport_introspection_cExport-noconfig.cmake
[74.328s] -- Installing: /home/agilex/krish_ws/install/dwb_msgs/share/dwb_msgs/cmake/dwb_msgs__rosidl_typesupport_cExport.cmake
[74.328s] -- Installing: /home/agilex/krish_ws/install/dwb_msgs/share/dwb_msgs/cmake/dwb_msgs__rosidl_typesupport_cExport-noconfig.cmake
[74.328s] -- Installing: /home/agilex/krish_ws/install/dwb_msgs/share/dwb_msgs/cmake/dwb_msgs__rosidl_generator_cppExport.cmake
[74.331s] -- Installing: /home/agilex/krish_ws/install/dwb_msgs/share/dwb_msgs/cmake/dwb_msgs__rosidl_typesupport_introspection_cppExport.cmake
[74.332s] -- Installing: /home/agilex/krish_ws/install/dwb_msgs/share/dwb_msgs/cmake/dwb_msgs__rosidl_typesupport_introspection_cppExport-noconfig.cmake
[74.332s] -- Installing: /home/agilex/krish_ws/install/dwb_msgs/share/dwb_msgs/cmake/dwb_msgs__rosidl_typesupport_cppExport.cmake
[74.332s] -- Installing: /home/agilex/krish_ws/install/dwb_msgs/share/dwb_msgs/cmake/dwb_msgs__rosidl_typesupport_cppExport-noconfig.cmake
[74.336s] Invoked command in '/home/agilex/krish_ws/build/dwb_msgs' returned '0': AMENT_PREFIX_PATH=/home/agilex/krish_ws/install/nav_2d_msgs:${AMENT_PREFIX_PATH} CMAKE_PREFIX_PATH=/home/agilex/krish_ws/install/nav_2d_msgs:/home/agilex/krish_ws/install/vision_msgs_rviz_plugins:/home/agilex/krish_ws/install/vision_msgs:/home/agilex/limo_ros2_ws/install/ydlidar_sdk:/home/agilex/limo_ros2_ws/install/ydlidar_ros2_driver:/home/agilex/limo_ros2_ws/install/tf_test:/home/agilex/limo_ros2_ws/install/teb_local_planner:/home/agilex/limo_ros2_ws/install/teb_msgs:/home/agilex/limo_ros2_ws/install/nav2_system_tests:/home/agilex/limo_ros2_ws/install/nav2_bringup:/home/agilex/limo_ros2_ws/install/navigation2:/home/agilex/limo_ros2_ws/install/smac_planner:/home/agilex/limo_ros2_ws/install/rf2o_laser_odometry:/home/agilex/limo_ros2_ws/install/orbbec_description:/home/agilex/limo_ros2_ws/install/orbbec_camera:/home/agilex/limo_ros2_ws/install/orbbec_camera_msgs:/home/agilex/limo_ros2_ws/install/nav2_dwb_controller:/home/agilex/limo_ros2_ws/install/nav2_controller:/home/agilex/limo_ros2_ws/install/dwb_plugins:/home/agilex/limo_ros2_ws/install/dwb_critics:/home/agilex/limo_ros2_ws/install/dwb_core:/home/agilex/limo_ros2_ws/install/nav_2d_utils:/home/agilex/limo_ros2_ws/install/dwb_msgs:/home/agilex/limo_ros2_ws/install/nav_2d_msgs:/home/agilex/limo_ros2_ws/install/nav2_waypoint_follower:/home/agilex/limo_ros2_ws/install/nav2_regulated_pure_pursuit_controller:/home/agilex/limo_ros2_ws/install/nav2_recoveries:/home/agilex/limo_ros2_ws/install/nav2_planner:/home/agilex/limo_ros2_ws/install/nav2_navfn_planner:/home/agilex/limo_ros2_ws/install/nav2_core:/home/agilex/limo_ros2_ws/install/costmap_queue:/home/agilex/limo_ros2_ws/install/costmap_converter:/home/agilex/limo_ros2_ws/install/nav2_costmap_2d:/home/agilex/limo_ros2_ws/install/nav2_voxel_grid:/home/agilex/limo_ros2_ws/install/nav2_rviz_plugins:/home/agilex/limo_ros2_ws/install/nav2_map_server:/home/agilex/limo_ros2_ws/install/nav2_lifecycle_manager:/home/agilex/limo_ros2_ws/install/nav2_bt_navigator:/home/agilex/limo_ros2_ws/install/nav2_behavior_tree:/home/agilex/limo_ros2_ws/install/nav2_amcl:/home/agilex/limo_ros2_ws/install/nav2_util:/home/agilex/limo_ros2_ws/install/nav2_msgs:/home/agilex/limo_ros2_ws/install/nav2_common:/home/agilex/limo_ros2_ws/install/mypalletizer_interfaces:/home/agilex/limo_ros2_ws/install/mycobot_interfaces:/home/agilex/limo_ros2_ws/install/mecharm_interfaces:/home/agilex/limo_ros2_ws/install/limo_visions:/home/agilex/limo_ros2_ws/install/limo_bringup:/home/agilex/limo_ros2_ws/install/limo_base:/home/agilex/limo_ros2_ws/install/limo_msgs:/home/agilex/limo_ros2_ws/install/limo_description:/home/agilex/limo_ros2_ws/install/costmap_converter_msgs:/home/agilex/krish_ws/install/system_launcher:/home/agilex/krish_ws/install/mycobot_arm:/home/agilex/limo_ros2_ws/install/ultraarm:/home/agilex/limo_ros2_ws/install/nav2_gazebo_spawner:/home/agilex/limo_ros2_ws/install/mypalletizer_260_pi:/home/agilex/limo_ros2_ws/install/mypalletizer_260:/home/agilex/limo_ros2_ws/install/mypalletizer_communication:/home/agilex/limo_ros2_ws/install/mycobot_630:/home/agilex/limo_ros2_ws/install/mycobot_600:/home/agilex/limo_ros2_ws/install/mycobot_320pi:/home/agilex/limo_ros2_ws/install/mycobot_320:/home/agilex/limo_ros2_ws/install/mycobot_280pi:/home/agilex/limo_ros2_ws/install/mycobot_280jn:/home/agilex/limo_ros2_ws/install/mycobot_280_x3pi:/home/agilex/limo_ros2_ws/install/mycobot_280:/home/agilex/limo_ros2_ws/install/myarm_m750:/home/agilex/limo_ros2_ws/install/myarm_c650:/home/agilex/limo_ros2_ws/install/myarm_300:/home/agilex/limo_ros2_ws/install/mycobot_communication:/home/agilex/limo_ros2_ws/install/mecharm_pi:/home/agilex/limo_ros2_ws/install/mecharm:/home/agilex/limo_ros2_ws/install/mecharm_communication:/home/agilex/limo_ros2_ws/install/mybuddy:/home/agilex/limo_ros2_ws/install/mycobot_description:/home/agilex/krish_ws/install/object_search:/home/agilex/krish_ws/install/object_detector:/home/agilex/krish_ws/install/nav_handler:/home/agilex/krish_ws/install/mycobot_description:/opt/ros/foxy LD_LIBRARY_PATH=/home/agilex/krish_ws/install/nav_2d_msgs/lib:${LD_LIBRARY_PATH} PYTHONPATH=/home/agilex/krish_ws/install/nav_2d_msgs/lib/python3.8/site-packages:${PYTHONPATH} /usr/bin/cmake --install /home/agilex/krish_ws/build/dwb_msgs
