[12.118s] Invoking command in '/home/agilex/krish_ws/build/object_detector': PYTHONPATH=/home/agilex/krish_ws/build/object_detector/prefix_override:/home/agilex/krish_ws/install/object_detector/lib/python3.8/site-packages:${PYTHONPATH} /usr/bin/python3 setup.py develop --editable --build-directory /home/agilex/krish_ws/build/object_detector/build --no-deps install_data
[12.556s] /home/agilex/.local/lib/python3.8/site-packages/setuptools/dist.py:476: SetuptoolsDeprecationWarning: Invalid dash-separated options
[12.556s] !!
[12.556s] 
[12.556s]         ********************************************************************************
[12.557s]         Usage of dash-separated 'script-dir' will not be supported in future
[12.557s]         versions. Please use the underscore name 'script_dir' instead.
[12.557s] 
[12.557s]         This deprecation is overdue, please update your project and remove deprecated
[12.557s]         calls to avoid build errors in the future.
[12.557s] 
[12.558s]         See https://setuptools.pypa.io/en/latest/userguide/declarative_config.html for details.
[12.558s]         ********************************************************************************
[12.558s] 
[12.558s] !!
[12.559s]   opt = self.warn_dash_deprecation(opt, section)
[13.116s] running develop
[13.117s] /home/agilex/.local/lib/python3.8/site-packages/setuptools/command/develop.py:40: EasyInstallDeprecationWarning: easy_install command is deprecated.
[13.117s] !!
[13.117s] 
[13.117s]         ********************************************************************************
[13.117s]         Please avoid running ``setup.py`` and ``easy_install``.
[13.118s]         Instead, use pypa/build, pypa/installer or other
[13.118s]         standards-based tools.
[13.118s] 
[13.118s]         See https://github.com/pypa/setuptools/issues/917 for details.
[13.118s]         ********************************************************************************
[13.118s] 
[13.118s] !!
[13.118s]   easy_install.initialize_options(self)
[13.220s] /home/agilex/.local/lib/python3.8/site-packages/setuptools/_distutils/cmd.py:66: SetuptoolsDeprecationWarning: setup.py install is deprecated.
[13.221s] !!
[13.221s] 
[13.221s]         ********************************************************************************
[13.221s]         Please avoid running ``setup.py`` directly.
[13.221s]         Instead, use pypa/build, pypa/installer or other
[13.221s]         standards-based tools.
[13.222s] 
[13.222s]         See https://blog.ganssle.io/articles/2021/10/setup-py-deprecated.html for details.
[13.222s]         ********************************************************************************
[13.222s] 
[13.223s] !!
[13.223s]   self.initialize_options()
[13.769s] running egg_info
[13.818s] writing object_detector.egg-info/PKG-INFO
[13.819s] writing dependency_links to object_detector.egg-info/dependency_links.txt
[13.820s] writing entry points to object_detector.egg-info/entry_points.txt
[13.823s] writing requirements to object_detector.egg-info/requires.txt
[13.823s] writing top-level names to object_detector.egg-info/top_level.txt
[13.923s] reading manifest file 'object_detector.egg-info/SOURCES.txt'
[13.927s] writing manifest file 'object_detector.egg-info/SOURCES.txt'
[14.107s] running build_ext
[14.114s] Creating /home/agilex/krish_ws/install/object_detector/lib/python3.8/site-packages/object-detector.egg-link (link to .)
[14.115s] Installing yolo_detector script to /home/agilex/krish_ws/install/object_detector/lib/object_detector
[14.116s] 
[14.121s] Installed /home/agilex/krish_ws/build/object_detector
[14.122s] running install_data
[14.122s] copying resource/object_detector -> /home/agilex/krish_ws/install/object_detector/share/ament_index/resource_index/packages
[14.122s] copying package.xml -> /home/agilex/krish_ws/install/object_detector/share/object_detector
[20.481s] Invoked command in '/home/agilex/krish_ws/build/object_detector' returned '0': PYTHONPATH=/home/agilex/krish_ws/build/object_detector/prefix_override:/home/agilex/krish_ws/install/object_detector/lib/python3.8/site-packages:${PYTHONPATH} /usr/bin/python3 setup.py develop --editable --build-directory /home/agilex/krish_ws/build/object_detector/build --no-deps install_data
