[11.893s] Invoking command in '/home/agilex/krish_ws/src/system_launcher': PYTHONPATH=/home/agilex/krish_ws/build/system_launcher/prefix_override:/home/agilex/krish_ws/install/system_launcher/lib/python3.8/site-packages:${PYTHONPATH} /usr/bin/python3 setup.py egg_info --egg-base ../../build/system_launcher build --build-base /home/agilex/krish_ws/build/system_launcher/build install --record /home/agilex/krish_ws/build/system_launcher/install.log --install-scripts $base/lib/system_launcher --single-version-externally-managed
[12.320s] /home/agilex/.local/lib/python3.8/site-packages/setuptools/dist.py:476: SetuptoolsDeprecationWarning: Invalid dash-separated options
[12.320s] !!
[12.320s] 
[12.321s]         ********************************************************************************
[12.321s]         Usage of dash-separated 'script-dir' will not be supported in future
[12.321s]         versions. Please use the underscore name 'script_dir' instead.
[12.321s] 
[12.321s]         This deprecation is overdue, please update your project and remove deprecated
[12.321s]         calls to avoid build errors in the future.
[12.321s] 
[12.321s]         See https://setuptools.pypa.io/en/latest/userguide/declarative_config.html for details.
[12.322s]         ********************************************************************************
[12.322s] 
[12.322s] !!
[12.322s]   opt = self.warn_dash_deprecation(opt, section)
[12.599s] running egg_info
[12.646s] writing ../../build/system_launcher/system_launcher.egg-info/PKG-INFO
[12.647s] writing dependency_links to ../../build/system_launcher/system_launcher.egg-info/dependency_links.txt
[12.648s] writing requirements to ../../build/system_launcher/system_launcher.egg-info/requires.txt
[12.648s] writing top-level names to ../../build/system_launcher/system_launcher.egg-info/top_level.txt
[13.031s] reading manifest file '../../build/system_launcher/system_launcher.egg-info/SOURCES.txt'
[13.033s] writing manifest file '../../build/system_launcher/system_launcher.egg-info/SOURCES.txt'
[13.033s] running build
[13.034s] running build_py
[13.034s] copying system_launcher/__init__.py -> /home/agilex/krish_ws/build/system_launcher/build/lib/system_launcher
[13.035s] running install
[13.035s] /home/agilex/.local/lib/python3.8/site-packages/setuptools/_distutils/cmd.py:66: SetuptoolsDeprecationWarning: setup.py install is deprecated.
[13.036s] !!
[13.036s] 
[13.036s]         ********************************************************************************
[13.036s]         Please avoid running ``setup.py`` directly.
[13.036s]         Instead, use pypa/build, pypa/installer or other
[13.036s]         standards-based tools.
[13.036s] 
[13.037s]         See https://blog.ganssle.io/articles/2021/10/setup-py-deprecated.html for details.
[13.037s]         ********************************************************************************
[13.037s] 
[13.037s] !!
[13.037s]   self.initialize_options()
[13.048s] running install_lib
[13.093s] running install_data
[13.140s] copying resource/system_launcher -> /home/agilex/krish_ws/install/system_launcher/share/ament_index/resource_index/packages
[13.140s] copying package.xml -> /home/agilex/krish_ws/install/system_launcher/share/system_launcher
[13.141s] running install_egg_info
[13.187s] removing '/home/agilex/krish_ws/install/system_launcher/lib/python3.8/site-packages/system_launcher-0.0.0-py3.8.egg-info' (and everything under it)
[13.188s] Copying ../../build/system_launcher/system_launcher.egg-info to /home/agilex/krish_ws/install/system_launcher/lib/python3.8/site-packages/system_launcher-0.0.0-py3.8.egg-info
[13.191s] running install_scripts
[13.320s] writing list of installed files to '/home/agilex/krish_ws/build/system_launcher/install.log'
[15.131s] Invoked command in '/home/agilex/krish_ws/src/system_launcher' returned '0': PYTHONPATH=/home/agilex/krish_ws/build/system_launcher/prefix_override:/home/agilex/krish_ws/install/system_launcher/lib/python3.8/site-packages:${PYTHONPATH} /usr/bin/python3 setup.py egg_info --egg-base ../../build/system_launcher build --build-base /home/agilex/krish_ws/build/system_launcher/build install --record /home/agilex/krish_ws/build/system_launcher/install.log --install-scripts $base/lib/system_launcher --single-version-externally-managed
