[5.799s] Invoking command in '/home/agilex/krish_ws/src/nav_handler': PYTHONPATH=/home/agilex/krish_ws/build/nav_handler/prefix_override:/home/agilex/krish_ws/install/nav_handler/lib/python3.8/site-packages:${PYTHONPATH} /usr/bin/python3 setup.py egg_info --egg-base ../../build/nav_handler build --build-base /home/agilex/krish_ws/build/nav_handler/build install --record /home/agilex/krish_ws/build/nav_handler/install.log --install-scripts $base/lib/nav_handler --single-version-externally-managed
[6.270s] /home/agilex/.local/lib/python3.8/site-packages/setuptools/dist.py:476: SetuptoolsDeprecationWarning: Invalid dash-separated options
[6.270s] !!
[6.270s] 
[6.270s]         ********************************************************************************
[6.270s]         Usage of dash-separated 'script-dir' will not be supported in future
[6.271s]         versions. Please use the underscore name 'script_dir' instead.
[6.271s] 
[6.271s]         This deprecation is overdue, please update your project and remove deprecated
[6.271s]         calls to avoid build errors in the future.
[6.271s] 
[6.271s]         See https://setuptools.pypa.io/en/latest/userguide/declarative_config.html for details.
[6.271s]         ********************************************************************************
[6.271s] 
[6.272s] !!
[6.272s]   opt = self.warn_dash_deprecation(opt, section)
[6.607s] running egg_info
[6.661s] writing ../../build/nav_handler/nav_handler.egg-info/PKG-INFO
[6.663s] writing dependency_links to ../../build/nav_handler/nav_handler.egg-info/dependency_links.txt
[6.663s] writing entry points to ../../build/nav_handler/nav_handler.egg-info/entry_points.txt
[6.664s] writing requirements to ../../build/nav_handler/nav_handler.egg-info/requires.txt
[6.665s] writing top-level names to ../../build/nav_handler/nav_handler.egg-info/top_level.txt
[7.088s] reading manifest file '../../build/nav_handler/nav_handler.egg-info/SOURCES.txt'
[7.091s] writing manifest file '../../build/nav_handler/nav_handler.egg-info/SOURCES.txt'
[7.091s] running build
[7.091s] running build_py
[7.093s] copying nav_handler/__init__.py -> /home/agilex/krish_ws/build/nav_handler/build/lib/nav_handler
[7.093s] copying nav_handler/manual_object_nav_test.py -> /home/agilex/krish_ws/build/nav_handler/build/lib/nav_handler
[7.094s] copying nav_handler/pose_setter.py -> /home/agilex/krish_ws/build/nav_handler/build/lib/nav_handler
[7.094s] copying nav_handler/nav_handler.py -> /home/agilex/krish_ws/build/nav_handler/build/lib/nav_handler
[7.095s] running install
[7.096s] /home/agilex/.local/lib/python3.8/site-packages/setuptools/_distutils/cmd.py:66: SetuptoolsDeprecationWarning: setup.py install is deprecated.
[7.096s] !!
[7.096s] 
[7.096s]         ********************************************************************************
[7.096s]         Please avoid running ``setup.py`` directly.
[7.097s]         Instead, use pypa/build, pypa/installer or other
[7.097s]         standards-based tools.
[7.097s] 
[7.097s]         See https://blog.ganssle.io/articles/2021/10/setup-py-deprecated.html for details.
[7.097s]         ********************************************************************************
[7.097s] 
[7.097s] !!
[7.097s]   self.initialize_options()
[7.109s] running install_lib
[7.154s] copying /home/agilex/krish_ws/build/nav_handler/build/lib/nav_handler/manual_object_nav_test.py -> /home/agilex/krish_ws/install/nav_handler/lib/python3.8/site-packages/nav_handler
[7.157s] byte-compiling /home/agilex/krish_ws/install/nav_handler/lib/python3.8/site-packages/nav_handler/manual_object_nav_test.py to manual_object_nav_test.cpython-38.pyc
[7.159s] running install_data
[7.205s] copying resource/nav_handler -> /home/agilex/krish_ws/install/nav_handler/share/ament_index/resource_index/packages
[7.206s] copying package.xml -> /home/agilex/krish_ws/install/nav_handler/share/nav_handler
[7.207s] running install_egg_info
[7.254s] removing '/home/agilex/krish_ws/install/nav_handler/lib/python3.8/site-packages/nav_handler-0.0.0-py3.8.egg-info' (and everything under it)
[7.255s] Copying ../../build/nav_handler/nav_handler.egg-info to /home/agilex/krish_ws/install/nav_handler/lib/python3.8/site-packages/nav_handler-0.0.0-py3.8.egg-info
[7.258s] running install_scripts
[7.375s] Installing nav_handler script to /home/agilex/krish_ws/install/nav_handler/lib/nav_handler
[7.375s] Installing pose_setter script to /home/agilex/krish_ws/install/nav_handler/lib/nav_handler
[7.377s] Installing test script to /home/agilex/krish_ws/install/nav_handler/lib/nav_handler
[7.377s] writing list of installed files to '/home/agilex/krish_ws/build/nav_handler/install.log'
[7.472s] Invoked command in '/home/agilex/krish_ws/src/nav_handler' returned '0': PYTHONPATH=/home/agilex/krish_ws/build/nav_handler/prefix_override:/home/agilex/krish_ws/install/nav_handler/lib/python3.8/site-packages:${PYTHONPATH} /usr/bin/python3 setup.py egg_info --egg-base ../../build/nav_handler build --build-base /home/agilex/krish_ws/build/nav_handler/build install --record /home/agilex/krish_ws/build/nav_handler/install.log --install-scripts $base/lib/nav_handler --single-version-externally-managed
