[11.112s] Invoking command in '/home/agilex/krish_ws/src/object_detector': PYTHONPATH=/home/agilex/krish_ws/build/object_detector/prefix_override:/home/agilex/krish_ws/install/object_detector/lib/python3.8/site-packages:${PYTHONPATH} /usr/bin/python3 setup.py egg_info --egg-base ../../build/object_detector build --build-base /home/agilex/krish_ws/build/object_detector/build install --record /home/agilex/krish_ws/build/object_detector/install.log --install-scripts $base/lib/object_detector --single-version-externally-managed
[11.671s] /home/agilex/.local/lib/python3.8/site-packages/setuptools/dist.py:476: SetuptoolsDeprecationWarning: Invalid dash-separated options
[11.671s] !!
[11.672s] 
[11.673s]         ********************************************************************************
[11.673s]         Usage of dash-separated 'script-dir' will not be supported in future
[11.674s]         versions. Please use the underscore name 'script_dir' instead.
[11.674s] 
[11.674s]         This deprecation is overdue, please update your project and remove deprecated
[11.674s]         calls to avoid build errors in the future.
[11.675s] 
[11.675s]         See https://setuptools.pypa.io/en/latest/userguide/declarative_config.html for details.
[11.675s]         ********************************************************************************
[11.675s] 
[11.675s] !!
[11.676s]   opt = self.warn_dash_deprecation(opt, section)
[11.974s] running egg_info
[12.050s] writing ../../build/object_detector/object_detector.egg-info/PKG-INFO
[12.052s] writing dependency_links to ../../build/object_detector/object_detector.egg-info/dependency_links.txt
[12.052s] writing entry points to ../../build/object_detector/object_detector.egg-info/entry_points.txt
[12.053s] writing requirements to ../../build/object_detector/object_detector.egg-info/requires.txt
[12.053s] writing top-level names to ../../build/object_detector/object_detector.egg-info/top_level.txt
[12.882s] reading manifest file '../../build/object_detector/object_detector.egg-info/SOURCES.txt'
[12.886s] writing manifest file '../../build/object_detector/object_detector.egg-info/SOURCES.txt'
[12.916s] running build
[12.916s] running build_py
[12.917s] copying object_detector/__init__.py -> /home/agilex/krish_ws/build/object_detector/build/lib/object_detector
[12.918s] copying object_detector/object_detector.py -> /home/agilex/krish_ws/build/object_detector/build/lib/object_detector
[12.919s] copying object_detector/test.py -> /home/agilex/krish_ws/build/object_detector/build/lib/object_detector
[12.925s] copying object_detector/object_detector copy.py -> /home/agilex/krish_ws/build/object_detector/build/lib/object_detector
[12.931s] running install
[12.935s] /home/agilex/.local/lib/python3.8/site-packages/setuptools/_distutils/cmd.py:66: SetuptoolsDeprecationWarning: setup.py install is deprecated.
[12.935s] !!
[12.936s] 
[12.936s]         ********************************************************************************
[12.936s]         Please avoid running ``setup.py`` directly.
[12.936s]         Instead, use pypa/build, pypa/installer or other
[12.936s]         standards-based tools.
[12.936s] 
[12.936s]         See https://blog.ganssle.io/articles/2021/10/setup-py-deprecated.html for details.
[12.937s]         ********************************************************************************
[12.937s] 
[12.937s] !!
[12.937s]   self.initialize_options()
[12.976s] running install_lib
[13.069s] copying /home/agilex/krish_ws/build/object_detector/build/lib/object_detector/object_detector.py -> /home/agilex/krish_ws/install/object_detector/lib/python3.8/site-packages/object_detector
[13.072s] byte-compiling /home/agilex/krish_ws/install/object_detector/lib/python3.8/site-packages/object_detector/object_detector.py to object_detector.cpython-38.pyc
[13.077s] running install_data
[13.126s] copying resource/object_detector -> /home/agilex/krish_ws/install/object_detector/share/ament_index/resource_index/packages
[13.126s] copying package.xml -> /home/agilex/krish_ws/install/object_detector/share/object_detector
[13.128s] running install_egg_info
[13.179s] removing '/home/agilex/krish_ws/install/object_detector/lib/python3.8/site-packages/object_detector-0.0.0-py3.8.egg-info' (and everything under it)
[13.179s] Copying ../../build/object_detector/object_detector.egg-info to /home/agilex/krish_ws/install/object_detector/lib/python3.8/site-packages/object_detector-0.0.0-py3.8.egg-info
[13.181s] running install_scripts
[13.296s] Installing test script to /home/agilex/krish_ws/install/object_detector/lib/object_detector
[13.299s] Installing yolo_detector script to /home/agilex/krish_ws/install/object_detector/lib/object_detector
[13.300s] writing list of installed files to '/home/agilex/krish_ws/build/object_detector/install.log'
[13.395s] Invoked command in '/home/agilex/krish_ws/src/object_detector' returned '0': PYTHONPATH=/home/agilex/krish_ws/build/object_detector/prefix_override:/home/agilex/krish_ws/install/object_detector/lib/python3.8/site-packages:${PYTHONPATH} /usr/bin/python3 setup.py egg_info --egg-base ../../build/object_detector build --build-base /home/agilex/krish_ws/build/object_detector/build install --record /home/agilex/krish_ws/build/object_detector/install.log --install-scripts $base/lib/object_detector --single-version-externally-managed
