[5.683s] Invoking command in '/home/agilex/krish_ws/src/object_detector': PYTHONPATH=/home/agilex/krish_ws/build/object_detector/prefix_override:/home/agilex/krish_ws/install/object_detector/lib/python3.8/site-packages:${PYTHONPATH} /usr/bin/python3 setup.py egg_info --egg-base ../../build/object_detector build --build-base /home/agilex/krish_ws/build/object_detector/build install --record /home/agilex/krish_ws/build/object_detector/install.log --install-scripts $base/lib/object_detector --single-version-externally-managed
[6.079s] /home/agilex/.local/lib/python3.8/site-packages/setuptools/dist.py:476: SetuptoolsDeprecationWarning: Invalid dash-separated options
[6.079s] !!
[6.079s] 
[6.079s]         ********************************************************************************
[6.079s]         Usage of dash-separated 'script-dir' will not be supported in future
[6.079s]         versions. Please use the underscore name 'script_dir' instead.
[6.080s] 
[6.080s]         This deprecation is overdue, please update your project and remove deprecated
[6.080s]         calls to avoid build errors in the future.
[6.080s] 
[6.080s]         See https://setuptools.pypa.io/en/latest/userguide/declarative_config.html for details.
[6.080s]         ********************************************************************************
[6.080s] 
[6.080s] !!
[6.081s]   opt = self.warn_dash_deprecation(opt, section)
[6.359s] running egg_info
[6.405s] writing ../../build/object_detector/object_detector.egg-info/PKG-INFO
[6.407s] writing dependency_links to ../../build/object_detector/object_detector.egg-info/dependency_links.txt
[6.409s] writing entry points to ../../build/object_detector/object_detector.egg-info/entry_points.txt
[6.409s] writing requirements to ../../build/object_detector/object_detector.egg-info/requires.txt
[6.409s] writing top-level names to ../../build/object_detector/object_detector.egg-info/top_level.txt
[6.766s] reading manifest file '../../build/object_detector/object_detector.egg-info/SOURCES.txt'
[6.768s] writing manifest file '../../build/object_detector/object_detector.egg-info/SOURCES.txt'
[6.768s] running build
[6.768s] running build_py
[6.769s] copying object_detector/__init__.py -> /home/agilex/krish_ws/build/object_detector/build/lib/object_detector
[6.769s] copying object_detector/object_detector.py -> /home/agilex/krish_ws/build/object_detector/build/lib/object_detector
[6.769s] copying object_detector/test.py -> /home/agilex/krish_ws/build/object_detector/build/lib/object_detector
[6.770s] running install
[6.771s] /home/agilex/.local/lib/python3.8/site-packages/setuptools/_distutils/cmd.py:66: SetuptoolsDeprecationWarning: setup.py install is deprecated.
[6.771s] !!
[6.771s] 
[6.772s]         ********************************************************************************
[6.772s]         Please avoid running ``setup.py`` directly.
[6.772s]         Instead, use pypa/build, pypa/installer or other
[6.772s]         standards-based tools.
[6.773s] 
[6.773s]         See https://blog.ganssle.io/articles/2021/10/setup-py-deprecated.html for details.
[6.773s]         ********************************************************************************
[6.773s] 
[6.773s] !!
[6.774s]   self.initialize_options()
[6.783s] running install_lib
[6.829s] copying /home/agilex/krish_ws/build/object_detector/build/lib/object_detector/object_detector.py -> /home/agilex/krish_ws/install/object_detector/lib/python3.8/site-packages/object_detector
[6.831s] byte-compiling /home/agilex/krish_ws/install/object_detector/lib/python3.8/site-packages/object_detector/object_detector.py to object_detector.cpython-38.pyc
[6.835s] running install_data
[6.881s] copying resource/object_detector -> /home/agilex/krish_ws/install/object_detector/share/ament_index/resource_index/packages
[6.881s] copying package.xml -> /home/agilex/krish_ws/install/object_detector/share/object_detector
[6.882s] running install_egg_info
[6.930s] removing '/home/agilex/krish_ws/install/object_detector/lib/python3.8/site-packages/object_detector-0.0.0-py3.8.egg-info' (and everything under it)
[6.930s] Copying ../../build/object_detector/object_detector.egg-info to /home/agilex/krish_ws/install/object_detector/lib/python3.8/site-packages/object_detector-0.0.0-py3.8.egg-info
[6.932s] running install_scripts
[7.044s] Installing test script to /home/agilex/krish_ws/install/object_detector/lib/object_detector
[7.045s] Installing yolo_detector script to /home/agilex/krish_ws/install/object_detector/lib/object_detector
[7.046s] writing list of installed files to '/home/agilex/krish_ws/build/object_detector/install.log'
[7.138s] Invoked command in '/home/agilex/krish_ws/src/object_detector' returned '0': PYTHONPATH=/home/agilex/krish_ws/build/object_detector/prefix_override:/home/agilex/krish_ws/install/object_detector/lib/python3.8/site-packages:${PYTHONPATH} /usr/bin/python3 setup.py egg_info --egg-base ../../build/object_detector build --build-base /home/agilex/krish_ws/build/object_detector/build install --record /home/agilex/krish_ws/build/object_detector/install.log --install-scripts $base/lib/object_detector --single-version-externally-managed
