[16.941s] Invoking command in '/home/agilex/krish_ws/src/mycobot_arm': PYTHONPATH=/home/agilex/krish_ws/build/mycobot_arm/prefix_override:/home/agilex/krish_ws/install/mycobot_arm/lib/python3.8/site-packages:${PYTHONPATH} /usr/bin/python3 setup.py egg_info --egg-base ../../build/mycobot_arm build --build-base /home/agilex/krish_ws/build/mycobot_arm/build install --record /home/agilex/krish_ws/build/mycobot_arm/install.log --install-scripts $base/lib/mycobot_arm --single-version-externally-managed
[17.388s] /home/agilex/.local/lib/python3.8/site-packages/setuptools/dist.py:476: SetuptoolsDeprecationWarning: Invalid dash-separated options
[17.389s] !!
[17.389s] 
[17.389s]         ********************************************************************************
[17.389s]         Usage of dash-separated 'script-dir' will not be supported in future
[17.389s]         versions. Please use the underscore name 'script_dir' instead.
[17.389s] 
[17.389s]         This deprecation is overdue, please update your project and remove deprecated
[17.390s]         calls to avoid build errors in the future.
[17.390s] 
[17.390s]         See https://setuptools.pypa.io/en/latest/userguide/declarative_config.html for details.
[17.390s]         ********************************************************************************
[17.390s] 
[17.390s] !!
[17.390s]   opt = self.warn_dash_deprecation(opt, section)
[17.683s] running egg_info
[17.730s] writing ../../build/mycobot_arm/mycobot_arm.egg-info/PKG-INFO
[17.732s] writing dependency_links to ../../build/mycobot_arm/mycobot_arm.egg-info/dependency_links.txt
[17.733s] writing entry points to ../../build/mycobot_arm/mycobot_arm.egg-info/entry_points.txt
[17.734s] writing requirements to ../../build/mycobot_arm/mycobot_arm.egg-info/requires.txt
[17.734s] writing top-level names to ../../build/mycobot_arm/mycobot_arm.egg-info/top_level.txt
[18.105s] reading manifest file '../../build/mycobot_arm/mycobot_arm.egg-info/SOURCES.txt'
[18.108s] writing manifest file '../../build/mycobot_arm/mycobot_arm.egg-info/SOURCES.txt'
[18.109s] running build
[18.109s] running build_py
[18.109s] copying mycobot_arm/drop_node.py -> /home/agilex/krish_ws/build/mycobot_arm/build/lib/mycobot_arm
[18.109s] copying mycobot_arm/__init__.py -> /home/agilex/krish_ws/build/mycobot_arm/build/lib/mycobot_arm
[18.110s] copying mycobot_arm/pick_node.py -> /home/agilex/krish_ws/build/mycobot_arm/build/lib/mycobot_arm
[18.110s] running install
[18.111s] /home/agilex/.local/lib/python3.8/site-packages/setuptools/_distutils/cmd.py:66: SetuptoolsDeprecationWarning: setup.py install is deprecated.
[18.111s] !!
[18.112s] 
[18.112s]         ********************************************************************************
[18.112s]         Please avoid running ``setup.py`` directly.
[18.112s]         Instead, use pypa/build, pypa/installer or other
[18.112s]         standards-based tools.
[18.112s] 
[18.112s]         See https://blog.ganssle.io/articles/2021/10/setup-py-deprecated.html for details.
[18.113s]         ********************************************************************************
[18.113s] 
[18.113s] !!
[18.113s]   self.initialize_options()
[18.123s] running install_lib
[18.171s] running install_data
[18.219s] copying resource/mycobot_arm -> /home/agilex/krish_ws/install/mycobot_arm/share/ament_index/resource_index/packages
[18.219s] copying package.xml -> /home/agilex/krish_ws/install/mycobot_arm/share/mycobot_arm
[18.219s] running install_egg_info
[18.270s] removing '/home/agilex/krish_ws/install/mycobot_arm/lib/python3.8/site-packages/mycobot_arm-0.0.0-py3.8.egg-info' (and everything under it)
[18.271s] Copying ../../build/mycobot_arm/mycobot_arm.egg-info to /home/agilex/krish_ws/install/mycobot_arm/lib/python3.8/site-packages/mycobot_arm-0.0.0-py3.8.egg-info
[18.274s] running install_scripts
[18.397s] Installing drop_node script to /home/agilex/krish_ws/install/mycobot_arm/lib/mycobot_arm
[18.398s] Installing pick_node script to /home/agilex/krish_ws/install/mycobot_arm/lib/mycobot_arm
[18.398s] writing list of installed files to '/home/agilex/krish_ws/build/mycobot_arm/install.log'
[18.508s] Invoked command in '/home/agilex/krish_ws/src/mycobot_arm' returned '0': PYTHONPATH=/home/agilex/krish_ws/build/mycobot_arm/prefix_override:/home/agilex/krish_ws/install/mycobot_arm/lib/python3.8/site-packages:${PYTHONPATH} /usr/bin/python3 setup.py egg_info --egg-base ../../build/mycobot_arm build --build-base /home/agilex/krish_ws/build/mycobot_arm/build install --record /home/agilex/krish_ws/build/mycobot_arm/install.log --install-scripts $base/lib/mycobot_arm --single-version-externally-managed
