-- The C compiler identification is GNU 9.4.0
-- The CXX compiler identification is GNU 9.4.0
-- Check for working C compiler: /usr/bin/cc
-- Check for working C compiler: /usr/bin/cc -- works
-- Detecting C compiler ABI info
-- Detecting C compiler ABI info - done
-- Detecting C compile features
-- Detecting C compile features - done
-- Check for working CXX compiler: /usr/bin/c++
-- Check for working CXX compiler: /usr/bin/c++ -- works
-- Detecting CXX compiler ABI info
-- Detecting CXX compiler ABI info - done
-- Detecting CXX compile features
-- Detecting CXX compile features - done
-- Found yaml_cpp_vendor: 7.0.3 (/opt/ros/foxy/share/yaml_cpp_vendor/cmake)
-- Setting yaml-cpp_DIR to: '/opt/ros/foxy/share/yaml_cpp_vendor/cmake/../../../opt/yaml_cpp_vendor/lib/cmake/yaml-cpp'
-- Found ament_cmake: 0.9.12 (/opt/ros/foxy/share/ament_cmake/cmake)
-- Found PythonInterp: /usr/bin/python3 (found suitable version "3.8.10", minimum required is "3") 
-- Using PYTHON_EXECUTABLE: /usr/bin/python3
-- Found rcpputils: 1.3.2 (/opt/ros/foxy/share/rcpputils/cmake)
-- Found rclcpp: 2.4.3 (/opt/ros/foxy/share/rclcpp/cmake)
-- Using all available rosidl_typesupport_c: rosidl_typesupport_fastrtps_c;rosidl_typesupport_introspection_c
-- Found rosidl_adapter: 1.3.1 (/opt/ros/foxy/share/rosidl_adapter/cmake)
-- Found OpenSSL: /usr/lib/aarch64-linux-gnu/libcrypto.so (found version "1.1.1f")  
-- Found FastRTPS: /opt/ros/foxy/include  
-- Using all available rosidl_typesupport_cpp: rosidl_typesupport_fastrtps_cpp;rosidl_typesupport_introspection_cpp
-- Found rmw_implementation_cmake: 1.0.4 (/opt/ros/foxy/share/rmw_implementation_cmake/cmake)
-- Using RMW implementation 'rmw_cyclonedds_cpp' as default
-- Looking for pthread.h
-- Looking for pthread.h - found
-- Performing Test CMAKE_HAVE_LIBC_PTHREAD
-- Performing Test CMAKE_HAVE_LIBC_PTHREAD - Failed
-- Looking for pthread_create in pthreads
-- Looking for pthread_create in pthreads - not found
-- Looking for pthread_create in pthread
-- Looking for pthread_create in pthread - found
-- Found Threads: TRUE  
-- Found rclpy: 1.0.13 (/opt/ros/foxy/share/rclpy/cmake)
-- Found pluginlib: 2.5.4 (/opt/ros/foxy/share/pluginlib/cmake)
-- Found rviz_common: 8.2.8 (/opt/ros/foxy/share/rviz_common/cmake)
-- Setting OGRE_DIR to: '/opt/ros/foxy/share/rviz_ogre_vendor/cmake/../../../opt/rviz_ogre_vendor/lib/OGRE/cmake'
-- Found OGRE
--   static     : OFF
--   components : HLMS;MeshLodGenerator;Overlay;Paging;Property;RTShaderSystem;Terrain;Volume
--   plugins    : Plugin_BSPSceneManager;Plugin_OctreeSceneManager;Plugin_PCZSceneManager;Plugin_ParticleFX;RenderSystem_GL;RenderSystem_GL3Plus;Codec_STBI
--   media      : /opt/ros/foxy/opt/rviz_ogre_vendor/share/OGRE/Media
-- OGRE_LIBRARIES: OgreHLMS;OgreMeshLodGenerator;OgreOverlay;OgrePaging;OgreProperty;OgreRTShaderSystem;OgreTerrain;OgreVolume;OgreMain
-- OGRE_LIBRARY_DIRS: /opt/ros/foxy/opt/rviz_ogre_vendor/lib
-- OGRE_PLUGINS: Plugin_BSPSceneManager;Plugin_OctreeSceneManager;Plugin_PCZSceneManager;Plugin_ParticleFX;RenderSystem_GL;RenderSystem_GL3Plus;Codec_STBI
-- OGRE_PLUGIN_DIR: /opt/ros/foxy/opt/rviz_ogre_vendor/lib/OGRE
-- rviz_ogre_vendor::OgreOverlay for IMPORTED_LOCATION_RELEASE: /opt/ros/foxy/opt/rviz_ogre_vendor/lib/libOgreOverlay.so
-- rviz_ogre_vendor::OgreOverlay for IMPORTED_LOCATION_DEBUG: /opt/ros/foxy/opt/rviz_ogre_vendor/lib/libOgreOverlay.so
-- rviz_ogre_vendor::OgreMain for IMPORTED_LOCATION_RELEASE: /opt/ros/foxy/opt/rviz_ogre_vendor/lib/libOgreMain.so
-- rviz_ogre_vendor::OgreMain for IMPORTED_LOCATION_DEBUG: /opt/ros/foxy/opt/rviz_ogre_vendor/lib/libOgreMain.so
-- Found ZLIB: /usr/lib/aarch64-linux-gnu/libz.so (found version "1.2.11") 
-- Found OpenGL: /usr/lib/aarch64-linux-gnu/libOpenGL.so   
-- Found X11: /usr/include   
-- Looking for XOpenDisplay in /usr/lib/aarch64-linux-gnu/libX11.so;/usr/lib/aarch64-linux-gnu/libXext.so
-- Looking for XOpenDisplay in /usr/lib/aarch64-linux-gnu/libX11.so;/usr/lib/aarch64-linux-gnu/libXext.so - found
-- Looking for gethostbyname
-- Looking for gethostbyname - found
-- Looking for connect
-- Looking for connect - found
-- Looking for remove
-- Looking for remove - found
-- Looking for shmat
-- Looking for shmat - found
-- Looking for IceConnectionNumber in ICE
-- Looking for IceConnectionNumber in ICE - found
-- rviz_ogre_vendor::RenderSystem_GL for IMPORTED_LOCATION_RELEASE: _render_system_gl_static_library_abs-NOTFOUND
-- rviz_ogre_vendor::RenderSystem_GL for IMPORTED_LOCATION_DEBUG: _render_system_gl_static_library_abs-NOTFOUND
-- library: libassimp.so.5
-- library: /usr/lib/aarch64-linux-gnu/libcurl.so
-- Found Eigen3: TRUE (found version "3.3.7") 
-- Found rviz_default_plugins: 8.2.8 (/opt/ros/foxy/share/rviz_default_plugins/cmake)
-- Found vision_msgs: 2.0.0 (/home/agilex/krish_ws/install/vision_msgs/share/vision_msgs/cmake)
-- Found ament_lint_auto: 0.9.8 (/opt/ros/foxy/share/ament_lint_auto/cmake)
-- Added test 'copyright' to check source files copyright and LICENSE
-- Added test 'cppcheck' to perform static code analysis on C / C++ code
-- Configured cppcheck include dirs: $<BUILD_INTERFACE:/home/agilex/krish_ws/src/vision_msgs/vision_msgs_rviz_plugins/include>
-- Configured cppcheck exclude dirs and/or files: 
-- Added test 'cpplint' to check C / C++ code against the Google style
-- Configured cpplint exclude dirs and/or files: 
-- Added test 'flake8' to check Python code syntax and style conventions
-- Added test 'lint_cmake' to check CMake code style
-- Added test 'pep257' to check Python code against some of the style conventions in PEP 257
-- Added test 'uncrustify' to check C / C++ code style
-- Configured uncrustify additional arguments: 
-- Added test 'xmllint' to check XML markup files
-- Configuring done
-- Generating done
-- Build files have been written to: /home/agilex/krish_ws/build/vision_msgs_rviz_plugins
[35m[1mScanning dependencies of target vision_msgs_rviz_plugins_autogen[0m
[  6%] [34m[1mAutomatic MOC for target vision_msgs_rviz_plugins[0m
[  6%] Built target vision_msgs_rviz_plugins_autogen
[ 33%] [34m[1mGenerating include/vision_msgs_rviz_plugins/moc_detection_3d_array.cpp[0m
[ 33%] [34m[1mGenerating include/vision_msgs_rviz_plugins/moc_bounding_box_3d_array.cpp[0m
[ 33%] [34m[1mGenerating include/vision_msgs_rviz_plugins/moc_bounding_box_3d.cpp[0m
[ 33%] [34m[1mGenerating include/vision_msgs_rviz_plugins/moc_detection_3d.cpp[0m
[35m[1mScanning dependencies of target vision_msgs_rviz_plugins[0m
[ 40%] [32mBuilding CXX object CMakeFiles/vision_msgs_rviz_plugins.dir/vision_msgs_rviz_plugins_autogen/mocs_compilation.cpp.o[0m
[ 66%] [32mBuilding CXX object CMakeFiles/vision_msgs_rviz_plugins.dir/include/vision_msgs_rviz_plugins/moc_detection_3d.cpp.o[0m
[ 66%] [32mBuilding CXX object CMakeFiles/vision_msgs_rviz_plugins.dir/include/vision_msgs_rviz_plugins/moc_bounding_box_3d_array.cpp.o[0m
[ 66%] [32mBuilding CXX object CMakeFiles/vision_msgs_rviz_plugins.dir/include/vision_msgs_rviz_plugins/moc_detection_3d_array.cpp.o[0m
[ 66%] [32mBuilding CXX object CMakeFiles/vision_msgs_rviz_plugins.dir/include/vision_msgs_rviz_plugins/moc_bounding_box_3d.cpp.o[0m
[ 73%] [32mBuilding CXX object CMakeFiles/vision_msgs_rviz_plugins.dir/src/detection_3d_array.cpp.o[0m
[ 80%] [32mBuilding CXX object CMakeFiles/vision_msgs_rviz_plugins.dir/src/detection_3d.cpp.o[0m
[ 86%] [32mBuilding CXX object CMakeFiles/vision_msgs_rviz_plugins.dir/src/bounding_box_3d.cpp.o[0m
[ 93%] [32mBuilding CXX object CMakeFiles/vision_msgs_rviz_plugins.dir/src/bounding_box_3d_array.cpp.o[0m
[100%] [32m[1mLinking CXX shared library libvision_msgs_rviz_plugins.so[0m
[100%] Built target vision_msgs_rviz_plugins
-- Install configuration: ""
-- Installing: /home/agilex/krish_ws/install/vision_msgs_rviz_plugins/share/vision_msgs_rviz_plugins/plugins_description.xml
-- Installing: /home/agilex/krish_ws/install/vision_msgs_rviz_plugins/share/vision_msgs_rviz_plugins/environment/library_path.sh
-- Installing: /home/agilex/krish_ws/install/vision_msgs_rviz_plugins/share/vision_msgs_rviz_plugins/environment/library_path.dsv
-- Installing: /home/agilex/krish_ws/install/vision_msgs_rviz_plugins/lib/libvision_msgs_rviz_plugins.so
-- Set runtime path of "/home/agilex/krish_ws/install/vision_msgs_rviz_plugins/lib/libvision_msgs_rviz_plugins.so" to ""
-- Installing: /home/agilex/krish_ws/install/vision_msgs_rviz_plugins/include/vision_msgs_rviz_plugins
-- Installing: /home/agilex/krish_ws/install/vision_msgs_rviz_plugins/include/vision_msgs_rviz_plugins/vision_msgs_rviz_plugins
-- Installing: /home/agilex/krish_ws/install/vision_msgs_rviz_plugins/include/vision_msgs_rviz_plugins/vision_msgs_rviz_plugins/bounding_box_3d_array.hpp
-- Installing: /home/agilex/krish_ws/install/vision_msgs_rviz_plugins/include/vision_msgs_rviz_plugins/vision_msgs_rviz_plugins/detection_3d_array.hpp
-- Installing: /home/agilex/krish_ws/install/vision_msgs_rviz_plugins/include/vision_msgs_rviz_plugins/vision_msgs_rviz_plugins/detection_3d_common.hpp
-- Installing: /home/agilex/krish_ws/install/vision_msgs_rviz_plugins/include/vision_msgs_rviz_plugins/vision_msgs_rviz_plugins/detection_3d.hpp
-- Installing: /home/agilex/krish_ws/install/vision_msgs_rviz_plugins/include/vision_msgs_rviz_plugins/vision_msgs_rviz_plugins/visibility_control.hpp
-- Installing: /home/agilex/krish_ws/install/vision_msgs_rviz_plugins/include/vision_msgs_rviz_plugins/vision_msgs_rviz_plugins/bounding_box_3d.hpp
-- Installing: /home/agilex/krish_ws/install/vision_msgs_rviz_plugins/include/vision_msgs_rviz_plugins/vision_msgs_rviz_plugins/bounding_box_3d_common.hpp
-- Installing: /home/agilex/krish_ws/install/vision_msgs_rviz_plugins/share/vision_msgs_rviz_plugins/launch
-- Installing: /home/agilex/krish_ws/install/vision_msgs_rviz_plugins/share/vision_msgs_rviz_plugins/launch/test_all.launch.py
-- Installing: /home/agilex/krish_ws/install/vision_msgs_rviz_plugins/share/vision_msgs_rviz_plugins/conf
-- Installing: /home/agilex/krish_ws/install/vision_msgs_rviz_plugins/share/vision_msgs_rviz_plugins/conf/example.yaml
-- Installing: /home/agilex/krish_ws/install/vision_msgs_rviz_plugins/share/vision_msgs_rviz_plugins/conf/conf.rviz
-- Installing: /home/agilex/krish_ws/install/vision_msgs_rviz_plugins/share/vision_msgs_rviz_plugins/icons
-- Installing: /home/agilex/krish_ws/install/vision_msgs_rviz_plugins/share/vision_msgs_rviz_plugins/icons/classes
-- Installing: /home/agilex/krish_ws/install/vision_msgs_rviz_plugins/share/vision_msgs_rviz_plugins/icons/classes/BoundingBox3DArray.png
-- Installing: /home/agilex/krish_ws/install/vision_msgs_rviz_plugins/share/vision_msgs_rviz_plugins/icons/classes/Detection3D.png
-- Installing: /home/agilex/krish_ws/install/vision_msgs_rviz_plugins/share/vision_msgs_rviz_plugins/icons/classes/BoundingBox3D.png
-- Installing: /home/agilex/krish_ws/install/vision_msgs_rviz_plugins/share/vision_msgs_rviz_plugins/icons/classes/Detection3DArray.png
-- Installing: /home/agilex/krish_ws/install/vision_msgs_rviz_plugins/lib/vision_msgs_rviz_plugins/Detection3DArray.py
-- Installing: /home/agilex/krish_ws/install/vision_msgs_rviz_plugins/lib/vision_msgs_rviz_plugins/Detection3D.py
-- Installing: /home/agilex/krish_ws/install/vision_msgs_rviz_plugins/lib/vision_msgs_rviz_plugins/BoundingBox3D.py
-- Installing: /home/agilex/krish_ws/install/vision_msgs_rviz_plugins/lib/vision_msgs_rviz_plugins/BoundingBox3DArray.py
-- Installing: /home/agilex/krish_ws/install/vision_msgs_rviz_plugins/share/ament_index/resource_index/package_run_dependencies/vision_msgs_rviz_plugins
-- Installing: /home/agilex/krish_ws/install/vision_msgs_rviz_plugins/share/ament_index/resource_index/parent_prefix_path/vision_msgs_rviz_plugins
-- Installing: /home/agilex/krish_ws/install/vision_msgs_rviz_plugins/share/vision_msgs_rviz_plugins/environment/ament_prefix_path.sh
-- Installing: /home/agilex/krish_ws/install/vision_msgs_rviz_plugins/share/vision_msgs_rviz_plugins/environment/ament_prefix_path.dsv
-- Installing: /home/agilex/krish_ws/install/vision_msgs_rviz_plugins/share/vision_msgs_rviz_plugins/environment/path.sh
-- Installing: /home/agilex/krish_ws/install/vision_msgs_rviz_plugins/share/vision_msgs_rviz_plugins/environment/path.dsv
-- Installing: /home/agilex/krish_ws/install/vision_msgs_rviz_plugins/share/vision_msgs_rviz_plugins/local_setup.bash
-- Installing: /home/agilex/krish_ws/install/vision_msgs_rviz_plugins/share/vision_msgs_rviz_plugins/local_setup.sh
-- Installing: /home/agilex/krish_ws/install/vision_msgs_rviz_plugins/share/vision_msgs_rviz_plugins/local_setup.zsh
-- Installing: /home/agilex/krish_ws/install/vision_msgs_rviz_plugins/share/vision_msgs_rviz_plugins/local_setup.dsv
-- Installing: /home/agilex/krish_ws/install/vision_msgs_rviz_plugins/share/vision_msgs_rviz_plugins/package.dsv
-- Installing: /home/agilex/krish_ws/install/vision_msgs_rviz_plugins/share/ament_index/resource_index/packages/vision_msgs_rviz_plugins
-- Installing: /home/agilex/krish_ws/install/vision_msgs_rviz_plugins/share/ament_index/resource_index/rviz_common__pluginlib__plugin/vision_msgs_rviz_plugins
-- Installing: /home/agilex/krish_ws/install/vision_msgs_rviz_plugins/share/vision_msgs_rviz_plugins/cmake/vision_msgs_rviz_pluginsExport.cmake
-- Installing: /home/agilex/krish_ws/install/vision_msgs_rviz_plugins/share/vision_msgs_rviz_plugins/cmake/vision_msgs_rviz_pluginsExport-noconfig.cmake
-- Installing: /home/agilex/krish_ws/install/vision_msgs_rviz_plugins/share/vision_msgs_rviz_plugins/cmake/ament_cmake_export_include_directories-extras.cmake
-- Installing: /home/agilex/krish_ws/install/vision_msgs_rviz_plugins/share/vision_msgs_rviz_plugins/cmake/ament_cmake_export_targets-extras.cmake
-- Installing: /home/agilex/krish_ws/install/vision_msgs_rviz_plugins/share/vision_msgs_rviz_plugins/cmake/ament_cmake_export_dependencies-extras.cmake
-- Installing: /home/agilex/krish_ws/install/vision_msgs_rviz_plugins/share/vision_msgs_rviz_plugins/cmake/vision_msgs_rviz_pluginsConfig.cmake
-- Installing: /home/agilex/krish_ws/install/vision_msgs_rviz_plugins/share/vision_msgs_rviz_plugins/cmake/vision_msgs_rviz_pluginsConfig-version.cmake
-- Installing: /home/agilex/krish_ws/install/vision_msgs_rviz_plugins/share/vision_msgs_rviz_plugins/package.xml
