[17.686s] Invoking command in '/home/agilex/krish_ws/src/my_launch_pkg': PYTHONPATH=/home/agilex/krish_ws/build/my_launch_pkg/prefix_override:/home/agilex/krish_ws/install/my_launch_pkg/lib/python3.8/site-packages:${PYTHONPATH} /usr/bin/python3 setup.py egg_info --egg-base ../../build/my_launch_pkg build --build-base /home/agilex/krish_ws/build/my_launch_pkg/build install --record /home/agilex/krish_ws/build/my_launch_pkg/install.log --install-scripts $base/lib/my_launch_pkg --single-version-externally-managed
[18.245s] /home/agilex/.local/lib/python3.8/site-packages/setuptools/dist.py:476: SetuptoolsDeprecationWarning: Invalid dash-separated options
[18.246s] !!
[18.246s] 
[18.246s]         ********************************************************************************
[18.246s]         Usage of dash-separated 'script-dir' will not be supported in future
[18.247s]         versions. Please use the underscore name 'script_dir' instead.
[18.247s] 
[18.247s]         This deprecation is overdue, please update your project and remove deprecated
[18.247s]         calls to avoid build errors in the future.
[18.247s] 
[18.248s]         See https://setuptools.pypa.io/en/latest/userguide/declarative_config.html for details.
[18.248s]         ********************************************************************************
[18.248s] 
[18.248s] !!
[18.249s]   opt = self.warn_dash_deprecation(opt, section)
[18.747s] running egg_info
[18.799s] writing ../../build/my_launch_pkg/my_launch_pkg.egg-info/PKG-INFO
[18.800s] writing dependency_links to ../../build/my_launch_pkg/my_launch_pkg.egg-info/dependency_links.txt
[18.801s] writing requirements to ../../build/my_launch_pkg/my_launch_pkg.egg-info/requires.txt
[18.801s] writing top-level names to ../../build/my_launch_pkg/my_launch_pkg.egg-info/top_level.txt
[19.315s] reading manifest file '../../build/my_launch_pkg/my_launch_pkg.egg-info/SOURCES.txt'
[19.318s] writing manifest file '../../build/my_launch_pkg/my_launch_pkg.egg-info/SOURCES.txt'
[19.318s] running build
[19.319s] running build_py
[19.320s] copying my_launch_pkg/__init__.py -> /home/agilex/krish_ws/build/my_launch_pkg/build/lib/my_launch_pkg
[19.320s] /home/agilex/.local/lib/python3.8/site-packages/setuptools/_distutils/cmd.py:66: SetuptoolsDeprecationWarning: setup.py install is deprecated.
[19.320s] !!
[19.320s] 
[19.321s]         ********************************************************************************
[19.321s]         Please avoid running ``setup.py`` directly.
[19.321s]         Instead, use pypa/build, pypa/installer or other
[19.321s]         standards-based tools.
[19.321s] 
[19.321s]         See https://blog.ganssle.io/articles/2021/10/setup-py-deprecated.html for details.
[19.321s]         ********************************************************************************
[19.321s] 
[19.321s] !!
[19.322s]   self.initialize_options()
[19.322s] running install
[19.344s] running install_lib
[19.390s] running install_data
[19.441s] copying resource/my_launch_pkg -> /home/agilex/krish_ws/install/my_launch_pkg/share/ament_index/resource_index/packages
[19.442s] copying package.xml -> /home/agilex/krish_ws/install/my_launch_pkg/share/my_launch_pkg
[19.442s] copying launch/full_system.launch.py -> /home/agilex/krish_ws/install/my_launch_pkg/share/my_launch_pkg/launch
[19.442s] running install_egg_info
[19.495s] removing '/home/agilex/krish_ws/install/my_launch_pkg/lib/python3.8/site-packages/my_launch_pkg-0.0.0-py3.8.egg-info' (and everything under it)
[19.495s] Copying ../../build/my_launch_pkg/my_launch_pkg.egg-info to /home/agilex/krish_ws/install/my_launch_pkg/lib/python3.8/site-packages/my_launch_pkg-0.0.0-py3.8.egg-info
[19.495s] running install_scripts
[19.610s] writing list of installed files to '/home/agilex/krish_ws/build/my_launch_pkg/install.log'
[23.558s] Invoked command in '/home/agilex/krish_ws/src/my_launch_pkg' returned '0': PYTHONPATH=/home/agilex/krish_ws/build/my_launch_pkg/prefix_override:/home/agilex/krish_ws/install/my_launch_pkg/lib/python3.8/site-packages:${PYTHONPATH} /usr/bin/python3 setup.py egg_info --egg-base ../../build/my_launch_pkg build --build-base /home/agilex/krish_ws/build/my_launch_pkg/build install --record /home/agilex/krish_ws/build/my_launch_pkg/install.log --install-scripts $base/lib/my_launch_pkg --single-version-externally-managed
