[8.456s] Invoking command in '/home/agilex/krish_ws/build/nav_2d_msgs': CMAKE_PREFIX_PATH=${CMAKE_PREFIX_PATH}:/home/agilex/krish_ws/install/system_launcher:/home/agilex/krish_ws/install/mycobot_arm:/home/agilex/limo_ros2_ws/install/ultraarm:/home/agilex/limo_ros2_ws/install/nav2_gazebo_spawner:/home/agilex/limo_ros2_ws/install/mypalletizer_260_pi:/home/agilex/limo_ros2_ws/install/mypalletizer_260:/home/agilex/limo_ros2_ws/install/mypalletizer_communication:/home/agilex/limo_ros2_ws/install/mycobot_630:/home/agilex/limo_ros2_ws/install/mycobot_600:/home/agilex/limo_ros2_ws/install/mycobot_320pi:/home/agilex/limo_ros2_ws/install/mycobot_320:/home/agilex/limo_ros2_ws/install/mycobot_280pi:/home/agilex/limo_ros2_ws/install/mycobot_280jn:/home/agilex/limo_ros2_ws/install/mycobot_280_x3pi:/home/agilex/limo_ros2_ws/install/mycobot_280:/home/agilex/limo_ros2_ws/install/myarm_m750:/home/agilex/limo_ros2_ws/install/myarm_c650:/home/agilex/limo_ros2_ws/install/myarm_300:/home/agilex/limo_ros2_ws/install/mycobot_communication:/home/agilex/limo_ros2_ws/install/mecharm_pi:/home/agilex/limo_ros2_ws/install/mecharm:/home/agilex/limo_ros2_ws/install/mecharm_communication:/home/agilex/limo_ros2_ws/install/mybuddy:/home/agilex/limo_ros2_ws/install/mycobot_description:/home/agilex/krish_ws/install/object_search:/home/agilex/krish_ws/install/object_detector:/home/agilex/krish_ws/install/nav_handler:/home/agilex/krish_ws/install/mycobot_description:/opt/ros/foxy /usr/bin/cmake /home/agilex/krish_ws/src/navigation2/nav2_dwb_controller/nav_2d_msgs -DAMENT_CMAKE_SYMLINK_INSTALL=1 -DCMAKE_INSTALL_PREFIX=/home/agilex/krish_ws/install/nav_2d_msgs
[13.112s] -- The C compiler identification is GNU 9.4.0
[13.112s] -- The CXX compiler identification is GNU 9.4.0
[13.112s] -- Check for working C compiler: /usr/bin/cc
[13.112s] -- Check for working C compiler: /usr/bin/cc -- works
[13.113s] -- Detecting C compiler ABI info
[13.113s] -- Detecting C compiler ABI info - done
[13.113s] -- Detecting C compile features
[13.113s] -- Detecting C compile features - done
[13.113s] -- Check for working CXX compiler: /usr/bin/c++
[13.113s] -- Check for working CXX compiler: /usr/bin/c++ -- works
[13.113s] -- Detecting CXX compiler ABI info
[13.114s] -- Detecting CXX compiler ABI info - done
[13.114s] -- Detecting CXX compile features
[13.114s] -- Detecting CXX compile features - done
[13.114s] -- Found geometry_msgs: 2.0.5 (/opt/ros/foxy/share/geometry_msgs/cmake)
[13.114s] -- Found PythonInterp: /usr/bin/python3 (found suitable version "3.8.10", minimum required is "3") 
[13.114s] -- Using PYTHON_EXECUTABLE: /usr/bin/python3
[13.114s] -- Override CMake install command with custom implementation using symlinks instead of copying resources
[13.114s] -- Using all available rosidl_typesupport_c: rosidl_typesupport_fastrtps_c;rosidl_typesupport_introspection_c
[13.115s] -- Found rosidl_adapter: 1.3.1 (/opt/ros/foxy/share/rosidl_adapter/cmake)
[13.115s] -- Found OpenSSL: /usr/lib/aarch64-linux-gnu/libcrypto.so (found version "1.1.1f")  
[13.115s] -- Found FastRTPS: /opt/ros/foxy/include  
[13.115s] -- Using all available rosidl_typesupport_cpp: rosidl_typesupport_fastrtps_cpp;rosidl_typesupport_introspection_cpp
[13.115s] -- Found rosidl_default_generators: 1.0.1 (/opt/ros/foxy/share/rosidl_default_generators/cmake)
[13.115s] -- Found PythonInterp: /usr/bin/python3 (found version "3.8.10") 
[13.115s] -- Found ament_cmake_ros: 0.9.2 (/opt/ros/foxy/share/ament_cmake_ros/cmake)
[13.884s] -- Using all available rosidl_typesupport_c: rosidl_typesupport_fastrtps_c;rosidl_typesupport_introspection_c
[14.142s] -- Using all available rosidl_typesupport_cpp: rosidl_typesupport_fastrtps_cpp;rosidl_typesupport_introspection_cpp
[14.269s] -- Found PythonInterp: /usr/bin/python3 (found suitable version "3.8.10", minimum required is "3.5") 
[14.283s] -- Found python_cmake_module: 0.8.1 (/opt/ros/foxy/share/python_cmake_module/cmake)
[14.401s] -- Found PythonLibs: /usr/lib/aarch64-linux-gnu/libpython3.8.so (found suitable version "3.8.10", minimum required is "3.5") 
[14.410s] -- Using PYTHON_EXECUTABLE: /usr/bin/python3
[14.412s] -- Using PYTHON_INCLUDE_DIRS: /usr/include/python3.8
[14.413s] -- Using PYTHON_LIBRARIES: /usr/lib/aarch64-linux-gnu/libpython3.8.so
[14.487s] -- Found PythonExtra: .so  
[15.236s] -- Configuring done
[15.370s] -- Generating done
[15.376s] -- Build files have been written to: /home/agilex/krish_ws/build/nav_2d_msgs
[15.612s] Invoked command in '/home/agilex/krish_ws/build/nav_2d_msgs' returned '0': CMAKE_PREFIX_PATH=${CMAKE_PREFIX_PATH}:/home/agilex/krish_ws/install/system_launcher:/home/agilex/krish_ws/install/mycobot_arm:/home/agilex/limo_ros2_ws/install/ultraarm:/home/agilex/limo_ros2_ws/install/nav2_gazebo_spawner:/home/agilex/limo_ros2_ws/install/mypalletizer_260_pi:/home/agilex/limo_ros2_ws/install/mypalletizer_260:/home/agilex/limo_ros2_ws/install/mypalletizer_communication:/home/agilex/limo_ros2_ws/install/mycobot_630:/home/agilex/limo_ros2_ws/install/mycobot_600:/home/agilex/limo_ros2_ws/install/mycobot_320pi:/home/agilex/limo_ros2_ws/install/mycobot_320:/home/agilex/limo_ros2_ws/install/mycobot_280pi:/home/agilex/limo_ros2_ws/install/mycobot_280jn:/home/agilex/limo_ros2_ws/install/mycobot_280_x3pi:/home/agilex/limo_ros2_ws/install/mycobot_280:/home/agilex/limo_ros2_ws/install/myarm_m750:/home/agilex/limo_ros2_ws/install/myarm_c650:/home/agilex/limo_ros2_ws/install/myarm_300:/home/agilex/limo_ros2_ws/install/mycobot_communication:/home/agilex/limo_ros2_ws/install/mecharm_pi:/home/agilex/limo_ros2_ws/install/mecharm:/home/agilex/limo_ros2_ws/install/mecharm_communication:/home/agilex/limo_ros2_ws/install/mybuddy:/home/agilex/limo_ros2_ws/install/mycobot_description:/home/agilex/krish_ws/install/object_search:/home/agilex/krish_ws/install/object_detector:/home/agilex/krish_ws/install/nav_handler:/home/agilex/krish_ws/install/mycobot_description:/opt/ros/foxy /usr/bin/cmake /home/agilex/krish_ws/src/navigation2/nav2_dwb_controller/nav_2d_msgs -DAMENT_CMAKE_SYMLINK_INSTALL=1 -DCMAKE_INSTALL_PREFIX=/home/agilex/krish_ws/install/nav_2d_msgs
[15.615s] Invoking command in '/home/agilex/krish_ws/build/nav_2d_msgs': CMAKE_PREFIX_PATH=${CMAKE_PREFIX_PATH}:/home/agilex/krish_ws/install/system_launcher:/home/agilex/krish_ws/install/mycobot_arm:/home/agilex/limo_ros2_ws/install/ultraarm:/home/agilex/limo_ros2_ws/install/nav2_gazebo_spawner:/home/agilex/limo_ros2_ws/install/mypalletizer_260_pi:/home/agilex/limo_ros2_ws/install/mypalletizer_260:/home/agilex/limo_ros2_ws/install/mypalletizer_communication:/home/agilex/limo_ros2_ws/install/mycobot_630:/home/agilex/limo_ros2_ws/install/mycobot_600:/home/agilex/limo_ros2_ws/install/mycobot_320pi:/home/agilex/limo_ros2_ws/install/mycobot_320:/home/agilex/limo_ros2_ws/install/mycobot_280pi:/home/agilex/limo_ros2_ws/install/mycobot_280jn:/home/agilex/limo_ros2_ws/install/mycobot_280_x3pi:/home/agilex/limo_ros2_ws/install/mycobot_280:/home/agilex/limo_ros2_ws/install/myarm_m750:/home/agilex/limo_ros2_ws/install/myarm_c650:/home/agilex/limo_ros2_ws/install/myarm_300:/home/agilex/limo_ros2_ws/install/mycobot_communication:/home/agilex/limo_ros2_ws/install/mecharm_pi:/home/agilex/limo_ros2_ws/install/mecharm:/home/agilex/limo_ros2_ws/install/mecharm_communication:/home/agilex/limo_ros2_ws/install/mybuddy:/home/agilex/limo_ros2_ws/install/mycobot_description:/home/agilex/krish_ws/install/object_search:/home/agilex/krish_ws/install/object_detector:/home/agilex/krish_ws/install/nav_handler:/home/agilex/krish_ws/install/mycobot_description:/opt/ros/foxy /usr/bin/cmake --build /home/agilex/krish_ws/build/nav_2d_msgs -- -j6 -l6
[15.857s] [35m[1mScanning dependencies of target nav_2d_msgs__cpp[0m
[15.908s] [  1%] [34m[1mGenerating C code for ROS interfaces[0m
[15.980s] [  2%] [34m[1mGenerating C++ code for ROS interfaces[0m
[17.769s] [  2%] Built target nav_2d_msgs__cpp
[17.837s] [  4%] [34m[1mGenerating C++ type support dispatch for ROS interfaces[0m
[17.871s] [  5%] [34m[1mGenerating C++ introspection for ROS interfaces[0m
[17.888s] [  7%] [34m[1mGenerating C++ type support for eProsima Fast-RTPS[0m
[18.785s] [35m[1mScanning dependencies of target nav_2d_msgs__rosidl_generator_c[0m
[18.873s] [  8%] [32mBuilding C object CMakeFiles/nav_2d_msgs__rosidl_generator_c.dir/rosidl_generator_c/nav_2d_msgs/msg/detail/pose2_d32__functions.c.o[0m
[18.896s] [  9%] [32mBuilding C object CMakeFiles/nav_2d_msgs__rosidl_generator_c.dir/rosidl_generator_c/nav_2d_msgs/msg/detail/path2_d__functions.c.o[0m
[18.905s] [ 11%] [32mBuilding C object CMakeFiles/nav_2d_msgs__rosidl_generator_c.dir/rosidl_generator_c/nav_2d_msgs/msg/detail/pose2_d_stamped__functions.c.o[0m
[19.146s] [ 12%] [32mBuilding C object CMakeFiles/nav_2d_msgs__rosidl_generator_c.dir/rosidl_generator_c/nav_2d_msgs/msg/detail/twist2_d__functions.c.o[0m
[19.158s] [ 14%] [32mBuilding C object CMakeFiles/nav_2d_msgs__rosidl_generator_c.dir/rosidl_generator_c/nav_2d_msgs/msg/detail/twist2_d32__functions.c.o[0m
[19.185s] [ 15%] [32mBuilding C object CMakeFiles/nav_2d_msgs__rosidl_generator_c.dir/rosidl_generator_c/nav_2d_msgs/msg/detail/twist2_d_stamped__functions.c.o[0m
[19.252s] [35m[1mScanning dependencies of target nav_2d_msgs__rosidl_typesupport_cpp[0m
[19.358s] [ 16%] [32mBuilding CXX object CMakeFiles/nav_2d_msgs__rosidl_typesupport_cpp.dir/rosidl_typesupport_cpp/nav_2d_msgs/msg/path2_d__type_support.cpp.o[0m
[19.391s] [ 18%] [32mBuilding CXX object CMakeFiles/nav_2d_msgs__rosidl_typesupport_cpp.dir/rosidl_typesupport_cpp/nav_2d_msgs/msg/pose2_d32__type_support.cpp.o[0m
[19.458s] [ 19%] [32m[1mLinking C shared library libnav_2d_msgs__rosidl_generator_c.so[0m
[19.557s] [ 21%] [32mBuilding CXX object CMakeFiles/nav_2d_msgs__rosidl_typesupport_cpp.dir/rosidl_typesupport_cpp/nav_2d_msgs/msg/pose2_d_stamped__type_support.cpp.o[0m
[19.693s] [ 21%] Built target nav_2d_msgs__rosidl_generator_c
[19.763s] [ 22%] [34m[1mGenerating C type support dispatch for ROS interfaces[0m
[19.823s] [35m[1mScanning dependencies of target nav_2d_msgs__rosidl_typesupport_introspection_cpp[0m
[20.035s] [ 23%] [32mBuilding CXX object CMakeFiles/nav_2d_msgs__rosidl_typesupport_introspection_cpp.dir/rosidl_typesupport_introspection_cpp/nav_2d_msgs/msg/detail/path2_d__type_support.cpp.o[0m
[20.212s] [35m[1mScanning dependencies of target nav_2d_msgs__rosidl_typesupport_fastrtps_cpp[0m
[20.404s] [ 25%] [32mBuilding CXX object CMakeFiles/nav_2d_msgs__rosidl_typesupport_fastrtps_cpp.dir/rosidl_typesupport_fastrtps_cpp/nav_2d_msgs/msg/detail/dds_fastrtps/path2_d__type_support.cpp.o[0m
[20.673s] [ 26%] [32mBuilding CXX object CMakeFiles/nav_2d_msgs__rosidl_typesupport_cpp.dir/rosidl_typesupport_cpp/nav_2d_msgs/msg/twist2_d__type_support.cpp.o[0m
[21.078s] [ 28%] [32mBuilding CXX object CMakeFiles/nav_2d_msgs__rosidl_typesupport_cpp.dir/rosidl_typesupport_cpp/nav_2d_msgs/msg/twist2_d32__type_support.cpp.o[0m
[21.110s] [35m[1mScanning dependencies of target nav_2d_msgs__rosidl_typesupport_c[0m
[21.229s] [ 29%] [32mBuilding CXX object CMakeFiles/nav_2d_msgs__rosidl_typesupport_c.dir/rosidl_typesupport_c/nav_2d_msgs/msg/path2_d__type_support.cpp.o[0m
[21.321s] [ 30%] [32mBuilding CXX object CMakeFiles/nav_2d_msgs__rosidl_typesupport_c.dir/rosidl_typesupport_c/nav_2d_msgs/msg/pose2_d32__type_support.cpp.o[0m
[21.472s] [ 32%] [32mBuilding CXX object CMakeFiles/nav_2d_msgs__rosidl_typesupport_c.dir/rosidl_typesupport_c/nav_2d_msgs/msg/pose2_d_stamped__type_support.cpp.o[0m
[21.534s] [ 33%] [32mBuilding CXX object CMakeFiles/nav_2d_msgs__rosidl_typesupport_introspection_cpp.dir/rosidl_typesupport_introspection_cpp/nav_2d_msgs/msg/detail/pose2_d32__type_support.cpp.o[0m
[21.545s] [ 35%] [32mBuilding CXX object CMakeFiles/nav_2d_msgs__rosidl_typesupport_fastrtps_cpp.dir/rosidl_typesupport_fastrtps_cpp/nav_2d_msgs/msg/detail/dds_fastrtps/pose2_d32__type_support.cpp.o[0m
[21.694s] [ 36%] [32mBuilding CXX object CMakeFiles/nav_2d_msgs__rosidl_typesupport_c.dir/rosidl_typesupport_c/nav_2d_msgs/msg/twist2_d__type_support.cpp.o[0m
[21.896s] [ 38%] [32mBuilding CXX object CMakeFiles/nav_2d_msgs__rosidl_typesupport_c.dir/rosidl_typesupport_c/nav_2d_msgs/msg/twist2_d32__type_support.cpp.o[0m
[22.066s] [ 39%] [32mBuilding CXX object CMakeFiles/nav_2d_msgs__rosidl_typesupport_cpp.dir/rosidl_typesupport_cpp/nav_2d_msgs/msg/twist2_d_stamped__type_support.cpp.o[0m
[22.086s] [ 40%] [32mBuilding CXX object CMakeFiles/nav_2d_msgs__rosidl_typesupport_c.dir/rosidl_typesupport_c/nav_2d_msgs/msg/twist2_d_stamped__type_support.cpp.o[0m
[22.305s] [ 42%] [32mBuilding CXX object CMakeFiles/nav_2d_msgs__rosidl_typesupport_fastrtps_cpp.dir/rosidl_typesupport_fastrtps_cpp/nav_2d_msgs/msg/detail/dds_fastrtps/twist2_d__type_support.cpp.o[0m
[22.308s] [ 43%] [32mBuilding CXX object CMakeFiles/nav_2d_msgs__rosidl_typesupport_fastrtps_cpp.dir/rosidl_typesupport_fastrtps_cpp/nav_2d_msgs/msg/detail/dds_fastrtps/pose2_d_stamped__type_support.cpp.o[0m
[22.347s] [ 45%] [32m[1mLinking CXX shared library libnav_2d_msgs__rosidl_typesupport_c.so[0m
[22.624s] [ 45%] Built target nav_2d_msgs__rosidl_typesupport_c
[22.802s] [ 46%] [34m[1mGenerating C introspection for ROS interfaces[0m
[22.923s] [ 47%] [32mBuilding CXX object CMakeFiles/nav_2d_msgs__rosidl_typesupport_introspection_cpp.dir/rosidl_typesupport_introspection_cpp/nav_2d_msgs/msg/detail/pose2_d_stamped__type_support.cpp.o[0m
[23.268s] [ 49%] [32m[1mLinking CXX shared library libnav_2d_msgs__rosidl_typesupport_cpp.so[0m
[23.549s] [ 50%] [32mBuilding CXX object CMakeFiles/nav_2d_msgs__rosidl_typesupport_fastrtps_cpp.dir/rosidl_typesupport_fastrtps_cpp/nav_2d_msgs/msg/detail/dds_fastrtps/twist2_d32__type_support.cpp.o[0m
[23.550s] [ 50%] Built target nav_2d_msgs__rosidl_typesupport_cpp
[23.724s] [ 52%] [32mBuilding CXX object CMakeFiles/nav_2d_msgs__rosidl_typesupport_introspection_cpp.dir/rosidl_typesupport_introspection_cpp/nav_2d_msgs/msg/detail/twist2_d__type_support.cpp.o[0m
[24.041s] [ 53%] [32mBuilding CXX object CMakeFiles/nav_2d_msgs__rosidl_typesupport_fastrtps_cpp.dir/rosidl_typesupport_fastrtps_cpp/nav_2d_msgs/msg/detail/dds_fastrtps/twist2_d_stamped__type_support.cpp.o[0m
[24.154s] [ 54%] [32mBuilding CXX object CMakeFiles/nav_2d_msgs__rosidl_typesupport_introspection_cpp.dir/rosidl_typesupport_introspection_cpp/nav_2d_msgs/msg/detail/twist2_d32__type_support.cpp.o[0m
[24.368s] [ 56%] [32mBuilding CXX object CMakeFiles/nav_2d_msgs__rosidl_typesupport_introspection_cpp.dir/rosidl_typesupport_introspection_cpp/nav_2d_msgs/msg/detail/twist2_d_stamped__type_support.cpp.o[0m
[24.573s] [35m[1mScanning dependencies of target nav_2d_msgs__rosidl_typesupport_introspection_c[0m
[24.752s] [ 57%] [32mBuilding C object CMakeFiles/nav_2d_msgs__rosidl_typesupport_introspection_c.dir/rosidl_typesupport_introspection_c/nav_2d_msgs/msg/detail/path2_d__type_support.c.o[0m
[25.006s] [ 59%] [32mBuilding C object CMakeFiles/nav_2d_msgs__rosidl_typesupport_introspection_c.dir/rosidl_typesupport_introspection_c/nav_2d_msgs/msg/detail/pose2_d32__type_support.c.o[0m
[25.226s] [ 60%] [32mBuilding C object CMakeFiles/nav_2d_msgs__rosidl_typesupport_introspection_c.dir/rosidl_typesupport_introspection_c/nav_2d_msgs/msg/detail/twist2_d__type_support.c.o[0m
[25.287s] [ 61%] [32mBuilding C object CMakeFiles/nav_2d_msgs__rosidl_typesupport_introspection_c.dir/rosidl_typesupport_introspection_c/nav_2d_msgs/msg/detail/pose2_d_stamped__type_support.c.o[0m
[25.483s] [ 63%] [32mBuilding C object CMakeFiles/nav_2d_msgs__rosidl_typesupport_introspection_c.dir/rosidl_typesupport_introspection_c/nav_2d_msgs/msg/detail/twist2_d32__type_support.c.o[0m
[25.519s] [ 64%] [32mBuilding C object CMakeFiles/nav_2d_msgs__rosidl_typesupport_introspection_c.dir/rosidl_typesupport_introspection_c/nav_2d_msgs/msg/detail/twist2_d_stamped__type_support.c.o[0m
[25.833s] [ 66%] [32m[1mLinking C shared library libnav_2d_msgs__rosidl_typesupport_introspection_c.so[0m
[26.022s] [ 66%] Built target nav_2d_msgs__rosidl_typesupport_introspection_c
[26.058s] [ 67%] [32m[1mLinking CXX shared library libnav_2d_msgs__rosidl_typesupport_fastrtps_cpp.so[0m
[26.298s] [ 69%] [32m[1mLinking CXX shared library libnav_2d_msgs__rosidl_typesupport_introspection_cpp.so[0m
[26.401s] [ 69%] Built target nav_2d_msgs__rosidl_typesupport_fastrtps_cpp
[26.451s] [ 70%] [34m[1mGenerating C type support for eProsima Fast-RTPS[0m
[26.636s] [ 70%] Built target nav_2d_msgs__rosidl_typesupport_introspection_cpp
[27.898s] [35m[1mScanning dependencies of target nav_2d_msgs__rosidl_typesupport_fastrtps_c[0m
[27.987s] [ 71%] [32mBuilding CXX object CMakeFiles/nav_2d_msgs__rosidl_typesupport_fastrtps_c.dir/rosidl_typesupport_fastrtps_c/nav_2d_msgs/msg/detail/path2_d__type_support_c.cpp.o[0m
[28.022s] [ 73%] [32mBuilding CXX object CMakeFiles/nav_2d_msgs__rosidl_typesupport_fastrtps_c.dir/rosidl_typesupport_fastrtps_c/nav_2d_msgs/msg/detail/pose2_d32__type_support_c.cpp.o[0m
[28.032s] [ 74%] [32mBuilding CXX object CMakeFiles/nav_2d_msgs__rosidl_typesupport_fastrtps_c.dir/rosidl_typesupport_fastrtps_c/nav_2d_msgs/msg/detail/pose2_d_stamped__type_support_c.cpp.o[0m
[28.059s] [ 76%] [32mBuilding CXX object CMakeFiles/nav_2d_msgs__rosidl_typesupport_fastrtps_c.dir/rosidl_typesupport_fastrtps_c/nav_2d_msgs/msg/detail/twist2_d__type_support_c.cpp.o[0m
[28.060s] [ 77%] [32mBuilding CXX object CMakeFiles/nav_2d_msgs__rosidl_typesupport_fastrtps_c.dir/rosidl_typesupport_fastrtps_c/nav_2d_msgs/msg/detail/twist2_d32__type_support_c.cpp.o[0m
[28.233s] [ 78%] [32mBuilding CXX object CMakeFiles/nav_2d_msgs__rosidl_typesupport_fastrtps_c.dir/rosidl_typesupport_fastrtps_c/nav_2d_msgs/msg/detail/twist2_d_stamped__type_support_c.cpp.o[0m
[29.844s] [ 80%] [32m[1mLinking CXX shared library libnav_2d_msgs__rosidl_typesupport_fastrtps_c.so[0m
[30.127s] [ 80%] Built target nav_2d_msgs__rosidl_typesupport_fastrtps_c
[30.171s] [35m[1mScanning dependencies of target nav_2d_msgs[0m
[30.220s] [ 80%] Built target nav_2d_msgs
[30.264s] [35m[1mScanning dependencies of target nav_2d_msgs__py[0m
[30.306s] [ 81%] [34m[1mGenerating Python code for ROS interfaces[0m
[32.269s] [ 81%] Built target nav_2d_msgs__py
[32.345s] [35m[1mScanning dependencies of target nav_2d_msgs__python[0m
[32.505s] [ 83%] [32mBuilding C object CMakeFiles/nav_2d_msgs__python.dir/rosidl_generator_py/nav_2d_msgs/msg/_twist2_d32_s.c.o[0m
[32.507s] [ 84%] [32mBuilding C object CMakeFiles/nav_2d_msgs__python.dir/rosidl_generator_py/nav_2d_msgs/msg/_twist2_d_s.c.o[0m
[32.507s] [ 85%] [32mBuilding C object CMakeFiles/nav_2d_msgs__python.dir/rosidl_generator_py/nav_2d_msgs/msg/_pose2_d32_s.c.o[0m
[32.507s] [ 87%] [32mBuilding C object CMakeFiles/nav_2d_msgs__python.dir/rosidl_generator_py/nav_2d_msgs/msg/_pose2_d_stamped_s.c.o[0m
[32.525s] [ 88%] [32mBuilding C object CMakeFiles/nav_2d_msgs__python.dir/rosidl_generator_py/nav_2d_msgs/msg/_path2_d_s.c.o[0m
[32.555s] [ 90%] [32mBuilding C object CMakeFiles/nav_2d_msgs__python.dir/rosidl_generator_py/nav_2d_msgs/msg/_twist2_d_stamped_s.c.o[0m
[33.006s] [ 91%] [32m[1mLinking C shared library rosidl_generator_py/nav_2d_msgs/libnav_2d_msgs__python.so[0m
[33.152s] [ 91%] Built target nav_2d_msgs__python
[33.220s] [35m[1mScanning dependencies of target nav_2d_msgs__rosidl_typesupport_fastrtps_c__pyext[0m
[33.232s] [35m[1mScanning dependencies of target nav_2d_msgs__rosidl_typesupport_introspection_c__pyext[0m
[33.241s] [35m[1mScanning dependencies of target nav_2d_msgs__rosidl_typesupport_c__pyext[0m
[33.319s] [ 92%] [32mBuilding C object CMakeFiles/nav_2d_msgs__rosidl_typesupport_c__pyext.dir/rosidl_generator_py/nav_2d_msgs/_nav_2d_msgs_s.ep.rosidl_typesupport_c.c.o[0m
[33.333s] [ 94%] [32mBuilding C object CMakeFiles/nav_2d_msgs__rosidl_typesupport_introspection_c__pyext.dir/rosidl_generator_py/nav_2d_msgs/_nav_2d_msgs_s.ep.rosidl_typesupport_introspection_c.c.o[0m
[33.442s] [ 95%] [32mBuilding C object CMakeFiles/nav_2d_msgs__rosidl_typesupport_fastrtps_c__pyext.dir/rosidl_generator_py/nav_2d_msgs/_nav_2d_msgs_s.ep.rosidl_typesupport_fastrtps_c.c.o[0m
[33.632s] [ 97%] [32m[1mLinking C shared library rosidl_generator_py/nav_2d_msgs/nav_2d_msgs_s__rosidl_typesupport_c.cpython-38-aarch64-linux-gnu.so[0m
[33.673s] [ 98%] [32m[1mLinking C shared library rosidl_generator_py/nav_2d_msgs/nav_2d_msgs_s__rosidl_typesupport_introspection_c.cpython-38-aarch64-linux-gnu.so[0m
[33.808s] [ 98%] Built target nav_2d_msgs__rosidl_typesupport_c__pyext
[33.875s] [ 98%] Built target nav_2d_msgs__rosidl_typesupport_introspection_c__pyext
[33.893s] [100%] [32m[1mLinking CXX shared library rosidl_generator_py/nav_2d_msgs/nav_2d_msgs_s__rosidl_typesupport_fastrtps_c.cpython-38-aarch64-linux-gnu.so[0m
[34.071s] [100%] Built target nav_2d_msgs__rosidl_typesupport_fastrtps_c__pyext
[42.992s] Invoked command in '/home/agilex/krish_ws/build/nav_2d_msgs' returned '0': CMAKE_PREFIX_PATH=${CMAKE_PREFIX_PATH}:/home/agilex/krish_ws/install/system_launcher:/home/agilex/krish_ws/install/mycobot_arm:/home/agilex/limo_ros2_ws/install/ultraarm:/home/agilex/limo_ros2_ws/install/nav2_gazebo_spawner:/home/agilex/limo_ros2_ws/install/mypalletizer_260_pi:/home/agilex/limo_ros2_ws/install/mypalletizer_260:/home/agilex/limo_ros2_ws/install/mypalletizer_communication:/home/agilex/limo_ros2_ws/install/mycobot_630:/home/agilex/limo_ros2_ws/install/mycobot_600:/home/agilex/limo_ros2_ws/install/mycobot_320pi:/home/agilex/limo_ros2_ws/install/mycobot_320:/home/agilex/limo_ros2_ws/install/mycobot_280pi:/home/agilex/limo_ros2_ws/install/mycobot_280jn:/home/agilex/limo_ros2_ws/install/mycobot_280_x3pi:/home/agilex/limo_ros2_ws/install/mycobot_280:/home/agilex/limo_ros2_ws/install/myarm_m750:/home/agilex/limo_ros2_ws/install/myarm_c650:/home/agilex/limo_ros2_ws/install/myarm_300:/home/agilex/limo_ros2_ws/install/mycobot_communication:/home/agilex/limo_ros2_ws/install/mecharm_pi:/home/agilex/limo_ros2_ws/install/mecharm:/home/agilex/limo_ros2_ws/install/mecharm_communication:/home/agilex/limo_ros2_ws/install/mybuddy:/home/agilex/limo_ros2_ws/install/mycobot_description:/home/agilex/krish_ws/install/object_search:/home/agilex/krish_ws/install/object_detector:/home/agilex/krish_ws/install/nav_handler:/home/agilex/krish_ws/install/mycobot_description:/opt/ros/foxy /usr/bin/cmake --build /home/agilex/krish_ws/build/nav_2d_msgs -- -j6 -l6
[46.901s] Invoking command in '/home/agilex/krish_ws/build/nav_2d_msgs': CMAKE_PREFIX_PATH=${CMAKE_PREFIX_PATH}:/home/agilex/krish_ws/install/system_launcher:/home/agilex/krish_ws/install/mycobot_arm:/home/agilex/limo_ros2_ws/install/ultraarm:/home/agilex/limo_ros2_ws/install/nav2_gazebo_spawner:/home/agilex/limo_ros2_ws/install/mypalletizer_260_pi:/home/agilex/limo_ros2_ws/install/mypalletizer_260:/home/agilex/limo_ros2_ws/install/mypalletizer_communication:/home/agilex/limo_ros2_ws/install/mycobot_630:/home/agilex/limo_ros2_ws/install/mycobot_600:/home/agilex/limo_ros2_ws/install/mycobot_320pi:/home/agilex/limo_ros2_ws/install/mycobot_320:/home/agilex/limo_ros2_ws/install/mycobot_280pi:/home/agilex/limo_ros2_ws/install/mycobot_280jn:/home/agilex/limo_ros2_ws/install/mycobot_280_x3pi:/home/agilex/limo_ros2_ws/install/mycobot_280:/home/agilex/limo_ros2_ws/install/myarm_m750:/home/agilex/limo_ros2_ws/install/myarm_c650:/home/agilex/limo_ros2_ws/install/myarm_300:/home/agilex/limo_ros2_ws/install/mycobot_communication:/home/agilex/limo_ros2_ws/install/mecharm_pi:/home/agilex/limo_ros2_ws/install/mecharm:/home/agilex/limo_ros2_ws/install/mecharm_communication:/home/agilex/limo_ros2_ws/install/mybuddy:/home/agilex/limo_ros2_ws/install/mycobot_description:/home/agilex/krish_ws/install/object_search:/home/agilex/krish_ws/install/object_detector:/home/agilex/krish_ws/install/nav_handler:/home/agilex/krish_ws/install/mycobot_description:/opt/ros/foxy /usr/bin/cmake --install /home/agilex/krish_ws/build/nav_2d_msgs
[46.961s] -- Install configuration: ""
[46.968s] -- Execute custom install script
[46.969s] -- Symlinking: /home/agilex/krish_ws/install/nav_2d_msgs/share/ament_index/resource_index/rosidl_interfaces/nav_2d_msgs
[47.003s] -- Symlinking: /home/agilex/krish_ws/install/nav_2d_msgs/include/nav_2d_msgs/msg/detail/path2_d__functions.h
[47.057s] -- Symlinking: /home/agilex/krish_ws/install/nav_2d_msgs/include/nav_2d_msgs/msg/detail/path2_d__struct.h
[47.091s] -- Symlinking: /home/agilex/krish_ws/install/nav_2d_msgs/include/nav_2d_msgs/msg/detail/path2_d__type_support.h
[47.128s] -- Symlinking: /home/agilex/krish_ws/install/nav_2d_msgs/include/nav_2d_msgs/msg/detail/pose2_d32__functions.h
[47.162s] -- Symlinking: /home/agilex/krish_ws/install/nav_2d_msgs/include/nav_2d_msgs/msg/detail/pose2_d32__struct.h
[47.196s] -- Symlinking: /home/agilex/krish_ws/install/nav_2d_msgs/include/nav_2d_msgs/msg/detail/pose2_d32__type_support.h
[47.228s] -- Symlinking: /home/agilex/krish_ws/install/nav_2d_msgs/include/nav_2d_msgs/msg/detail/pose2_d_stamped__functions.h
[47.265s] -- Symlinking: /home/agilex/krish_ws/install/nav_2d_msgs/include/nav_2d_msgs/msg/detail/pose2_d_stamped__struct.h
[47.311s] -- Symlinking: /home/agilex/krish_ws/install/nav_2d_msgs/include/nav_2d_msgs/msg/detail/pose2_d_stamped__type_support.h
[47.364s] -- Symlinking: /home/agilex/krish_ws/install/nav_2d_msgs/include/nav_2d_msgs/msg/detail/twist2_d32__functions.h
[47.410s] -- Symlinking: /home/agilex/krish_ws/install/nav_2d_msgs/include/nav_2d_msgs/msg/detail/twist2_d32__struct.h
[47.440s] -- Symlinking: /home/agilex/krish_ws/install/nav_2d_msgs/include/nav_2d_msgs/msg/detail/twist2_d32__type_support.h
[47.498s] -- Symlinking: /home/agilex/krish_ws/install/nav_2d_msgs/include/nav_2d_msgs/msg/detail/twist2_d__functions.h
[47.540s] -- Symlinking: /home/agilex/krish_ws/install/nav_2d_msgs/include/nav_2d_msgs/msg/detail/twist2_d__struct.h
[47.575s] -- Symlinking: /home/agilex/krish_ws/install/nav_2d_msgs/include/nav_2d_msgs/msg/detail/twist2_d__type_support.h
[47.610s] -- Symlinking: /home/agilex/krish_ws/install/nav_2d_msgs/include/nav_2d_msgs/msg/detail/twist2_d_stamped__functions.h
[47.652s] -- Symlinking: /home/agilex/krish_ws/install/nav_2d_msgs/include/nav_2d_msgs/msg/detail/twist2_d_stamped__struct.h
[47.688s] -- Symlinking: /home/agilex/krish_ws/install/nav_2d_msgs/include/nav_2d_msgs/msg/detail/twist2_d_stamped__type_support.h
[47.739s] -- Symlinking: /home/agilex/krish_ws/install/nav_2d_msgs/include/nav_2d_msgs/msg/path2_d.h
[47.756s] -- Symlinking: /home/agilex/krish_ws/install/nav_2d_msgs/include/nav_2d_msgs/msg/pose2_d32.h
[47.785s] -- Symlinking: /home/agilex/krish_ws/install/nav_2d_msgs/include/nav_2d_msgs/msg/pose2_d_stamped.h
[47.845s] -- Symlinking: /home/agilex/krish_ws/install/nav_2d_msgs/include/nav_2d_msgs/msg/rosidl_generator_c__visibility_control.h
[47.861s] -- Symlinking: /home/agilex/krish_ws/install/nav_2d_msgs/include/nav_2d_msgs/msg/twist2_d.h
[47.898s] -- Symlinking: /home/agilex/krish_ws/install/nav_2d_msgs/include/nav_2d_msgs/msg/twist2_d32.h
[47.938s] -- Symlinking: /home/agilex/krish_ws/install/nav_2d_msgs/include/nav_2d_msgs/msg/twist2_d_stamped.h
[47.973s] -- Symlinking: /home/agilex/krish_ws/install/nav_2d_msgs/share/nav_2d_msgs/environment/library_path.sh
[48.013s] -- Symlinking: /home/agilex/krish_ws/install/nav_2d_msgs/share/nav_2d_msgs/environment/library_path.dsv
[48.053s] -- Symlinking: /home/agilex/krish_ws/install/nav_2d_msgs/include/nav_2d_msgs/msg/detail/path2_d__rosidl_typesupport_fastrtps_c.h
[48.092s] -- Symlinking: /home/agilex/krish_ws/install/nav_2d_msgs/include/nav_2d_msgs/msg/detail/pose2_d32__rosidl_typesupport_fastrtps_c.h
[48.135s] -- Symlinking: /home/agilex/krish_ws/install/nav_2d_msgs/include/nav_2d_msgs/msg/detail/pose2_d_stamped__rosidl_typesupport_fastrtps_c.h
[48.184s] -- Symlinking: /home/agilex/krish_ws/install/nav_2d_msgs/include/nav_2d_msgs/msg/detail/twist2_d32__rosidl_typesupport_fastrtps_c.h
[48.241s] -- Symlinking: /home/agilex/krish_ws/install/nav_2d_msgs/include/nav_2d_msgs/msg/detail/twist2_d__rosidl_typesupport_fastrtps_c.h
[48.262s] -- Symlinking: /home/agilex/krish_ws/install/nav_2d_msgs/include/nav_2d_msgs/msg/detail/twist2_d_stamped__rosidl_typesupport_fastrtps_c.h
[48.297s] -- Symlinking: /home/agilex/krish_ws/install/nav_2d_msgs/include/nav_2d_msgs/msg/rosidl_typesupport_fastrtps_c__visibility_control.h
[48.330s] -- Symlinking: /home/agilex/krish_ws/install/nav_2d_msgs/lib/libnav_2d_msgs__rosidl_typesupport_fastrtps_c.so
[48.367s] -- Symlinking: /home/agilex/krish_ws/install/nav_2d_msgs/include/nav_2d_msgs/msg/detail/path2_d__rosidl_typesupport_fastrtps_cpp.hpp
[48.406s] -- Symlinking: /home/agilex/krish_ws/install/nav_2d_msgs/include/nav_2d_msgs/msg/detail/pose2_d32__rosidl_typesupport_fastrtps_cpp.hpp
[48.435s] -- Symlinking: /home/agilex/krish_ws/install/nav_2d_msgs/include/nav_2d_msgs/msg/detail/pose2_d_stamped__rosidl_typesupport_fastrtps_cpp.hpp
[48.469s] -- Symlinking: /home/agilex/krish_ws/install/nav_2d_msgs/include/nav_2d_msgs/msg/detail/twist2_d32__rosidl_typesupport_fastrtps_cpp.hpp
[48.506s] -- Symlinking: /home/agilex/krish_ws/install/nav_2d_msgs/include/nav_2d_msgs/msg/detail/twist2_d__rosidl_typesupport_fastrtps_cpp.hpp
[48.537s] -- Symlinking: /home/agilex/krish_ws/install/nav_2d_msgs/include/nav_2d_msgs/msg/detail/twist2_d_stamped__rosidl_typesupport_fastrtps_cpp.hpp
[48.577s] -- Symlinking: /home/agilex/krish_ws/install/nav_2d_msgs/include/nav_2d_msgs/msg/rosidl_typesupport_fastrtps_cpp__visibility_control.h
[48.619s] -- Symlinking: /home/agilex/krish_ws/install/nav_2d_msgs/lib/libnav_2d_msgs__rosidl_typesupport_fastrtps_cpp.so
[48.668s] -- Symlinking: /home/agilex/krish_ws/install/nav_2d_msgs/include/nav_2d_msgs/msg/detail/path2_d__rosidl_typesupport_introspection_c.h
[48.701s] -- Symlinking: /home/agilex/krish_ws/install/nav_2d_msgs/include/nav_2d_msgs/msg/detail/pose2_d32__rosidl_typesupport_introspection_c.h
[48.749s] -- Symlinking: /home/agilex/krish_ws/install/nav_2d_msgs/include/nav_2d_msgs/msg/detail/pose2_d_stamped__rosidl_typesupport_introspection_c.h
[48.792s] -- Symlinking: /home/agilex/krish_ws/install/nav_2d_msgs/include/nav_2d_msgs/msg/detail/twist2_d32__rosidl_typesupport_introspection_c.h
[48.844s] -- Symlinking: /home/agilex/krish_ws/install/nav_2d_msgs/include/nav_2d_msgs/msg/detail/twist2_d__rosidl_typesupport_introspection_c.h
[48.900s] -- Symlinking: /home/agilex/krish_ws/install/nav_2d_msgs/include/nav_2d_msgs/msg/detail/twist2_d_stamped__rosidl_typesupport_introspection_c.h
[48.974s] -- Symlinking: /home/agilex/krish_ws/install/nav_2d_msgs/include/nav_2d_msgs/msg/rosidl_typesupport_introspection_c__visibility_control.h
[49.014s] -- Symlinking: /home/agilex/krish_ws/install/nav_2d_msgs/include/nav_2d_msgs/msg/detail/path2_d__builder.hpp
[49.055s] -- Symlinking: /home/agilex/krish_ws/install/nav_2d_msgs/include/nav_2d_msgs/msg/detail/path2_d__struct.hpp
[49.087s] -- Symlinking: /home/agilex/krish_ws/install/nav_2d_msgs/include/nav_2d_msgs/msg/detail/path2_d__traits.hpp
[49.127s] -- Symlinking: /home/agilex/krish_ws/install/nav_2d_msgs/include/nav_2d_msgs/msg/detail/path2_d__type_support.hpp
[49.167s] -- Symlinking: /home/agilex/krish_ws/install/nav_2d_msgs/include/nav_2d_msgs/msg/detail/pose2_d32__builder.hpp
[49.191s] -- Symlinking: /home/agilex/krish_ws/install/nav_2d_msgs/include/nav_2d_msgs/msg/detail/pose2_d32__struct.hpp
[49.229s] -- Symlinking: /home/agilex/krish_ws/install/nav_2d_msgs/include/nav_2d_msgs/msg/detail/pose2_d32__traits.hpp
[49.267s] -- Symlinking: /home/agilex/krish_ws/install/nav_2d_msgs/include/nav_2d_msgs/msg/detail/pose2_d32__type_support.hpp
[49.299s] -- Symlinking: /home/agilex/krish_ws/install/nav_2d_msgs/include/nav_2d_msgs/msg/detail/pose2_d_stamped__builder.hpp
[49.337s] -- Symlinking: /home/agilex/krish_ws/install/nav_2d_msgs/include/nav_2d_msgs/msg/detail/pose2_d_stamped__struct.hpp
[49.366s] -- Symlinking: /home/agilex/krish_ws/install/nav_2d_msgs/include/nav_2d_msgs/msg/detail/pose2_d_stamped__traits.hpp
[49.400s] -- Symlinking: /home/agilex/krish_ws/install/nav_2d_msgs/include/nav_2d_msgs/msg/detail/pose2_d_stamped__type_support.hpp
[49.432s] -- Symlinking: /home/agilex/krish_ws/install/nav_2d_msgs/include/nav_2d_msgs/msg/detail/twist2_d32__builder.hpp
[49.466s] -- Symlinking: /home/agilex/krish_ws/install/nav_2d_msgs/include/nav_2d_msgs/msg/detail/twist2_d32__struct.hpp
[49.507s] -- Symlinking: /home/agilex/krish_ws/install/nav_2d_msgs/include/nav_2d_msgs/msg/detail/twist2_d32__traits.hpp
[49.538s] -- Symlinking: /home/agilex/krish_ws/install/nav_2d_msgs/include/nav_2d_msgs/msg/detail/twist2_d32__type_support.hpp
[49.616s] -- Symlinking: /home/agilex/krish_ws/install/nav_2d_msgs/include/nav_2d_msgs/msg/detail/twist2_d__builder.hpp
[49.664s] -- Symlinking: /home/agilex/krish_ws/install/nav_2d_msgs/include/nav_2d_msgs/msg/detail/twist2_d__struct.hpp
[49.715s] -- Symlinking: /home/agilex/krish_ws/install/nav_2d_msgs/include/nav_2d_msgs/msg/detail/twist2_d__traits.hpp
[49.755s] -- Symlinking: /home/agilex/krish_ws/install/nav_2d_msgs/include/nav_2d_msgs/msg/detail/twist2_d__type_support.hpp
[49.809s] -- Symlinking: /home/agilex/krish_ws/install/nav_2d_msgs/include/nav_2d_msgs/msg/detail/twist2_d_stamped__builder.hpp
[49.862s] -- Symlinking: /home/agilex/krish_ws/install/nav_2d_msgs/include/nav_2d_msgs/msg/detail/twist2_d_stamped__struct.hpp
[49.910s] -- Symlinking: /home/agilex/krish_ws/install/nav_2d_msgs/include/nav_2d_msgs/msg/detail/twist2_d_stamped__traits.hpp
[49.954s] -- Symlinking: /home/agilex/krish_ws/install/nav_2d_msgs/include/nav_2d_msgs/msg/detail/twist2_d_stamped__type_support.hpp
[49.999s] -- Symlinking: /home/agilex/krish_ws/install/nav_2d_msgs/include/nav_2d_msgs/msg/path2_d.hpp
[50.035s] -- Symlinking: /home/agilex/krish_ws/install/nav_2d_msgs/include/nav_2d_msgs/msg/pose2_d32.hpp
[50.103s] -- Symlinking: /home/agilex/krish_ws/install/nav_2d_msgs/include/nav_2d_msgs/msg/pose2_d_stamped.hpp
[50.138s] -- Symlinking: /home/agilex/krish_ws/install/nav_2d_msgs/include/nav_2d_msgs/msg/rosidl_generator_cpp__visibility_control.hpp
[50.177s] -- Symlinking: /home/agilex/krish_ws/install/nav_2d_msgs/include/nav_2d_msgs/msg/twist2_d.hpp
[50.234s] -- Symlinking: /home/agilex/krish_ws/install/nav_2d_msgs/include/nav_2d_msgs/msg/twist2_d32.hpp
[50.272s] -- Symlinking: /home/agilex/krish_ws/install/nav_2d_msgs/include/nav_2d_msgs/msg/twist2_d_stamped.hpp
[50.329s] -- Symlinking: /home/agilex/krish_ws/install/nav_2d_msgs/include/nav_2d_msgs/msg/detail/path2_d__rosidl_typesupport_introspection_cpp.hpp
[50.387s] -- Symlinking: /home/agilex/krish_ws/install/nav_2d_msgs/include/nav_2d_msgs/msg/detail/pose2_d32__rosidl_typesupport_introspection_cpp.hpp
[50.425s] -- Symlinking: /home/agilex/krish_ws/install/nav_2d_msgs/include/nav_2d_msgs/msg/detail/pose2_d_stamped__rosidl_typesupport_introspection_cpp.hpp
[50.501s] -- Symlinking: /home/agilex/krish_ws/install/nav_2d_msgs/include/nav_2d_msgs/msg/detail/twist2_d32__rosidl_typesupport_introspection_cpp.hpp
[50.540s] -- Symlinking: /home/agilex/krish_ws/install/nav_2d_msgs/include/nav_2d_msgs/msg/detail/twist2_d__rosidl_typesupport_introspection_cpp.hpp
[50.599s] -- Symlinking: /home/agilex/krish_ws/install/nav_2d_msgs/include/nav_2d_msgs/msg/detail/twist2_d_stamped__rosidl_typesupport_introspection_cpp.hpp
[50.609s] -- Symlinking: /home/agilex/krish_ws/install/nav_2d_msgs/share/nav_2d_msgs/environment/pythonpath.sh
[50.643s] -- Symlinking: /home/agilex/krish_ws/install/nav_2d_msgs/share/nav_2d_msgs/environment/pythonpath.dsv
[50.692s] -- Symlinking: /home/agilex/krish_ws/install/nav_2d_msgs/lib/python3.8/site-packages/nav_2d_msgs/__init__.py
[50.739s] -- Symlinking: /home/agilex/krish_ws/install/nav_2d_msgs/lib/python3.8/site-packages/nav_2d_msgs/msg/__init__.py
[50.785s] -- Symlinking: /home/agilex/krish_ws/install/nav_2d_msgs/lib/python3.8/site-packages/nav_2d_msgs/msg/_path2_d.py
[50.833s] -- Symlinking: /home/agilex/krish_ws/install/nav_2d_msgs/lib/python3.8/site-packages/nav_2d_msgs/msg/_pose2_d32.py
[50.874s] -- Symlinking: /home/agilex/krish_ws/install/nav_2d_msgs/lib/python3.8/site-packages/nav_2d_msgs/msg/_pose2_d_stamped.py
[50.908s] -- Symlinking: /home/agilex/krish_ws/install/nav_2d_msgs/lib/python3.8/site-packages/nav_2d_msgs/msg/_twist2_d.py
[50.945s] -- Symlinking: /home/agilex/krish_ws/install/nav_2d_msgs/lib/python3.8/site-packages/nav_2d_msgs/msg/_twist2_d32.py
[51.017s] -- Symlinking: /home/agilex/krish_ws/install/nav_2d_msgs/lib/python3.8/site-packages/nav_2d_msgs/msg/_twist2_d_stamped.py
[51.052s] -- Symlinking: /home/agilex/krish_ws/install/nav_2d_msgs/lib/python3.8/site-packages/nav_2d_msgs/nav_2d_msgs_s__rosidl_typesupport_fastrtps_c.cpython-38-aarch64-linux-gnu.so
[51.086s] -- Symlinking: /home/agilex/krish_ws/install/nav_2d_msgs/lib/python3.8/site-packages/nav_2d_msgs/nav_2d_msgs_s__rosidl_typesupport_introspection_c.cpython-38-aarch64-linux-gnu.so
[51.120s] -- Symlinking: /home/agilex/krish_ws/install/nav_2d_msgs/lib/python3.8/site-packages/nav_2d_msgs/nav_2d_msgs_s__rosidl_typesupport_c.cpython-38-aarch64-linux-gnu.so
[51.153s] -- Symlinking: /home/agilex/krish_ws/install/nav_2d_msgs/lib/libnav_2d_msgs__python.so
[51.184s] -- Symlinking: /home/agilex/krish_ws/install/nav_2d_msgs/share/nav_2d_msgs/msg/Path2D.idl
[51.229s] -- Symlinking: /home/agilex/krish_ws/install/nav_2d_msgs/share/nav_2d_msgs/msg/Pose2D32.idl
[51.262s] -- Symlinking: /home/agilex/krish_ws/install/nav_2d_msgs/share/nav_2d_msgs/msg/Pose2DStamped.idl
[51.308s] -- Symlinking: /home/agilex/krish_ws/install/nav_2d_msgs/share/nav_2d_msgs/msg/Twist2D.idl
[51.343s] -- Symlinking: /home/agilex/krish_ws/install/nav_2d_msgs/share/nav_2d_msgs/msg/Twist2D32.idl
[51.381s] -- Symlinking: /home/agilex/krish_ws/install/nav_2d_msgs/share/nav_2d_msgs/msg/Twist2DStamped.idl
[51.423s] -- Symlinking: /home/agilex/krish_ws/install/nav_2d_msgs/share/nav_2d_msgs/msg/Path2D.msg
[51.456s] -- Symlinking: /home/agilex/krish_ws/install/nav_2d_msgs/share/nav_2d_msgs/msg/Pose2D32.msg
[51.512s] -- Symlinking: /home/agilex/krish_ws/install/nav_2d_msgs/share/nav_2d_msgs/msg/Pose2DStamped.msg
[51.548s] -- Symlinking: /home/agilex/krish_ws/install/nav_2d_msgs/share/nav_2d_msgs/msg/Twist2D.msg
[51.598s] -- Symlinking: /home/agilex/krish_ws/install/nav_2d_msgs/share/nav_2d_msgs/msg/Twist2D32.msg
[51.631s] -- Symlinking: /home/agilex/krish_ws/install/nav_2d_msgs/share/nav_2d_msgs/msg/Twist2DStamped.msg
[51.662s] -- Symlinking: /home/agilex/krish_ws/install/nav_2d_msgs/share/ament_index/resource_index/package_run_dependencies/nav_2d_msgs
[51.697s] -- Symlinking: /home/agilex/krish_ws/install/nav_2d_msgs/share/ament_index/resource_index/parent_prefix_path/nav_2d_msgs
[51.731s] -- Symlinking: /home/agilex/krish_ws/install/nav_2d_msgs/share/nav_2d_msgs/environment/ament_prefix_path.sh
[51.761s] -- Symlinking: /home/agilex/krish_ws/install/nav_2d_msgs/share/nav_2d_msgs/environment/ament_prefix_path.dsv
[51.796s] -- Symlinking: /home/agilex/krish_ws/install/nav_2d_msgs/share/nav_2d_msgs/environment/path.sh
[51.851s] -- Symlinking: /home/agilex/krish_ws/install/nav_2d_msgs/share/nav_2d_msgs/environment/path.dsv
[51.917s] -- Symlinking: /home/agilex/krish_ws/install/nav_2d_msgs/share/nav_2d_msgs/local_setup.bash
[51.954s] -- Symlinking: /home/agilex/krish_ws/install/nav_2d_msgs/share/nav_2d_msgs/local_setup.sh
[52.019s] -- Symlinking: /home/agilex/krish_ws/install/nav_2d_msgs/share/nav_2d_msgs/local_setup.zsh
[52.157s] -- Symlinking: /home/agilex/krish_ws/install/nav_2d_msgs/share/nav_2d_msgs/local_setup.dsv
[52.214s] -- Symlinking: /home/agilex/krish_ws/install/nav_2d_msgs/share/nav_2d_msgs/package.dsv
[52.316s] -- Symlinking: /home/agilex/krish_ws/install/nav_2d_msgs/share/ament_index/resource_index/packages/nav_2d_msgs
[52.395s] -- Symlinking: /home/agilex/krish_ws/install/nav_2d_msgs/share/nav_2d_msgs/cmake/rosidl_cmake-extras.cmake
[52.458s] -- Symlinking: /home/agilex/krish_ws/install/nav_2d_msgs/share/nav_2d_msgs/cmake/ament_cmake_export_dependencies-extras.cmake
[52.495s] -- Symlinking: /home/agilex/krish_ws/install/nav_2d_msgs/share/nav_2d_msgs/cmake/ament_cmake_export_libraries-extras.cmake
[52.547s] -- Symlinking: /home/agilex/krish_ws/install/nav_2d_msgs/share/nav_2d_msgs/cmake/ament_cmake_export_targets-extras.cmake
[52.585s] -- Symlinking: /home/agilex/krish_ws/install/nav_2d_msgs/share/nav_2d_msgs/cmake/ament_cmake_export_include_directories-extras.cmake
[52.628s] -- Symlinking: /home/agilex/krish_ws/install/nav_2d_msgs/share/nav_2d_msgs/cmake/rosidl_cmake_export_typesupport_libraries-extras.cmake
[52.659s] -- Symlinking: /home/agilex/krish_ws/install/nav_2d_msgs/share/nav_2d_msgs/cmake/rosidl_cmake_export_typesupport_targets-extras.cmake
[52.701s] -- Symlinking: /home/agilex/krish_ws/install/nav_2d_msgs/share/nav_2d_msgs/cmake/nav_2d_msgsConfig.cmake
[52.738s] -- Symlinking: /home/agilex/krish_ws/install/nav_2d_msgs/share/nav_2d_msgs/cmake/nav_2d_msgsConfig-version.cmake
[52.774s] -- Symlinking: /home/agilex/krish_ws/install/nav_2d_msgs/share/nav_2d_msgs/package.xml
[52.891s] -- Installing: /home/agilex/krish_ws/install/nav_2d_msgs/lib/libnav_2d_msgs__rosidl_generator_c.so
[52.892s] -- Set runtime path of "/home/agilex/krish_ws/install/nav_2d_msgs/lib/libnav_2d_msgs__rosidl_generator_c.so" to ""
[52.892s] -- Installing: /home/agilex/krish_ws/install/nav_2d_msgs/lib/libnav_2d_msgs__rosidl_typesupport_introspection_c.so
[52.892s] -- Set runtime path of "/home/agilex/krish_ws/install/nav_2d_msgs/lib/libnav_2d_msgs__rosidl_typesupport_introspection_c.so" to ""
[52.892s] -- Installing: /home/agilex/krish_ws/install/nav_2d_msgs/lib/libnav_2d_msgs__rosidl_typesupport_c.so
[52.892s] -- Set runtime path of "/home/agilex/krish_ws/install/nav_2d_msgs/lib/libnav_2d_msgs__rosidl_typesupport_c.so" to ""
[52.892s] -- Installing: /home/agilex/krish_ws/install/nav_2d_msgs/lib/libnav_2d_msgs__rosidl_typesupport_introspection_cpp.so
[52.893s] -- Set runtime path of "/home/agilex/krish_ws/install/nav_2d_msgs/lib/libnav_2d_msgs__rosidl_typesupport_introspection_cpp.so" to ""
[52.893s] -- Installing: /home/agilex/krish_ws/install/nav_2d_msgs/lib/libnav_2d_msgs__rosidl_typesupport_cpp.so
[52.893s] -- Set runtime path of "/home/agilex/krish_ws/install/nav_2d_msgs/lib/libnav_2d_msgs__rosidl_typesupport_cpp.so" to ""
[53.552s] Compiling '/home/agilex/krish_ws/install/nav_2d_msgs/lib/python3.8/site-packages/nav_2d_msgs/__init__.py'...
[53.652s] -- Installing: /home/agilex/krish_ws/install/nav_2d_msgs/share/nav_2d_msgs/cmake/nav_2d_msgs__rosidl_generator_cExport.cmake
[53.653s] -- Installing: /home/agilex/krish_ws/install/nav_2d_msgs/share/nav_2d_msgs/cmake/nav_2d_msgs__rosidl_generator_cExport-noconfig.cmake
[53.653s] -- Installing: /home/agilex/krish_ws/install/nav_2d_msgs/share/nav_2d_msgs/cmake/nav_2d_msgs__rosidl_typesupport_introspection_cExport.cmake
[53.653s] -- Installing: /home/agilex/krish_ws/install/nav_2d_msgs/share/nav_2d_msgs/cmake/nav_2d_msgs__rosidl_typesupport_introspection_cExport-noconfig.cmake
[53.653s] -- Installing: /home/agilex/krish_ws/install/nav_2d_msgs/share/nav_2d_msgs/cmake/nav_2d_msgs__rosidl_typesupport_cExport.cmake
[53.653s] -- Installing: /home/agilex/krish_ws/install/nav_2d_msgs/share/nav_2d_msgs/cmake/nav_2d_msgs__rosidl_typesupport_cExport-noconfig.cmake
[53.653s] -- Installing: /home/agilex/krish_ws/install/nav_2d_msgs/share/nav_2d_msgs/cmake/nav_2d_msgs__rosidl_generator_cppExport.cmake
[53.654s] -- Installing: /home/agilex/krish_ws/install/nav_2d_msgs/share/nav_2d_msgs/cmake/nav_2d_msgs__rosidl_typesupport_introspection_cppExport.cmake
[53.654s] -- Installing: /home/agilex/krish_ws/install/nav_2d_msgs/share/nav_2d_msgs/cmake/nav_2d_msgs__rosidl_typesupport_introspection_cppExport-noconfig.cmake
[53.654s] -- Installing: /home/agilex/krish_ws/install/nav_2d_msgs/share/nav_2d_msgs/cmake/nav_2d_msgs__rosidl_typesupport_cppExport.cmake
[53.654s] -- Installing: /home/agilex/krish_ws/install/nav_2d_msgs/share/nav_2d_msgs/cmake/nav_2d_msgs__rosidl_typesupport_cppExport-noconfig.cmake
[53.669s] Invoked command in '/home/agilex/krish_ws/build/nav_2d_msgs' returned '0': CMAKE_PREFIX_PATH=${CMAKE_PREFIX_PATH}:/home/agilex/krish_ws/install/system_launcher:/home/agilex/krish_ws/install/mycobot_arm:/home/agilex/limo_ros2_ws/install/ultraarm:/home/agilex/limo_ros2_ws/install/nav2_gazebo_spawner:/home/agilex/limo_ros2_ws/install/mypalletizer_260_pi:/home/agilex/limo_ros2_ws/install/mypalletizer_260:/home/agilex/limo_ros2_ws/install/mypalletizer_communication:/home/agilex/limo_ros2_ws/install/mycobot_630:/home/agilex/limo_ros2_ws/install/mycobot_600:/home/agilex/limo_ros2_ws/install/mycobot_320pi:/home/agilex/limo_ros2_ws/install/mycobot_320:/home/agilex/limo_ros2_ws/install/mycobot_280pi:/home/agilex/limo_ros2_ws/install/mycobot_280jn:/home/agilex/limo_ros2_ws/install/mycobot_280_x3pi:/home/agilex/limo_ros2_ws/install/mycobot_280:/home/agilex/limo_ros2_ws/install/myarm_m750:/home/agilex/limo_ros2_ws/install/myarm_c650:/home/agilex/limo_ros2_ws/install/myarm_300:/home/agilex/limo_ros2_ws/install/mycobot_communication:/home/agilex/limo_ros2_ws/install/mecharm_pi:/home/agilex/limo_ros2_ws/install/mecharm:/home/agilex/limo_ros2_ws/install/mecharm_communication:/home/agilex/limo_ros2_ws/install/mybuddy:/home/agilex/limo_ros2_ws/install/mycobot_description:/home/agilex/krish_ws/install/object_search:/home/agilex/krish_ws/install/object_detector:/home/agilex/krish_ws/install/nav_handler:/home/agilex/krish_ws/install/mycobot_description:/opt/ros/foxy /usr/bin/cmake --install /home/agilex/krish_ws/build/nav_2d_msgs
