[5.846s] Invoking command in '/home/agilex/krish_ws/src/nav_handler': PYTHONPATH=/home/agilex/krish_ws/build/nav_handler/prefix_override:/home/agilex/krish_ws/install/nav_handler/lib/python3.8/site-packages:${PYTHONPATH} /usr/bin/python3 setup.py egg_info --egg-base ../../build/nav_handler build --build-base /home/agilex/krish_ws/build/nav_handler/build install --record /home/agilex/krish_ws/build/nav_handler/install.log --install-scripts $base/lib/nav_handler --single-version-externally-managed
[6.262s] /home/agilex/.local/lib/python3.8/site-packages/setuptools/dist.py:476: SetuptoolsDeprecationWarning: Invalid dash-separated options
[6.262s] !!
[6.262s] 
[6.262s]         ********************************************************************************
[6.263s]         Usage of dash-separated 'script-dir' will not be supported in future
[6.263s]         versions. Please use the underscore name 'script_dir' instead.
[6.263s] 
[6.263s]         This deprecation is overdue, please update your project and remove deprecated
[6.263s]         calls to avoid build errors in the future.
[6.263s] 
[6.263s]         See https://setuptools.pypa.io/en/latest/userguide/declarative_config.html for details.
[6.264s]         ********************************************************************************
[6.264s] 
[6.264s] !!
[6.265s]   opt = self.warn_dash_deprecation(opt, section)
[6.543s] running egg_info
[6.589s] writing ../../build/nav_handler/nav_handler.egg-info/PKG-INFO
[6.591s] writing dependency_links to ../../build/nav_handler/nav_handler.egg-info/dependency_links.txt
[6.591s] writing entry points to ../../build/nav_handler/nav_handler.egg-info/entry_points.txt
[6.592s] writing requirements to ../../build/nav_handler/nav_handler.egg-info/requires.txt
[6.592s] writing top-level names to ../../build/nav_handler/nav_handler.egg-info/top_level.txt
[6.954s] reading manifest file '../../build/nav_handler/nav_handler.egg-info/SOURCES.txt'
[6.956s] writing manifest file '../../build/nav_handler/nav_handler.egg-info/SOURCES.txt'
[6.957s] running build
[6.957s] running build_py
[6.958s] copying nav_handler/__init__.py -> /home/agilex/krish_ws/build/nav_handler/build/lib/nav_handler
[6.958s] copying nav_handler/manual_object_nav_test.py -> /home/agilex/krish_ws/build/nav_handler/build/lib/nav_handler
[6.959s] copying nav_handler/pose_setter.py -> /home/agilex/krish_ws/build/nav_handler/build/lib/nav_handler
[6.959s] copying nav_handler/nav_handler.py -> /home/agilex/krish_ws/build/nav_handler/build/lib/nav_handler
[6.960s] running install
[6.961s] /home/agilex/.local/lib/python3.8/site-packages/setuptools/_distutils/cmd.py:66: SetuptoolsDeprecationWarning: setup.py install is deprecated.
[6.962s] !!
[6.962s] 
[6.964s]         ********************************************************************************
[6.964s]         Please avoid running ``setup.py`` directly.
[6.964s]         Instead, use pypa/build, pypa/installer or other
[6.965s]         standards-based tools.
[6.965s] 
[6.965s]         See https://blog.ganssle.io/articles/2021/10/setup-py-deprecated.html for details.
[6.965s]         ********************************************************************************
[6.965s] 
[6.966s] !!
[6.966s]   self.initialize_options()
[6.974s] running install_lib
[7.022s] copying /home/agilex/krish_ws/build/nav_handler/build/lib/nav_handler/nav_handler.py -> /home/agilex/krish_ws/install/nav_handler/lib/python3.8/site-packages/nav_handler
[7.025s] byte-compiling /home/agilex/krish_ws/install/nav_handler/lib/python3.8/site-packages/nav_handler/nav_handler.py to nav_handler.cpython-38.pyc
[7.028s] running install_data
[7.074s] copying resource/nav_handler -> /home/agilex/krish_ws/install/nav_handler/share/ament_index/resource_index/packages
[7.074s] copying package.xml -> /home/agilex/krish_ws/install/nav_handler/share/nav_handler
[7.075s] running install_egg_info
[7.125s] removing '/home/agilex/krish_ws/install/nav_handler/lib/python3.8/site-packages/nav_handler-0.0.0-py3.8.egg-info' (and everything under it)
[7.126s] Copying ../../build/nav_handler/nav_handler.egg-info to /home/agilex/krish_ws/install/nav_handler/lib/python3.8/site-packages/nav_handler-0.0.0-py3.8.egg-info
[7.129s] running install_scripts
[7.243s] Installing nav_handler script to /home/agilex/krish_ws/install/nav_handler/lib/nav_handler
[7.243s] Installing pose_setter script to /home/agilex/krish_ws/install/nav_handler/lib/nav_handler
[7.243s] Installing test script to /home/agilex/krish_ws/install/nav_handler/lib/nav_handler
[7.244s] writing list of installed files to '/home/agilex/krish_ws/build/nav_handler/install.log'
[7.340s] Invoked command in '/home/agilex/krish_ws/src/nav_handler' returned '0': PYTHONPATH=/home/agilex/krish_ws/build/nav_handler/prefix_override:/home/agilex/krish_ws/install/nav_handler/lib/python3.8/site-packages:${PYTHONPATH} /usr/bin/python3 setup.py egg_info --egg-base ../../build/nav_handler build --build-base /home/agilex/krish_ws/build/nav_handler/build install --record /home/agilex/krish_ws/build/nav_handler/install.log --install-scripts $base/lib/nav_handler --single-version-externally-managed
