[17.147s] DEBUG:colcon:Command line arguments: ['/usr/bin/colcon', 'build', '--packages-select', 'nav_handler']
[17.148s] DEBUG:colcon:Parsed command line arguments: Namespace(allow_overriding=[], ament_cmake_args=None, base_paths=['.'], build_base='build', catkin_cmake_args=None, catkin_skip_building_tests=False, cmake_args=None, cmake_clean_cache=False, cmake_clean_first=False, cmake_force_configure=False, cmake_target=None, cmake_target_skip_unavailable=False, continue_on_error=False, event_handlers=None, executor='parallel', ignore_user_meta=False, install_base='install', log_base=None, log_level=None, main=<bound method BuildVerb.main of <colcon_core.verb.build.BuildVerb object at 0xffffa938ca60>>, merge_install=False, metas=['./colcon.meta'], packages_above=None, packages_above_and_dependencies=None, packages_above_depth=None, packages_end=None, packages_ignore=None, packages_ignore_regex=None, packages_select=['nav_handler'], packages_select_build_failed=False, packages_select_by_dep=None, packages_select_regex=None, packages_select_test_failures=False, packages_skip=None, packages_skip_build_finished=False, packages_skip_by_dep=None, packages_skip_regex=None, packages_skip_test_passed=False, packages_skip_up_to=None, packages_start=None, packages_up_to=None, packages_up_to_regex=None, parallel_workers=6, paths=None, symlink_install=False, test_result_base=None, verb_extension=<colcon_core.verb.build.BuildVerb object at 0xffffa938ca60>, verb_name='build', verb_parser=<colcon_defaults.argument_parser.defaults.DefaultArgumentsDecorator object at 0xffffa938cee0>)
[17.838s] Level 1:colcon.colcon_core.package_discovery:discover_packages(colcon_meta) check parameters
[17.838s] Level 1:colcon.colcon_core.package_discovery:discover_packages(recursive) check parameters
[17.838s] Level 1:colcon.colcon_core.package_discovery:discover_packages(ignore) check parameters
[17.838s] Level 1:colcon.colcon_core.package_discovery:discover_packages(path) check parameters
[17.838s] Level 1:colcon.colcon_core.package_discovery:discover_packages(colcon_meta) discover
[17.839s] Level 1:colcon.colcon_core.package_discovery:discover_packages(recursive) discover
[17.839s] INFO:colcon.colcon_core.package_discovery:Crawling recursively for packages in '/home/agilex/krish_ws'
[17.839s] Level 1:colcon.colcon_core.package_identification:_identify(.) by extensions ['ignore', 'ignore_ament_install']
[17.839s] Level 1:colcon.colcon_core.package_identification:_identify(.) by extension 'ignore'
[17.839s] Level 1:colcon.colcon_core.package_identification:_identify(.) by extension 'ignore_ament_install'
[17.840s] Level 1:colcon.colcon_core.package_identification:_identify(.) by extensions ['colcon_pkg']
[17.840s] Level 1:colcon.colcon_core.package_identification:_identify(.) by extension 'colcon_pkg'
[17.840s] Level 1:colcon.colcon_core.package_identification:_identify(.) by extensions ['colcon_meta']
[17.840s] Level 1:colcon.colcon_core.package_identification:_identify(.) by extension 'colcon_meta'
[17.840s] Level 1:colcon.colcon_core.package_identification:_identify(.) by extensions ['ros']
[17.840s] Level 1:colcon.colcon_core.package_identification:_identify(.) by extension 'ros'
[17.871s] Level 1:colcon.colcon_core.package_identification:_identify(.) by extensions ['cmake', 'python']
[17.871s] Level 1:colcon.colcon_core.package_identification:_identify(.) by extension 'cmake'
[17.871s] Level 1:colcon.colcon_core.package_identification:_identify(.) by extension 'python'
[17.871s] Level 1:colcon.colcon_core.package_identification:_identify(.) by extensions ['python_setup_py']
[17.871s] Level 1:colcon.colcon_core.package_identification:_identify(.) by extension 'python_setup_py'
[17.872s] Level 1:colcon.colcon_core.package_identification:_identify(Log) by extensions ['ignore', 'ignore_ament_install']
[17.872s] Level 1:colcon.colcon_core.package_identification:_identify(Log) by extension 'ignore'
[17.872s] Level 1:colcon.colcon_core.package_identification:_identify(Log) by extension 'ignore_ament_install'
[17.872s] Level 1:colcon.colcon_core.package_identification:_identify(Log) by extensions ['colcon_pkg']
[17.872s] Level 1:colcon.colcon_core.package_identification:_identify(Log) by extension 'colcon_pkg'
[17.873s] Level 1:colcon.colcon_core.package_identification:_identify(Log) by extensions ['colcon_meta']
[17.873s] Level 1:colcon.colcon_core.package_identification:_identify(Log) by extension 'colcon_meta'
[17.873s] Level 1:colcon.colcon_core.package_identification:_identify(Log) by extensions ['ros']
[17.873s] Level 1:colcon.colcon_core.package_identification:_identify(Log) by extension 'ros'
[17.873s] Level 1:colcon.colcon_core.package_identification:_identify(Log) by extensions ['cmake', 'python']
[17.873s] Level 1:colcon.colcon_core.package_identification:_identify(Log) by extension 'cmake'
[17.873s] Level 1:colcon.colcon_core.package_identification:_identify(Log) by extension 'python'
[17.873s] Level 1:colcon.colcon_core.package_identification:_identify(Log) by extensions ['python_setup_py']
[17.873s] Level 1:colcon.colcon_core.package_identification:_identify(Log) by extension 'python_setup_py'
[17.874s] Level 1:colcon.colcon_core.package_identification:_identify(build) by extensions ['ignore', 'ignore_ament_install']
[17.874s] Level 1:colcon.colcon_core.package_identification:_identify(build) by extension 'ignore'
[17.874s] Level 1:colcon.colcon_core.package_identification:_identify(build) ignored
[17.874s] Level 1:colcon.colcon_core.package_identification:_identify(install) by extensions ['ignore', 'ignore_ament_install']
[17.874s] Level 1:colcon.colcon_core.package_identification:_identify(install) by extension 'ignore'
[17.874s] Level 1:colcon.colcon_core.package_identification:_identify(install) ignored
[17.875s] Level 1:colcon.colcon_core.package_identification:_identify(log) by extensions ['ignore', 'ignore_ament_install']
[17.875s] Level 1:colcon.colcon_core.package_identification:_identify(log) by extension 'ignore'
[17.875s] Level 1:colcon.colcon_core.package_identification:_identify(log) ignored
[17.875s] Level 1:colcon.colcon_core.package_identification:_identify(maps) by extensions ['ignore', 'ignore_ament_install']
[17.875s] Level 1:colcon.colcon_core.package_identification:_identify(maps) by extension 'ignore'
[17.875s] Level 1:colcon.colcon_core.package_identification:_identify(maps) by extension 'ignore_ament_install'
[17.876s] Level 1:colcon.colcon_core.package_identification:_identify(maps) by extensions ['colcon_pkg']
[17.876s] Level 1:colcon.colcon_core.package_identification:_identify(maps) by extension 'colcon_pkg'
[17.876s] Level 1:colcon.colcon_core.package_identification:_identify(maps) by extensions ['colcon_meta']
[17.876s] Level 1:colcon.colcon_core.package_identification:_identify(maps) by extension 'colcon_meta'
[17.876s] Level 1:colcon.colcon_core.package_identification:_identify(maps) by extensions ['ros']
[17.876s] Level 1:colcon.colcon_core.package_identification:_identify(maps) by extension 'ros'
[17.876s] Level 1:colcon.colcon_core.package_identification:_identify(maps) by extensions ['cmake', 'python']
[17.876s] Level 1:colcon.colcon_core.package_identification:_identify(maps) by extension 'cmake'
[17.876s] Level 1:colcon.colcon_core.package_identification:_identify(maps) by extension 'python'
[17.876s] Level 1:colcon.colcon_core.package_identification:_identify(maps) by extensions ['python_setup_py']
[17.877s] Level 1:colcon.colcon_core.package_identification:_identify(maps) by extension 'python_setup_py'
[17.877s] Level 1:colcon.colcon_core.package_identification:_identify(mycobot_object.v1-roboflow-instant-1--eval-.yolov8) by extensions ['ignore', 'ignore_ament_install']
[17.877s] Level 1:colcon.colcon_core.package_identification:_identify(mycobot_object.v1-roboflow-instant-1--eval-.yolov8) by extension 'ignore'
[17.877s] Level 1:colcon.colcon_core.package_identification:_identify(mycobot_object.v1-roboflow-instant-1--eval-.yolov8) by extension 'ignore_ament_install'
[17.877s] Level 1:colcon.colcon_core.package_identification:_identify(mycobot_object.v1-roboflow-instant-1--eval-.yolov8) by extensions ['colcon_pkg']
[17.877s] Level 1:colcon.colcon_core.package_identification:_identify(mycobot_object.v1-roboflow-instant-1--eval-.yolov8) by extension 'colcon_pkg'
[17.878s] Level 1:colcon.colcon_core.package_identification:_identify(mycobot_object.v1-roboflow-instant-1--eval-.yolov8) by extensions ['colcon_meta']
[17.878s] Level 1:colcon.colcon_core.package_identification:_identify(mycobot_object.v1-roboflow-instant-1--eval-.yolov8) by extension 'colcon_meta'
[17.878s] Level 1:colcon.colcon_core.package_identification:_identify(mycobot_object.v1-roboflow-instant-1--eval-.yolov8) by extensions ['ros']
[17.878s] Level 1:colcon.colcon_core.package_identification:_identify(mycobot_object.v1-roboflow-instant-1--eval-.yolov8) by extension 'ros'
[17.878s] Level 1:colcon.colcon_core.package_identification:_identify(mycobot_object.v1-roboflow-instant-1--eval-.yolov8) by extensions ['cmake', 'python']
[17.878s] Level 1:colcon.colcon_core.package_identification:_identify(mycobot_object.v1-roboflow-instant-1--eval-.yolov8) by extension 'cmake'
[17.878s] Level 1:colcon.colcon_core.package_identification:_identify(mycobot_object.v1-roboflow-instant-1--eval-.yolov8) by extension 'python'
[17.878s] Level 1:colcon.colcon_core.package_identification:_identify(mycobot_object.v1-roboflow-instant-1--eval-.yolov8) by extensions ['python_setup_py']
[17.878s] Level 1:colcon.colcon_core.package_identification:_identify(mycobot_object.v1-roboflow-instant-1--eval-.yolov8) by extension 'python_setup_py'
[17.879s] Level 1:colcon.colcon_core.package_identification:_identify(mycobot_object.v1-roboflow-instant-1--eval-.yolov8/test) by extensions ['ignore', 'ignore_ament_install']
[17.879s] Level 1:colcon.colcon_core.package_identification:_identify(mycobot_object.v1-roboflow-instant-1--eval-.yolov8/test) by extension 'ignore'
[17.879s] Level 1:colcon.colcon_core.package_identification:_identify(mycobot_object.v1-roboflow-instant-1--eval-.yolov8/test) by extension 'ignore_ament_install'
[17.879s] Level 1:colcon.colcon_core.package_identification:_identify(mycobot_object.v1-roboflow-instant-1--eval-.yolov8/test) by extensions ['colcon_pkg']
[17.879s] Level 1:colcon.colcon_core.package_identification:_identify(mycobot_object.v1-roboflow-instant-1--eval-.yolov8/test) by extension 'colcon_pkg'
[17.879s] Level 1:colcon.colcon_core.package_identification:_identify(mycobot_object.v1-roboflow-instant-1--eval-.yolov8/test) by extensions ['colcon_meta']
[17.879s] Level 1:colcon.colcon_core.package_identification:_identify(mycobot_object.v1-roboflow-instant-1--eval-.yolov8/test) by extension 'colcon_meta'
[17.880s] Level 1:colcon.colcon_core.package_identification:_identify(mycobot_object.v1-roboflow-instant-1--eval-.yolov8/test) by extensions ['ros']
[17.880s] Level 1:colcon.colcon_core.package_identification:_identify(mycobot_object.v1-roboflow-instant-1--eval-.yolov8/test) by extension 'ros'
[17.880s] Level 1:colcon.colcon_core.package_identification:_identify(mycobot_object.v1-roboflow-instant-1--eval-.yolov8/test) by extensions ['cmake', 'python']
[17.880s] Level 1:colcon.colcon_core.package_identification:_identify(mycobot_object.v1-roboflow-instant-1--eval-.yolov8/test) by extension 'cmake'
[17.880s] Level 1:colcon.colcon_core.package_identification:_identify(mycobot_object.v1-roboflow-instant-1--eval-.yolov8/test) by extension 'python'
[17.880s] Level 1:colcon.colcon_core.package_identification:_identify(mycobot_object.v1-roboflow-instant-1--eval-.yolov8/test) by extensions ['python_setup_py']
[17.880s] Level 1:colcon.colcon_core.package_identification:_identify(mycobot_object.v1-roboflow-instant-1--eval-.yolov8/test) by extension 'python_setup_py'
[17.881s] Level 1:colcon.colcon_core.package_identification:_identify(mycobot_object.v1-roboflow-instant-1--eval-.yolov8/test/images) by extensions ['ignore', 'ignore_ament_install']
[17.881s] Level 1:colcon.colcon_core.package_identification:_identify(mycobot_object.v1-roboflow-instant-1--eval-.yolov8/test/images) by extension 'ignore'
[17.881s] Level 1:colcon.colcon_core.package_identification:_identify(mycobot_object.v1-roboflow-instant-1--eval-.yolov8/test/images) by extension 'ignore_ament_install'
[17.881s] Level 1:colcon.colcon_core.package_identification:_identify(mycobot_object.v1-roboflow-instant-1--eval-.yolov8/test/images) by extensions ['colcon_pkg']
[17.881s] Level 1:colcon.colcon_core.package_identification:_identify(mycobot_object.v1-roboflow-instant-1--eval-.yolov8/test/images) by extension 'colcon_pkg'
[17.881s] Level 1:colcon.colcon_core.package_identification:_identify(mycobot_object.v1-roboflow-instant-1--eval-.yolov8/test/images) by extensions ['colcon_meta']
[17.881s] Level 1:colcon.colcon_core.package_identification:_identify(mycobot_object.v1-roboflow-instant-1--eval-.yolov8/test/images) by extension 'colcon_meta'
[17.881s] Level 1:colcon.colcon_core.package_identification:_identify(mycobot_object.v1-roboflow-instant-1--eval-.yolov8/test/images) by extensions ['ros']
[17.882s] Level 1:colcon.colcon_core.package_identification:_identify(mycobot_object.v1-roboflow-instant-1--eval-.yolov8/test/images) by extension 'ros'
[17.882s] Level 1:colcon.colcon_core.package_identification:_identify(mycobot_object.v1-roboflow-instant-1--eval-.yolov8/test/images) by extensions ['cmake', 'python']
[17.882s] Level 1:colcon.colcon_core.package_identification:_identify(mycobot_object.v1-roboflow-instant-1--eval-.yolov8/test/images) by extension 'cmake'
[17.882s] Level 1:colcon.colcon_core.package_identification:_identify(mycobot_object.v1-roboflow-instant-1--eval-.yolov8/test/images) by extension 'python'
[17.882s] Level 1:colcon.colcon_core.package_identification:_identify(mycobot_object.v1-roboflow-instant-1--eval-.yolov8/test/images) by extensions ['python_setup_py']
[17.882s] Level 1:colcon.colcon_core.package_identification:_identify(mycobot_object.v1-roboflow-instant-1--eval-.yolov8/test/images) by extension 'python_setup_py'
[17.882s] Level 1:colcon.colcon_core.package_identification:_identify(mycobot_object.v1-roboflow-instant-1--eval-.yolov8/test/labels) by extensions ['ignore', 'ignore_ament_install']
[17.883s] Level 1:colcon.colcon_core.package_identification:_identify(mycobot_object.v1-roboflow-instant-1--eval-.yolov8/test/labels) by extension 'ignore'
[17.883s] Level 1:colcon.colcon_core.package_identification:_identify(mycobot_object.v1-roboflow-instant-1--eval-.yolov8/test/labels) by extension 'ignore_ament_install'
[17.883s] Level 1:colcon.colcon_core.package_identification:_identify(mycobot_object.v1-roboflow-instant-1--eval-.yolov8/test/labels) by extensions ['colcon_pkg']
[17.883s] Level 1:colcon.colcon_core.package_identification:_identify(mycobot_object.v1-roboflow-instant-1--eval-.yolov8/test/labels) by extension 'colcon_pkg'
[17.883s] Level 1:colcon.colcon_core.package_identification:_identify(mycobot_object.v1-roboflow-instant-1--eval-.yolov8/test/labels) by extensions ['colcon_meta']
[17.883s] Level 1:colcon.colcon_core.package_identification:_identify(mycobot_object.v1-roboflow-instant-1--eval-.yolov8/test/labels) by extension 'colcon_meta'
[17.883s] Level 1:colcon.colcon_core.package_identification:_identify(mycobot_object.v1-roboflow-instant-1--eval-.yolov8/test/labels) by extensions ['ros']
[17.883s] Level 1:colcon.colcon_core.package_identification:_identify(mycobot_object.v1-roboflow-instant-1--eval-.yolov8/test/labels) by extension 'ros'
[17.884s] Level 1:colcon.colcon_core.package_identification:_identify(mycobot_object.v1-roboflow-instant-1--eval-.yolov8/test/labels) by extensions ['cmake', 'python']
[17.884s] Level 1:colcon.colcon_core.package_identification:_identify(mycobot_object.v1-roboflow-instant-1--eval-.yolov8/test/labels) by extension 'cmake'
[17.884s] Level 1:colcon.colcon_core.package_identification:_identify(mycobot_object.v1-roboflow-instant-1--eval-.yolov8/test/labels) by extension 'python'
[17.884s] Level 1:colcon.colcon_core.package_identification:_identify(mycobot_object.v1-roboflow-instant-1--eval-.yolov8/test/labels) by extensions ['python_setup_py']
[17.884s] Level 1:colcon.colcon_core.package_identification:_identify(mycobot_object.v1-roboflow-instant-1--eval-.yolov8/test/labels) by extension 'python_setup_py'
[17.884s] Level 1:colcon.colcon_core.package_identification:_identify(mycobot_object.v1-roboflow-instant-1--eval-.yolov8/train) by extensions ['ignore', 'ignore_ament_install']
[17.884s] Level 1:colcon.colcon_core.package_identification:_identify(mycobot_object.v1-roboflow-instant-1--eval-.yolov8/train) by extension 'ignore'
[17.885s] Level 1:colcon.colcon_core.package_identification:_identify(mycobot_object.v1-roboflow-instant-1--eval-.yolov8/train) by extension 'ignore_ament_install'
[17.885s] Level 1:colcon.colcon_core.package_identification:_identify(mycobot_object.v1-roboflow-instant-1--eval-.yolov8/train) by extensions ['colcon_pkg']
[17.885s] Level 1:colcon.colcon_core.package_identification:_identify(mycobot_object.v1-roboflow-instant-1--eval-.yolov8/train) by extension 'colcon_pkg'
[17.885s] Level 1:colcon.colcon_core.package_identification:_identify(mycobot_object.v1-roboflow-instant-1--eval-.yolov8/train) by extensions ['colcon_meta']
[17.885s] Level 1:colcon.colcon_core.package_identification:_identify(mycobot_object.v1-roboflow-instant-1--eval-.yolov8/train) by extension 'colcon_meta'
[17.885s] Level 1:colcon.colcon_core.package_identification:_identify(mycobot_object.v1-roboflow-instant-1--eval-.yolov8/train) by extensions ['ros']
[17.885s] Level 1:colcon.colcon_core.package_identification:_identify(mycobot_object.v1-roboflow-instant-1--eval-.yolov8/train) by extension 'ros'
[17.885s] Level 1:colcon.colcon_core.package_identification:_identify(mycobot_object.v1-roboflow-instant-1--eval-.yolov8/train) by extensions ['cmake', 'python']
[17.885s] Level 1:colcon.colcon_core.package_identification:_identify(mycobot_object.v1-roboflow-instant-1--eval-.yolov8/train) by extension 'cmake'
[17.885s] Level 1:colcon.colcon_core.package_identification:_identify(mycobot_object.v1-roboflow-instant-1--eval-.yolov8/train) by extension 'python'
[17.886s] Level 1:colcon.colcon_core.package_identification:_identify(mycobot_object.v1-roboflow-instant-1--eval-.yolov8/train) by extensions ['python_setup_py']
[17.886s] Level 1:colcon.colcon_core.package_identification:_identify(mycobot_object.v1-roboflow-instant-1--eval-.yolov8/train) by extension 'python_setup_py'
[17.886s] Level 1:colcon.colcon_core.package_identification:_identify(mycobot_object.v1-roboflow-instant-1--eval-.yolov8/train/images) by extensions ['ignore', 'ignore_ament_install']
[17.886s] Level 1:colcon.colcon_core.package_identification:_identify(mycobot_object.v1-roboflow-instant-1--eval-.yolov8/train/images) by extension 'ignore'
[17.886s] Level 1:colcon.colcon_core.package_identification:_identify(mycobot_object.v1-roboflow-instant-1--eval-.yolov8/train/images) by extension 'ignore_ament_install'
[17.886s] Level 1:colcon.colcon_core.package_identification:_identify(mycobot_object.v1-roboflow-instant-1--eval-.yolov8/train/images) by extensions ['colcon_pkg']
[17.886s] Level 1:colcon.colcon_core.package_identification:_identify(mycobot_object.v1-roboflow-instant-1--eval-.yolov8/train/images) by extension 'colcon_pkg'
[17.887s] Level 1:colcon.colcon_core.package_identification:_identify(mycobot_object.v1-roboflow-instant-1--eval-.yolov8/train/images) by extensions ['colcon_meta']
[17.887s] Level 1:colcon.colcon_core.package_identification:_identify(mycobot_object.v1-roboflow-instant-1--eval-.yolov8/train/images) by extension 'colcon_meta'
[17.887s] Level 1:colcon.colcon_core.package_identification:_identify(mycobot_object.v1-roboflow-instant-1--eval-.yolov8/train/images) by extensions ['ros']
[17.887s] Level 1:colcon.colcon_core.package_identification:_identify(mycobot_object.v1-roboflow-instant-1--eval-.yolov8/train/images) by extension 'ros'
[17.887s] Level 1:colcon.colcon_core.package_identification:_identify(mycobot_object.v1-roboflow-instant-1--eval-.yolov8/train/images) by extensions ['cmake', 'python']
[17.887s] Level 1:colcon.colcon_core.package_identification:_identify(mycobot_object.v1-roboflow-instant-1--eval-.yolov8/train/images) by extension 'cmake'
[17.887s] Level 1:colcon.colcon_core.package_identification:_identify(mycobot_object.v1-roboflow-instant-1--eval-.yolov8/train/images) by extension 'python'
[17.887s] Level 1:colcon.colcon_core.package_identification:_identify(mycobot_object.v1-roboflow-instant-1--eval-.yolov8/train/images) by extensions ['python_setup_py']
[17.887s] Level 1:colcon.colcon_core.package_identification:_identify(mycobot_object.v1-roboflow-instant-1--eval-.yolov8/train/images) by extension 'python_setup_py'
[17.888s] Level 1:colcon.colcon_core.package_identification:_identify(mycobot_object.v1-roboflow-instant-1--eval-.yolov8/train/labels) by extensions ['ignore', 'ignore_ament_install']
[17.888s] Level 1:colcon.colcon_core.package_identification:_identify(mycobot_object.v1-roboflow-instant-1--eval-.yolov8/train/labels) by extension 'ignore'
[17.888s] Level 1:colcon.colcon_core.package_identification:_identify(mycobot_object.v1-roboflow-instant-1--eval-.yolov8/train/labels) by extension 'ignore_ament_install'
[17.888s] Level 1:colcon.colcon_core.package_identification:_identify(mycobot_object.v1-roboflow-instant-1--eval-.yolov8/train/labels) by extensions ['colcon_pkg']
[17.888s] Level 1:colcon.colcon_core.package_identification:_identify(mycobot_object.v1-roboflow-instant-1--eval-.yolov8/train/labels) by extension 'colcon_pkg'
[17.888s] Level 1:colcon.colcon_core.package_identification:_identify(mycobot_object.v1-roboflow-instant-1--eval-.yolov8/train/labels) by extensions ['colcon_meta']
[17.888s] Level 1:colcon.colcon_core.package_identification:_identify(mycobot_object.v1-roboflow-instant-1--eval-.yolov8/train/labels) by extension 'colcon_meta'
[17.888s] Level 1:colcon.colcon_core.package_identification:_identify(mycobot_object.v1-roboflow-instant-1--eval-.yolov8/train/labels) by extensions ['ros']
[17.888s] Level 1:colcon.colcon_core.package_identification:_identify(mycobot_object.v1-roboflow-instant-1--eval-.yolov8/train/labels) by extension 'ros'
[17.889s] Level 1:colcon.colcon_core.package_identification:_identify(mycobot_object.v1-roboflow-instant-1--eval-.yolov8/train/labels) by extensions ['cmake', 'python']
[17.889s] Level 1:colcon.colcon_core.package_identification:_identify(mycobot_object.v1-roboflow-instant-1--eval-.yolov8/train/labels) by extension 'cmake'
[17.889s] Level 1:colcon.colcon_core.package_identification:_identify(mycobot_object.v1-roboflow-instant-1--eval-.yolov8/train/labels) by extension 'python'
[17.889s] Level 1:colcon.colcon_core.package_identification:_identify(mycobot_object.v1-roboflow-instant-1--eval-.yolov8/train/labels) by extensions ['python_setup_py']
[17.889s] Level 1:colcon.colcon_core.package_identification:_identify(mycobot_object.v1-roboflow-instant-1--eval-.yolov8/train/labels) by extension 'python_setup_py'
[17.889s] Level 1:colcon.colcon_core.package_identification:_identify(mycobot_object.v1-roboflow-instant-1--eval-.yolov8/valid) by extensions ['ignore', 'ignore_ament_install']
[17.889s] Level 1:colcon.colcon_core.package_identification:_identify(mycobot_object.v1-roboflow-instant-1--eval-.yolov8/valid) by extension 'ignore'
[17.890s] Level 1:colcon.colcon_core.package_identification:_identify(mycobot_object.v1-roboflow-instant-1--eval-.yolov8/valid) by extension 'ignore_ament_install'
[17.890s] Level 1:colcon.colcon_core.package_identification:_identify(mycobot_object.v1-roboflow-instant-1--eval-.yolov8/valid) by extensions ['colcon_pkg']
[17.890s] Level 1:colcon.colcon_core.package_identification:_identify(mycobot_object.v1-roboflow-instant-1--eval-.yolov8/valid) by extension 'colcon_pkg'
[17.890s] Level 1:colcon.colcon_core.package_identification:_identify(mycobot_object.v1-roboflow-instant-1--eval-.yolov8/valid) by extensions ['colcon_meta']
[17.890s] Level 1:colcon.colcon_core.package_identification:_identify(mycobot_object.v1-roboflow-instant-1--eval-.yolov8/valid) by extension 'colcon_meta'
[17.890s] Level 1:colcon.colcon_core.package_identification:_identify(mycobot_object.v1-roboflow-instant-1--eval-.yolov8/valid) by extensions ['ros']
[17.890s] Level 1:colcon.colcon_core.package_identification:_identify(mycobot_object.v1-roboflow-instant-1--eval-.yolov8/valid) by extension 'ros'
[17.890s] Level 1:colcon.colcon_core.package_identification:_identify(mycobot_object.v1-roboflow-instant-1--eval-.yolov8/valid) by extensions ['cmake', 'python']
[17.890s] Level 1:colcon.colcon_core.package_identification:_identify(mycobot_object.v1-roboflow-instant-1--eval-.yolov8/valid) by extension 'cmake'
[17.890s] Level 1:colcon.colcon_core.package_identification:_identify(mycobot_object.v1-roboflow-instant-1--eval-.yolov8/valid) by extension 'python'
[17.890s] Level 1:colcon.colcon_core.package_identification:_identify(mycobot_object.v1-roboflow-instant-1--eval-.yolov8/valid) by extensions ['python_setup_py']
[17.891s] Level 1:colcon.colcon_core.package_identification:_identify(mycobot_object.v1-roboflow-instant-1--eval-.yolov8/valid) by extension 'python_setup_py'
[17.891s] Level 1:colcon.colcon_core.package_identification:_identify(mycobot_object.v1-roboflow-instant-1--eval-.yolov8/valid/images) by extensions ['ignore', 'ignore_ament_install']
[17.891s] Level 1:colcon.colcon_core.package_identification:_identify(mycobot_object.v1-roboflow-instant-1--eval-.yolov8/valid/images) by extension 'ignore'
[17.891s] Level 1:colcon.colcon_core.package_identification:_identify(mycobot_object.v1-roboflow-instant-1--eval-.yolov8/valid/images) by extension 'ignore_ament_install'
[17.891s] Level 1:colcon.colcon_core.package_identification:_identify(mycobot_object.v1-roboflow-instant-1--eval-.yolov8/valid/images) by extensions ['colcon_pkg']
[17.891s] Level 1:colcon.colcon_core.package_identification:_identify(mycobot_object.v1-roboflow-instant-1--eval-.yolov8/valid/images) by extension 'colcon_pkg'
[17.891s] Level 1:colcon.colcon_core.package_identification:_identify(mycobot_object.v1-roboflow-instant-1--eval-.yolov8/valid/images) by extensions ['colcon_meta']
[17.891s] Level 1:colcon.colcon_core.package_identification:_identify(mycobot_object.v1-roboflow-instant-1--eval-.yolov8/valid/images) by extension 'colcon_meta'
[17.892s] Level 1:colcon.colcon_core.package_identification:_identify(mycobot_object.v1-roboflow-instant-1--eval-.yolov8/valid/images) by extensions ['ros']
[17.892s] Level 1:colcon.colcon_core.package_identification:_identify(mycobot_object.v1-roboflow-instant-1--eval-.yolov8/valid/images) by extension 'ros'
[17.892s] Level 1:colcon.colcon_core.package_identification:_identify(mycobot_object.v1-roboflow-instant-1--eval-.yolov8/valid/images) by extensions ['cmake', 'python']
[17.892s] Level 1:colcon.colcon_core.package_identification:_identify(mycobot_object.v1-roboflow-instant-1--eval-.yolov8/valid/images) by extension 'cmake'
[17.892s] Level 1:colcon.colcon_core.package_identification:_identify(mycobot_object.v1-roboflow-instant-1--eval-.yolov8/valid/images) by extension 'python'
[17.892s] Level 1:colcon.colcon_core.package_identification:_identify(mycobot_object.v1-roboflow-instant-1--eval-.yolov8/valid/images) by extensions ['python_setup_py']
[17.892s] Level 1:colcon.colcon_core.package_identification:_identify(mycobot_object.v1-roboflow-instant-1--eval-.yolov8/valid/images) by extension 'python_setup_py'
[17.892s] Level 1:colcon.colcon_core.package_identification:_identify(mycobot_object.v1-roboflow-instant-1--eval-.yolov8/valid/labels) by extensions ['ignore', 'ignore_ament_install']
[17.893s] Level 1:colcon.colcon_core.package_identification:_identify(mycobot_object.v1-roboflow-instant-1--eval-.yolov8/valid/labels) by extension 'ignore'
[17.893s] Level 1:colcon.colcon_core.package_identification:_identify(mycobot_object.v1-roboflow-instant-1--eval-.yolov8/valid/labels) by extension 'ignore_ament_install'
[17.893s] Level 1:colcon.colcon_core.package_identification:_identify(mycobot_object.v1-roboflow-instant-1--eval-.yolov8/valid/labels) by extensions ['colcon_pkg']
[17.893s] Level 1:colcon.colcon_core.package_identification:_identify(mycobot_object.v1-roboflow-instant-1--eval-.yolov8/valid/labels) by extension 'colcon_pkg'
[17.893s] Level 1:colcon.colcon_core.package_identification:_identify(mycobot_object.v1-roboflow-instant-1--eval-.yolov8/valid/labels) by extensions ['colcon_meta']
[17.893s] Level 1:colcon.colcon_core.package_identification:_identify(mycobot_object.v1-roboflow-instant-1--eval-.yolov8/valid/labels) by extension 'colcon_meta'
[17.893s] Level 1:colcon.colcon_core.package_identification:_identify(mycobot_object.v1-roboflow-instant-1--eval-.yolov8/valid/labels) by extensions ['ros']
[17.893s] Level 1:colcon.colcon_core.package_identification:_identify(mycobot_object.v1-roboflow-instant-1--eval-.yolov8/valid/labels) by extension 'ros'
[17.893s] Level 1:colcon.colcon_core.package_identification:_identify(mycobot_object.v1-roboflow-instant-1--eval-.yolov8/valid/labels) by extensions ['cmake', 'python']
[17.893s] Level 1:colcon.colcon_core.package_identification:_identify(mycobot_object.v1-roboflow-instant-1--eval-.yolov8/valid/labels) by extension 'cmake'
[17.894s] Level 1:colcon.colcon_core.package_identification:_identify(mycobot_object.v1-roboflow-instant-1--eval-.yolov8/valid/labels) by extension 'python'
[17.894s] Level 1:colcon.colcon_core.package_identification:_identify(mycobot_object.v1-roboflow-instant-1--eval-.yolov8/valid/labels) by extensions ['python_setup_py']
[17.894s] Level 1:colcon.colcon_core.package_identification:_identify(mycobot_object.v1-roboflow-instant-1--eval-.yolov8/valid/labels) by extension 'python_setup_py'
[17.894s] Level 1:colcon.colcon_core.package_identification:_identify(runs) by extensions ['ignore', 'ignore_ament_install']
[17.894s] Level 1:colcon.colcon_core.package_identification:_identify(runs) by extension 'ignore'
[17.894s] Level 1:colcon.colcon_core.package_identification:_identify(runs) by extension 'ignore_ament_install'
[17.894s] Level 1:colcon.colcon_core.package_identification:_identify(runs) by extensions ['colcon_pkg']
[17.894s] Level 1:colcon.colcon_core.package_identification:_identify(runs) by extension 'colcon_pkg'
[17.894s] Level 1:colcon.colcon_core.package_identification:_identify(runs) by extensions ['colcon_meta']
[17.895s] Level 1:colcon.colcon_core.package_identification:_identify(runs) by extension 'colcon_meta'
[17.895s] Level 1:colcon.colcon_core.package_identification:_identify(runs) by extensions ['ros']
[17.895s] Level 1:colcon.colcon_core.package_identification:_identify(runs) by extension 'ros'
[17.895s] Level 1:colcon.colcon_core.package_identification:_identify(runs) by extensions ['cmake', 'python']
[17.895s] Level 1:colcon.colcon_core.package_identification:_identify(runs) by extension 'cmake'
[17.895s] Level 1:colcon.colcon_core.package_identification:_identify(runs) by extension 'python'
[17.895s] Level 1:colcon.colcon_core.package_identification:_identify(runs) by extensions ['python_setup_py']
[17.895s] Level 1:colcon.colcon_core.package_identification:_identify(runs) by extension 'python_setup_py'
[17.895s] Level 1:colcon.colcon_core.package_identification:_identify(runs/detect) by extensions ['ignore', 'ignore_ament_install']
[17.896s] Level 1:colcon.colcon_core.package_identification:_identify(runs/detect) by extension 'ignore'
[17.896s] Level 1:colcon.colcon_core.package_identification:_identify(runs/detect) by extension 'ignore_ament_install'
[17.896s] Level 1:colcon.colcon_core.package_identification:_identify(runs/detect) by extensions ['colcon_pkg']
[17.896s] Level 1:colcon.colcon_core.package_identification:_identify(runs/detect) by extension 'colcon_pkg'
[17.896s] Level 1:colcon.colcon_core.package_identification:_identify(runs/detect) by extensions ['colcon_meta']
[17.896s] Level 1:colcon.colcon_core.package_identification:_identify(runs/detect) by extension 'colcon_meta'
[17.896s] Level 1:colcon.colcon_core.package_identification:_identify(runs/detect) by extensions ['ros']
[17.896s] Level 1:colcon.colcon_core.package_identification:_identify(runs/detect) by extension 'ros'
[17.896s] Level 1:colcon.colcon_core.package_identification:_identify(runs/detect) by extensions ['cmake', 'python']
[17.896s] Level 1:colcon.colcon_core.package_identification:_identify(runs/detect) by extension 'cmake'
[17.897s] Level 1:colcon.colcon_core.package_identification:_identify(runs/detect) by extension 'python'
[17.897s] Level 1:colcon.colcon_core.package_identification:_identify(runs/detect) by extensions ['python_setup_py']
[17.897s] Level 1:colcon.colcon_core.package_identification:_identify(runs/detect) by extension 'python_setup_py'
[17.897s] Level 1:colcon.colcon_core.package_identification:_identify(runs/detect/mycobot_final) by extensions ['ignore', 'ignore_ament_install']
[17.897s] Level 1:colcon.colcon_core.package_identification:_identify(runs/detect/mycobot_final) by extension 'ignore'
[17.897s] Level 1:colcon.colcon_core.package_identification:_identify(runs/detect/mycobot_final) by extension 'ignore_ament_install'
[17.898s] Level 1:colcon.colcon_core.package_identification:_identify(runs/detect/mycobot_final) by extensions ['colcon_pkg']
[17.898s] Level 1:colcon.colcon_core.package_identification:_identify(runs/detect/mycobot_final) by extension 'colcon_pkg'
[17.898s] Level 1:colcon.colcon_core.package_identification:_identify(runs/detect/mycobot_final) by extensions ['colcon_meta']
[17.898s] Level 1:colcon.colcon_core.package_identification:_identify(runs/detect/mycobot_final) by extension 'colcon_meta'
[17.898s] Level 1:colcon.colcon_core.package_identification:_identify(runs/detect/mycobot_final) by extensions ['ros']
[17.898s] Level 1:colcon.colcon_core.package_identification:_identify(runs/detect/mycobot_final) by extension 'ros'
[17.898s] Level 1:colcon.colcon_core.package_identification:_identify(runs/detect/mycobot_final) by extensions ['cmake', 'python']
[17.898s] Level 1:colcon.colcon_core.package_identification:_identify(runs/detect/mycobot_final) by extension 'cmake'
[17.898s] Level 1:colcon.colcon_core.package_identification:_identify(runs/detect/mycobot_final) by extension 'python'
[17.898s] Level 1:colcon.colcon_core.package_identification:_identify(runs/detect/mycobot_final) by extensions ['python_setup_py']
[17.898s] Level 1:colcon.colcon_core.package_identification:_identify(runs/detect/mycobot_final) by extension 'python_setup_py'
[17.899s] Level 1:colcon.colcon_core.package_identification:_identify(runs/detect/mycobot_final/weights) by extensions ['ignore', 'ignore_ament_install']
[17.899s] Level 1:colcon.colcon_core.package_identification:_identify(runs/detect/mycobot_final/weights) by extension 'ignore'
[17.899s] Level 1:colcon.colcon_core.package_identification:_identify(runs/detect/mycobot_final/weights) by extension 'ignore_ament_install'
[17.899s] Level 1:colcon.colcon_core.package_identification:_identify(runs/detect/mycobot_final/weights) by extensions ['colcon_pkg']
[17.899s] Level 1:colcon.colcon_core.package_identification:_identify(runs/detect/mycobot_final/weights) by extension 'colcon_pkg'
[17.899s] Level 1:colcon.colcon_core.package_identification:_identify(runs/detect/mycobot_final/weights) by extensions ['colcon_meta']
[17.899s] Level 1:colcon.colcon_core.package_identification:_identify(runs/detect/mycobot_final/weights) by extension 'colcon_meta'
[17.900s] Level 1:colcon.colcon_core.package_identification:_identify(runs/detect/mycobot_final/weights) by extensions ['ros']
[17.900s] Level 1:colcon.colcon_core.package_identification:_identify(runs/detect/mycobot_final/weights) by extension 'ros'
[17.900s] Level 1:colcon.colcon_core.package_identification:_identify(runs/detect/mycobot_final/weights) by extensions ['cmake', 'python']
[17.900s] Level 1:colcon.colcon_core.package_identification:_identify(runs/detect/mycobot_final/weights) by extension 'cmake'
[17.900s] Level 1:colcon.colcon_core.package_identification:_identify(runs/detect/mycobot_final/weights) by extension 'python'
[17.900s] Level 1:colcon.colcon_core.package_identification:_identify(runs/detect/mycobot_final/weights) by extensions ['python_setup_py']
[17.900s] Level 1:colcon.colcon_core.package_identification:_identify(runs/detect/mycobot_final/weights) by extension 'python_setup_py'
[17.900s] Level 1:colcon.colcon_core.package_identification:_identify(runs/detect/mycobot_final2) by extensions ['ignore', 'ignore_ament_install']
[17.901s] Level 1:colcon.colcon_core.package_identification:_identify(runs/detect/mycobot_final2) by extension 'ignore'
[17.901s] Level 1:colcon.colcon_core.package_identification:_identify(runs/detect/mycobot_final2) by extension 'ignore_ament_install'
[17.901s] Level 1:colcon.colcon_core.package_identification:_identify(runs/detect/mycobot_final2) by extensions ['colcon_pkg']
[17.901s] Level 1:colcon.colcon_core.package_identification:_identify(runs/detect/mycobot_final2) by extension 'colcon_pkg'
[17.901s] Level 1:colcon.colcon_core.package_identification:_identify(runs/detect/mycobot_final2) by extensions ['colcon_meta']
[17.901s] Level 1:colcon.colcon_core.package_identification:_identify(runs/detect/mycobot_final2) by extension 'colcon_meta'
[17.901s] Level 1:colcon.colcon_core.package_identification:_identify(runs/detect/mycobot_final2) by extensions ['ros']
[17.901s] Level 1:colcon.colcon_core.package_identification:_identify(runs/detect/mycobot_final2) by extension 'ros'
[17.901s] Level 1:colcon.colcon_core.package_identification:_identify(runs/detect/mycobot_final2) by extensions ['cmake', 'python']
[17.902s] Level 1:colcon.colcon_core.package_identification:_identify(runs/detect/mycobot_final2) by extension 'cmake'
[17.902s] Level 1:colcon.colcon_core.package_identification:_identify(runs/detect/mycobot_final2) by extension 'python'
[17.902s] Level 1:colcon.colcon_core.package_identification:_identify(runs/detect/mycobot_final2) by extensions ['python_setup_py']
[17.902s] Level 1:colcon.colcon_core.package_identification:_identify(runs/detect/mycobot_final2) by extension 'python_setup_py'
[17.902s] Level 1:colcon.colcon_core.package_identification:_identify(runs/detect/mycobot_final2/weights) by extensions ['ignore', 'ignore_ament_install']
[17.902s] Level 1:colcon.colcon_core.package_identification:_identify(runs/detect/mycobot_final2/weights) by extension 'ignore'
[17.902s] Level 1:colcon.colcon_core.package_identification:_identify(runs/detect/mycobot_final2/weights) by extension 'ignore_ament_install'
[17.902s] Level 1:colcon.colcon_core.package_identification:_identify(runs/detect/mycobot_final2/weights) by extensions ['colcon_pkg']
[17.902s] Level 1:colcon.colcon_core.package_identification:_identify(runs/detect/mycobot_final2/weights) by extension 'colcon_pkg'
[17.903s] Level 1:colcon.colcon_core.package_identification:_identify(runs/detect/mycobot_final2/weights) by extensions ['colcon_meta']
[17.903s] Level 1:colcon.colcon_core.package_identification:_identify(runs/detect/mycobot_final2/weights) by extension 'colcon_meta'
[17.903s] Level 1:colcon.colcon_core.package_identification:_identify(runs/detect/mycobot_final2/weights) by extensions ['ros']
[17.903s] Level 1:colcon.colcon_core.package_identification:_identify(runs/detect/mycobot_final2/weights) by extension 'ros'
[17.903s] Level 1:colcon.colcon_core.package_identification:_identify(runs/detect/mycobot_final2/weights) by extensions ['cmake', 'python']
[17.903s] Level 1:colcon.colcon_core.package_identification:_identify(runs/detect/mycobot_final2/weights) by extension 'cmake'
[17.903s] Level 1:colcon.colcon_core.package_identification:_identify(runs/detect/mycobot_final2/weights) by extension 'python'
[17.903s] Level 1:colcon.colcon_core.package_identification:_identify(runs/detect/mycobot_final2/weights) by extensions ['python_setup_py']
[17.903s] Level 1:colcon.colcon_core.package_identification:_identify(runs/detect/mycobot_final2/weights) by extension 'python_setup_py'
[17.904s] Level 1:colcon.colcon_core.package_identification:_identify(runs/detect/predict) by extensions ['ignore', 'ignore_ament_install']
[17.904s] Level 1:colcon.colcon_core.package_identification:_identify(runs/detect/predict) by extension 'ignore'
[17.904s] Level 1:colcon.colcon_core.package_identification:_identify(runs/detect/predict) by extension 'ignore_ament_install'
[17.904s] Level 1:colcon.colcon_core.package_identification:_identify(runs/detect/predict) by extensions ['colcon_pkg']
[17.904s] Level 1:colcon.colcon_core.package_identification:_identify(runs/detect/predict) by extension 'colcon_pkg'
[17.904s] Level 1:colcon.colcon_core.package_identification:_identify(runs/detect/predict) by extensions ['colcon_meta']
[17.904s] Level 1:colcon.colcon_core.package_identification:_identify(runs/detect/predict) by extension 'colcon_meta'
[17.904s] Level 1:colcon.colcon_core.package_identification:_identify(runs/detect/predict) by extensions ['ros']
[17.904s] Level 1:colcon.colcon_core.package_identification:_identify(runs/detect/predict) by extension 'ros'
[17.905s] Level 1:colcon.colcon_core.package_identification:_identify(runs/detect/predict) by extensions ['cmake', 'python']
[17.905s] Level 1:colcon.colcon_core.package_identification:_identify(runs/detect/predict) by extension 'cmake'
[17.905s] Level 1:colcon.colcon_core.package_identification:_identify(runs/detect/predict) by extension 'python'
[17.905s] Level 1:colcon.colcon_core.package_identification:_identify(runs/detect/predict) by extensions ['python_setup_py']
[17.905s] Level 1:colcon.colcon_core.package_identification:_identify(runs/detect/predict) by extension 'python_setup_py'
[17.905s] Level 1:colcon.colcon_core.package_identification:_identify(runs/detect/train_new_object) by extensions ['ignore', 'ignore_ament_install']
[17.905s] Level 1:colcon.colcon_core.package_identification:_identify(runs/detect/train_new_object) by extension 'ignore'
[17.906s] Level 1:colcon.colcon_core.package_identification:_identify(runs/detect/train_new_object) by extension 'ignore_ament_install'
[17.906s] Level 1:colcon.colcon_core.package_identification:_identify(runs/detect/train_new_object) by extensions ['colcon_pkg']
[17.906s] Level 1:colcon.colcon_core.package_identification:_identify(runs/detect/train_new_object) by extension 'colcon_pkg'
[17.906s] Level 1:colcon.colcon_core.package_identification:_identify(runs/detect/train_new_object) by extensions ['colcon_meta']
[17.906s] Level 1:colcon.colcon_core.package_identification:_identify(runs/detect/train_new_object) by extension 'colcon_meta'
[17.906s] Level 1:colcon.colcon_core.package_identification:_identify(runs/detect/train_new_object) by extensions ['ros']
[17.906s] Level 1:colcon.colcon_core.package_identification:_identify(runs/detect/train_new_object) by extension 'ros'
[17.906s] Level 1:colcon.colcon_core.package_identification:_identify(runs/detect/train_new_object) by extensions ['cmake', 'python']
[17.906s] Level 1:colcon.colcon_core.package_identification:_identify(runs/detect/train_new_object) by extension 'cmake'
[17.906s] Level 1:colcon.colcon_core.package_identification:_identify(runs/detect/train_new_object) by extension 'python'
[17.907s] Level 1:colcon.colcon_core.package_identification:_identify(runs/detect/train_new_object) by extensions ['python_setup_py']
[17.907s] Level 1:colcon.colcon_core.package_identification:_identify(runs/detect/train_new_object) by extension 'python_setup_py'
[17.907s] Level 1:colcon.colcon_core.package_identification:_identify(runs/detect/train_new_object/weights) by extensions ['ignore', 'ignore_ament_install']
[17.907s] Level 1:colcon.colcon_core.package_identification:_identify(runs/detect/train_new_object/weights) by extension 'ignore'
[17.907s] Level 1:colcon.colcon_core.package_identification:_identify(runs/detect/train_new_object/weights) by extension 'ignore_ament_install'
[17.907s] Level 1:colcon.colcon_core.package_identification:_identify(runs/detect/train_new_object/weights) by extensions ['colcon_pkg']
[17.907s] Level 1:colcon.colcon_core.package_identification:_identify(runs/detect/train_new_object/weights) by extension 'colcon_pkg'
[17.908s] Level 1:colcon.colcon_core.package_identification:_identify(runs/detect/train_new_object/weights) by extensions ['colcon_meta']
[17.908s] Level 1:colcon.colcon_core.package_identification:_identify(runs/detect/train_new_object/weights) by extension 'colcon_meta'
[17.908s] Level 1:colcon.colcon_core.package_identification:_identify(runs/detect/train_new_object/weights) by extensions ['ros']
[17.908s] Level 1:colcon.colcon_core.package_identification:_identify(runs/detect/train_new_object/weights) by extension 'ros'
[17.908s] Level 1:colcon.colcon_core.package_identification:_identify(runs/detect/train_new_object/weights) by extensions ['cmake', 'python']
[17.908s] Level 1:colcon.colcon_core.package_identification:_identify(runs/detect/train_new_object/weights) by extension 'cmake'
[17.908s] Level 1:colcon.colcon_core.package_identification:_identify(runs/detect/train_new_object/weights) by extension 'python'
[17.908s] Level 1:colcon.colcon_core.package_identification:_identify(runs/detect/train_new_object/weights) by extensions ['python_setup_py']
[17.908s] Level 1:colcon.colcon_core.package_identification:_identify(runs/detect/train_new_object/weights) by extension 'python_setup_py'
[17.909s] Level 1:colcon.colcon_core.package_identification:_identify(src) by extensions ['ignore', 'ignore_ament_install']
[17.909s] Level 1:colcon.colcon_core.package_identification:_identify(src) by extension 'ignore'
[17.909s] Level 1:colcon.colcon_core.package_identification:_identify(src) by extension 'ignore_ament_install'
[17.909s] Level 1:colcon.colcon_core.package_identification:_identify(src) by extensions ['colcon_pkg']
[17.909s] Level 1:colcon.colcon_core.package_identification:_identify(src) by extension 'colcon_pkg'
[17.909s] Level 1:colcon.colcon_core.package_identification:_identify(src) by extensions ['colcon_meta']
[17.909s] Level 1:colcon.colcon_core.package_identification:_identify(src) by extension 'colcon_meta'
[17.909s] Level 1:colcon.colcon_core.package_identification:_identify(src) by extensions ['ros']
[17.909s] Level 1:colcon.colcon_core.package_identification:_identify(src) by extension 'ros'
[17.909s] Level 1:colcon.colcon_core.package_identification:_identify(src) by extensions ['cmake', 'python']
[17.910s] Level 1:colcon.colcon_core.package_identification:_identify(src) by extension 'cmake'
[17.910s] Level 1:colcon.colcon_core.package_identification:_identify(src) by extension 'python'
[17.910s] Level 1:colcon.colcon_core.package_identification:_identify(src) by extensions ['python_setup_py']
[17.910s] Level 1:colcon.colcon_core.package_identification:_identify(src) by extension 'python_setup_py'
[17.910s] Level 1:colcon.colcon_core.package_identification:_identify(src/build) by extensions ['ignore', 'ignore_ament_install']
[17.910s] Level 1:colcon.colcon_core.package_identification:_identify(src/build) by extension 'ignore'
[17.910s] Level 1:colcon.colcon_core.package_identification:_identify(src/build) ignored
[17.910s] Level 1:colcon.colcon_core.package_identification:_identify(src/install) by extensions ['ignore', 'ignore_ament_install']
[17.911s] Level 1:colcon.colcon_core.package_identification:_identify(src/install) by extension 'ignore'
[17.911s] Level 1:colcon.colcon_core.package_identification:_identify(src/install) ignored
[17.911s] Level 1:colcon.colcon_core.package_identification:_identify(src/log) by extensions ['ignore', 'ignore_ament_install']
[17.911s] Level 1:colcon.colcon_core.package_identification:_identify(src/log) by extension 'ignore'
[17.911s] Level 1:colcon.colcon_core.package_identification:_identify(src/log) ignored
[17.911s] Level 1:colcon.colcon_core.package_identification:_identify(src/my_launch_pkg) by extensions ['ignore', 'ignore_ament_install']
[17.911s] Level 1:colcon.colcon_core.package_identification:_identify(src/my_launch_pkg) by extension 'ignore'
[17.912s] Level 1:colcon.colcon_core.package_identification:_identify(src/my_launch_pkg) by extension 'ignore_ament_install'
[17.912s] Level 1:colcon.colcon_core.package_identification:_identify(src/my_launch_pkg) by extensions ['colcon_pkg']
[17.912s] Level 1:colcon.colcon_core.package_identification:_identify(src/my_launch_pkg) by extension 'colcon_pkg'
[17.912s] Level 1:colcon.colcon_core.package_identification:_identify(src/my_launch_pkg) by extensions ['colcon_meta']
[17.912s] Level 1:colcon.colcon_core.package_identification:_identify(src/my_launch_pkg) by extension 'colcon_meta'
[17.912s] Level 1:colcon.colcon_core.package_identification:_identify(src/my_launch_pkg) by extensions ['ros']
[17.912s] Level 1:colcon.colcon_core.package_identification:_identify(src/my_launch_pkg) by extension 'ros'
[17.919s] DEBUG:colcon.colcon_core.package_identification:Package 'src/my_launch_pkg' with type 'ros.ament_python' and name 'my_launch_pkg'
[17.919s] Level 1:colcon.colcon_core.package_identification:_identify(src/mycobot_arm) by extensions ['ignore', 'ignore_ament_install']
[17.919s] Level 1:colcon.colcon_core.package_identification:_identify(src/mycobot_arm) by extension 'ignore'
[17.919s] Level 1:colcon.colcon_core.package_identification:_identify(src/mycobot_arm) by extension 'ignore_ament_install'
[17.919s] Level 1:colcon.colcon_core.package_identification:_identify(src/mycobot_arm) by extensions ['colcon_pkg']
[17.919s] Level 1:colcon.colcon_core.package_identification:_identify(src/mycobot_arm) by extension 'colcon_pkg'
[17.920s] Level 1:colcon.colcon_core.package_identification:_identify(src/mycobot_arm) by extensions ['colcon_meta']
[17.920s] Level 1:colcon.colcon_core.package_identification:_identify(src/mycobot_arm) by extension 'colcon_meta'
[17.920s] Level 1:colcon.colcon_core.package_identification:_identify(src/mycobot_arm) by extensions ['ros']
[17.920s] Level 1:colcon.colcon_core.package_identification:_identify(src/mycobot_arm) by extension 'ros'
[17.921s] DEBUG:colcon.colcon_core.package_identification:Package 'src/mycobot_arm' with type 'ros.ament_python' and name 'mycobot_arm'
[17.921s] Level 1:colcon.colcon_core.package_identification:_identify(src/nav_handler) by extensions ['ignore', 'ignore_ament_install']
[17.922s] Level 1:colcon.colcon_core.package_identification:_identify(src/nav_handler) by extension 'ignore'
[17.922s] Level 1:colcon.colcon_core.package_identification:_identify(src/nav_handler) by extension 'ignore_ament_install'
[17.922s] Level 1:colcon.colcon_core.package_identification:_identify(src/nav_handler) by extensions ['colcon_pkg']
[17.922s] Level 1:colcon.colcon_core.package_identification:_identify(src/nav_handler) by extension 'colcon_pkg'
[17.922s] Level 1:colcon.colcon_core.package_identification:_identify(src/nav_handler) by extensions ['colcon_meta']
[17.922s] Level 1:colcon.colcon_core.package_identification:_identify(src/nav_handler) by extension 'colcon_meta'
[17.922s] Level 1:colcon.colcon_core.package_identification:_identify(src/nav_handler) by extensions ['ros']
[17.922s] Level 1:colcon.colcon_core.package_identification:_identify(src/nav_handler) by extension 'ros'
[17.924s] DEBUG:colcon.colcon_core.package_identification:Package 'src/nav_handler' with type 'ros.ament_python' and name 'nav_handler'
[17.924s] Level 1:colcon.colcon_core.package_identification:_identify(src/object_detector) by extensions ['ignore', 'ignore_ament_install']
[17.924s] Level 1:colcon.colcon_core.package_identification:_identify(src/object_detector) by extension 'ignore'
[17.924s] Level 1:colcon.colcon_core.package_identification:_identify(src/object_detector) by extension 'ignore_ament_install'
[17.925s] Level 1:colcon.colcon_core.package_identification:_identify(src/object_detector) by extensions ['colcon_pkg']
[17.925s] Level 1:colcon.colcon_core.package_identification:_identify(src/object_detector) by extension 'colcon_pkg'
[17.925s] Level 1:colcon.colcon_core.package_identification:_identify(src/object_detector) by extensions ['colcon_meta']
[17.925s] Level 1:colcon.colcon_core.package_identification:_identify(src/object_detector) by extension 'colcon_meta'
[17.925s] Level 1:colcon.colcon_core.package_identification:_identify(src/object_detector) by extensions ['ros']
[17.925s] Level 1:colcon.colcon_core.package_identification:_identify(src/object_detector) by extension 'ros'
[17.929s] DEBUG:colcon.colcon_core.package_identification:Package 'src/object_detector' with type 'ros.ament_python' and name 'object_detector'
[17.929s] Level 1:colcon.colcon_core.package_identification:_identify(src/vision_msgs) by extensions ['ignore', 'ignore_ament_install']
[17.929s] Level 1:colcon.colcon_core.package_identification:_identify(src/vision_msgs) by extension 'ignore'
[17.930s] Level 1:colcon.colcon_core.package_identification:_identify(src/vision_msgs) by extension 'ignore_ament_install'
[17.930s] Level 1:colcon.colcon_core.package_identification:_identify(src/vision_msgs) by extensions ['colcon_pkg']
[17.930s] Level 1:colcon.colcon_core.package_identification:_identify(src/vision_msgs) by extension 'colcon_pkg'
[17.930s] Level 1:colcon.colcon_core.package_identification:_identify(src/vision_msgs) by extensions ['colcon_meta']
[17.930s] Level 1:colcon.colcon_core.package_identification:_identify(src/vision_msgs) by extension 'colcon_meta'
[17.930s] Level 1:colcon.colcon_core.package_identification:_identify(src/vision_msgs) by extensions ['ros']
[17.930s] Level 1:colcon.colcon_core.package_identification:_identify(src/vision_msgs) by extension 'ros'
[17.931s] Level 1:colcon.colcon_core.package_identification:_identify(src/vision_msgs) by extensions ['cmake', 'python']
[17.931s] Level 1:colcon.colcon_core.package_identification:_identify(src/vision_msgs) by extension 'cmake'
[17.931s] Level 1:colcon.colcon_core.package_identification:_identify(src/vision_msgs) by extension 'python'
[17.931s] Level 1:colcon.colcon_core.package_identification:_identify(src/vision_msgs) by extensions ['python_setup_py']
[17.931s] Level 1:colcon.colcon_core.package_identification:_identify(src/vision_msgs) by extension 'python_setup_py'
[17.931s] Level 1:colcon.colcon_core.package_identification:_identify(src/vision_msgs/vision_msgs) by extensions ['ignore', 'ignore_ament_install']
[17.931s] Level 1:colcon.colcon_core.package_identification:_identify(src/vision_msgs/vision_msgs) by extension 'ignore'
[17.931s] Level 1:colcon.colcon_core.package_identification:_identify(src/vision_msgs/vision_msgs) by extension 'ignore_ament_install'
[17.932s] Level 1:colcon.colcon_core.package_identification:_identify(src/vision_msgs/vision_msgs) by extensions ['colcon_pkg']
[17.932s] Level 1:colcon.colcon_core.package_identification:_identify(src/vision_msgs/vision_msgs) by extension 'colcon_pkg'
[17.932s] Level 1:colcon.colcon_core.package_identification:_identify(src/vision_msgs/vision_msgs) by extensions ['colcon_meta']
[17.932s] Level 1:colcon.colcon_core.package_identification:_identify(src/vision_msgs/vision_msgs) by extension 'colcon_meta'
[17.932s] Level 1:colcon.colcon_core.package_identification:_identify(src/vision_msgs/vision_msgs) by extensions ['ros']
[17.932s] Level 1:colcon.colcon_core.package_identification:_identify(src/vision_msgs/vision_msgs) by extension 'ros'
[17.933s] DEBUG:colcon.colcon_core.package_identification:Package 'src/vision_msgs/vision_msgs' with type 'ros.ament_cmake' and name 'vision_msgs'
[17.934s] Level 1:colcon.colcon_core.package_identification:_identify(src/vision_msgs/vision_msgs_rviz_plugins) by extensions ['ignore', 'ignore_ament_install']
[17.934s] Level 1:colcon.colcon_core.package_identification:_identify(src/vision_msgs/vision_msgs_rviz_plugins) by extension 'ignore'
[17.934s] Level 1:colcon.colcon_core.package_identification:_identify(src/vision_msgs/vision_msgs_rviz_plugins) by extension 'ignore_ament_install'
[17.934s] Level 1:colcon.colcon_core.package_identification:_identify(src/vision_msgs/vision_msgs_rviz_plugins) by extensions ['colcon_pkg']
[17.934s] Level 1:colcon.colcon_core.package_identification:_identify(src/vision_msgs/vision_msgs_rviz_plugins) by extension 'colcon_pkg'
[17.934s] Level 1:colcon.colcon_core.package_identification:_identify(src/vision_msgs/vision_msgs_rviz_plugins) by extensions ['colcon_meta']
[17.934s] Level 1:colcon.colcon_core.package_identification:_identify(src/vision_msgs/vision_msgs_rviz_plugins) by extension 'colcon_meta'
[17.935s] Level 1:colcon.colcon_core.package_identification:_identify(src/vision_msgs/vision_msgs_rviz_plugins) by extensions ['ros']
[17.935s] Level 1:colcon.colcon_core.package_identification:_identify(src/vision_msgs/vision_msgs_rviz_plugins) by extension 'ros'
[17.937s] DEBUG:colcon.colcon_core.package_identification:Package 'src/vision_msgs/vision_msgs_rviz_plugins' with type 'ros.ament_cmake' and name 'vision_msgs_rviz_plugins'
[17.937s] Level 1:colcon.colcon_core.package_discovery:discover_packages(recursive) using defaults
[17.937s] Level 1:colcon.colcon_core.package_discovery:discover_packages(ignore) discover
[17.937s] Level 1:colcon.colcon_core.package_discovery:discover_packages(ignore) using defaults
[17.937s] Level 1:colcon.colcon_core.package_discovery:discover_packages(path) discover
[17.937s] Level 1:colcon.colcon_core.package_discovery:discover_packages(path) using defaults
[18.807s] INFO:colcon.colcon_core.package_selection:Skipping not selected package 'my_launch_pkg' in 'src/my_launch_pkg'
[18.807s] INFO:colcon.colcon_core.package_selection:Skipping not selected package 'mycobot_arm' in 'src/mycobot_arm'
[18.807s] INFO:colcon.colcon_core.package_selection:Skipping not selected package 'object_detector' in 'src/object_detector'
[18.807s] INFO:colcon.colcon_core.package_selection:Skipping not selected package 'vision_msgs' in 'src/vision_msgs/vision_msgs'
[18.807s] INFO:colcon.colcon_core.package_selection:Skipping not selected package 'vision_msgs_rviz_plugins' in 'src/vision_msgs/vision_msgs_rviz_plugins'
[19.350s] Level 1:colcon.colcon_core.package_discovery:discover_packages(prefix_path) check parameters
[19.351s] Level 1:colcon.colcon_core.package_discovery:discover_packages(prefix_path) discover
[19.905s] DEBUG:colcon.colcon_installed_package_information.package_discovery:Found 6 installed packages in /home/agilex/krish_ws/install
[20.180s] DEBUG:colcon.colcon_installed_package_information.package_discovery:Found 71 installed packages in /home/agilex/limo_ros2_ws/install
[20.456s] DEBUG:colcon.colcon_installed_package_information.package_discovery:Found 359 installed packages in /opt/ros/foxy
[20.463s] Level 1:colcon.colcon_core.package_discovery:discover_packages(prefix_path) using defaults
[21.181s] Level 5:colcon.colcon_core.verb:set package 'nav_handler' build argument 'cmake_args' from command line to 'None'
[21.181s] Level 5:colcon.colcon_core.verb:set package 'nav_handler' build argument 'cmake_target' from command line to 'None'
[21.181s] Level 5:colcon.colcon_core.verb:set package 'nav_handler' build argument 'cmake_target_skip_unavailable' from command line to 'False'
[21.181s] Level 5:colcon.colcon_core.verb:set package 'nav_handler' build argument 'cmake_clean_cache' from command line to 'False'
[21.181s] Level 5:colcon.colcon_core.verb:set package 'nav_handler' build argument 'cmake_clean_first' from command line to 'False'
[21.181s] Level 5:colcon.colcon_core.verb:set package 'nav_handler' build argument 'cmake_force_configure' from command line to 'False'
[21.181s] Level 5:colcon.colcon_core.verb:set package 'nav_handler' build argument 'ament_cmake_args' from command line to 'None'
[21.181s] Level 5:colcon.colcon_core.verb:set package 'nav_handler' build argument 'catkin_cmake_args' from command line to 'None'
[21.181s] Level 5:colcon.colcon_core.verb:set package 'nav_handler' build argument 'catkin_skip_building_tests' from command line to 'False'
[21.181s] DEBUG:colcon.colcon_core.verb:Building package 'nav_handler' with the following arguments: {'ament_cmake_args': None, 'build_base': '/home/agilex/krish_ws/build/nav_handler', 'catkin_cmake_args': None, 'catkin_skip_building_tests': False, 'cmake_args': None, 'cmake_clean_cache': False, 'cmake_clean_first': False, 'cmake_force_configure': False, 'cmake_target': None, 'cmake_target_skip_unavailable': False, 'install_base': '/home/agilex/krish_ws/install/nav_handler', 'merge_install': False, 'path': '/home/agilex/krish_ws/src/nav_handler', 'symlink_install': False, 'test_result_base': None}
[21.453s] INFO:colcon.colcon_core.executor:Executing jobs using 'parallel' executor
[21.726s] DEBUG:colcon.colcon_parallel_executor.executor.parallel:run_until_complete
[21.727s] INFO:colcon.colcon_ros.task.ament_python.build:Building ROS package in '/home/agilex/krish_ws/src/nav_handler' with build type 'ament_python'
[21.728s] Level 1:colcon.colcon_core.shell:create_environment_hook('nav_handler', 'ament_prefix_path')
[22.032s] INFO:colcon.colcon_core.plugin_system:Skipping extension 'colcon_core.shell.bat': Not used on non-Windows systems
[22.033s] INFO:colcon.colcon_core.shell:Creating environment hook '/home/agilex/krish_ws/install/nav_handler/share/nav_handler/hook/ament_prefix_path.ps1'
[22.034s] INFO:colcon.colcon_core.shell:Creating environment descriptor '/home/agilex/krish_ws/install/nav_handler/share/nav_handler/hook/ament_prefix_path.dsv'
[22.035s] INFO:colcon.colcon_core.shell:Creating environment hook '/home/agilex/krish_ws/install/nav_handler/share/nav_handler/hook/ament_prefix_path.sh'
[22.320s] INFO:colcon.colcon_core.shell:Skip shell extension 'powershell' for command environment: Not usable outside of PowerShell
[22.320s] DEBUG:colcon.colcon_core.shell:Skip shell extension 'dsv' for command environment
[24.094s] INFO:colcon.colcon_core.task.python.build:Building Python package in '/home/agilex/krish_ws/src/nav_handler'
[24.411s] INFO:colcon.colcon_core.shell:Skip shell extension 'powershell' for command environment: Not usable outside of PowerShell
[24.411s] DEBUG:colcon.colcon_core.shell:Skip shell extension 'dsv' for command environment
[27.468s] DEBUG:colcon.colcon_core.event_handler.log_command:Invoking command in '/home/agilex/krish_ws/src/nav_handler': PYTHONPATH=/home/agilex/krish_ws/build/nav_handler/prefix_override:/home/agilex/krish_ws/install/nav_handler/lib/python3.8/site-packages:${PYTHONPATH} /usr/bin/python3 setup.py egg_info --egg-base ../../build/nav_handler build --build-base /home/agilex/krish_ws/build/nav_handler/build install --record /home/agilex/krish_ws/build/nav_handler/install.log --install-scripts $base/lib/nav_handler --single-version-externally-managed
[28.931s] DEBUG:colcon.colcon_core.event_handler.log_command:Invoked command in '/home/agilex/krish_ws/src/nav_handler' returned '0': PYTHONPATH=/home/agilex/krish_ws/build/nav_handler/prefix_override:/home/agilex/krish_ws/install/nav_handler/lib/python3.8/site-packages:${PYTHONPATH} /usr/bin/python3 setup.py egg_info --egg-base ../../build/nav_handler build --build-base /home/agilex/krish_ws/build/nav_handler/build install --record /home/agilex/krish_ws/build/nav_handler/install.log --install-scripts $base/lib/nav_handler --single-version-externally-managed
[29.235s] Level 1:colcon.colcon_core.environment:checking '/home/agilex/krish_ws/install/nav_handler' for CMake module files
[29.236s] Level 1:colcon.colcon_core.environment:checking '/home/agilex/krish_ws/install/nav_handler' for CMake config files
[29.238s] Level 1:colcon.colcon_core.environment:checking '/home/agilex/krish_ws/install/nav_handler/lib'
[29.239s] Level 1:colcon.colcon_core.environment:checking '/home/agilex/krish_ws/install/nav_handler/bin'
[29.239s] Level 1:colcon.colcon_core.environment:checking '/home/agilex/krish_ws/install/nav_handler/lib/pkgconfig/nav_handler.pc'
[29.239s] Level 1:colcon.colcon_core.environment:checking '/home/agilex/krish_ws/install/nav_handler/lib/python3.8/site-packages'
[29.240s] Level 1:colcon.colcon_core.shell:create_environment_hook('nav_handler', 'pythonpath')
[29.517s] INFO:colcon.colcon_core.shell:Creating environment hook '/home/agilex/krish_ws/install/nav_handler/share/nav_handler/hook/pythonpath.ps1'
[29.518s] INFO:colcon.colcon_core.shell:Creating environment descriptor '/home/agilex/krish_ws/install/nav_handler/share/nav_handler/hook/pythonpath.dsv'
[29.519s] INFO:colcon.colcon_core.shell:Creating environment hook '/home/agilex/krish_ws/install/nav_handler/share/nav_handler/hook/pythonpath.sh'
[29.520s] Level 1:colcon.colcon_core.environment:checking '/home/agilex/krish_ws/install/nav_handler/bin'
[29.520s] Level 1:colcon.colcon_core.environment:create_environment_scripts_only(nav_handler)
[29.801s] INFO:colcon.colcon_core.shell:Creating package script '/home/agilex/krish_ws/install/nav_handler/share/nav_handler/package.ps1'
[29.804s] INFO:colcon.colcon_core.shell:Creating package descriptor '/home/agilex/krish_ws/install/nav_handler/share/nav_handler/package.dsv'
[29.806s] INFO:colcon.colcon_core.shell:Creating package script '/home/agilex/krish_ws/install/nav_handler/share/nav_handler/package.sh'
[29.809s] INFO:colcon.colcon_core.shell:Creating package script '/home/agilex/krish_ws/install/nav_handler/share/nav_handler/package.bash'
[29.811s] INFO:colcon.colcon_core.shell:Creating package script '/home/agilex/krish_ws/install/nav_handler/share/nav_handler/package.zsh'
[29.813s] Level 1:colcon.colcon_core.environment:create_file_with_runtime_dependencies(/home/agilex/krish_ws/install/nav_handler/share/colcon-core/packages/nav_handler)
[29.814s] DEBUG:colcon.colcon_parallel_executor.executor.parallel:closing loop
[29.815s] DEBUG:colcon.colcon_parallel_executor.executor.parallel:loop closed
[29.816s] DEBUG:colcon.colcon_parallel_executor.executor.parallel:run_until_complete finished with '0'
[29.816s] DEBUG:colcon.colcon_core.event_reactor:joining thread
[30.128s] INFO:colcon.colcon_core.plugin_system:Skipping extension 'colcon_notification.desktop_notification.terminal_notifier': Not used on non-Darwin systems
[30.128s] INFO:colcon.colcon_core.plugin_system:Skipping extension 'colcon_notification.desktop_notification.win32': Not used on non-Windows systems
[30.128s] INFO:colcon.colcon_notification.desktop_notification:Sending desktop notification using 'notify2'
[30.174s] DEBUG:colcon.colcon_core.event_reactor:joined thread
[30.468s] INFO:colcon.colcon_core.shell:Creating prefix script '/home/agilex/krish_ws/install/local_setup.ps1'
[30.470s] INFO:colcon.colcon_core.shell:Creating prefix util module '/home/agilex/krish_ws/install/_local_setup_util_ps1.py'
[30.473s] INFO:colcon.colcon_core.shell:Creating prefix chain script '/home/agilex/krish_ws/install/setup.ps1'
[30.769s] INFO:colcon.colcon_core.shell:Creating prefix script '/home/agilex/krish_ws/install/local_setup.sh'
[30.771s] INFO:colcon.colcon_core.shell:Creating prefix util module '/home/agilex/krish_ws/install/_local_setup_util_sh.py'
[30.772s] INFO:colcon.colcon_core.shell:Creating prefix chain script '/home/agilex/krish_ws/install/setup.sh'
[31.064s] INFO:colcon.colcon_core.shell:Creating prefix script '/home/agilex/krish_ws/install/local_setup.bash'
[31.065s] INFO:colcon.colcon_core.shell:Creating prefix chain script '/home/agilex/krish_ws/install/setup.bash'
[31.350s] INFO:colcon.colcon_core.shell:Creating prefix script '/home/agilex/krish_ws/install/local_setup.zsh'
[31.352s] INFO:colcon.colcon_core.shell:Creating prefix chain script '/home/agilex/krish_ws/install/setup.zsh'
