[5.445s] Invoking command in '/home/agilex/krish_ws/src/nav_handler': PYTHONPATH=/home/agilex/krish_ws/build/nav_handler/prefix_override:/home/agilex/krish_ws/install/nav_handler/lib/python3.8/site-packages:${PYTHONPATH} /usr/bin/python3 setup.py egg_info --egg-base ../../build/nav_handler build --build-base /home/agilex/krish_ws/build/nav_handler/build install --record /home/agilex/krish_ws/build/nav_handler/install.log --install-scripts $base/lib/nav_handler --single-version-externally-managed
[5.833s] /home/agilex/.local/lib/python3.8/site-packages/setuptools/dist.py:476: SetuptoolsDeprecationWarning: Invalid dash-separated options
[5.833s] !!
[5.833s] 
[5.833s]         ********************************************************************************
[5.833s]         Usage of dash-separated 'script-dir' will not be supported in future
[5.834s]         versions. Please use the underscore name 'script_dir' instead.
[5.834s] 
[5.834s]         This deprecation is overdue, please update your project and remove deprecated
[5.834s]         calls to avoid build errors in the future.
[5.834s] 
[5.834s]         See https://setuptools.pypa.io/en/latest/userguide/declarative_config.html for details.
[5.834s]         ********************************************************************************
[5.835s] 
[5.835s] !!
[5.835s]   opt = self.warn_dash_deprecation(opt, section)
[6.113s] running egg_info
[6.159s] writing ../../build/nav_handler/nav_handler.egg-info/PKG-INFO
[6.160s] writing dependency_links to ../../build/nav_handler/nav_handler.egg-info/dependency_links.txt
[6.160s] writing entry points to ../../build/nav_handler/nav_handler.egg-info/entry_points.txt
[6.161s] writing requirements to ../../build/nav_handler/nav_handler.egg-info/requires.txt
[6.161s] writing top-level names to ../../build/nav_handler/nav_handler.egg-info/top_level.txt
[6.518s] reading manifest file '../../build/nav_handler/nav_handler.egg-info/SOURCES.txt'
[6.520s] writing manifest file '../../build/nav_handler/nav_handler.egg-info/SOURCES.txt'
[6.520s] running build
[6.520s] running build_py
[6.521s] copying nav_handler/__init__.py -> /home/agilex/krish_ws/build/nav_handler/build/lib/nav_handler
[6.521s] copying nav_handler/mission_manager.py -> /home/agilex/krish_ws/build/nav_handler/build/lib/nav_handler
[6.522s] copying nav_handler/object_handler.py -> /home/agilex/krish_ws/build/nav_handler/build/lib/nav_handler
[6.522s] copying nav_handler/pose_setter.py -> /home/agilex/krish_ws/build/nav_handler/build/lib/nav_handler
[6.522s] copying nav_handler/exploration_handler.py -> /home/agilex/krish_ws/build/nav_handler/build/lib/nav_handler
[6.523s] running install
[6.524s] /home/agilex/.local/lib/python3.8/site-packages/setuptools/_distutils/cmd.py:66: SetuptoolsDeprecationWarning: setup.py install is deprecated.
[6.524s] !!
[6.524s] 
[6.524s]         ********************************************************************************
[6.524s]         Please avoid running ``setup.py`` directly.
[6.524s]         Instead, use pypa/build, pypa/installer or other
[6.524s]         standards-based tools.
[6.524s] 
[6.525s]         See https://blog.ganssle.io/articles/2021/10/setup-py-deprecated.html for details.
[6.525s]         ********************************************************************************
[6.525s] 
[6.525s] !!
[6.525s]   self.initialize_options()
[6.537s] running install_lib
[6.583s] copying /home/agilex/krish_ws/build/nav_handler/build/lib/nav_handler/mission_manager.py -> /home/agilex/krish_ws/install/nav_handler/lib/python3.8/site-packages/nav_handler
[6.584s] copying /home/agilex/krish_ws/build/nav_handler/build/lib/nav_handler/exploration_handler.py -> /home/agilex/krish_ws/install/nav_handler/lib/python3.8/site-packages/nav_handler
[6.585s] byte-compiling /home/agilex/krish_ws/install/nav_handler/lib/python3.8/site-packages/nav_handler/mission_manager.py to mission_manager.cpython-38.pyc
[6.588s] byte-compiling /home/agilex/krish_ws/install/nav_handler/lib/python3.8/site-packages/nav_handler/exploration_handler.py to exploration_handler.cpython-38.pyc
[6.590s] running install_data
[6.636s] copying resource/nav_handler -> /home/agilex/krish_ws/install/nav_handler/share/ament_index/resource_index/packages
[6.636s] copying package.xml -> /home/agilex/krish_ws/install/nav_handler/share/nav_handler
[6.636s] running install_egg_info
[6.685s] removing '/home/agilex/krish_ws/install/nav_handler/lib/python3.8/site-packages/nav_handler-0.0.0-py3.8.egg-info' (and everything under it)
[6.686s] Copying ../../build/nav_handler/nav_handler.egg-info to /home/agilex/krish_ws/install/nav_handler/lib/python3.8/site-packages/nav_handler-0.0.0-py3.8.egg-info
[6.688s] running install_scripts
[6.798s] Installing exploration_handler script to /home/agilex/krish_ws/install/nav_handler/lib/nav_handler
[6.799s] Installing mission_manager script to /home/agilex/krish_ws/install/nav_handler/lib/nav_handler
[6.799s] Installing object_handler script to /home/agilex/krish_ws/install/nav_handler/lib/nav_handler
[6.799s] Installing pose_setter script to /home/agilex/krish_ws/install/nav_handler/lib/nav_handler
[6.800s] writing list of installed files to '/home/agilex/krish_ws/build/nav_handler/install.log'
[6.887s] Invoked command in '/home/agilex/krish_ws/src/nav_handler' returned '0': PYTHONPATH=/home/agilex/krish_ws/build/nav_handler/prefix_override:/home/agilex/krish_ws/install/nav_handler/lib/python3.8/site-packages:${PYTHONPATH} /usr/bin/python3 setup.py egg_info --egg-base ../../build/nav_handler build --build-base /home/agilex/krish_ws/build/nav_handler/build install --record /home/agilex/krish_ws/build/nav_handler/install.log --install-scripts $base/lib/nav_handler --single-version-externally-managed
