[14.684s] DEBUG:colcon:Command line arguments: ['/usr/bin/colcon', 'build']
[14.684s] DEBUG:colcon:Parsed command line arguments: Namespace(allow_overriding=[], ament_cmake_args=None, base_paths=['.'], build_base='build', catkin_cmake_args=None, catkin_skip_building_tests=False, cmake_args=None, cmake_clean_cache=False, cmake_clean_first=False, cmake_force_configure=False, cmake_target=None, cmake_target_skip_unavailable=False, continue_on_error=False, event_handlers=None, executor='parallel', ignore_user_meta=False, install_base='install', log_base=None, log_level=None, main=<bound method BuildVerb.main of <colcon_core.verb.build.BuildVerb object at 0xffffa7eb9610>>, merge_install=False, metas=['./colcon.meta'], packages_above=None, packages_above_and_dependencies=None, packages_above_depth=None, packages_end=None, packages_ignore=None, packages_ignore_regex=None, packages_select=None, packages_select_build_failed=False, packages_select_by_dep=None, packages_select_regex=None, packages_select_test_failures=False, packages_skip=None, packages_skip_build_finished=False, packages_skip_by_dep=None, packages_skip_regex=None, packages_skip_test_passed=False, packages_skip_up_to=None, packages_start=None, packages_up_to=None, packages_up_to_regex=None, parallel_workers=6, paths=None, symlink_install=False, test_result_base=None, verb_extension=<colcon_core.verb.build.BuildVerb object at 0xffffa7eb9610>, verb_name='build', verb_parser=<colcon_defaults.argument_parser.defaults.DefaultArgumentsDecorator object at 0xffffa7eb9a90>)
[15.290s] Level 1:colcon.colcon_core.package_discovery:discover_packages(colcon_meta) check parameters
[15.290s] Level 1:colcon.colcon_core.package_discovery:discover_packages(recursive) check parameters
[15.290s] Level 1:colcon.colcon_core.package_discovery:discover_packages(ignore) check parameters
[15.290s] Level 1:colcon.colcon_core.package_discovery:discover_packages(path) check parameters
[15.290s] Level 1:colcon.colcon_core.package_discovery:discover_packages(colcon_meta) discover
[15.291s] Level 1:colcon.colcon_core.package_discovery:discover_packages(recursive) discover
[15.291s] INFO:colcon.colcon_core.package_discovery:Crawling recursively for packages in '/home/agilex/krish_ws'
[15.291s] Level 1:colcon.colcon_core.package_identification:_identify(.) by extensions ['ignore', 'ignore_ament_install']
[15.291s] Level 1:colcon.colcon_core.package_identification:_identify(.) by extension 'ignore'
[15.291s] Level 1:colcon.colcon_core.package_identification:_identify(.) by extension 'ignore_ament_install'
[15.291s] Level 1:colcon.colcon_core.package_identification:_identify(.) by extensions ['colcon_pkg']
[15.291s] Level 1:colcon.colcon_core.package_identification:_identify(.) by extension 'colcon_pkg'
[15.292s] Level 1:colcon.colcon_core.package_identification:_identify(.) by extensions ['colcon_meta']
[15.292s] Level 1:colcon.colcon_core.package_identification:_identify(.) by extension 'colcon_meta'
[15.292s] Level 1:colcon.colcon_core.package_identification:_identify(.) by extensions ['ros']
[15.292s] Level 1:colcon.colcon_core.package_identification:_identify(.) by extension 'ros'
[15.321s] Level 1:colcon.colcon_core.package_identification:_identify(.) by extensions ['cmake', 'python']
[15.321s] Level 1:colcon.colcon_core.package_identification:_identify(.) by extension 'cmake'
[15.321s] Level 1:colcon.colcon_core.package_identification:_identify(.) by extension 'python'
[15.321s] Level 1:colcon.colcon_core.package_identification:_identify(.) by extensions ['python_setup_py']
[15.321s] Level 1:colcon.colcon_core.package_identification:_identify(.) by extension 'python_setup_py'
[15.321s] Level 1:colcon.colcon_core.package_identification:_identify(build) by extensions ['ignore', 'ignore_ament_install']
[15.322s] Level 1:colcon.colcon_core.package_identification:_identify(build) by extension 'ignore'
[15.322s] Level 1:colcon.colcon_core.package_identification:_identify(build) ignored
[15.322s] Level 1:colcon.colcon_core.package_identification:_identify(install) by extensions ['ignore', 'ignore_ament_install']
[15.322s] Level 1:colcon.colcon_core.package_identification:_identify(install) by extension 'ignore'
[15.322s] Level 1:colcon.colcon_core.package_identification:_identify(install) ignored
[15.323s] Level 1:colcon.colcon_core.package_identification:_identify(log) by extensions ['ignore', 'ignore_ament_install']
[15.323s] Level 1:colcon.colcon_core.package_identification:_identify(log) by extension 'ignore'
[15.323s] Level 1:colcon.colcon_core.package_identification:_identify(log) ignored
[15.323s] Level 1:colcon.colcon_core.package_identification:_identify(src) by extensions ['ignore', 'ignore_ament_install']
[15.323s] Level 1:colcon.colcon_core.package_identification:_identify(src) by extension 'ignore'
[15.323s] Level 1:colcon.colcon_core.package_identification:_identify(src) by extension 'ignore_ament_install'
[15.323s] Level 1:colcon.colcon_core.package_identification:_identify(src) by extensions ['colcon_pkg']
[15.324s] Level 1:colcon.colcon_core.package_identification:_identify(src) by extension 'colcon_pkg'
[15.324s] Level 1:colcon.colcon_core.package_identification:_identify(src) by extensions ['colcon_meta']
[15.324s] Level 1:colcon.colcon_core.package_identification:_identify(src) by extension 'colcon_meta'
[15.324s] Level 1:colcon.colcon_core.package_identification:_identify(src) by extensions ['ros']
[15.324s] Level 1:colcon.colcon_core.package_identification:_identify(src) by extension 'ros'
[15.324s] Level 1:colcon.colcon_core.package_identification:_identify(src) by extensions ['cmake', 'python']
[15.324s] Level 1:colcon.colcon_core.package_identification:_identify(src) by extension 'cmake'
[15.324s] Level 1:colcon.colcon_core.package_identification:_identify(src) by extension 'python'
[15.324s] Level 1:colcon.colcon_core.package_identification:_identify(src) by extensions ['python_setup_py']
[15.324s] Level 1:colcon.colcon_core.package_identification:_identify(src) by extension 'python_setup_py'
[15.325s] Level 1:colcon.colcon_core.package_identification:_identify(src/object_detection) by extensions ['ignore', 'ignore_ament_install']
[15.325s] Level 1:colcon.colcon_core.package_identification:_identify(src/object_detection) by extension 'ignore'
[15.325s] Level 1:colcon.colcon_core.package_identification:_identify(src/object_detection) by extension 'ignore_ament_install'
[15.325s] Level 1:colcon.colcon_core.package_identification:_identify(src/object_detection) by extensions ['colcon_pkg']
[15.325s] Level 1:colcon.colcon_core.package_identification:_identify(src/object_detection) by extension 'colcon_pkg'
[15.325s] Level 1:colcon.colcon_core.package_identification:_identify(src/object_detection) by extensions ['colcon_meta']
[15.325s] Level 1:colcon.colcon_core.package_identification:_identify(src/object_detection) by extension 'colcon_meta'
[15.325s] Level 1:colcon.colcon_core.package_identification:_identify(src/object_detection) by extensions ['ros']
[15.325s] Level 1:colcon.colcon_core.package_identification:_identify(src/object_detection) by extension 'ros'
[15.332s] DEBUG:colcon.colcon_core.package_identification:Package 'src/object_detection' with type 'ros.ament_python' and name 'object_detection'
[15.332s] Level 1:colcon.colcon_core.package_identification:_identify(src/yolov5_ros2) by extensions ['ignore', 'ignore_ament_install']
[15.332s] Level 1:colcon.colcon_core.package_identification:_identify(src/yolov5_ros2) by extension 'ignore'
[15.332s] Level 1:colcon.colcon_core.package_identification:_identify(src/yolov5_ros2) by extension 'ignore_ament_install'
[15.332s] Level 1:colcon.colcon_core.package_identification:_identify(src/yolov5_ros2) by extensions ['colcon_pkg']
[15.332s] Level 1:colcon.colcon_core.package_identification:_identify(src/yolov5_ros2) by extension 'colcon_pkg'
[15.333s] Level 1:colcon.colcon_core.package_identification:_identify(src/yolov5_ros2) by extensions ['colcon_meta']
[15.333s] Level 1:colcon.colcon_core.package_identification:_identify(src/yolov5_ros2) by extension 'colcon_meta'
[15.333s] Level 1:colcon.colcon_core.package_identification:_identify(src/yolov5_ros2) by extensions ['ros']
[15.333s] Level 1:colcon.colcon_core.package_identification:_identify(src/yolov5_ros2) by extension 'ros'
[15.336s] DEBUG:colcon.colcon_core.package_identification:Package 'src/yolov5_ros2' with type 'ros.ament_python' and name 'yolov5_ros2'
[15.336s] Level 1:colcon.colcon_core.package_discovery:discover_packages(recursive) using defaults
[15.336s] Level 1:colcon.colcon_core.package_discovery:discover_packages(ignore) discover
[15.336s] Level 1:colcon.colcon_core.package_discovery:discover_packages(ignore) using defaults
[15.336s] Level 1:colcon.colcon_core.package_discovery:discover_packages(path) discover
[15.336s] Level 1:colcon.colcon_core.package_discovery:discover_packages(path) using defaults
[16.631s] Level 1:colcon.colcon_core.package_discovery:discover_packages(prefix_path) check parameters
[16.631s] Level 1:colcon.colcon_core.package_discovery:discover_packages(prefix_path) discover
[17.153s] DEBUG:colcon.colcon_installed_package_information.package_discovery:Found 6 installed packages in /home/agilex/krish_ws/install
[17.415s] DEBUG:colcon.colcon_installed_package_information.package_discovery:Found 71 installed packages in /home/agilex/limo_ros2_ws/install
[17.672s] DEBUG:colcon.colcon_installed_package_information.package_discovery:Found 358 installed packages in /opt/ros/foxy
[17.679s] Level 1:colcon.colcon_core.package_discovery:discover_packages(prefix_path) using defaults
[18.320s] Level 5:colcon.colcon_core.verb:set package 'object_detection' build argument 'cmake_args' from command line to 'None'
[18.320s] Level 5:colcon.colcon_core.verb:set package 'object_detection' build argument 'cmake_target' from command line to 'None'
[18.320s] Level 5:colcon.colcon_core.verb:set package 'object_detection' build argument 'cmake_target_skip_unavailable' from command line to 'False'
[18.320s] Level 5:colcon.colcon_core.verb:set package 'object_detection' build argument 'cmake_clean_cache' from command line to 'False'
[18.320s] Level 5:colcon.colcon_core.verb:set package 'object_detection' build argument 'cmake_clean_first' from command line to 'False'
[18.320s] Level 5:colcon.colcon_core.verb:set package 'object_detection' build argument 'cmake_force_configure' from command line to 'False'
[18.320s] Level 5:colcon.colcon_core.verb:set package 'object_detection' build argument 'ament_cmake_args' from command line to 'None'
[18.320s] Level 5:colcon.colcon_core.verb:set package 'object_detection' build argument 'catkin_cmake_args' from command line to 'None'
[18.320s] Level 5:colcon.colcon_core.verb:set package 'object_detection' build argument 'catkin_skip_building_tests' from command line to 'False'
[18.320s] DEBUG:colcon.colcon_core.verb:Building package 'object_detection' with the following arguments: {'ament_cmake_args': None, 'build_base': '/home/agilex/krish_ws/build/object_detection', 'catkin_cmake_args': None, 'catkin_skip_building_tests': False, 'cmake_args': None, 'cmake_clean_cache': False, 'cmake_clean_first': False, 'cmake_force_configure': False, 'cmake_target': None, 'cmake_target_skip_unavailable': False, 'install_base': '/home/agilex/krish_ws/install/object_detection', 'merge_install': False, 'path': '/home/agilex/krish_ws/src/object_detection', 'symlink_install': False, 'test_result_base': None}
[18.570s] Level 5:colcon.colcon_core.verb:set package 'yolov5_ros2' build argument 'cmake_args' from command line to 'None'
[18.570s] Level 5:colcon.colcon_core.verb:set package 'yolov5_ros2' build argument 'cmake_target' from command line to 'None'
[18.570s] Level 5:colcon.colcon_core.verb:set package 'yolov5_ros2' build argument 'cmake_target_skip_unavailable' from command line to 'False'
[18.570s] Level 5:colcon.colcon_core.verb:set package 'yolov5_ros2' build argument 'cmake_clean_cache' from command line to 'False'
[18.571s] Level 5:colcon.colcon_core.verb:set package 'yolov5_ros2' build argument 'cmake_clean_first' from command line to 'False'
[18.571s] Level 5:colcon.colcon_core.verb:set package 'yolov5_ros2' build argument 'cmake_force_configure' from command line to 'False'
[18.571s] Level 5:colcon.colcon_core.verb:set package 'yolov5_ros2' build argument 'ament_cmake_args' from command line to 'None'
[18.571s] Level 5:colcon.colcon_core.verb:set package 'yolov5_ros2' build argument 'catkin_cmake_args' from command line to 'None'
[18.571s] Level 5:colcon.colcon_core.verb:set package 'yolov5_ros2' build argument 'catkin_skip_building_tests' from command line to 'False'
[18.571s] DEBUG:colcon.colcon_core.verb:Building package 'yolov5_ros2' with the following arguments: {'ament_cmake_args': None, 'build_base': '/home/agilex/krish_ws/build/yolov5_ros2', 'catkin_cmake_args': None, 'catkin_skip_building_tests': False, 'cmake_args': None, 'cmake_clean_cache': False, 'cmake_clean_first': False, 'cmake_force_configure': False, 'cmake_target': None, 'cmake_target_skip_unavailable': False, 'install_base': '/home/agilex/krish_ws/install/yolov5_ros2', 'merge_install': False, 'path': '/home/agilex/krish_ws/src/yolov5_ros2', 'symlink_install': False, 'test_result_base': None}
[18.819s] INFO:colcon.colcon_core.executor:Executing jobs using 'parallel' executor
[19.069s] DEBUG:colcon.colcon_parallel_executor.executor.parallel:run_until_complete
[19.069s] INFO:colcon.colcon_ros.task.ament_python.build:Building ROS package in '/home/agilex/krish_ws/src/object_detection' with build type 'ament_python'
[19.070s] Level 1:colcon.colcon_core.shell:create_environment_hook('object_detection', 'ament_prefix_path')
[19.344s] INFO:colcon.colcon_core.plugin_system:Skipping extension 'colcon_core.shell.bat': Not used on non-Windows systems
[19.344s] INFO:colcon.colcon_core.shell:Creating environment hook '/home/agilex/krish_ws/install/object_detection/share/object_detection/hook/ament_prefix_path.ps1'
[19.346s] INFO:colcon.colcon_core.shell:Creating environment descriptor '/home/agilex/krish_ws/install/object_detection/share/object_detection/hook/ament_prefix_path.dsv'
[19.347s] INFO:colcon.colcon_core.shell:Creating environment hook '/home/agilex/krish_ws/install/object_detection/share/object_detection/hook/ament_prefix_path.sh'
[19.607s] INFO:colcon.colcon_core.shell:Skip shell extension 'powershell' for command environment: Not usable outside of PowerShell
[19.608s] DEBUG:colcon.colcon_core.shell:Skip shell extension 'dsv' for command environment
[20.664s] INFO:colcon.colcon_ros.task.ament_python.build:Building ROS package in '/home/agilex/krish_ws/src/yolov5_ros2' with build type 'ament_python'
[20.665s] Level 1:colcon.colcon_core.shell:create_environment_hook('yolov5_ros2', 'ament_prefix_path')
[20.922s] INFO:colcon.colcon_core.shell:Creating environment hook '/home/agilex/krish_ws/install/yolov5_ros2/share/yolov5_ros2/hook/ament_prefix_path.ps1'
[20.924s] INFO:colcon.colcon_core.shell:Creating environment descriptor '/home/agilex/krish_ws/install/yolov5_ros2/share/yolov5_ros2/hook/ament_prefix_path.dsv'
[20.924s] INFO:colcon.colcon_core.shell:Creating environment hook '/home/agilex/krish_ws/install/yolov5_ros2/share/yolov5_ros2/hook/ament_prefix_path.sh'
[21.178s] INFO:colcon.colcon_core.shell:Skip shell extension 'powershell' for command environment: Not usable outside of PowerShell
[21.178s] DEBUG:colcon.colcon_core.shell:Skip shell extension 'dsv' for command environment
[22.762s] INFO:colcon.colcon_core.task.python.build:Building Python package in '/home/agilex/krish_ws/src/object_detection'
[23.021s] INFO:colcon.colcon_core.shell:Skip shell extension 'powershell' for command environment: Not usable outside of PowerShell
[23.021s] DEBUG:colcon.colcon_core.shell:Skip shell extension 'dsv' for command environment
[24.609s] WARNING:colcon.colcon_ros.task.ament_python.build:Package 'yolov5_ros2' doesn't explicitly install a marker in the package index (colcon-ros currently does it implicitly but that fallback will be removed in the future)
[24.610s] INFO:colcon.colcon_core.task.python.build:Building Python package in '/home/agilex/krish_ws/src/yolov5_ros2'
[24.865s] INFO:colcon.colcon_core.shell:Skip shell extension 'powershell' for command environment: Not usable outside of PowerShell
[24.865s] DEBUG:colcon.colcon_core.shell:Skip shell extension 'dsv' for command environment
[27.539s] DEBUG:colcon.colcon_core.event_handler.log_command:Invoking command in '/home/agilex/krish_ws/src/yolov5_ros2': PYTHONPATH=/home/agilex/krish_ws/build/yolov5_ros2/prefix_override:/home/agilex/krish_ws/install/yolov5_ros2/lib/python3.8/site-packages:${PYTHONPATH} /usr/bin/python3 setup.py egg_info --egg-base ../../build/yolov5_ros2 build --build-base /home/agilex/krish_ws/build/yolov5_ros2/build install --record /home/agilex/krish_ws/build/yolov5_ros2/install.log --single-version-externally-managed
[27.563s] DEBUG:colcon.colcon_core.event_handler.log_command:Invoking command in '/home/agilex/krish_ws/src/object_detection': PYTHONPATH=/home/agilex/krish_ws/build/object_detection/prefix_override:/home/agilex/krish_ws/install/object_detection/lib/python3.8/site-packages:${PYTHONPATH} /usr/bin/python3 setup.py egg_info --egg-base ../../build/object_detection build --build-base /home/agilex/krish_ws/build/object_detection/build install --record /home/agilex/krish_ws/build/object_detection/install.log --install-scripts $base/lib/object_detection --single-version-externally-managed
[28.880s] DEBUG:colcon.colcon_core.event_handler.log_command:Invoked command in '/home/agilex/krish_ws/src/yolov5_ros2' returned '0': PYTHONPATH=/home/agilex/krish_ws/build/yolov5_ros2/prefix_override:/home/agilex/krish_ws/install/yolov5_ros2/lib/python3.8/site-packages:${PYTHONPATH} /usr/bin/python3 setup.py egg_info --egg-base ../../build/yolov5_ros2 build --build-base /home/agilex/krish_ws/build/yolov5_ros2/build install --record /home/agilex/krish_ws/build/yolov5_ros2/install.log --single-version-externally-managed
[29.157s] Level 1:colcon.colcon_core.environment:checking '/home/agilex/krish_ws/install/yolov5_ros2' for CMake module files
[29.158s] Level 1:colcon.colcon_core.environment:checking '/home/agilex/krish_ws/install/yolov5_ros2' for CMake config files
[29.159s] Level 1:colcon.colcon_core.environment:checking '/home/agilex/krish_ws/install/yolov5_ros2/lib'
[29.160s] Level 1:colcon.colcon_core.environment:checking '/home/agilex/krish_ws/install/yolov5_ros2/bin'
[29.160s] Level 1:colcon.colcon_core.environment:checking '/home/agilex/krish_ws/install/yolov5_ros2/lib/pkgconfig/yolov5_ros2.pc'
[29.160s] Level 1:colcon.colcon_core.environment:checking '/home/agilex/krish_ws/install/yolov5_ros2/lib/python3.8/site-packages'
[29.160s] Level 1:colcon.colcon_core.shell:create_environment_hook('yolov5_ros2', 'pythonpath')
[29.414s] INFO:colcon.colcon_core.shell:Creating environment hook '/home/agilex/krish_ws/install/yolov5_ros2/share/yolov5_ros2/hook/pythonpath.ps1'
[29.416s] INFO:colcon.colcon_core.shell:Creating environment descriptor '/home/agilex/krish_ws/install/yolov5_ros2/share/yolov5_ros2/hook/pythonpath.dsv'
[29.416s] INFO:colcon.colcon_core.shell:Creating environment hook '/home/agilex/krish_ws/install/yolov5_ros2/share/yolov5_ros2/hook/pythonpath.sh'
[29.417s] Level 1:colcon.colcon_core.environment:checking '/home/agilex/krish_ws/install/yolov5_ros2/bin'
[29.417s] Level 1:colcon.colcon_core.environment:create_environment_scripts_only(yolov5_ros2)
[29.671s] INFO:colcon.colcon_core.shell:Creating package script '/home/agilex/krish_ws/install/yolov5_ros2/share/yolov5_ros2/package.ps1'
[29.673s] INFO:colcon.colcon_core.shell:Creating package descriptor '/home/agilex/krish_ws/install/yolov5_ros2/share/yolov5_ros2/package.dsv'
[29.674s] INFO:colcon.colcon_core.shell:Creating package script '/home/agilex/krish_ws/install/yolov5_ros2/share/yolov5_ros2/package.sh'
[29.675s] INFO:colcon.colcon_core.shell:Creating package script '/home/agilex/krish_ws/install/yolov5_ros2/share/yolov5_ros2/package.bash'
[29.676s] INFO:colcon.colcon_core.shell:Creating package script '/home/agilex/krish_ws/install/yolov5_ros2/share/yolov5_ros2/package.zsh'
[29.677s] Level 1:colcon.colcon_core.environment:create_file_with_runtime_dependencies(/home/agilex/krish_ws/install/yolov5_ros2/share/colcon-core/packages/yolov5_ros2)
[29.682s] DEBUG:colcon.colcon_core.event_handler.log_command:Invoked command in '/home/agilex/krish_ws/src/object_detection' returned '0': PYTHONPATH=/home/agilex/krish_ws/build/object_detection/prefix_override:/home/agilex/krish_ws/install/object_detection/lib/python3.8/site-packages:${PYTHONPATH} /usr/bin/python3 setup.py egg_info --egg-base ../../build/object_detection build --build-base /home/agilex/krish_ws/build/object_detection/build install --record /home/agilex/krish_ws/build/object_detection/install.log --install-scripts $base/lib/object_detection --single-version-externally-managed
[29.938s] Level 1:colcon.colcon_core.environment:checking '/home/agilex/krish_ws/install/object_detection' for CMake module files
[29.939s] Level 1:colcon.colcon_core.environment:checking '/home/agilex/krish_ws/install/object_detection' for CMake config files
[29.940s] Level 1:colcon.colcon_core.environment:checking '/home/agilex/krish_ws/install/object_detection/lib'
[29.940s] Level 1:colcon.colcon_core.environment:checking '/home/agilex/krish_ws/install/object_detection/bin'
[29.941s] Level 1:colcon.colcon_core.environment:checking '/home/agilex/krish_ws/install/object_detection/lib/pkgconfig/object_detection.pc'
[29.941s] Level 1:colcon.colcon_core.environment:checking '/home/agilex/krish_ws/install/object_detection/lib/python3.8/site-packages'
[29.941s] Level 1:colcon.colcon_core.shell:create_environment_hook('object_detection', 'pythonpath')
[30.197s] INFO:colcon.colcon_core.shell:Creating environment hook '/home/agilex/krish_ws/install/object_detection/share/object_detection/hook/pythonpath.ps1'
[30.199s] INFO:colcon.colcon_core.shell:Creating environment descriptor '/home/agilex/krish_ws/install/object_detection/share/object_detection/hook/pythonpath.dsv'
[30.199s] INFO:colcon.colcon_core.shell:Creating environment hook '/home/agilex/krish_ws/install/object_detection/share/object_detection/hook/pythonpath.sh'
[30.200s] Level 1:colcon.colcon_core.environment:checking '/home/agilex/krish_ws/install/object_detection/bin'
[30.200s] Level 1:colcon.colcon_core.environment:create_environment_scripts_only(object_detection)
[30.463s] INFO:colcon.colcon_core.shell:Creating package script '/home/agilex/krish_ws/install/object_detection/share/object_detection/package.ps1'
[30.464s] INFO:colcon.colcon_core.shell:Creating package descriptor '/home/agilex/krish_ws/install/object_detection/share/object_detection/package.dsv'
[30.465s] INFO:colcon.colcon_core.shell:Creating package script '/home/agilex/krish_ws/install/object_detection/share/object_detection/package.sh'
[30.466s] INFO:colcon.colcon_core.shell:Creating package script '/home/agilex/krish_ws/install/object_detection/share/object_detection/package.bash'
[30.467s] INFO:colcon.colcon_core.shell:Creating package script '/home/agilex/krish_ws/install/object_detection/share/object_detection/package.zsh'
[30.467s] Level 1:colcon.colcon_core.environment:create_file_with_runtime_dependencies(/home/agilex/krish_ws/install/object_detection/share/colcon-core/packages/object_detection)
[30.468s] DEBUG:colcon.colcon_parallel_executor.executor.parallel:closing loop
[30.469s] DEBUG:colcon.colcon_parallel_executor.executor.parallel:loop closed
[30.469s] DEBUG:colcon.colcon_parallel_executor.executor.parallel:run_until_complete finished with '0'
[30.470s] DEBUG:colcon.colcon_core.event_reactor:joining thread
[30.758s] INFO:colcon.colcon_core.plugin_system:Skipping extension 'colcon_notification.desktop_notification.terminal_notifier': Not used on non-Darwin systems
[30.758s] INFO:colcon.colcon_core.plugin_system:Skipping extension 'colcon_notification.desktop_notification.win32': Not used on non-Windows systems
[30.758s] INFO:colcon.colcon_notification.desktop_notification:Sending desktop notification using 'notify2'
[30.798s] DEBUG:colcon.colcon_core.event_reactor:joined thread
[31.076s] INFO:colcon.colcon_core.shell:Creating prefix script '/home/agilex/krish_ws/install/local_setup.ps1'
[31.078s] INFO:colcon.colcon_core.shell:Creating prefix util module '/home/agilex/krish_ws/install/_local_setup_util_ps1.py'
[31.081s] INFO:colcon.colcon_core.shell:Creating prefix chain script '/home/agilex/krish_ws/install/setup.ps1'
[31.346s] INFO:colcon.colcon_core.shell:Creating prefix script '/home/agilex/krish_ws/install/local_setup.sh'
[31.348s] INFO:colcon.colcon_core.shell:Creating prefix util module '/home/agilex/krish_ws/install/_local_setup_util_sh.py'
[31.349s] INFO:colcon.colcon_core.shell:Creating prefix chain script '/home/agilex/krish_ws/install/setup.sh'
[31.609s] INFO:colcon.colcon_core.shell:Creating prefix script '/home/agilex/krish_ws/install/local_setup.bash'
[31.610s] INFO:colcon.colcon_core.shell:Creating prefix chain script '/home/agilex/krish_ws/install/setup.bash'
[31.876s] INFO:colcon.colcon_core.shell:Creating prefix script '/home/agilex/krish_ws/install/local_setup.zsh'
[31.877s] INFO:colcon.colcon_core.shell:Creating prefix chain script '/home/agilex/krish_ws/install/setup.zsh'
