[6.656s] Invoking command in '/home/agilex/krish_ws/build/vision_msgs': CMAKE_PREFIX_PATH=${CMAKE_PREFIX_PATH}:/home/agilex/krish_ws/install/mycobot_arm:/home/agilex/limo_ros2_ws/install/ultraarm:/home/agilex/limo_ros2_ws/install/nav2_gazebo_spawner:/home/agilex/limo_ros2_ws/install/mypalletizer_260_pi:/home/agilex/limo_ros2_ws/install/mypalletizer_260:/home/agilex/limo_ros2_ws/install/mypalletizer_communication:/home/agilex/limo_ros2_ws/install/mycobot_630:/home/agilex/limo_ros2_ws/install/mycobot_600:/home/agilex/limo_ros2_ws/install/mycobot_320pi:/home/agilex/limo_ros2_ws/install/mycobot_320:/home/agilex/limo_ros2_ws/install/mycobot_280pi:/home/agilex/limo_ros2_ws/install/mycobot_280jn:/home/agilex/limo_ros2_ws/install/mycobot_280_x3pi:/home/agilex/limo_ros2_ws/install/mycobot_280:/home/agilex/limo_ros2_ws/install/myarm_m750:/home/agilex/limo_ros2_ws/install/myarm_c650:/home/agilex/limo_ros2_ws/install/myarm_300:/home/agilex/limo_ros2_ws/install/mycobot_communication:/home/agilex/limo_ros2_ws/install/mecharm_pi:/home/agilex/limo_ros2_ws/install/mecharm:/home/agilex/limo_ros2_ws/install/mecharm_communication:/home/agilex/limo_ros2_ws/install/mybuddy:/home/agilex/limo_ros2_ws/install/mycobot_description:/home/agilex/krish_ws/install/object_search:/home/agilex/krish_ws/install/object_detector:/home/agilex/krish_ws/install/nav_handler:/home/agilex/krish_ws/install/mycobot_description:/opt/ros/foxy /usr/bin/cmake /home/agilex/krish_ws/src/vision_msgs/vision_msgs -DCMAKE_INSTALL_PREFIX=/home/agilex/krish_ws/install/vision_msgs
[10.884s] -- The C compiler identification is GNU 9.4.0
[10.884s] -- The CXX compiler identification is GNU 9.4.0
[10.884s] -- Check for working C compiler: /usr/bin/cc
[10.885s] -- Check for working C compiler: /usr/bin/cc -- works
[10.885s] -- Detecting C compiler ABI info
[10.885s] -- Detecting C compiler ABI info - done
[10.885s] -- Detecting C compile features
[10.886s] -- Detecting C compile features - done
[10.886s] -- Check for working CXX compiler: /usr/bin/c++
[10.886s] -- Check for working CXX compiler: /usr/bin/c++ -- works
[10.886s] -- Detecting CXX compiler ABI info
[10.886s] -- Detecting CXX compiler ABI info - done
[10.886s] -- Detecting CXX compile features
[10.887s] -- Detecting CXX compile features - done
[10.887s] -- Found ament_cmake: 0.9.12 (/opt/ros/foxy/share/ament_cmake/cmake)
[10.888s] -- Found PythonInterp: /usr/bin/python3 (found suitable version "3.8.10", minimum required is "3") 
[10.889s] -- Using PYTHON_EXECUTABLE: /usr/bin/python3
[10.890s] -- Found std_msgs: 2.0.5 (/opt/ros/foxy/share/std_msgs/cmake)
[10.891s] -- Using all available rosidl_typesupport_c: rosidl_typesupport_fastrtps_c;rosidl_typesupport_introspection_c
[10.895s] -- Found rosidl_adapter: 1.3.1 (/opt/ros/foxy/share/rosidl_adapter/cmake)
[10.895s] -- Found OpenSSL: /usr/lib/aarch64-linux-gnu/libcrypto.so (found version "1.1.1f")  
[10.896s] -- Found FastRTPS: /opt/ros/foxy/include  
[10.896s] -- Using all available rosidl_typesupport_cpp: rosidl_typesupport_fastrtps_cpp;rosidl_typesupport_introspection_cpp
[10.896s] -- Found geometry_msgs: 2.0.5 (/opt/ros/foxy/share/geometry_msgs/cmake)
[10.896s] -- Found sensor_msgs: 2.0.5 (/opt/ros/foxy/share/sensor_msgs/cmake)
[10.896s] -- Found rosidl_default_generators: 1.0.1 (/opt/ros/foxy/share/rosidl_default_generators/cmake)
[10.896s] -- Found PythonInterp: /usr/bin/python3 (found version "3.8.10") 
[11.090s] -- Found ament_cmake_cppcheck: 0.9.8 (/opt/ros/foxy/share/ament_cmake_cppcheck/cmake)
[11.108s] -- Found ament_cmake_cpplint: 0.9.8 (/opt/ros/foxy/share/ament_cmake_cpplint/cmake)
[11.127s] -- Found ament_cmake_uncrustify: 0.9.8 (/opt/ros/foxy/share/ament_cmake_uncrustify/cmake)
[11.147s] -- Found ament_cmake_ros: 0.9.2 (/opt/ros/foxy/share/ament_cmake_ros/cmake)
[12.019s] -- Using all available rosidl_typesupport_c: rosidl_typesupport_fastrtps_c;rosidl_typesupport_introspection_c
[12.405s] -- Using all available rosidl_typesupport_cpp: rosidl_typesupport_fastrtps_cpp;rosidl_typesupport_introspection_cpp
[12.522s] -- Found PythonInterp: /usr/bin/python3 (found suitable version "3.8.10", minimum required is "3.5") 
[12.539s] -- Found python_cmake_module: 0.8.1 (/opt/ros/foxy/share/python_cmake_module/cmake)
[12.644s] -- Found PythonLibs: /usr/lib/aarch64-linux-gnu/libpython3.8.so (found suitable version "3.8.10", minimum required is "3.5") 
[12.644s] -- Using PYTHON_EXECUTABLE: /usr/bin/python3
[12.644s] -- Using PYTHON_INCLUDE_DIRS: /usr/include/python3.8
[12.644s] -- Using PYTHON_LIBRARIES: /usr/lib/aarch64-linux-gnu/libpython3.8.so
[12.720s] -- Found PythonExtra: .so  
[13.400s] -- Found ament_cmake_flake8: 0.9.8 (/opt/ros/foxy/share/ament_cmake_flake8/cmake)
[13.418s] -- Found ament_cmake_pep257: 0.9.8 (/opt/ros/foxy/share/ament_cmake_pep257/cmake)
[13.443s] -- Found ament_lint_auto: 0.9.8 (/opt/ros/foxy/share/ament_lint_auto/cmake)
[13.532s] -- Found gtest sources under '/opt/ros/foxy/src/gtest_vendor': C++ tests using 'Google Test' will be built
[13.539s] -- Looking for pthread.h
[13.808s] -- Looking for pthread.h - found
[13.808s] -- Performing Test CMAKE_HAVE_LIBC_PTHREAD
[14.060s] -- Performing Test CMAKE_HAVE_LIBC_PTHREAD - Failed
[14.061s] -- Check if compiler accepts -pthread
[14.372s] -- Check if compiler accepts -pthread - yes
[14.379s] -- Found Threads: TRUE  
[14.437s] -- Added test 'cppcheck' to perform static code analysis on C / C++ code
[14.440s] -- Configured cppcheck include dirs: /home/agilex/krish_ws/src/vision_msgs/vision_msgs/include
[14.440s] -- Configured cppcheck exclude dirs and/or files: 
[14.442s] -- Added test 'cpplint' to check C / C++ code against the Google style
[14.443s] -- Configured cpplint exclude dirs and/or files: 
[14.445s] -- Added test 'uncrustify' to check C / C++ code style
[14.445s] -- Configured uncrustify additional arguments: 
[14.446s] -- Added test 'copyright' to check source files copyright and LICENSE
[14.451s] -- Added test 'lint_cmake' to check CMake code style
[14.455s] -- Added test 'xmllint' to check XML markup files
[14.479s] -- Configuring done
[14.854s] -- Generating done
[14.874s] -- Build files have been written to: /home/agilex/krish_ws/build/vision_msgs
[14.916s] Invoked command in '/home/agilex/krish_ws/build/vision_msgs' returned '0': CMAKE_PREFIX_PATH=${CMAKE_PREFIX_PATH}:/home/agilex/krish_ws/install/mycobot_arm:/home/agilex/limo_ros2_ws/install/ultraarm:/home/agilex/limo_ros2_ws/install/nav2_gazebo_spawner:/home/agilex/limo_ros2_ws/install/mypalletizer_260_pi:/home/agilex/limo_ros2_ws/install/mypalletizer_260:/home/agilex/limo_ros2_ws/install/mypalletizer_communication:/home/agilex/limo_ros2_ws/install/mycobot_630:/home/agilex/limo_ros2_ws/install/mycobot_600:/home/agilex/limo_ros2_ws/install/mycobot_320pi:/home/agilex/limo_ros2_ws/install/mycobot_320:/home/agilex/limo_ros2_ws/install/mycobot_280pi:/home/agilex/limo_ros2_ws/install/mycobot_280jn:/home/agilex/limo_ros2_ws/install/mycobot_280_x3pi:/home/agilex/limo_ros2_ws/install/mycobot_280:/home/agilex/limo_ros2_ws/install/myarm_m750:/home/agilex/limo_ros2_ws/install/myarm_c650:/home/agilex/limo_ros2_ws/install/myarm_300:/home/agilex/limo_ros2_ws/install/mycobot_communication:/home/agilex/limo_ros2_ws/install/mecharm_pi:/home/agilex/limo_ros2_ws/install/mecharm:/home/agilex/limo_ros2_ws/install/mecharm_communication:/home/agilex/limo_ros2_ws/install/mybuddy:/home/agilex/limo_ros2_ws/install/mycobot_description:/home/agilex/krish_ws/install/object_search:/home/agilex/krish_ws/install/object_detector:/home/agilex/krish_ws/install/nav_handler:/home/agilex/krish_ws/install/mycobot_description:/opt/ros/foxy /usr/bin/cmake /home/agilex/krish_ws/src/vision_msgs/vision_msgs -DCMAKE_INSTALL_PREFIX=/home/agilex/krish_ws/install/vision_msgs
[14.927s] Invoking command in '/home/agilex/krish_ws/build/vision_msgs': CMAKE_PREFIX_PATH=${CMAKE_PREFIX_PATH}:/home/agilex/krish_ws/install/mycobot_arm:/home/agilex/limo_ros2_ws/install/ultraarm:/home/agilex/limo_ros2_ws/install/nav2_gazebo_spawner:/home/agilex/limo_ros2_ws/install/mypalletizer_260_pi:/home/agilex/limo_ros2_ws/install/mypalletizer_260:/home/agilex/limo_ros2_ws/install/mypalletizer_communication:/home/agilex/limo_ros2_ws/install/mycobot_630:/home/agilex/limo_ros2_ws/install/mycobot_600:/home/agilex/limo_ros2_ws/install/mycobot_320pi:/home/agilex/limo_ros2_ws/install/mycobot_320:/home/agilex/limo_ros2_ws/install/mycobot_280pi:/home/agilex/limo_ros2_ws/install/mycobot_280jn:/home/agilex/limo_ros2_ws/install/mycobot_280_x3pi:/home/agilex/limo_ros2_ws/install/mycobot_280:/home/agilex/limo_ros2_ws/install/myarm_m750:/home/agilex/limo_ros2_ws/install/myarm_c650:/home/agilex/limo_ros2_ws/install/myarm_300:/home/agilex/limo_ros2_ws/install/mycobot_communication:/home/agilex/limo_ros2_ws/install/mecharm_pi:/home/agilex/limo_ros2_ws/install/mecharm:/home/agilex/limo_ros2_ws/install/mecharm_communication:/home/agilex/limo_ros2_ws/install/mybuddy:/home/agilex/limo_ros2_ws/install/mycobot_description:/home/agilex/krish_ws/install/object_search:/home/agilex/krish_ws/install/object_detector:/home/agilex/krish_ws/install/nav_handler:/home/agilex/krish_ws/install/mycobot_description:/opt/ros/foxy /usr/bin/cmake --build /home/agilex/krish_ws/build/vision_msgs -- -j6 -l6
[15.145s] [35m[1mScanning dependencies of target gtest_main[0m
[15.171s] [35m[1mScanning dependencies of target vision_msgs__cpp[0m
[15.195s] [35m[1mScanning dependencies of target gtest[0m
[15.224s] [  1%] [32mBuilding CXX object gtest/CMakeFiles/gtest_main.dir/src/gtest_main.cc.o[0m
[15.227s] [  1%] [34m[1mGenerating C code for ROS interfaces[0m
[15.253s] [  1%] [34m[1mGenerating C++ code for ROS interfaces[0m
[15.361s] [  1%] [32mBuilding CXX object gtest/CMakeFiles/gtest.dir/src/gtest-all.cc.o[0m
[18.683s] [  2%] [32m[1mLinking CXX static library libgtest_main.a[0m
[18.933s] [  2%] Built target gtest_main
[20.539s] [  2%] Built target vision_msgs__cpp
[20.729s] [  2%] [34m[1mGenerating C++ introspection for ROS interfaces[0m
[20.747s] [  2%] [34m[1mGenerating C++ type support for eProsima Fast-RTPS[0m
[20.764s] [  2%] [34m[1mGenerating C++ type support dispatch for ROS interfaces[0m
[21.544s] [35m[1mScanning dependencies of target vision_msgs__rosidl_generator_c[0m
[21.724s] [  3%] [32mBuilding C object CMakeFiles/vision_msgs__rosidl_generator_c.dir/rosidl_generator_c/vision_msgs/msg/detail/bounding_box2_d__functions.c.o[0m
[21.724s] [  4%] [32mBuilding C object CMakeFiles/vision_msgs__rosidl_generator_c.dir/rosidl_generator_c/vision_msgs/msg/detail/bounding_box2_d_array__functions.c.o[0m
[22.053s] [  5%] [32mBuilding C object CMakeFiles/vision_msgs__rosidl_generator_c.dir/rosidl_generator_c/vision_msgs/msg/detail/bounding_box3_d__functions.c.o[0m
[22.317s] [  5%] [32mBuilding C object CMakeFiles/vision_msgs__rosidl_generator_c.dir/rosidl_generator_c/vision_msgs/msg/detail/bounding_box3_d_array__functions.c.o[0m
[22.429s] [  6%] [32mBuilding C object CMakeFiles/vision_msgs__rosidl_generator_c.dir/rosidl_generator_c/vision_msgs/msg/detail/classification2_d__functions.c.o[0m
[22.601s] [  7%] [32mBuilding C object CMakeFiles/vision_msgs__rosidl_generator_c.dir/rosidl_generator_c/vision_msgs/msg/detail/classification3_d__functions.c.o[0m
[22.746s] [  8%] [32mBuilding C object CMakeFiles/vision_msgs__rosidl_generator_c.dir/rosidl_generator_c/vision_msgs/msg/detail/detection2_d_array__functions.c.o[0m
[23.004s] [  8%] [32mBuilding C object CMakeFiles/vision_msgs__rosidl_generator_c.dir/rosidl_generator_c/vision_msgs/msg/detail/detection2_d__functions.c.o[0m
[23.133s] [  9%] [32mBuilding C object CMakeFiles/vision_msgs__rosidl_generator_c.dir/rosidl_generator_c/vision_msgs/msg/detail/detection3_d_array__functions.c.o[0m
[23.308s] [ 10%] [32mBuilding C object CMakeFiles/vision_msgs__rosidl_generator_c.dir/rosidl_generator_c/vision_msgs/msg/detail/detection3_d__functions.c.o[0m
[23.411s] [ 11%] [32mBuilding C object CMakeFiles/vision_msgs__rosidl_generator_c.dir/rosidl_generator_c/vision_msgs/msg/detail/object_hypothesis__functions.c.o[0m
[23.654s] [ 11%] [32mBuilding C object CMakeFiles/vision_msgs__rosidl_generator_c.dir/rosidl_generator_c/vision_msgs/msg/detail/object_hypothesis_with_pose__functions.c.o[0m
[23.695s] [ 12%] [32mBuilding C object CMakeFiles/vision_msgs__rosidl_generator_c.dir/rosidl_generator_c/vision_msgs/msg/detail/vision_info__functions.c.o[0m
[24.021s] [ 13%] [32m[1mLinking C shared library libvision_msgs__rosidl_generator_c.so[0m
[24.318s] [ 13%] Built target vision_msgs__rosidl_generator_c
[24.644s] [35m[1mScanning dependencies of target vision_msgs__rosidl_typesupport_cpp[0m
[24.764s] [ 14%] [32mBuilding CXX object CMakeFiles/vision_msgs__rosidl_typesupport_cpp.dir/rosidl_typesupport_cpp/vision_msgs/msg/bounding_box2_d__type_support.cpp.o[0m
[24.777s] [ 15%] [32mBuilding CXX object CMakeFiles/vision_msgs__rosidl_typesupport_cpp.dir/rosidl_typesupport_cpp/vision_msgs/msg/bounding_box2_d_array__type_support.cpp.o[0m
[24.804s] [ 16%] [34m[1mGenerating C introspection for ROS interfaces[0m
[24.847s] [35m[1mScanning dependencies of target vision_msgs__rosidl_typesupport_fastrtps_cpp[0m
[24.948s] [ 17%] [32mBuilding CXX object CMakeFiles/vision_msgs__rosidl_typesupport_fastrtps_cpp.dir/rosidl_typesupport_fastrtps_cpp/vision_msgs/msg/detail/dds_fastrtps/bounding_box2_d__type_support.cpp.o[0m
[25.160s] [ 18%] [32m[1mLinking CXX static library libgtest.a[0m
[25.631s] [ 18%] Built target gtest
[25.681s] [ 19%] [34m[1mGenerating C type support dispatch for ROS interfaces[0m
[25.776s] [ 20%] [32mBuilding CXX object CMakeFiles/vision_msgs__rosidl_typesupport_cpp.dir/rosidl_typesupport_cpp/vision_msgs/msg/bounding_box3_d__type_support.cpp.o[0m
[26.016s] [ 20%] [32mBuilding CXX object CMakeFiles/vision_msgs__rosidl_typesupport_cpp.dir/rosidl_typesupport_cpp/vision_msgs/msg/bounding_box3_d_array__type_support.cpp.o[0m
[26.077s] [ 21%] [32mBuilding CXX object CMakeFiles/vision_msgs__rosidl_typesupport_fastrtps_cpp.dir/rosidl_typesupport_fastrtps_cpp/vision_msgs/msg/detail/dds_fastrtps/bounding_box2_d_array__type_support.cpp.o[0m
[26.148s] [35m[1mScanning dependencies of target vision_msgs__rosidl_typesupport_introspection_cpp[0m
[26.210s] [ 22%] [32mBuilding CXX object CMakeFiles/vision_msgs__rosidl_typesupport_introspection_cpp.dir/rosidl_typesupport_introspection_cpp/vision_msgs/msg/detail/bounding_box2_d__type_support.cpp.o[0m
[26.724s] [ 23%] [32mBuilding CXX object CMakeFiles/vision_msgs__rosidl_typesupport_cpp.dir/rosidl_typesupport_cpp/vision_msgs/msg/classification2_d__type_support.cpp.o[0m
[27.015s] [ 24%] [32mBuilding CXX object CMakeFiles/vision_msgs__rosidl_typesupport_cpp.dir/rosidl_typesupport_cpp/vision_msgs/msg/classification3_d__type_support.cpp.o[0m
[27.439s] [ 25%] [32mBuilding CXX object CMakeFiles/vision_msgs__rosidl_typesupport_introspection_cpp.dir/rosidl_typesupport_introspection_cpp/vision_msgs/msg/detail/bounding_box2_d_array__type_support.cpp.o[0m
[27.753s] [ 26%] [32mBuilding CXX object CMakeFiles/vision_msgs__rosidl_typesupport_cpp.dir/rosidl_typesupport_cpp/vision_msgs/msg/detection2_d_array__type_support.cpp.o[0m
[28.017s] [ 26%] [32mBuilding CXX object CMakeFiles/vision_msgs__rosidl_typesupport_cpp.dir/rosidl_typesupport_cpp/vision_msgs/msg/detection2_d__type_support.cpp.o[0m
[28.175s] [ 27%] [32mBuilding CXX object CMakeFiles/vision_msgs__rosidl_typesupport_fastrtps_cpp.dir/rosidl_typesupport_fastrtps_cpp/vision_msgs/msg/detail/dds_fastrtps/bounding_box3_d__type_support.cpp.o[0m
[28.364s] [35m[1mScanning dependencies of target vision_msgs__rosidl_typesupport_introspection_c[0m
[28.533s] [ 27%] [32mBuilding C object CMakeFiles/vision_msgs__rosidl_typesupport_introspection_c.dir/rosidl_typesupport_introspection_c/vision_msgs/msg/detail/bounding_box2_d__type_support.c.o[0m
[28.605s] [ 28%] [32mBuilding CXX object CMakeFiles/vision_msgs__rosidl_typesupport_introspection_cpp.dir/rosidl_typesupport_introspection_cpp/vision_msgs/msg/detail/bounding_box3_d__type_support.cpp.o[0m
[28.742s] [ 29%] [32mBuilding C object CMakeFiles/vision_msgs__rosidl_typesupport_introspection_c.dir/rosidl_typesupport_introspection_c/vision_msgs/msg/detail/bounding_box2_d_array__type_support.c.o[0m
[28.903s] [ 30%] [32mBuilding C object CMakeFiles/vision_msgs__rosidl_typesupport_introspection_c.dir/rosidl_typesupport_introspection_c/vision_msgs/msg/detail/bounding_box3_d__type_support.c.o[0m
[29.046s] [ 31%] [32mBuilding C object CMakeFiles/vision_msgs__rosidl_typesupport_introspection_c.dir/rosidl_typesupport_introspection_c/vision_msgs/msg/detail/bounding_box3_d_array__type_support.c.o[0m
[29.093s] [ 32%] [32mBuilding CXX object CMakeFiles/vision_msgs__rosidl_typesupport_cpp.dir/rosidl_typesupport_cpp/vision_msgs/msg/detection3_d_array__type_support.cpp.o[0m
[29.106s] [ 33%] [32mBuilding CXX object CMakeFiles/vision_msgs__rosidl_typesupport_cpp.dir/rosidl_typesupport_cpp/vision_msgs/msg/detection3_d__type_support.cpp.o[0m
[29.149s] [ 33%] [32mBuilding C object CMakeFiles/vision_msgs__rosidl_typesupport_introspection_c.dir/rosidl_typesupport_introspection_c/vision_msgs/msg/detail/classification2_d__type_support.c.o[0m
[29.252s] [35m[1mScanning dependencies of target vision_msgs__rosidl_typesupport_c[0m
[29.313s] [ 33%] [32mBuilding CXX object CMakeFiles/vision_msgs__rosidl_typesupport_c.dir/rosidl_typesupport_c/vision_msgs/msg/bounding_box2_d__type_support.cpp.o[0m
[29.352s] [ 34%] [32mBuilding C object CMakeFiles/vision_msgs__rosidl_typesupport_introspection_c.dir/rosidl_typesupport_introspection_c/vision_msgs/msg/detail/classification3_d__type_support.c.o[0m
[29.427s] [ 35%] [32mBuilding CXX object CMakeFiles/vision_msgs__rosidl_typesupport_c.dir/rosidl_typesupport_c/vision_msgs/msg/bounding_box2_d_array__type_support.cpp.o[0m
[29.427s] [ 35%] [32mBuilding CXX object CMakeFiles/vision_msgs__rosidl_typesupport_introspection_cpp.dir/rosidl_typesupport_introspection_cpp/vision_msgs/msg/detail/bounding_box3_d_array__type_support.cpp.o[0m
[29.527s] [ 36%] [32mBuilding CXX object CMakeFiles/vision_msgs__rosidl_typesupport_c.dir/rosidl_typesupport_c/vision_msgs/msg/bounding_box3_d__type_support.cpp.o[0m
[29.537s] [ 37%] [32mBuilding C object CMakeFiles/vision_msgs__rosidl_typesupport_introspection_c.dir/rosidl_typesupport_introspection_c/vision_msgs/msg/detail/detection2_d_array__type_support.c.o[0m
[29.603s] [ 37%] [32mBuilding CXX object CMakeFiles/vision_msgs__rosidl_typesupport_fastrtps_cpp.dir/rosidl_typesupport_fastrtps_cpp/vision_msgs/msg/detail/dds_fastrtps/bounding_box3_d_array__type_support.cpp.o[0m
[29.648s] [ 38%] [32mBuilding CXX object CMakeFiles/vision_msgs__rosidl_typesupport_c.dir/rosidl_typesupport_c/vision_msgs/msg/bounding_box3_d_array__type_support.cpp.o[0m
[29.660s] [ 39%] [32mBuilding C object CMakeFiles/vision_msgs__rosidl_typesupport_introspection_c.dir/rosidl_typesupport_introspection_c/vision_msgs/msg/detail/detection2_d__type_support.c.o[0m
[29.764s] [ 39%] [32mBuilding CXX object CMakeFiles/vision_msgs__rosidl_typesupport_c.dir/rosidl_typesupport_c/vision_msgs/msg/classification2_d__type_support.cpp.o[0m
[29.816s] [ 39%] [32mBuilding C object CMakeFiles/vision_msgs__rosidl_typesupport_introspection_c.dir/rosidl_typesupport_introspection_c/vision_msgs/msg/detail/detection3_d_array__type_support.c.o[0m
[29.846s] [ 40%] [32mBuilding CXX object CMakeFiles/vision_msgs__rosidl_typesupport_cpp.dir/rosidl_typesupport_cpp/vision_msgs/msg/object_hypothesis__type_support.cpp.o[0m
[29.901s] [ 41%] [32mBuilding CXX object CMakeFiles/vision_msgs__rosidl_typesupport_c.dir/rosidl_typesupport_c/vision_msgs/msg/classification3_d__type_support.cpp.o[0m
[29.945s] [ 42%] [32mBuilding C object CMakeFiles/vision_msgs__rosidl_typesupport_introspection_c.dir/rosidl_typesupport_introspection_c/vision_msgs/msg/detail/detection3_d__type_support.c.o[0m
[29.978s] [ 43%] [32mBuilding CXX object CMakeFiles/vision_msgs__rosidl_typesupport_c.dir/rosidl_typesupport_c/vision_msgs/msg/detection2_d_array__type_support.cpp.o[0m
[30.036s] [ 44%] [32mBuilding CXX object CMakeFiles/vision_msgs__rosidl_typesupport_c.dir/rosidl_typesupport_c/vision_msgs/msg/detection2_d__type_support.cpp.o[0m
[30.075s] [ 45%] [32mBuilding C object CMakeFiles/vision_msgs__rosidl_typesupport_introspection_c.dir/rosidl_typesupport_introspection_c/vision_msgs/msg/detail/object_hypothesis__type_support.c.o[0m
[30.085s] [ 45%] [32mBuilding CXX object CMakeFiles/vision_msgs__rosidl_typesupport_cpp.dir/rosidl_typesupport_cpp/vision_msgs/msg/object_hypothesis_with_pose__type_support.cpp.o[0m
[30.203s] [ 45%] [32mBuilding CXX object CMakeFiles/vision_msgs__rosidl_typesupport_c.dir/rosidl_typesupport_c/vision_msgs/msg/detection3_d_array__type_support.cpp.o[0m
[30.203s] [ 46%] [32mBuilding C object CMakeFiles/vision_msgs__rosidl_typesupport_introspection_c.dir/rosidl_typesupport_introspection_c/vision_msgs/msg/detail/object_hypothesis_with_pose__type_support.c.o[0m
[30.347s] [ 46%] [32mBuilding C object CMakeFiles/vision_msgs__rosidl_typesupport_introspection_c.dir/rosidl_typesupport_introspection_c/vision_msgs/msg/detail/vision_info__type_support.c.o[0m
[30.372s] [ 48%] [32mBuilding CXX object CMakeFiles/vision_msgs__rosidl_typesupport_introspection_cpp.dir/rosidl_typesupport_introspection_cpp/vision_msgs/msg/detail/classification2_d__type_support.cpp.o[0m
[30.381s] [ 48%] [32mBuilding CXX object CMakeFiles/vision_msgs__rosidl_typesupport_c.dir/rosidl_typesupport_c/vision_msgs/msg/detection3_d__type_support.cpp.o[0m
[30.459s] [ 49%] [32m[1mLinking C shared library libvision_msgs__rosidl_typesupport_introspection_c.so[0m
[30.525s] [ 50%] [32mBuilding CXX object CMakeFiles/vision_msgs__rosidl_typesupport_c.dir/rosidl_typesupport_c/vision_msgs/msg/object_hypothesis__type_support.cpp.o[0m
[30.636s] [ 51%] [32mBuilding CXX object CMakeFiles/vision_msgs__rosidl_typesupport_c.dir/rosidl_typesupport_c/vision_msgs/msg/object_hypothesis_with_pose__type_support.cpp.o[0m
[30.643s] [ 51%] Built target vision_msgs__rosidl_typesupport_introspection_c
[30.658s] [ 52%] [32mBuilding CXX object CMakeFiles/vision_msgs__rosidl_typesupport_cpp.dir/rosidl_typesupport_cpp/vision_msgs/msg/vision_info__type_support.cpp.o[0m
[30.713s] [ 52%] [32mBuilding CXX object CMakeFiles/vision_msgs__rosidl_typesupport_c.dir/rosidl_typesupport_c/vision_msgs/msg/vision_info__type_support.cpp.o[0m
[30.765s] [ 53%] [32mBuilding CXX object CMakeFiles/vision_msgs__rosidl_typesupport_introspection_cpp.dir/rosidl_typesupport_introspection_cpp/vision_msgs/msg/detail/classification3_d__type_support.cpp.o[0m
[30.799s] [ 54%] [32mBuilding CXX object CMakeFiles/vision_msgs__rosidl_typesupport_fastrtps_cpp.dir/rosidl_typesupport_fastrtps_cpp/vision_msgs/msg/detail/dds_fastrtps/classification2_d__type_support.cpp.o[0m
[30.828s] [ 55%] [32mBuilding CXX object CMakeFiles/vision_msgs__rosidl_typesupport_introspection_cpp.dir/rosidl_typesupport_introspection_cpp/vision_msgs/msg/detail/detection2_d_array__type_support.cpp.o[0m
[30.843s] [ 56%] [32m[1mLinking CXX shared library libvision_msgs__rosidl_typesupport_c.so[0m
[31.171s] [ 56%] Built target vision_msgs__rosidl_typesupport_c
[31.254s] [ 56%] [32mBuilding CXX object CMakeFiles/vision_msgs__rosidl_typesupport_introspection_cpp.dir/rosidl_typesupport_introspection_cpp/vision_msgs/msg/detail/detection2_d__type_support.cpp.o[0m
[31.437s] [ 57%] [32mBuilding CXX object CMakeFiles/vision_msgs__rosidl_typesupport_introspection_cpp.dir/rosidl_typesupport_introspection_cpp/vision_msgs/msg/detail/detection3_d_array__type_support.cpp.o[0m
[31.627s] [ 58%] [32m[1mLinking CXX shared library libvision_msgs__rosidl_typesupport_cpp.so[0m
[31.780s] [ 60%] [32mBuilding CXX object CMakeFiles/vision_msgs__rosidl_typesupport_introspection_cpp.dir/rosidl_typesupport_introspection_cpp/vision_msgs/msg/detail/object_hypothesis__type_support.cpp.o[0m
[31.780s] [ 60%] [32mBuilding CXX object CMakeFiles/vision_msgs__rosidl_typesupport_introspection_cpp.dir/rosidl_typesupport_introspection_cpp/vision_msgs/msg/detail/detection3_d__type_support.cpp.o[0m
[31.790s] [ 60%] Built target vision_msgs__rosidl_typesupport_cpp
[31.824s] [ 60%] [32mBuilding CXX object CMakeFiles/vision_msgs__rosidl_typesupport_introspection_cpp.dir/rosidl_typesupport_introspection_cpp/vision_msgs/msg/detail/object_hypothesis_with_pose__type_support.cpp.o[0m
[32.009s] [ 61%] [32mBuilding CXX object CMakeFiles/vision_msgs__rosidl_typesupport_fastrtps_cpp.dir/rosidl_typesupport_fastrtps_cpp/vision_msgs/msg/detail/dds_fastrtps/classification3_d__type_support.cpp.o[0m
[32.166s] [ 62%] [32mBuilding CXX object CMakeFiles/vision_msgs__rosidl_typesupport_introspection_cpp.dir/rosidl_typesupport_introspection_cpp/vision_msgs/msg/detail/vision_info__type_support.cpp.o[0m
[32.557s] [ 63%] [32mBuilding CXX object CMakeFiles/vision_msgs__rosidl_typesupport_fastrtps_cpp.dir/rosidl_typesupport_fastrtps_cpp/vision_msgs/msg/detail/dds_fastrtps/detection2_d_array__type_support.cpp.o[0m
[32.662s] [ 63%] [32mBuilding CXX object CMakeFiles/vision_msgs__rosidl_typesupport_fastrtps_cpp.dir/rosidl_typesupport_fastrtps_cpp/vision_msgs/msg/detail/dds_fastrtps/detection2_d__type_support.cpp.o[0m
[32.765s] [ 64%] [32mBuilding CXX object CMakeFiles/vision_msgs__rosidl_typesupport_fastrtps_cpp.dir/rosidl_typesupport_fastrtps_cpp/vision_msgs/msg/detail/dds_fastrtps/detection3_d_array__type_support.cpp.o[0m
[32.923s] [ 65%] [32mBuilding CXX object CMakeFiles/vision_msgs__rosidl_typesupport_fastrtps_cpp.dir/rosidl_typesupport_fastrtps_cpp/vision_msgs/msg/detail/dds_fastrtps/detection3_d__type_support.cpp.o[0m
[33.015s] [ 66%] [32m[1mLinking CXX shared library libvision_msgs__rosidl_typesupport_introspection_cpp.so[0m
[33.176s] [ 67%] [32mBuilding CXX object CMakeFiles/vision_msgs__rosidl_typesupport_fastrtps_cpp.dir/rosidl_typesupport_fastrtps_cpp/vision_msgs/msg/detail/dds_fastrtps/object_hypothesis__type_support.cpp.o[0m
[33.321s] [ 67%] Built target vision_msgs__rosidl_typesupport_introspection_cpp
[33.357s] [ 67%] [32mBuilding CXX object CMakeFiles/vision_msgs__rosidl_typesupport_fastrtps_cpp.dir/rosidl_typesupport_fastrtps_cpp/vision_msgs/msg/detail/dds_fastrtps/object_hypothesis_with_pose__type_support.cpp.o[0m
[34.108s] [ 68%] [32mBuilding CXX object CMakeFiles/vision_msgs__rosidl_typesupport_fastrtps_cpp.dir/rosidl_typesupport_fastrtps_cpp/vision_msgs/msg/detail/dds_fastrtps/vision_info__type_support.cpp.o[0m
[35.077s] [ 69%] [32m[1mLinking CXX shared library libvision_msgs__rosidl_typesupport_fastrtps_cpp.so[0m
[35.328s] [ 69%] Built target vision_msgs__rosidl_typesupport_fastrtps_cpp
[35.365s] [ 70%] [34m[1mGenerating C type support for eProsima Fast-RTPS[0m
[37.742s] [35m[1mScanning dependencies of target vision_msgs__rosidl_typesupport_fastrtps_c[0m
[37.848s] [ 70%] [32mBuilding CXX object CMakeFiles/vision_msgs__rosidl_typesupport_fastrtps_c.dir/rosidl_typesupport_fastrtps_c/vision_msgs/msg/detail/bounding_box2_d__type_support_c.cpp.o[0m
[37.859s] [ 71%] [32mBuilding CXX object CMakeFiles/vision_msgs__rosidl_typesupport_fastrtps_c.dir/rosidl_typesupport_fastrtps_c/vision_msgs/msg/detail/bounding_box2_d_array__type_support_c.cpp.o[0m
[37.870s] [ 72%] [32mBuilding CXX object CMakeFiles/vision_msgs__rosidl_typesupport_fastrtps_c.dir/rosidl_typesupport_fastrtps_c/vision_msgs/msg/detail/classification3_d__type_support_c.cpp.o[0m
[37.900s] [ 73%] [32mBuilding CXX object CMakeFiles/vision_msgs__rosidl_typesupport_fastrtps_c.dir/rosidl_typesupport_fastrtps_c/vision_msgs/msg/detail/bounding_box3_d__type_support_c.cpp.o[0m
[37.910s] [ 74%] [32mBuilding CXX object CMakeFiles/vision_msgs__rosidl_typesupport_fastrtps_c.dir/rosidl_typesupport_fastrtps_c/vision_msgs/msg/detail/bounding_box3_d_array__type_support_c.cpp.o[0m
[37.918s] [ 74%] [32mBuilding CXX object CMakeFiles/vision_msgs__rosidl_typesupport_fastrtps_c.dir/rosidl_typesupport_fastrtps_c/vision_msgs/msg/detail/classification2_d__type_support_c.cpp.o[0m
[38.733s] [ 75%] [32mBuilding CXX object CMakeFiles/vision_msgs__rosidl_typesupport_fastrtps_c.dir/rosidl_typesupport_fastrtps_c/vision_msgs/msg/detail/detection2_d_array__type_support_c.cpp.o[0m
[38.744s] [ 76%] [32mBuilding CXX object CMakeFiles/vision_msgs__rosidl_typesupport_fastrtps_c.dir/rosidl_typesupport_fastrtps_c/vision_msgs/msg/detail/detection2_d__type_support_c.cpp.o[0m
[38.865s] [ 77%] [32mBuilding CXX object CMakeFiles/vision_msgs__rosidl_typesupport_fastrtps_c.dir/rosidl_typesupport_fastrtps_c/vision_msgs/msg/detail/detection3_d__type_support_c.cpp.o[0m
[38.866s] [ 76%] [32mBuilding CXX object CMakeFiles/vision_msgs__rosidl_typesupport_fastrtps_c.dir/rosidl_typesupport_fastrtps_c/vision_msgs/msg/detail/detection3_d_array__type_support_c.cpp.o[0m
[39.027s] [ 78%] [32mBuilding CXX object CMakeFiles/vision_msgs__rosidl_typesupport_fastrtps_c.dir/rosidl_typesupport_fastrtps_c/vision_msgs/msg/detail/object_hypothesis__type_support_c.cpp.o[0m
[39.140s] [ 79%] [32mBuilding CXX object CMakeFiles/vision_msgs__rosidl_typesupport_fastrtps_c.dir/rosidl_typesupport_fastrtps_c/vision_msgs/msg/detail/object_hypothesis_with_pose__type_support_c.cpp.o[0m
[39.651s] [ 79%] [32mBuilding CXX object CMakeFiles/vision_msgs__rosidl_typesupport_fastrtps_c.dir/rosidl_typesupport_fastrtps_c/vision_msgs/msg/detail/vision_info__type_support_c.cpp.o[0m
[40.478s] [ 80%] [32m[1mLinking CXX shared library libvision_msgs__rosidl_typesupport_fastrtps_c.so[0m
[40.685s] [ 80%] Built target vision_msgs__rosidl_typesupport_fastrtps_c
[40.722s] [35m[1mScanning dependencies of target vision_msgs[0m
[40.763s] [ 80%] Built target vision_msgs
[40.801s] [35m[1mScanning dependencies of target vision_msgs_test[0m
[40.801s] [35m[1mScanning dependencies of target vision_msgs__py[0m
[40.842s] [ 81%] [34m[1mGenerating Python code for ROS interfaces[0m
[40.853s] [ 82%] [32mBuilding CXX object CMakeFiles/vision_msgs_test.dir/test/main.cpp.o[0m
[42.672s] [ 83%] [32m[1mLinking CXX executable vision_msgs_test[0m
[43.009s] [ 83%] Built target vision_msgs_test
[45.604s] [ 83%] Built target vision_msgs__py
[45.640s] [35m[1mScanning dependencies of target vision_msgs__python[0m
[45.762s] [ 84%] [32mBuilding C object CMakeFiles/vision_msgs__python.dir/rosidl_generator_py/vision_msgs/msg/_bounding_box2_d_array_s.c.o[0m
[45.763s] [ 85%] [32mBuilding C object CMakeFiles/vision_msgs__python.dir/rosidl_generator_py/vision_msgs/msg/_bounding_box3_d_array_s.c.o[0m
[45.764s] [ 86%] [32mBuilding C object CMakeFiles/vision_msgs__python.dir/rosidl_generator_py/vision_msgs/msg/_bounding_box2_d_s.c.o[0m
[45.774s] [ 86%] [32mBuilding C object CMakeFiles/vision_msgs__python.dir/rosidl_generator_py/vision_msgs/msg/_bounding_box3_d_s.c.o[0m
[45.780s] [ 87%] [32mBuilding C object CMakeFiles/vision_msgs__python.dir/rosidl_generator_py/vision_msgs/msg/_classification2_d_s.c.o[0m
[45.790s] [ 88%] [32mBuilding C object CMakeFiles/vision_msgs__python.dir/rosidl_generator_py/vision_msgs/msg/_classification3_d_s.c.o[0m
[46.024s] [ 88%] [32mBuilding C object CMakeFiles/vision_msgs__python.dir/rosidl_generator_py/vision_msgs/msg/_detection2_d_array_s.c.o[0m
[46.044s] [ 89%] [32mBuilding C object CMakeFiles/vision_msgs__python.dir/rosidl_generator_py/vision_msgs/msg/_detection2_d_s.c.o[0m
[46.064s] [ 90%] [32mBuilding C object CMakeFiles/vision_msgs__python.dir/rosidl_generator_py/vision_msgs/msg/_detection3_d_array_s.c.o[0m
[46.087s] [ 91%] [32mBuilding C object CMakeFiles/vision_msgs__python.dir/rosidl_generator_py/vision_msgs/msg/_detection3_d_s.c.o[0m
[46.104s] [ 91%] [32mBuilding C object CMakeFiles/vision_msgs__python.dir/rosidl_generator_py/vision_msgs/msg/_object_hypothesis_s.c.o[0m
[46.145s] [ 92%] [32mBuilding C object CMakeFiles/vision_msgs__python.dir/rosidl_generator_py/vision_msgs/msg/_object_hypothesis_with_pose_s.c.o[0m
[46.323s] [ 93%] [32mBuilding C object CMakeFiles/vision_msgs__python.dir/rosidl_generator_py/vision_msgs/msg/_vision_info_s.c.o[0m
[46.531s] [ 94%] [32m[1mLinking C shared library rosidl_generator_py/vision_msgs/libvision_msgs__python.so[0m
[46.669s] [ 94%] Built target vision_msgs__python
[46.705s] [35m[1mScanning dependencies of target vision_msgs__rosidl_typesupport_c__pyext[0m
[46.705s] [35m[1mScanning dependencies of target vision_msgs__rosidl_typesupport_introspection_c__pyext[0m
[46.705s] [35m[1mScanning dependencies of target vision_msgs__rosidl_typesupport_fastrtps_c__pyext[0m
[46.766s] [ 95%] [32mBuilding C object CMakeFiles/vision_msgs__rosidl_typesupport_c__pyext.dir/rosidl_generator_py/vision_msgs/_vision_msgs_s.ep.rosidl_typesupport_c.c.o[0m
[46.767s] [ 96%] [32mBuilding C object CMakeFiles/vision_msgs__rosidl_typesupport_introspection_c__pyext.dir/rosidl_generator_py/vision_msgs/_vision_msgs_s.ep.rosidl_typesupport_introspection_c.c.o[0m
[46.779s] [ 97%] [32mBuilding C object CMakeFiles/vision_msgs__rosidl_typesupport_fastrtps_c__pyext.dir/rosidl_generator_py/vision_msgs/_vision_msgs_s.ep.rosidl_typesupport_fastrtps_c.c.o[0m
[47.035s] [ 98%] [32m[1mLinking C shared library rosidl_generator_py/vision_msgs/vision_msgs_s__rosidl_typesupport_introspection_c.cpython-38-aarch64-linux-gnu.so[0m
[47.046s] [ 99%] [32m[1mLinking C shared library rosidl_generator_py/vision_msgs/vision_msgs_s__rosidl_typesupport_c.cpython-38-aarch64-linux-gnu.so[0m
[47.083s] [100%] [32m[1mLinking CXX shared library rosidl_generator_py/vision_msgs/vision_msgs_s__rosidl_typesupport_fastrtps_c.cpython-38-aarch64-linux-gnu.so[0m
[47.155s] [100%] Built target vision_msgs__rosidl_typesupport_introspection_c__pyext
[47.173s] [100%] Built target vision_msgs__rosidl_typesupport_c__pyext
[47.268s] [100%] Built target vision_msgs__rosidl_typesupport_fastrtps_c__pyext
[47.309s] Invoked command in '/home/agilex/krish_ws/build/vision_msgs' returned '0': CMAKE_PREFIX_PATH=${CMAKE_PREFIX_PATH}:/home/agilex/krish_ws/install/mycobot_arm:/home/agilex/limo_ros2_ws/install/ultraarm:/home/agilex/limo_ros2_ws/install/nav2_gazebo_spawner:/home/agilex/limo_ros2_ws/install/mypalletizer_260_pi:/home/agilex/limo_ros2_ws/install/mypalletizer_260:/home/agilex/limo_ros2_ws/install/mypalletizer_communication:/home/agilex/limo_ros2_ws/install/mycobot_630:/home/agilex/limo_ros2_ws/install/mycobot_600:/home/agilex/limo_ros2_ws/install/mycobot_320pi:/home/agilex/limo_ros2_ws/install/mycobot_320:/home/agilex/limo_ros2_ws/install/mycobot_280pi:/home/agilex/limo_ros2_ws/install/mycobot_280jn:/home/agilex/limo_ros2_ws/install/mycobot_280_x3pi:/home/agilex/limo_ros2_ws/install/mycobot_280:/home/agilex/limo_ros2_ws/install/myarm_m750:/home/agilex/limo_ros2_ws/install/myarm_c650:/home/agilex/limo_ros2_ws/install/myarm_300:/home/agilex/limo_ros2_ws/install/mycobot_communication:/home/agilex/limo_ros2_ws/install/mecharm_pi:/home/agilex/limo_ros2_ws/install/mecharm:/home/agilex/limo_ros2_ws/install/mecharm_communication:/home/agilex/limo_ros2_ws/install/mybuddy:/home/agilex/limo_ros2_ws/install/mycobot_description:/home/agilex/krish_ws/install/object_search:/home/agilex/krish_ws/install/object_detector:/home/agilex/krish_ws/install/nav_handler:/home/agilex/krish_ws/install/mycobot_description:/opt/ros/foxy /usr/bin/cmake --build /home/agilex/krish_ws/build/vision_msgs -- -j6 -l6
[48.683s] Invoking command in '/home/agilex/krish_ws/build/vision_msgs': CMAKE_PREFIX_PATH=${CMAKE_PREFIX_PATH}:/home/agilex/krish_ws/install/mycobot_arm:/home/agilex/limo_ros2_ws/install/ultraarm:/home/agilex/limo_ros2_ws/install/nav2_gazebo_spawner:/home/agilex/limo_ros2_ws/install/mypalletizer_260_pi:/home/agilex/limo_ros2_ws/install/mypalletizer_260:/home/agilex/limo_ros2_ws/install/mypalletizer_communication:/home/agilex/limo_ros2_ws/install/mycobot_630:/home/agilex/limo_ros2_ws/install/mycobot_600:/home/agilex/limo_ros2_ws/install/mycobot_320pi:/home/agilex/limo_ros2_ws/install/mycobot_320:/home/agilex/limo_ros2_ws/install/mycobot_280pi:/home/agilex/limo_ros2_ws/install/mycobot_280jn:/home/agilex/limo_ros2_ws/install/mycobot_280_x3pi:/home/agilex/limo_ros2_ws/install/mycobot_280:/home/agilex/limo_ros2_ws/install/myarm_m750:/home/agilex/limo_ros2_ws/install/myarm_c650:/home/agilex/limo_ros2_ws/install/myarm_300:/home/agilex/limo_ros2_ws/install/mycobot_communication:/home/agilex/limo_ros2_ws/install/mecharm_pi:/home/agilex/limo_ros2_ws/install/mecharm:/home/agilex/limo_ros2_ws/install/mecharm_communication:/home/agilex/limo_ros2_ws/install/mybuddy:/home/agilex/limo_ros2_ws/install/mycobot_description:/home/agilex/krish_ws/install/object_search:/home/agilex/krish_ws/install/object_detector:/home/agilex/krish_ws/install/nav_handler:/home/agilex/krish_ws/install/mycobot_description:/opt/ros/foxy /usr/bin/cmake --install /home/agilex/krish_ws/build/vision_msgs
[48.725s] -- Install configuration: ""
[48.726s] -- Installing: /home/agilex/krish_ws/install/vision_msgs/share/ament_index/resource_index/rosidl_interfaces/vision_msgs
[48.726s] -- Installing: /home/agilex/krish_ws/install/vision_msgs/include/vision_msgs
[48.726s] -- Installing: /home/agilex/krish_ws/install/vision_msgs/include/vision_msgs/msg
[48.726s] -- Installing: /home/agilex/krish_ws/install/vision_msgs/include/vision_msgs/msg/classification2_d.h
[48.726s] -- Installing: /home/agilex/krish_ws/install/vision_msgs/include/vision_msgs/msg/object_hypothesis.h
[48.727s] -- Installing: /home/agilex/krish_ws/install/vision_msgs/include/vision_msgs/msg/bounding_box2_d_array.h
[48.727s] -- Installing: /home/agilex/krish_ws/install/vision_msgs/include/vision_msgs/msg/classification3_d.h
[48.727s] -- Installing: /home/agilex/krish_ws/install/vision_msgs/include/vision_msgs/msg/object_hypothesis_with_pose.h
[48.727s] -- Installing: /home/agilex/krish_ws/install/vision_msgs/include/vision_msgs/msg/detail
[48.727s] -- Installing: /home/agilex/krish_ws/install/vision_msgs/include/vision_msgs/msg/detail/bounding_box3_d__type_support.h
[48.727s] -- Installing: /home/agilex/krish_ws/install/vision_msgs/include/vision_msgs/msg/detail/classification2_d__functions.c
[48.728s] -- Installing: /home/agilex/krish_ws/install/vision_msgs/include/vision_msgs/msg/detail/classification2_d__functions.h
[48.728s] -- Installing: /home/agilex/krish_ws/install/vision_msgs/include/vision_msgs/msg/detail/object_hypothesis_with_pose__functions.c
[48.728s] -- Installing: /home/agilex/krish_ws/install/vision_msgs/include/vision_msgs/msg/detail/bounding_box2_d_array__functions.h
[48.728s] -- Installing: /home/agilex/krish_ws/install/vision_msgs/include/vision_msgs/msg/detail/bounding_box3_d__functions.c
[48.728s] -- Installing: /home/agilex/krish_ws/install/vision_msgs/include/vision_msgs/msg/detail/bounding_box3_d_array__type_support.h
[48.729s] -- Installing: /home/agilex/krish_ws/install/vision_msgs/include/vision_msgs/msg/detail/detection2_d__functions.c
[48.729s] -- Installing: /home/agilex/krish_ws/install/vision_msgs/include/vision_msgs/msg/detail/object_hypothesis_with_pose__type_support.h
[48.729s] -- Installing: /home/agilex/krish_ws/install/vision_msgs/include/vision_msgs/msg/detail/detection3_d_array__type_support.h
[48.729s] -- Installing: /home/agilex/krish_ws/install/vision_msgs/include/vision_msgs/msg/detail/detection3_d__functions.c
[48.729s] -- Installing: /home/agilex/krish_ws/install/vision_msgs/include/vision_msgs/msg/detail/bounding_box3_d__struct.h
[48.729s] -- Installing: /home/agilex/krish_ws/install/vision_msgs/include/vision_msgs/msg/detail/object_hypothesis__struct.h
[48.730s] -- Installing: /home/agilex/krish_ws/install/vision_msgs/include/vision_msgs/msg/detail/object_hypothesis_with_pose__functions.h
[48.730s] -- Installing: /home/agilex/krish_ws/install/vision_msgs/include/vision_msgs/msg/detail/vision_info__functions.h
[48.730s] -- Installing: /home/agilex/krish_ws/install/vision_msgs/include/vision_msgs/msg/detail/bounding_box2_d__functions.h
[48.730s] -- Installing: /home/agilex/krish_ws/install/vision_msgs/include/vision_msgs/msg/detail/detection2_d__functions.h
[48.730s] -- Installing: /home/agilex/krish_ws/install/vision_msgs/include/vision_msgs/msg/detail/detection2_d_array__struct.h
[48.731s] -- Installing: /home/agilex/krish_ws/install/vision_msgs/include/vision_msgs/msg/detail/detection2_d__type_support.h
[48.731s] -- Installing: /home/agilex/krish_ws/install/vision_msgs/include/vision_msgs/msg/detail/detection2_d__struct.h
[48.731s] -- Installing: /home/agilex/krish_ws/install/vision_msgs/include/vision_msgs/msg/detail/detection2_d_array__functions.h
[48.731s] -- Installing: /home/agilex/krish_ws/install/vision_msgs/include/vision_msgs/msg/detail/vision_info__functions.c
[48.731s] -- Installing: /home/agilex/krish_ws/install/vision_msgs/include/vision_msgs/msg/detail/bounding_box2_d__struct.h
[48.732s] -- Installing: /home/agilex/krish_ws/install/vision_msgs/include/vision_msgs/msg/detail/classification3_d__struct.h
[48.732s] -- Installing: /home/agilex/krish_ws/install/vision_msgs/include/vision_msgs/msg/detail/detection3_d_array__functions.h
[48.732s] -- Installing: /home/agilex/krish_ws/install/vision_msgs/include/vision_msgs/msg/detail/detection3_d_array__struct.h
[48.732s] -- Installing: /home/agilex/krish_ws/install/vision_msgs/include/vision_msgs/msg/detail/vision_info__struct.h
[48.732s] -- Installing: /home/agilex/krish_ws/install/vision_msgs/include/vision_msgs/msg/detail/classification2_d__type_support.h
[48.733s] -- Installing: /home/agilex/krish_ws/install/vision_msgs/include/vision_msgs/msg/detail/vision_info__type_support.h
[48.733s] -- Installing: /home/agilex/krish_ws/install/vision_msgs/include/vision_msgs/msg/detail/detection3_d_array__functions.c
[48.733s] -- Installing: /home/agilex/krish_ws/install/vision_msgs/include/vision_msgs/msg/detail/bounding_box3_d_array__struct.h
[48.733s] -- Installing: /home/agilex/krish_ws/install/vision_msgs/include/vision_msgs/msg/detail/object_hypothesis_with_pose__struct.h
[48.733s] -- Installing: /home/agilex/krish_ws/install/vision_msgs/include/vision_msgs/msg/detail/detection3_d__struct.h
[48.734s] -- Installing: /home/agilex/krish_ws/install/vision_msgs/include/vision_msgs/msg/detail/classification3_d__functions.c
[48.734s] -- Installing: /home/agilex/krish_ws/install/vision_msgs/include/vision_msgs/msg/detail/classification2_d__struct.h
[48.734s] -- Installing: /home/agilex/krish_ws/install/vision_msgs/include/vision_msgs/msg/detail/detection3_d__functions.h
[48.734s] -- Installing: /home/agilex/krish_ws/install/vision_msgs/include/vision_msgs/msg/detail/bounding_box2_d__type_support.h
[48.734s] -- Installing: /home/agilex/krish_ws/install/vision_msgs/include/vision_msgs/msg/detail/bounding_box2_d__functions.c
[48.735s] -- Installing: /home/agilex/krish_ws/install/vision_msgs/include/vision_msgs/msg/detail/classification3_d__functions.h
[48.735s] -- Installing: /home/agilex/krish_ws/install/vision_msgs/include/vision_msgs/msg/detail/bounding_box2_d_array__type_support.h
[48.735s] -- Installing: /home/agilex/krish_ws/install/vision_msgs/include/vision_msgs/msg/detail/object_hypothesis__functions.h
[48.735s] -- Installing: /home/agilex/krish_ws/install/vision_msgs/include/vision_msgs/msg/detail/bounding_box3_d_array__functions.c
[48.736s] -- Installing: /home/agilex/krish_ws/install/vision_msgs/include/vision_msgs/msg/detail/bounding_box3_d_array__functions.h
[48.736s] -- Installing: /home/agilex/krish_ws/install/vision_msgs/include/vision_msgs/msg/detail/object_hypothesis__functions.c
[48.736s] -- Installing: /home/agilex/krish_ws/install/vision_msgs/include/vision_msgs/msg/detail/bounding_box3_d__functions.h
[48.736s] -- Installing: /home/agilex/krish_ws/install/vision_msgs/include/vision_msgs/msg/detail/classification3_d__type_support.h
[48.736s] -- Installing: /home/agilex/krish_ws/install/vision_msgs/include/vision_msgs/msg/detail/bounding_box2_d_array__functions.c
[48.737s] -- Installing: /home/agilex/krish_ws/install/vision_msgs/include/vision_msgs/msg/detail/detection3_d__type_support.h
[48.737s] -- Installing: /home/agilex/krish_ws/install/vision_msgs/include/vision_msgs/msg/detail/object_hypothesis__type_support.h
[48.737s] -- Installing: /home/agilex/krish_ws/install/vision_msgs/include/vision_msgs/msg/detail/bounding_box2_d_array__struct.h
[48.737s] -- Installing: /home/agilex/krish_ws/install/vision_msgs/include/vision_msgs/msg/detail/detection2_d_array__type_support.h
[48.737s] -- Installing: /home/agilex/krish_ws/install/vision_msgs/include/vision_msgs/msg/detail/detection2_d_array__functions.c
[48.738s] -- Installing: /home/agilex/krish_ws/install/vision_msgs/include/vision_msgs/msg/detection2_d.h
[48.738s] -- Installing: /home/agilex/krish_ws/install/vision_msgs/include/vision_msgs/msg/bounding_box3_d.h
[48.738s] -- Installing: /home/agilex/krish_ws/install/vision_msgs/include/vision_msgs/msg/detection3_d.h
[48.739s] -- Installing: /home/agilex/krish_ws/install/vision_msgs/include/vision_msgs/msg/rosidl_generator_c__visibility_control.h
[48.740s] -- Installing: /home/agilex/krish_ws/install/vision_msgs/include/vision_msgs/msg/detection2_d_array.h
[48.740s] -- Installing: /home/agilex/krish_ws/install/vision_msgs/include/vision_msgs/msg/bounding_box2_d.h
[48.740s] -- Installing: /home/agilex/krish_ws/install/vision_msgs/include/vision_msgs/msg/detection3_d_array.h
[48.741s] -- Installing: /home/agilex/krish_ws/install/vision_msgs/include/vision_msgs/msg/vision_info.h
[48.741s] -- Installing: /home/agilex/krish_ws/install/vision_msgs/include/vision_msgs/msg/bounding_box3_d_array.h
[48.741s] -- Installing: /home/agilex/krish_ws/install/vision_msgs/share/vision_msgs/environment/library_path.sh
[48.741s] -- Installing: /home/agilex/krish_ws/install/vision_msgs/share/vision_msgs/environment/library_path.dsv
[48.741s] -- Installing: /home/agilex/krish_ws/install/vision_msgs/lib/libvision_msgs__rosidl_generator_c.so
[48.742s] -- Set runtime path of "/home/agilex/krish_ws/install/vision_msgs/lib/libvision_msgs__rosidl_generator_c.so" to ""
[48.742s] -- Up-to-date: /home/agilex/krish_ws/install/vision_msgs/include/vision_msgs
[48.743s] -- Up-to-date: /home/agilex/krish_ws/install/vision_msgs/include/vision_msgs/msg
[48.743s] -- Up-to-date: /home/agilex/krish_ws/install/vision_msgs/include/vision_msgs/msg/detail
[48.743s] -- Installing: /home/agilex/krish_ws/install/vision_msgs/include/vision_msgs/msg/detail/classification2_d__rosidl_typesupport_fastrtps_c.h
[48.743s] -- Installing: /home/agilex/krish_ws/install/vision_msgs/include/vision_msgs/msg/detail/vision_info__rosidl_typesupport_fastrtps_c.h
[48.743s] -- Installing: /home/agilex/krish_ws/install/vision_msgs/include/vision_msgs/msg/detail/bounding_box2_d__rosidl_typesupport_fastrtps_c.h
[48.745s] -- Installing: /home/agilex/krish_ws/install/vision_msgs/include/vision_msgs/msg/detail/object_hypothesis_with_pose__rosidl_typesupport_fastrtps_c.h
[48.745s] -- Installing: /home/agilex/krish_ws/install/vision_msgs/include/vision_msgs/msg/detail/detection3_d_array__rosidl_typesupport_fastrtps_c.h
[48.745s] -- Installing: /home/agilex/krish_ws/install/vision_msgs/include/vision_msgs/msg/detail/bounding_box3_d__rosidl_typesupport_fastrtps_c.h
[48.745s] -- Installing: /home/agilex/krish_ws/install/vision_msgs/include/vision_msgs/msg/detail/detection2_d_array__rosidl_typesupport_fastrtps_c.h
[48.746s] -- Installing: /home/agilex/krish_ws/install/vision_msgs/include/vision_msgs/msg/detail/classification3_d__rosidl_typesupport_fastrtps_c.h
[48.746s] -- Installing: /home/agilex/krish_ws/install/vision_msgs/include/vision_msgs/msg/detail/detection3_d__rosidl_typesupport_fastrtps_c.h
[48.746s] -- Installing: /home/agilex/krish_ws/install/vision_msgs/include/vision_msgs/msg/detail/object_hypothesis__rosidl_typesupport_fastrtps_c.h
[48.746s] -- Installing: /home/agilex/krish_ws/install/vision_msgs/include/vision_msgs/msg/detail/bounding_box2_d_array__rosidl_typesupport_fastrtps_c.h
[48.747s] -- Installing: /home/agilex/krish_ws/install/vision_msgs/include/vision_msgs/msg/detail/bounding_box3_d_array__rosidl_typesupport_fastrtps_c.h
[48.747s] -- Installing: /home/agilex/krish_ws/install/vision_msgs/include/vision_msgs/msg/detail/detection2_d__rosidl_typesupport_fastrtps_c.h
[48.747s] -- Installing: /home/agilex/krish_ws/install/vision_msgs/include/vision_msgs/msg/rosidl_typesupport_fastrtps_c__visibility_control.h
[48.747s] -- Installing: /home/agilex/krish_ws/install/vision_msgs/lib/libvision_msgs__rosidl_typesupport_fastrtps_c.so
[48.749s] -- Set runtime path of "/home/agilex/krish_ws/install/vision_msgs/lib/libvision_msgs__rosidl_typesupport_fastrtps_c.so" to ""
[48.750s] -- Up-to-date: /home/agilex/krish_ws/install/vision_msgs/include/vision_msgs
[48.750s] -- Up-to-date: /home/agilex/krish_ws/install/vision_msgs/include/vision_msgs/msg
[48.750s] -- Up-to-date: /home/agilex/krish_ws/install/vision_msgs/include/vision_msgs/msg/detail
[48.750s] -- Installing: /home/agilex/krish_ws/install/vision_msgs/include/vision_msgs/msg/detail/detection2_d__rosidl_typesupport_fastrtps_cpp.hpp
[48.751s] -- Installing: /home/agilex/krish_ws/install/vision_msgs/include/vision_msgs/msg/detail/object_hypothesis_with_pose__rosidl_typesupport_fastrtps_cpp.hpp
[48.751s] -- Installing: /home/agilex/krish_ws/install/vision_msgs/include/vision_msgs/msg/detail/classification2_d__rosidl_typesupport_fastrtps_cpp.hpp
[48.751s] -- Installing: /home/agilex/krish_ws/install/vision_msgs/include/vision_msgs/msg/detail/dds_fastrtps
[48.751s] -- Installing: /home/agilex/krish_ws/install/vision_msgs/include/vision_msgs/msg/detail/detection2_d_array__rosidl_typesupport_fastrtps_cpp.hpp
[48.752s] -- Installing: /home/agilex/krish_ws/install/vision_msgs/include/vision_msgs/msg/detail/object_hypothesis__rosidl_typesupport_fastrtps_cpp.hpp
[48.752s] -- Installing: /home/agilex/krish_ws/install/vision_msgs/include/vision_msgs/msg/detail/bounding_box2_d__rosidl_typesupport_fastrtps_cpp.hpp
[48.752s] -- Installing: /home/agilex/krish_ws/install/vision_msgs/include/vision_msgs/msg/detail/bounding_box2_d_array__rosidl_typesupport_fastrtps_cpp.hpp
[48.752s] -- Installing: /home/agilex/krish_ws/install/vision_msgs/include/vision_msgs/msg/detail/classification3_d__rosidl_typesupport_fastrtps_cpp.hpp
[48.752s] -- Installing: /home/agilex/krish_ws/install/vision_msgs/include/vision_msgs/msg/detail/detection3_d__rosidl_typesupport_fastrtps_cpp.hpp
[48.753s] -- Installing: /home/agilex/krish_ws/install/vision_msgs/include/vision_msgs/msg/detail/detection3_d_array__rosidl_typesupport_fastrtps_cpp.hpp
[48.753s] -- Installing: /home/agilex/krish_ws/install/vision_msgs/include/vision_msgs/msg/detail/bounding_box3_d_array__rosidl_typesupport_fastrtps_cpp.hpp
[48.753s] -- Installing: /home/agilex/krish_ws/install/vision_msgs/include/vision_msgs/msg/detail/bounding_box3_d__rosidl_typesupport_fastrtps_cpp.hpp
[48.753s] -- Installing: /home/agilex/krish_ws/install/vision_msgs/include/vision_msgs/msg/detail/vision_info__rosidl_typesupport_fastrtps_cpp.hpp
[48.753s] -- Installing: /home/agilex/krish_ws/install/vision_msgs/include/vision_msgs/msg/rosidl_typesupport_fastrtps_cpp__visibility_control.h
[48.754s] -- Installing: /home/agilex/krish_ws/install/vision_msgs/lib/libvision_msgs__rosidl_typesupport_fastrtps_cpp.so
[48.756s] -- Set runtime path of "/home/agilex/krish_ws/install/vision_msgs/lib/libvision_msgs__rosidl_typesupport_fastrtps_cpp.so" to ""
[48.756s] -- Up-to-date: /home/agilex/krish_ws/install/vision_msgs/include/vision_msgs
[48.756s] -- Up-to-date: /home/agilex/krish_ws/install/vision_msgs/include/vision_msgs/msg
[48.756s] -- Up-to-date: /home/agilex/krish_ws/install/vision_msgs/include/vision_msgs/msg/detail
[48.756s] -- Installing: /home/agilex/krish_ws/install/vision_msgs/include/vision_msgs/msg/detail/bounding_box3_d__rosidl_typesupport_introspection_c.h
[48.757s] -- Installing: /home/agilex/krish_ws/install/vision_msgs/include/vision_msgs/msg/detail/classification2_d__rosidl_typesupport_introspection_c.h
[48.757s] -- Installing: /home/agilex/krish_ws/install/vision_msgs/include/vision_msgs/msg/detail/classification3_d__rosidl_typesupport_introspection_c.h
[48.757s] -- Installing: /home/agilex/krish_ws/install/vision_msgs/include/vision_msgs/msg/detail/object_hypothesis__rosidl_typesupport_introspection_c.h
[48.757s] -- Installing: /home/agilex/krish_ws/install/vision_msgs/include/vision_msgs/msg/detail/bounding_box2_d__rosidl_typesupport_introspection_c.h
[48.757s] -- Installing: /home/agilex/krish_ws/install/vision_msgs/include/vision_msgs/msg/detail/bounding_box3_d_array__type_support.c
[48.757s] -- Installing: /home/agilex/krish_ws/install/vision_msgs/include/vision_msgs/msg/detail/detection3_d_array__rosidl_typesupport_introspection_c.h
[48.758s] -- Installing: /home/agilex/krish_ws/install/vision_msgs/include/vision_msgs/msg/detail/vision_info__rosidl_typesupport_introspection_c.h
[48.758s] -- Installing: /home/agilex/krish_ws/install/vision_msgs/include/vision_msgs/msg/detail/detection2_d__rosidl_typesupport_introspection_c.h
[48.758s] -- Installing: /home/agilex/krish_ws/install/vision_msgs/include/vision_msgs/msg/detail/detection2_d_array__type_support.c
[48.758s] -- Installing: /home/agilex/krish_ws/install/vision_msgs/include/vision_msgs/msg/detail/bounding_box2_d_array__rosidl_typesupport_introspection_c.h
[48.758s] -- Installing: /home/agilex/krish_ws/install/vision_msgs/include/vision_msgs/msg/detail/object_hypothesis__type_support.c
[48.759s] -- Installing: /home/agilex/krish_ws/install/vision_msgs/include/vision_msgs/msg/detail/bounding_box2_d__type_support.c
[48.759s] -- Installing: /home/agilex/krish_ws/install/vision_msgs/include/vision_msgs/msg/detail/detection3_d__type_support.c
[48.760s] -- Installing: /home/agilex/krish_ws/install/vision_msgs/include/vision_msgs/msg/detail/classification3_d__type_support.c
[48.760s] -- Installing: /home/agilex/krish_ws/install/vision_msgs/include/vision_msgs/msg/detail/bounding_box3_d__type_support.c
[48.760s] -- Installing: /home/agilex/krish_ws/install/vision_msgs/include/vision_msgs/msg/detail/object_hypothesis_with_pose__rosidl_typesupport_introspection_c.h
[48.760s] -- Installing: /home/agilex/krish_ws/install/vision_msgs/include/vision_msgs/msg/detail/object_hypothesis_with_pose__type_support.c
[48.760s] -- Installing: /home/agilex/krish_ws/install/vision_msgs/include/vision_msgs/msg/detail/bounding_box2_d_array__type_support.c
[48.761s] -- Installing: /home/agilex/krish_ws/install/vision_msgs/include/vision_msgs/msg/detail/bounding_box3_d_array__rosidl_typesupport_introspection_c.h
[48.761s] -- Installing: /home/agilex/krish_ws/install/vision_msgs/include/vision_msgs/msg/detail/detection3_d__rosidl_typesupport_introspection_c.h
[48.761s] -- Installing: /home/agilex/krish_ws/install/vision_msgs/include/vision_msgs/msg/detail/detection2_d__type_support.c
[48.761s] -- Installing: /home/agilex/krish_ws/install/vision_msgs/include/vision_msgs/msg/detail/vision_info__type_support.c
[48.761s] -- Installing: /home/agilex/krish_ws/install/vision_msgs/include/vision_msgs/msg/detail/classification2_d__type_support.c
[48.762s] -- Installing: /home/agilex/krish_ws/install/vision_msgs/include/vision_msgs/msg/detail/detection2_d_array__rosidl_typesupport_introspection_c.h
[48.762s] -- Installing: /home/agilex/krish_ws/install/vision_msgs/include/vision_msgs/msg/detail/detection3_d_array__type_support.c
[48.762s] -- Installing: /home/agilex/krish_ws/install/vision_msgs/include/vision_msgs/msg/rosidl_typesupport_introspection_c__visibility_control.h
[48.762s] -- Installing: /home/agilex/krish_ws/install/vision_msgs/lib/libvision_msgs__rosidl_typesupport_introspection_c.so
[48.763s] -- Set runtime path of "/home/agilex/krish_ws/install/vision_msgs/lib/libvision_msgs__rosidl_typesupport_introspection_c.so" to ""
[48.763s] -- Installing: /home/agilex/krish_ws/install/vision_msgs/lib/libvision_msgs__rosidl_typesupport_c.so
[48.764s] -- Set runtime path of "/home/agilex/krish_ws/install/vision_msgs/lib/libvision_msgs__rosidl_typesupport_c.so" to ""
[48.764s] -- Up-to-date: /home/agilex/krish_ws/install/vision_msgs/include/vision_msgs
[48.765s] -- Up-to-date: /home/agilex/krish_ws/install/vision_msgs/include/vision_msgs/msg
[48.765s] -- Installing: /home/agilex/krish_ws/install/vision_msgs/include/vision_msgs/msg/classification2_d.hpp
[48.765s] -- Installing: /home/agilex/krish_ws/install/vision_msgs/include/vision_msgs/msg/bounding_box2_d.hpp
[48.765s] -- Up-to-date: /home/agilex/krish_ws/install/vision_msgs/include/vision_msgs/msg/detail
[48.765s] -- Installing: /home/agilex/krish_ws/install/vision_msgs/include/vision_msgs/msg/detail/bounding_box2_d_array__builder.hpp
[48.766s] -- Installing: /home/agilex/krish_ws/install/vision_msgs/include/vision_msgs/msg/detail/object_hypothesis__struct.hpp
[48.766s] -- Installing: /home/agilex/krish_ws/install/vision_msgs/include/vision_msgs/msg/detail/classification2_d__traits.hpp
[48.766s] -- Installing: /home/agilex/krish_ws/install/vision_msgs/include/vision_msgs/msg/detail/detection3_d_array__traits.hpp
[48.766s] -- Installing: /home/agilex/krish_ws/install/vision_msgs/include/vision_msgs/msg/detail/bounding_box2_d__type_support.hpp
[48.766s] -- Installing: /home/agilex/krish_ws/install/vision_msgs/include/vision_msgs/msg/detail/vision_info__builder.hpp
[48.766s] -- Installing: /home/agilex/krish_ws/install/vision_msgs/include/vision_msgs/msg/detail/detection2_d_array__builder.hpp
[48.767s] -- Installing: /home/agilex/krish_ws/install/vision_msgs/include/vision_msgs/msg/detail/classification3_d__struct.hpp
[48.767s] -- Installing: /home/agilex/krish_ws/install/vision_msgs/include/vision_msgs/msg/detail/detection3_d__builder.hpp
[48.767s] -- Installing: /home/agilex/krish_ws/install/vision_msgs/include/vision_msgs/msg/detail/classification2_d__type_support.hpp
[48.767s] -- Installing: /home/agilex/krish_ws/install/vision_msgs/include/vision_msgs/msg/detail/detection3_d_array__builder.hpp
[48.767s] -- Installing: /home/agilex/krish_ws/install/vision_msgs/include/vision_msgs/msg/detail/detection2_d_array__struct.hpp
[48.768s] -- Installing: /home/agilex/krish_ws/install/vision_msgs/include/vision_msgs/msg/detail/bounding_box3_d_array__builder.hpp
[48.768s] -- Installing: /home/agilex/krish_ws/install/vision_msgs/include/vision_msgs/msg/detail/bounding_box2_d__traits.hpp
[48.768s] -- Installing: /home/agilex/krish_ws/install/vision_msgs/include/vision_msgs/msg/detail/vision_info__traits.hpp
[48.768s] -- Installing: /home/agilex/krish_ws/install/vision_msgs/include/vision_msgs/msg/detail/object_hypothesis__builder.hpp
[48.768s] -- Installing: /home/agilex/krish_ws/install/vision_msgs/include/vision_msgs/msg/detail/bounding_box3_d_array__struct.hpp
[48.769s] -- Installing: /home/agilex/krish_ws/install/vision_msgs/include/vision_msgs/msg/detail/bounding_box2_d_array__type_support.hpp
[48.769s] -- Installing: /home/agilex/krish_ws/install/vision_msgs/include/vision_msgs/msg/detail/detection2_d__builder.hpp
[48.769s] -- Installing: /home/agilex/krish_ws/install/vision_msgs/include/vision_msgs/msg/detail/object_hypothesis_with_pose__type_support.hpp
[48.769s] -- Installing: /home/agilex/krish_ws/install/vision_msgs/include/vision_msgs/msg/detail/bounding_box2_d_array__struct.hpp
[48.769s] -- Installing: /home/agilex/krish_ws/install/vision_msgs/include/vision_msgs/msg/detail/classification2_d__struct.hpp
[48.770s] -- Installing: /home/agilex/krish_ws/install/vision_msgs/include/vision_msgs/msg/detail/classification2_d__builder.hpp
[48.770s] -- Installing: /home/agilex/krish_ws/install/vision_msgs/include/vision_msgs/msg/detail/detection3_d__traits.hpp
[48.770s] -- Installing: /home/agilex/krish_ws/install/vision_msgs/include/vision_msgs/msg/detail/classification3_d__type_support.hpp
[48.770s] -- Installing: /home/agilex/krish_ws/install/vision_msgs/include/vision_msgs/msg/detail/detection3_d_array__struct.hpp
[48.770s] -- Installing: /home/agilex/krish_ws/install/vision_msgs/include/vision_msgs/msg/detail/vision_info__struct.hpp
[48.771s] -- Installing: /home/agilex/krish_ws/install/vision_msgs/include/vision_msgs/msg/detail/classification3_d__builder.hpp
[48.771s] -- Installing: /home/agilex/krish_ws/install/vision_msgs/include/vision_msgs/msg/detail/object_hypothesis__type_support.hpp
[48.771s] -- Installing: /home/agilex/krish_ws/install/vision_msgs/include/vision_msgs/msg/detail/bounding_box2_d__builder.hpp
[48.772s] -- Installing: /home/agilex/krish_ws/install/vision_msgs/include/vision_msgs/msg/detail/bounding_box3_d_array__type_support.hpp
[48.772s] -- Installing: /home/agilex/krish_ws/install/vision_msgs/include/vision_msgs/msg/detail/vision_info__type_support.hpp
[48.772s] -- Installing: /home/agilex/krish_ws/install/vision_msgs/include/vision_msgs/msg/detail/detection2_d_array__traits.hpp
[48.772s] -- Installing: /home/agilex/krish_ws/install/vision_msgs/include/vision_msgs/msg/detail/object_hypothesis__traits.hpp
[48.772s] -- Installing: /home/agilex/krish_ws/install/vision_msgs/include/vision_msgs/msg/detail/detection2_d__type_support.hpp
[48.772s] -- Installing: /home/agilex/krish_ws/install/vision_msgs/include/vision_msgs/msg/detail/detection2_d__traits.hpp
[48.773s] -- Installing: /home/agilex/krish_ws/install/vision_msgs/include/vision_msgs/msg/detail/bounding_box3_d__struct.hpp
[48.773s] -- Installing: /home/agilex/krish_ws/install/vision_msgs/include/vision_msgs/msg/detail/detection3_d__type_support.hpp
[48.773s] -- Installing: /home/agilex/krish_ws/install/vision_msgs/include/vision_msgs/msg/detail/detection2_d__struct.hpp
[48.773s] -- Installing: /home/agilex/krish_ws/install/vision_msgs/include/vision_msgs/msg/detail/detection2_d_array__type_support.hpp
[48.773s] -- Installing: /home/agilex/krish_ws/install/vision_msgs/include/vision_msgs/msg/detail/bounding_box3_d__traits.hpp
[48.773s] -- Installing: /home/agilex/krish_ws/install/vision_msgs/include/vision_msgs/msg/detail/bounding_box3_d__builder.hpp
[48.774s] -- Installing: /home/agilex/krish_ws/install/vision_msgs/include/vision_msgs/msg/detail/bounding_box2_d_array__traits.hpp
[48.774s] -- Installing: /home/agilex/krish_ws/install/vision_msgs/include/vision_msgs/msg/detail/classification3_d__traits.hpp
[48.774s] -- Installing: /home/agilex/krish_ws/install/vision_msgs/include/vision_msgs/msg/detail/object_hypothesis_with_pose__traits.hpp
[48.774s] -- Installing: /home/agilex/krish_ws/install/vision_msgs/include/vision_msgs/msg/detail/bounding_box3_d__type_support.hpp
[48.775s] -- Installing: /home/agilex/krish_ws/install/vision_msgs/include/vision_msgs/msg/detail/object_hypothesis_with_pose__builder.hpp
[48.775s] -- Installing: /home/agilex/krish_ws/install/vision_msgs/include/vision_msgs/msg/detail/bounding_box3_d_array__traits.hpp
[48.775s] -- Installing: /home/agilex/krish_ws/install/vision_msgs/include/vision_msgs/msg/detail/detection3_d__struct.hpp
[48.775s] -- Installing: /home/agilex/krish_ws/install/vision_msgs/include/vision_msgs/msg/detail/bounding_box2_d__struct.hpp
[48.775s] -- Installing: /home/agilex/krish_ws/install/vision_msgs/include/vision_msgs/msg/detail/object_hypothesis_with_pose__struct.hpp
[48.775s] -- Installing: /home/agilex/krish_ws/install/vision_msgs/include/vision_msgs/msg/detail/detection3_d_array__type_support.hpp
[48.776s] -- Installing: /home/agilex/krish_ws/install/vision_msgs/include/vision_msgs/msg/bounding_box3_d.hpp
[48.776s] -- Installing: /home/agilex/krish_ws/install/vision_msgs/include/vision_msgs/msg/object_hypothesis_with_pose.hpp
[48.776s] -- Installing: /home/agilex/krish_ws/install/vision_msgs/include/vision_msgs/msg/object_hypothesis.hpp
[48.776s] -- Installing: /home/agilex/krish_ws/install/vision_msgs/include/vision_msgs/msg/bounding_box2_d_array.hpp
[48.776s] -- Installing: /home/agilex/krish_ws/install/vision_msgs/include/vision_msgs/msg/detection3_d_array.hpp
[48.777s] -- Installing: /home/agilex/krish_ws/install/vision_msgs/include/vision_msgs/msg/detection2_d.hpp
[48.777s] -- Installing: /home/agilex/krish_ws/install/vision_msgs/include/vision_msgs/msg/vision_info.hpp
[48.777s] -- Installing: /home/agilex/krish_ws/install/vision_msgs/include/vision_msgs/msg/detection2_d_array.hpp
[48.777s] -- Installing: /home/agilex/krish_ws/install/vision_msgs/include/vision_msgs/msg/rosidl_generator_cpp__visibility_control.hpp
[48.777s] -- Installing: /home/agilex/krish_ws/install/vision_msgs/include/vision_msgs/msg/detection3_d.hpp
[48.778s] -- Installing: /home/agilex/krish_ws/install/vision_msgs/include/vision_msgs/msg/classification3_d.hpp
[48.778s] -- Installing: /home/agilex/krish_ws/install/vision_msgs/include/vision_msgs/msg/bounding_box3_d_array.hpp
[48.778s] -- Up-to-date: /home/agilex/krish_ws/install/vision_msgs/include/vision_msgs
[48.779s] -- Up-to-date: /home/agilex/krish_ws/install/vision_msgs/include/vision_msgs/msg
[48.779s] -- Up-to-date: /home/agilex/krish_ws/install/vision_msgs/include/vision_msgs/msg/detail
[48.779s] -- Installing: /home/agilex/krish_ws/install/vision_msgs/include/vision_msgs/msg/detail/object_hypothesis__type_support.cpp
[48.779s] -- Installing: /home/agilex/krish_ws/install/vision_msgs/include/vision_msgs/msg/detail/object_hypothesis_with_pose__type_support.cpp
[48.779s] -- Installing: /home/agilex/krish_ws/install/vision_msgs/include/vision_msgs/msg/detail/detection2_d__type_support.cpp
[48.780s] -- Installing: /home/agilex/krish_ws/install/vision_msgs/include/vision_msgs/msg/detail/bounding_box2_d_array__rosidl_typesupport_introspection_cpp.hpp
[48.780s] -- Installing: /home/agilex/krish_ws/install/vision_msgs/include/vision_msgs/msg/detail/vision_info__rosidl_typesupport_introspection_cpp.hpp
[48.780s] -- Installing: /home/agilex/krish_ws/install/vision_msgs/include/vision_msgs/msg/detail/detection3_d_array__type_support.cpp
[48.780s] -- Installing: /home/agilex/krish_ws/install/vision_msgs/include/vision_msgs/msg/detail/detection3_d__rosidl_typesupport_introspection_cpp.hpp
[48.781s] -- Installing: /home/agilex/krish_ws/install/vision_msgs/include/vision_msgs/msg/detail/bounding_box2_d__rosidl_typesupport_introspection_cpp.hpp
[48.781s] -- Installing: /home/agilex/krish_ws/install/vision_msgs/include/vision_msgs/msg/detail/classification2_d__type_support.cpp
[48.781s] -- Installing: /home/agilex/krish_ws/install/vision_msgs/include/vision_msgs/msg/detail/object_hypothesis_with_pose__rosidl_typesupport_introspection_cpp.hpp
[48.781s] -- Installing: /home/agilex/krish_ws/install/vision_msgs/include/vision_msgs/msg/detail/detection2_d_array__rosidl_typesupport_introspection_cpp.hpp
[48.781s] -- Installing: /home/agilex/krish_ws/install/vision_msgs/include/vision_msgs/msg/detail/bounding_box3_d_array__rosidl_typesupport_introspection_cpp.hpp
[48.781s] -- Installing: /home/agilex/krish_ws/install/vision_msgs/include/vision_msgs/msg/detail/detection3_d_array__rosidl_typesupport_introspection_cpp.hpp
[48.782s] -- Installing: /home/agilex/krish_ws/install/vision_msgs/include/vision_msgs/msg/detail/bounding_box2_d_array__type_support.cpp
[48.782s] -- Installing: /home/agilex/krish_ws/install/vision_msgs/include/vision_msgs/msg/detail/bounding_box2_d__type_support.cpp
[48.782s] -- Installing: /home/agilex/krish_ws/install/vision_msgs/include/vision_msgs/msg/detail/bounding_box3_d__rosidl_typesupport_introspection_cpp.hpp
[48.783s] -- Installing: /home/agilex/krish_ws/install/vision_msgs/include/vision_msgs/msg/detail/classification3_d__rosidl_typesupport_introspection_cpp.hpp
[48.783s] -- Installing: /home/agilex/krish_ws/install/vision_msgs/include/vision_msgs/msg/detail/classification2_d__rosidl_typesupport_introspection_cpp.hpp
[48.784s] -- Installing: /home/agilex/krish_ws/install/vision_msgs/include/vision_msgs/msg/detail/detection2_d__rosidl_typesupport_introspection_cpp.hpp
[48.784s] -- Installing: /home/agilex/krish_ws/install/vision_msgs/include/vision_msgs/msg/detail/vision_info__type_support.cpp
[48.784s] -- Installing: /home/agilex/krish_ws/install/vision_msgs/include/vision_msgs/msg/detail/bounding_box3_d__type_support.cpp
[48.784s] -- Installing: /home/agilex/krish_ws/install/vision_msgs/include/vision_msgs/msg/detail/bounding_box3_d_array__type_support.cpp
[48.784s] -- Installing: /home/agilex/krish_ws/install/vision_msgs/include/vision_msgs/msg/detail/classification3_d__type_support.cpp
[48.784s] -- Installing: /home/agilex/krish_ws/install/vision_msgs/include/vision_msgs/msg/detail/detection3_d__type_support.cpp
[48.784s] -- Installing: /home/agilex/krish_ws/install/vision_msgs/include/vision_msgs/msg/detail/detection2_d_array__type_support.cpp
[48.785s] -- Installing: /home/agilex/krish_ws/install/vision_msgs/include/vision_msgs/msg/detail/object_hypothesis__rosidl_typesupport_introspection_cpp.hpp
[48.785s] -- Installing: /home/agilex/krish_ws/install/vision_msgs/lib/libvision_msgs__rosidl_typesupport_introspection_cpp.so
[48.786s] -- Set runtime path of "/home/agilex/krish_ws/install/vision_msgs/lib/libvision_msgs__rosidl_typesupport_introspection_cpp.so" to ""
[48.786s] -- Installing: /home/agilex/krish_ws/install/vision_msgs/lib/libvision_msgs__rosidl_typesupport_cpp.so
[48.788s] -- Set runtime path of "/home/agilex/krish_ws/install/vision_msgs/lib/libvision_msgs__rosidl_typesupport_cpp.so" to ""
[48.789s] -- Installing: /home/agilex/krish_ws/install/vision_msgs/share/vision_msgs/environment/pythonpath.sh
[48.790s] -- Installing: /home/agilex/krish_ws/install/vision_msgs/share/vision_msgs/environment/pythonpath.dsv
[48.790s] -- Installing: /home/agilex/krish_ws/install/vision_msgs/lib/python3.8/site-packages/vision_msgs/__init__.py
[48.895s] Compiling '/home/agilex/krish_ws/install/vision_msgs/lib/python3.8/site-packages/vision_msgs/__init__.py'...
[48.907s] -- Installing: /home/agilex/krish_ws/install/vision_msgs/lib/python3.8/site-packages/vision_msgs/msg
[48.907s] -- Installing: /home/agilex/krish_ws/install/vision_msgs/lib/python3.8/site-packages/vision_msgs/msg/_bounding_box3_d.py
[48.908s] -- Installing: /home/agilex/krish_ws/install/vision_msgs/lib/python3.8/site-packages/vision_msgs/msg/_detection3_d.py
[48.908s] -- Installing: /home/agilex/krish_ws/install/vision_msgs/lib/python3.8/site-packages/vision_msgs/msg/_object_hypothesis_with_pose_s.c
[48.908s] -- Installing: /home/agilex/krish_ws/install/vision_msgs/lib/python3.8/site-packages/vision_msgs/msg/_bounding_box3_d_s.c
[48.909s] -- Installing: /home/agilex/krish_ws/install/vision_msgs/lib/python3.8/site-packages/vision_msgs/msg/_classification3_d.py
[48.909s] -- Installing: /home/agilex/krish_ws/install/vision_msgs/lib/python3.8/site-packages/vision_msgs/msg/__init__.py
[48.909s] -- Installing: /home/agilex/krish_ws/install/vision_msgs/lib/python3.8/site-packages/vision_msgs/msg/_classification3_d_s.c
[48.909s] -- Installing: /home/agilex/krish_ws/install/vision_msgs/lib/python3.8/site-packages/vision_msgs/msg/_detection2_d_array.py
[48.909s] -- Installing: /home/agilex/krish_ws/install/vision_msgs/lib/python3.8/site-packages/vision_msgs/msg/_detection2_d.py
[48.910s] -- Installing: /home/agilex/krish_ws/install/vision_msgs/lib/python3.8/site-packages/vision_msgs/msg/_classification2_d_s.c
[48.910s] -- Installing: /home/agilex/krish_ws/install/vision_msgs/lib/python3.8/site-packages/vision_msgs/msg/_detection3_d_array_s.c
[48.910s] -- Installing: /home/agilex/krish_ws/install/vision_msgs/lib/python3.8/site-packages/vision_msgs/msg/_bounding_box2_d_array.py
[48.911s] -- Installing: /home/agilex/krish_ws/install/vision_msgs/lib/python3.8/site-packages/vision_msgs/msg/_object_hypothesis.py
[48.911s] -- Installing: /home/agilex/krish_ws/install/vision_msgs/lib/python3.8/site-packages/vision_msgs/msg/_detection3_d_s.c
[48.911s] -- Installing: /home/agilex/krish_ws/install/vision_msgs/lib/python3.8/site-packages/vision_msgs/msg/_bounding_box2_d.py
[48.912s] -- Installing: /home/agilex/krish_ws/install/vision_msgs/lib/python3.8/site-packages/vision_msgs/msg/_detection2_d_s.c
[48.912s] -- Installing: /home/agilex/krish_ws/install/vision_msgs/lib/python3.8/site-packages/vision_msgs/msg/_vision_info_s.c
[48.912s] -- Installing: /home/agilex/krish_ws/install/vision_msgs/lib/python3.8/site-packages/vision_msgs/msg/_bounding_box2_d_s.c
[48.913s] -- Installing: /home/agilex/krish_ws/install/vision_msgs/lib/python3.8/site-packages/vision_msgs/msg/_object_hypothesis_with_pose.py
[48.913s] -- Installing: /home/agilex/krish_ws/install/vision_msgs/lib/python3.8/site-packages/vision_msgs/msg/_bounding_box2_d_array_s.c
[48.913s] -- Installing: /home/agilex/krish_ws/install/vision_msgs/lib/python3.8/site-packages/vision_msgs/msg/_detection2_d_array_s.c
[48.913s] -- Installing: /home/agilex/krish_ws/install/vision_msgs/lib/python3.8/site-packages/vision_msgs/msg/_classification2_d.py
[48.914s] -- Installing: /home/agilex/krish_ws/install/vision_msgs/lib/python3.8/site-packages/vision_msgs/msg/_object_hypothesis_s.c
[48.914s] -- Installing: /home/agilex/krish_ws/install/vision_msgs/lib/python3.8/site-packages/vision_msgs/msg/_bounding_box3_d_array_s.c
[48.914s] -- Installing: /home/agilex/krish_ws/install/vision_msgs/lib/python3.8/site-packages/vision_msgs/msg/_vision_info.py
[48.914s] -- Installing: /home/agilex/krish_ws/install/vision_msgs/lib/python3.8/site-packages/vision_msgs/msg/_bounding_box3_d_array.py
[48.915s] -- Installing: /home/agilex/krish_ws/install/vision_msgs/lib/python3.8/site-packages/vision_msgs/msg/_detection3_d_array.py
[48.915s] -- Installing: /home/agilex/krish_ws/install/vision_msgs/lib/python3.8/site-packages/vision_msgs/vision_msgs_s__rosidl_typesupport_fastrtps_c.cpython-38-aarch64-linux-gnu.so
[48.915s] -- Set runtime path of "/home/agilex/krish_ws/install/vision_msgs/lib/python3.8/site-packages/vision_msgs/vision_msgs_s__rosidl_typesupport_fastrtps_c.cpython-38-aarch64-linux-gnu.so" to ""
[48.916s] -- Installing: /home/agilex/krish_ws/install/vision_msgs/lib/python3.8/site-packages/vision_msgs/vision_msgs_s__rosidl_typesupport_introspection_c.cpython-38-aarch64-linux-gnu.so
[48.916s] -- Set runtime path of "/home/agilex/krish_ws/install/vision_msgs/lib/python3.8/site-packages/vision_msgs/vision_msgs_s__rosidl_typesupport_introspection_c.cpython-38-aarch64-linux-gnu.so" to ""
[48.917s] -- Installing: /home/agilex/krish_ws/install/vision_msgs/lib/python3.8/site-packages/vision_msgs/vision_msgs_s__rosidl_typesupport_c.cpython-38-aarch64-linux-gnu.so
[48.918s] -- Set runtime path of "/home/agilex/krish_ws/install/vision_msgs/lib/python3.8/site-packages/vision_msgs/vision_msgs_s__rosidl_typesupport_c.cpython-38-aarch64-linux-gnu.so" to ""
[48.918s] -- Installing: /home/agilex/krish_ws/install/vision_msgs/lib/libvision_msgs__python.so
[48.919s] -- Set runtime path of "/home/agilex/krish_ws/install/vision_msgs/lib/libvision_msgs__python.so" to ""
[48.919s] -- Installing: /home/agilex/krish_ws/install/vision_msgs/share/vision_msgs/msg/BoundingBox2D.idl
[48.920s] -- Installing: /home/agilex/krish_ws/install/vision_msgs/share/vision_msgs/msg/BoundingBox2DArray.idl
[48.920s] -- Installing: /home/agilex/krish_ws/install/vision_msgs/share/vision_msgs/msg/BoundingBox3D.idl
[48.920s] -- Installing: /home/agilex/krish_ws/install/vision_msgs/share/vision_msgs/msg/BoundingBox3DArray.idl
[48.925s] -- Installing: /home/agilex/krish_ws/install/vision_msgs/share/vision_msgs/msg/Classification2D.idl
[48.925s] -- Installing: /home/agilex/krish_ws/install/vision_msgs/share/vision_msgs/msg/Classification3D.idl
[48.926s] -- Installing: /home/agilex/krish_ws/install/vision_msgs/share/vision_msgs/msg/Detection2DArray.idl
[48.926s] -- Installing: /home/agilex/krish_ws/install/vision_msgs/share/vision_msgs/msg/Detection2D.idl
[48.926s] -- Installing: /home/agilex/krish_ws/install/vision_msgs/share/vision_msgs/msg/Detection3DArray.idl
[48.927s] -- Installing: /home/agilex/krish_ws/install/vision_msgs/share/vision_msgs/msg/Detection3D.idl
[48.927s] -- Installing: /home/agilex/krish_ws/install/vision_msgs/share/vision_msgs/msg/ObjectHypothesis.idl
[48.927s] -- Installing: /home/agilex/krish_ws/install/vision_msgs/share/vision_msgs/msg/ObjectHypothesisWithPose.idl
[48.928s] -- Installing: /home/agilex/krish_ws/install/vision_msgs/share/vision_msgs/msg/VisionInfo.idl
[48.928s] -- Installing: /home/agilex/krish_ws/install/vision_msgs/share/vision_msgs/msg/BoundingBox2D.msg
[48.928s] -- Installing: /home/agilex/krish_ws/install/vision_msgs/share/vision_msgs/msg/BoundingBox2DArray.msg
[48.928s] -- Installing: /home/agilex/krish_ws/install/vision_msgs/share/vision_msgs/msg/BoundingBox3D.msg
[48.929s] -- Installing: /home/agilex/krish_ws/install/vision_msgs/share/vision_msgs/msg/BoundingBox3DArray.msg
[48.929s] -- Installing: /home/agilex/krish_ws/install/vision_msgs/share/vision_msgs/msg/Classification2D.msg
[48.929s] -- Installing: /home/agilex/krish_ws/install/vision_msgs/share/vision_msgs/msg/Classification3D.msg
[48.930s] -- Installing: /home/agilex/krish_ws/install/vision_msgs/share/vision_msgs/msg/Detection2DArray.msg
[48.930s] -- Installing: /home/agilex/krish_ws/install/vision_msgs/share/vision_msgs/msg/Detection2D.msg
[48.930s] -- Installing: /home/agilex/krish_ws/install/vision_msgs/share/vision_msgs/msg/Detection3DArray.msg
[48.930s] -- Installing: /home/agilex/krish_ws/install/vision_msgs/share/vision_msgs/msg/Detection3D.msg
[48.931s] -- Installing: /home/agilex/krish_ws/install/vision_msgs/share/vision_msgs/msg/ObjectHypothesis.msg
[48.931s] -- Installing: /home/agilex/krish_ws/install/vision_msgs/share/vision_msgs/msg/ObjectHypothesisWithPose.msg
[48.931s] -- Installing: /home/agilex/krish_ws/install/vision_msgs/share/vision_msgs/msg/VisionInfo.msg
[48.932s] -- Up-to-date: /home/agilex/krish_ws/install/vision_msgs/include/vision_msgs
[48.932s] -- Installing: /home/agilex/krish_ws/install/vision_msgs/include/vision_msgs/create_aabb.hpp
[48.932s] -- Installing: /home/agilex/krish_ws/install/vision_msgs/share/ament_index/resource_index/package_run_dependencies/vision_msgs
[48.932s] -- Installing: /home/agilex/krish_ws/install/vision_msgs/share/ament_index/resource_index/parent_prefix_path/vision_msgs
[48.933s] -- Installing: /home/agilex/krish_ws/install/vision_msgs/share/vision_msgs/environment/ament_prefix_path.sh
[48.933s] -- Installing: /home/agilex/krish_ws/install/vision_msgs/share/vision_msgs/environment/ament_prefix_path.dsv
[48.933s] -- Installing: /home/agilex/krish_ws/install/vision_msgs/share/vision_msgs/environment/path.sh
[48.933s] -- Installing: /home/agilex/krish_ws/install/vision_msgs/share/vision_msgs/environment/path.dsv
[48.934s] -- Installing: /home/agilex/krish_ws/install/vision_msgs/share/vision_msgs/local_setup.bash
[48.934s] -- Installing: /home/agilex/krish_ws/install/vision_msgs/share/vision_msgs/local_setup.sh
[48.934s] -- Installing: /home/agilex/krish_ws/install/vision_msgs/share/vision_msgs/local_setup.zsh
[48.935s] -- Installing: /home/agilex/krish_ws/install/vision_msgs/share/vision_msgs/local_setup.dsv
[48.935s] -- Installing: /home/agilex/krish_ws/install/vision_msgs/share/vision_msgs/package.dsv
[48.935s] -- Installing: /home/agilex/krish_ws/install/vision_msgs/share/ament_index/resource_index/packages/vision_msgs
[48.935s] -- Installing: /home/agilex/krish_ws/install/vision_msgs/share/vision_msgs/cmake/vision_msgs__rosidl_generator_cExport.cmake
[48.936s] -- Installing: /home/agilex/krish_ws/install/vision_msgs/share/vision_msgs/cmake/vision_msgs__rosidl_generator_cExport-noconfig.cmake
[48.936s] -- Installing: /home/agilex/krish_ws/install/vision_msgs/share/vision_msgs/cmake/vision_msgs__rosidl_typesupport_introspection_cExport.cmake
[48.936s] -- Installing: /home/agilex/krish_ws/install/vision_msgs/share/vision_msgs/cmake/vision_msgs__rosidl_typesupport_introspection_cExport-noconfig.cmake
[48.936s] -- Installing: /home/agilex/krish_ws/install/vision_msgs/share/vision_msgs/cmake/vision_msgs__rosidl_typesupport_cExport.cmake
[48.937s] -- Installing: /home/agilex/krish_ws/install/vision_msgs/share/vision_msgs/cmake/vision_msgs__rosidl_typesupport_cExport-noconfig.cmake
[48.937s] -- Installing: /home/agilex/krish_ws/install/vision_msgs/share/vision_msgs/cmake/vision_msgs__rosidl_generator_cppExport.cmake
[48.937s] -- Installing: /home/agilex/krish_ws/install/vision_msgs/share/vision_msgs/cmake/vision_msgs__rosidl_typesupport_introspection_cppExport.cmake
[48.937s] -- Installing: /home/agilex/krish_ws/install/vision_msgs/share/vision_msgs/cmake/vision_msgs__rosidl_typesupport_introspection_cppExport-noconfig.cmake
[48.938s] -- Installing: /home/agilex/krish_ws/install/vision_msgs/share/vision_msgs/cmake/vision_msgs__rosidl_typesupport_cppExport.cmake
[48.938s] -- Installing: /home/agilex/krish_ws/install/vision_msgs/share/vision_msgs/cmake/vision_msgs__rosidl_typesupport_cppExport-noconfig.cmake
[48.938s] -- Installing: /home/agilex/krish_ws/install/vision_msgs/share/vision_msgs/cmake/rosidl_cmake-extras.cmake
[48.938s] -- Installing: /home/agilex/krish_ws/install/vision_msgs/share/vision_msgs/cmake/ament_cmake_export_dependencies-extras.cmake
[48.939s] -- Installing: /home/agilex/krish_ws/install/vision_msgs/share/vision_msgs/cmake/ament_cmake_export_libraries-extras.cmake
[48.939s] -- Installing: /home/agilex/krish_ws/install/vision_msgs/share/vision_msgs/cmake/ament_cmake_export_targets-extras.cmake
[48.939s] -- Installing: /home/agilex/krish_ws/install/vision_msgs/share/vision_msgs/cmake/ament_cmake_export_include_directories-extras.cmake
[48.939s] -- Installing: /home/agilex/krish_ws/install/vision_msgs/share/vision_msgs/cmake/rosidl_cmake_export_typesupport_libraries-extras.cmake
[48.940s] -- Installing: /home/agilex/krish_ws/install/vision_msgs/share/vision_msgs/cmake/rosidl_cmake_export_typesupport_targets-extras.cmake
[48.940s] -- Installing: /home/agilex/krish_ws/install/vision_msgs/share/vision_msgs/cmake/vision_msgsConfig.cmake
[48.940s] -- Installing: /home/agilex/krish_ws/install/vision_msgs/share/vision_msgs/cmake/vision_msgsConfig-version.cmake
[48.940s] -- Installing: /home/agilex/krish_ws/install/vision_msgs/share/vision_msgs/package.xml
[48.947s] Invoked command in '/home/agilex/krish_ws/build/vision_msgs' returned '0': CMAKE_PREFIX_PATH=${CMAKE_PREFIX_PATH}:/home/agilex/krish_ws/install/mycobot_arm:/home/agilex/limo_ros2_ws/install/ultraarm:/home/agilex/limo_ros2_ws/install/nav2_gazebo_spawner:/home/agilex/limo_ros2_ws/install/mypalletizer_260_pi:/home/agilex/limo_ros2_ws/install/mypalletizer_260:/home/agilex/limo_ros2_ws/install/mypalletizer_communication:/home/agilex/limo_ros2_ws/install/mycobot_630:/home/agilex/limo_ros2_ws/install/mycobot_600:/home/agilex/limo_ros2_ws/install/mycobot_320pi:/home/agilex/limo_ros2_ws/install/mycobot_320:/home/agilex/limo_ros2_ws/install/mycobot_280pi:/home/agilex/limo_ros2_ws/install/mycobot_280jn:/home/agilex/limo_ros2_ws/install/mycobot_280_x3pi:/home/agilex/limo_ros2_ws/install/mycobot_280:/home/agilex/limo_ros2_ws/install/myarm_m750:/home/agilex/limo_ros2_ws/install/myarm_c650:/home/agilex/limo_ros2_ws/install/myarm_300:/home/agilex/limo_ros2_ws/install/mycobot_communication:/home/agilex/limo_ros2_ws/install/mecharm_pi:/home/agilex/limo_ros2_ws/install/mecharm:/home/agilex/limo_ros2_ws/install/mecharm_communication:/home/agilex/limo_ros2_ws/install/mybuddy:/home/agilex/limo_ros2_ws/install/mycobot_description:/home/agilex/krish_ws/install/object_search:/home/agilex/krish_ws/install/object_detector:/home/agilex/krish_ws/install/nav_handler:/home/agilex/krish_ws/install/mycobot_description:/opt/ros/foxy /usr/bin/cmake --install /home/agilex/krish_ws/build/vision_msgs
