[16.330s] DEBUG:colcon:Command line arguments: ['/usr/bin/colcon', 'build', '--packages-select', 'object_detector']
[16.331s] DEBUG:colcon:Parsed command line arguments: Namespace(allow_overriding=[], ament_cmake_args=None, base_paths=['.'], build_base='build', catkin_cmake_args=None, catkin_skip_building_tests=False, cmake_args=None, cmake_clean_cache=False, cmake_clean_first=False, cmake_force_configure=False, cmake_target=None, cmake_target_skip_unavailable=False, continue_on_error=False, event_handlers=None, executor='parallel', ignore_user_meta=False, install_base='install', log_base=None, log_level=None, main=<bound method BuildVerb.main of <colcon_core.verb.build.BuildVerb object at 0xffffa1495820>>, merge_install=False, metas=['./colcon.meta'], packages_above=None, packages_above_and_dependencies=None, packages_above_depth=None, packages_end=None, packages_ignore=None, packages_ignore_regex=None, packages_select=['object_detector'], packages_select_build_failed=False, packages_select_by_dep=None, packages_select_regex=None, packages_select_test_failures=False, packages_skip=None, packages_skip_build_finished=False, packages_skip_by_dep=None, packages_skip_regex=None, packages_skip_test_passed=False, packages_skip_up_to=None, packages_start=None, packages_up_to=None, packages_up_to_regex=None, parallel_workers=6, paths=None, symlink_install=False, test_result_base=None, verb_extension=<colcon_core.verb.build.BuildVerb object at 0xffffa1495820>, verb_name='build', verb_parser=<colcon_defaults.argument_parser.defaults.DefaultArgumentsDecorator object at 0xffffa1495ca0>)
[17.028s] Level 1:colcon.colcon_core.package_discovery:discover_packages(colcon_meta) check parameters
[17.029s] Level 1:colcon.colcon_core.package_discovery:discover_packages(recursive) check parameters
[17.029s] Level 1:colcon.colcon_core.package_discovery:discover_packages(ignore) check parameters
[17.029s] Level 1:colcon.colcon_core.package_discovery:discover_packages(path) check parameters
[17.029s] Level 1:colcon.colcon_core.package_discovery:discover_packages(colcon_meta) discover
[17.029s] Level 1:colcon.colcon_core.package_discovery:discover_packages(recursive) discover
[17.029s] INFO:colcon.colcon_core.package_discovery:Crawling recursively for packages in '/home/agilex/krish_ws'
[17.029s] Level 1:colcon.colcon_core.package_identification:_identify(.) by extensions ['ignore', 'ignore_ament_install']
[17.030s] Level 1:colcon.colcon_core.package_identification:_identify(.) by extension 'ignore'
[17.030s] Level 1:colcon.colcon_core.package_identification:_identify(.) by extension 'ignore_ament_install'
[17.030s] Level 1:colcon.colcon_core.package_identification:_identify(.) by extensions ['colcon_pkg']
[17.030s] Level 1:colcon.colcon_core.package_identification:_identify(.) by extension 'colcon_pkg'
[17.030s] Level 1:colcon.colcon_core.package_identification:_identify(.) by extensions ['colcon_meta']
[17.030s] Level 1:colcon.colcon_core.package_identification:_identify(.) by extension 'colcon_meta'
[17.030s] Level 1:colcon.colcon_core.package_identification:_identify(.) by extensions ['ros']
[17.030s] Level 1:colcon.colcon_core.package_identification:_identify(.) by extension 'ros'
[17.063s] Level 1:colcon.colcon_core.package_identification:_identify(.) by extensions ['cmake', 'python']
[17.064s] Level 1:colcon.colcon_core.package_identification:_identify(.) by extension 'cmake'
[17.064s] Level 1:colcon.colcon_core.package_identification:_identify(.) by extension 'python'
[17.065s] Level 1:colcon.colcon_core.package_identification:_identify(.) by extensions ['python_setup_py']
[17.065s] Level 1:colcon.colcon_core.package_identification:_identify(.) by extension 'python_setup_py'
[17.065s] Level 1:colcon.colcon_core.package_identification:_identify(Log) by extensions ['ignore', 'ignore_ament_install']
[17.066s] Level 1:colcon.colcon_core.package_identification:_identify(Log) by extension 'ignore'
[17.066s] Level 1:colcon.colcon_core.package_identification:_identify(Log) by extension 'ignore_ament_install'
[17.066s] Level 1:colcon.colcon_core.package_identification:_identify(Log) by extensions ['colcon_pkg']
[17.066s] Level 1:colcon.colcon_core.package_identification:_identify(Log) by extension 'colcon_pkg'
[17.067s] Level 1:colcon.colcon_core.package_identification:_identify(Log) by extensions ['colcon_meta']
[17.067s] Level 1:colcon.colcon_core.package_identification:_identify(Log) by extension 'colcon_meta'
[17.067s] Level 1:colcon.colcon_core.package_identification:_identify(Log) by extensions ['ros']
[17.067s] Level 1:colcon.colcon_core.package_identification:_identify(Log) by extension 'ros'
[17.067s] Level 1:colcon.colcon_core.package_identification:_identify(Log) by extensions ['cmake', 'python']
[17.067s] Level 1:colcon.colcon_core.package_identification:_identify(Log) by extension 'cmake'
[17.067s] Level 1:colcon.colcon_core.package_identification:_identify(Log) by extension 'python'
[17.067s] Level 1:colcon.colcon_core.package_identification:_identify(Log) by extensions ['python_setup_py']
[17.067s] Level 1:colcon.colcon_core.package_identification:_identify(Log) by extension 'python_setup_py'
[17.068s] Level 1:colcon.colcon_core.package_identification:_identify(build) by extensions ['ignore', 'ignore_ament_install']
[17.068s] Level 1:colcon.colcon_core.package_identification:_identify(build) by extension 'ignore'
[17.068s] Level 1:colcon.colcon_core.package_identification:_identify(build) ignored
[17.068s] Level 1:colcon.colcon_core.package_identification:_identify(install) by extensions ['ignore', 'ignore_ament_install']
[17.069s] Level 1:colcon.colcon_core.package_identification:_identify(install) by extension 'ignore'
[17.069s] Level 1:colcon.colcon_core.package_identification:_identify(install) ignored
[17.069s] Level 1:colcon.colcon_core.package_identification:_identify(log) by extensions ['ignore', 'ignore_ament_install']
[17.069s] Level 1:colcon.colcon_core.package_identification:_identify(log) by extension 'ignore'
[17.069s] Level 1:colcon.colcon_core.package_identification:_identify(log) ignored
[17.069s] Level 1:colcon.colcon_core.package_identification:_identify(maps) by extensions ['ignore', 'ignore_ament_install']
[17.070s] Level 1:colcon.colcon_core.package_identification:_identify(maps) by extension 'ignore'
[17.070s] Level 1:colcon.colcon_core.package_identification:_identify(maps) by extension 'ignore_ament_install'
[17.070s] Level 1:colcon.colcon_core.package_identification:_identify(maps) by extensions ['colcon_pkg']
[17.070s] Level 1:colcon.colcon_core.package_identification:_identify(maps) by extension 'colcon_pkg'
[17.070s] Level 1:colcon.colcon_core.package_identification:_identify(maps) by extensions ['colcon_meta']
[17.070s] Level 1:colcon.colcon_core.package_identification:_identify(maps) by extension 'colcon_meta'
[17.070s] Level 1:colcon.colcon_core.package_identification:_identify(maps) by extensions ['ros']
[17.070s] Level 1:colcon.colcon_core.package_identification:_identify(maps) by extension 'ros'
[17.070s] Level 1:colcon.colcon_core.package_identification:_identify(maps) by extensions ['cmake', 'python']
[17.070s] Level 1:colcon.colcon_core.package_identification:_identify(maps) by extension 'cmake'
[17.071s] Level 1:colcon.colcon_core.package_identification:_identify(maps) by extension 'python'
[17.071s] Level 1:colcon.colcon_core.package_identification:_identify(maps) by extensions ['python_setup_py']
[17.071s] Level 1:colcon.colcon_core.package_identification:_identify(maps) by extension 'python_setup_py'
[17.071s] Level 1:colcon.colcon_core.package_identification:_identify(mycobot_test.v1i.yolov8) by extensions ['ignore', 'ignore_ament_install']
[17.071s] Level 1:colcon.colcon_core.package_identification:_identify(mycobot_test.v1i.yolov8) by extension 'ignore'
[17.071s] Level 1:colcon.colcon_core.package_identification:_identify(mycobot_test.v1i.yolov8) by extension 'ignore_ament_install'
[17.071s] Level 1:colcon.colcon_core.package_identification:_identify(mycobot_test.v1i.yolov8) by extensions ['colcon_pkg']
[17.071s] Level 1:colcon.colcon_core.package_identification:_identify(mycobot_test.v1i.yolov8) by extension 'colcon_pkg'
[17.072s] Level 1:colcon.colcon_core.package_identification:_identify(mycobot_test.v1i.yolov8) by extensions ['colcon_meta']
[17.072s] Level 1:colcon.colcon_core.package_identification:_identify(mycobot_test.v1i.yolov8) by extension 'colcon_meta'
[17.072s] Level 1:colcon.colcon_core.package_identification:_identify(mycobot_test.v1i.yolov8) by extensions ['ros']
[17.072s] Level 1:colcon.colcon_core.package_identification:_identify(mycobot_test.v1i.yolov8) by extension 'ros'
[17.072s] Level 1:colcon.colcon_core.package_identification:_identify(mycobot_test.v1i.yolov8) by extensions ['cmake', 'python']
[17.072s] Level 1:colcon.colcon_core.package_identification:_identify(mycobot_test.v1i.yolov8) by extension 'cmake'
[17.072s] Level 1:colcon.colcon_core.package_identification:_identify(mycobot_test.v1i.yolov8) by extension 'python'
[17.072s] Level 1:colcon.colcon_core.package_identification:_identify(mycobot_test.v1i.yolov8) by extensions ['python_setup_py']
[17.072s] Level 1:colcon.colcon_core.package_identification:_identify(mycobot_test.v1i.yolov8) by extension 'python_setup_py'
[17.072s] Level 1:colcon.colcon_core.package_identification:_identify(mycobot_test.v1i.yolov8/train) by extensions ['ignore', 'ignore_ament_install']
[17.073s] Level 1:colcon.colcon_core.package_identification:_identify(mycobot_test.v1i.yolov8/train) by extension 'ignore'
[17.073s] Level 1:colcon.colcon_core.package_identification:_identify(mycobot_test.v1i.yolov8/train) by extension 'ignore_ament_install'
[17.073s] Level 1:colcon.colcon_core.package_identification:_identify(mycobot_test.v1i.yolov8/train) by extensions ['colcon_pkg']
[17.073s] Level 1:colcon.colcon_core.package_identification:_identify(mycobot_test.v1i.yolov8/train) by extension 'colcon_pkg'
[17.073s] Level 1:colcon.colcon_core.package_identification:_identify(mycobot_test.v1i.yolov8/train) by extensions ['colcon_meta']
[17.073s] Level 1:colcon.colcon_core.package_identification:_identify(mycobot_test.v1i.yolov8/train) by extension 'colcon_meta'
[17.073s] Level 1:colcon.colcon_core.package_identification:_identify(mycobot_test.v1i.yolov8/train) by extensions ['ros']
[17.073s] Level 1:colcon.colcon_core.package_identification:_identify(mycobot_test.v1i.yolov8/train) by extension 'ros'
[17.073s] Level 1:colcon.colcon_core.package_identification:_identify(mycobot_test.v1i.yolov8/train) by extensions ['cmake', 'python']
[17.073s] Level 1:colcon.colcon_core.package_identification:_identify(mycobot_test.v1i.yolov8/train) by extension 'cmake'
[17.074s] Level 1:colcon.colcon_core.package_identification:_identify(mycobot_test.v1i.yolov8/train) by extension 'python'
[17.074s] Level 1:colcon.colcon_core.package_identification:_identify(mycobot_test.v1i.yolov8/train) by extensions ['python_setup_py']
[17.074s] Level 1:colcon.colcon_core.package_identification:_identify(mycobot_test.v1i.yolov8/train) by extension 'python_setup_py'
[17.074s] Level 1:colcon.colcon_core.package_identification:_identify(mycobot_test.v1i.yolov8/train/images) by extensions ['ignore', 'ignore_ament_install']
[17.074s] Level 1:colcon.colcon_core.package_identification:_identify(mycobot_test.v1i.yolov8/train/images) by extension 'ignore'
[17.074s] Level 1:colcon.colcon_core.package_identification:_identify(mycobot_test.v1i.yolov8/train/images) by extension 'ignore_ament_install'
[17.074s] Level 1:colcon.colcon_core.package_identification:_identify(mycobot_test.v1i.yolov8/train/images) by extensions ['colcon_pkg']
[17.074s] Level 1:colcon.colcon_core.package_identification:_identify(mycobot_test.v1i.yolov8/train/images) by extension 'colcon_pkg'
[17.075s] Level 1:colcon.colcon_core.package_identification:_identify(mycobot_test.v1i.yolov8/train/images) by extensions ['colcon_meta']
[17.075s] Level 1:colcon.colcon_core.package_identification:_identify(mycobot_test.v1i.yolov8/train/images) by extension 'colcon_meta'
[17.075s] Level 1:colcon.colcon_core.package_identification:_identify(mycobot_test.v1i.yolov8/train/images) by extensions ['ros']
[17.075s] Level 1:colcon.colcon_core.package_identification:_identify(mycobot_test.v1i.yolov8/train/images) by extension 'ros'
[17.075s] Level 1:colcon.colcon_core.package_identification:_identify(mycobot_test.v1i.yolov8/train/images) by extensions ['cmake', 'python']
[17.075s] Level 1:colcon.colcon_core.package_identification:_identify(mycobot_test.v1i.yolov8/train/images) by extension 'cmake'
[17.075s] Level 1:colcon.colcon_core.package_identification:_identify(mycobot_test.v1i.yolov8/train/images) by extension 'python'
[17.075s] Level 1:colcon.colcon_core.package_identification:_identify(mycobot_test.v1i.yolov8/train/images) by extensions ['python_setup_py']
[17.075s] Level 1:colcon.colcon_core.package_identification:_identify(mycobot_test.v1i.yolov8/train/images) by extension 'python_setup_py'
[17.076s] Level 1:colcon.colcon_core.package_identification:_identify(mycobot_test.v1i.yolov8/train/labels) by extensions ['ignore', 'ignore_ament_install']
[17.076s] Level 1:colcon.colcon_core.package_identification:_identify(mycobot_test.v1i.yolov8/train/labels) by extension 'ignore'
[17.076s] Level 1:colcon.colcon_core.package_identification:_identify(mycobot_test.v1i.yolov8/train/labels) by extension 'ignore_ament_install'
[17.076s] Level 1:colcon.colcon_core.package_identification:_identify(mycobot_test.v1i.yolov8/train/labels) by extensions ['colcon_pkg']
[17.076s] Level 1:colcon.colcon_core.package_identification:_identify(mycobot_test.v1i.yolov8/train/labels) by extension 'colcon_pkg'
[17.076s] Level 1:colcon.colcon_core.package_identification:_identify(mycobot_test.v1i.yolov8/train/labels) by extensions ['colcon_meta']
[17.076s] Level 1:colcon.colcon_core.package_identification:_identify(mycobot_test.v1i.yolov8/train/labels) by extension 'colcon_meta'
[17.076s] Level 1:colcon.colcon_core.package_identification:_identify(mycobot_test.v1i.yolov8/train/labels) by extensions ['ros']
[17.076s] Level 1:colcon.colcon_core.package_identification:_identify(mycobot_test.v1i.yolov8/train/labels) by extension 'ros'
[17.077s] Level 1:colcon.colcon_core.package_identification:_identify(mycobot_test.v1i.yolov8/train/labels) by extensions ['cmake', 'python']
[17.077s] Level 1:colcon.colcon_core.package_identification:_identify(mycobot_test.v1i.yolov8/train/labels) by extension 'cmake'
[17.077s] Level 1:colcon.colcon_core.package_identification:_identify(mycobot_test.v1i.yolov8/train/labels) by extension 'python'
[17.077s] Level 1:colcon.colcon_core.package_identification:_identify(mycobot_test.v1i.yolov8/train/labels) by extensions ['python_setup_py']
[17.077s] Level 1:colcon.colcon_core.package_identification:_identify(mycobot_test.v1i.yolov8/train/labels) by extension 'python_setup_py'
[17.077s] Level 1:colcon.colcon_core.package_identification:_identify(mycobot_test.v1i.yolov8/valid) by extensions ['ignore', 'ignore_ament_install']
[17.077s] Level 1:colcon.colcon_core.package_identification:_identify(mycobot_test.v1i.yolov8/valid) by extension 'ignore'
[17.077s] Level 1:colcon.colcon_core.package_identification:_identify(mycobot_test.v1i.yolov8/valid) by extension 'ignore_ament_install'
[17.077s] Level 1:colcon.colcon_core.package_identification:_identify(mycobot_test.v1i.yolov8/valid) by extensions ['colcon_pkg']
[17.078s] Level 1:colcon.colcon_core.package_identification:_identify(mycobot_test.v1i.yolov8/valid) by extension 'colcon_pkg'
[17.078s] Level 1:colcon.colcon_core.package_identification:_identify(mycobot_test.v1i.yolov8/valid) by extensions ['colcon_meta']
[17.078s] Level 1:colcon.colcon_core.package_identification:_identify(mycobot_test.v1i.yolov8/valid) by extension 'colcon_meta'
[17.078s] Level 1:colcon.colcon_core.package_identification:_identify(mycobot_test.v1i.yolov8/valid) by extensions ['ros']
[17.078s] Level 1:colcon.colcon_core.package_identification:_identify(mycobot_test.v1i.yolov8/valid) by extension 'ros'
[17.078s] Level 1:colcon.colcon_core.package_identification:_identify(mycobot_test.v1i.yolov8/valid) by extensions ['cmake', 'python']
[17.078s] Level 1:colcon.colcon_core.package_identification:_identify(mycobot_test.v1i.yolov8/valid) by extension 'cmake'
[17.078s] Level 1:colcon.colcon_core.package_identification:_identify(mycobot_test.v1i.yolov8/valid) by extension 'python'
[17.078s] Level 1:colcon.colcon_core.package_identification:_identify(mycobot_test.v1i.yolov8/valid) by extensions ['python_setup_py']
[17.078s] Level 1:colcon.colcon_core.package_identification:_identify(mycobot_test.v1i.yolov8/valid) by extension 'python_setup_py'
[17.079s] Level 1:colcon.colcon_core.package_identification:_identify(mycobot_test.v1i.yolov8/valid/images) by extensions ['ignore', 'ignore_ament_install']
[17.079s] Level 1:colcon.colcon_core.package_identification:_identify(mycobot_test.v1i.yolov8/valid/images) by extension 'ignore'
[17.079s] Level 1:colcon.colcon_core.package_identification:_identify(mycobot_test.v1i.yolov8/valid/images) by extension 'ignore_ament_install'
[17.079s] Level 1:colcon.colcon_core.package_identification:_identify(mycobot_test.v1i.yolov8/valid/images) by extensions ['colcon_pkg']
[17.079s] Level 1:colcon.colcon_core.package_identification:_identify(mycobot_test.v1i.yolov8/valid/images) by extension 'colcon_pkg'
[17.079s] Level 1:colcon.colcon_core.package_identification:_identify(mycobot_test.v1i.yolov8/valid/images) by extensions ['colcon_meta']
[17.079s] Level 1:colcon.colcon_core.package_identification:_identify(mycobot_test.v1i.yolov8/valid/images) by extension 'colcon_meta'
[17.079s] Level 1:colcon.colcon_core.package_identification:_identify(mycobot_test.v1i.yolov8/valid/images) by extensions ['ros']
[17.079s] Level 1:colcon.colcon_core.package_identification:_identify(mycobot_test.v1i.yolov8/valid/images) by extension 'ros'
[17.080s] Level 1:colcon.colcon_core.package_identification:_identify(mycobot_test.v1i.yolov8/valid/images) by extensions ['cmake', 'python']
[17.080s] Level 1:colcon.colcon_core.package_identification:_identify(mycobot_test.v1i.yolov8/valid/images) by extension 'cmake'
[17.080s] Level 1:colcon.colcon_core.package_identification:_identify(mycobot_test.v1i.yolov8/valid/images) by extension 'python'
[17.080s] Level 1:colcon.colcon_core.package_identification:_identify(mycobot_test.v1i.yolov8/valid/images) by extensions ['python_setup_py']
[17.080s] Level 1:colcon.colcon_core.package_identification:_identify(mycobot_test.v1i.yolov8/valid/images) by extension 'python_setup_py'
[17.080s] Level 1:colcon.colcon_core.package_identification:_identify(mycobot_test.v1i.yolov8/valid/labels) by extensions ['ignore', 'ignore_ament_install']
[17.080s] Level 1:colcon.colcon_core.package_identification:_identify(mycobot_test.v1i.yolov8/valid/labels) by extension 'ignore'
[17.080s] Level 1:colcon.colcon_core.package_identification:_identify(mycobot_test.v1i.yolov8/valid/labels) by extension 'ignore_ament_install'
[17.081s] Level 1:colcon.colcon_core.package_identification:_identify(mycobot_test.v1i.yolov8/valid/labels) by extensions ['colcon_pkg']
[17.081s] Level 1:colcon.colcon_core.package_identification:_identify(mycobot_test.v1i.yolov8/valid/labels) by extension 'colcon_pkg'
[17.081s] Level 1:colcon.colcon_core.package_identification:_identify(mycobot_test.v1i.yolov8/valid/labels) by extensions ['colcon_meta']
[17.081s] Level 1:colcon.colcon_core.package_identification:_identify(mycobot_test.v1i.yolov8/valid/labels) by extension 'colcon_meta'
[17.081s] Level 1:colcon.colcon_core.package_identification:_identify(mycobot_test.v1i.yolov8/valid/labels) by extensions ['ros']
[17.081s] Level 1:colcon.colcon_core.package_identification:_identify(mycobot_test.v1i.yolov8/valid/labels) by extension 'ros'
[17.081s] Level 1:colcon.colcon_core.package_identification:_identify(mycobot_test.v1i.yolov8/valid/labels) by extensions ['cmake', 'python']
[17.081s] Level 1:colcon.colcon_core.package_identification:_identify(mycobot_test.v1i.yolov8/valid/labels) by extension 'cmake'
[17.081s] Level 1:colcon.colcon_core.package_identification:_identify(mycobot_test.v1i.yolov8/valid/labels) by extension 'python'
[17.081s] Level 1:colcon.colcon_core.package_identification:_identify(mycobot_test.v1i.yolov8/valid/labels) by extensions ['python_setup_py']
[17.081s] Level 1:colcon.colcon_core.package_identification:_identify(mycobot_test.v1i.yolov8/valid/labels) by extension 'python_setup_py'
[17.082s] Level 1:colcon.colcon_core.package_identification:_identify(runs) by extensions ['ignore', 'ignore_ament_install']
[17.082s] Level 1:colcon.colcon_core.package_identification:_identify(runs) by extension 'ignore'
[17.082s] Level 1:colcon.colcon_core.package_identification:_identify(runs) by extension 'ignore_ament_install'
[17.082s] Level 1:colcon.colcon_core.package_identification:_identify(runs) by extensions ['colcon_pkg']
[17.082s] Level 1:colcon.colcon_core.package_identification:_identify(runs) by extension 'colcon_pkg'
[17.082s] Level 1:colcon.colcon_core.package_identification:_identify(runs) by extensions ['colcon_meta']
[17.082s] Level 1:colcon.colcon_core.package_identification:_identify(runs) by extension 'colcon_meta'
[17.082s] Level 1:colcon.colcon_core.package_identification:_identify(runs) by extensions ['ros']
[17.083s] Level 1:colcon.colcon_core.package_identification:_identify(runs) by extension 'ros'
[17.083s] Level 1:colcon.colcon_core.package_identification:_identify(runs) by extensions ['cmake', 'python']
[17.083s] Level 1:colcon.colcon_core.package_identification:_identify(runs) by extension 'cmake'
[17.083s] Level 1:colcon.colcon_core.package_identification:_identify(runs) by extension 'python'
[17.083s] Level 1:colcon.colcon_core.package_identification:_identify(runs) by extensions ['python_setup_py']
[17.083s] Level 1:colcon.colcon_core.package_identification:_identify(runs) by extension 'python_setup_py'
[17.083s] Level 1:colcon.colcon_core.package_identification:_identify(runs/detect) by extensions ['ignore', 'ignore_ament_install']
[17.083s] Level 1:colcon.colcon_core.package_identification:_identify(runs/detect) by extension 'ignore'
[17.084s] Level 1:colcon.colcon_core.package_identification:_identify(runs/detect) by extension 'ignore_ament_install'
[17.084s] Level 1:colcon.colcon_core.package_identification:_identify(runs/detect) by extensions ['colcon_pkg']
[17.084s] Level 1:colcon.colcon_core.package_identification:_identify(runs/detect) by extension 'colcon_pkg'
[17.084s] Level 1:colcon.colcon_core.package_identification:_identify(runs/detect) by extensions ['colcon_meta']
[17.084s] Level 1:colcon.colcon_core.package_identification:_identify(runs/detect) by extension 'colcon_meta'
[17.084s] Level 1:colcon.colcon_core.package_identification:_identify(runs/detect) by extensions ['ros']
[17.084s] Level 1:colcon.colcon_core.package_identification:_identify(runs/detect) by extension 'ros'
[17.084s] Level 1:colcon.colcon_core.package_identification:_identify(runs/detect) by extensions ['cmake', 'python']
[17.084s] Level 1:colcon.colcon_core.package_identification:_identify(runs/detect) by extension 'cmake'
[17.084s] Level 1:colcon.colcon_core.package_identification:_identify(runs/detect) by extension 'python'
[17.085s] Level 1:colcon.colcon_core.package_identification:_identify(runs/detect) by extensions ['python_setup_py']
[17.085s] Level 1:colcon.colcon_core.package_identification:_identify(runs/detect) by extension 'python_setup_py'
[17.085s] Level 1:colcon.colcon_core.package_identification:_identify(runs/detect/train) by extensions ['ignore', 'ignore_ament_install']
[17.085s] Level 1:colcon.colcon_core.package_identification:_identify(runs/detect/train) by extension 'ignore'
[17.085s] Level 1:colcon.colcon_core.package_identification:_identify(runs/detect/train) by extension 'ignore_ament_install'
[17.085s] Level 1:colcon.colcon_core.package_identification:_identify(runs/detect/train) by extensions ['colcon_pkg']
[17.085s] Level 1:colcon.colcon_core.package_identification:_identify(runs/detect/train) by extension 'colcon_pkg'
[17.085s] Level 1:colcon.colcon_core.package_identification:_identify(runs/detect/train) by extensions ['colcon_meta']
[17.086s] Level 1:colcon.colcon_core.package_identification:_identify(runs/detect/train) by extension 'colcon_meta'
[17.086s] Level 1:colcon.colcon_core.package_identification:_identify(runs/detect/train) by extensions ['ros']
[17.086s] Level 1:colcon.colcon_core.package_identification:_identify(runs/detect/train) by extension 'ros'
[17.086s] Level 1:colcon.colcon_core.package_identification:_identify(runs/detect/train) by extensions ['cmake', 'python']
[17.086s] Level 1:colcon.colcon_core.package_identification:_identify(runs/detect/train) by extension 'cmake'
[17.086s] Level 1:colcon.colcon_core.package_identification:_identify(runs/detect/train) by extension 'python'
[17.086s] Level 1:colcon.colcon_core.package_identification:_identify(runs/detect/train) by extensions ['python_setup_py']
[17.086s] Level 1:colcon.colcon_core.package_identification:_identify(runs/detect/train) by extension 'python_setup_py'
[17.086s] Level 1:colcon.colcon_core.package_identification:_identify(runs/detect/train/weights) by extensions ['ignore', 'ignore_ament_install']
[17.087s] Level 1:colcon.colcon_core.package_identification:_identify(runs/detect/train/weights) by extension 'ignore'
[17.087s] Level 1:colcon.colcon_core.package_identification:_identify(runs/detect/train/weights) by extension 'ignore_ament_install'
[17.087s] Level 1:colcon.colcon_core.package_identification:_identify(runs/detect/train/weights) by extensions ['colcon_pkg']
[17.087s] Level 1:colcon.colcon_core.package_identification:_identify(runs/detect/train/weights) by extension 'colcon_pkg'
[17.087s] Level 1:colcon.colcon_core.package_identification:_identify(runs/detect/train/weights) by extensions ['colcon_meta']
[17.087s] Level 1:colcon.colcon_core.package_identification:_identify(runs/detect/train/weights) by extension 'colcon_meta'
[17.087s] Level 1:colcon.colcon_core.package_identification:_identify(runs/detect/train/weights) by extensions ['ros']
[17.087s] Level 1:colcon.colcon_core.package_identification:_identify(runs/detect/train/weights) by extension 'ros'
[17.087s] Level 1:colcon.colcon_core.package_identification:_identify(runs/detect/train/weights) by extensions ['cmake', 'python']
[17.088s] Level 1:colcon.colcon_core.package_identification:_identify(runs/detect/train/weights) by extension 'cmake'
[17.088s] Level 1:colcon.colcon_core.package_identification:_identify(runs/detect/train/weights) by extension 'python'
[17.088s] Level 1:colcon.colcon_core.package_identification:_identify(runs/detect/train/weights) by extensions ['python_setup_py']
[17.088s] Level 1:colcon.colcon_core.package_identification:_identify(runs/detect/train/weights) by extension 'python_setup_py'
[17.088s] Level 1:colcon.colcon_core.package_identification:_identify(runs/detect/train2) by extensions ['ignore', 'ignore_ament_install']
[17.088s] Level 1:colcon.colcon_core.package_identification:_identify(runs/detect/train2) by extension 'ignore'
[17.089s] Level 1:colcon.colcon_core.package_identification:_identify(runs/detect/train2) by extension 'ignore_ament_install'
[17.089s] Level 1:colcon.colcon_core.package_identification:_identify(runs/detect/train2) by extensions ['colcon_pkg']
[17.089s] Level 1:colcon.colcon_core.package_identification:_identify(runs/detect/train2) by extension 'colcon_pkg'
[17.089s] Level 1:colcon.colcon_core.package_identification:_identify(runs/detect/train2) by extensions ['colcon_meta']
[17.089s] Level 1:colcon.colcon_core.package_identification:_identify(runs/detect/train2) by extension 'colcon_meta'
[17.089s] Level 1:colcon.colcon_core.package_identification:_identify(runs/detect/train2) by extensions ['ros']
[17.089s] Level 1:colcon.colcon_core.package_identification:_identify(runs/detect/train2) by extension 'ros'
[17.089s] Level 1:colcon.colcon_core.package_identification:_identify(runs/detect/train2) by extensions ['cmake', 'python']
[17.089s] Level 1:colcon.colcon_core.package_identification:_identify(runs/detect/train2) by extension 'cmake'
[17.089s] Level 1:colcon.colcon_core.package_identification:_identify(runs/detect/train2) by extension 'python'
[17.089s] Level 1:colcon.colcon_core.package_identification:_identify(runs/detect/train2) by extensions ['python_setup_py']
[17.090s] Level 1:colcon.colcon_core.package_identification:_identify(runs/detect/train2) by extension 'python_setup_py'
[17.090s] Level 1:colcon.colcon_core.package_identification:_identify(runs/detect/train2/weights) by extensions ['ignore', 'ignore_ament_install']
[17.090s] Level 1:colcon.colcon_core.package_identification:_identify(runs/detect/train2/weights) by extension 'ignore'
[17.090s] Level 1:colcon.colcon_core.package_identification:_identify(runs/detect/train2/weights) by extension 'ignore_ament_install'
[17.090s] Level 1:colcon.colcon_core.package_identification:_identify(runs/detect/train2/weights) by extensions ['colcon_pkg']
[17.090s] Level 1:colcon.colcon_core.package_identification:_identify(runs/detect/train2/weights) by extension 'colcon_pkg'
[17.090s] Level 1:colcon.colcon_core.package_identification:_identify(runs/detect/train2/weights) by extensions ['colcon_meta']
[17.090s] Level 1:colcon.colcon_core.package_identification:_identify(runs/detect/train2/weights) by extension 'colcon_meta'
[17.091s] Level 1:colcon.colcon_core.package_identification:_identify(runs/detect/train2/weights) by extensions ['ros']
[17.091s] Level 1:colcon.colcon_core.package_identification:_identify(runs/detect/train2/weights) by extension 'ros'
[17.091s] Level 1:colcon.colcon_core.package_identification:_identify(runs/detect/train2/weights) by extensions ['cmake', 'python']
[17.091s] Level 1:colcon.colcon_core.package_identification:_identify(runs/detect/train2/weights) by extension 'cmake'
[17.091s] Level 1:colcon.colcon_core.package_identification:_identify(runs/detect/train2/weights) by extension 'python'
[17.091s] Level 1:colcon.colcon_core.package_identification:_identify(runs/detect/train2/weights) by extensions ['python_setup_py']
[17.091s] Level 1:colcon.colcon_core.package_identification:_identify(runs/detect/train2/weights) by extension 'python_setup_py'
[17.091s] Level 1:colcon.colcon_core.package_identification:_identify(runs/detect/train3) by extensions ['ignore', 'ignore_ament_install']
[17.091s] Level 1:colcon.colcon_core.package_identification:_identify(runs/detect/train3) by extension 'ignore'
[17.092s] Level 1:colcon.colcon_core.package_identification:_identify(runs/detect/train3) by extension 'ignore_ament_install'
[17.092s] Level 1:colcon.colcon_core.package_identification:_identify(runs/detect/train3) by extensions ['colcon_pkg']
[17.092s] Level 1:colcon.colcon_core.package_identification:_identify(runs/detect/train3) by extension 'colcon_pkg'
[17.092s] Level 1:colcon.colcon_core.package_identification:_identify(runs/detect/train3) by extensions ['colcon_meta']
[17.092s] Level 1:colcon.colcon_core.package_identification:_identify(runs/detect/train3) by extension 'colcon_meta'
[17.092s] Level 1:colcon.colcon_core.package_identification:_identify(runs/detect/train3) by extensions ['ros']
[17.092s] Level 1:colcon.colcon_core.package_identification:_identify(runs/detect/train3) by extension 'ros'
[17.092s] Level 1:colcon.colcon_core.package_identification:_identify(runs/detect/train3) by extensions ['cmake', 'python']
[17.092s] Level 1:colcon.colcon_core.package_identification:_identify(runs/detect/train3) by extension 'cmake'
[17.092s] Level 1:colcon.colcon_core.package_identification:_identify(runs/detect/train3) by extension 'python'
[17.092s] Level 1:colcon.colcon_core.package_identification:_identify(runs/detect/train3) by extensions ['python_setup_py']
[17.093s] Level 1:colcon.colcon_core.package_identification:_identify(runs/detect/train3) by extension 'python_setup_py'
[17.093s] Level 1:colcon.colcon_core.package_identification:_identify(runs/detect/train3/weights) by extensions ['ignore', 'ignore_ament_install']
[17.093s] Level 1:colcon.colcon_core.package_identification:_identify(runs/detect/train3/weights) by extension 'ignore'
[17.093s] Level 1:colcon.colcon_core.package_identification:_identify(runs/detect/train3/weights) by extension 'ignore_ament_install'
[17.093s] Level 1:colcon.colcon_core.package_identification:_identify(runs/detect/train3/weights) by extensions ['colcon_pkg']
[17.093s] Level 1:colcon.colcon_core.package_identification:_identify(runs/detect/train3/weights) by extension 'colcon_pkg'
[17.093s] Level 1:colcon.colcon_core.package_identification:_identify(runs/detect/train3/weights) by extensions ['colcon_meta']
[17.093s] Level 1:colcon.colcon_core.package_identification:_identify(runs/detect/train3/weights) by extension 'colcon_meta'
[17.094s] Level 1:colcon.colcon_core.package_identification:_identify(runs/detect/train3/weights) by extensions ['ros']
[17.094s] Level 1:colcon.colcon_core.package_identification:_identify(runs/detect/train3/weights) by extension 'ros'
[17.094s] Level 1:colcon.colcon_core.package_identification:_identify(runs/detect/train3/weights) by extensions ['cmake', 'python']
[17.094s] Level 1:colcon.colcon_core.package_identification:_identify(runs/detect/train3/weights) by extension 'cmake'
[17.094s] Level 1:colcon.colcon_core.package_identification:_identify(runs/detect/train3/weights) by extension 'python'
[17.094s] Level 1:colcon.colcon_core.package_identification:_identify(runs/detect/train3/weights) by extensions ['python_setup_py']
[17.094s] Level 1:colcon.colcon_core.package_identification:_identify(runs/detect/train3/weights) by extension 'python_setup_py'
[17.094s] Level 1:colcon.colcon_core.package_identification:_identify(runs/detect/train4) by extensions ['ignore', 'ignore_ament_install']
[17.094s] Level 1:colcon.colcon_core.package_identification:_identify(runs/detect/train4) by extension 'ignore'
[17.095s] Level 1:colcon.colcon_core.package_identification:_identify(runs/detect/train4) by extension 'ignore_ament_install'
[17.095s] Level 1:colcon.colcon_core.package_identification:_identify(runs/detect/train4) by extensions ['colcon_pkg']
[17.095s] Level 1:colcon.colcon_core.package_identification:_identify(runs/detect/train4) by extension 'colcon_pkg'
[17.095s] Level 1:colcon.colcon_core.package_identification:_identify(runs/detect/train4) by extensions ['colcon_meta']
[17.095s] Level 1:colcon.colcon_core.package_identification:_identify(runs/detect/train4) by extension 'colcon_meta'
[17.095s] Level 1:colcon.colcon_core.package_identification:_identify(runs/detect/train4) by extensions ['ros']
[17.095s] Level 1:colcon.colcon_core.package_identification:_identify(runs/detect/train4) by extension 'ros'
[17.095s] Level 1:colcon.colcon_core.package_identification:_identify(runs/detect/train4) by extensions ['cmake', 'python']
[17.095s] Level 1:colcon.colcon_core.package_identification:_identify(runs/detect/train4) by extension 'cmake'
[17.095s] Level 1:colcon.colcon_core.package_identification:_identify(runs/detect/train4) by extension 'python'
[17.096s] Level 1:colcon.colcon_core.package_identification:_identify(runs/detect/train4) by extensions ['python_setup_py']
[17.096s] Level 1:colcon.colcon_core.package_identification:_identify(runs/detect/train4) by extension 'python_setup_py'
[17.096s] Level 1:colcon.colcon_core.package_identification:_identify(runs/detect/train4/weights) by extensions ['ignore', 'ignore_ament_install']
[17.096s] Level 1:colcon.colcon_core.package_identification:_identify(runs/detect/train4/weights) by extension 'ignore'
[17.096s] Level 1:colcon.colcon_core.package_identification:_identify(runs/detect/train4/weights) by extension 'ignore_ament_install'
[17.096s] Level 1:colcon.colcon_core.package_identification:_identify(runs/detect/train4/weights) by extensions ['colcon_pkg']
[17.096s] Level 1:colcon.colcon_core.package_identification:_identify(runs/detect/train4/weights) by extension 'colcon_pkg'
[17.096s] Level 1:colcon.colcon_core.package_identification:_identify(runs/detect/train4/weights) by extensions ['colcon_meta']
[17.096s] Level 1:colcon.colcon_core.package_identification:_identify(runs/detect/train4/weights) by extension 'colcon_meta'
[17.097s] Level 1:colcon.colcon_core.package_identification:_identify(runs/detect/train4/weights) by extensions ['ros']
[17.097s] Level 1:colcon.colcon_core.package_identification:_identify(runs/detect/train4/weights) by extension 'ros'
[17.097s] Level 1:colcon.colcon_core.package_identification:_identify(runs/detect/train4/weights) by extensions ['cmake', 'python']
[17.097s] Level 1:colcon.colcon_core.package_identification:_identify(runs/detect/train4/weights) by extension 'cmake'
[17.097s] Level 1:colcon.colcon_core.package_identification:_identify(runs/detect/train4/weights) by extension 'python'
[17.097s] Level 1:colcon.colcon_core.package_identification:_identify(runs/detect/train4/weights) by extensions ['python_setup_py']
[17.097s] Level 1:colcon.colcon_core.package_identification:_identify(runs/detect/train4/weights) by extension 'python_setup_py'
[17.097s] Level 1:colcon.colcon_core.package_identification:_identify(src) by extensions ['ignore', 'ignore_ament_install']
[17.098s] Level 1:colcon.colcon_core.package_identification:_identify(src) by extension 'ignore'
[17.098s] Level 1:colcon.colcon_core.package_identification:_identify(src) by extension 'ignore_ament_install'
[17.098s] Level 1:colcon.colcon_core.package_identification:_identify(src) by extensions ['colcon_pkg']
[17.098s] Level 1:colcon.colcon_core.package_identification:_identify(src) by extension 'colcon_pkg'
[17.098s] Level 1:colcon.colcon_core.package_identification:_identify(src) by extensions ['colcon_meta']
[17.098s] Level 1:colcon.colcon_core.package_identification:_identify(src) by extension 'colcon_meta'
[17.098s] Level 1:colcon.colcon_core.package_identification:_identify(src) by extensions ['ros']
[17.098s] Level 1:colcon.colcon_core.package_identification:_identify(src) by extension 'ros'
[17.098s] Level 1:colcon.colcon_core.package_identification:_identify(src) by extensions ['cmake', 'python']
[17.098s] Level 1:colcon.colcon_core.package_identification:_identify(src) by extension 'cmake'
[17.099s] Level 1:colcon.colcon_core.package_identification:_identify(src) by extension 'python'
[17.099s] Level 1:colcon.colcon_core.package_identification:_identify(src) by extensions ['python_setup_py']
[17.099s] Level 1:colcon.colcon_core.package_identification:_identify(src) by extension 'python_setup_py'
[17.099s] Level 1:colcon.colcon_core.package_identification:_identify(src/object_detector) by extensions ['ignore', 'ignore_ament_install']
[17.099s] Level 1:colcon.colcon_core.package_identification:_identify(src/object_detector) by extension 'ignore'
[17.099s] Level 1:colcon.colcon_core.package_identification:_identify(src/object_detector) by extension 'ignore_ament_install'
[17.099s] Level 1:colcon.colcon_core.package_identification:_identify(src/object_detector) by extensions ['colcon_pkg']
[17.099s] Level 1:colcon.colcon_core.package_identification:_identify(src/object_detector) by extension 'colcon_pkg'
[17.099s] Level 1:colcon.colcon_core.package_identification:_identify(src/object_detector) by extensions ['colcon_meta']
[17.100s] Level 1:colcon.colcon_core.package_identification:_identify(src/object_detector) by extension 'colcon_meta'
[17.100s] Level 1:colcon.colcon_core.package_identification:_identify(src/object_detector) by extensions ['ros']
[17.100s] Level 1:colcon.colcon_core.package_identification:_identify(src/object_detector) by extension 'ros'
[17.106s] DEBUG:colcon.colcon_core.package_identification:Package 'src/object_detector' with type 'ros.ament_python' and name 'object_detector'
[17.106s] Level 1:colcon.colcon_core.package_identification:_identify(src/object_search) by extensions ['ignore', 'ignore_ament_install']
[17.106s] Level 1:colcon.colcon_core.package_identification:_identify(src/object_search) by extension 'ignore'
[17.107s] Level 1:colcon.colcon_core.package_identification:_identify(src/object_search) by extension 'ignore_ament_install'
[17.107s] Level 1:colcon.colcon_core.package_identification:_identify(src/object_search) by extensions ['colcon_pkg']
[17.107s] Level 1:colcon.colcon_core.package_identification:_identify(src/object_search) by extension 'colcon_pkg'
[17.107s] Level 1:colcon.colcon_core.package_identification:_identify(src/object_search) by extensions ['colcon_meta']
[17.107s] Level 1:colcon.colcon_core.package_identification:_identify(src/object_search) by extension 'colcon_meta'
[17.107s] Level 1:colcon.colcon_core.package_identification:_identify(src/object_search) by extensions ['ros']
[17.107s] Level 1:colcon.colcon_core.package_identification:_identify(src/object_search) by extension 'ros'
[17.109s] DEBUG:colcon.colcon_core.package_identification:Package 'src/object_search' with type 'ros.ament_python' and name 'object_search'
[17.109s] Level 1:colcon.colcon_core.package_identification:_identify(src/vision_msgs) by extensions ['ignore', 'ignore_ament_install']
[17.109s] Level 1:colcon.colcon_core.package_identification:_identify(src/vision_msgs) by extension 'ignore'
[17.109s] Level 1:colcon.colcon_core.package_identification:_identify(src/vision_msgs) by extension 'ignore_ament_install'
[17.110s] Level 1:colcon.colcon_core.package_identification:_identify(src/vision_msgs) by extensions ['colcon_pkg']
[17.110s] Level 1:colcon.colcon_core.package_identification:_identify(src/vision_msgs) by extension 'colcon_pkg'
[17.110s] Level 1:colcon.colcon_core.package_identification:_identify(src/vision_msgs) by extensions ['colcon_meta']
[17.110s] Level 1:colcon.colcon_core.package_identification:_identify(src/vision_msgs) by extension 'colcon_meta'
[17.110s] Level 1:colcon.colcon_core.package_identification:_identify(src/vision_msgs) by extensions ['ros']
[17.110s] Level 1:colcon.colcon_core.package_identification:_identify(src/vision_msgs) by extension 'ros'
[17.110s] Level 1:colcon.colcon_core.package_identification:_identify(src/vision_msgs) by extensions ['cmake', 'python']
[17.110s] Level 1:colcon.colcon_core.package_identification:_identify(src/vision_msgs) by extension 'cmake'
[17.110s] Level 1:colcon.colcon_core.package_identification:_identify(src/vision_msgs) by extension 'python'
[17.111s] Level 1:colcon.colcon_core.package_identification:_identify(src/vision_msgs) by extensions ['python_setup_py']
[17.111s] Level 1:colcon.colcon_core.package_identification:_identify(src/vision_msgs) by extension 'python_setup_py'
[17.111s] Level 1:colcon.colcon_core.package_identification:_identify(src/vision_msgs/vision_msgs) by extensions ['ignore', 'ignore_ament_install']
[17.111s] Level 1:colcon.colcon_core.package_identification:_identify(src/vision_msgs/vision_msgs) by extension 'ignore'
[17.111s] Level 1:colcon.colcon_core.package_identification:_identify(src/vision_msgs/vision_msgs) by extension 'ignore_ament_install'
[17.111s] Level 1:colcon.colcon_core.package_identification:_identify(src/vision_msgs/vision_msgs) by extensions ['colcon_pkg']
[17.111s] Level 1:colcon.colcon_core.package_identification:_identify(src/vision_msgs/vision_msgs) by extension 'colcon_pkg'
[17.111s] Level 1:colcon.colcon_core.package_identification:_identify(src/vision_msgs/vision_msgs) by extensions ['colcon_meta']
[17.112s] Level 1:colcon.colcon_core.package_identification:_identify(src/vision_msgs/vision_msgs) by extension 'colcon_meta'
[17.112s] Level 1:colcon.colcon_core.package_identification:_identify(src/vision_msgs/vision_msgs) by extensions ['ros']
[17.112s] Level 1:colcon.colcon_core.package_identification:_identify(src/vision_msgs/vision_msgs) by extension 'ros'
[17.113s] DEBUG:colcon.colcon_core.package_identification:Package 'src/vision_msgs/vision_msgs' with type 'ros.ament_cmake' and name 'vision_msgs'
[17.113s] Level 1:colcon.colcon_core.package_identification:_identify(src/vision_msgs/vision_msgs_rviz_plugins) by extensions ['ignore', 'ignore_ament_install']
[17.114s] Level 1:colcon.colcon_core.package_identification:_identify(src/vision_msgs/vision_msgs_rviz_plugins) by extension 'ignore'
[17.114s] Level 1:colcon.colcon_core.package_identification:_identify(src/vision_msgs/vision_msgs_rviz_plugins) by extension 'ignore_ament_install'
[17.114s] Level 1:colcon.colcon_core.package_identification:_identify(src/vision_msgs/vision_msgs_rviz_plugins) by extensions ['colcon_pkg']
[17.114s] Level 1:colcon.colcon_core.package_identification:_identify(src/vision_msgs/vision_msgs_rviz_plugins) by extension 'colcon_pkg'
[17.114s] Level 1:colcon.colcon_core.package_identification:_identify(src/vision_msgs/vision_msgs_rviz_plugins) by extensions ['colcon_meta']
[17.114s] Level 1:colcon.colcon_core.package_identification:_identify(src/vision_msgs/vision_msgs_rviz_plugins) by extension 'colcon_meta'
[17.114s] Level 1:colcon.colcon_core.package_identification:_identify(src/vision_msgs/vision_msgs_rviz_plugins) by extensions ['ros']
[17.114s] Level 1:colcon.colcon_core.package_identification:_identify(src/vision_msgs/vision_msgs_rviz_plugins) by extension 'ros'
[17.117s] DEBUG:colcon.colcon_core.package_identification:Package 'src/vision_msgs/vision_msgs_rviz_plugins' with type 'ros.ament_cmake' and name 'vision_msgs_rviz_plugins'
[17.117s] Level 1:colcon.colcon_core.package_identification:_identify(src/yolov5_ros2) by extensions ['ignore', 'ignore_ament_install']
[17.117s] Level 1:colcon.colcon_core.package_identification:_identify(src/yolov5_ros2) by extension 'ignore'
[17.117s] Level 1:colcon.colcon_core.package_identification:_identify(src/yolov5_ros2) by extension 'ignore_ament_install'
[17.118s] Level 1:colcon.colcon_core.package_identification:_identify(src/yolov5_ros2) by extensions ['colcon_pkg']
[17.118s] Level 1:colcon.colcon_core.package_identification:_identify(src/yolov5_ros2) by extension 'colcon_pkg'
[17.118s] Level 1:colcon.colcon_core.package_identification:_identify(src/yolov5_ros2) by extensions ['colcon_meta']
[17.118s] Level 1:colcon.colcon_core.package_identification:_identify(src/yolov5_ros2) by extension 'colcon_meta'
[17.118s] Level 1:colcon.colcon_core.package_identification:_identify(src/yolov5_ros2) by extensions ['ros']
[17.118s] Level 1:colcon.colcon_core.package_identification:_identify(src/yolov5_ros2) by extension 'ros'
[17.120s] DEBUG:colcon.colcon_core.package_identification:Package 'src/yolov5_ros2' with type 'ros.ament_python' and name 'yolov5_ros2'
[17.120s] Level 1:colcon.colcon_core.package_discovery:discover_packages(recursive) using defaults
[17.120s] Level 1:colcon.colcon_core.package_discovery:discover_packages(ignore) discover
[17.120s] Level 1:colcon.colcon_core.package_discovery:discover_packages(ignore) using defaults
[17.120s] Level 1:colcon.colcon_core.package_discovery:discover_packages(path) discover
[17.120s] Level 1:colcon.colcon_core.package_discovery:discover_packages(path) using defaults
[17.993s] INFO:colcon.colcon_core.package_selection:Skipping not selected package 'object_search' in 'src/object_search'
[17.993s] INFO:colcon.colcon_core.package_selection:Skipping not selected package 'vision_msgs' in 'src/vision_msgs/vision_msgs'
[17.993s] INFO:colcon.colcon_core.package_selection:Skipping not selected package 'vision_msgs_rviz_plugins' in 'src/vision_msgs/vision_msgs_rviz_plugins'
[17.993s] INFO:colcon.colcon_core.package_selection:Skipping not selected package 'yolov5_ros2' in 'src/yolov5_ros2'
[18.542s] Level 1:colcon.colcon_core.package_discovery:discover_packages(prefix_path) check parameters
[18.542s] Level 1:colcon.colcon_core.package_discovery:discover_packages(prefix_path) discover
[19.106s] DEBUG:colcon.colcon_installed_package_information.package_discovery:Found 10 installed packages in /home/agilex/krish_ws/install
[19.386s] DEBUG:colcon.colcon_installed_package_information.package_discovery:Found 71 installed packages in /home/agilex/limo_ros2_ws/install
[19.665s] DEBUG:colcon.colcon_installed_package_information.package_discovery:Found 359 installed packages in /opt/ros/foxy
[19.671s] Level 1:colcon.colcon_core.package_discovery:discover_packages(prefix_path) using defaults
[20.366s] Level 5:colcon.colcon_core.verb:set package 'object_detector' build argument 'cmake_args' from command line to 'None'
[20.366s] Level 5:colcon.colcon_core.verb:set package 'object_detector' build argument 'cmake_target' from command line to 'None'
[20.366s] Level 5:colcon.colcon_core.verb:set package 'object_detector' build argument 'cmake_target_skip_unavailable' from command line to 'False'
[20.367s] Level 5:colcon.colcon_core.verb:set package 'object_detector' build argument 'cmake_clean_cache' from command line to 'False'
[20.367s] Level 5:colcon.colcon_core.verb:set package 'object_detector' build argument 'cmake_clean_first' from command line to 'False'
[20.367s] Level 5:colcon.colcon_core.verb:set package 'object_detector' build argument 'cmake_force_configure' from command line to 'False'
[20.367s] Level 5:colcon.colcon_core.verb:set package 'object_detector' build argument 'ament_cmake_args' from command line to 'None'
[20.367s] Level 5:colcon.colcon_core.verb:set package 'object_detector' build argument 'catkin_cmake_args' from command line to 'None'
[20.367s] Level 5:colcon.colcon_core.verb:set package 'object_detector' build argument 'catkin_skip_building_tests' from command line to 'False'
[20.367s] DEBUG:colcon.colcon_core.verb:Building package 'object_detector' with the following arguments: {'ament_cmake_args': None, 'build_base': '/home/agilex/krish_ws/build/object_detector', 'catkin_cmake_args': None, 'catkin_skip_building_tests': False, 'cmake_args': None, 'cmake_clean_cache': False, 'cmake_clean_first': False, 'cmake_force_configure': False, 'cmake_target': None, 'cmake_target_skip_unavailable': False, 'install_base': '/home/agilex/krish_ws/install/object_detector', 'merge_install': False, 'path': '/home/agilex/krish_ws/src/object_detector', 'symlink_install': False, 'test_result_base': None}
[20.641s] INFO:colcon.colcon_core.executor:Executing jobs using 'parallel' executor
[20.919s] DEBUG:colcon.colcon_parallel_executor.executor.parallel:run_until_complete
[20.919s] INFO:colcon.colcon_ros.task.ament_python.build:Building ROS package in '/home/agilex/krish_ws/src/object_detector' with build type 'ament_python'
[20.920s] Level 1:colcon.colcon_core.shell:create_environment_hook('object_detector', 'ament_prefix_path')
[21.256s] INFO:colcon.colcon_core.plugin_system:Skipping extension 'colcon_core.shell.bat': Not used on non-Windows systems
[21.257s] INFO:colcon.colcon_core.shell:Creating environment hook '/home/agilex/krish_ws/install/object_detector/share/object_detector/hook/ament_prefix_path.ps1'
[21.259s] INFO:colcon.colcon_core.shell:Creating environment descriptor '/home/agilex/krish_ws/install/object_detector/share/object_detector/hook/ament_prefix_path.dsv'
[21.260s] INFO:colcon.colcon_core.shell:Creating environment hook '/home/agilex/krish_ws/install/object_detector/share/object_detector/hook/ament_prefix_path.sh'
[21.568s] INFO:colcon.colcon_core.shell:Skip shell extension 'powershell' for command environment: Not usable outside of PowerShell
[21.568s] DEBUG:colcon.colcon_core.shell:Skip shell extension 'dsv' for command environment
[23.347s] INFO:colcon.colcon_core.task.python.build:Building Python package in '/home/agilex/krish_ws/src/object_detector'
[23.641s] INFO:colcon.colcon_core.shell:Skip shell extension 'powershell' for command environment: Not usable outside of PowerShell
[23.642s] DEBUG:colcon.colcon_core.shell:Skip shell extension 'dsv' for command environment
[26.604s] DEBUG:colcon.colcon_core.event_handler.log_command:Invoking command in '/home/agilex/krish_ws/src/object_detector': PYTHONPATH=/home/agilex/krish_ws/build/object_detector/prefix_override:/home/agilex/krish_ws/install/object_detector/lib/python3.8/site-packages:${PYTHONPATH} /usr/bin/python3 setup.py egg_info --egg-base ../../build/object_detector build --build-base /home/agilex/krish_ws/build/object_detector/build install --record /home/agilex/krish_ws/build/object_detector/install.log --install-scripts $base/lib/object_detector --single-version-externally-managed
[28.296s] DEBUG:colcon.colcon_core.event_handler.log_command:Invoked command in '/home/agilex/krish_ws/src/object_detector' returned '0': PYTHONPATH=/home/agilex/krish_ws/build/object_detector/prefix_override:/home/agilex/krish_ws/install/object_detector/lib/python3.8/site-packages:${PYTHONPATH} /usr/bin/python3 setup.py egg_info --egg-base ../../build/object_detector build --build-base /home/agilex/krish_ws/build/object_detector/build install --record /home/agilex/krish_ws/build/object_detector/install.log --install-scripts $base/lib/object_detector --single-version-externally-managed
[28.601s] Level 1:colcon.colcon_core.environment:checking '/home/agilex/krish_ws/install/object_detector' for CMake module files
[28.602s] Level 1:colcon.colcon_core.environment:checking '/home/agilex/krish_ws/install/object_detector' for CMake config files
[28.603s] Level 1:colcon.colcon_core.environment:checking '/home/agilex/krish_ws/install/object_detector/lib'
[28.604s] Level 1:colcon.colcon_core.environment:checking '/home/agilex/krish_ws/install/object_detector/bin'
[28.604s] Level 1:colcon.colcon_core.environment:checking '/home/agilex/krish_ws/install/object_detector/lib/pkgconfig/object_detector.pc'
[28.604s] Level 1:colcon.colcon_core.environment:checking '/home/agilex/krish_ws/install/object_detector/lib/python3.8/site-packages'
[28.605s] Level 1:colcon.colcon_core.shell:create_environment_hook('object_detector', 'pythonpath')
[28.891s] INFO:colcon.colcon_core.shell:Creating environment hook '/home/agilex/krish_ws/install/object_detector/share/object_detector/hook/pythonpath.ps1'
[28.892s] INFO:colcon.colcon_core.shell:Creating environment descriptor '/home/agilex/krish_ws/install/object_detector/share/object_detector/hook/pythonpath.dsv'
[28.893s] INFO:colcon.colcon_core.shell:Creating environment hook '/home/agilex/krish_ws/install/object_detector/share/object_detector/hook/pythonpath.sh'
[28.894s] Level 1:colcon.colcon_core.environment:checking '/home/agilex/krish_ws/install/object_detector/bin'
[28.894s] Level 1:colcon.colcon_core.environment:create_environment_scripts_only(object_detector)
[29.179s] INFO:colcon.colcon_core.shell:Creating package script '/home/agilex/krish_ws/install/object_detector/share/object_detector/package.ps1'
[29.182s] INFO:colcon.colcon_core.shell:Creating package descriptor '/home/agilex/krish_ws/install/object_detector/share/object_detector/package.dsv'
[29.183s] INFO:colcon.colcon_core.shell:Creating package script '/home/agilex/krish_ws/install/object_detector/share/object_detector/package.sh'
[29.184s] INFO:colcon.colcon_core.shell:Creating package script '/home/agilex/krish_ws/install/object_detector/share/object_detector/package.bash'
[29.186s] INFO:colcon.colcon_core.shell:Creating package script '/home/agilex/krish_ws/install/object_detector/share/object_detector/package.zsh'
[29.187s] Level 1:colcon.colcon_core.environment:create_file_with_runtime_dependencies(/home/agilex/krish_ws/install/object_detector/share/colcon-core/packages/object_detector)
[29.188s] DEBUG:colcon.colcon_parallel_executor.executor.parallel:closing loop
[29.188s] DEBUG:colcon.colcon_parallel_executor.executor.parallel:loop closed
[29.189s] DEBUG:colcon.colcon_parallel_executor.executor.parallel:run_until_complete finished with '0'
[29.190s] DEBUG:colcon.colcon_core.event_reactor:joining thread
[29.491s] INFO:colcon.colcon_core.plugin_system:Skipping extension 'colcon_notification.desktop_notification.terminal_notifier': Not used on non-Darwin systems
[29.492s] INFO:colcon.colcon_core.plugin_system:Skipping extension 'colcon_notification.desktop_notification.win32': Not used on non-Windows systems
[29.492s] INFO:colcon.colcon_notification.desktop_notification:Sending desktop notification using 'notify2'
[29.532s] DEBUG:colcon.colcon_core.event_reactor:joined thread
[29.815s] INFO:colcon.colcon_core.shell:Creating prefix script '/home/agilex/krish_ws/install/local_setup.ps1'
[29.817s] INFO:colcon.colcon_core.shell:Creating prefix util module '/home/agilex/krish_ws/install/_local_setup_util_ps1.py'
[29.820s] INFO:colcon.colcon_core.shell:Creating prefix chain script '/home/agilex/krish_ws/install/setup.ps1'
[30.111s] INFO:colcon.colcon_core.shell:Creating prefix script '/home/agilex/krish_ws/install/local_setup.sh'
[30.112s] INFO:colcon.colcon_core.shell:Creating prefix util module '/home/agilex/krish_ws/install/_local_setup_util_sh.py'
[30.113s] INFO:colcon.colcon_core.shell:Creating prefix chain script '/home/agilex/krish_ws/install/setup.sh'
[30.405s] INFO:colcon.colcon_core.shell:Creating prefix script '/home/agilex/krish_ws/install/local_setup.bash'
[30.406s] INFO:colcon.colcon_core.shell:Creating prefix chain script '/home/agilex/krish_ws/install/setup.bash'
[30.699s] INFO:colcon.colcon_core.shell:Creating prefix script '/home/agilex/krish_ws/install/local_setup.zsh'
[30.700s] INFO:colcon.colcon_core.shell:Creating prefix chain script '/home/agilex/krish_ws/install/setup.zsh'
