[15.783s] DEBUG:colcon:Command line arguments: ['/usr/bin/colcon', 'build', '--packages-select', 'object_detector']
[15.783s] DEBUG:colcon:Parsed command line arguments: Namespace(allow_overriding=[], ament_cmake_args=None, base_paths=['.'], build_base='build', catkin_cmake_args=None, catkin_skip_building_tests=False, cmake_args=None, cmake_clean_cache=False, cmake_clean_first=False, cmake_force_configure=False, cmake_target=None, cmake_target_skip_unavailable=False, continue_on_error=False, event_handlers=None, executor='parallel', ignore_user_meta=False, install_base='install', log_base=None, log_level=None, main=<bound method BuildVerb.main of <colcon_core.verb.build.BuildVerb object at 0xffffa271d970>>, merge_install=False, metas=['./colcon.meta'], packages_above=None, packages_above_and_dependencies=None, packages_above_depth=None, packages_end=None, packages_ignore=None, packages_ignore_regex=None, packages_select=['object_detector'], packages_select_build_failed=False, packages_select_by_dep=None, packages_select_regex=None, packages_select_test_failures=False, packages_skip=None, packages_skip_build_finished=False, packages_skip_by_dep=None, packages_skip_regex=None, packages_skip_test_passed=False, packages_skip_up_to=None, packages_start=None, packages_up_to=None, packages_up_to_regex=None, parallel_workers=6, paths=None, symlink_install=False, test_result_base=None, verb_extension=<colcon_core.verb.build.BuildVerb object at 0xffffa271d970>, verb_name='build', verb_parser=<colcon_defaults.argument_parser.defaults.DefaultArgumentsDecorator object at 0xffffa271ddf0>)
[16.457s] Level 1:colcon.colcon_core.package_discovery:discover_packages(colcon_meta) check parameters
[16.457s] Level 1:colcon.colcon_core.package_discovery:discover_packages(recursive) check parameters
[16.457s] Level 1:colcon.colcon_core.package_discovery:discover_packages(ignore) check parameters
[16.457s] Level 1:colcon.colcon_core.package_discovery:discover_packages(path) check parameters
[16.458s] Level 1:colcon.colcon_core.package_discovery:discover_packages(colcon_meta) discover
[16.458s] Level 1:colcon.colcon_core.package_discovery:discover_packages(recursive) discover
[16.458s] INFO:colcon.colcon_core.package_discovery:Crawling recursively for packages in '/home/agilex/krish_ws'
[16.458s] Level 1:colcon.colcon_core.package_identification:_identify(.) by extensions ['ignore', 'ignore_ament_install']
[16.458s] Level 1:colcon.colcon_core.package_identification:_identify(.) by extension 'ignore'
[16.458s] Level 1:colcon.colcon_core.package_identification:_identify(.) by extension 'ignore_ament_install'
[16.459s] Level 1:colcon.colcon_core.package_identification:_identify(.) by extensions ['colcon_pkg']
[16.459s] Level 1:colcon.colcon_core.package_identification:_identify(.) by extension 'colcon_pkg'
[16.459s] Level 1:colcon.colcon_core.package_identification:_identify(.) by extensions ['colcon_meta']
[16.459s] Level 1:colcon.colcon_core.package_identification:_identify(.) by extension 'colcon_meta'
[16.459s] Level 1:colcon.colcon_core.package_identification:_identify(.) by extensions ['ros']
[16.459s] Level 1:colcon.colcon_core.package_identification:_identify(.) by extension 'ros'
[16.488s] Level 1:colcon.colcon_core.package_identification:_identify(.) by extensions ['cmake', 'python']
[16.488s] Level 1:colcon.colcon_core.package_identification:_identify(.) by extension 'cmake'
[16.489s] Level 1:colcon.colcon_core.package_identification:_identify(.) by extension 'python'
[16.489s] Level 1:colcon.colcon_core.package_identification:_identify(.) by extensions ['python_setup_py']
[16.489s] Level 1:colcon.colcon_core.package_identification:_identify(.) by extension 'python_setup_py'
[16.489s] Level 1:colcon.colcon_core.package_identification:_identify(Log) by extensions ['ignore', 'ignore_ament_install']
[16.489s] Level 1:colcon.colcon_core.package_identification:_identify(Log) by extension 'ignore'
[16.489s] Level 1:colcon.colcon_core.package_identification:_identify(Log) by extension 'ignore_ament_install'
[16.490s] Level 1:colcon.colcon_core.package_identification:_identify(Log) by extensions ['colcon_pkg']
[16.490s] Level 1:colcon.colcon_core.package_identification:_identify(Log) by extension 'colcon_pkg'
[16.490s] Level 1:colcon.colcon_core.package_identification:_identify(Log) by extensions ['colcon_meta']
[16.490s] Level 1:colcon.colcon_core.package_identification:_identify(Log) by extension 'colcon_meta'
[16.490s] Level 1:colcon.colcon_core.package_identification:_identify(Log) by extensions ['ros']
[16.490s] Level 1:colcon.colcon_core.package_identification:_identify(Log) by extension 'ros'
[16.490s] Level 1:colcon.colcon_core.package_identification:_identify(Log) by extensions ['cmake', 'python']
[16.490s] Level 1:colcon.colcon_core.package_identification:_identify(Log) by extension 'cmake'
[16.490s] Level 1:colcon.colcon_core.package_identification:_identify(Log) by extension 'python'
[16.491s] Level 1:colcon.colcon_core.package_identification:_identify(Log) by extensions ['python_setup_py']
[16.491s] Level 1:colcon.colcon_core.package_identification:_identify(Log) by extension 'python_setup_py'
[16.491s] Level 1:colcon.colcon_core.package_identification:_identify(build) by extensions ['ignore', 'ignore_ament_install']
[16.491s] Level 1:colcon.colcon_core.package_identification:_identify(build) by extension 'ignore'
[16.491s] Level 1:colcon.colcon_core.package_identification:_identify(build) ignored
[16.491s] Level 1:colcon.colcon_core.package_identification:_identify(install) by extensions ['ignore', 'ignore_ament_install']
[16.492s] Level 1:colcon.colcon_core.package_identification:_identify(install) by extension 'ignore'
[16.492s] Level 1:colcon.colcon_core.package_identification:_identify(install) ignored
[16.492s] Level 1:colcon.colcon_core.package_identification:_identify(log) by extensions ['ignore', 'ignore_ament_install']
[16.492s] Level 1:colcon.colcon_core.package_identification:_identify(log) by extension 'ignore'
[16.492s] Level 1:colcon.colcon_core.package_identification:_identify(log) ignored
[16.492s] Level 1:colcon.colcon_core.package_identification:_identify(maps) by extensions ['ignore', 'ignore_ament_install']
[16.493s] Level 1:colcon.colcon_core.package_identification:_identify(maps) by extension 'ignore'
[16.493s] Level 1:colcon.colcon_core.package_identification:_identify(maps) by extension 'ignore_ament_install'
[16.493s] Level 1:colcon.colcon_core.package_identification:_identify(maps) by extensions ['colcon_pkg']
[16.493s] Level 1:colcon.colcon_core.package_identification:_identify(maps) by extension 'colcon_pkg'
[16.493s] Level 1:colcon.colcon_core.package_identification:_identify(maps) by extensions ['colcon_meta']
[16.493s] Level 1:colcon.colcon_core.package_identification:_identify(maps) by extension 'colcon_meta'
[16.493s] Level 1:colcon.colcon_core.package_identification:_identify(maps) by extensions ['ros']
[16.493s] Level 1:colcon.colcon_core.package_identification:_identify(maps) by extension 'ros'
[16.493s] Level 1:colcon.colcon_core.package_identification:_identify(maps) by extensions ['cmake', 'python']
[16.493s] Level 1:colcon.colcon_core.package_identification:_identify(maps) by extension 'cmake'
[16.494s] Level 1:colcon.colcon_core.package_identification:_identify(maps) by extension 'python'
[16.494s] Level 1:colcon.colcon_core.package_identification:_identify(maps) by extensions ['python_setup_py']
[16.494s] Level 1:colcon.colcon_core.package_identification:_identify(maps) by extension 'python_setup_py'
[16.494s] Level 1:colcon.colcon_core.package_identification:_identify(mycobot_object.v1-roboflow-instant-1--eval-.yolov8) by extensions ['ignore', 'ignore_ament_install']
[16.494s] Level 1:colcon.colcon_core.package_identification:_identify(mycobot_object.v1-roboflow-instant-1--eval-.yolov8) by extension 'ignore'
[16.494s] Level 1:colcon.colcon_core.package_identification:_identify(mycobot_object.v1-roboflow-instant-1--eval-.yolov8) by extension 'ignore_ament_install'
[16.494s] Level 1:colcon.colcon_core.package_identification:_identify(mycobot_object.v1-roboflow-instant-1--eval-.yolov8) by extensions ['colcon_pkg']
[16.495s] Level 1:colcon.colcon_core.package_identification:_identify(mycobot_object.v1-roboflow-instant-1--eval-.yolov8) by extension 'colcon_pkg'
[16.495s] Level 1:colcon.colcon_core.package_identification:_identify(mycobot_object.v1-roboflow-instant-1--eval-.yolov8) by extensions ['colcon_meta']
[16.495s] Level 1:colcon.colcon_core.package_identification:_identify(mycobot_object.v1-roboflow-instant-1--eval-.yolov8) by extension 'colcon_meta'
[16.495s] Level 1:colcon.colcon_core.package_identification:_identify(mycobot_object.v1-roboflow-instant-1--eval-.yolov8) by extensions ['ros']
[16.495s] Level 1:colcon.colcon_core.package_identification:_identify(mycobot_object.v1-roboflow-instant-1--eval-.yolov8) by extension 'ros'
[16.495s] Level 1:colcon.colcon_core.package_identification:_identify(mycobot_object.v1-roboflow-instant-1--eval-.yolov8) by extensions ['cmake', 'python']
[16.495s] Level 1:colcon.colcon_core.package_identification:_identify(mycobot_object.v1-roboflow-instant-1--eval-.yolov8) by extension 'cmake'
[16.495s] Level 1:colcon.colcon_core.package_identification:_identify(mycobot_object.v1-roboflow-instant-1--eval-.yolov8) by extension 'python'
[16.495s] Level 1:colcon.colcon_core.package_identification:_identify(mycobot_object.v1-roboflow-instant-1--eval-.yolov8) by extensions ['python_setup_py']
[16.495s] Level 1:colcon.colcon_core.package_identification:_identify(mycobot_object.v1-roboflow-instant-1--eval-.yolov8) by extension 'python_setup_py'
[16.496s] Level 1:colcon.colcon_core.package_identification:_identify(mycobot_object.v1-roboflow-instant-1--eval-.yolov8/test) by extensions ['ignore', 'ignore_ament_install']
[16.496s] Level 1:colcon.colcon_core.package_identification:_identify(mycobot_object.v1-roboflow-instant-1--eval-.yolov8/test) by extension 'ignore'
[16.496s] Level 1:colcon.colcon_core.package_identification:_identify(mycobot_object.v1-roboflow-instant-1--eval-.yolov8/test) by extension 'ignore_ament_install'
[16.496s] Level 1:colcon.colcon_core.package_identification:_identify(mycobot_object.v1-roboflow-instant-1--eval-.yolov8/test) by extensions ['colcon_pkg']
[16.496s] Level 1:colcon.colcon_core.package_identification:_identify(mycobot_object.v1-roboflow-instant-1--eval-.yolov8/test) by extension 'colcon_pkg'
[16.496s] Level 1:colcon.colcon_core.package_identification:_identify(mycobot_object.v1-roboflow-instant-1--eval-.yolov8/test) by extensions ['colcon_meta']
[16.496s] Level 1:colcon.colcon_core.package_identification:_identify(mycobot_object.v1-roboflow-instant-1--eval-.yolov8/test) by extension 'colcon_meta'
[16.496s] Level 1:colcon.colcon_core.package_identification:_identify(mycobot_object.v1-roboflow-instant-1--eval-.yolov8/test) by extensions ['ros']
[16.496s] Level 1:colcon.colcon_core.package_identification:_identify(mycobot_object.v1-roboflow-instant-1--eval-.yolov8/test) by extension 'ros'
[16.497s] Level 1:colcon.colcon_core.package_identification:_identify(mycobot_object.v1-roboflow-instant-1--eval-.yolov8/test) by extensions ['cmake', 'python']
[16.497s] Level 1:colcon.colcon_core.package_identification:_identify(mycobot_object.v1-roboflow-instant-1--eval-.yolov8/test) by extension 'cmake'
[16.497s] Level 1:colcon.colcon_core.package_identification:_identify(mycobot_object.v1-roboflow-instant-1--eval-.yolov8/test) by extension 'python'
[16.497s] Level 1:colcon.colcon_core.package_identification:_identify(mycobot_object.v1-roboflow-instant-1--eval-.yolov8/test) by extensions ['python_setup_py']
[16.497s] Level 1:colcon.colcon_core.package_identification:_identify(mycobot_object.v1-roboflow-instant-1--eval-.yolov8/test) by extension 'python_setup_py'
[16.497s] Level 1:colcon.colcon_core.package_identification:_identify(mycobot_object.v1-roboflow-instant-1--eval-.yolov8/test/images) by extensions ['ignore', 'ignore_ament_install']
[16.497s] Level 1:colcon.colcon_core.package_identification:_identify(mycobot_object.v1-roboflow-instant-1--eval-.yolov8/test/images) by extension 'ignore'
[16.497s] Level 1:colcon.colcon_core.package_identification:_identify(mycobot_object.v1-roboflow-instant-1--eval-.yolov8/test/images) by extension 'ignore_ament_install'
[16.498s] Level 1:colcon.colcon_core.package_identification:_identify(mycobot_object.v1-roboflow-instant-1--eval-.yolov8/test/images) by extensions ['colcon_pkg']
[16.498s] Level 1:colcon.colcon_core.package_identification:_identify(mycobot_object.v1-roboflow-instant-1--eval-.yolov8/test/images) by extension 'colcon_pkg'
[16.498s] Level 1:colcon.colcon_core.package_identification:_identify(mycobot_object.v1-roboflow-instant-1--eval-.yolov8/test/images) by extensions ['colcon_meta']
[16.498s] Level 1:colcon.colcon_core.package_identification:_identify(mycobot_object.v1-roboflow-instant-1--eval-.yolov8/test/images) by extension 'colcon_meta'
[16.498s] Level 1:colcon.colcon_core.package_identification:_identify(mycobot_object.v1-roboflow-instant-1--eval-.yolov8/test/images) by extensions ['ros']
[16.498s] Level 1:colcon.colcon_core.package_identification:_identify(mycobot_object.v1-roboflow-instant-1--eval-.yolov8/test/images) by extension 'ros'
[16.498s] Level 1:colcon.colcon_core.package_identification:_identify(mycobot_object.v1-roboflow-instant-1--eval-.yolov8/test/images) by extensions ['cmake', 'python']
[16.498s] Level 1:colcon.colcon_core.package_identification:_identify(mycobot_object.v1-roboflow-instant-1--eval-.yolov8/test/images) by extension 'cmake'
[16.498s] Level 1:colcon.colcon_core.package_identification:_identify(mycobot_object.v1-roboflow-instant-1--eval-.yolov8/test/images) by extension 'python'
[16.498s] Level 1:colcon.colcon_core.package_identification:_identify(mycobot_object.v1-roboflow-instant-1--eval-.yolov8/test/images) by extensions ['python_setup_py']
[16.498s] Level 1:colcon.colcon_core.package_identification:_identify(mycobot_object.v1-roboflow-instant-1--eval-.yolov8/test/images) by extension 'python_setup_py'
[16.499s] Level 1:colcon.colcon_core.package_identification:_identify(mycobot_object.v1-roboflow-instant-1--eval-.yolov8/test/labels) by extensions ['ignore', 'ignore_ament_install']
[16.499s] Level 1:colcon.colcon_core.package_identification:_identify(mycobot_object.v1-roboflow-instant-1--eval-.yolov8/test/labels) by extension 'ignore'
[16.499s] Level 1:colcon.colcon_core.package_identification:_identify(mycobot_object.v1-roboflow-instant-1--eval-.yolov8/test/labels) by extension 'ignore_ament_install'
[16.499s] Level 1:colcon.colcon_core.package_identification:_identify(mycobot_object.v1-roboflow-instant-1--eval-.yolov8/test/labels) by extensions ['colcon_pkg']
[16.499s] Level 1:colcon.colcon_core.package_identification:_identify(mycobot_object.v1-roboflow-instant-1--eval-.yolov8/test/labels) by extension 'colcon_pkg'
[16.499s] Level 1:colcon.colcon_core.package_identification:_identify(mycobot_object.v1-roboflow-instant-1--eval-.yolov8/test/labels) by extensions ['colcon_meta']
[16.499s] Level 1:colcon.colcon_core.package_identification:_identify(mycobot_object.v1-roboflow-instant-1--eval-.yolov8/test/labels) by extension 'colcon_meta'
[16.499s] Level 1:colcon.colcon_core.package_identification:_identify(mycobot_object.v1-roboflow-instant-1--eval-.yolov8/test/labels) by extensions ['ros']
[16.499s] Level 1:colcon.colcon_core.package_identification:_identify(mycobot_object.v1-roboflow-instant-1--eval-.yolov8/test/labels) by extension 'ros'
[16.500s] Level 1:colcon.colcon_core.package_identification:_identify(mycobot_object.v1-roboflow-instant-1--eval-.yolov8/test/labels) by extensions ['cmake', 'python']
[16.500s] Level 1:colcon.colcon_core.package_identification:_identify(mycobot_object.v1-roboflow-instant-1--eval-.yolov8/test/labels) by extension 'cmake'
[16.500s] Level 1:colcon.colcon_core.package_identification:_identify(mycobot_object.v1-roboflow-instant-1--eval-.yolov8/test/labels) by extension 'python'
[16.500s] Level 1:colcon.colcon_core.package_identification:_identify(mycobot_object.v1-roboflow-instant-1--eval-.yolov8/test/labels) by extensions ['python_setup_py']
[16.500s] Level 1:colcon.colcon_core.package_identification:_identify(mycobot_object.v1-roboflow-instant-1--eval-.yolov8/test/labels) by extension 'python_setup_py'
[16.500s] Level 1:colcon.colcon_core.package_identification:_identify(mycobot_object.v1-roboflow-instant-1--eval-.yolov8/train) by extensions ['ignore', 'ignore_ament_install']
[16.500s] Level 1:colcon.colcon_core.package_identification:_identify(mycobot_object.v1-roboflow-instant-1--eval-.yolov8/train) by extension 'ignore'
[16.500s] Level 1:colcon.colcon_core.package_identification:_identify(mycobot_object.v1-roboflow-instant-1--eval-.yolov8/train) by extension 'ignore_ament_install'
[16.501s] Level 1:colcon.colcon_core.package_identification:_identify(mycobot_object.v1-roboflow-instant-1--eval-.yolov8/train) by extensions ['colcon_pkg']
[16.501s] Level 1:colcon.colcon_core.package_identification:_identify(mycobot_object.v1-roboflow-instant-1--eval-.yolov8/train) by extension 'colcon_pkg'
[16.501s] Level 1:colcon.colcon_core.package_identification:_identify(mycobot_object.v1-roboflow-instant-1--eval-.yolov8/train) by extensions ['colcon_meta']
[16.501s] Level 1:colcon.colcon_core.package_identification:_identify(mycobot_object.v1-roboflow-instant-1--eval-.yolov8/train) by extension 'colcon_meta'
[16.501s] Level 1:colcon.colcon_core.package_identification:_identify(mycobot_object.v1-roboflow-instant-1--eval-.yolov8/train) by extensions ['ros']
[16.501s] Level 1:colcon.colcon_core.package_identification:_identify(mycobot_object.v1-roboflow-instant-1--eval-.yolov8/train) by extension 'ros'
[16.501s] Level 1:colcon.colcon_core.package_identification:_identify(mycobot_object.v1-roboflow-instant-1--eval-.yolov8/train) by extensions ['cmake', 'python']
[16.501s] Level 1:colcon.colcon_core.package_identification:_identify(mycobot_object.v1-roboflow-instant-1--eval-.yolov8/train) by extension 'cmake'
[16.501s] Level 1:colcon.colcon_core.package_identification:_identify(mycobot_object.v1-roboflow-instant-1--eval-.yolov8/train) by extension 'python'
[16.501s] Level 1:colcon.colcon_core.package_identification:_identify(mycobot_object.v1-roboflow-instant-1--eval-.yolov8/train) by extensions ['python_setup_py']
[16.502s] Level 1:colcon.colcon_core.package_identification:_identify(mycobot_object.v1-roboflow-instant-1--eval-.yolov8/train) by extension 'python_setup_py'
[16.502s] Level 1:colcon.colcon_core.package_identification:_identify(mycobot_object.v1-roboflow-instant-1--eval-.yolov8/train/images) by extensions ['ignore', 'ignore_ament_install']
[16.502s] Level 1:colcon.colcon_core.package_identification:_identify(mycobot_object.v1-roboflow-instant-1--eval-.yolov8/train/images) by extension 'ignore'
[16.502s] Level 1:colcon.colcon_core.package_identification:_identify(mycobot_object.v1-roboflow-instant-1--eval-.yolov8/train/images) by extension 'ignore_ament_install'
[16.502s] Level 1:colcon.colcon_core.package_identification:_identify(mycobot_object.v1-roboflow-instant-1--eval-.yolov8/train/images) by extensions ['colcon_pkg']
[16.502s] Level 1:colcon.colcon_core.package_identification:_identify(mycobot_object.v1-roboflow-instant-1--eval-.yolov8/train/images) by extension 'colcon_pkg'
[16.502s] Level 1:colcon.colcon_core.package_identification:_identify(mycobot_object.v1-roboflow-instant-1--eval-.yolov8/train/images) by extensions ['colcon_meta']
[16.502s] Level 1:colcon.colcon_core.package_identification:_identify(mycobot_object.v1-roboflow-instant-1--eval-.yolov8/train/images) by extension 'colcon_meta'
[16.503s] Level 1:colcon.colcon_core.package_identification:_identify(mycobot_object.v1-roboflow-instant-1--eval-.yolov8/train/images) by extensions ['ros']
[16.503s] Level 1:colcon.colcon_core.package_identification:_identify(mycobot_object.v1-roboflow-instant-1--eval-.yolov8/train/images) by extension 'ros'
[16.503s] Level 1:colcon.colcon_core.package_identification:_identify(mycobot_object.v1-roboflow-instant-1--eval-.yolov8/train/images) by extensions ['cmake', 'python']
[16.503s] Level 1:colcon.colcon_core.package_identification:_identify(mycobot_object.v1-roboflow-instant-1--eval-.yolov8/train/images) by extension 'cmake'
[16.503s] Level 1:colcon.colcon_core.package_identification:_identify(mycobot_object.v1-roboflow-instant-1--eval-.yolov8/train/images) by extension 'python'
[16.503s] Level 1:colcon.colcon_core.package_identification:_identify(mycobot_object.v1-roboflow-instant-1--eval-.yolov8/train/images) by extensions ['python_setup_py']
[16.503s] Level 1:colcon.colcon_core.package_identification:_identify(mycobot_object.v1-roboflow-instant-1--eval-.yolov8/train/images) by extension 'python_setup_py'
[16.503s] Level 1:colcon.colcon_core.package_identification:_identify(mycobot_object.v1-roboflow-instant-1--eval-.yolov8/train/labels) by extensions ['ignore', 'ignore_ament_install']
[16.504s] Level 1:colcon.colcon_core.package_identification:_identify(mycobot_object.v1-roboflow-instant-1--eval-.yolov8/train/labels) by extension 'ignore'
[16.504s] Level 1:colcon.colcon_core.package_identification:_identify(mycobot_object.v1-roboflow-instant-1--eval-.yolov8/train/labels) by extension 'ignore_ament_install'
[16.504s] Level 1:colcon.colcon_core.package_identification:_identify(mycobot_object.v1-roboflow-instant-1--eval-.yolov8/train/labels) by extensions ['colcon_pkg']
[16.504s] Level 1:colcon.colcon_core.package_identification:_identify(mycobot_object.v1-roboflow-instant-1--eval-.yolov8/train/labels) by extension 'colcon_pkg'
[16.504s] Level 1:colcon.colcon_core.package_identification:_identify(mycobot_object.v1-roboflow-instant-1--eval-.yolov8/train/labels) by extensions ['colcon_meta']
[16.504s] Level 1:colcon.colcon_core.package_identification:_identify(mycobot_object.v1-roboflow-instant-1--eval-.yolov8/train/labels) by extension 'colcon_meta'
[16.504s] Level 1:colcon.colcon_core.package_identification:_identify(mycobot_object.v1-roboflow-instant-1--eval-.yolov8/train/labels) by extensions ['ros']
[16.504s] Level 1:colcon.colcon_core.package_identification:_identify(mycobot_object.v1-roboflow-instant-1--eval-.yolov8/train/labels) by extension 'ros'
[16.504s] Level 1:colcon.colcon_core.package_identification:_identify(mycobot_object.v1-roboflow-instant-1--eval-.yolov8/train/labels) by extensions ['cmake', 'python']
[16.504s] Level 1:colcon.colcon_core.package_identification:_identify(mycobot_object.v1-roboflow-instant-1--eval-.yolov8/train/labels) by extension 'cmake'
[16.505s] Level 1:colcon.colcon_core.package_identification:_identify(mycobot_object.v1-roboflow-instant-1--eval-.yolov8/train/labels) by extension 'python'
[16.505s] Level 1:colcon.colcon_core.package_identification:_identify(mycobot_object.v1-roboflow-instant-1--eval-.yolov8/train/labels) by extensions ['python_setup_py']
[16.505s] Level 1:colcon.colcon_core.package_identification:_identify(mycobot_object.v1-roboflow-instant-1--eval-.yolov8/train/labels) by extension 'python_setup_py'
[16.505s] Level 1:colcon.colcon_core.package_identification:_identify(mycobot_object.v1-roboflow-instant-1--eval-.yolov8/valid) by extensions ['ignore', 'ignore_ament_install']
[16.505s] Level 1:colcon.colcon_core.package_identification:_identify(mycobot_object.v1-roboflow-instant-1--eval-.yolov8/valid) by extension 'ignore'
[16.505s] Level 1:colcon.colcon_core.package_identification:_identify(mycobot_object.v1-roboflow-instant-1--eval-.yolov8/valid) by extension 'ignore_ament_install'
[16.506s] Level 1:colcon.colcon_core.package_identification:_identify(mycobot_object.v1-roboflow-instant-1--eval-.yolov8/valid) by extensions ['colcon_pkg']
[16.506s] Level 1:colcon.colcon_core.package_identification:_identify(mycobot_object.v1-roboflow-instant-1--eval-.yolov8/valid) by extension 'colcon_pkg'
[16.506s] Level 1:colcon.colcon_core.package_identification:_identify(mycobot_object.v1-roboflow-instant-1--eval-.yolov8/valid) by extensions ['colcon_meta']
[16.506s] Level 1:colcon.colcon_core.package_identification:_identify(mycobot_object.v1-roboflow-instant-1--eval-.yolov8/valid) by extension 'colcon_meta'
[16.506s] Level 1:colcon.colcon_core.package_identification:_identify(mycobot_object.v1-roboflow-instant-1--eval-.yolov8/valid) by extensions ['ros']
[16.506s] Level 1:colcon.colcon_core.package_identification:_identify(mycobot_object.v1-roboflow-instant-1--eval-.yolov8/valid) by extension 'ros'
[16.506s] Level 1:colcon.colcon_core.package_identification:_identify(mycobot_object.v1-roboflow-instant-1--eval-.yolov8/valid) by extensions ['cmake', 'python']
[16.506s] Level 1:colcon.colcon_core.package_identification:_identify(mycobot_object.v1-roboflow-instant-1--eval-.yolov8/valid) by extension 'cmake'
[16.506s] Level 1:colcon.colcon_core.package_identification:_identify(mycobot_object.v1-roboflow-instant-1--eval-.yolov8/valid) by extension 'python'
[16.506s] Level 1:colcon.colcon_core.package_identification:_identify(mycobot_object.v1-roboflow-instant-1--eval-.yolov8/valid) by extensions ['python_setup_py']
[16.506s] Level 1:colcon.colcon_core.package_identification:_identify(mycobot_object.v1-roboflow-instant-1--eval-.yolov8/valid) by extension 'python_setup_py'
[16.507s] Level 1:colcon.colcon_core.package_identification:_identify(mycobot_object.v1-roboflow-instant-1--eval-.yolov8/valid/images) by extensions ['ignore', 'ignore_ament_install']
[16.507s] Level 1:colcon.colcon_core.package_identification:_identify(mycobot_object.v1-roboflow-instant-1--eval-.yolov8/valid/images) by extension 'ignore'
[16.507s] Level 1:colcon.colcon_core.package_identification:_identify(mycobot_object.v1-roboflow-instant-1--eval-.yolov8/valid/images) by extension 'ignore_ament_install'
[16.507s] Level 1:colcon.colcon_core.package_identification:_identify(mycobot_object.v1-roboflow-instant-1--eval-.yolov8/valid/images) by extensions ['colcon_pkg']
[16.507s] Level 1:colcon.colcon_core.package_identification:_identify(mycobot_object.v1-roboflow-instant-1--eval-.yolov8/valid/images) by extension 'colcon_pkg'
[16.507s] Level 1:colcon.colcon_core.package_identification:_identify(mycobot_object.v1-roboflow-instant-1--eval-.yolov8/valid/images) by extensions ['colcon_meta']
[16.507s] Level 1:colcon.colcon_core.package_identification:_identify(mycobot_object.v1-roboflow-instant-1--eval-.yolov8/valid/images) by extension 'colcon_meta'
[16.507s] Level 1:colcon.colcon_core.package_identification:_identify(mycobot_object.v1-roboflow-instant-1--eval-.yolov8/valid/images) by extensions ['ros']
[16.507s] Level 1:colcon.colcon_core.package_identification:_identify(mycobot_object.v1-roboflow-instant-1--eval-.yolov8/valid/images) by extension 'ros'
[16.508s] Level 1:colcon.colcon_core.package_identification:_identify(mycobot_object.v1-roboflow-instant-1--eval-.yolov8/valid/images) by extensions ['cmake', 'python']
[16.508s] Level 1:colcon.colcon_core.package_identification:_identify(mycobot_object.v1-roboflow-instant-1--eval-.yolov8/valid/images) by extension 'cmake'
[16.508s] Level 1:colcon.colcon_core.package_identification:_identify(mycobot_object.v1-roboflow-instant-1--eval-.yolov8/valid/images) by extension 'python'
[16.508s] Level 1:colcon.colcon_core.package_identification:_identify(mycobot_object.v1-roboflow-instant-1--eval-.yolov8/valid/images) by extensions ['python_setup_py']
[16.508s] Level 1:colcon.colcon_core.package_identification:_identify(mycobot_object.v1-roboflow-instant-1--eval-.yolov8/valid/images) by extension 'python_setup_py'
[16.508s] Level 1:colcon.colcon_core.package_identification:_identify(mycobot_object.v1-roboflow-instant-1--eval-.yolov8/valid/labels) by extensions ['ignore', 'ignore_ament_install']
[16.508s] Level 1:colcon.colcon_core.package_identification:_identify(mycobot_object.v1-roboflow-instant-1--eval-.yolov8/valid/labels) by extension 'ignore'
[16.508s] Level 1:colcon.colcon_core.package_identification:_identify(mycobot_object.v1-roboflow-instant-1--eval-.yolov8/valid/labels) by extension 'ignore_ament_install'
[16.509s] Level 1:colcon.colcon_core.package_identification:_identify(mycobot_object.v1-roboflow-instant-1--eval-.yolov8/valid/labels) by extensions ['colcon_pkg']
[16.509s] Level 1:colcon.colcon_core.package_identification:_identify(mycobot_object.v1-roboflow-instant-1--eval-.yolov8/valid/labels) by extension 'colcon_pkg'
[16.509s] Level 1:colcon.colcon_core.package_identification:_identify(mycobot_object.v1-roboflow-instant-1--eval-.yolov8/valid/labels) by extensions ['colcon_meta']
[16.509s] Level 1:colcon.colcon_core.package_identification:_identify(mycobot_object.v1-roboflow-instant-1--eval-.yolov8/valid/labels) by extension 'colcon_meta'
[16.509s] Level 1:colcon.colcon_core.package_identification:_identify(mycobot_object.v1-roboflow-instant-1--eval-.yolov8/valid/labels) by extensions ['ros']
[16.509s] Level 1:colcon.colcon_core.package_identification:_identify(mycobot_object.v1-roboflow-instant-1--eval-.yolov8/valid/labels) by extension 'ros'
[16.509s] Level 1:colcon.colcon_core.package_identification:_identify(mycobot_object.v1-roboflow-instant-1--eval-.yolov8/valid/labels) by extensions ['cmake', 'python']
[16.509s] Level 1:colcon.colcon_core.package_identification:_identify(mycobot_object.v1-roboflow-instant-1--eval-.yolov8/valid/labels) by extension 'cmake'
[16.509s] Level 1:colcon.colcon_core.package_identification:_identify(mycobot_object.v1-roboflow-instant-1--eval-.yolov8/valid/labels) by extension 'python'
[16.509s] Level 1:colcon.colcon_core.package_identification:_identify(mycobot_object.v1-roboflow-instant-1--eval-.yolov8/valid/labels) by extensions ['python_setup_py']
[16.509s] Level 1:colcon.colcon_core.package_identification:_identify(mycobot_object.v1-roboflow-instant-1--eval-.yolov8/valid/labels) by extension 'python_setup_py'
[16.510s] Level 1:colcon.colcon_core.package_identification:_identify(runs) by extensions ['ignore', 'ignore_ament_install']
[16.510s] Level 1:colcon.colcon_core.package_identification:_identify(runs) by extension 'ignore'
[16.510s] Level 1:colcon.colcon_core.package_identification:_identify(runs) by extension 'ignore_ament_install'
[16.510s] Level 1:colcon.colcon_core.package_identification:_identify(runs) by extensions ['colcon_pkg']
[16.510s] Level 1:colcon.colcon_core.package_identification:_identify(runs) by extension 'colcon_pkg'
[16.510s] Level 1:colcon.colcon_core.package_identification:_identify(runs) by extensions ['colcon_meta']
[16.510s] Level 1:colcon.colcon_core.package_identification:_identify(runs) by extension 'colcon_meta'
[16.510s] Level 1:colcon.colcon_core.package_identification:_identify(runs) by extensions ['ros']
[16.510s] Level 1:colcon.colcon_core.package_identification:_identify(runs) by extension 'ros'
[16.511s] Level 1:colcon.colcon_core.package_identification:_identify(runs) by extensions ['cmake', 'python']
[16.511s] Level 1:colcon.colcon_core.package_identification:_identify(runs) by extension 'cmake'
[16.511s] Level 1:colcon.colcon_core.package_identification:_identify(runs) by extension 'python'
[16.511s] Level 1:colcon.colcon_core.package_identification:_identify(runs) by extensions ['python_setup_py']
[16.511s] Level 1:colcon.colcon_core.package_identification:_identify(runs) by extension 'python_setup_py'
[16.511s] Level 1:colcon.colcon_core.package_identification:_identify(runs/detect) by extensions ['ignore', 'ignore_ament_install']
[16.511s] Level 1:colcon.colcon_core.package_identification:_identify(runs/detect) by extension 'ignore'
[16.511s] Level 1:colcon.colcon_core.package_identification:_identify(runs/detect) by extension 'ignore_ament_install'
[16.511s] Level 1:colcon.colcon_core.package_identification:_identify(runs/detect) by extensions ['colcon_pkg']
[16.512s] Level 1:colcon.colcon_core.package_identification:_identify(runs/detect) by extension 'colcon_pkg'
[16.512s] Level 1:colcon.colcon_core.package_identification:_identify(runs/detect) by extensions ['colcon_meta']
[16.512s] Level 1:colcon.colcon_core.package_identification:_identify(runs/detect) by extension 'colcon_meta'
[16.512s] Level 1:colcon.colcon_core.package_identification:_identify(runs/detect) by extensions ['ros']
[16.512s] Level 1:colcon.colcon_core.package_identification:_identify(runs/detect) by extension 'ros'
[16.512s] Level 1:colcon.colcon_core.package_identification:_identify(runs/detect) by extensions ['cmake', 'python']
[16.512s] Level 1:colcon.colcon_core.package_identification:_identify(runs/detect) by extension 'cmake'
[16.512s] Level 1:colcon.colcon_core.package_identification:_identify(runs/detect) by extension 'python'
[16.512s] Level 1:colcon.colcon_core.package_identification:_identify(runs/detect) by extensions ['python_setup_py']
[16.512s] Level 1:colcon.colcon_core.package_identification:_identify(runs/detect) by extension 'python_setup_py'
[16.513s] Level 1:colcon.colcon_core.package_identification:_identify(runs/detect/mycobot_final) by extensions ['ignore', 'ignore_ament_install']
[16.513s] Level 1:colcon.colcon_core.package_identification:_identify(runs/detect/mycobot_final) by extension 'ignore'
[16.513s] Level 1:colcon.colcon_core.package_identification:_identify(runs/detect/mycobot_final) by extension 'ignore_ament_install'
[16.513s] Level 1:colcon.colcon_core.package_identification:_identify(runs/detect/mycobot_final) by extensions ['colcon_pkg']
[16.513s] Level 1:colcon.colcon_core.package_identification:_identify(runs/detect/mycobot_final) by extension 'colcon_pkg'
[16.513s] Level 1:colcon.colcon_core.package_identification:_identify(runs/detect/mycobot_final) by extensions ['colcon_meta']
[16.513s] Level 1:colcon.colcon_core.package_identification:_identify(runs/detect/mycobot_final) by extension 'colcon_meta'
[16.513s] Level 1:colcon.colcon_core.package_identification:_identify(runs/detect/mycobot_final) by extensions ['ros']
[16.513s] Level 1:colcon.colcon_core.package_identification:_identify(runs/detect/mycobot_final) by extension 'ros'
[16.513s] Level 1:colcon.colcon_core.package_identification:_identify(runs/detect/mycobot_final) by extensions ['cmake', 'python']
[16.514s] Level 1:colcon.colcon_core.package_identification:_identify(runs/detect/mycobot_final) by extension 'cmake'
[16.514s] Level 1:colcon.colcon_core.package_identification:_identify(runs/detect/mycobot_final) by extension 'python'
[16.514s] Level 1:colcon.colcon_core.package_identification:_identify(runs/detect/mycobot_final) by extensions ['python_setup_py']
[16.514s] Level 1:colcon.colcon_core.package_identification:_identify(runs/detect/mycobot_final) by extension 'python_setup_py'
[16.514s] Level 1:colcon.colcon_core.package_identification:_identify(runs/detect/mycobot_final/weights) by extensions ['ignore', 'ignore_ament_install']
[16.514s] Level 1:colcon.colcon_core.package_identification:_identify(runs/detect/mycobot_final/weights) by extension 'ignore'
[16.514s] Level 1:colcon.colcon_core.package_identification:_identify(runs/detect/mycobot_final/weights) by extension 'ignore_ament_install'
[16.514s] Level 1:colcon.colcon_core.package_identification:_identify(runs/detect/mycobot_final/weights) by extensions ['colcon_pkg']
[16.514s] Level 1:colcon.colcon_core.package_identification:_identify(runs/detect/mycobot_final/weights) by extension 'colcon_pkg'
[16.515s] Level 1:colcon.colcon_core.package_identification:_identify(runs/detect/mycobot_final/weights) by extensions ['colcon_meta']
[16.515s] Level 1:colcon.colcon_core.package_identification:_identify(runs/detect/mycobot_final/weights) by extension 'colcon_meta'
[16.515s] Level 1:colcon.colcon_core.package_identification:_identify(runs/detect/mycobot_final/weights) by extensions ['ros']
[16.515s] Level 1:colcon.colcon_core.package_identification:_identify(runs/detect/mycobot_final/weights) by extension 'ros'
[16.515s] Level 1:colcon.colcon_core.package_identification:_identify(runs/detect/mycobot_final/weights) by extensions ['cmake', 'python']
[16.515s] Level 1:colcon.colcon_core.package_identification:_identify(runs/detect/mycobot_final/weights) by extension 'cmake'
[16.515s] Level 1:colcon.colcon_core.package_identification:_identify(runs/detect/mycobot_final/weights) by extension 'python'
[16.515s] Level 1:colcon.colcon_core.package_identification:_identify(runs/detect/mycobot_final/weights) by extensions ['python_setup_py']
[16.515s] Level 1:colcon.colcon_core.package_identification:_identify(runs/detect/mycobot_final/weights) by extension 'python_setup_py'
[16.516s] Level 1:colcon.colcon_core.package_identification:_identify(runs/detect/mycobot_final2) by extensions ['ignore', 'ignore_ament_install']
[16.516s] Level 1:colcon.colcon_core.package_identification:_identify(runs/detect/mycobot_final2) by extension 'ignore'
[16.516s] Level 1:colcon.colcon_core.package_identification:_identify(runs/detect/mycobot_final2) by extension 'ignore_ament_install'
[16.516s] Level 1:colcon.colcon_core.package_identification:_identify(runs/detect/mycobot_final2) by extensions ['colcon_pkg']
[16.516s] Level 1:colcon.colcon_core.package_identification:_identify(runs/detect/mycobot_final2) by extension 'colcon_pkg'
[16.516s] Level 1:colcon.colcon_core.package_identification:_identify(runs/detect/mycobot_final2) by extensions ['colcon_meta']
[16.516s] Level 1:colcon.colcon_core.package_identification:_identify(runs/detect/mycobot_final2) by extension 'colcon_meta'
[16.516s] Level 1:colcon.colcon_core.package_identification:_identify(runs/detect/mycobot_final2) by extensions ['ros']
[16.516s] Level 1:colcon.colcon_core.package_identification:_identify(runs/detect/mycobot_final2) by extension 'ros'
[16.516s] Level 1:colcon.colcon_core.package_identification:_identify(runs/detect/mycobot_final2) by extensions ['cmake', 'python']
[16.517s] Level 1:colcon.colcon_core.package_identification:_identify(runs/detect/mycobot_final2) by extension 'cmake'
[16.517s] Level 1:colcon.colcon_core.package_identification:_identify(runs/detect/mycobot_final2) by extension 'python'
[16.517s] Level 1:colcon.colcon_core.package_identification:_identify(runs/detect/mycobot_final2) by extensions ['python_setup_py']
[16.517s] Level 1:colcon.colcon_core.package_identification:_identify(runs/detect/mycobot_final2) by extension 'python_setup_py'
[16.517s] Level 1:colcon.colcon_core.package_identification:_identify(runs/detect/mycobot_final2/weights) by extensions ['ignore', 'ignore_ament_install']
[16.517s] Level 1:colcon.colcon_core.package_identification:_identify(runs/detect/mycobot_final2/weights) by extension 'ignore'
[16.517s] Level 1:colcon.colcon_core.package_identification:_identify(runs/detect/mycobot_final2/weights) by extension 'ignore_ament_install'
[16.517s] Level 1:colcon.colcon_core.package_identification:_identify(runs/detect/mycobot_final2/weights) by extensions ['colcon_pkg']
[16.517s] Level 1:colcon.colcon_core.package_identification:_identify(runs/detect/mycobot_final2/weights) by extension 'colcon_pkg'
[16.518s] Level 1:colcon.colcon_core.package_identification:_identify(runs/detect/mycobot_final2/weights) by extensions ['colcon_meta']
[16.518s] Level 1:colcon.colcon_core.package_identification:_identify(runs/detect/mycobot_final2/weights) by extension 'colcon_meta'
[16.518s] Level 1:colcon.colcon_core.package_identification:_identify(runs/detect/mycobot_final2/weights) by extensions ['ros']
[16.518s] Level 1:colcon.colcon_core.package_identification:_identify(runs/detect/mycobot_final2/weights) by extension 'ros'
[16.518s] Level 1:colcon.colcon_core.package_identification:_identify(runs/detect/mycobot_final2/weights) by extensions ['cmake', 'python']
[16.518s] Level 1:colcon.colcon_core.package_identification:_identify(runs/detect/mycobot_final2/weights) by extension 'cmake'
[16.518s] Level 1:colcon.colcon_core.package_identification:_identify(runs/detect/mycobot_final2/weights) by extension 'python'
[16.518s] Level 1:colcon.colcon_core.package_identification:_identify(runs/detect/mycobot_final2/weights) by extensions ['python_setup_py']
[16.518s] Level 1:colcon.colcon_core.package_identification:_identify(runs/detect/mycobot_final2/weights) by extension 'python_setup_py'
[16.518s] Level 1:colcon.colcon_core.package_identification:_identify(runs/detect/predict) by extensions ['ignore', 'ignore_ament_install']
[16.519s] Level 1:colcon.colcon_core.package_identification:_identify(runs/detect/predict) by extension 'ignore'
[16.519s] Level 1:colcon.colcon_core.package_identification:_identify(runs/detect/predict) by extension 'ignore_ament_install'
[16.519s] Level 1:colcon.colcon_core.package_identification:_identify(runs/detect/predict) by extensions ['colcon_pkg']
[16.519s] Level 1:colcon.colcon_core.package_identification:_identify(runs/detect/predict) by extension 'colcon_pkg'
[16.519s] Level 1:colcon.colcon_core.package_identification:_identify(runs/detect/predict) by extensions ['colcon_meta']
[16.519s] Level 1:colcon.colcon_core.package_identification:_identify(runs/detect/predict) by extension 'colcon_meta'
[16.519s] Level 1:colcon.colcon_core.package_identification:_identify(runs/detect/predict) by extensions ['ros']
[16.519s] Level 1:colcon.colcon_core.package_identification:_identify(runs/detect/predict) by extension 'ros'
[16.519s] Level 1:colcon.colcon_core.package_identification:_identify(runs/detect/predict) by extensions ['cmake', 'python']
[16.519s] Level 1:colcon.colcon_core.package_identification:_identify(runs/detect/predict) by extension 'cmake'
[16.520s] Level 1:colcon.colcon_core.package_identification:_identify(runs/detect/predict) by extension 'python'
[16.520s] Level 1:colcon.colcon_core.package_identification:_identify(runs/detect/predict) by extensions ['python_setup_py']
[16.520s] Level 1:colcon.colcon_core.package_identification:_identify(runs/detect/predict) by extension 'python_setup_py'
[16.520s] Level 1:colcon.colcon_core.package_identification:_identify(runs/detect/train_new_object) by extensions ['ignore', 'ignore_ament_install']
[16.520s] Level 1:colcon.colcon_core.package_identification:_identify(runs/detect/train_new_object) by extension 'ignore'
[16.520s] Level 1:colcon.colcon_core.package_identification:_identify(runs/detect/train_new_object) by extension 'ignore_ament_install'
[16.520s] Level 1:colcon.colcon_core.package_identification:_identify(runs/detect/train_new_object) by extensions ['colcon_pkg']
[16.520s] Level 1:colcon.colcon_core.package_identification:_identify(runs/detect/train_new_object) by extension 'colcon_pkg'
[16.520s] Level 1:colcon.colcon_core.package_identification:_identify(runs/detect/train_new_object) by extensions ['colcon_meta']
[16.521s] Level 1:colcon.colcon_core.package_identification:_identify(runs/detect/train_new_object) by extension 'colcon_meta'
[16.521s] Level 1:colcon.colcon_core.package_identification:_identify(runs/detect/train_new_object) by extensions ['ros']
[16.521s] Level 1:colcon.colcon_core.package_identification:_identify(runs/detect/train_new_object) by extension 'ros'
[16.521s] Level 1:colcon.colcon_core.package_identification:_identify(runs/detect/train_new_object) by extensions ['cmake', 'python']
[16.521s] Level 1:colcon.colcon_core.package_identification:_identify(runs/detect/train_new_object) by extension 'cmake'
[16.521s] Level 1:colcon.colcon_core.package_identification:_identify(runs/detect/train_new_object) by extension 'python'
[16.521s] Level 1:colcon.colcon_core.package_identification:_identify(runs/detect/train_new_object) by extensions ['python_setup_py']
[16.521s] Level 1:colcon.colcon_core.package_identification:_identify(runs/detect/train_new_object) by extension 'python_setup_py'
[16.521s] Level 1:colcon.colcon_core.package_identification:_identify(runs/detect/train_new_object/weights) by extensions ['ignore', 'ignore_ament_install']
[16.522s] Level 1:colcon.colcon_core.package_identification:_identify(runs/detect/train_new_object/weights) by extension 'ignore'
[16.522s] Level 1:colcon.colcon_core.package_identification:_identify(runs/detect/train_new_object/weights) by extension 'ignore_ament_install'
[16.522s] Level 1:colcon.colcon_core.package_identification:_identify(runs/detect/train_new_object/weights) by extensions ['colcon_pkg']
[16.522s] Level 1:colcon.colcon_core.package_identification:_identify(runs/detect/train_new_object/weights) by extension 'colcon_pkg'
[16.522s] Level 1:colcon.colcon_core.package_identification:_identify(runs/detect/train_new_object/weights) by extensions ['colcon_meta']
[16.522s] Level 1:colcon.colcon_core.package_identification:_identify(runs/detect/train_new_object/weights) by extension 'colcon_meta'
[16.522s] Level 1:colcon.colcon_core.package_identification:_identify(runs/detect/train_new_object/weights) by extensions ['ros']
[16.522s] Level 1:colcon.colcon_core.package_identification:_identify(runs/detect/train_new_object/weights) by extension 'ros'
[16.522s] Level 1:colcon.colcon_core.package_identification:_identify(runs/detect/train_new_object/weights) by extensions ['cmake', 'python']
[16.522s] Level 1:colcon.colcon_core.package_identification:_identify(runs/detect/train_new_object/weights) by extension 'cmake'
[16.522s] Level 1:colcon.colcon_core.package_identification:_identify(runs/detect/train_new_object/weights) by extension 'python'
[16.523s] Level 1:colcon.colcon_core.package_identification:_identify(runs/detect/train_new_object/weights) by extensions ['python_setup_py']
[16.523s] Level 1:colcon.colcon_core.package_identification:_identify(runs/detect/train_new_object/weights) by extension 'python_setup_py'
[16.523s] Level 1:colcon.colcon_core.package_identification:_identify(src) by extensions ['ignore', 'ignore_ament_install']
[16.523s] Level 1:colcon.colcon_core.package_identification:_identify(src) by extension 'ignore'
[16.523s] Level 1:colcon.colcon_core.package_identification:_identify(src) by extension 'ignore_ament_install'
[16.523s] Level 1:colcon.colcon_core.package_identification:_identify(src) by extensions ['colcon_pkg']
[16.523s] Level 1:colcon.colcon_core.package_identification:_identify(src) by extension 'colcon_pkg'
[16.523s] Level 1:colcon.colcon_core.package_identification:_identify(src) by extensions ['colcon_meta']
[16.523s] Level 1:colcon.colcon_core.package_identification:_identify(src) by extension 'colcon_meta'
[16.524s] Level 1:colcon.colcon_core.package_identification:_identify(src) by extensions ['ros']
[16.524s] Level 1:colcon.colcon_core.package_identification:_identify(src) by extension 'ros'
[16.524s] Level 1:colcon.colcon_core.package_identification:_identify(src) by extensions ['cmake', 'python']
[16.524s] Level 1:colcon.colcon_core.package_identification:_identify(src) by extension 'cmake'
[16.524s] Level 1:colcon.colcon_core.package_identification:_identify(src) by extension 'python'
[16.524s] Level 1:colcon.colcon_core.package_identification:_identify(src) by extensions ['python_setup_py']
[16.524s] Level 1:colcon.colcon_core.package_identification:_identify(src) by extension 'python_setup_py'
[16.524s] Level 1:colcon.colcon_core.package_identification:_identify(src/build) by extensions ['ignore', 'ignore_ament_install']
[16.524s] Level 1:colcon.colcon_core.package_identification:_identify(src/build) by extension 'ignore'
[16.525s] Level 1:colcon.colcon_core.package_identification:_identify(src/build) ignored
[16.525s] Level 1:colcon.colcon_core.package_identification:_identify(src/install) by extensions ['ignore', 'ignore_ament_install']
[16.525s] Level 1:colcon.colcon_core.package_identification:_identify(src/install) by extension 'ignore'
[16.525s] Level 1:colcon.colcon_core.package_identification:_identify(src/install) ignored
[16.525s] Level 1:colcon.colcon_core.package_identification:_identify(src/log) by extensions ['ignore', 'ignore_ament_install']
[16.525s] Level 1:colcon.colcon_core.package_identification:_identify(src/log) by extension 'ignore'
[16.525s] Level 1:colcon.colcon_core.package_identification:_identify(src/log) ignored
[16.526s] Level 1:colcon.colcon_core.package_identification:_identify(src/my_launch_pkg) by extensions ['ignore', 'ignore_ament_install']
[16.526s] Level 1:colcon.colcon_core.package_identification:_identify(src/my_launch_pkg) by extension 'ignore'
[16.526s] Level 1:colcon.colcon_core.package_identification:_identify(src/my_launch_pkg) by extension 'ignore_ament_install'
[16.526s] Level 1:colcon.colcon_core.package_identification:_identify(src/my_launch_pkg) by extensions ['colcon_pkg']
[16.526s] Level 1:colcon.colcon_core.package_identification:_identify(src/my_launch_pkg) by extension 'colcon_pkg'
[16.526s] Level 1:colcon.colcon_core.package_identification:_identify(src/my_launch_pkg) by extensions ['colcon_meta']
[16.526s] Level 1:colcon.colcon_core.package_identification:_identify(src/my_launch_pkg) by extension 'colcon_meta'
[16.526s] Level 1:colcon.colcon_core.package_identification:_identify(src/my_launch_pkg) by extensions ['ros']
[16.527s] Level 1:colcon.colcon_core.package_identification:_identify(src/my_launch_pkg) by extension 'ros'
[16.532s] DEBUG:colcon.colcon_core.package_identification:Package 'src/my_launch_pkg' with type 'ros.ament_python' and name 'my_launch_pkg'
[16.532s] Level 1:colcon.colcon_core.package_identification:_identify(src/mycobot_arm) by extensions ['ignore', 'ignore_ament_install']
[16.532s] Level 1:colcon.colcon_core.package_identification:_identify(src/mycobot_arm) by extension 'ignore'
[16.532s] Level 1:colcon.colcon_core.package_identification:_identify(src/mycobot_arm) by extension 'ignore_ament_install'
[16.533s] Level 1:colcon.colcon_core.package_identification:_identify(src/mycobot_arm) by extensions ['colcon_pkg']
[16.533s] Level 1:colcon.colcon_core.package_identification:_identify(src/mycobot_arm) by extension 'colcon_pkg'
[16.533s] Level 1:colcon.colcon_core.package_identification:_identify(src/mycobot_arm) by extensions ['colcon_meta']
[16.533s] Level 1:colcon.colcon_core.package_identification:_identify(src/mycobot_arm) by extension 'colcon_meta'
[16.533s] Level 1:colcon.colcon_core.package_identification:_identify(src/mycobot_arm) by extensions ['ros']
[16.533s] Level 1:colcon.colcon_core.package_identification:_identify(src/mycobot_arm) by extension 'ros'
[16.534s] DEBUG:colcon.colcon_core.package_identification:Package 'src/mycobot_arm' with type 'ros.ament_python' and name 'mycobot_arm'
[16.534s] Level 1:colcon.colcon_core.package_identification:_identify(src/nav_handler) by extensions ['ignore', 'ignore_ament_install']
[16.535s] Level 1:colcon.colcon_core.package_identification:_identify(src/nav_handler) by extension 'ignore'
[16.535s] Level 1:colcon.colcon_core.package_identification:_identify(src/nav_handler) by extension 'ignore_ament_install'
[16.535s] Level 1:colcon.colcon_core.package_identification:_identify(src/nav_handler) by extensions ['colcon_pkg']
[16.535s] Level 1:colcon.colcon_core.package_identification:_identify(src/nav_handler) by extension 'colcon_pkg'
[16.535s] Level 1:colcon.colcon_core.package_identification:_identify(src/nav_handler) by extensions ['colcon_meta']
[16.535s] Level 1:colcon.colcon_core.package_identification:_identify(src/nav_handler) by extension 'colcon_meta'
[16.535s] Level 1:colcon.colcon_core.package_identification:_identify(src/nav_handler) by extensions ['ros']
[16.535s] Level 1:colcon.colcon_core.package_identification:_identify(src/nav_handler) by extension 'ros'
[16.537s] DEBUG:colcon.colcon_core.package_identification:Package 'src/nav_handler' with type 'ros.ament_python' and name 'nav_handler'
[16.537s] Level 1:colcon.colcon_core.package_identification:_identify(src/object_detector) by extensions ['ignore', 'ignore_ament_install']
[16.537s] Level 1:colcon.colcon_core.package_identification:_identify(src/object_detector) by extension 'ignore'
[16.537s] Level 1:colcon.colcon_core.package_identification:_identify(src/object_detector) by extension 'ignore_ament_install'
[16.537s] Level 1:colcon.colcon_core.package_identification:_identify(src/object_detector) by extensions ['colcon_pkg']
[16.537s] Level 1:colcon.colcon_core.package_identification:_identify(src/object_detector) by extension 'colcon_pkg'
[16.537s] Level 1:colcon.colcon_core.package_identification:_identify(src/object_detector) by extensions ['colcon_meta']
[16.538s] Level 1:colcon.colcon_core.package_identification:_identify(src/object_detector) by extension 'colcon_meta'
[16.538s] Level 1:colcon.colcon_core.package_identification:_identify(src/object_detector) by extensions ['ros']
[16.538s] Level 1:colcon.colcon_core.package_identification:_identify(src/object_detector) by extension 'ros'
[16.541s] DEBUG:colcon.colcon_core.package_identification:Package 'src/object_detector' with type 'ros.ament_python' and name 'object_detector'
[16.541s] Level 1:colcon.colcon_core.package_identification:_identify(src/vision_msgs) by extensions ['ignore', 'ignore_ament_install']
[16.542s] Level 1:colcon.colcon_core.package_identification:_identify(src/vision_msgs) by extension 'ignore'
[16.542s] Level 1:colcon.colcon_core.package_identification:_identify(src/vision_msgs) by extension 'ignore_ament_install'
[16.542s] Level 1:colcon.colcon_core.package_identification:_identify(src/vision_msgs) by extensions ['colcon_pkg']
[16.542s] Level 1:colcon.colcon_core.package_identification:_identify(src/vision_msgs) by extension 'colcon_pkg'
[16.542s] Level 1:colcon.colcon_core.package_identification:_identify(src/vision_msgs) by extensions ['colcon_meta']
[16.542s] Level 1:colcon.colcon_core.package_identification:_identify(src/vision_msgs) by extension 'colcon_meta'
[16.542s] Level 1:colcon.colcon_core.package_identification:_identify(src/vision_msgs) by extensions ['ros']
[16.542s] Level 1:colcon.colcon_core.package_identification:_identify(src/vision_msgs) by extension 'ros'
[16.543s] Level 1:colcon.colcon_core.package_identification:_identify(src/vision_msgs) by extensions ['cmake', 'python']
[16.543s] Level 1:colcon.colcon_core.package_identification:_identify(src/vision_msgs) by extension 'cmake'
[16.543s] Level 1:colcon.colcon_core.package_identification:_identify(src/vision_msgs) by extension 'python'
[16.543s] Level 1:colcon.colcon_core.package_identification:_identify(src/vision_msgs) by extensions ['python_setup_py']
[16.543s] Level 1:colcon.colcon_core.package_identification:_identify(src/vision_msgs) by extension 'python_setup_py'
[16.543s] Level 1:colcon.colcon_core.package_identification:_identify(src/vision_msgs/vision_msgs) by extensions ['ignore', 'ignore_ament_install']
[16.543s] Level 1:colcon.colcon_core.package_identification:_identify(src/vision_msgs/vision_msgs) by extension 'ignore'
[16.543s] Level 1:colcon.colcon_core.package_identification:_identify(src/vision_msgs/vision_msgs) by extension 'ignore_ament_install'
[16.544s] Level 1:colcon.colcon_core.package_identification:_identify(src/vision_msgs/vision_msgs) by extensions ['colcon_pkg']
[16.544s] Level 1:colcon.colcon_core.package_identification:_identify(src/vision_msgs/vision_msgs) by extension 'colcon_pkg'
[16.544s] Level 1:colcon.colcon_core.package_identification:_identify(src/vision_msgs/vision_msgs) by extensions ['colcon_meta']
[16.544s] Level 1:colcon.colcon_core.package_identification:_identify(src/vision_msgs/vision_msgs) by extension 'colcon_meta'
[16.544s] Level 1:colcon.colcon_core.package_identification:_identify(src/vision_msgs/vision_msgs) by extensions ['ros']
[16.544s] Level 1:colcon.colcon_core.package_identification:_identify(src/vision_msgs/vision_msgs) by extension 'ros'
[16.545s] DEBUG:colcon.colcon_core.package_identification:Package 'src/vision_msgs/vision_msgs' with type 'ros.ament_cmake' and name 'vision_msgs'
[16.545s] Level 1:colcon.colcon_core.package_identification:_identify(src/vision_msgs/vision_msgs_rviz_plugins) by extensions ['ignore', 'ignore_ament_install']
[16.546s] Level 1:colcon.colcon_core.package_identification:_identify(src/vision_msgs/vision_msgs_rviz_plugins) by extension 'ignore'
[16.546s] Level 1:colcon.colcon_core.package_identification:_identify(src/vision_msgs/vision_msgs_rviz_plugins) by extension 'ignore_ament_install'
[16.546s] Level 1:colcon.colcon_core.package_identification:_identify(src/vision_msgs/vision_msgs_rviz_plugins) by extensions ['colcon_pkg']
[16.546s] Level 1:colcon.colcon_core.package_identification:_identify(src/vision_msgs/vision_msgs_rviz_plugins) by extension 'colcon_pkg'
[16.546s] Level 1:colcon.colcon_core.package_identification:_identify(src/vision_msgs/vision_msgs_rviz_plugins) by extensions ['colcon_meta']
[16.546s] Level 1:colcon.colcon_core.package_identification:_identify(src/vision_msgs/vision_msgs_rviz_plugins) by extension 'colcon_meta'
[16.546s] Level 1:colcon.colcon_core.package_identification:_identify(src/vision_msgs/vision_msgs_rviz_plugins) by extensions ['ros']
[16.546s] Level 1:colcon.colcon_core.package_identification:_identify(src/vision_msgs/vision_msgs_rviz_plugins) by extension 'ros'
[16.548s] DEBUG:colcon.colcon_core.package_identification:Package 'src/vision_msgs/vision_msgs_rviz_plugins' with type 'ros.ament_cmake' and name 'vision_msgs_rviz_plugins'
[16.548s] Level 1:colcon.colcon_core.package_discovery:discover_packages(recursive) using defaults
[16.549s] Level 1:colcon.colcon_core.package_discovery:discover_packages(ignore) discover
[16.549s] Level 1:colcon.colcon_core.package_discovery:discover_packages(ignore) using defaults
[16.549s] Level 1:colcon.colcon_core.package_discovery:discover_packages(path) discover
[16.549s] Level 1:colcon.colcon_core.package_discovery:discover_packages(path) using defaults
[17.400s] INFO:colcon.colcon_core.package_selection:Skipping not selected package 'my_launch_pkg' in 'src/my_launch_pkg'
[17.401s] INFO:colcon.colcon_core.package_selection:Skipping not selected package 'mycobot_arm' in 'src/mycobot_arm'
[17.401s] INFO:colcon.colcon_core.package_selection:Skipping not selected package 'nav_handler' in 'src/nav_handler'
[17.401s] INFO:colcon.colcon_core.package_selection:Skipping not selected package 'vision_msgs' in 'src/vision_msgs/vision_msgs'
[17.401s] INFO:colcon.colcon_core.package_selection:Skipping not selected package 'vision_msgs_rviz_plugins' in 'src/vision_msgs/vision_msgs_rviz_plugins'
[17.935s] Level 1:colcon.colcon_core.package_discovery:discover_packages(prefix_path) check parameters
[17.936s] Level 1:colcon.colcon_core.package_discovery:discover_packages(prefix_path) discover
[18.480s] DEBUG:colcon.colcon_installed_package_information.package_discovery:Found 6 installed packages in /home/agilex/krish_ws/install
[18.751s] DEBUG:colcon.colcon_installed_package_information.package_discovery:Found 71 installed packages in /home/agilex/limo_ros2_ws/install
[19.024s] DEBUG:colcon.colcon_installed_package_information.package_discovery:Found 359 installed packages in /opt/ros/foxy
[19.030s] Level 1:colcon.colcon_core.package_discovery:discover_packages(prefix_path) using defaults
[19.705s] Level 5:colcon.colcon_core.verb:set package 'object_detector' build argument 'cmake_args' from command line to 'None'
[19.705s] Level 5:colcon.colcon_core.verb:set package 'object_detector' build argument 'cmake_target' from command line to 'None'
[19.705s] Level 5:colcon.colcon_core.verb:set package 'object_detector' build argument 'cmake_target_skip_unavailable' from command line to 'False'
[19.705s] Level 5:colcon.colcon_core.verb:set package 'object_detector' build argument 'cmake_clean_cache' from command line to 'False'
[19.705s] Level 5:colcon.colcon_core.verb:set package 'object_detector' build argument 'cmake_clean_first' from command line to 'False'
[19.705s] Level 5:colcon.colcon_core.verb:set package 'object_detector' build argument 'cmake_force_configure' from command line to 'False'
[19.705s] Level 5:colcon.colcon_core.verb:set package 'object_detector' build argument 'ament_cmake_args' from command line to 'None'
[19.705s] Level 5:colcon.colcon_core.verb:set package 'object_detector' build argument 'catkin_cmake_args' from command line to 'None'
[19.705s] Level 5:colcon.colcon_core.verb:set package 'object_detector' build argument 'catkin_skip_building_tests' from command line to 'False'
[19.706s] DEBUG:colcon.colcon_core.verb:Building package 'object_detector' with the following arguments: {'ament_cmake_args': None, 'build_base': '/home/agilex/krish_ws/build/object_detector', 'catkin_cmake_args': None, 'catkin_skip_building_tests': False, 'cmake_args': None, 'cmake_clean_cache': False, 'cmake_clean_first': False, 'cmake_force_configure': False, 'cmake_target': None, 'cmake_target_skip_unavailable': False, 'install_base': '/home/agilex/krish_ws/install/object_detector', 'merge_install': False, 'path': '/home/agilex/krish_ws/src/object_detector', 'symlink_install': False, 'test_result_base': None}
[19.974s] INFO:colcon.colcon_core.executor:Executing jobs using 'parallel' executor
[20.243s] DEBUG:colcon.colcon_parallel_executor.executor.parallel:run_until_complete
[20.244s] INFO:colcon.colcon_ros.task.ament_python.build:Building ROS package in '/home/agilex/krish_ws/src/object_detector' with build type 'ament_python'
[20.244s] Level 1:colcon.colcon_core.shell:create_environment_hook('object_detector', 'ament_prefix_path')
[20.528s] INFO:colcon.colcon_core.plugin_system:Skipping extension 'colcon_core.shell.bat': Not used on non-Windows systems
[20.528s] INFO:colcon.colcon_core.shell:Creating environment hook '/home/agilex/krish_ws/install/object_detector/share/object_detector/hook/ament_prefix_path.ps1'
[20.530s] INFO:colcon.colcon_core.shell:Creating environment descriptor '/home/agilex/krish_ws/install/object_detector/share/object_detector/hook/ament_prefix_path.dsv'
[20.531s] INFO:colcon.colcon_core.shell:Creating environment hook '/home/agilex/krish_ws/install/object_detector/share/object_detector/hook/ament_prefix_path.sh'
[20.816s] INFO:colcon.colcon_core.shell:Skip shell extension 'powershell' for command environment: Not usable outside of PowerShell
[20.817s] DEBUG:colcon.colcon_core.shell:Skip shell extension 'dsv' for command environment
[22.585s] INFO:colcon.colcon_core.task.python.build:Building Python package in '/home/agilex/krish_ws/src/object_detector'
[22.867s] INFO:colcon.colcon_core.shell:Skip shell extension 'powershell' for command environment: Not usable outside of PowerShell
[22.867s] DEBUG:colcon.colcon_core.shell:Skip shell extension 'dsv' for command environment
[25.772s] DEBUG:colcon.colcon_core.event_handler.log_command:Invoking command in '/home/agilex/krish_ws/src/object_detector': PYTHONPATH=/home/agilex/krish_ws/build/object_detector/prefix_override:/home/agilex/krish_ws/install/object_detector/lib/python3.8/site-packages:${PYTHONPATH} /usr/bin/python3 setup.py egg_info --egg-base ../../build/object_detector build --build-base /home/agilex/krish_ws/build/object_detector/build install --record /home/agilex/krish_ws/build/object_detector/install.log --install-scripts $base/lib/object_detector --single-version-externally-managed
[27.191s] DEBUG:colcon.colcon_core.event_handler.log_command:Invoked command in '/home/agilex/krish_ws/src/object_detector' returned '0': PYTHONPATH=/home/agilex/krish_ws/build/object_detector/prefix_override:/home/agilex/krish_ws/install/object_detector/lib/python3.8/site-packages:${PYTHONPATH} /usr/bin/python3 setup.py egg_info --egg-base ../../build/object_detector build --build-base /home/agilex/krish_ws/build/object_detector/build install --record /home/agilex/krish_ws/build/object_detector/install.log --install-scripts $base/lib/object_detector --single-version-externally-managed
[27.497s] Level 1:colcon.colcon_core.environment:checking '/home/agilex/krish_ws/install/object_detector' for CMake module files
[27.498s] Level 1:colcon.colcon_core.environment:checking '/home/agilex/krish_ws/install/object_detector' for CMake config files
[27.500s] Level 1:colcon.colcon_core.environment:checking '/home/agilex/krish_ws/install/object_detector/lib'
[27.500s] Level 1:colcon.colcon_core.environment:checking '/home/agilex/krish_ws/install/object_detector/bin'
[27.500s] Level 1:colcon.colcon_core.environment:checking '/home/agilex/krish_ws/install/object_detector/lib/pkgconfig/object_detector.pc'
[27.501s] Level 1:colcon.colcon_core.environment:checking '/home/agilex/krish_ws/install/object_detector/lib/python3.8/site-packages'
[27.501s] Level 1:colcon.colcon_core.shell:create_environment_hook('object_detector', 'pythonpath')
[27.785s] INFO:colcon.colcon_core.shell:Creating environment hook '/home/agilex/krish_ws/install/object_detector/share/object_detector/hook/pythonpath.ps1'
[27.786s] INFO:colcon.colcon_core.shell:Creating environment descriptor '/home/agilex/krish_ws/install/object_detector/share/object_detector/hook/pythonpath.dsv'
[27.787s] INFO:colcon.colcon_core.shell:Creating environment hook '/home/agilex/krish_ws/install/object_detector/share/object_detector/hook/pythonpath.sh'
[27.788s] Level 1:colcon.colcon_core.environment:checking '/home/agilex/krish_ws/install/object_detector/bin'
[27.788s] Level 1:colcon.colcon_core.environment:create_environment_scripts_only(object_detector)
[28.072s] INFO:colcon.colcon_core.shell:Creating package script '/home/agilex/krish_ws/install/object_detector/share/object_detector/package.ps1'
[28.074s] INFO:colcon.colcon_core.shell:Creating package descriptor '/home/agilex/krish_ws/install/object_detector/share/object_detector/package.dsv'
[28.075s] INFO:colcon.colcon_core.shell:Creating package script '/home/agilex/krish_ws/install/object_detector/share/object_detector/package.sh'
[28.077s] INFO:colcon.colcon_core.shell:Creating package script '/home/agilex/krish_ws/install/object_detector/share/object_detector/package.bash'
[28.079s] INFO:colcon.colcon_core.shell:Creating package script '/home/agilex/krish_ws/install/object_detector/share/object_detector/package.zsh'
[28.080s] Level 1:colcon.colcon_core.environment:create_file_with_runtime_dependencies(/home/agilex/krish_ws/install/object_detector/share/colcon-core/packages/object_detector)
[28.081s] DEBUG:colcon.colcon_parallel_executor.executor.parallel:closing loop
[28.082s] DEBUG:colcon.colcon_parallel_executor.executor.parallel:loop closed
[28.082s] DEBUG:colcon.colcon_parallel_executor.executor.parallel:run_until_complete finished with '0'
[28.083s] DEBUG:colcon.colcon_core.event_reactor:joining thread
[28.377s] INFO:colcon.colcon_core.plugin_system:Skipping extension 'colcon_notification.desktop_notification.terminal_notifier': Not used on non-Darwin systems
[28.378s] INFO:colcon.colcon_core.plugin_system:Skipping extension 'colcon_notification.desktop_notification.win32': Not used on non-Windows systems
[28.378s] INFO:colcon.colcon_notification.desktop_notification:Sending desktop notification using 'notify2'
[28.420s] DEBUG:colcon.colcon_core.event_reactor:joined thread
[28.706s] INFO:colcon.colcon_core.shell:Creating prefix script '/home/agilex/krish_ws/install/local_setup.ps1'
[28.708s] INFO:colcon.colcon_core.shell:Creating prefix util module '/home/agilex/krish_ws/install/_local_setup_util_ps1.py'
[28.711s] INFO:colcon.colcon_core.shell:Creating prefix chain script '/home/agilex/krish_ws/install/setup.ps1'
[29.004s] INFO:colcon.colcon_core.shell:Creating prefix script '/home/agilex/krish_ws/install/local_setup.sh'
[29.005s] INFO:colcon.colcon_core.shell:Creating prefix util module '/home/agilex/krish_ws/install/_local_setup_util_sh.py'
[29.006s] INFO:colcon.colcon_core.shell:Creating prefix chain script '/home/agilex/krish_ws/install/setup.sh'
[29.297s] INFO:colcon.colcon_core.shell:Creating prefix script '/home/agilex/krish_ws/install/local_setup.bash'
[29.299s] INFO:colcon.colcon_core.shell:Creating prefix chain script '/home/agilex/krish_ws/install/setup.bash'
[29.585s] INFO:colcon.colcon_core.shell:Creating prefix script '/home/agilex/krish_ws/install/local_setup.zsh'
[29.586s] INFO:colcon.colcon_core.shell:Creating prefix chain script '/home/agilex/krish_ws/install/setup.zsh'
