[13.134s] Invoking command in '/home/agilex/krish_ws/src/object_detector': PYTHONPATH=/home/agilex/krish_ws/build/object_detector/prefix_override:/home/agilex/krish_ws/install/object_detector/lib/python3.8/site-packages:${PYTHONPATH} /usr/bin/python3 setup.py egg_info --egg-base ../../build/object_detector build --build-base /home/agilex/krish_ws/build/object_detector/build install --record /home/agilex/krish_ws/build/object_detector/install.log --install-scripts $base/lib/object_detector --single-version-externally-managed
[13.627s] /home/agilex/.local/lib/python3.8/site-packages/setuptools/dist.py:476: SetuptoolsDeprecationWarning: Invalid dash-separated options
[13.628s] !!
[13.629s] 
[13.630s]         ********************************************************************************
[13.631s]         Usage of dash-separated 'script-dir' will not be supported in future
[13.633s]         versions. Please use the underscore name 'script_dir' instead.
[13.634s] 
[13.636s]         This deprecation is overdue, please update your project and remove deprecated
[13.637s]         calls to avoid build errors in the future.
[13.638s] 
[13.639s]         See https://setuptools.pypa.io/en/latest/userguide/declarative_config.html for details.
[13.640s]         ********************************************************************************
[13.641s] 
[13.643s] !!
[13.644s]   opt = self.warn_dash_deprecation(opt, section)
[13.923s] running egg_info
[13.985s] writing ../../build/object_detector/object_detector.egg-info/PKG-INFO
[13.987s] writing dependency_links to ../../build/object_detector/object_detector.egg-info/dependency_links.txt
[13.988s] writing entry points to ../../build/object_detector/object_detector.egg-info/entry_points.txt
[13.989s] writing requirements to ../../build/object_detector/object_detector.egg-info/requires.txt
[13.990s] writing top-level names to ../../build/object_detector/object_detector.egg-info/top_level.txt
[14.354s] reading manifest file '../../build/object_detector/object_detector.egg-info/SOURCES.txt'
[14.355s] writing manifest file '../../build/object_detector/object_detector.egg-info/SOURCES.txt'
[14.356s] running build
[14.356s] running build_py
[14.360s] copying object_detector/__init__.py -> /home/agilex/krish_ws/build/object_detector/build/lib/object_detector
[14.361s] /home/agilex/.local/lib/python3.8/site-packages/setuptools/_distutils/cmd.py:66: SetuptoolsDeprecationWarning: setup.py install is deprecated.
[14.361s] !!
[14.361s] 
[14.361s]         ********************************************************************************
[14.362s]         Please avoid running ``setup.py`` directly.
[14.362s]         Instead, use pypa/build, pypa/installer or other
[14.362s]         standards-based tools.
[14.362s] 
[14.362s]         See https://blog.ganssle.io/articles/2021/10/setup-py-deprecated.html for details.
[14.362s]         ********************************************************************************
[14.362s] 
[14.362s] !!
[14.363s]   self.initialize_options()
[14.363s] copying object_detector/object_detector.py -> /home/agilex/krish_ws/build/object_detector/build/lib/object_detector
[14.363s] copying object_detector/test.py -> /home/agilex/krish_ws/build/object_detector/build/lib/object_detector
[14.363s] running install
[14.375s] running install_lib
[14.424s] running install_data
[14.475s] copying resource/object_detector -> /home/agilex/krish_ws/install/object_detector/share/ament_index/resource_index/packages
[14.477s] copying package.xml -> /home/agilex/krish_ws/install/object_detector/share/object_detector
[14.477s] running install_egg_info
[14.535s] removing '/home/agilex/krish_ws/install/object_detector/lib/python3.8/site-packages/object_detector-0.0.0-py3.8.egg-info' (and everything under it)
[14.535s] Copying ../../build/object_detector/object_detector.egg-info to /home/agilex/krish_ws/install/object_detector/lib/python3.8/site-packages/object_detector-0.0.0-py3.8.egg-info
[14.535s] running install_scripts
[14.651s] Installing test script to /home/agilex/krish_ws/install/object_detector/lib/object_detector
[14.652s] Installing yolo_detector script to /home/agilex/krish_ws/install/object_detector/lib/object_detector
[14.653s] writing list of installed files to '/home/agilex/krish_ws/build/object_detector/install.log'
[16.859s] Invoked command in '/home/agilex/krish_ws/src/object_detector' returned '0': PYTHONPATH=/home/agilex/krish_ws/build/object_detector/prefix_override:/home/agilex/krish_ws/install/object_detector/lib/python3.8/site-packages:${PYTHONPATH} /usr/bin/python3 setup.py egg_info --egg-base ../../build/object_detector build --build-base /home/agilex/krish_ws/build/object_detector/build install --record /home/agilex/krish_ws/build/object_detector/install.log --install-scripts $base/lib/object_detector --single-version-externally-managed
