[  0%] Built target yolo_msgs__cpp
[ 12%] Built target yolo_msgs__rosidl_generator_c
[ 24%] Built target yolo_msgs__rosidl_typesupport_introspection_cpp
[ 48%] Built target yolo_msgs__rosidl_typesupport_cpp
[ 48%] Built target yolo_msgs__rosidl_typesupport_c
[ 60%] Built target yolo_msgs__rosidl_typesupport_fastrtps_cpp
[ 72%] Built target yolo_msgs__rosidl_typesupport_introspection_c
[ 84%] Built target yolo_msgs__rosidl_typesupport_fastrtps_c
[ 84%] Built target yolo_msgs
[ 85%] Built target yolo_msgs__py
[ 96%] Built target yolo_msgs__python
[ 99%] Built target yolo_msgs__rosidl_typesupport_fastrtps_c__pyext
[ 99%] Built target yolo_msgs__rosidl_typesupport_c__pyext
[100%] Built target yolo_msgs__rosidl_typesupport_introspection_c__pyext
-- Install configuration: ""
-- Installing: /home/agilex/krish_ws/install/yolo_msgs/share/ament_index/resource_index/rosidl_interfaces/yolo_msgs
-- Installing: /home/agilex/krish_ws/install/yolo_msgs/include/yolo_msgs
-- Installing: /home/agilex/krish_ws/install/yolo_msgs/include/yolo_msgs/msg
-- Installing: /home/agilex/krish_ws/install/yolo_msgs/include/yolo_msgs/msg/mask.h
-- Installing: /home/agilex/krish_ws/install/yolo_msgs/include/yolo_msgs/msg/key_point2_d_array.h
-- Installing: /home/agilex/krish_ws/install/yolo_msgs/include/yolo_msgs/msg/key_point2_d.h
-- Installing: /home/agilex/krish_ws/install/yolo_msgs/include/yolo_msgs/msg/detail
-- Installing: /home/agilex/krish_ws/install/yolo_msgs/include/yolo_msgs/msg/detail/bounding_box3_d__type_support.h
-- Installing: /home/agilex/krish_ws/install/yolo_msgs/include/yolo_msgs/msg/detail/point2_d__functions.c
-- Installing: /home/agilex/krish_ws/install/yolo_msgs/include/yolo_msgs/msg/detail/detection_array__functions.h
-- Installing: /home/agilex/krish_ws/install/yolo_msgs/include/yolo_msgs/msg/detail/point2_d__functions.h
-- Installing: /home/agilex/krish_ws/install/yolo_msgs/include/yolo_msgs/msg/detail/key_point2_d__functions.c
-- Installing: /home/agilex/krish_ws/install/yolo_msgs/include/yolo_msgs/msg/detail/bounding_box3_d__functions.c
-- Installing: /home/agilex/krish_ws/install/yolo_msgs/include/yolo_msgs/msg/detail/key_point3_d_array__type_support.h
-- Installing: /home/agilex/krish_ws/install/yolo_msgs/include/yolo_msgs/msg/detail/key_point2_d__struct.h
-- Installing: /home/agilex/krish_ws/install/yolo_msgs/include/yolo_msgs/msg/detail/mask__functions.h
-- Installing: /home/agilex/krish_ws/install/yolo_msgs/include/yolo_msgs/msg/detail/vector2__type_support.h
-- Installing: /home/agilex/krish_ws/install/yolo_msgs/include/yolo_msgs/msg/detail/detection__functions.h
-- Installing: /home/agilex/krish_ws/install/yolo_msgs/include/yolo_msgs/msg/detail/key_point3_d_array__struct.h
-- Installing: /home/agilex/krish_ws/install/yolo_msgs/include/yolo_msgs/msg/detail/mask__type_support.h
-- Installing: /home/agilex/krish_ws/install/yolo_msgs/include/yolo_msgs/msg/detail/bounding_box3_d__struct.h
-- Installing: /home/agilex/krish_ws/install/yolo_msgs/include/yolo_msgs/msg/detail/detection__struct.h
-- Installing: /home/agilex/krish_ws/install/yolo_msgs/include/yolo_msgs/msg/detail/key_point3_d__struct.h
-- Installing: /home/agilex/krish_ws/install/yolo_msgs/include/yolo_msgs/msg/detail/bounding_box2_d__functions.h
-- Installing: /home/agilex/krish_ws/install/yolo_msgs/include/yolo_msgs/msg/detail/point2_d__struct.h
-- Installing: /home/agilex/krish_ws/install/yolo_msgs/include/yolo_msgs/msg/detail/key_point2_d__type_support.h
-- Installing: /home/agilex/krish_ws/install/yolo_msgs/include/yolo_msgs/msg/detail/detection_array__type_support.h
-- Installing: /home/agilex/krish_ws/install/yolo_msgs/include/yolo_msgs/msg/detail/mask__functions.c
-- Installing: /home/agilex/krish_ws/install/yolo_msgs/include/yolo_msgs/msg/detail/key_point3_d__functions.c
-- Installing: /home/agilex/krish_ws/install/yolo_msgs/include/yolo_msgs/msg/detail/bounding_box2_d__struct.h
-- Installing: /home/agilex/krish_ws/install/yolo_msgs/include/yolo_msgs/msg/detail/vector2__functions.h
-- Installing: /home/agilex/krish_ws/install/yolo_msgs/include/yolo_msgs/msg/detail/key_point3_d_array__functions.c
-- Installing: /home/agilex/krish_ws/install/yolo_msgs/include/yolo_msgs/msg/detail/pose2_d__functions.c
-- Installing: /home/agilex/krish_ws/install/yolo_msgs/include/yolo_msgs/msg/detail/key_point2_d_array__type_support.h
-- Installing: /home/agilex/krish_ws/install/yolo_msgs/include/yolo_msgs/msg/detail/key_point2_d_array__functions.c
-- Installing: /home/agilex/krish_ws/install/yolo_msgs/include/yolo_msgs/msg/detail/detection__functions.c
-- Installing: /home/agilex/krish_ws/install/yolo_msgs/include/yolo_msgs/msg/detail/detection_array__struct.h
-- Installing: /home/agilex/krish_ws/install/yolo_msgs/include/yolo_msgs/msg/detail/bounding_box2_d__type_support.h
-- Installing: /home/agilex/krish_ws/install/yolo_msgs/include/yolo_msgs/msg/detail/pose2_d__type_support.h
-- Installing: /home/agilex/krish_ws/install/yolo_msgs/include/yolo_msgs/msg/detail/detection__type_support.h
-- Installing: /home/agilex/krish_ws/install/yolo_msgs/include/yolo_msgs/msg/detail/bounding_box2_d__functions.c
-- Installing: /home/agilex/krish_ws/install/yolo_msgs/include/yolo_msgs/msg/detail/vector2__struct.h
-- Installing: /home/agilex/krish_ws/install/yolo_msgs/include/yolo_msgs/msg/detail/key_point2_d__functions.h
-- Installing: /home/agilex/krish_ws/install/yolo_msgs/include/yolo_msgs/msg/detail/point2_d__type_support.h
-- Installing: /home/agilex/krish_ws/install/yolo_msgs/include/yolo_msgs/msg/detail/key_point3_d__functions.h
-- Installing: /home/agilex/krish_ws/install/yolo_msgs/include/yolo_msgs/msg/detail/key_point3_d_array__functions.h
-- Installing: /home/agilex/krish_ws/install/yolo_msgs/include/yolo_msgs/msg/detail/mask__struct.h
-- Installing: /home/agilex/krish_ws/install/yolo_msgs/include/yolo_msgs/msg/detail/pose2_d__functions.h
-- Installing: /home/agilex/krish_ws/install/yolo_msgs/include/yolo_msgs/msg/detail/vector2__functions.c
-- Installing: /home/agilex/krish_ws/install/yolo_msgs/include/yolo_msgs/msg/detail/detection_array__functions.c
-- Installing: /home/agilex/krish_ws/install/yolo_msgs/include/yolo_msgs/msg/detail/bounding_box3_d__functions.h
-- Installing: /home/agilex/krish_ws/install/yolo_msgs/include/yolo_msgs/msg/detail/key_point2_d_array__struct.h
-- Installing: /home/agilex/krish_ws/install/yolo_msgs/include/yolo_msgs/msg/detail/key_point3_d__type_support.h
-- Installing: /home/agilex/krish_ws/install/yolo_msgs/include/yolo_msgs/msg/detail/pose2_d__struct.h
-- Installing: /home/agilex/krish_ws/install/yolo_msgs/include/yolo_msgs/msg/detail/key_point2_d_array__functions.h
-- Installing: /home/agilex/krish_ws/install/yolo_msgs/include/yolo_msgs/msg/point2_d.h
-- Installing: /home/agilex/krish_ws/install/yolo_msgs/include/yolo_msgs/msg/bounding_box3_d.h
-- Installing: /home/agilex/krish_ws/install/yolo_msgs/include/yolo_msgs/msg/detection_array.h
-- Installing: /home/agilex/krish_ws/install/yolo_msgs/include/yolo_msgs/msg/detection.h
-- Installing: /home/agilex/krish_ws/install/yolo_msgs/include/yolo_msgs/msg/vector2.h
-- Installing: /home/agilex/krish_ws/install/yolo_msgs/include/yolo_msgs/msg/rosidl_generator_c__visibility_control.h
-- Installing: /home/agilex/krish_ws/install/yolo_msgs/include/yolo_msgs/msg/bounding_box2_d.h
-- Installing: /home/agilex/krish_ws/install/yolo_msgs/include/yolo_msgs/msg/key_point3_d_array.h
-- Installing: /home/agilex/krish_ws/install/yolo_msgs/include/yolo_msgs/msg/pose2_d.h
-- Installing: /home/agilex/krish_ws/install/yolo_msgs/include/yolo_msgs/msg/key_point3_d.h
-- Installing: /home/agilex/krish_ws/install/yolo_msgs/include/yolo_msgs/srv
-- Installing: /home/agilex/krish_ws/install/yolo_msgs/include/yolo_msgs/srv/set_classes.h
-- Installing: /home/agilex/krish_ws/install/yolo_msgs/include/yolo_msgs/srv/detail
-- Installing: /home/agilex/krish_ws/install/yolo_msgs/include/yolo_msgs/srv/detail/set_classes__functions.c
-- Installing: /home/agilex/krish_ws/install/yolo_msgs/include/yolo_msgs/srv/detail/set_classes__type_support.h
-- Installing: /home/agilex/krish_ws/install/yolo_msgs/include/yolo_msgs/srv/detail/set_classes__functions.h
-- Installing: /home/agilex/krish_ws/install/yolo_msgs/include/yolo_msgs/srv/detail/set_classes__struct.h
-- Installing: /home/agilex/krish_ws/install/yolo_msgs/share/yolo_msgs/environment/library_path.sh
-- Installing: /home/agilex/krish_ws/install/yolo_msgs/share/yolo_msgs/environment/library_path.dsv
-- Installing: /home/agilex/krish_ws/install/yolo_msgs/lib/libyolo_msgs__rosidl_generator_c.so
-- Set runtime path of "/home/agilex/krish_ws/install/yolo_msgs/lib/libyolo_msgs__rosidl_generator_c.so" to ""
-- Up-to-date: /home/agilex/krish_ws/install/yolo_msgs/include/yolo_msgs
-- Up-to-date: /home/agilex/krish_ws/install/yolo_msgs/include/yolo_msgs/msg
-- Up-to-date: /home/agilex/krish_ws/install/yolo_msgs/include/yolo_msgs/msg/detail
-- Installing: /home/agilex/krish_ws/install/yolo_msgs/include/yolo_msgs/msg/detail/key_point2_d_array__rosidl_typesupport_fastrtps_c.h
-- Installing: /home/agilex/krish_ws/install/yolo_msgs/include/yolo_msgs/msg/detail/bounding_box2_d__rosidl_typesupport_fastrtps_c.h
-- Installing: /home/agilex/krish_ws/install/yolo_msgs/include/yolo_msgs/msg/detail/key_point2_d__rosidl_typesupport_fastrtps_c.h
-- Installing: /home/agilex/krish_ws/install/yolo_msgs/include/yolo_msgs/msg/detail/bounding_box3_d__rosidl_typesupport_fastrtps_c.h
-- Installing: /home/agilex/krish_ws/install/yolo_msgs/include/yolo_msgs/msg/detail/vector2__rosidl_typesupport_fastrtps_c.h
-- Installing: /home/agilex/krish_ws/install/yolo_msgs/include/yolo_msgs/msg/detail/detection_array__rosidl_typesupport_fastrtps_c.h
-- Installing: /home/agilex/krish_ws/install/yolo_msgs/include/yolo_msgs/msg/detail/pose2_d__rosidl_typesupport_fastrtps_c.h
-- Installing: /home/agilex/krish_ws/install/yolo_msgs/include/yolo_msgs/msg/detail/mask__rosidl_typesupport_fastrtps_c.h
-- Installing: /home/agilex/krish_ws/install/yolo_msgs/include/yolo_msgs/msg/detail/key_point3_d_array__rosidl_typesupport_fastrtps_c.h
-- Installing: /home/agilex/krish_ws/install/yolo_msgs/include/yolo_msgs/msg/detail/point2_d__rosidl_typesupport_fastrtps_c.h
-- Installing: /home/agilex/krish_ws/install/yolo_msgs/include/yolo_msgs/msg/detail/key_point3_d__rosidl_typesupport_fastrtps_c.h
-- Installing: /home/agilex/krish_ws/install/yolo_msgs/include/yolo_msgs/msg/detail/detection__rosidl_typesupport_fastrtps_c.h
-- Installing: /home/agilex/krish_ws/install/yolo_msgs/include/yolo_msgs/msg/rosidl_typesupport_fastrtps_c__visibility_control.h
-- Up-to-date: /home/agilex/krish_ws/install/yolo_msgs/include/yolo_msgs/srv
-- Up-to-date: /home/agilex/krish_ws/install/yolo_msgs/include/yolo_msgs/srv/detail
-- Installing: /home/agilex/krish_ws/install/yolo_msgs/include/yolo_msgs/srv/detail/set_classes__rosidl_typesupport_fastrtps_c.h
-- Installing: /home/agilex/krish_ws/install/yolo_msgs/lib/libyolo_msgs__rosidl_typesupport_fastrtps_c.so
-- Set runtime path of "/home/agilex/krish_ws/install/yolo_msgs/lib/libyolo_msgs__rosidl_typesupport_fastrtps_c.so" to ""
-- Up-to-date: /home/agilex/krish_ws/install/yolo_msgs/include/yolo_msgs
-- Up-to-date: /home/agilex/krish_ws/install/yolo_msgs/include/yolo_msgs/msg
-- Up-to-date: /home/agilex/krish_ws/install/yolo_msgs/include/yolo_msgs/msg/detail
-- Installing: /home/agilex/krish_ws/install/yolo_msgs/include/yolo_msgs/msg/detail/vector2__rosidl_typesupport_fastrtps_cpp.hpp
-- Installing: /home/agilex/krish_ws/install/yolo_msgs/include/yolo_msgs/msg/detail/mask__rosidl_typesupport_fastrtps_cpp.hpp
-- Installing: /home/agilex/krish_ws/install/yolo_msgs/include/yolo_msgs/msg/detail/pose2_d__rosidl_typesupport_fastrtps_cpp.hpp
-- Installing: /home/agilex/krish_ws/install/yolo_msgs/include/yolo_msgs/msg/detail/detection_array__rosidl_typesupport_fastrtps_cpp.hpp
-- Installing: /home/agilex/krish_ws/install/yolo_msgs/include/yolo_msgs/msg/detail/dds_fastrtps
-- Installing: /home/agilex/krish_ws/install/yolo_msgs/include/yolo_msgs/msg/detail/key_point2_d__rosidl_typesupport_fastrtps_cpp.hpp
-- Installing: /home/agilex/krish_ws/install/yolo_msgs/include/yolo_msgs/msg/detail/key_point2_d_array__rosidl_typesupport_fastrtps_cpp.hpp
-- Installing: /home/agilex/krish_ws/install/yolo_msgs/include/yolo_msgs/msg/detail/key_point3_d__rosidl_typesupport_fastrtps_cpp.hpp
-- Installing: /home/agilex/krish_ws/install/yolo_msgs/include/yolo_msgs/msg/detail/key_point3_d_array__rosidl_typesupport_fastrtps_cpp.hpp
-- Installing: /home/agilex/krish_ws/install/yolo_msgs/include/yolo_msgs/msg/detail/bounding_box2_d__rosidl_typesupport_fastrtps_cpp.hpp
-- Installing: /home/agilex/krish_ws/install/yolo_msgs/include/yolo_msgs/msg/detail/point2_d__rosidl_typesupport_fastrtps_cpp.hpp
-- Installing: /home/agilex/krish_ws/install/yolo_msgs/include/yolo_msgs/msg/detail/bounding_box3_d__rosidl_typesupport_fastrtps_cpp.hpp
-- Installing: /home/agilex/krish_ws/install/yolo_msgs/include/yolo_msgs/msg/detail/detection__rosidl_typesupport_fastrtps_cpp.hpp
-- Installing: /home/agilex/krish_ws/install/yolo_msgs/include/yolo_msgs/msg/rosidl_typesupport_fastrtps_cpp__visibility_control.h
-- Up-to-date: /home/agilex/krish_ws/install/yolo_msgs/include/yolo_msgs/srv
-- Up-to-date: /home/agilex/krish_ws/install/yolo_msgs/include/yolo_msgs/srv/detail
-- Installing: /home/agilex/krish_ws/install/yolo_msgs/include/yolo_msgs/srv/detail/set_classes__rosidl_typesupport_fastrtps_cpp.hpp
-- Installing: /home/agilex/krish_ws/install/yolo_msgs/include/yolo_msgs/srv/detail/dds_fastrtps
-- Installing: /home/agilex/krish_ws/install/yolo_msgs/lib/libyolo_msgs__rosidl_typesupport_fastrtps_cpp.so
-- Set runtime path of "/home/agilex/krish_ws/install/yolo_msgs/lib/libyolo_msgs__rosidl_typesupport_fastrtps_cpp.so" to ""
-- Up-to-date: /home/agilex/krish_ws/install/yolo_msgs/include/yolo_msgs
-- Up-to-date: /home/agilex/krish_ws/install/yolo_msgs/include/yolo_msgs/msg
-- Up-to-date: /home/agilex/krish_ws/install/yolo_msgs/include/yolo_msgs/msg/detail
-- Installing: /home/agilex/krish_ws/install/yolo_msgs/include/yolo_msgs/msg/detail/bounding_box3_d__rosidl_typesupport_introspection_c.h
-- Installing: /home/agilex/krish_ws/install/yolo_msgs/include/yolo_msgs/msg/detail/key_point3_d__type_support.c
-- Installing: /home/agilex/krish_ws/install/yolo_msgs/include/yolo_msgs/msg/detail/key_point2_d__rosidl_typesupport_introspection_c.h
-- Installing: /home/agilex/krish_ws/install/yolo_msgs/include/yolo_msgs/msg/detail/point2_d__type_support.c
-- Installing: /home/agilex/krish_ws/install/yolo_msgs/include/yolo_msgs/msg/detail/detection__rosidl_typesupport_introspection_c.h
-- Installing: /home/agilex/krish_ws/install/yolo_msgs/include/yolo_msgs/msg/detail/bounding_box2_d__rosidl_typesupport_introspection_c.h
-- Installing: /home/agilex/krish_ws/install/yolo_msgs/include/yolo_msgs/msg/detail/detection_array__type_support.c
-- Installing: /home/agilex/krish_ws/install/yolo_msgs/include/yolo_msgs/msg/detail/pose2_d__rosidl_typesupport_introspection_c.h
-- Installing: /home/agilex/krish_ws/install/yolo_msgs/include/yolo_msgs/msg/detail/key_point2_d__type_support.c
-- Installing: /home/agilex/krish_ws/install/yolo_msgs/include/yolo_msgs/msg/detail/vector2__type_support.c
-- Installing: /home/agilex/krish_ws/install/yolo_msgs/include/yolo_msgs/msg/detail/point2_d__rosidl_typesupport_introspection_c.h
-- Installing: /home/agilex/krish_ws/install/yolo_msgs/include/yolo_msgs/msg/detail/key_point3_d_array__type_support.c
-- Installing: /home/agilex/krish_ws/install/yolo_msgs/include/yolo_msgs/msg/detail/mask__rosidl_typesupport_introspection_c.h
-- Installing: /home/agilex/krish_ws/install/yolo_msgs/include/yolo_msgs/msg/detail/bounding_box2_d__type_support.c
-- Installing: /home/agilex/krish_ws/install/yolo_msgs/include/yolo_msgs/msg/detail/key_point2_d_array__type_support.c
-- Installing: /home/agilex/krish_ws/install/yolo_msgs/include/yolo_msgs/msg/detail/detection__type_support.c
-- Installing: /home/agilex/krish_ws/install/yolo_msgs/include/yolo_msgs/msg/detail/key_point2_d_array__rosidl_typesupport_introspection_c.h
-- Installing: /home/agilex/krish_ws/install/yolo_msgs/include/yolo_msgs/msg/detail/bounding_box3_d__type_support.c
-- Installing: /home/agilex/krish_ws/install/yolo_msgs/include/yolo_msgs/msg/detail/pose2_d__type_support.c
-- Installing: /home/agilex/krish_ws/install/yolo_msgs/include/yolo_msgs/msg/detail/key_point3_d_array__rosidl_typesupport_introspection_c.h
-- Installing: /home/agilex/krish_ws/install/yolo_msgs/include/yolo_msgs/msg/detail/vector2__rosidl_typesupport_introspection_c.h
-- Installing: /home/agilex/krish_ws/install/yolo_msgs/include/yolo_msgs/msg/detail/key_point3_d__rosidl_typesupport_introspection_c.h
-- Installing: /home/agilex/krish_ws/install/yolo_msgs/include/yolo_msgs/msg/detail/mask__type_support.c
-- Installing: /home/agilex/krish_ws/install/yolo_msgs/include/yolo_msgs/msg/detail/detection_array__rosidl_typesupport_introspection_c.h
-- Installing: /home/agilex/krish_ws/install/yolo_msgs/include/yolo_msgs/msg/rosidl_typesupport_introspection_c__visibility_control.h
-- Up-to-date: /home/agilex/krish_ws/install/yolo_msgs/include/yolo_msgs/srv
-- Up-to-date: /home/agilex/krish_ws/install/yolo_msgs/include/yolo_msgs/srv/detail
-- Installing: /home/agilex/krish_ws/install/yolo_msgs/include/yolo_msgs/srv/detail/set_classes__type_support.c
-- Installing: /home/agilex/krish_ws/install/yolo_msgs/include/yolo_msgs/srv/detail/set_classes__rosidl_typesupport_introspection_c.h
-- Installing: /home/agilex/krish_ws/install/yolo_msgs/lib/libyolo_msgs__rosidl_typesupport_introspection_c.so
-- Set runtime path of "/home/agilex/krish_ws/install/yolo_msgs/lib/libyolo_msgs__rosidl_typesupport_introspection_c.so" to ""
-- Installing: /home/agilex/krish_ws/install/yolo_msgs/lib/libyolo_msgs__rosidl_typesupport_c.so
-- Set runtime path of "/home/agilex/krish_ws/install/yolo_msgs/lib/libyolo_msgs__rosidl_typesupport_c.so" to ""
-- Up-to-date: /home/agilex/krish_ws/install/yolo_msgs/include/yolo_msgs
-- Up-to-date: /home/agilex/krish_ws/install/yolo_msgs/include/yolo_msgs/msg
-- Installing: /home/agilex/krish_ws/install/yolo_msgs/include/yolo_msgs/msg/key_point3_d_array.hpp
-- Installing: /home/agilex/krish_ws/install/yolo_msgs/include/yolo_msgs/msg/bounding_box2_d.hpp
-- Up-to-date: /home/agilex/krish_ws/install/yolo_msgs/include/yolo_msgs/msg/detail
-- Installing: /home/agilex/krish_ws/install/yolo_msgs/include/yolo_msgs/msg/detail/point2_d__builder.hpp
-- Installing: /home/agilex/krish_ws/install/yolo_msgs/include/yolo_msgs/msg/detail/point2_d__type_support.hpp
-- Installing: /home/agilex/krish_ws/install/yolo_msgs/include/yolo_msgs/msg/detail/pose2_d__struct.hpp
-- Installing: /home/agilex/krish_ws/install/yolo_msgs/include/yolo_msgs/msg/detail/detection_array__builder.hpp
-- Installing: /home/agilex/krish_ws/install/yolo_msgs/include/yolo_msgs/msg/detail/bounding_box2_d__type_support.hpp
-- Installing: /home/agilex/krish_ws/install/yolo_msgs/include/yolo_msgs/msg/detail/pose2_d__traits.hpp
-- Installing: /home/agilex/krish_ws/install/yolo_msgs/include/yolo_msgs/msg/detail/key_point2_d_array__traits.hpp
-- Installing: /home/agilex/krish_ws/install/yolo_msgs/include/yolo_msgs/msg/detail/key_point2_d_array__builder.hpp
-- Installing: /home/agilex/krish_ws/install/yolo_msgs/include/yolo_msgs/msg/detail/key_point2_d__builder.hpp
-- Installing: /home/agilex/krish_ws/install/yolo_msgs/include/yolo_msgs/msg/detail/key_point3_d__struct.hpp
-- Installing: /home/agilex/krish_ws/install/yolo_msgs/include/yolo_msgs/msg/detail/bounding_box2_d__traits.hpp
-- Installing: /home/agilex/krish_ws/install/yolo_msgs/include/yolo_msgs/msg/detail/detection_array__struct.hpp
-- Installing: /home/agilex/krish_ws/install/yolo_msgs/include/yolo_msgs/msg/detail/key_point3_d_array__type_support.hpp
-- Installing: /home/agilex/krish_ws/install/yolo_msgs/include/yolo_msgs/msg/detail/detection__type_support.hpp
-- Installing: /home/agilex/krish_ws/install/yolo_msgs/include/yolo_msgs/msg/detail/key_point3_d_array__struct.hpp
-- Installing: /home/agilex/krish_ws/install/yolo_msgs/include/yolo_msgs/msg/detail/detection__traits.hpp
-- Installing: /home/agilex/krish_ws/install/yolo_msgs/include/yolo_msgs/msg/detail/detection_array__traits.hpp
-- Installing: /home/agilex/krish_ws/install/yolo_msgs/include/yolo_msgs/msg/detail/key_point2_d_array__struct.hpp
-- Installing: /home/agilex/krish_ws/install/yolo_msgs/include/yolo_msgs/msg/detail/mask__traits.hpp
-- Installing: /home/agilex/krish_ws/install/yolo_msgs/include/yolo_msgs/msg/detail/mask__struct.hpp
-- Installing: /home/agilex/krish_ws/install/yolo_msgs/include/yolo_msgs/msg/detail/key_point3_d_array__traits.hpp
-- Installing: /home/agilex/krish_ws/install/yolo_msgs/include/yolo_msgs/msg/detail/detection__struct.hpp
-- Installing: /home/agilex/krish_ws/install/yolo_msgs/include/yolo_msgs/msg/detail/key_point2_d_array__type_support.hpp
-- Installing: /home/agilex/krish_ws/install/yolo_msgs/include/yolo_msgs/msg/detail/key_point3_d_array__builder.hpp
-- Installing: /home/agilex/krish_ws/install/yolo_msgs/include/yolo_msgs/msg/detail/key_point2_d__type_support.hpp
-- Installing: /home/agilex/krish_ws/install/yolo_msgs/include/yolo_msgs/msg/detail/vector2__type_support.hpp
-- Installing: /home/agilex/krish_ws/install/yolo_msgs/include/yolo_msgs/msg/detail/vector2__struct.hpp
-- Installing: /home/agilex/krish_ws/install/yolo_msgs/include/yolo_msgs/msg/detail/mask__type_support.hpp
-- Installing: /home/agilex/krish_ws/install/yolo_msgs/include/yolo_msgs/msg/detail/detection_array__type_support.hpp
-- Installing: /home/agilex/krish_ws/install/yolo_msgs/include/yolo_msgs/msg/detail/detection__builder.hpp
-- Installing: /home/agilex/krish_ws/install/yolo_msgs/include/yolo_msgs/msg/detail/vector2__builder.hpp
-- Installing: /home/agilex/krish_ws/install/yolo_msgs/include/yolo_msgs/msg/detail/bounding_box2_d__builder.hpp
-- Installing: /home/agilex/krish_ws/install/yolo_msgs/include/yolo_msgs/msg/detail/key_point3_d__builder.hpp
-- Installing: /home/agilex/krish_ws/install/yolo_msgs/include/yolo_msgs/msg/detail/mask__builder.hpp
-- Installing: /home/agilex/krish_ws/install/yolo_msgs/include/yolo_msgs/msg/detail/key_point3_d__traits.hpp
-- Installing: /home/agilex/krish_ws/install/yolo_msgs/include/yolo_msgs/msg/detail/bounding_box3_d__struct.hpp
-- Installing: /home/agilex/krish_ws/install/yolo_msgs/include/yolo_msgs/msg/detail/key_point3_d__type_support.hpp
-- Installing: /home/agilex/krish_ws/install/yolo_msgs/include/yolo_msgs/msg/detail/bounding_box3_d__traits.hpp
-- Installing: /home/agilex/krish_ws/install/yolo_msgs/include/yolo_msgs/msg/detail/bounding_box3_d__builder.hpp
-- Installing: /home/agilex/krish_ws/install/yolo_msgs/include/yolo_msgs/msg/detail/key_point2_d__struct.hpp
-- Installing: /home/agilex/krish_ws/install/yolo_msgs/include/yolo_msgs/msg/detail/point2_d__struct.hpp
-- Installing: /home/agilex/krish_ws/install/yolo_msgs/include/yolo_msgs/msg/detail/key_point2_d__traits.hpp
-- Installing: /home/agilex/krish_ws/install/yolo_msgs/include/yolo_msgs/msg/detail/bounding_box3_d__type_support.hpp
-- Installing: /home/agilex/krish_ws/install/yolo_msgs/include/yolo_msgs/msg/detail/pose2_d__type_support.hpp
-- Installing: /home/agilex/krish_ws/install/yolo_msgs/include/yolo_msgs/msg/detail/point2_d__traits.hpp
-- Installing: /home/agilex/krish_ws/install/yolo_msgs/include/yolo_msgs/msg/detail/pose2_d__builder.hpp
-- Installing: /home/agilex/krish_ws/install/yolo_msgs/include/yolo_msgs/msg/detail/bounding_box2_d__struct.hpp
-- Installing: /home/agilex/krish_ws/install/yolo_msgs/include/yolo_msgs/msg/detail/vector2__traits.hpp
-- Installing: /home/agilex/krish_ws/install/yolo_msgs/include/yolo_msgs/msg/mask.hpp
-- Installing: /home/agilex/krish_ws/install/yolo_msgs/include/yolo_msgs/msg/pose2_d.hpp
-- Installing: /home/agilex/krish_ws/install/yolo_msgs/include/yolo_msgs/msg/detection.hpp
-- Installing: /home/agilex/krish_ws/install/yolo_msgs/include/yolo_msgs/msg/key_point2_d_array.hpp
-- Installing: /home/agilex/krish_ws/install/yolo_msgs/include/yolo_msgs/msg/bounding_box3_d.hpp
-- Installing: /home/agilex/krish_ws/install/yolo_msgs/include/yolo_msgs/msg/vector2.hpp
-- Installing: /home/agilex/krish_ws/install/yolo_msgs/include/yolo_msgs/msg/key_point2_d.hpp
-- Installing: /home/agilex/krish_ws/install/yolo_msgs/include/yolo_msgs/msg/rosidl_generator_cpp__visibility_control.hpp
-- Installing: /home/agilex/krish_ws/install/yolo_msgs/include/yolo_msgs/msg/detection_array.hpp
-- Installing: /home/agilex/krish_ws/install/yolo_msgs/include/yolo_msgs/msg/point2_d.hpp
-- Installing: /home/agilex/krish_ws/install/yolo_msgs/include/yolo_msgs/msg/key_point3_d.hpp
-- Up-to-date: /home/agilex/krish_ws/install/yolo_msgs/include/yolo_msgs/srv
-- Up-to-date: /home/agilex/krish_ws/install/yolo_msgs/include/yolo_msgs/srv/detail
-- Installing: /home/agilex/krish_ws/install/yolo_msgs/include/yolo_msgs/srv/detail/set_classes__type_support.hpp
-- Installing: /home/agilex/krish_ws/install/yolo_msgs/include/yolo_msgs/srv/detail/set_classes__struct.hpp
-- Installing: /home/agilex/krish_ws/install/yolo_msgs/include/yolo_msgs/srv/detail/set_classes__traits.hpp
-- Installing: /home/agilex/krish_ws/install/yolo_msgs/include/yolo_msgs/srv/detail/set_classes__builder.hpp
-- Installing: /home/agilex/krish_ws/install/yolo_msgs/include/yolo_msgs/srv/set_classes.hpp
-- Up-to-date: /home/agilex/krish_ws/install/yolo_msgs/include/yolo_msgs
-- Up-to-date: /home/agilex/krish_ws/install/yolo_msgs/include/yolo_msgs/msg
-- Up-to-date: /home/agilex/krish_ws/install/yolo_msgs/include/yolo_msgs/msg/detail
-- Installing: /home/agilex/krish_ws/install/yolo_msgs/include/yolo_msgs/msg/detail/key_point3_d_array__rosidl_typesupport_introspection_cpp.hpp
-- Installing: /home/agilex/krish_ws/install/yolo_msgs/include/yolo_msgs/msg/detail/key_point2_d_array__rosidl_typesupport_introspection_cpp.hpp
-- Installing: /home/agilex/krish_ws/install/yolo_msgs/include/yolo_msgs/msg/detail/bounding_box2_d__rosidl_typesupport_introspection_cpp.hpp
-- Installing: /home/agilex/krish_ws/install/yolo_msgs/include/yolo_msgs/msg/detail/mask__rosidl_typesupport_introspection_cpp.hpp
-- Installing: /home/agilex/krish_ws/install/yolo_msgs/include/yolo_msgs/msg/detail/key_point2_d__type_support.cpp
-- Installing: /home/agilex/krish_ws/install/yolo_msgs/include/yolo_msgs/msg/detail/vector2__type_support.cpp
-- Installing: /home/agilex/krish_ws/install/yolo_msgs/include/yolo_msgs/msg/detail/detection_array__type_support.cpp
-- Installing: /home/agilex/krish_ws/install/yolo_msgs/include/yolo_msgs/msg/detail/vector2__rosidl_typesupport_introspection_cpp.hpp
-- Installing: /home/agilex/krish_ws/install/yolo_msgs/include/yolo_msgs/msg/detail/point2_d__type_support.cpp
-- Installing: /home/agilex/krish_ws/install/yolo_msgs/include/yolo_msgs/msg/detail/key_point3_d__rosidl_typesupport_introspection_cpp.hpp
-- Installing: /home/agilex/krish_ws/install/yolo_msgs/include/yolo_msgs/msg/detail/bounding_box2_d__type_support.cpp
-- Installing: /home/agilex/krish_ws/install/yolo_msgs/include/yolo_msgs/msg/detail/key_point3_d_array__type_support.cpp
-- Installing: /home/agilex/krish_ws/install/yolo_msgs/include/yolo_msgs/msg/detail/bounding_box3_d__rosidl_typesupport_introspection_cpp.hpp
-- Installing: /home/agilex/krish_ws/install/yolo_msgs/include/yolo_msgs/msg/detail/pose2_d__type_support.cpp
-- Installing: /home/agilex/krish_ws/install/yolo_msgs/include/yolo_msgs/msg/detail/key_point2_d__rosidl_typesupport_introspection_cpp.hpp
-- Installing: /home/agilex/krish_ws/install/yolo_msgs/include/yolo_msgs/msg/detail/key_point3_d__type_support.cpp
-- Installing: /home/agilex/krish_ws/install/yolo_msgs/include/yolo_msgs/msg/detail/key_point2_d_array__type_support.cpp
-- Installing: /home/agilex/krish_ws/install/yolo_msgs/include/yolo_msgs/msg/detail/pose2_d__rosidl_typesupport_introspection_cpp.hpp
-- Installing: /home/agilex/krish_ws/install/yolo_msgs/include/yolo_msgs/msg/detail/detection__type_support.cpp
-- Installing: /home/agilex/krish_ws/install/yolo_msgs/include/yolo_msgs/msg/detail/bounding_box3_d__type_support.cpp
-- Installing: /home/agilex/krish_ws/install/yolo_msgs/include/yolo_msgs/msg/detail/mask__type_support.cpp
-- Installing: /home/agilex/krish_ws/install/yolo_msgs/include/yolo_msgs/msg/detail/point2_d__rosidl_typesupport_introspection_cpp.hpp
-- Installing: /home/agilex/krish_ws/install/yolo_msgs/include/yolo_msgs/msg/detail/detection__rosidl_typesupport_introspection_cpp.hpp
-- Installing: /home/agilex/krish_ws/install/yolo_msgs/include/yolo_msgs/msg/detail/detection_array__rosidl_typesupport_introspection_cpp.hpp
-- Up-to-date: /home/agilex/krish_ws/install/yolo_msgs/include/yolo_msgs/srv
-- Up-to-date: /home/agilex/krish_ws/install/yolo_msgs/include/yolo_msgs/srv/detail
-- Installing: /home/agilex/krish_ws/install/yolo_msgs/include/yolo_msgs/srv/detail/set_classes__type_support.cpp
-- Installing: /home/agilex/krish_ws/install/yolo_msgs/include/yolo_msgs/srv/detail/set_classes__rosidl_typesupport_introspection_cpp.hpp
-- Installing: /home/agilex/krish_ws/install/yolo_msgs/lib/libyolo_msgs__rosidl_typesupport_introspection_cpp.so
-- Set runtime path of "/home/agilex/krish_ws/install/yolo_msgs/lib/libyolo_msgs__rosidl_typesupport_introspection_cpp.so" to ""
-- Installing: /home/agilex/krish_ws/install/yolo_msgs/lib/libyolo_msgs__rosidl_typesupport_cpp.so
-- Set runtime path of "/home/agilex/krish_ws/install/yolo_msgs/lib/libyolo_msgs__rosidl_typesupport_cpp.so" to ""
-- Installing: /home/agilex/krish_ws/install/yolo_msgs/share/yolo_msgs/environment/pythonpath.sh
-- Installing: /home/agilex/krish_ws/install/yolo_msgs/share/yolo_msgs/environment/pythonpath.dsv
-- Installing: /home/agilex/krish_ws/install/yolo_msgs/lib/python3.8/site-packages/yolo_msgs/__init__.py
Compiling '/home/agilex/krish_ws/install/yolo_msgs/lib/python3.8/site-packages/yolo_msgs/__init__.py'...
-- Installing: /home/agilex/krish_ws/install/yolo_msgs/lib/python3.8/site-packages/yolo_msgs/msg
-- Installing: /home/agilex/krish_ws/install/yolo_msgs/lib/python3.8/site-packages/yolo_msgs/msg/_bounding_box3_d.py
-- Installing: /home/agilex/krish_ws/install/yolo_msgs/lib/python3.8/site-packages/yolo_msgs/msg/_pose2_d_s.c
-- Installing: /home/agilex/krish_ws/install/yolo_msgs/lib/python3.8/site-packages/yolo_msgs/msg/_key_point3_d_array.py
-- Installing: /home/agilex/krish_ws/install/yolo_msgs/lib/python3.8/site-packages/yolo_msgs/msg/_bounding_box3_d_s.c
-- Installing: /home/agilex/krish_ws/install/yolo_msgs/lib/python3.8/site-packages/yolo_msgs/msg/_key_point3_d.py
-- Installing: /home/agilex/krish_ws/install/yolo_msgs/lib/python3.8/site-packages/yolo_msgs/msg/_key_point2_d_array.py
-- Installing: /home/agilex/krish_ws/install/yolo_msgs/lib/python3.8/site-packages/yolo_msgs/msg/__init__.py
-- Installing: /home/agilex/krish_ws/install/yolo_msgs/lib/python3.8/site-packages/yolo_msgs/msg/_vector2_s.c
-- Installing: /home/agilex/krish_ws/install/yolo_msgs/lib/python3.8/site-packages/yolo_msgs/msg/_point2_d_s.c
-- Installing: /home/agilex/krish_ws/install/yolo_msgs/lib/python3.8/site-packages/yolo_msgs/msg/_key_point3_d_array_s.c
-- Installing: /home/agilex/krish_ws/install/yolo_msgs/lib/python3.8/site-packages/yolo_msgs/msg/_detection.py
-- Installing: /home/agilex/krish_ws/install/yolo_msgs/lib/python3.8/site-packages/yolo_msgs/msg/_mask_s.c
-- Installing: /home/agilex/krish_ws/install/yolo_msgs/lib/python3.8/site-packages/yolo_msgs/msg/_key_point2_d_s.c
-- Installing: /home/agilex/krish_ws/install/yolo_msgs/lib/python3.8/site-packages/yolo_msgs/msg/_point2_d.py
-- Installing: /home/agilex/krish_ws/install/yolo_msgs/lib/python3.8/site-packages/yolo_msgs/msg/_bounding_box2_d.py
-- Installing: /home/agilex/krish_ws/install/yolo_msgs/lib/python3.8/site-packages/yolo_msgs/msg/_bounding_box2_d_s.c
-- Installing: /home/agilex/krish_ws/install/yolo_msgs/lib/python3.8/site-packages/yolo_msgs/msg/_detection_array.py
-- Installing: /home/agilex/krish_ws/install/yolo_msgs/lib/python3.8/site-packages/yolo_msgs/msg/_detection_array_s.c
-- Installing: /home/agilex/krish_ws/install/yolo_msgs/lib/python3.8/site-packages/yolo_msgs/msg/_vector2.py
-- Installing: /home/agilex/krish_ws/install/yolo_msgs/lib/python3.8/site-packages/yolo_msgs/msg/_key_point2_d.py
-- Installing: /home/agilex/krish_ws/install/yolo_msgs/lib/python3.8/site-packages/yolo_msgs/msg/_key_point2_d_array_s.c
-- Installing: /home/agilex/krish_ws/install/yolo_msgs/lib/python3.8/site-packages/yolo_msgs/msg/_detection_s.c
-- Installing: /home/agilex/krish_ws/install/yolo_msgs/lib/python3.8/site-packages/yolo_msgs/msg/_pose2_d.py
-- Installing: /home/agilex/krish_ws/install/yolo_msgs/lib/python3.8/site-packages/yolo_msgs/msg/_mask.py
-- Installing: /home/agilex/krish_ws/install/yolo_msgs/lib/python3.8/site-packages/yolo_msgs/msg/_key_point3_d_s.c
-- Installing: /home/agilex/krish_ws/install/yolo_msgs/lib/python3.8/site-packages/yolo_msgs/srv
-- Installing: /home/agilex/krish_ws/install/yolo_msgs/lib/python3.8/site-packages/yolo_msgs/srv/__init__.py
-- Installing: /home/agilex/krish_ws/install/yolo_msgs/lib/python3.8/site-packages/yolo_msgs/srv/_set_classes_s.c
-- Installing: /home/agilex/krish_ws/install/yolo_msgs/lib/python3.8/site-packages/yolo_msgs/srv/_set_classes.py
-- Installing: /home/agilex/krish_ws/install/yolo_msgs/lib/python3.8/site-packages/yolo_msgs/yolo_msgs_s__rosidl_typesupport_fastrtps_c.cpython-38-aarch64-linux-gnu.so
-- Set runtime path of "/home/agilex/krish_ws/install/yolo_msgs/lib/python3.8/site-packages/yolo_msgs/yolo_msgs_s__rosidl_typesupport_fastrtps_c.cpython-38-aarch64-linux-gnu.so" to ""
-- Installing: /home/agilex/krish_ws/install/yolo_msgs/lib/python3.8/site-packages/yolo_msgs/yolo_msgs_s__rosidl_typesupport_introspection_c.cpython-38-aarch64-linux-gnu.so
-- Set runtime path of "/home/agilex/krish_ws/install/yolo_msgs/lib/python3.8/site-packages/yolo_msgs/yolo_msgs_s__rosidl_typesupport_introspection_c.cpython-38-aarch64-linux-gnu.so" to ""
-- Installing: /home/agilex/krish_ws/install/yolo_msgs/lib/python3.8/site-packages/yolo_msgs/yolo_msgs_s__rosidl_typesupport_c.cpython-38-aarch64-linux-gnu.so
-- Set runtime path of "/home/agilex/krish_ws/install/yolo_msgs/lib/python3.8/site-packages/yolo_msgs/yolo_msgs_s__rosidl_typesupport_c.cpython-38-aarch64-linux-gnu.so" to ""
-- Installing: /home/agilex/krish_ws/install/yolo_msgs/lib/libyolo_msgs__python.so
-- Set runtime path of "/home/agilex/krish_ws/install/yolo_msgs/lib/libyolo_msgs__python.so" to ""
-- Installing: /home/agilex/krish_ws/install/yolo_msgs/share/yolo_msgs/msg/Point2D.idl
-- Installing: /home/agilex/krish_ws/install/yolo_msgs/share/yolo_msgs/msg/Vector2.idl
-- Installing: /home/agilex/krish_ws/install/yolo_msgs/share/yolo_msgs/msg/Pose2D.idl
-- Installing: /home/agilex/krish_ws/install/yolo_msgs/share/yolo_msgs/msg/BoundingBox2D.idl
-- Installing: /home/agilex/krish_ws/install/yolo_msgs/share/yolo_msgs/msg/BoundingBox3D.idl
-- Installing: /home/agilex/krish_ws/install/yolo_msgs/share/yolo_msgs/msg/Mask.idl
-- Installing: /home/agilex/krish_ws/install/yolo_msgs/share/yolo_msgs/msg/KeyPoint2D.idl
-- Installing: /home/agilex/krish_ws/install/yolo_msgs/share/yolo_msgs/msg/KeyPoint2DArray.idl
-- Installing: /home/agilex/krish_ws/install/yolo_msgs/share/yolo_msgs/msg/KeyPoint3D.idl
-- Installing: /home/agilex/krish_ws/install/yolo_msgs/share/yolo_msgs/msg/KeyPoint3DArray.idl
-- Installing: /home/agilex/krish_ws/install/yolo_msgs/share/yolo_msgs/msg/Detection.idl
-- Installing: /home/agilex/krish_ws/install/yolo_msgs/share/yolo_msgs/msg/DetectionArray.idl
-- Installing: /home/agilex/krish_ws/install/yolo_msgs/share/yolo_msgs/srv/SetClasses.idl
-- Installing: /home/agilex/krish_ws/install/yolo_msgs/share/yolo_msgs/msg/Point2D.msg
-- Installing: /home/agilex/krish_ws/install/yolo_msgs/share/yolo_msgs/msg/Vector2.msg
-- Installing: /home/agilex/krish_ws/install/yolo_msgs/share/yolo_msgs/msg/Pose2D.msg
-- Installing: /home/agilex/krish_ws/install/yolo_msgs/share/yolo_msgs/msg/BoundingBox2D.msg
-- Installing: /home/agilex/krish_ws/install/yolo_msgs/share/yolo_msgs/msg/BoundingBox3D.msg
-- Installing: /home/agilex/krish_ws/install/yolo_msgs/share/yolo_msgs/msg/Mask.msg
-- Installing: /home/agilex/krish_ws/install/yolo_msgs/share/yolo_msgs/msg/KeyPoint2D.msg
-- Installing: /home/agilex/krish_ws/install/yolo_msgs/share/yolo_msgs/msg/KeyPoint2DArray.msg
-- Installing: /home/agilex/krish_ws/install/yolo_msgs/share/yolo_msgs/msg/KeyPoint3D.msg
-- Installing: /home/agilex/krish_ws/install/yolo_msgs/share/yolo_msgs/msg/KeyPoint3DArray.msg
-- Installing: /home/agilex/krish_ws/install/yolo_msgs/share/yolo_msgs/msg/Detection.msg
-- Installing: /home/agilex/krish_ws/install/yolo_msgs/share/yolo_msgs/msg/DetectionArray.msg
-- Installing: /home/agilex/krish_ws/install/yolo_msgs/share/yolo_msgs/srv/SetClasses.srv
-- Installing: /home/agilex/krish_ws/install/yolo_msgs/share/yolo_msgs/srv/SetClasses_Request.msg
-- Installing: /home/agilex/krish_ws/install/yolo_msgs/share/yolo_msgs/srv/SetClasses_Response.msg
-- Installing: /home/agilex/krish_ws/install/yolo_msgs/share/ament_index/resource_index/package_run_dependencies/yolo_msgs
-- Installing: /home/agilex/krish_ws/install/yolo_msgs/share/ament_index/resource_index/parent_prefix_path/yolo_msgs
-- Installing: /home/agilex/krish_ws/install/yolo_msgs/share/yolo_msgs/environment/ament_prefix_path.sh
-- Installing: /home/agilex/krish_ws/install/yolo_msgs/share/yolo_msgs/environment/ament_prefix_path.dsv
-- Installing: /home/agilex/krish_ws/install/yolo_msgs/share/yolo_msgs/environment/path.sh
-- Installing: /home/agilex/krish_ws/install/yolo_msgs/share/yolo_msgs/environment/path.dsv
-- Installing: /home/agilex/krish_ws/install/yolo_msgs/share/yolo_msgs/local_setup.bash
-- Installing: /home/agilex/krish_ws/install/yolo_msgs/share/yolo_msgs/local_setup.sh
-- Installing: /home/agilex/krish_ws/install/yolo_msgs/share/yolo_msgs/local_setup.zsh
-- Installing: /home/agilex/krish_ws/install/yolo_msgs/share/yolo_msgs/local_setup.dsv
-- Installing: /home/agilex/krish_ws/install/yolo_msgs/share/yolo_msgs/package.dsv
-- Installing: /home/agilex/krish_ws/install/yolo_msgs/share/ament_index/resource_index/packages/yolo_msgs
-- Installing: /home/agilex/krish_ws/install/yolo_msgs/share/yolo_msgs/cmake/yolo_msgs__rosidl_generator_cExport.cmake
-- Installing: /home/agilex/krish_ws/install/yolo_msgs/share/yolo_msgs/cmake/yolo_msgs__rosidl_generator_cExport-noconfig.cmake
-- Installing: /home/agilex/krish_ws/install/yolo_msgs/share/yolo_msgs/cmake/yolo_msgs__rosidl_typesupport_introspection_cExport.cmake
-- Installing: /home/agilex/krish_ws/install/yolo_msgs/share/yolo_msgs/cmake/yolo_msgs__rosidl_typesupport_introspection_cExport-noconfig.cmake
-- Installing: /home/agilex/krish_ws/install/yolo_msgs/share/yolo_msgs/cmake/yolo_msgs__rosidl_typesupport_cExport.cmake
-- Installing: /home/agilex/krish_ws/install/yolo_msgs/share/yolo_msgs/cmake/yolo_msgs__rosidl_typesupport_cExport-noconfig.cmake
-- Installing: /home/agilex/krish_ws/install/yolo_msgs/share/yolo_msgs/cmake/yolo_msgs__rosidl_generator_cppExport.cmake
-- Installing: /home/agilex/krish_ws/install/yolo_msgs/share/yolo_msgs/cmake/yolo_msgs__rosidl_typesupport_introspection_cppExport.cmake
-- Installing: /home/agilex/krish_ws/install/yolo_msgs/share/yolo_msgs/cmake/yolo_msgs__rosidl_typesupport_introspection_cppExport-noconfig.cmake
-- Installing: /home/agilex/krish_ws/install/yolo_msgs/share/yolo_msgs/cmake/yolo_msgs__rosidl_typesupport_cppExport.cmake
-- Installing: /home/agilex/krish_ws/install/yolo_msgs/share/yolo_msgs/cmake/yolo_msgs__rosidl_typesupport_cppExport-noconfig.cmake
-- Installing: /home/agilex/krish_ws/install/yolo_msgs/share/yolo_msgs/cmake/rosidl_cmake-extras.cmake
-- Installing: /home/agilex/krish_ws/install/yolo_msgs/share/yolo_msgs/cmake/ament_cmake_export_dependencies-extras.cmake
-- Installing: /home/agilex/krish_ws/install/yolo_msgs/share/yolo_msgs/cmake/ament_cmake_export_libraries-extras.cmake
-- Installing: /home/agilex/krish_ws/install/yolo_msgs/share/yolo_msgs/cmake/ament_cmake_export_targets-extras.cmake
-- Installing: /home/agilex/krish_ws/install/yolo_msgs/share/yolo_msgs/cmake/ament_cmake_export_include_directories-extras.cmake
-- Installing: /home/agilex/krish_ws/install/yolo_msgs/share/yolo_msgs/cmake/rosidl_cmake_export_typesupport_libraries-extras.cmake
-- Installing: /home/agilex/krish_ws/install/yolo_msgs/share/yolo_msgs/cmake/rosidl_cmake_export_typesupport_targets-extras.cmake
-- Installing: /home/agilex/krish_ws/install/yolo_msgs/share/yolo_msgs/cmake/yolo_msgsConfig.cmake
-- Installing: /home/agilex/krish_ws/install/yolo_msgs/share/yolo_msgs/cmake/yolo_msgsConfig-version.cmake
-- Installing: /home/agilex/krish_ws/install/yolo_msgs/share/yolo_msgs/package.xml
