[2.334s] Invoking command in '/home/agilex/krish_ws/build/yolo_msgs': CMAKE_PREFIX_PATH=${CMAKE_PREFIX_PATH}:/home/agilex/limo_ros2_ws/install/ultraarm:/home/agilex/limo_ros2_ws/install/nav2_gazebo_spawner:/home/agilex/limo_ros2_ws/install/mypalletizer_260_pi:/home/agilex/limo_ros2_ws/install/mypalletizer_260:/home/agilex/limo_ros2_ws/install/mypalletizer_communication:/home/agilex/limo_ros2_ws/install/mycobot_630:/home/agilex/limo_ros2_ws/install/mycobot_600:/home/agilex/limo_ros2_ws/install/mycobot_320pi:/home/agilex/limo_ros2_ws/install/mycobot_320:/home/agilex/limo_ros2_ws/install/mycobot_280pi:/home/agilex/limo_ros2_ws/install/mycobot_280jn:/home/agilex/limo_ros2_ws/install/mycobot_280_x3pi:/home/agilex/limo_ros2_ws/install/mycobot_280:/home/agilex/limo_ros2_ws/install/myarm_m750:/home/agilex/limo_ros2_ws/install/myarm_c650:/home/agilex/limo_ros2_ws/install/myarm_300:/home/agilex/limo_ros2_ws/install/mycobot_communication:/home/agilex/limo_ros2_ws/install/mecharm_pi:/home/agilex/limo_ros2_ws/install/mecharm:/home/agilex/limo_ros2_ws/install/mecharm_communication:/home/agilex/limo_ros2_ws/install/mybuddy:/home/agilex/limo_ros2_ws/install/mycobot_description:/opt/ros/foxy /usr/bin/cmake --build /home/agilex/krish_ws/build/yolo_msgs -- -j6 -l6
[2.521s] [  0%] Built target yolo_msgs__cpp
[2.521s] [ 12%] Built target yolo_msgs__rosidl_generator_c
[2.602s] [ 24%] Built target yolo_msgs__rosidl_typesupport_introspection_cpp
[2.604s] [ 48%] Built target yolo_msgs__rosidl_typesupport_cpp
[2.604s] [ 48%] Built target yolo_msgs__rosidl_typesupport_c
[2.615s] [ 60%] Built target yolo_msgs__rosidl_typesupport_fastrtps_cpp
[2.623s] [ 72%] Built target yolo_msgs__rosidl_typesupport_introspection_c
[2.710s] [ 84%] Built target yolo_msgs__rosidl_typesupport_fastrtps_c
[2.784s] [ 84%] Built target yolo_msgs
[2.855s] [ 85%] Built target yolo_msgs__py
[2.955s] [ 96%] Built target yolo_msgs__python
[3.040s] [ 99%] Built target yolo_msgs__rosidl_typesupport_fastrtps_c__pyext
[3.040s] [ 99%] Built target yolo_msgs__rosidl_typesupport_c__pyext
[3.041s] [100%] Built target yolo_msgs__rosidl_typesupport_introspection_c__pyext
[3.976s] Invoked command in '/home/agilex/krish_ws/build/yolo_msgs' returned '0': CMAKE_PREFIX_PATH=${CMAKE_PREFIX_PATH}:/home/agilex/limo_ros2_ws/install/ultraarm:/home/agilex/limo_ros2_ws/install/nav2_gazebo_spawner:/home/agilex/limo_ros2_ws/install/mypalletizer_260_pi:/home/agilex/limo_ros2_ws/install/mypalletizer_260:/home/agilex/limo_ros2_ws/install/mypalletizer_communication:/home/agilex/limo_ros2_ws/install/mycobot_630:/home/agilex/limo_ros2_ws/install/mycobot_600:/home/agilex/limo_ros2_ws/install/mycobot_320pi:/home/agilex/limo_ros2_ws/install/mycobot_320:/home/agilex/limo_ros2_ws/install/mycobot_280pi:/home/agilex/limo_ros2_ws/install/mycobot_280jn:/home/agilex/limo_ros2_ws/install/mycobot_280_x3pi:/home/agilex/limo_ros2_ws/install/mycobot_280:/home/agilex/limo_ros2_ws/install/myarm_m750:/home/agilex/limo_ros2_ws/install/myarm_c650:/home/agilex/limo_ros2_ws/install/myarm_300:/home/agilex/limo_ros2_ws/install/mycobot_communication:/home/agilex/limo_ros2_ws/install/mecharm_pi:/home/agilex/limo_ros2_ws/install/mecharm:/home/agilex/limo_ros2_ws/install/mecharm_communication:/home/agilex/limo_ros2_ws/install/mybuddy:/home/agilex/limo_ros2_ws/install/mycobot_description:/opt/ros/foxy /usr/bin/cmake --build /home/agilex/krish_ws/build/yolo_msgs -- -j6 -l6
[5.105s] Invoking command in '/home/agilex/krish_ws/build/yolo_msgs': CMAKE_PREFIX_PATH=${CMAKE_PREFIX_PATH}:/home/agilex/limo_ros2_ws/install/ultraarm:/home/agilex/limo_ros2_ws/install/nav2_gazebo_spawner:/home/agilex/limo_ros2_ws/install/mypalletizer_260_pi:/home/agilex/limo_ros2_ws/install/mypalletizer_260:/home/agilex/limo_ros2_ws/install/mypalletizer_communication:/home/agilex/limo_ros2_ws/install/mycobot_630:/home/agilex/limo_ros2_ws/install/mycobot_600:/home/agilex/limo_ros2_ws/install/mycobot_320pi:/home/agilex/limo_ros2_ws/install/mycobot_320:/home/agilex/limo_ros2_ws/install/mycobot_280pi:/home/agilex/limo_ros2_ws/install/mycobot_280jn:/home/agilex/limo_ros2_ws/install/mycobot_280_x3pi:/home/agilex/limo_ros2_ws/install/mycobot_280:/home/agilex/limo_ros2_ws/install/myarm_m750:/home/agilex/limo_ros2_ws/install/myarm_c650:/home/agilex/limo_ros2_ws/install/myarm_300:/home/agilex/limo_ros2_ws/install/mycobot_communication:/home/agilex/limo_ros2_ws/install/mecharm_pi:/home/agilex/limo_ros2_ws/install/mecharm:/home/agilex/limo_ros2_ws/install/mecharm_communication:/home/agilex/limo_ros2_ws/install/mybuddy:/home/agilex/limo_ros2_ws/install/mycobot_description:/opt/ros/foxy /usr/bin/cmake --install /home/agilex/krish_ws/build/yolo_msgs
[5.135s] -- Install configuration: ""
[5.136s] -- Installing: /home/agilex/krish_ws/install/yolo_msgs/share/ament_index/resource_index/rosidl_interfaces/yolo_msgs
[5.136s] -- Installing: /home/agilex/krish_ws/install/yolo_msgs/include/yolo_msgs
[5.136s] -- Installing: /home/agilex/krish_ws/install/yolo_msgs/include/yolo_msgs/msg
[5.136s] -- Installing: /home/agilex/krish_ws/install/yolo_msgs/include/yolo_msgs/msg/mask.h
[5.136s] -- Installing: /home/agilex/krish_ws/install/yolo_msgs/include/yolo_msgs/msg/key_point2_d_array.h
[5.137s] -- Installing: /home/agilex/krish_ws/install/yolo_msgs/include/yolo_msgs/msg/key_point2_d.h
[5.137s] -- Installing: /home/agilex/krish_ws/install/yolo_msgs/include/yolo_msgs/msg/detail
[5.137s] -- Installing: /home/agilex/krish_ws/install/yolo_msgs/include/yolo_msgs/msg/detail/bounding_box3_d__type_support.h
[5.137s] -- Installing: /home/agilex/krish_ws/install/yolo_msgs/include/yolo_msgs/msg/detail/point2_d__functions.c
[5.137s] -- Installing: /home/agilex/krish_ws/install/yolo_msgs/include/yolo_msgs/msg/detail/detection_array__functions.h
[5.137s] -- Installing: /home/agilex/krish_ws/install/yolo_msgs/include/yolo_msgs/msg/detail/point2_d__functions.h
[5.138s] -- Installing: /home/agilex/krish_ws/install/yolo_msgs/include/yolo_msgs/msg/detail/key_point2_d__functions.c
[5.138s] -- Installing: /home/agilex/krish_ws/install/yolo_msgs/include/yolo_msgs/msg/detail/bounding_box3_d__functions.c
[5.138s] -- Installing: /home/agilex/krish_ws/install/yolo_msgs/include/yolo_msgs/msg/detail/key_point3_d_array__type_support.h
[5.138s] -- Installing: /home/agilex/krish_ws/install/yolo_msgs/include/yolo_msgs/msg/detail/key_point2_d__struct.h
[5.139s] -- Installing: /home/agilex/krish_ws/install/yolo_msgs/include/yolo_msgs/msg/detail/mask__functions.h
[5.139s] -- Installing: /home/agilex/krish_ws/install/yolo_msgs/include/yolo_msgs/msg/detail/vector2__type_support.h
[5.139s] -- Installing: /home/agilex/krish_ws/install/yolo_msgs/include/yolo_msgs/msg/detail/detection__functions.h
[5.139s] -- Installing: /home/agilex/krish_ws/install/yolo_msgs/include/yolo_msgs/msg/detail/key_point3_d_array__struct.h
[5.139s] -- Installing: /home/agilex/krish_ws/install/yolo_msgs/include/yolo_msgs/msg/detail/mask__type_support.h
[5.140s] -- Installing: /home/agilex/krish_ws/install/yolo_msgs/include/yolo_msgs/msg/detail/bounding_box3_d__struct.h
[5.140s] -- Installing: /home/agilex/krish_ws/install/yolo_msgs/include/yolo_msgs/msg/detail/detection__struct.h
[5.140s] -- Installing: /home/agilex/krish_ws/install/yolo_msgs/include/yolo_msgs/msg/detail/key_point3_d__struct.h
[5.140s] -- Installing: /home/agilex/krish_ws/install/yolo_msgs/include/yolo_msgs/msg/detail/bounding_box2_d__functions.h
[5.140s] -- Installing: /home/agilex/krish_ws/install/yolo_msgs/include/yolo_msgs/msg/detail/point2_d__struct.h
[5.141s] -- Installing: /home/agilex/krish_ws/install/yolo_msgs/include/yolo_msgs/msg/detail/key_point2_d__type_support.h
[5.141s] -- Installing: /home/agilex/krish_ws/install/yolo_msgs/include/yolo_msgs/msg/detail/detection_array__type_support.h
[5.141s] -- Installing: /home/agilex/krish_ws/install/yolo_msgs/include/yolo_msgs/msg/detail/mask__functions.c
[5.141s] -- Installing: /home/agilex/krish_ws/install/yolo_msgs/include/yolo_msgs/msg/detail/key_point3_d__functions.c
[5.141s] -- Installing: /home/agilex/krish_ws/install/yolo_msgs/include/yolo_msgs/msg/detail/bounding_box2_d__struct.h
[5.142s] -- Installing: /home/agilex/krish_ws/install/yolo_msgs/include/yolo_msgs/msg/detail/vector2__functions.h
[5.142s] -- Installing: /home/agilex/krish_ws/install/yolo_msgs/include/yolo_msgs/msg/detail/key_point3_d_array__functions.c
[5.142s] -- Installing: /home/agilex/krish_ws/install/yolo_msgs/include/yolo_msgs/msg/detail/pose2_d__functions.c
[5.142s] -- Installing: /home/agilex/krish_ws/install/yolo_msgs/include/yolo_msgs/msg/detail/key_point2_d_array__type_support.h
[5.142s] -- Installing: /home/agilex/krish_ws/install/yolo_msgs/include/yolo_msgs/msg/detail/key_point2_d_array__functions.c
[5.143s] -- Installing: /home/agilex/krish_ws/install/yolo_msgs/include/yolo_msgs/msg/detail/detection__functions.c
[5.143s] -- Installing: /home/agilex/krish_ws/install/yolo_msgs/include/yolo_msgs/msg/detail/detection_array__struct.h
[5.143s] -- Installing: /home/agilex/krish_ws/install/yolo_msgs/include/yolo_msgs/msg/detail/bounding_box2_d__type_support.h
[5.143s] -- Installing: /home/agilex/krish_ws/install/yolo_msgs/include/yolo_msgs/msg/detail/pose2_d__type_support.h
[5.143s] -- Installing: /home/agilex/krish_ws/install/yolo_msgs/include/yolo_msgs/msg/detail/detection__type_support.h
[5.144s] -- Installing: /home/agilex/krish_ws/install/yolo_msgs/include/yolo_msgs/msg/detail/bounding_box2_d__functions.c
[5.144s] -- Installing: /home/agilex/krish_ws/install/yolo_msgs/include/yolo_msgs/msg/detail/vector2__struct.h
[5.144s] -- Installing: /home/agilex/krish_ws/install/yolo_msgs/include/yolo_msgs/msg/detail/key_point2_d__functions.h
[5.144s] -- Installing: /home/agilex/krish_ws/install/yolo_msgs/include/yolo_msgs/msg/detail/point2_d__type_support.h
[5.144s] -- Installing: /home/agilex/krish_ws/install/yolo_msgs/include/yolo_msgs/msg/detail/key_point3_d__functions.h
[5.145s] -- Installing: /home/agilex/krish_ws/install/yolo_msgs/include/yolo_msgs/msg/detail/key_point3_d_array__functions.h
[5.145s] -- Installing: /home/agilex/krish_ws/install/yolo_msgs/include/yolo_msgs/msg/detail/mask__struct.h
[5.145s] -- Installing: /home/agilex/krish_ws/install/yolo_msgs/include/yolo_msgs/msg/detail/pose2_d__functions.h
[5.145s] -- Installing: /home/agilex/krish_ws/install/yolo_msgs/include/yolo_msgs/msg/detail/vector2__functions.c
[5.145s] -- Installing: /home/agilex/krish_ws/install/yolo_msgs/include/yolo_msgs/msg/detail/detection_array__functions.c
[5.146s] -- Installing: /home/agilex/krish_ws/install/yolo_msgs/include/yolo_msgs/msg/detail/bounding_box3_d__functions.h
[5.146s] -- Installing: /home/agilex/krish_ws/install/yolo_msgs/include/yolo_msgs/msg/detail/key_point2_d_array__struct.h
[5.146s] -- Installing: /home/agilex/krish_ws/install/yolo_msgs/include/yolo_msgs/msg/detail/key_point3_d__type_support.h
[5.146s] -- Installing: /home/agilex/krish_ws/install/yolo_msgs/include/yolo_msgs/msg/detail/pose2_d__struct.h
[5.146s] -- Installing: /home/agilex/krish_ws/install/yolo_msgs/include/yolo_msgs/msg/detail/key_point2_d_array__functions.h
[5.147s] -- Installing: /home/agilex/krish_ws/install/yolo_msgs/include/yolo_msgs/msg/point2_d.h
[5.147s] -- Installing: /home/agilex/krish_ws/install/yolo_msgs/include/yolo_msgs/msg/bounding_box3_d.h
[5.147s] -- Installing: /home/agilex/krish_ws/install/yolo_msgs/include/yolo_msgs/msg/detection_array.h
[5.147s] -- Installing: /home/agilex/krish_ws/install/yolo_msgs/include/yolo_msgs/msg/detection.h
[5.147s] -- Installing: /home/agilex/krish_ws/install/yolo_msgs/include/yolo_msgs/msg/vector2.h
[5.148s] -- Installing: /home/agilex/krish_ws/install/yolo_msgs/include/yolo_msgs/msg/rosidl_generator_c__visibility_control.h
[5.148s] -- Installing: /home/agilex/krish_ws/install/yolo_msgs/include/yolo_msgs/msg/bounding_box2_d.h
[5.148s] -- Installing: /home/agilex/krish_ws/install/yolo_msgs/include/yolo_msgs/msg/key_point3_d_array.h
[5.149s] -- Installing: /home/agilex/krish_ws/install/yolo_msgs/include/yolo_msgs/msg/pose2_d.h
[5.149s] -- Installing: /home/agilex/krish_ws/install/yolo_msgs/include/yolo_msgs/msg/key_point3_d.h
[5.149s] -- Installing: /home/agilex/krish_ws/install/yolo_msgs/include/yolo_msgs/srv
[5.149s] -- Installing: /home/agilex/krish_ws/install/yolo_msgs/include/yolo_msgs/srv/set_classes.h
[5.149s] -- Installing: /home/agilex/krish_ws/install/yolo_msgs/include/yolo_msgs/srv/detail
[5.149s] -- Installing: /home/agilex/krish_ws/install/yolo_msgs/include/yolo_msgs/srv/detail/set_classes__functions.c
[5.150s] -- Installing: /home/agilex/krish_ws/install/yolo_msgs/include/yolo_msgs/srv/detail/set_classes__type_support.h
[5.150s] -- Installing: /home/agilex/krish_ws/install/yolo_msgs/include/yolo_msgs/srv/detail/set_classes__functions.h
[5.150s] -- Installing: /home/agilex/krish_ws/install/yolo_msgs/include/yolo_msgs/srv/detail/set_classes__struct.h
[5.150s] -- Installing: /home/agilex/krish_ws/install/yolo_msgs/share/yolo_msgs/environment/library_path.sh
[5.151s] -- Installing: /home/agilex/krish_ws/install/yolo_msgs/share/yolo_msgs/environment/library_path.dsv
[5.151s] -- Installing: /home/agilex/krish_ws/install/yolo_msgs/lib/libyolo_msgs__rosidl_generator_c.so
[5.152s] -- Set runtime path of "/home/agilex/krish_ws/install/yolo_msgs/lib/libyolo_msgs__rosidl_generator_c.so" to ""
[5.152s] -- Up-to-date: /home/agilex/krish_ws/install/yolo_msgs/include/yolo_msgs
[5.152s] -- Up-to-date: /home/agilex/krish_ws/install/yolo_msgs/include/yolo_msgs/msg
[5.152s] -- Up-to-date: /home/agilex/krish_ws/install/yolo_msgs/include/yolo_msgs/msg/detail
[5.153s] -- Installing: /home/agilex/krish_ws/install/yolo_msgs/include/yolo_msgs/msg/detail/key_point2_d_array__rosidl_typesupport_fastrtps_c.h
[5.153s] -- Installing: /home/agilex/krish_ws/install/yolo_msgs/include/yolo_msgs/msg/detail/bounding_box2_d__rosidl_typesupport_fastrtps_c.h
[5.153s] -- Installing: /home/agilex/krish_ws/install/yolo_msgs/include/yolo_msgs/msg/detail/key_point2_d__rosidl_typesupport_fastrtps_c.h
[5.153s] -- Installing: /home/agilex/krish_ws/install/yolo_msgs/include/yolo_msgs/msg/detail/bounding_box3_d__rosidl_typesupport_fastrtps_c.h
[5.154s] -- Installing: /home/agilex/krish_ws/install/yolo_msgs/include/yolo_msgs/msg/detail/vector2__rosidl_typesupport_fastrtps_c.h
[5.154s] -- Installing: /home/agilex/krish_ws/install/yolo_msgs/include/yolo_msgs/msg/detail/detection_array__rosidl_typesupport_fastrtps_c.h
[5.154s] -- Installing: /home/agilex/krish_ws/install/yolo_msgs/include/yolo_msgs/msg/detail/pose2_d__rosidl_typesupport_fastrtps_c.h
[5.154s] -- Installing: /home/agilex/krish_ws/install/yolo_msgs/include/yolo_msgs/msg/detail/mask__rosidl_typesupport_fastrtps_c.h
[5.154s] -- Installing: /home/agilex/krish_ws/install/yolo_msgs/include/yolo_msgs/msg/detail/key_point3_d_array__rosidl_typesupport_fastrtps_c.h
[5.154s] -- Installing: /home/agilex/krish_ws/install/yolo_msgs/include/yolo_msgs/msg/detail/point2_d__rosidl_typesupport_fastrtps_c.h
[5.155s] -- Installing: /home/agilex/krish_ws/install/yolo_msgs/include/yolo_msgs/msg/detail/key_point3_d__rosidl_typesupport_fastrtps_c.h
[5.155s] -- Installing: /home/agilex/krish_ws/install/yolo_msgs/include/yolo_msgs/msg/detail/detection__rosidl_typesupport_fastrtps_c.h
[5.155s] -- Installing: /home/agilex/krish_ws/install/yolo_msgs/include/yolo_msgs/msg/rosidl_typesupport_fastrtps_c__visibility_control.h
[5.155s] -- Up-to-date: /home/agilex/krish_ws/install/yolo_msgs/include/yolo_msgs/srv
[5.155s] -- Up-to-date: /home/agilex/krish_ws/install/yolo_msgs/include/yolo_msgs/srv/detail
[5.156s] -- Installing: /home/agilex/krish_ws/install/yolo_msgs/include/yolo_msgs/srv/detail/set_classes__rosidl_typesupport_fastrtps_c.h
[5.156s] -- Installing: /home/agilex/krish_ws/install/yolo_msgs/lib/libyolo_msgs__rosidl_typesupport_fastrtps_c.so
[5.157s] -- Set runtime path of "/home/agilex/krish_ws/install/yolo_msgs/lib/libyolo_msgs__rosidl_typesupport_fastrtps_c.so" to ""
[5.157s] -- Up-to-date: /home/agilex/krish_ws/install/yolo_msgs/include/yolo_msgs
[5.157s] -- Up-to-date: /home/agilex/krish_ws/install/yolo_msgs/include/yolo_msgs/msg
[5.157s] -- Up-to-date: /home/agilex/krish_ws/install/yolo_msgs/include/yolo_msgs/msg/detail
[5.157s] -- Installing: /home/agilex/krish_ws/install/yolo_msgs/include/yolo_msgs/msg/detail/vector2__rosidl_typesupport_fastrtps_cpp.hpp
[5.157s] -- Installing: /home/agilex/krish_ws/install/yolo_msgs/include/yolo_msgs/msg/detail/mask__rosidl_typesupport_fastrtps_cpp.hpp
[5.158s] -- Installing: /home/agilex/krish_ws/install/yolo_msgs/include/yolo_msgs/msg/detail/pose2_d__rosidl_typesupport_fastrtps_cpp.hpp
[5.158s] -- Installing: /home/agilex/krish_ws/install/yolo_msgs/include/yolo_msgs/msg/detail/detection_array__rosidl_typesupport_fastrtps_cpp.hpp
[5.158s] -- Installing: /home/agilex/krish_ws/install/yolo_msgs/include/yolo_msgs/msg/detail/dds_fastrtps
[5.158s] -- Installing: /home/agilex/krish_ws/install/yolo_msgs/include/yolo_msgs/msg/detail/key_point2_d__rosidl_typesupport_fastrtps_cpp.hpp
[5.158s] -- Installing: /home/agilex/krish_ws/install/yolo_msgs/include/yolo_msgs/msg/detail/key_point2_d_array__rosidl_typesupport_fastrtps_cpp.hpp
[5.159s] -- Installing: /home/agilex/krish_ws/install/yolo_msgs/include/yolo_msgs/msg/detail/key_point3_d__rosidl_typesupport_fastrtps_cpp.hpp
[5.159s] -- Installing: /home/agilex/krish_ws/install/yolo_msgs/include/yolo_msgs/msg/detail/key_point3_d_array__rosidl_typesupport_fastrtps_cpp.hpp
[5.159s] -- Installing: /home/agilex/krish_ws/install/yolo_msgs/include/yolo_msgs/msg/detail/bounding_box2_d__rosidl_typesupport_fastrtps_cpp.hpp
[5.160s] -- Installing: /home/agilex/krish_ws/install/yolo_msgs/include/yolo_msgs/msg/detail/point2_d__rosidl_typesupport_fastrtps_cpp.hpp
[5.160s] -- Installing: /home/agilex/krish_ws/install/yolo_msgs/include/yolo_msgs/msg/detail/bounding_box3_d__rosidl_typesupport_fastrtps_cpp.hpp
[5.160s] -- Installing: /home/agilex/krish_ws/install/yolo_msgs/include/yolo_msgs/msg/detail/detection__rosidl_typesupport_fastrtps_cpp.hpp
[5.160s] -- Installing: /home/agilex/krish_ws/install/yolo_msgs/include/yolo_msgs/msg/rosidl_typesupport_fastrtps_cpp__visibility_control.h
[5.160s] -- Up-to-date: /home/agilex/krish_ws/install/yolo_msgs/include/yolo_msgs/srv
[5.161s] -- Up-to-date: /home/agilex/krish_ws/install/yolo_msgs/include/yolo_msgs/srv/detail
[5.161s] -- Installing: /home/agilex/krish_ws/install/yolo_msgs/include/yolo_msgs/srv/detail/set_classes__rosidl_typesupport_fastrtps_cpp.hpp
[5.161s] -- Installing: /home/agilex/krish_ws/install/yolo_msgs/include/yolo_msgs/srv/detail/dds_fastrtps
[5.161s] -- Installing: /home/agilex/krish_ws/install/yolo_msgs/lib/libyolo_msgs__rosidl_typesupport_fastrtps_cpp.so
[5.162s] -- Set runtime path of "/home/agilex/krish_ws/install/yolo_msgs/lib/libyolo_msgs__rosidl_typesupport_fastrtps_cpp.so" to ""
[5.162s] -- Up-to-date: /home/agilex/krish_ws/install/yolo_msgs/include/yolo_msgs
[5.162s] -- Up-to-date: /home/agilex/krish_ws/install/yolo_msgs/include/yolo_msgs/msg
[5.163s] -- Up-to-date: /home/agilex/krish_ws/install/yolo_msgs/include/yolo_msgs/msg/detail
[5.163s] -- Installing: /home/agilex/krish_ws/install/yolo_msgs/include/yolo_msgs/msg/detail/bounding_box3_d__rosidl_typesupport_introspection_c.h
[5.163s] -- Installing: /home/agilex/krish_ws/install/yolo_msgs/include/yolo_msgs/msg/detail/key_point3_d__type_support.c
[5.163s] -- Installing: /home/agilex/krish_ws/install/yolo_msgs/include/yolo_msgs/msg/detail/key_point2_d__rosidl_typesupport_introspection_c.h
[5.163s] -- Installing: /home/agilex/krish_ws/install/yolo_msgs/include/yolo_msgs/msg/detail/point2_d__type_support.c
[5.163s] -- Installing: /home/agilex/krish_ws/install/yolo_msgs/include/yolo_msgs/msg/detail/detection__rosidl_typesupport_introspection_c.h
[5.164s] -- Installing: /home/agilex/krish_ws/install/yolo_msgs/include/yolo_msgs/msg/detail/bounding_box2_d__rosidl_typesupport_introspection_c.h
[5.164s] -- Installing: /home/agilex/krish_ws/install/yolo_msgs/include/yolo_msgs/msg/detail/detection_array__type_support.c
[5.164s] -- Installing: /home/agilex/krish_ws/install/yolo_msgs/include/yolo_msgs/msg/detail/pose2_d__rosidl_typesupport_introspection_c.h
[5.164s] -- Installing: /home/agilex/krish_ws/install/yolo_msgs/include/yolo_msgs/msg/detail/key_point2_d__type_support.c
[5.164s] -- Installing: /home/agilex/krish_ws/install/yolo_msgs/include/yolo_msgs/msg/detail/vector2__type_support.c
[5.165s] -- Installing: /home/agilex/krish_ws/install/yolo_msgs/include/yolo_msgs/msg/detail/point2_d__rosidl_typesupport_introspection_c.h
[5.165s] -- Installing: /home/agilex/krish_ws/install/yolo_msgs/include/yolo_msgs/msg/detail/key_point3_d_array__type_support.c
[5.165s] -- Installing: /home/agilex/krish_ws/install/yolo_msgs/include/yolo_msgs/msg/detail/mask__rosidl_typesupport_introspection_c.h
[5.165s] -- Installing: /home/agilex/krish_ws/install/yolo_msgs/include/yolo_msgs/msg/detail/bounding_box2_d__type_support.c
[5.165s] -- Installing: /home/agilex/krish_ws/install/yolo_msgs/include/yolo_msgs/msg/detail/key_point2_d_array__type_support.c
[5.166s] -- Installing: /home/agilex/krish_ws/install/yolo_msgs/include/yolo_msgs/msg/detail/detection__type_support.c
[5.166s] -- Installing: /home/agilex/krish_ws/install/yolo_msgs/include/yolo_msgs/msg/detail/key_point2_d_array__rosidl_typesupport_introspection_c.h
[5.166s] -- Installing: /home/agilex/krish_ws/install/yolo_msgs/include/yolo_msgs/msg/detail/bounding_box3_d__type_support.c
[5.166s] -- Installing: /home/agilex/krish_ws/install/yolo_msgs/include/yolo_msgs/msg/detail/pose2_d__type_support.c
[5.166s] -- Installing: /home/agilex/krish_ws/install/yolo_msgs/include/yolo_msgs/msg/detail/key_point3_d_array__rosidl_typesupport_introspection_c.h
[5.167s] -- Installing: /home/agilex/krish_ws/install/yolo_msgs/include/yolo_msgs/msg/detail/vector2__rosidl_typesupport_introspection_c.h
[5.167s] -- Installing: /home/agilex/krish_ws/install/yolo_msgs/include/yolo_msgs/msg/detail/key_point3_d__rosidl_typesupport_introspection_c.h
[5.167s] -- Installing: /home/agilex/krish_ws/install/yolo_msgs/include/yolo_msgs/msg/detail/mask__type_support.c
[5.167s] -- Installing: /home/agilex/krish_ws/install/yolo_msgs/include/yolo_msgs/msg/detail/detection_array__rosidl_typesupport_introspection_c.h
[5.168s] -- Installing: /home/agilex/krish_ws/install/yolo_msgs/include/yolo_msgs/msg/rosidl_typesupport_introspection_c__visibility_control.h
[5.168s] -- Up-to-date: /home/agilex/krish_ws/install/yolo_msgs/include/yolo_msgs/srv
[5.168s] -- Up-to-date: /home/agilex/krish_ws/install/yolo_msgs/include/yolo_msgs/srv/detail
[5.168s] -- Installing: /home/agilex/krish_ws/install/yolo_msgs/include/yolo_msgs/srv/detail/set_classes__type_support.c
[5.168s] -- Installing: /home/agilex/krish_ws/install/yolo_msgs/include/yolo_msgs/srv/detail/set_classes__rosidl_typesupport_introspection_c.h
[5.169s] -- Installing: /home/agilex/krish_ws/install/yolo_msgs/lib/libyolo_msgs__rosidl_typesupport_introspection_c.so
[5.169s] -- Set runtime path of "/home/agilex/krish_ws/install/yolo_msgs/lib/libyolo_msgs__rosidl_typesupport_introspection_c.so" to ""
[5.169s] -- Installing: /home/agilex/krish_ws/install/yolo_msgs/lib/libyolo_msgs__rosidl_typesupport_c.so
[5.170s] -- Set runtime path of "/home/agilex/krish_ws/install/yolo_msgs/lib/libyolo_msgs__rosidl_typesupport_c.so" to ""
[5.170s] -- Up-to-date: /home/agilex/krish_ws/install/yolo_msgs/include/yolo_msgs
[5.170s] -- Up-to-date: /home/agilex/krish_ws/install/yolo_msgs/include/yolo_msgs/msg
[5.171s] -- Installing: /home/agilex/krish_ws/install/yolo_msgs/include/yolo_msgs/msg/key_point3_d_array.hpp
[5.171s] -- Installing: /home/agilex/krish_ws/install/yolo_msgs/include/yolo_msgs/msg/bounding_box2_d.hpp
[5.171s] -- Up-to-date: /home/agilex/krish_ws/install/yolo_msgs/include/yolo_msgs/msg/detail
[5.171s] -- Installing: /home/agilex/krish_ws/install/yolo_msgs/include/yolo_msgs/msg/detail/point2_d__builder.hpp
[5.171s] -- Installing: /home/agilex/krish_ws/install/yolo_msgs/include/yolo_msgs/msg/detail/point2_d__type_support.hpp
[5.171s] -- Installing: /home/agilex/krish_ws/install/yolo_msgs/include/yolo_msgs/msg/detail/pose2_d__struct.hpp
[5.172s] -- Installing: /home/agilex/krish_ws/install/yolo_msgs/include/yolo_msgs/msg/detail/detection_array__builder.hpp
[5.172s] -- Installing: /home/agilex/krish_ws/install/yolo_msgs/include/yolo_msgs/msg/detail/bounding_box2_d__type_support.hpp
[5.172s] -- Installing: /home/agilex/krish_ws/install/yolo_msgs/include/yolo_msgs/msg/detail/pose2_d__traits.hpp
[5.172s] -- Installing: /home/agilex/krish_ws/install/yolo_msgs/include/yolo_msgs/msg/detail/key_point2_d_array__traits.hpp
[5.172s] -- Installing: /home/agilex/krish_ws/install/yolo_msgs/include/yolo_msgs/msg/detail/key_point2_d_array__builder.hpp
[5.173s] -- Installing: /home/agilex/krish_ws/install/yolo_msgs/include/yolo_msgs/msg/detail/key_point2_d__builder.hpp
[5.173s] -- Installing: /home/agilex/krish_ws/install/yolo_msgs/include/yolo_msgs/msg/detail/key_point3_d__struct.hpp
[5.173s] -- Installing: /home/agilex/krish_ws/install/yolo_msgs/include/yolo_msgs/msg/detail/bounding_box2_d__traits.hpp
[5.173s] -- Installing: /home/agilex/krish_ws/install/yolo_msgs/include/yolo_msgs/msg/detail/detection_array__struct.hpp
[5.173s] -- Installing: /home/agilex/krish_ws/install/yolo_msgs/include/yolo_msgs/msg/detail/key_point3_d_array__type_support.hpp
[5.174s] -- Installing: /home/agilex/krish_ws/install/yolo_msgs/include/yolo_msgs/msg/detail/detection__type_support.hpp
[5.174s] -- Installing: /home/agilex/krish_ws/install/yolo_msgs/include/yolo_msgs/msg/detail/key_point3_d_array__struct.hpp
[5.174s] -- Installing: /home/agilex/krish_ws/install/yolo_msgs/include/yolo_msgs/msg/detail/detection__traits.hpp
[5.174s] -- Installing: /home/agilex/krish_ws/install/yolo_msgs/include/yolo_msgs/msg/detail/detection_array__traits.hpp
[5.174s] -- Installing: /home/agilex/krish_ws/install/yolo_msgs/include/yolo_msgs/msg/detail/key_point2_d_array__struct.hpp
[5.175s] -- Installing: /home/agilex/krish_ws/install/yolo_msgs/include/yolo_msgs/msg/detail/mask__traits.hpp
[5.176s] -- Installing: /home/agilex/krish_ws/install/yolo_msgs/include/yolo_msgs/msg/detail/mask__struct.hpp
[5.176s] -- Installing: /home/agilex/krish_ws/install/yolo_msgs/include/yolo_msgs/msg/detail/key_point3_d_array__traits.hpp
[5.176s] -- Installing: /home/agilex/krish_ws/install/yolo_msgs/include/yolo_msgs/msg/detail/detection__struct.hpp
[5.176s] -- Installing: /home/agilex/krish_ws/install/yolo_msgs/include/yolo_msgs/msg/detail/key_point2_d_array__type_support.hpp
[5.176s] -- Installing: /home/agilex/krish_ws/install/yolo_msgs/include/yolo_msgs/msg/detail/key_point3_d_array__builder.hpp
[5.176s] -- Installing: /home/agilex/krish_ws/install/yolo_msgs/include/yolo_msgs/msg/detail/key_point2_d__type_support.hpp
[5.177s] -- Installing: /home/agilex/krish_ws/install/yolo_msgs/include/yolo_msgs/msg/detail/vector2__type_support.hpp
[5.177s] -- Installing: /home/agilex/krish_ws/install/yolo_msgs/include/yolo_msgs/msg/detail/vector2__struct.hpp
[5.177s] -- Installing: /home/agilex/krish_ws/install/yolo_msgs/include/yolo_msgs/msg/detail/mask__type_support.hpp
[5.177s] -- Installing: /home/agilex/krish_ws/install/yolo_msgs/include/yolo_msgs/msg/detail/detection_array__type_support.hpp
[5.177s] -- Installing: /home/agilex/krish_ws/install/yolo_msgs/include/yolo_msgs/msg/detail/detection__builder.hpp
[5.177s] -- Installing: /home/agilex/krish_ws/install/yolo_msgs/include/yolo_msgs/msg/detail/vector2__builder.hpp
[5.178s] -- Installing: /home/agilex/krish_ws/install/yolo_msgs/include/yolo_msgs/msg/detail/bounding_box2_d__builder.hpp
[5.178s] -- Installing: /home/agilex/krish_ws/install/yolo_msgs/include/yolo_msgs/msg/detail/key_point3_d__builder.hpp
[5.178s] -- Installing: /home/agilex/krish_ws/install/yolo_msgs/include/yolo_msgs/msg/detail/mask__builder.hpp
[5.178s] -- Installing: /home/agilex/krish_ws/install/yolo_msgs/include/yolo_msgs/msg/detail/key_point3_d__traits.hpp
[5.178s] -- Installing: /home/agilex/krish_ws/install/yolo_msgs/include/yolo_msgs/msg/detail/bounding_box3_d__struct.hpp
[5.179s] -- Installing: /home/agilex/krish_ws/install/yolo_msgs/include/yolo_msgs/msg/detail/key_point3_d__type_support.hpp
[5.179s] -- Installing: /home/agilex/krish_ws/install/yolo_msgs/include/yolo_msgs/msg/detail/bounding_box3_d__traits.hpp
[5.179s] -- Installing: /home/agilex/krish_ws/install/yolo_msgs/include/yolo_msgs/msg/detail/bounding_box3_d__builder.hpp
[5.179s] -- Installing: /home/agilex/krish_ws/install/yolo_msgs/include/yolo_msgs/msg/detail/key_point2_d__struct.hpp
[5.179s] -- Installing: /home/agilex/krish_ws/install/yolo_msgs/include/yolo_msgs/msg/detail/point2_d__struct.hpp
[5.180s] -- Installing: /home/agilex/krish_ws/install/yolo_msgs/include/yolo_msgs/msg/detail/key_point2_d__traits.hpp
[5.180s] -- Installing: /home/agilex/krish_ws/install/yolo_msgs/include/yolo_msgs/msg/detail/bounding_box3_d__type_support.hpp
[5.181s] -- Installing: /home/agilex/krish_ws/install/yolo_msgs/include/yolo_msgs/msg/detail/pose2_d__type_support.hpp
[5.182s] -- Installing: /home/agilex/krish_ws/install/yolo_msgs/include/yolo_msgs/msg/detail/point2_d__traits.hpp
[5.182s] -- Installing: /home/agilex/krish_ws/install/yolo_msgs/include/yolo_msgs/msg/detail/pose2_d__builder.hpp
[5.182s] -- Installing: /home/agilex/krish_ws/install/yolo_msgs/include/yolo_msgs/msg/detail/bounding_box2_d__struct.hpp
[5.183s] -- Installing: /home/agilex/krish_ws/install/yolo_msgs/include/yolo_msgs/msg/detail/vector2__traits.hpp
[5.184s] -- Installing: /home/agilex/krish_ws/install/yolo_msgs/include/yolo_msgs/msg/mask.hpp
[5.184s] -- Installing: /home/agilex/krish_ws/install/yolo_msgs/include/yolo_msgs/msg/pose2_d.hpp
[5.184s] -- Installing: /home/agilex/krish_ws/install/yolo_msgs/include/yolo_msgs/msg/detection.hpp
[5.184s] -- Installing: /home/agilex/krish_ws/install/yolo_msgs/include/yolo_msgs/msg/key_point2_d_array.hpp
[5.184s] -- Installing: /home/agilex/krish_ws/install/yolo_msgs/include/yolo_msgs/msg/bounding_box3_d.hpp
[5.185s] -- Installing: /home/agilex/krish_ws/install/yolo_msgs/include/yolo_msgs/msg/vector2.hpp
[5.185s] -- Installing: /home/agilex/krish_ws/install/yolo_msgs/include/yolo_msgs/msg/key_point2_d.hpp
[5.185s] -- Installing: /home/agilex/krish_ws/install/yolo_msgs/include/yolo_msgs/msg/rosidl_generator_cpp__visibility_control.hpp
[5.186s] -- Installing: /home/agilex/krish_ws/install/yolo_msgs/include/yolo_msgs/msg/detection_array.hpp
[5.186s] -- Installing: /home/agilex/krish_ws/install/yolo_msgs/include/yolo_msgs/msg/point2_d.hpp
[5.186s] -- Installing: /home/agilex/krish_ws/install/yolo_msgs/include/yolo_msgs/msg/key_point3_d.hpp
[5.187s] -- Up-to-date: /home/agilex/krish_ws/install/yolo_msgs/include/yolo_msgs/srv
[5.187s] -- Up-to-date: /home/agilex/krish_ws/install/yolo_msgs/include/yolo_msgs/srv/detail
[5.187s] -- Installing: /home/agilex/krish_ws/install/yolo_msgs/include/yolo_msgs/srv/detail/set_classes__type_support.hpp
[5.187s] -- Installing: /home/agilex/krish_ws/install/yolo_msgs/include/yolo_msgs/srv/detail/set_classes__struct.hpp
[5.187s] -- Installing: /home/agilex/krish_ws/install/yolo_msgs/include/yolo_msgs/srv/detail/set_classes__traits.hpp
[5.187s] -- Installing: /home/agilex/krish_ws/install/yolo_msgs/include/yolo_msgs/srv/detail/set_classes__builder.hpp
[5.188s] -- Installing: /home/agilex/krish_ws/install/yolo_msgs/include/yolo_msgs/srv/set_classes.hpp
[5.188s] -- Up-to-date: /home/agilex/krish_ws/install/yolo_msgs/include/yolo_msgs
[5.188s] -- Up-to-date: /home/agilex/krish_ws/install/yolo_msgs/include/yolo_msgs/msg
[5.188s] -- Up-to-date: /home/agilex/krish_ws/install/yolo_msgs/include/yolo_msgs/msg/detail
[5.188s] -- Installing: /home/agilex/krish_ws/install/yolo_msgs/include/yolo_msgs/msg/detail/key_point3_d_array__rosidl_typesupport_introspection_cpp.hpp
[5.188s] -- Installing: /home/agilex/krish_ws/install/yolo_msgs/include/yolo_msgs/msg/detail/key_point2_d_array__rosidl_typesupport_introspection_cpp.hpp
[5.189s] -- Installing: /home/agilex/krish_ws/install/yolo_msgs/include/yolo_msgs/msg/detail/bounding_box2_d__rosidl_typesupport_introspection_cpp.hpp
[5.189s] -- Installing: /home/agilex/krish_ws/install/yolo_msgs/include/yolo_msgs/msg/detail/mask__rosidl_typesupport_introspection_cpp.hpp
[5.189s] -- Installing: /home/agilex/krish_ws/install/yolo_msgs/include/yolo_msgs/msg/detail/key_point2_d__type_support.cpp
[5.189s] -- Installing: /home/agilex/krish_ws/install/yolo_msgs/include/yolo_msgs/msg/detail/vector2__type_support.cpp
[5.189s] -- Installing: /home/agilex/krish_ws/install/yolo_msgs/include/yolo_msgs/msg/detail/detection_array__type_support.cpp
[5.189s] -- Installing: /home/agilex/krish_ws/install/yolo_msgs/include/yolo_msgs/msg/detail/vector2__rosidl_typesupport_introspection_cpp.hpp
[5.190s] -- Installing: /home/agilex/krish_ws/install/yolo_msgs/include/yolo_msgs/msg/detail/point2_d__type_support.cpp
[5.190s] -- Installing: /home/agilex/krish_ws/install/yolo_msgs/include/yolo_msgs/msg/detail/key_point3_d__rosidl_typesupport_introspection_cpp.hpp
[5.190s] -- Installing: /home/agilex/krish_ws/install/yolo_msgs/include/yolo_msgs/msg/detail/bounding_box2_d__type_support.cpp
[5.190s] -- Installing: /home/agilex/krish_ws/install/yolo_msgs/include/yolo_msgs/msg/detail/key_point3_d_array__type_support.cpp
[5.190s] -- Installing: /home/agilex/krish_ws/install/yolo_msgs/include/yolo_msgs/msg/detail/bounding_box3_d__rosidl_typesupport_introspection_cpp.hpp
[5.190s] -- Installing: /home/agilex/krish_ws/install/yolo_msgs/include/yolo_msgs/msg/detail/pose2_d__type_support.cpp
[5.191s] -- Installing: /home/agilex/krish_ws/install/yolo_msgs/include/yolo_msgs/msg/detail/key_point2_d__rosidl_typesupport_introspection_cpp.hpp
[5.191s] -- Installing: /home/agilex/krish_ws/install/yolo_msgs/include/yolo_msgs/msg/detail/key_point3_d__type_support.cpp
[5.191s] -- Installing: /home/agilex/krish_ws/install/yolo_msgs/include/yolo_msgs/msg/detail/key_point2_d_array__type_support.cpp
[5.191s] -- Installing: /home/agilex/krish_ws/install/yolo_msgs/include/yolo_msgs/msg/detail/pose2_d__rosidl_typesupport_introspection_cpp.hpp
[5.191s] -- Installing: /home/agilex/krish_ws/install/yolo_msgs/include/yolo_msgs/msg/detail/detection__type_support.cpp
[5.191s] -- Installing: /home/agilex/krish_ws/install/yolo_msgs/include/yolo_msgs/msg/detail/bounding_box3_d__type_support.cpp
[5.192s] -- Installing: /home/agilex/krish_ws/install/yolo_msgs/include/yolo_msgs/msg/detail/mask__type_support.cpp
[5.192s] -- Installing: /home/agilex/krish_ws/install/yolo_msgs/include/yolo_msgs/msg/detail/point2_d__rosidl_typesupport_introspection_cpp.hpp
[5.192s] -- Installing: /home/agilex/krish_ws/install/yolo_msgs/include/yolo_msgs/msg/detail/detection__rosidl_typesupport_introspection_cpp.hpp
[5.192s] -- Installing: /home/agilex/krish_ws/install/yolo_msgs/include/yolo_msgs/msg/detail/detection_array__rosidl_typesupport_introspection_cpp.hpp
[5.192s] -- Up-to-date: /home/agilex/krish_ws/install/yolo_msgs/include/yolo_msgs/srv
[5.192s] -- Up-to-date: /home/agilex/krish_ws/install/yolo_msgs/include/yolo_msgs/srv/detail
[5.192s] -- Installing: /home/agilex/krish_ws/install/yolo_msgs/include/yolo_msgs/srv/detail/set_classes__type_support.cpp
[5.192s] -- Installing: /home/agilex/krish_ws/install/yolo_msgs/include/yolo_msgs/srv/detail/set_classes__rosidl_typesupport_introspection_cpp.hpp
[5.193s] -- Installing: /home/agilex/krish_ws/install/yolo_msgs/lib/libyolo_msgs__rosidl_typesupport_introspection_cpp.so
[5.193s] -- Set runtime path of "/home/agilex/krish_ws/install/yolo_msgs/lib/libyolo_msgs__rosidl_typesupport_introspection_cpp.so" to ""
[5.193s] -- Installing: /home/agilex/krish_ws/install/yolo_msgs/lib/libyolo_msgs__rosidl_typesupport_cpp.so
[5.194s] -- Set runtime path of "/home/agilex/krish_ws/install/yolo_msgs/lib/libyolo_msgs__rosidl_typesupport_cpp.so" to ""
[5.194s] -- Installing: /home/agilex/krish_ws/install/yolo_msgs/share/yolo_msgs/environment/pythonpath.sh
[5.195s] -- Installing: /home/agilex/krish_ws/install/yolo_msgs/share/yolo_msgs/environment/pythonpath.dsv
[5.195s] -- Installing: /home/agilex/krish_ws/install/yolo_msgs/lib/python3.8/site-packages/yolo_msgs/__init__.py
[5.297s] Compiling '/home/agilex/krish_ws/install/yolo_msgs/lib/python3.8/site-packages/yolo_msgs/__init__.py'...
[5.307s] -- Installing: /home/agilex/krish_ws/install/yolo_msgs/lib/python3.8/site-packages/yolo_msgs/msg
[5.308s] -- Installing: /home/agilex/krish_ws/install/yolo_msgs/lib/python3.8/site-packages/yolo_msgs/msg/_bounding_box3_d.py
[5.308s] -- Installing: /home/agilex/krish_ws/install/yolo_msgs/lib/python3.8/site-packages/yolo_msgs/msg/_pose2_d_s.c
[5.308s] -- Installing: /home/agilex/krish_ws/install/yolo_msgs/lib/python3.8/site-packages/yolo_msgs/msg/_key_point3_d_array.py
[5.308s] -- Installing: /home/agilex/krish_ws/install/yolo_msgs/lib/python3.8/site-packages/yolo_msgs/msg/_bounding_box3_d_s.c
[5.308s] -- Installing: /home/agilex/krish_ws/install/yolo_msgs/lib/python3.8/site-packages/yolo_msgs/msg/_key_point3_d.py
[5.309s] -- Installing: /home/agilex/krish_ws/install/yolo_msgs/lib/python3.8/site-packages/yolo_msgs/msg/_key_point2_d_array.py
[5.309s] -- Installing: /home/agilex/krish_ws/install/yolo_msgs/lib/python3.8/site-packages/yolo_msgs/msg/__init__.py
[5.309s] -- Installing: /home/agilex/krish_ws/install/yolo_msgs/lib/python3.8/site-packages/yolo_msgs/msg/_vector2_s.c
[5.309s] -- Installing: /home/agilex/krish_ws/install/yolo_msgs/lib/python3.8/site-packages/yolo_msgs/msg/_point2_d_s.c
[5.309s] -- Installing: /home/agilex/krish_ws/install/yolo_msgs/lib/python3.8/site-packages/yolo_msgs/msg/_key_point3_d_array_s.c
[5.310s] -- Installing: /home/agilex/krish_ws/install/yolo_msgs/lib/python3.8/site-packages/yolo_msgs/msg/_detection.py
[5.310s] -- Installing: /home/agilex/krish_ws/install/yolo_msgs/lib/python3.8/site-packages/yolo_msgs/msg/_mask_s.c
[5.310s] -- Installing: /home/agilex/krish_ws/install/yolo_msgs/lib/python3.8/site-packages/yolo_msgs/msg/_key_point2_d_s.c
[5.310s] -- Installing: /home/agilex/krish_ws/install/yolo_msgs/lib/python3.8/site-packages/yolo_msgs/msg/_point2_d.py
[5.310s] -- Installing: /home/agilex/krish_ws/install/yolo_msgs/lib/python3.8/site-packages/yolo_msgs/msg/_bounding_box2_d.py
[5.311s] -- Installing: /home/agilex/krish_ws/install/yolo_msgs/lib/python3.8/site-packages/yolo_msgs/msg/_bounding_box2_d_s.c
[5.311s] -- Installing: /home/agilex/krish_ws/install/yolo_msgs/lib/python3.8/site-packages/yolo_msgs/msg/_detection_array.py
[5.311s] -- Installing: /home/agilex/krish_ws/install/yolo_msgs/lib/python3.8/site-packages/yolo_msgs/msg/_detection_array_s.c
[5.311s] -- Installing: /home/agilex/krish_ws/install/yolo_msgs/lib/python3.8/site-packages/yolo_msgs/msg/_vector2.py
[5.311s] -- Installing: /home/agilex/krish_ws/install/yolo_msgs/lib/python3.8/site-packages/yolo_msgs/msg/_key_point2_d.py
[5.312s] -- Installing: /home/agilex/krish_ws/install/yolo_msgs/lib/python3.8/site-packages/yolo_msgs/msg/_key_point2_d_array_s.c
[5.312s] -- Installing: /home/agilex/krish_ws/install/yolo_msgs/lib/python3.8/site-packages/yolo_msgs/msg/_detection_s.c
[5.312s] -- Installing: /home/agilex/krish_ws/install/yolo_msgs/lib/python3.8/site-packages/yolo_msgs/msg/_pose2_d.py
[5.312s] -- Installing: /home/agilex/krish_ws/install/yolo_msgs/lib/python3.8/site-packages/yolo_msgs/msg/_mask.py
[5.312s] -- Installing: /home/agilex/krish_ws/install/yolo_msgs/lib/python3.8/site-packages/yolo_msgs/msg/_key_point3_d_s.c
[5.313s] -- Installing: /home/agilex/krish_ws/install/yolo_msgs/lib/python3.8/site-packages/yolo_msgs/srv
[5.313s] -- Installing: /home/agilex/krish_ws/install/yolo_msgs/lib/python3.8/site-packages/yolo_msgs/srv/__init__.py
[5.313s] -- Installing: /home/agilex/krish_ws/install/yolo_msgs/lib/python3.8/site-packages/yolo_msgs/srv/_set_classes_s.c
[5.313s] -- Installing: /home/agilex/krish_ws/install/yolo_msgs/lib/python3.8/site-packages/yolo_msgs/srv/_set_classes.py
[5.314s] -- Installing: /home/agilex/krish_ws/install/yolo_msgs/lib/python3.8/site-packages/yolo_msgs/yolo_msgs_s__rosidl_typesupport_fastrtps_c.cpython-38-aarch64-linux-gnu.so
[5.315s] -- Set runtime path of "/home/agilex/krish_ws/install/yolo_msgs/lib/python3.8/site-packages/yolo_msgs/yolo_msgs_s__rosidl_typesupport_fastrtps_c.cpython-38-aarch64-linux-gnu.so" to ""
[5.315s] -- Installing: /home/agilex/krish_ws/install/yolo_msgs/lib/python3.8/site-packages/yolo_msgs/yolo_msgs_s__rosidl_typesupport_introspection_c.cpython-38-aarch64-linux-gnu.so
[5.316s] -- Set runtime path of "/home/agilex/krish_ws/install/yolo_msgs/lib/python3.8/site-packages/yolo_msgs/yolo_msgs_s__rosidl_typesupport_introspection_c.cpython-38-aarch64-linux-gnu.so" to ""
[5.317s] -- Installing: /home/agilex/krish_ws/install/yolo_msgs/lib/python3.8/site-packages/yolo_msgs/yolo_msgs_s__rosidl_typesupport_c.cpython-38-aarch64-linux-gnu.so
[5.318s] -- Set runtime path of "/home/agilex/krish_ws/install/yolo_msgs/lib/python3.8/site-packages/yolo_msgs/yolo_msgs_s__rosidl_typesupport_c.cpython-38-aarch64-linux-gnu.so" to ""
[5.318s] -- Installing: /home/agilex/krish_ws/install/yolo_msgs/lib/libyolo_msgs__python.so
[5.319s] -- Set runtime path of "/home/agilex/krish_ws/install/yolo_msgs/lib/libyolo_msgs__python.so" to ""
[5.319s] -- Installing: /home/agilex/krish_ws/install/yolo_msgs/share/yolo_msgs/msg/Point2D.idl
[5.319s] -- Installing: /home/agilex/krish_ws/install/yolo_msgs/share/yolo_msgs/msg/Vector2.idl
[5.320s] -- Installing: /home/agilex/krish_ws/install/yolo_msgs/share/yolo_msgs/msg/Pose2D.idl
[5.320s] -- Installing: /home/agilex/krish_ws/install/yolo_msgs/share/yolo_msgs/msg/BoundingBox2D.idl
[5.320s] -- Installing: /home/agilex/krish_ws/install/yolo_msgs/share/yolo_msgs/msg/BoundingBox3D.idl
[5.321s] -- Installing: /home/agilex/krish_ws/install/yolo_msgs/share/yolo_msgs/msg/Mask.idl
[5.321s] -- Installing: /home/agilex/krish_ws/install/yolo_msgs/share/yolo_msgs/msg/KeyPoint2D.idl
[5.321s] -- Installing: /home/agilex/krish_ws/install/yolo_msgs/share/yolo_msgs/msg/KeyPoint2DArray.idl
[5.322s] -- Installing: /home/agilex/krish_ws/install/yolo_msgs/share/yolo_msgs/msg/KeyPoint3D.idl
[5.322s] -- Installing: /home/agilex/krish_ws/install/yolo_msgs/share/yolo_msgs/msg/KeyPoint3DArray.idl
[5.322s] -- Installing: /home/agilex/krish_ws/install/yolo_msgs/share/yolo_msgs/msg/Detection.idl
[5.322s] -- Installing: /home/agilex/krish_ws/install/yolo_msgs/share/yolo_msgs/msg/DetectionArray.idl
[5.323s] -- Installing: /home/agilex/krish_ws/install/yolo_msgs/share/yolo_msgs/srv/SetClasses.idl
[5.323s] -- Installing: /home/agilex/krish_ws/install/yolo_msgs/share/yolo_msgs/msg/Point2D.msg
[5.323s] -- Installing: /home/agilex/krish_ws/install/yolo_msgs/share/yolo_msgs/msg/Vector2.msg
[5.324s] -- Installing: /home/agilex/krish_ws/install/yolo_msgs/share/yolo_msgs/msg/Pose2D.msg
[5.324s] -- Installing: /home/agilex/krish_ws/install/yolo_msgs/share/yolo_msgs/msg/BoundingBox2D.msg
[5.324s] -- Installing: /home/agilex/krish_ws/install/yolo_msgs/share/yolo_msgs/msg/BoundingBox3D.msg
[5.324s] -- Installing: /home/agilex/krish_ws/install/yolo_msgs/share/yolo_msgs/msg/Mask.msg
[5.325s] -- Installing: /home/agilex/krish_ws/install/yolo_msgs/share/yolo_msgs/msg/KeyPoint2D.msg
[5.325s] -- Installing: /home/agilex/krish_ws/install/yolo_msgs/share/yolo_msgs/msg/KeyPoint2DArray.msg
[5.325s] -- Installing: /home/agilex/krish_ws/install/yolo_msgs/share/yolo_msgs/msg/KeyPoint3D.msg
[5.326s] -- Installing: /home/agilex/krish_ws/install/yolo_msgs/share/yolo_msgs/msg/KeyPoint3DArray.msg
[5.326s] -- Installing: /home/agilex/krish_ws/install/yolo_msgs/share/yolo_msgs/msg/Detection.msg
[5.326s] -- Installing: /home/agilex/krish_ws/install/yolo_msgs/share/yolo_msgs/msg/DetectionArray.msg
[5.326s] -- Installing: /home/agilex/krish_ws/install/yolo_msgs/share/yolo_msgs/srv/SetClasses.srv
[5.327s] -- Installing: /home/agilex/krish_ws/install/yolo_msgs/share/yolo_msgs/srv/SetClasses_Request.msg
[5.327s] -- Installing: /home/agilex/krish_ws/install/yolo_msgs/share/yolo_msgs/srv/SetClasses_Response.msg
[5.327s] -- Installing: /home/agilex/krish_ws/install/yolo_msgs/share/ament_index/resource_index/package_run_dependencies/yolo_msgs
[5.328s] -- Installing: /home/agilex/krish_ws/install/yolo_msgs/share/ament_index/resource_index/parent_prefix_path/yolo_msgs
[5.328s] -- Installing: /home/agilex/krish_ws/install/yolo_msgs/share/yolo_msgs/environment/ament_prefix_path.sh
[5.328s] -- Installing: /home/agilex/krish_ws/install/yolo_msgs/share/yolo_msgs/environment/ament_prefix_path.dsv
[5.329s] -- Installing: /home/agilex/krish_ws/install/yolo_msgs/share/yolo_msgs/environment/path.sh
[5.329s] -- Installing: /home/agilex/krish_ws/install/yolo_msgs/share/yolo_msgs/environment/path.dsv
[5.329s] -- Installing: /home/agilex/krish_ws/install/yolo_msgs/share/yolo_msgs/local_setup.bash
[5.330s] -- Installing: /home/agilex/krish_ws/install/yolo_msgs/share/yolo_msgs/local_setup.sh
[5.330s] -- Installing: /home/agilex/krish_ws/install/yolo_msgs/share/yolo_msgs/local_setup.zsh
[5.330s] -- Installing: /home/agilex/krish_ws/install/yolo_msgs/share/yolo_msgs/local_setup.dsv
[5.330s] -- Installing: /home/agilex/krish_ws/install/yolo_msgs/share/yolo_msgs/package.dsv
[5.331s] -- Installing: /home/agilex/krish_ws/install/yolo_msgs/share/ament_index/resource_index/packages/yolo_msgs
[5.331s] -- Installing: /home/agilex/krish_ws/install/yolo_msgs/share/yolo_msgs/cmake/yolo_msgs__rosidl_generator_cExport.cmake
[5.332s] -- Installing: /home/agilex/krish_ws/install/yolo_msgs/share/yolo_msgs/cmake/yolo_msgs__rosidl_generator_cExport-noconfig.cmake
[5.332s] -- Installing: /home/agilex/krish_ws/install/yolo_msgs/share/yolo_msgs/cmake/yolo_msgs__rosidl_typesupport_introspection_cExport.cmake
[5.332s] -- Installing: /home/agilex/krish_ws/install/yolo_msgs/share/yolo_msgs/cmake/yolo_msgs__rosidl_typesupport_introspection_cExport-noconfig.cmake
[5.333s] -- Installing: /home/agilex/krish_ws/install/yolo_msgs/share/yolo_msgs/cmake/yolo_msgs__rosidl_typesupport_cExport.cmake
[5.333s] -- Installing: /home/agilex/krish_ws/install/yolo_msgs/share/yolo_msgs/cmake/yolo_msgs__rosidl_typesupport_cExport-noconfig.cmake
[5.334s] -- Installing: /home/agilex/krish_ws/install/yolo_msgs/share/yolo_msgs/cmake/yolo_msgs__rosidl_generator_cppExport.cmake
[5.334s] -- Installing: /home/agilex/krish_ws/install/yolo_msgs/share/yolo_msgs/cmake/yolo_msgs__rosidl_typesupport_introspection_cppExport.cmake
[5.334s] -- Installing: /home/agilex/krish_ws/install/yolo_msgs/share/yolo_msgs/cmake/yolo_msgs__rosidl_typesupport_introspection_cppExport-noconfig.cmake
[5.335s] -- Installing: /home/agilex/krish_ws/install/yolo_msgs/share/yolo_msgs/cmake/yolo_msgs__rosidl_typesupport_cppExport.cmake
[5.335s] -- Installing: /home/agilex/krish_ws/install/yolo_msgs/share/yolo_msgs/cmake/yolo_msgs__rosidl_typesupport_cppExport-noconfig.cmake
[5.335s] -- Installing: /home/agilex/krish_ws/install/yolo_msgs/share/yolo_msgs/cmake/rosidl_cmake-extras.cmake
[5.336s] -- Installing: /home/agilex/krish_ws/install/yolo_msgs/share/yolo_msgs/cmake/ament_cmake_export_dependencies-extras.cmake
[5.336s] -- Installing: /home/agilex/krish_ws/install/yolo_msgs/share/yolo_msgs/cmake/ament_cmake_export_libraries-extras.cmake
[5.336s] -- Installing: /home/agilex/krish_ws/install/yolo_msgs/share/yolo_msgs/cmake/ament_cmake_export_targets-extras.cmake
[5.336s] -- Installing: /home/agilex/krish_ws/install/yolo_msgs/share/yolo_msgs/cmake/ament_cmake_export_include_directories-extras.cmake
[5.337s] -- Installing: /home/agilex/krish_ws/install/yolo_msgs/share/yolo_msgs/cmake/rosidl_cmake_export_typesupport_libraries-extras.cmake
[5.337s] -- Installing: /home/agilex/krish_ws/install/yolo_msgs/share/yolo_msgs/cmake/rosidl_cmake_export_typesupport_targets-extras.cmake
[5.337s] -- Installing: /home/agilex/krish_ws/install/yolo_msgs/share/yolo_msgs/cmake/yolo_msgsConfig.cmake
[5.338s] -- Installing: /home/agilex/krish_ws/install/yolo_msgs/share/yolo_msgs/cmake/yolo_msgsConfig-version.cmake
[5.338s] -- Installing: /home/agilex/krish_ws/install/yolo_msgs/share/yolo_msgs/package.xml
[5.344s] Invoked command in '/home/agilex/krish_ws/build/yolo_msgs' returned '0': CMAKE_PREFIX_PATH=${CMAKE_PREFIX_PATH}:/home/agilex/limo_ros2_ws/install/ultraarm:/home/agilex/limo_ros2_ws/install/nav2_gazebo_spawner:/home/agilex/limo_ros2_ws/install/mypalletizer_260_pi:/home/agilex/limo_ros2_ws/install/mypalletizer_260:/home/agilex/limo_ros2_ws/install/mypalletizer_communication:/home/agilex/limo_ros2_ws/install/mycobot_630:/home/agilex/limo_ros2_ws/install/mycobot_600:/home/agilex/limo_ros2_ws/install/mycobot_320pi:/home/agilex/limo_ros2_ws/install/mycobot_320:/home/agilex/limo_ros2_ws/install/mycobot_280pi:/home/agilex/limo_ros2_ws/install/mycobot_280jn:/home/agilex/limo_ros2_ws/install/mycobot_280_x3pi:/home/agilex/limo_ros2_ws/install/mycobot_280:/home/agilex/limo_ros2_ws/install/myarm_m750:/home/agilex/limo_ros2_ws/install/myarm_c650:/home/agilex/limo_ros2_ws/install/myarm_300:/home/agilex/limo_ros2_ws/install/mycobot_communication:/home/agilex/limo_ros2_ws/install/mecharm_pi:/home/agilex/limo_ros2_ws/install/mecharm:/home/agilex/limo_ros2_ws/install/mecharm_communication:/home/agilex/limo_ros2_ws/install/mybuddy:/home/agilex/limo_ros2_ws/install/mycobot_description:/opt/ros/foxy /usr/bin/cmake --install /home/agilex/krish_ws/build/yolo_msgs
