[6.630s] Invoking command in '/home/agilex/krish_ws/src/object_detector': PYTHONPATH=/home/agilex/krish_ws/build/object_detector/prefix_override:/home/agilex/krish_ws/install/object_detector/lib/python3.8/site-packages:${PYTHONPATH} /usr/bin/python3 setup.py egg_info --egg-base ../../build/object_detector build --build-base /home/agilex/krish_ws/build/object_detector/build install --record /home/agilex/krish_ws/build/object_detector/install.log --install-scripts $base/lib/object_detector --single-version-externally-managed
[7.135s] /home/agilex/.local/lib/python3.8/site-packages/setuptools/dist.py:476: SetuptoolsDeprecationWarning: Invalid dash-separated options
[7.136s] !!
[7.137s] 
[7.137s]         ********************************************************************************
[7.137s]         Usage of dash-separated 'script-dir' will not be supported in future
[7.137s]         versions. Please use the underscore name 'script_dir' instead.
[7.137s] 
[7.137s]         This deprecation is overdue, please update your project and remove deprecated
[7.137s]         calls to avoid build errors in the future.
[7.137s] 
[7.138s]         See https://setuptools.pypa.io/en/latest/userguide/declarative_config.html for details.
[7.138s]         ********************************************************************************
[7.138s] 
[7.138s] !!
[7.138s]   opt = self.warn_dash_deprecation(opt, section)
[7.476s] running egg_info
[7.532s] writing ../../build/object_detector/object_detector.egg-info/PKG-INFO
[7.535s] writing dependency_links to ../../build/object_detector/object_detector.egg-info/dependency_links.txt
[7.535s] writing entry points to ../../build/object_detector/object_detector.egg-info/entry_points.txt
[7.536s] writing requirements to ../../build/object_detector/object_detector.egg-info/requires.txt
[7.536s] writing top-level names to ../../build/object_detector/object_detector.egg-info/top_level.txt
[8.138s] reading manifest file '../../build/object_detector/object_detector.egg-info/SOURCES.txt'
[8.138s] writing manifest file '../../build/object_detector/object_detector.egg-info/SOURCES.txt'
[8.138s] running build
[8.138s] running build_py
[8.138s] copying object_detector/__init__.py -> /home/agilex/krish_ws/build/object_detector/build/lib/object_detector
[8.139s] copying object_detector/object_detector.py -> /home/agilex/krish_ws/build/object_detector/build/lib/object_detector
[8.139s] running install
[8.140s] /home/agilex/.local/lib/python3.8/site-packages/setuptools/_distutils/cmd.py:66: SetuptoolsDeprecationWarning: setup.py install is deprecated.
[8.140s] !!
[8.150s] 
[8.150s]         ********************************************************************************
[8.150s]         Please avoid running ``setup.py`` directly.
[8.150s]         Instead, use pypa/build, pypa/installer or other
[8.150s]         standards-based tools.
[8.150s] 
[8.151s]         See https://blog.ganssle.io/articles/2021/10/setup-py-deprecated.html for details.
[8.151s]         ********************************************************************************
[8.151s] 
[8.151s] !!
[8.152s]   self.initialize_options()
[8.162s] running install_lib
[8.241s] copying /home/agilex/krish_ws/build/object_detector/build/lib/object_detector/object_detector.py -> /home/agilex/krish_ws/install/object_detector/lib/python3.8/site-packages/object_detector
[8.242s] byte-compiling /home/agilex/krish_ws/install/object_detector/lib/python3.8/site-packages/object_detector/object_detector.py to object_detector.cpython-38.pyc
[8.244s] running install_data
[8.328s] copying resource/object_detector -> /home/agilex/krish_ws/install/object_detector/share/ament_index/resource_index/packages
[8.328s] copying package.xml -> /home/agilex/krish_ws/install/object_detector/share/object_detector
[8.328s] running install_egg_info
[8.407s] removing '/home/agilex/krish_ws/install/object_detector/lib/python3.8/site-packages/object_detector-0.0.0-py3.8.egg-info' (and everything under it)
[8.407s] Copying ../../build/object_detector/object_detector.egg-info to /home/agilex/krish_ws/install/object_detector/lib/python3.8/site-packages/object_detector-0.0.0-py3.8.egg-info
[8.408s] running install_scripts
[8.557s] Installing yolo_detector script to /home/agilex/krish_ws/install/object_detector/lib/object_detector
[8.558s] writing list of installed files to '/home/agilex/krish_ws/build/object_detector/install.log'
[9.066s] Invoked command in '/home/agilex/krish_ws/src/object_detector' returned '0': PYTHONPATH=/home/agilex/krish_ws/build/object_detector/prefix_override:/home/agilex/krish_ws/install/object_detector/lib/python3.8/site-packages:${PYTHONPATH} /usr/bin/python3 setup.py egg_info --egg-base ../../build/object_detector build --build-base /home/agilex/krish_ws/build/object_detector/build install --record /home/agilex/krish_ws/build/object_detector/install.log --install-scripts $base/lib/object_detector --single-version-externally-managed
