[14.375s] DEBUG:colcon:Command line arguments: ['/usr/bin/colcon', 'build']
[14.375s] DEBUG:colcon:Parsed command line arguments: Namespace(allow_overriding=[], ament_cmake_args=None, base_paths=['.'], build_base='build', catkin_cmake_args=None, catkin_skip_building_tests=False, cmake_args=None, cmake_clean_cache=False, cmake_clean_first=False, cmake_force_configure=False, cmake_target=None, cmake_target_skip_unavailable=False, continue_on_error=False, event_handlers=None, executor='parallel', ignore_user_meta=False, install_base='install', log_base=None, log_level=None, main=<bound method BuildVerb.main of <colcon_core.verb.build.BuildVerb object at 0xffffa27e93a0>>, merge_install=False, metas=['./colcon.meta'], packages_above=None, packages_above_and_dependencies=None, packages_above_depth=None, packages_end=None, packages_ignore=None, packages_ignore_regex=None, packages_select=None, packages_select_build_failed=False, packages_select_by_dep=None, packages_select_regex=None, packages_select_test_failures=False, packages_skip=None, packages_skip_build_finished=False, packages_skip_by_dep=None, packages_skip_regex=None, packages_skip_test_passed=False, packages_skip_up_to=None, packages_start=None, packages_up_to=None, packages_up_to_regex=None, parallel_workers=6, paths=None, symlink_install=False, test_result_base=None, verb_extension=<colcon_core.verb.build.BuildVerb object at 0xffffa27e93a0>, verb_name='build', verb_parser=<colcon_defaults.argument_parser.defaults.DefaultArgumentsDecorator object at 0xffffa27e9820>)
[14.967s] Level 1:colcon.colcon_core.package_discovery:discover_packages(colcon_meta) check parameters
[14.967s] Level 1:colcon.colcon_core.package_discovery:discover_packages(recursive) check parameters
[14.967s] Level 1:colcon.colcon_core.package_discovery:discover_packages(ignore) check parameters
[14.967s] Level 1:colcon.colcon_core.package_discovery:discover_packages(path) check parameters
[14.967s] Level 1:colcon.colcon_core.package_discovery:discover_packages(colcon_meta) discover
[14.967s] Level 1:colcon.colcon_core.package_discovery:discover_packages(recursive) discover
[14.967s] INFO:colcon.colcon_core.package_discovery:Crawling recursively for packages in '/home/agilex/krish_ws'
[14.968s] Level 1:colcon.colcon_core.package_identification:_identify(.) by extensions ['ignore', 'ignore_ament_install']
[14.968s] Level 1:colcon.colcon_core.package_identification:_identify(.) by extension 'ignore'
[14.968s] Level 1:colcon.colcon_core.package_identification:_identify(.) by extension 'ignore_ament_install'
[14.968s] Level 1:colcon.colcon_core.package_identification:_identify(.) by extensions ['colcon_pkg']
[14.968s] Level 1:colcon.colcon_core.package_identification:_identify(.) by extension 'colcon_pkg'
[14.968s] Level 1:colcon.colcon_core.package_identification:_identify(.) by extensions ['colcon_meta']
[14.968s] Level 1:colcon.colcon_core.package_identification:_identify(.) by extension 'colcon_meta'
[14.968s] Level 1:colcon.colcon_core.package_identification:_identify(.) by extensions ['ros']
[14.969s] Level 1:colcon.colcon_core.package_identification:_identify(.) by extension 'ros'
[14.999s] Level 1:colcon.colcon_core.package_identification:_identify(.) by extensions ['cmake', 'python']
[14.999s] Level 1:colcon.colcon_core.package_identification:_identify(.) by extension 'cmake'
[14.999s] Level 1:colcon.colcon_core.package_identification:_identify(.) by extension 'python'
[14.999s] Level 1:colcon.colcon_core.package_identification:_identify(.) by extensions ['python_setup_py']
[14.999s] Level 1:colcon.colcon_core.package_identification:_identify(.) by extension 'python_setup_py'
[15.000s] Level 1:colcon.colcon_core.package_identification:_identify(build) by extensions ['ignore', 'ignore_ament_install']
[15.000s] Level 1:colcon.colcon_core.package_identification:_identify(build) by extension 'ignore'
[15.000s] Level 1:colcon.colcon_core.package_identification:_identify(build) ignored
[15.000s] Level 1:colcon.colcon_core.package_identification:_identify(install) by extensions ['ignore', 'ignore_ament_install']
[15.001s] Level 1:colcon.colcon_core.package_identification:_identify(install) by extension 'ignore'
[15.001s] Level 1:colcon.colcon_core.package_identification:_identify(install) ignored
[15.001s] Level 1:colcon.colcon_core.package_identification:_identify(log) by extensions ['ignore', 'ignore_ament_install']
[15.001s] Level 1:colcon.colcon_core.package_identification:_identify(log) by extension 'ignore'
[15.001s] Level 1:colcon.colcon_core.package_identification:_identify(log) ignored
[15.001s] Level 1:colcon.colcon_core.package_identification:_identify(src) by extensions ['ignore', 'ignore_ament_install']
[15.002s] Level 1:colcon.colcon_core.package_identification:_identify(src) by extension 'ignore'
[15.002s] Level 1:colcon.colcon_core.package_identification:_identify(src) by extension 'ignore_ament_install'
[15.002s] Level 1:colcon.colcon_core.package_identification:_identify(src) by extensions ['colcon_pkg']
[15.002s] Level 1:colcon.colcon_core.package_identification:_identify(src) by extension 'colcon_pkg'
[15.002s] Level 1:colcon.colcon_core.package_identification:_identify(src) by extensions ['colcon_meta']
[15.002s] Level 1:colcon.colcon_core.package_identification:_identify(src) by extension 'colcon_meta'
[15.002s] Level 1:colcon.colcon_core.package_identification:_identify(src) by extensions ['ros']
[15.002s] Level 1:colcon.colcon_core.package_identification:_identify(src) by extension 'ros'
[15.002s] Level 1:colcon.colcon_core.package_identification:_identify(src) by extensions ['cmake', 'python']
[15.002s] Level 1:colcon.colcon_core.package_identification:_identify(src) by extension 'cmake'
[15.002s] Level 1:colcon.colcon_core.package_identification:_identify(src) by extension 'python'
[15.003s] Level 1:colcon.colcon_core.package_identification:_identify(src) by extensions ['python_setup_py']
[15.003s] Level 1:colcon.colcon_core.package_identification:_identify(src) by extension 'python_setup_py'
[15.003s] Level 1:colcon.colcon_core.package_identification:_identify(src/object_detection) by extensions ['ignore', 'ignore_ament_install']
[15.003s] Level 1:colcon.colcon_core.package_identification:_identify(src/object_detection) by extension 'ignore'
[15.003s] Level 1:colcon.colcon_core.package_identification:_identify(src/object_detection) by extension 'ignore_ament_install'
[15.003s] Level 1:colcon.colcon_core.package_identification:_identify(src/object_detection) by extensions ['colcon_pkg']
[15.003s] Level 1:colcon.colcon_core.package_identification:_identify(src/object_detection) by extension 'colcon_pkg'
[15.003s] Level 1:colcon.colcon_core.package_identification:_identify(src/object_detection) by extensions ['colcon_meta']
[15.004s] Level 1:colcon.colcon_core.package_identification:_identify(src/object_detection) by extension 'colcon_meta'
[15.004s] Level 1:colcon.colcon_core.package_identification:_identify(src/object_detection) by extensions ['ros']
[15.004s] Level 1:colcon.colcon_core.package_identification:_identify(src/object_detection) by extension 'ros'
[15.009s] DEBUG:colcon.colcon_core.package_identification:Package 'src/object_detection' with type 'ros.ament_python' and name 'object_detection'
[15.010s] Level 1:colcon.colcon_core.package_identification:_identify(src/yolo_ros) by extensions ['ignore', 'ignore_ament_install']
[15.010s] Level 1:colcon.colcon_core.package_identification:_identify(src/yolo_ros) by extension 'ignore'
[15.010s] Level 1:colcon.colcon_core.package_identification:_identify(src/yolo_ros) by extension 'ignore_ament_install'
[15.010s] Level 1:colcon.colcon_core.package_identification:_identify(src/yolo_ros) by extensions ['colcon_pkg']
[15.010s] Level 1:colcon.colcon_core.package_identification:_identify(src/yolo_ros) by extension 'colcon_pkg'
[15.010s] Level 1:colcon.colcon_core.package_identification:_identify(src/yolo_ros) by extensions ['colcon_meta']
[15.010s] Level 1:colcon.colcon_core.package_identification:_identify(src/yolo_ros) by extension 'colcon_meta'
[15.011s] Level 1:colcon.colcon_core.package_identification:_identify(src/yolo_ros) by extensions ['ros']
[15.011s] Level 1:colcon.colcon_core.package_identification:_identify(src/yolo_ros) by extension 'ros'
[15.011s] Level 1:colcon.colcon_core.package_identification:_identify(src/yolo_ros) by extensions ['cmake', 'python']
[15.011s] Level 1:colcon.colcon_core.package_identification:_identify(src/yolo_ros) by extension 'cmake'
[15.011s] Level 1:colcon.colcon_core.package_identification:_identify(src/yolo_ros) by extension 'python'
[15.011s] Level 1:colcon.colcon_core.package_identification:_identify(src/yolo_ros) by extensions ['python_setup_py']
[15.011s] Level 1:colcon.colcon_core.package_identification:_identify(src/yolo_ros) by extension 'python_setup_py'
[15.011s] Level 1:colcon.colcon_core.package_identification:_identify(src/yolo_ros/docs) by extensions ['ignore', 'ignore_ament_install']
[15.012s] Level 1:colcon.colcon_core.package_identification:_identify(src/yolo_ros/docs) by extension 'ignore'
[15.012s] Level 1:colcon.colcon_core.package_identification:_identify(src/yolo_ros/docs) by extension 'ignore_ament_install'
[15.012s] Level 1:colcon.colcon_core.package_identification:_identify(src/yolo_ros/docs) by extensions ['colcon_pkg']
[15.012s] Level 1:colcon.colcon_core.package_identification:_identify(src/yolo_ros/docs) by extension 'colcon_pkg'
[15.012s] Level 1:colcon.colcon_core.package_identification:_identify(src/yolo_ros/docs) by extensions ['colcon_meta']
[15.012s] Level 1:colcon.colcon_core.package_identification:_identify(src/yolo_ros/docs) by extension 'colcon_meta'
[15.012s] Level 1:colcon.colcon_core.package_identification:_identify(src/yolo_ros/docs) by extensions ['ros']
[15.012s] Level 1:colcon.colcon_core.package_identification:_identify(src/yolo_ros/docs) by extension 'ros'
[15.012s] Level 1:colcon.colcon_core.package_identification:_identify(src/yolo_ros/docs) by extensions ['cmake', 'python']
[15.012s] Level 1:colcon.colcon_core.package_identification:_identify(src/yolo_ros/docs) by extension 'cmake'
[15.013s] Level 1:colcon.colcon_core.package_identification:_identify(src/yolo_ros/docs) by extension 'python'
[15.013s] Level 1:colcon.colcon_core.package_identification:_identify(src/yolo_ros/docs) by extensions ['python_setup_py']
[15.013s] Level 1:colcon.colcon_core.package_identification:_identify(src/yolo_ros/docs) by extension 'python_setup_py'
[15.013s] Level 1:colcon.colcon_core.package_identification:_identify(src/yolo_ros/yolo_bringup) by extensions ['ignore', 'ignore_ament_install']
[15.013s] Level 1:colcon.colcon_core.package_identification:_identify(src/yolo_ros/yolo_bringup) by extension 'ignore'
[15.013s] Level 1:colcon.colcon_core.package_identification:_identify(src/yolo_ros/yolo_bringup) by extension 'ignore_ament_install'
[15.013s] Level 1:colcon.colcon_core.package_identification:_identify(src/yolo_ros/yolo_bringup) by extensions ['colcon_pkg']
[15.013s] Level 1:colcon.colcon_core.package_identification:_identify(src/yolo_ros/yolo_bringup) by extension 'colcon_pkg'
[15.013s] Level 1:colcon.colcon_core.package_identification:_identify(src/yolo_ros/yolo_bringup) by extensions ['colcon_meta']
[15.014s] Level 1:colcon.colcon_core.package_identification:_identify(src/yolo_ros/yolo_bringup) by extension 'colcon_meta'
[15.014s] Level 1:colcon.colcon_core.package_identification:_identify(src/yolo_ros/yolo_bringup) by extensions ['ros']
[15.014s] Level 1:colcon.colcon_core.package_identification:_identify(src/yolo_ros/yolo_bringup) by extension 'ros'
[15.015s] DEBUG:colcon.colcon_core.package_identification:Package 'src/yolo_ros/yolo_bringup' with type 'ros.ament_cmake' and name 'yolo_bringup'
[15.015s] Level 1:colcon.colcon_core.package_identification:_identify(src/yolo_ros/yolo_msgs) by extensions ['ignore', 'ignore_ament_install']
[15.015s] Level 1:colcon.colcon_core.package_identification:_identify(src/yolo_ros/yolo_msgs) by extension 'ignore'
[15.015s] Level 1:colcon.colcon_core.package_identification:_identify(src/yolo_ros/yolo_msgs) by extension 'ignore_ament_install'
[15.015s] Level 1:colcon.colcon_core.package_identification:_identify(src/yolo_ros/yolo_msgs) by extensions ['colcon_pkg']
[15.015s] Level 1:colcon.colcon_core.package_identification:_identify(src/yolo_ros/yolo_msgs) by extension 'colcon_pkg'
[15.016s] Level 1:colcon.colcon_core.package_identification:_identify(src/yolo_ros/yolo_msgs) by extensions ['colcon_meta']
[15.016s] Level 1:colcon.colcon_core.package_identification:_identify(src/yolo_ros/yolo_msgs) by extension 'colcon_meta'
[15.016s] Level 1:colcon.colcon_core.package_identification:_identify(src/yolo_ros/yolo_msgs) by extensions ['ros']
[15.016s] Level 1:colcon.colcon_core.package_identification:_identify(src/yolo_ros/yolo_msgs) by extension 'ros'
[15.017s] DEBUG:colcon.colcon_core.package_identification:Package 'src/yolo_ros/yolo_msgs' with type 'ros.ament_cmake' and name 'yolo_msgs'
[15.017s] Level 1:colcon.colcon_core.package_identification:_identify(src/yolo_ros/yolo_ros) by extensions ['ignore', 'ignore_ament_install']
[15.017s] Level 1:colcon.colcon_core.package_identification:_identify(src/yolo_ros/yolo_ros) by extension 'ignore'
[15.017s] Level 1:colcon.colcon_core.package_identification:_identify(src/yolo_ros/yolo_ros) by extension 'ignore_ament_install'
[15.018s] Level 1:colcon.colcon_core.package_identification:_identify(src/yolo_ros/yolo_ros) by extensions ['colcon_pkg']
[15.018s] Level 1:colcon.colcon_core.package_identification:_identify(src/yolo_ros/yolo_ros) by extension 'colcon_pkg'
[15.018s] Level 1:colcon.colcon_core.package_identification:_identify(src/yolo_ros/yolo_ros) by extensions ['colcon_meta']
[15.018s] Level 1:colcon.colcon_core.package_identification:_identify(src/yolo_ros/yolo_ros) by extension 'colcon_meta'
[15.018s] Level 1:colcon.colcon_core.package_identification:_identify(src/yolo_ros/yolo_ros) by extensions ['ros']
[15.018s] Level 1:colcon.colcon_core.package_identification:_identify(src/yolo_ros/yolo_ros) by extension 'ros'
[15.019s] DEBUG:colcon.colcon_core.package_identification:Package 'src/yolo_ros/yolo_ros' with type 'ros.ament_python' and name 'yolo_ros'
[15.020s] Level 1:colcon.colcon_core.package_discovery:discover_packages(recursive) using defaults
[15.020s] Level 1:colcon.colcon_core.package_discovery:discover_packages(ignore) discover
[15.020s] Level 1:colcon.colcon_core.package_discovery:discover_packages(ignore) using defaults
[15.020s] Level 1:colcon.colcon_core.package_discovery:discover_packages(path) discover
[15.020s] Level 1:colcon.colcon_core.package_discovery:discover_packages(path) using defaults
[16.294s] Level 1:colcon.colcon_core.package_discovery:discover_packages(prefix_path) check parameters
[16.294s] Level 1:colcon.colcon_core.package_discovery:discover_packages(prefix_path) discover
[16.796s] DEBUG:colcon.colcon_installed_package_information.package_discovery:Found 71 installed packages in /home/agilex/limo_ros2_ws/install
[17.044s] DEBUG:colcon.colcon_installed_package_information.package_discovery:Found 358 installed packages in /opt/ros/foxy
[17.050s] Level 1:colcon.colcon_core.package_discovery:discover_packages(prefix_path) using defaults
[17.679s] Level 5:colcon.colcon_core.verb:set package 'object_detection' build argument 'cmake_args' from command line to 'None'
[17.679s] Level 5:colcon.colcon_core.verb:set package 'object_detection' build argument 'cmake_target' from command line to 'None'
[17.679s] Level 5:colcon.colcon_core.verb:set package 'object_detection' build argument 'cmake_target_skip_unavailable' from command line to 'False'
[17.679s] Level 5:colcon.colcon_core.verb:set package 'object_detection' build argument 'cmake_clean_cache' from command line to 'False'
[17.679s] Level 5:colcon.colcon_core.verb:set package 'object_detection' build argument 'cmake_clean_first' from command line to 'False'
[17.679s] Level 5:colcon.colcon_core.verb:set package 'object_detection' build argument 'cmake_force_configure' from command line to 'False'
[17.679s] Level 5:colcon.colcon_core.verb:set package 'object_detection' build argument 'ament_cmake_args' from command line to 'None'
[17.679s] Level 5:colcon.colcon_core.verb:set package 'object_detection' build argument 'catkin_cmake_args' from command line to 'None'
[17.679s] Level 5:colcon.colcon_core.verb:set package 'object_detection' build argument 'catkin_skip_building_tests' from command line to 'False'
[17.679s] DEBUG:colcon.colcon_core.verb:Building package 'object_detection' with the following arguments: {'ament_cmake_args': None, 'build_base': '/home/agilex/krish_ws/build/object_detection', 'catkin_cmake_args': None, 'catkin_skip_building_tests': False, 'cmake_args': None, 'cmake_clean_cache': False, 'cmake_clean_first': False, 'cmake_force_configure': False, 'cmake_target': None, 'cmake_target_skip_unavailable': False, 'install_base': '/home/agilex/krish_ws/install/object_detection', 'merge_install': False, 'path': '/home/agilex/krish_ws/src/object_detection', 'symlink_install': False, 'test_result_base': None}
[17.924s] Level 5:colcon.colcon_core.verb:set package 'yolo_msgs' build argument 'cmake_args' from command line to 'None'
[17.925s] Level 5:colcon.colcon_core.verb:set package 'yolo_msgs' build argument 'cmake_target' from command line to 'None'
[17.925s] Level 5:colcon.colcon_core.verb:set package 'yolo_msgs' build argument 'cmake_target_skip_unavailable' from command line to 'False'
[17.925s] Level 5:colcon.colcon_core.verb:set package 'yolo_msgs' build argument 'cmake_clean_cache' from command line to 'False'
[17.925s] Level 5:colcon.colcon_core.verb:set package 'yolo_msgs' build argument 'cmake_clean_first' from command line to 'False'
[17.925s] Level 5:colcon.colcon_core.verb:set package 'yolo_msgs' build argument 'cmake_force_configure' from command line to 'False'
[17.925s] Level 5:colcon.colcon_core.verb:set package 'yolo_msgs' build argument 'ament_cmake_args' from command line to 'None'
[17.925s] Level 5:colcon.colcon_core.verb:set package 'yolo_msgs' build argument 'catkin_cmake_args' from command line to 'None'
[17.925s] Level 5:colcon.colcon_core.verb:set package 'yolo_msgs' build argument 'catkin_skip_building_tests' from command line to 'False'
[17.925s] DEBUG:colcon.colcon_core.verb:Building package 'yolo_msgs' with the following arguments: {'ament_cmake_args': None, 'build_base': '/home/agilex/krish_ws/build/yolo_msgs', 'catkin_cmake_args': None, 'catkin_skip_building_tests': False, 'cmake_args': None, 'cmake_clean_cache': False, 'cmake_clean_first': False, 'cmake_force_configure': False, 'cmake_target': None, 'cmake_target_skip_unavailable': False, 'install_base': '/home/agilex/krish_ws/install/yolo_msgs', 'merge_install': False, 'path': '/home/agilex/krish_ws/src/yolo_ros/yolo_msgs', 'symlink_install': False, 'test_result_base': None}
[18.171s] Level 5:colcon.colcon_core.verb:set package 'yolo_ros' build argument 'cmake_args' from command line to 'None'
[18.171s] Level 5:colcon.colcon_core.verb:set package 'yolo_ros' build argument 'cmake_target' from command line to 'None'
[18.171s] Level 5:colcon.colcon_core.verb:set package 'yolo_ros' build argument 'cmake_target_skip_unavailable' from command line to 'False'
[18.171s] Level 5:colcon.colcon_core.verb:set package 'yolo_ros' build argument 'cmake_clean_cache' from command line to 'False'
[18.171s] Level 5:colcon.colcon_core.verb:set package 'yolo_ros' build argument 'cmake_clean_first' from command line to 'False'
[18.171s] Level 5:colcon.colcon_core.verb:set package 'yolo_ros' build argument 'cmake_force_configure' from command line to 'False'
[18.171s] Level 5:colcon.colcon_core.verb:set package 'yolo_ros' build argument 'ament_cmake_args' from command line to 'None'
[18.171s] Level 5:colcon.colcon_core.verb:set package 'yolo_ros' build argument 'catkin_cmake_args' from command line to 'None'
[18.171s] Level 5:colcon.colcon_core.verb:set package 'yolo_ros' build argument 'catkin_skip_building_tests' from command line to 'False'
[18.172s] DEBUG:colcon.colcon_core.verb:Building package 'yolo_ros' with the following arguments: {'ament_cmake_args': None, 'build_base': '/home/agilex/krish_ws/build/yolo_ros', 'catkin_cmake_args': None, 'catkin_skip_building_tests': False, 'cmake_args': None, 'cmake_clean_cache': False, 'cmake_clean_first': False, 'cmake_force_configure': False, 'cmake_target': None, 'cmake_target_skip_unavailable': False, 'install_base': '/home/agilex/krish_ws/install/yolo_ros', 'merge_install': False, 'path': '/home/agilex/krish_ws/src/yolo_ros/yolo_ros', 'symlink_install': False, 'test_result_base': None}
[18.417s] Level 5:colcon.colcon_core.verb:set package 'yolo_bringup' build argument 'cmake_args' from command line to 'None'
[18.417s] Level 5:colcon.colcon_core.verb:set package 'yolo_bringup' build argument 'cmake_target' from command line to 'None'
[18.417s] Level 5:colcon.colcon_core.verb:set package 'yolo_bringup' build argument 'cmake_target_skip_unavailable' from command line to 'False'
[18.417s] Level 5:colcon.colcon_core.verb:set package 'yolo_bringup' build argument 'cmake_clean_cache' from command line to 'False'
[18.417s] Level 5:colcon.colcon_core.verb:set package 'yolo_bringup' build argument 'cmake_clean_first' from command line to 'False'
[18.417s] Level 5:colcon.colcon_core.verb:set package 'yolo_bringup' build argument 'cmake_force_configure' from command line to 'False'
[18.417s] Level 5:colcon.colcon_core.verb:set package 'yolo_bringup' build argument 'ament_cmake_args' from command line to 'None'
[18.417s] Level 5:colcon.colcon_core.verb:set package 'yolo_bringup' build argument 'catkin_cmake_args' from command line to 'None'
[18.417s] Level 5:colcon.colcon_core.verb:set package 'yolo_bringup' build argument 'catkin_skip_building_tests' from command line to 'False'
[18.417s] DEBUG:colcon.colcon_core.verb:Building package 'yolo_bringup' with the following arguments: {'ament_cmake_args': None, 'build_base': '/home/agilex/krish_ws/build/yolo_bringup', 'catkin_cmake_args': None, 'catkin_skip_building_tests': False, 'cmake_args': None, 'cmake_clean_cache': False, 'cmake_clean_first': False, 'cmake_force_configure': False, 'cmake_target': None, 'cmake_target_skip_unavailable': False, 'install_base': '/home/agilex/krish_ws/install/yolo_bringup', 'merge_install': False, 'path': '/home/agilex/krish_ws/src/yolo_ros/yolo_bringup', 'symlink_install': False, 'test_result_base': None}
[18.663s] INFO:colcon.colcon_core.executor:Executing jobs using 'parallel' executor
[18.909s] DEBUG:colcon.colcon_parallel_executor.executor.parallel:run_until_complete
[18.910s] INFO:colcon.colcon_ros.task.ament_cmake.build:Building ROS package in '/home/agilex/krish_ws/src/yolo_ros/yolo_msgs' with build type 'ament_cmake'
[18.910s] INFO:colcon.colcon_cmake.task.cmake.build:Building CMake package in '/home/agilex/krish_ws/src/yolo_ros/yolo_msgs'
[19.166s] INFO:colcon.colcon_core.plugin_system:Skipping extension 'colcon_core.shell.bat': Not used on non-Windows systems
[19.166s] INFO:colcon.colcon_core.shell:Skip shell extension 'powershell' for command environment: Not usable outside of PowerShell
[19.166s] DEBUG:colcon.colcon_core.shell:Skip shell extension 'dsv' for command environment
[19.940s] INFO:colcon.colcon_ros.task.ament_python.build:Building ROS package in '/home/agilex/krish_ws/src/object_detection' with build type 'ament_python'
[19.941s] Level 1:colcon.colcon_core.shell:create_environment_hook('object_detection', 'ament_prefix_path')
[20.196s] INFO:colcon.colcon_core.shell:Creating environment hook '/home/agilex/krish_ws/install/object_detection/share/object_detection/hook/ament_prefix_path.ps1'
[20.198s] INFO:colcon.colcon_core.shell:Creating environment descriptor '/home/agilex/krish_ws/install/object_detection/share/object_detection/hook/ament_prefix_path.dsv'
[20.199s] INFO:colcon.colcon_core.shell:Creating environment hook '/home/agilex/krish_ws/install/object_detection/share/object_detection/hook/ament_prefix_path.sh'
[20.456s] INFO:colcon.colcon_core.shell:Skip shell extension 'powershell' for command environment: Not usable outside of PowerShell
[20.456s] DEBUG:colcon.colcon_core.shell:Skip shell extension 'dsv' for command environment
[21.245s] DEBUG:colcon.colcon_core.event_handler.log_command:Invoking command in '/home/agilex/krish_ws/build/yolo_msgs': CMAKE_PREFIX_PATH=${CMAKE_PREFIX_PATH}:/home/agilex/limo_ros2_ws/install/ultraarm:/home/agilex/limo_ros2_ws/install/nav2_gazebo_spawner:/home/agilex/limo_ros2_ws/install/mypalletizer_260_pi:/home/agilex/limo_ros2_ws/install/mypalletizer_260:/home/agilex/limo_ros2_ws/install/mypalletizer_communication:/home/agilex/limo_ros2_ws/install/mycobot_630:/home/agilex/limo_ros2_ws/install/mycobot_600:/home/agilex/limo_ros2_ws/install/mycobot_320pi:/home/agilex/limo_ros2_ws/install/mycobot_320:/home/agilex/limo_ros2_ws/install/mycobot_280pi:/home/agilex/limo_ros2_ws/install/mycobot_280jn:/home/agilex/limo_ros2_ws/install/mycobot_280_x3pi:/home/agilex/limo_ros2_ws/install/mycobot_280:/home/agilex/limo_ros2_ws/install/myarm_m750:/home/agilex/limo_ros2_ws/install/myarm_c650:/home/agilex/limo_ros2_ws/install/myarm_300:/home/agilex/limo_ros2_ws/install/mycobot_communication:/home/agilex/limo_ros2_ws/install/mecharm_pi:/home/agilex/limo_ros2_ws/install/mecharm:/home/agilex/limo_ros2_ws/install/mecharm_communication:/home/agilex/limo_ros2_ws/install/mybuddy:/home/agilex/limo_ros2_ws/install/mycobot_description:/opt/ros/foxy /usr/bin/cmake --build /home/agilex/krish_ws/build/yolo_msgs -- -j6 -l6
[21.842s] INFO:colcon.colcon_core.task.python.build:Building Python package in '/home/agilex/krish_ws/src/object_detection'
[22.107s] INFO:colcon.colcon_core.shell:Skip shell extension 'powershell' for command environment: Not usable outside of PowerShell
[22.107s] DEBUG:colcon.colcon_core.shell:Skip shell extension 'dsv' for command environment
[22.887s] DEBUG:colcon.colcon_core.event_handler.log_command:Invoked command in '/home/agilex/krish_ws/build/yolo_msgs' returned '0': CMAKE_PREFIX_PATH=${CMAKE_PREFIX_PATH}:/home/agilex/limo_ros2_ws/install/ultraarm:/home/agilex/limo_ros2_ws/install/nav2_gazebo_spawner:/home/agilex/limo_ros2_ws/install/mypalletizer_260_pi:/home/agilex/limo_ros2_ws/install/mypalletizer_260:/home/agilex/limo_ros2_ws/install/mypalletizer_communication:/home/agilex/limo_ros2_ws/install/mycobot_630:/home/agilex/limo_ros2_ws/install/mycobot_600:/home/agilex/limo_ros2_ws/install/mycobot_320pi:/home/agilex/limo_ros2_ws/install/mycobot_320:/home/agilex/limo_ros2_ws/install/mycobot_280pi:/home/agilex/limo_ros2_ws/install/mycobot_280jn:/home/agilex/limo_ros2_ws/install/mycobot_280_x3pi:/home/agilex/limo_ros2_ws/install/mycobot_280:/home/agilex/limo_ros2_ws/install/myarm_m750:/home/agilex/limo_ros2_ws/install/myarm_c650:/home/agilex/limo_ros2_ws/install/myarm_300:/home/agilex/limo_ros2_ws/install/mycobot_communication:/home/agilex/limo_ros2_ws/install/mecharm_pi:/home/agilex/limo_ros2_ws/install/mecharm:/home/agilex/limo_ros2_ws/install/mecharm_communication:/home/agilex/limo_ros2_ws/install/mybuddy:/home/agilex/limo_ros2_ws/install/mycobot_description:/opt/ros/foxy /usr/bin/cmake --build /home/agilex/krish_ws/build/yolo_msgs -- -j6 -l6
[24.016s] DEBUG:colcon.colcon_core.event_handler.log_command:Invoking command in '/home/agilex/krish_ws/build/yolo_msgs': CMAKE_PREFIX_PATH=${CMAKE_PREFIX_PATH}:/home/agilex/limo_ros2_ws/install/ultraarm:/home/agilex/limo_ros2_ws/install/nav2_gazebo_spawner:/home/agilex/limo_ros2_ws/install/mypalletizer_260_pi:/home/agilex/limo_ros2_ws/install/mypalletizer_260:/home/agilex/limo_ros2_ws/install/mypalletizer_communication:/home/agilex/limo_ros2_ws/install/mycobot_630:/home/agilex/limo_ros2_ws/install/mycobot_600:/home/agilex/limo_ros2_ws/install/mycobot_320pi:/home/agilex/limo_ros2_ws/install/mycobot_320:/home/agilex/limo_ros2_ws/install/mycobot_280pi:/home/agilex/limo_ros2_ws/install/mycobot_280jn:/home/agilex/limo_ros2_ws/install/mycobot_280_x3pi:/home/agilex/limo_ros2_ws/install/mycobot_280:/home/agilex/limo_ros2_ws/install/myarm_m750:/home/agilex/limo_ros2_ws/install/myarm_c650:/home/agilex/limo_ros2_ws/install/myarm_300:/home/agilex/limo_ros2_ws/install/mycobot_communication:/home/agilex/limo_ros2_ws/install/mecharm_pi:/home/agilex/limo_ros2_ws/install/mecharm:/home/agilex/limo_ros2_ws/install/mecharm_communication:/home/agilex/limo_ros2_ws/install/mybuddy:/home/agilex/limo_ros2_ws/install/mycobot_description:/opt/ros/foxy /usr/bin/cmake --install /home/agilex/krish_ws/build/yolo_msgs
[24.253s] Level 1:colcon.colcon_core.environment:create_environment_scripts_only(yolo_msgs)
[24.254s] DEBUG:colcon.colcon_core.event_handler.log_command:Invoked command in '/home/agilex/krish_ws/build/yolo_msgs' returned '0': CMAKE_PREFIX_PATH=${CMAKE_PREFIX_PATH}:/home/agilex/limo_ros2_ws/install/ultraarm:/home/agilex/limo_ros2_ws/install/nav2_gazebo_spawner:/home/agilex/limo_ros2_ws/install/mypalletizer_260_pi:/home/agilex/limo_ros2_ws/install/mypalletizer_260:/home/agilex/limo_ros2_ws/install/mypalletizer_communication:/home/agilex/limo_ros2_ws/install/mycobot_630:/home/agilex/limo_ros2_ws/install/mycobot_600:/home/agilex/limo_ros2_ws/install/mycobot_320pi:/home/agilex/limo_ros2_ws/install/mycobot_320:/home/agilex/limo_ros2_ws/install/mycobot_280pi:/home/agilex/limo_ros2_ws/install/mycobot_280jn:/home/agilex/limo_ros2_ws/install/mycobot_280_x3pi:/home/agilex/limo_ros2_ws/install/mycobot_280:/home/agilex/limo_ros2_ws/install/myarm_m750:/home/agilex/limo_ros2_ws/install/myarm_c650:/home/agilex/limo_ros2_ws/install/myarm_300:/home/agilex/limo_ros2_ws/install/mycobot_communication:/home/agilex/limo_ros2_ws/install/mecharm_pi:/home/agilex/limo_ros2_ws/install/mecharm:/home/agilex/limo_ros2_ws/install/mecharm_communication:/home/agilex/limo_ros2_ws/install/mybuddy:/home/agilex/limo_ros2_ws/install/mycobot_description:/opt/ros/foxy /usr/bin/cmake --install /home/agilex/krish_ws/build/yolo_msgs
[24.522s] Level 1:colcon.colcon_core.environment:checking '/home/agilex/krish_ws/install/yolo_msgs' for CMake module files
[24.524s] Level 1:colcon.colcon_core.environment:checking '/home/agilex/krish_ws/install/yolo_msgs' for CMake config files
[24.525s] Level 1:colcon.colcon_core.shell:create_environment_hook('yolo_msgs', 'cmake_prefix_path')
[24.779s] INFO:colcon.colcon_core.shell:Creating environment hook '/home/agilex/krish_ws/install/yolo_msgs/share/yolo_msgs/hook/cmake_prefix_path.ps1'
[24.781s] INFO:colcon.colcon_core.shell:Creating environment descriptor '/home/agilex/krish_ws/install/yolo_msgs/share/yolo_msgs/hook/cmake_prefix_path.dsv'
[24.781s] INFO:colcon.colcon_core.shell:Creating environment hook '/home/agilex/krish_ws/install/yolo_msgs/share/yolo_msgs/hook/cmake_prefix_path.sh'
[24.783s] Level 1:colcon.colcon_core.environment:checking '/home/agilex/krish_ws/install/yolo_msgs/lib'
[24.783s] Level 1:colcon.colcon_core.shell:create_environment_hook('yolo_msgs', 'ld_library_path_lib')
[25.038s] INFO:colcon.colcon_core.shell:Creating environment hook '/home/agilex/krish_ws/install/yolo_msgs/share/yolo_msgs/hook/ld_library_path_lib.ps1'
[25.039s] INFO:colcon.colcon_core.shell:Creating environment descriptor '/home/agilex/krish_ws/install/yolo_msgs/share/yolo_msgs/hook/ld_library_path_lib.dsv'
[25.040s] INFO:colcon.colcon_core.shell:Creating environment hook '/home/agilex/krish_ws/install/yolo_msgs/share/yolo_msgs/hook/ld_library_path_lib.sh'
[25.040s] Level 1:colcon.colcon_core.environment:checking '/home/agilex/krish_ws/install/yolo_msgs/bin'
[25.040s] Level 1:colcon.colcon_core.environment:checking '/home/agilex/krish_ws/install/yolo_msgs/lib/pkgconfig/yolo_msgs.pc'
[25.041s] Level 1:colcon.colcon_core.environment:checking '/home/agilex/krish_ws/install/yolo_msgs/lib/python3.8/site-packages'
[25.041s] Level 1:colcon.colcon_core.shell:create_environment_hook('yolo_msgs', 'pythonpath')
[25.293s] INFO:colcon.colcon_core.shell:Creating environment hook '/home/agilex/krish_ws/install/yolo_msgs/share/yolo_msgs/hook/pythonpath.ps1'
[25.295s] INFO:colcon.colcon_core.shell:Creating environment descriptor '/home/agilex/krish_ws/install/yolo_msgs/share/yolo_msgs/hook/pythonpath.dsv'
[25.295s] INFO:colcon.colcon_core.shell:Creating environment hook '/home/agilex/krish_ws/install/yolo_msgs/share/yolo_msgs/hook/pythonpath.sh'
[25.296s] Level 1:colcon.colcon_core.environment:checking '/home/agilex/krish_ws/install/yolo_msgs/bin'
[25.548s] INFO:colcon.colcon_core.shell:Creating package script '/home/agilex/krish_ws/install/yolo_msgs/share/yolo_msgs/package.ps1'
[25.550s] INFO:colcon.colcon_core.shell:Creating package descriptor '/home/agilex/krish_ws/install/yolo_msgs/share/yolo_msgs/package.dsv'
[25.552s] INFO:colcon.colcon_core.shell:Creating package script '/home/agilex/krish_ws/install/yolo_msgs/share/yolo_msgs/package.sh'
[25.553s] INFO:colcon.colcon_core.shell:Creating package script '/home/agilex/krish_ws/install/yolo_msgs/share/yolo_msgs/package.bash'
[25.554s] INFO:colcon.colcon_core.shell:Creating package script '/home/agilex/krish_ws/install/yolo_msgs/share/yolo_msgs/package.zsh'
[25.555s] Level 1:colcon.colcon_core.environment:create_file_with_runtime_dependencies(/home/agilex/krish_ws/install/yolo_msgs/share/colcon-core/packages/yolo_msgs)
[25.575s] DEBUG:colcon.colcon_core.event_handler.log_command:Invoking command in '/home/agilex/krish_ws/src/object_detection': PYTHONPATH=/home/agilex/krish_ws/build/object_detection/prefix_override:/home/agilex/krish_ws/install/object_detection/lib/python3.8/site-packages:${PYTHONPATH} /usr/bin/python3 setup.py egg_info --egg-base ../../build/object_detection build --build-base /home/agilex/krish_ws/build/object_detection/build install --record /home/agilex/krish_ws/build/object_detection/install.log --install-scripts $base/lib/object_detection --single-version-externally-managed
[26.939s] Level 1:colcon.colcon_core.environment:create_environment_scripts_only(yolo_msgs)
[27.193s] Level 1:colcon.colcon_core.environment:checking '/home/agilex/krish_ws/install/yolo_msgs' for CMake module files
[27.194s] Level 1:colcon.colcon_core.environment:checking '/home/agilex/krish_ws/install/yolo_msgs' for CMake config files
[27.196s] Level 1:colcon.colcon_core.shell:create_environment_hook('yolo_msgs', 'cmake_prefix_path')
[27.447s] INFO:colcon.colcon_core.shell:Creating environment hook '/home/agilex/krish_ws/install/yolo_msgs/share/yolo_msgs/hook/cmake_prefix_path.ps1'
[27.448s] INFO:colcon.colcon_core.shell:Creating environment descriptor '/home/agilex/krish_ws/install/yolo_msgs/share/yolo_msgs/hook/cmake_prefix_path.dsv'
[27.449s] INFO:colcon.colcon_core.shell:Creating environment hook '/home/agilex/krish_ws/install/yolo_msgs/share/yolo_msgs/hook/cmake_prefix_path.sh'
[27.450s] Level 1:colcon.colcon_core.environment:checking '/home/agilex/krish_ws/install/yolo_msgs/lib'
[27.450s] Level 1:colcon.colcon_core.shell:create_environment_hook('yolo_msgs', 'ld_library_path_lib')
[27.706s] INFO:colcon.colcon_core.shell:Creating environment hook '/home/agilex/krish_ws/install/yolo_msgs/share/yolo_msgs/hook/ld_library_path_lib.ps1'
[27.707s] INFO:colcon.colcon_core.shell:Creating environment descriptor '/home/agilex/krish_ws/install/yolo_msgs/share/yolo_msgs/hook/ld_library_path_lib.dsv'
[27.708s] INFO:colcon.colcon_core.shell:Creating environment hook '/home/agilex/krish_ws/install/yolo_msgs/share/yolo_msgs/hook/ld_library_path_lib.sh'
[27.708s] Level 1:colcon.colcon_core.environment:checking '/home/agilex/krish_ws/install/yolo_msgs/bin'
[27.709s] Level 1:colcon.colcon_core.environment:checking '/home/agilex/krish_ws/install/yolo_msgs/lib/pkgconfig/yolo_msgs.pc'
[27.709s] Level 1:colcon.colcon_core.environment:checking '/home/agilex/krish_ws/install/yolo_msgs/lib/python3.8/site-packages'
[27.709s] Level 1:colcon.colcon_core.shell:create_environment_hook('yolo_msgs', 'pythonpath')
[27.958s] INFO:colcon.colcon_core.shell:Creating environment hook '/home/agilex/krish_ws/install/yolo_msgs/share/yolo_msgs/hook/pythonpath.ps1'
[27.960s] INFO:colcon.colcon_core.shell:Creating environment descriptor '/home/agilex/krish_ws/install/yolo_msgs/share/yolo_msgs/hook/pythonpath.dsv'
[27.960s] INFO:colcon.colcon_core.shell:Creating environment hook '/home/agilex/krish_ws/install/yolo_msgs/share/yolo_msgs/hook/pythonpath.sh'
[27.961s] Level 1:colcon.colcon_core.environment:checking '/home/agilex/krish_ws/install/yolo_msgs/bin'
[28.211s] INFO:colcon.colcon_core.shell:Creating package script '/home/agilex/krish_ws/install/yolo_msgs/share/yolo_msgs/package.ps1'
[28.212s] INFO:colcon.colcon_core.shell:Creating package descriptor '/home/agilex/krish_ws/install/yolo_msgs/share/yolo_msgs/package.dsv'
[28.214s] INFO:colcon.colcon_core.shell:Creating package script '/home/agilex/krish_ws/install/yolo_msgs/share/yolo_msgs/package.sh'
[28.214s] INFO:colcon.colcon_core.shell:Creating package script '/home/agilex/krish_ws/install/yolo_msgs/share/yolo_msgs/package.bash'
[28.215s] INFO:colcon.colcon_core.shell:Creating package script '/home/agilex/krish_ws/install/yolo_msgs/share/yolo_msgs/package.zsh'
[28.216s] Level 1:colcon.colcon_core.environment:create_file_with_runtime_dependencies(/home/agilex/krish_ws/install/yolo_msgs/share/colcon-core/packages/yolo_msgs)
[28.218s] INFO:colcon.colcon_ros.task.ament_python.build:Building ROS package in '/home/agilex/krish_ws/src/yolo_ros/yolo_ros' with build type 'ament_python'
[28.218s] Level 1:colcon.colcon_core.shell:create_environment_hook('yolo_ros', 'ament_prefix_path')
[28.473s] INFO:colcon.colcon_core.shell:Creating environment hook '/home/agilex/krish_ws/install/yolo_ros/share/yolo_ros/hook/ament_prefix_path.ps1'
[28.475s] INFO:colcon.colcon_core.shell:Creating environment descriptor '/home/agilex/krish_ws/install/yolo_ros/share/yolo_ros/hook/ament_prefix_path.dsv'
[28.475s] INFO:colcon.colcon_core.shell:Creating environment hook '/home/agilex/krish_ws/install/yolo_ros/share/yolo_ros/hook/ament_prefix_path.sh'
[28.732s] INFO:colcon.colcon_core.shell:Skip shell extension 'powershell' for command environment: Not usable outside of PowerShell
[28.732s] DEBUG:colcon.colcon_core.shell:Skip shell extension 'dsv' for command environment
[29.504s] DEBUG:colcon.colcon_core.event_handler.log_command:Invoked command in '/home/agilex/krish_ws/src/object_detection' returned '0': PYTHONPATH=/home/agilex/krish_ws/build/object_detection/prefix_override:/home/agilex/krish_ws/install/object_detection/lib/python3.8/site-packages:${PYTHONPATH} /usr/bin/python3 setup.py egg_info --egg-base ../../build/object_detection build --build-base /home/agilex/krish_ws/build/object_detection/build install --record /home/agilex/krish_ws/build/object_detection/install.log --install-scripts $base/lib/object_detection --single-version-externally-managed
[29.756s] Level 1:colcon.colcon_core.environment:checking '/home/agilex/krish_ws/install/object_detection' for CMake module files
[29.757s] Level 1:colcon.colcon_core.environment:checking '/home/agilex/krish_ws/install/object_detection' for CMake config files
[29.758s] Level 1:colcon.colcon_core.environment:checking '/home/agilex/krish_ws/install/object_detection/lib'
[29.758s] Level 1:colcon.colcon_core.environment:checking '/home/agilex/krish_ws/install/object_detection/bin'
[29.759s] Level 1:colcon.colcon_core.environment:checking '/home/agilex/krish_ws/install/object_detection/lib/pkgconfig/object_detection.pc'
[29.759s] Level 1:colcon.colcon_core.environment:checking '/home/agilex/krish_ws/install/object_detection/lib/python3.8/site-packages'
[29.759s] Level 1:colcon.colcon_core.shell:create_environment_hook('object_detection', 'pythonpath')
[30.009s] INFO:colcon.colcon_core.shell:Creating environment hook '/home/agilex/krish_ws/install/object_detection/share/object_detection/hook/pythonpath.ps1'
[30.010s] INFO:colcon.colcon_core.shell:Creating environment descriptor '/home/agilex/krish_ws/install/object_detection/share/object_detection/hook/pythonpath.dsv'
[30.011s] INFO:colcon.colcon_core.shell:Creating environment hook '/home/agilex/krish_ws/install/object_detection/share/object_detection/hook/pythonpath.sh'
[30.012s] Level 1:colcon.colcon_core.environment:checking '/home/agilex/krish_ws/install/object_detection/bin'
[30.012s] Level 1:colcon.colcon_core.environment:create_environment_scripts_only(object_detection)
[30.266s] INFO:colcon.colcon_core.shell:Creating package script '/home/agilex/krish_ws/install/object_detection/share/object_detection/package.ps1'
[30.268s] INFO:colcon.colcon_core.shell:Creating package descriptor '/home/agilex/krish_ws/install/object_detection/share/object_detection/package.dsv'
[30.269s] INFO:colcon.colcon_core.shell:Creating package script '/home/agilex/krish_ws/install/object_detection/share/object_detection/package.sh'
[30.269s] INFO:colcon.colcon_core.shell:Creating package script '/home/agilex/krish_ws/install/object_detection/share/object_detection/package.bash'
[30.270s] INFO:colcon.colcon_core.shell:Creating package script '/home/agilex/krish_ws/install/object_detection/share/object_detection/package.zsh'
[30.270s] Level 1:colcon.colcon_core.environment:create_file_with_runtime_dependencies(/home/agilex/krish_ws/install/object_detection/share/colcon-core/packages/object_detection)
[30.841s] INFO:colcon.colcon_core.task.python.build:Building Python package in '/home/agilex/krish_ws/src/yolo_ros/yolo_ros'
[31.094s] INFO:colcon.colcon_core.shell:Skip shell extension 'powershell' for command environment: Not usable outside of PowerShell
[31.094s] DEBUG:colcon.colcon_core.shell:Skip shell extension 'dsv' for command environment
[33.454s] DEBUG:colcon.colcon_core.event_handler.log_command:Invoking command in '/home/agilex/krish_ws/src/yolo_ros/yolo_ros': AMENT_PREFIX_PATH=/home/agilex/krish_ws/install/yolo_msgs:${AMENT_PREFIX_PATH} CMAKE_PREFIX_PATH=/home/agilex/krish_ws/install/yolo_msgs:${CMAKE_PREFIX_PATH} LD_LIBRARY_PATH=/home/agilex/krish_ws/install/yolo_msgs/lib:${LD_LIBRARY_PATH} PYTHONPATH=/home/agilex/krish_ws/build/yolo_ros/prefix_override:/home/agilex/krish_ws/install/yolo_ros/lib/python3.8/site-packages:/home/agilex/krish_ws/install/yolo_msgs/lib/python3.8/site-packages:${PYTHONPATH} /usr/bin/python3 setup.py egg_info --egg-base ../../../build/yolo_ros build --build-base /home/agilex/krish_ws/build/yolo_ros/build install --record /home/agilex/krish_ws/build/yolo_ros/install.log --single-version-externally-managed
[34.760s] DEBUG:colcon.colcon_core.event_handler.log_command:Invoked command in '/home/agilex/krish_ws/src/yolo_ros/yolo_ros' returned '0': AMENT_PREFIX_PATH=/home/agilex/krish_ws/install/yolo_msgs:${AMENT_PREFIX_PATH} CMAKE_PREFIX_PATH=/home/agilex/krish_ws/install/yolo_msgs:${CMAKE_PREFIX_PATH} LD_LIBRARY_PATH=/home/agilex/krish_ws/install/yolo_msgs/lib:${LD_LIBRARY_PATH} PYTHONPATH=/home/agilex/krish_ws/build/yolo_ros/prefix_override:/home/agilex/krish_ws/install/yolo_ros/lib/python3.8/site-packages:/home/agilex/krish_ws/install/yolo_msgs/lib/python3.8/site-packages:${PYTHONPATH} /usr/bin/python3 setup.py egg_info --egg-base ../../../build/yolo_ros build --build-base /home/agilex/krish_ws/build/yolo_ros/build install --record /home/agilex/krish_ws/build/yolo_ros/install.log --single-version-externally-managed
[35.028s] Level 1:colcon.colcon_core.environment:checking '/home/agilex/krish_ws/install/yolo_ros' for CMake module files
[35.029s] Level 1:colcon.colcon_core.environment:checking '/home/agilex/krish_ws/install/yolo_ros' for CMake config files
[35.030s] Level 1:colcon.colcon_core.environment:checking '/home/agilex/krish_ws/install/yolo_ros/lib'
[35.030s] Level 1:colcon.colcon_core.environment:checking '/home/agilex/krish_ws/install/yolo_ros/bin'
[35.031s] Level 1:colcon.colcon_core.environment:checking '/home/agilex/krish_ws/install/yolo_ros/lib/pkgconfig/yolo_ros.pc'
[35.031s] Level 1:colcon.colcon_core.environment:checking '/home/agilex/krish_ws/install/yolo_ros/lib/python3.8/site-packages'
[35.031s] Level 1:colcon.colcon_core.shell:create_environment_hook('yolo_ros', 'pythonpath')
[35.318s] INFO:colcon.colcon_core.shell:Creating environment hook '/home/agilex/krish_ws/install/yolo_ros/share/yolo_ros/hook/pythonpath.ps1'
[35.319s] INFO:colcon.colcon_core.shell:Creating environment descriptor '/home/agilex/krish_ws/install/yolo_ros/share/yolo_ros/hook/pythonpath.dsv'
[35.320s] INFO:colcon.colcon_core.shell:Creating environment hook '/home/agilex/krish_ws/install/yolo_ros/share/yolo_ros/hook/pythonpath.sh'
[35.321s] Level 1:colcon.colcon_core.environment:checking '/home/agilex/krish_ws/install/yolo_ros/bin'
[35.321s] Level 1:colcon.colcon_core.environment:create_environment_scripts_only(yolo_ros)
[35.573s] INFO:colcon.colcon_core.shell:Creating package script '/home/agilex/krish_ws/install/yolo_ros/share/yolo_ros/package.ps1'
[35.574s] INFO:colcon.colcon_core.shell:Creating package descriptor '/home/agilex/krish_ws/install/yolo_ros/share/yolo_ros/package.dsv'
[35.575s] INFO:colcon.colcon_core.shell:Creating package script '/home/agilex/krish_ws/install/yolo_ros/share/yolo_ros/package.sh'
[35.576s] INFO:colcon.colcon_core.shell:Creating package script '/home/agilex/krish_ws/install/yolo_ros/share/yolo_ros/package.bash'
[35.576s] INFO:colcon.colcon_core.shell:Creating package script '/home/agilex/krish_ws/install/yolo_ros/share/yolo_ros/package.zsh'
[35.577s] Level 1:colcon.colcon_core.environment:create_file_with_runtime_dependencies(/home/agilex/krish_ws/install/yolo_ros/share/colcon-core/packages/yolo_ros)
[35.578s] INFO:colcon.colcon_ros.task.ament_cmake.build:Building ROS package in '/home/agilex/krish_ws/src/yolo_ros/yolo_bringup' with build type 'ament_cmake'
[35.578s] INFO:colcon.colcon_cmake.task.cmake.build:Building CMake package in '/home/agilex/krish_ws/src/yolo_ros/yolo_bringup'
[35.847s] INFO:colcon.colcon_core.shell:Skip shell extension 'powershell' for command environment: Not usable outside of PowerShell
[35.847s] DEBUG:colcon.colcon_core.shell:Skip shell extension 'dsv' for command environment
[36.665s] DEBUG:colcon.colcon_core.event_handler.log_command:Invoking command in '/home/agilex/krish_ws/build/yolo_bringup': AMENT_PREFIX_PATH=/home/agilex/krish_ws/install/yolo_ros:/home/agilex/krish_ws/install/yolo_msgs:${AMENT_PREFIX_PATH} CMAKE_PREFIX_PATH=/home/agilex/krish_ws/install/yolo_msgs:/home/agilex/limo_ros2_ws/install/ydlidar_sdk:/home/agilex/limo_ros2_ws/install/ydlidar_ros2_driver:/home/agilex/limo_ros2_ws/install/tf_test:/home/agilex/limo_ros2_ws/install/teb_local_planner:/home/agilex/limo_ros2_ws/install/teb_msgs:/home/agilex/limo_ros2_ws/install/nav2_system_tests:/home/agilex/limo_ros2_ws/install/nav2_bringup:/home/agilex/limo_ros2_ws/install/navigation2:/home/agilex/limo_ros2_ws/install/smac_planner:/home/agilex/limo_ros2_ws/install/rf2o_laser_odometry:/home/agilex/limo_ros2_ws/install/orbbec_description:/home/agilex/limo_ros2_ws/install/orbbec_camera:/home/agilex/limo_ros2_ws/install/orbbec_camera_msgs:/home/agilex/limo_ros2_ws/install/nav2_dwb_controller:/home/agilex/limo_ros2_ws/install/nav2_controller:/home/agilex/limo_ros2_ws/install/dwb_plugins:/home/agilex/limo_ros2_ws/install/dwb_critics:/home/agilex/limo_ros2_ws/install/dwb_core:/home/agilex/limo_ros2_ws/install/nav_2d_utils:/home/agilex/limo_ros2_ws/install/dwb_msgs:/home/agilex/limo_ros2_ws/install/nav_2d_msgs:/home/agilex/limo_ros2_ws/install/nav2_waypoint_follower:/home/agilex/limo_ros2_ws/install/nav2_regulated_pure_pursuit_controller:/home/agilex/limo_ros2_ws/install/nav2_recoveries:/home/agilex/limo_ros2_ws/install/nav2_planner:/home/agilex/limo_ros2_ws/install/nav2_navfn_planner:/home/agilex/limo_ros2_ws/install/nav2_core:/home/agilex/limo_ros2_ws/install/costmap_queue:/home/agilex/limo_ros2_ws/install/costmap_converter:/home/agilex/limo_ros2_ws/install/nav2_costmap_2d:/home/agilex/limo_ros2_ws/install/nav2_voxel_grid:/home/agilex/limo_ros2_ws/install/nav2_rviz_plugins:/home/agilex/limo_ros2_ws/install/nav2_map_server:/home/agilex/limo_ros2_ws/install/nav2_lifecycle_manager:/home/agilex/limo_ros2_ws/install/nav2_bt_navigator:/home/agilex/limo_ros2_ws/install/nav2_behavior_tree:/home/agilex/limo_ros2_ws/install/nav2_amcl:/home/agilex/limo_ros2_ws/install/nav2_util:/home/agilex/limo_ros2_ws/install/nav2_msgs:/home/agilex/limo_ros2_ws/install/nav2_common:/home/agilex/limo_ros2_ws/install/mypalletizer_interfaces:/home/agilex/limo_ros2_ws/install/mycobot_interfaces:/home/agilex/limo_ros2_ws/install/mecharm_interfaces:/home/agilex/limo_ros2_ws/install/limo_visions:/home/agilex/limo_ros2_ws/install/limo_bringup:/home/agilex/limo_ros2_ws/install/limo_base:/home/agilex/limo_ros2_ws/install/limo_msgs:/home/agilex/limo_ros2_ws/install/limo_description:/home/agilex/limo_ros2_ws/install/costmap_converter_msgs:/home/agilex/limo_ros2_ws/install/ultraarm:/home/agilex/limo_ros2_ws/install/nav2_gazebo_spawner:/home/agilex/limo_ros2_ws/install/mypalletizer_260_pi:/home/agilex/limo_ros2_ws/install/mypalletizer_260:/home/agilex/limo_ros2_ws/install/mypalletizer_communication:/home/agilex/limo_ros2_ws/install/mycobot_630:/home/agilex/limo_ros2_ws/install/mycobot_600:/home/agilex/limo_ros2_ws/install/mycobot_320pi:/home/agilex/limo_ros2_ws/install/mycobot_320:/home/agilex/limo_ros2_ws/install/mycobot_280pi:/home/agilex/limo_ros2_ws/install/mycobot_280jn:/home/agilex/limo_ros2_ws/install/mycobot_280_x3pi:/home/agilex/limo_ros2_ws/install/mycobot_280:/home/agilex/limo_ros2_ws/install/myarm_m750:/home/agilex/limo_ros2_ws/install/myarm_c650:/home/agilex/limo_ros2_ws/install/myarm_300:/home/agilex/limo_ros2_ws/install/mycobot_communication:/home/agilex/limo_ros2_ws/install/mecharm_pi:/home/agilex/limo_ros2_ws/install/mecharm:/home/agilex/limo_ros2_ws/install/mecharm_communication:/home/agilex/limo_ros2_ws/install/mybuddy:/home/agilex/limo_ros2_ws/install/mycobot_description:/opt/ros/foxy LD_LIBRARY_PATH=/home/agilex/krish_ws/install/yolo_msgs/lib:${LD_LIBRARY_PATH} PYTHONPATH=/home/agilex/krish_ws/install/yolo_ros/lib/python3.8/site-packages:/home/agilex/krish_ws/install/yolo_msgs/lib/python3.8/site-packages:${PYTHONPATH} /usr/bin/cmake /home/agilex/krish_ws/src/yolo_ros/yolo_bringup -DCMAKE_INSTALL_PREFIX=/home/agilex/krish_ws/install/yolo_bringup
[38.766s] DEBUG:colcon.colcon_core.event_handler.log_command:Invoked command in '/home/agilex/krish_ws/build/yolo_bringup' returned '0': AMENT_PREFIX_PATH=/home/agilex/krish_ws/install/yolo_ros:/home/agilex/krish_ws/install/yolo_msgs:${AMENT_PREFIX_PATH} CMAKE_PREFIX_PATH=/home/agilex/krish_ws/install/yolo_msgs:/home/agilex/limo_ros2_ws/install/ydlidar_sdk:/home/agilex/limo_ros2_ws/install/ydlidar_ros2_driver:/home/agilex/limo_ros2_ws/install/tf_test:/home/agilex/limo_ros2_ws/install/teb_local_planner:/home/agilex/limo_ros2_ws/install/teb_msgs:/home/agilex/limo_ros2_ws/install/nav2_system_tests:/home/agilex/limo_ros2_ws/install/nav2_bringup:/home/agilex/limo_ros2_ws/install/navigation2:/home/agilex/limo_ros2_ws/install/smac_planner:/home/agilex/limo_ros2_ws/install/rf2o_laser_odometry:/home/agilex/limo_ros2_ws/install/orbbec_description:/home/agilex/limo_ros2_ws/install/orbbec_camera:/home/agilex/limo_ros2_ws/install/orbbec_camera_msgs:/home/agilex/limo_ros2_ws/install/nav2_dwb_controller:/home/agilex/limo_ros2_ws/install/nav2_controller:/home/agilex/limo_ros2_ws/install/dwb_plugins:/home/agilex/limo_ros2_ws/install/dwb_critics:/home/agilex/limo_ros2_ws/install/dwb_core:/home/agilex/limo_ros2_ws/install/nav_2d_utils:/home/agilex/limo_ros2_ws/install/dwb_msgs:/home/agilex/limo_ros2_ws/install/nav_2d_msgs:/home/agilex/limo_ros2_ws/install/nav2_waypoint_follower:/home/agilex/limo_ros2_ws/install/nav2_regulated_pure_pursuit_controller:/home/agilex/limo_ros2_ws/install/nav2_recoveries:/home/agilex/limo_ros2_ws/install/nav2_planner:/home/agilex/limo_ros2_ws/install/nav2_navfn_planner:/home/agilex/limo_ros2_ws/install/nav2_core:/home/agilex/limo_ros2_ws/install/costmap_queue:/home/agilex/limo_ros2_ws/install/costmap_converter:/home/agilex/limo_ros2_ws/install/nav2_costmap_2d:/home/agilex/limo_ros2_ws/install/nav2_voxel_grid:/home/agilex/limo_ros2_ws/install/nav2_rviz_plugins:/home/agilex/limo_ros2_ws/install/nav2_map_server:/home/agilex/limo_ros2_ws/install/nav2_lifecycle_manager:/home/agilex/limo_ros2_ws/install/nav2_bt_navigator:/home/agilex/limo_ros2_ws/install/nav2_behavior_tree:/home/agilex/limo_ros2_ws/install/nav2_amcl:/home/agilex/limo_ros2_ws/install/nav2_util:/home/agilex/limo_ros2_ws/install/nav2_msgs:/home/agilex/limo_ros2_ws/install/nav2_common:/home/agilex/limo_ros2_ws/install/mypalletizer_interfaces:/home/agilex/limo_ros2_ws/install/mycobot_interfaces:/home/agilex/limo_ros2_ws/install/mecharm_interfaces:/home/agilex/limo_ros2_ws/install/limo_visions:/home/agilex/limo_ros2_ws/install/limo_bringup:/home/agilex/limo_ros2_ws/install/limo_base:/home/agilex/limo_ros2_ws/install/limo_msgs:/home/agilex/limo_ros2_ws/install/limo_description:/home/agilex/limo_ros2_ws/install/costmap_converter_msgs:/home/agilex/limo_ros2_ws/install/ultraarm:/home/agilex/limo_ros2_ws/install/nav2_gazebo_spawner:/home/agilex/limo_ros2_ws/install/mypalletizer_260_pi:/home/agilex/limo_ros2_ws/install/mypalletizer_260:/home/agilex/limo_ros2_ws/install/mypalletizer_communication:/home/agilex/limo_ros2_ws/install/mycobot_630:/home/agilex/limo_ros2_ws/install/mycobot_600:/home/agilex/limo_ros2_ws/install/mycobot_320pi:/home/agilex/limo_ros2_ws/install/mycobot_320:/home/agilex/limo_ros2_ws/install/mycobot_280pi:/home/agilex/limo_ros2_ws/install/mycobot_280jn:/home/agilex/limo_ros2_ws/install/mycobot_280_x3pi:/home/agilex/limo_ros2_ws/install/mycobot_280:/home/agilex/limo_ros2_ws/install/myarm_m750:/home/agilex/limo_ros2_ws/install/myarm_c650:/home/agilex/limo_ros2_ws/install/myarm_300:/home/agilex/limo_ros2_ws/install/mycobot_communication:/home/agilex/limo_ros2_ws/install/mecharm_pi:/home/agilex/limo_ros2_ws/install/mecharm:/home/agilex/limo_ros2_ws/install/mecharm_communication:/home/agilex/limo_ros2_ws/install/mybuddy:/home/agilex/limo_ros2_ws/install/mycobot_description:/opt/ros/foxy LD_LIBRARY_PATH=/home/agilex/krish_ws/install/yolo_msgs/lib:${LD_LIBRARY_PATH} PYTHONPATH=/home/agilex/krish_ws/install/yolo_ros/lib/python3.8/site-packages:/home/agilex/krish_ws/install/yolo_msgs/lib/python3.8/site-packages:${PYTHONPATH} /usr/bin/cmake /home/agilex/krish_ws/src/yolo_ros/yolo_bringup -DCMAKE_INSTALL_PREFIX=/home/agilex/krish_ws/install/yolo_bringup
[38.774s] DEBUG:colcon.colcon_core.event_handler.log_command:Invoking command in '/home/agilex/krish_ws/build/yolo_bringup': AMENT_PREFIX_PATH=/home/agilex/krish_ws/install/yolo_ros:/home/agilex/krish_ws/install/yolo_msgs:${AMENT_PREFIX_PATH} CMAKE_PREFIX_PATH=/home/agilex/krish_ws/install/yolo_msgs:/home/agilex/limo_ros2_ws/install/ydlidar_sdk:/home/agilex/limo_ros2_ws/install/ydlidar_ros2_driver:/home/agilex/limo_ros2_ws/install/tf_test:/home/agilex/limo_ros2_ws/install/teb_local_planner:/home/agilex/limo_ros2_ws/install/teb_msgs:/home/agilex/limo_ros2_ws/install/nav2_system_tests:/home/agilex/limo_ros2_ws/install/nav2_bringup:/home/agilex/limo_ros2_ws/install/navigation2:/home/agilex/limo_ros2_ws/install/smac_planner:/home/agilex/limo_ros2_ws/install/rf2o_laser_odometry:/home/agilex/limo_ros2_ws/install/orbbec_description:/home/agilex/limo_ros2_ws/install/orbbec_camera:/home/agilex/limo_ros2_ws/install/orbbec_camera_msgs:/home/agilex/limo_ros2_ws/install/nav2_dwb_controller:/home/agilex/limo_ros2_ws/install/nav2_controller:/home/agilex/limo_ros2_ws/install/dwb_plugins:/home/agilex/limo_ros2_ws/install/dwb_critics:/home/agilex/limo_ros2_ws/install/dwb_core:/home/agilex/limo_ros2_ws/install/nav_2d_utils:/home/agilex/limo_ros2_ws/install/dwb_msgs:/home/agilex/limo_ros2_ws/install/nav_2d_msgs:/home/agilex/limo_ros2_ws/install/nav2_waypoint_follower:/home/agilex/limo_ros2_ws/install/nav2_regulated_pure_pursuit_controller:/home/agilex/limo_ros2_ws/install/nav2_recoveries:/home/agilex/limo_ros2_ws/install/nav2_planner:/home/agilex/limo_ros2_ws/install/nav2_navfn_planner:/home/agilex/limo_ros2_ws/install/nav2_core:/home/agilex/limo_ros2_ws/install/costmap_queue:/home/agilex/limo_ros2_ws/install/costmap_converter:/home/agilex/limo_ros2_ws/install/nav2_costmap_2d:/home/agilex/limo_ros2_ws/install/nav2_voxel_grid:/home/agilex/limo_ros2_ws/install/nav2_rviz_plugins:/home/agilex/limo_ros2_ws/install/nav2_map_server:/home/agilex/limo_ros2_ws/install/nav2_lifecycle_manager:/home/agilex/limo_ros2_ws/install/nav2_bt_navigator:/home/agilex/limo_ros2_ws/install/nav2_behavior_tree:/home/agilex/limo_ros2_ws/install/nav2_amcl:/home/agilex/limo_ros2_ws/install/nav2_util:/home/agilex/limo_ros2_ws/install/nav2_msgs:/home/agilex/limo_ros2_ws/install/nav2_common:/home/agilex/limo_ros2_ws/install/mypalletizer_interfaces:/home/agilex/limo_ros2_ws/install/mycobot_interfaces:/home/agilex/limo_ros2_ws/install/mecharm_interfaces:/home/agilex/limo_ros2_ws/install/limo_visions:/home/agilex/limo_ros2_ws/install/limo_bringup:/home/agilex/limo_ros2_ws/install/limo_base:/home/agilex/limo_ros2_ws/install/limo_msgs:/home/agilex/limo_ros2_ws/install/limo_description:/home/agilex/limo_ros2_ws/install/costmap_converter_msgs:/home/agilex/limo_ros2_ws/install/ultraarm:/home/agilex/limo_ros2_ws/install/nav2_gazebo_spawner:/home/agilex/limo_ros2_ws/install/mypalletizer_260_pi:/home/agilex/limo_ros2_ws/install/mypalletizer_260:/home/agilex/limo_ros2_ws/install/mypalletizer_communication:/home/agilex/limo_ros2_ws/install/mycobot_630:/home/agilex/limo_ros2_ws/install/mycobot_600:/home/agilex/limo_ros2_ws/install/mycobot_320pi:/home/agilex/limo_ros2_ws/install/mycobot_320:/home/agilex/limo_ros2_ws/install/mycobot_280pi:/home/agilex/limo_ros2_ws/install/mycobot_280jn:/home/agilex/limo_ros2_ws/install/mycobot_280_x3pi:/home/agilex/limo_ros2_ws/install/mycobot_280:/home/agilex/limo_ros2_ws/install/myarm_m750:/home/agilex/limo_ros2_ws/install/myarm_c650:/home/agilex/limo_ros2_ws/install/myarm_300:/home/agilex/limo_ros2_ws/install/mycobot_communication:/home/agilex/limo_ros2_ws/install/mecharm_pi:/home/agilex/limo_ros2_ws/install/mecharm:/home/agilex/limo_ros2_ws/install/mecharm_communication:/home/agilex/limo_ros2_ws/install/mybuddy:/home/agilex/limo_ros2_ws/install/mycobot_description:/opt/ros/foxy LD_LIBRARY_PATH=/home/agilex/krish_ws/install/yolo_msgs/lib:${LD_LIBRARY_PATH} PYTHONPATH=/home/agilex/krish_ws/install/yolo_ros/lib/python3.8/site-packages:/home/agilex/krish_ws/install/yolo_msgs/lib/python3.8/site-packages:${PYTHONPATH} /usr/bin/cmake --build /home/agilex/krish_ws/build/yolo_bringup -- -j6 -l6
[38.897s] DEBUG:colcon.colcon_core.event_handler.log_command:Invoked command in '/home/agilex/krish_ws/build/yolo_bringup' returned '0': AMENT_PREFIX_PATH=/home/agilex/krish_ws/install/yolo_ros:/home/agilex/krish_ws/install/yolo_msgs:${AMENT_PREFIX_PATH} CMAKE_PREFIX_PATH=/home/agilex/krish_ws/install/yolo_msgs:/home/agilex/limo_ros2_ws/install/ydlidar_sdk:/home/agilex/limo_ros2_ws/install/ydlidar_ros2_driver:/home/agilex/limo_ros2_ws/install/tf_test:/home/agilex/limo_ros2_ws/install/teb_local_planner:/home/agilex/limo_ros2_ws/install/teb_msgs:/home/agilex/limo_ros2_ws/install/nav2_system_tests:/home/agilex/limo_ros2_ws/install/nav2_bringup:/home/agilex/limo_ros2_ws/install/navigation2:/home/agilex/limo_ros2_ws/install/smac_planner:/home/agilex/limo_ros2_ws/install/rf2o_laser_odometry:/home/agilex/limo_ros2_ws/install/orbbec_description:/home/agilex/limo_ros2_ws/install/orbbec_camera:/home/agilex/limo_ros2_ws/install/orbbec_camera_msgs:/home/agilex/limo_ros2_ws/install/nav2_dwb_controller:/home/agilex/limo_ros2_ws/install/nav2_controller:/home/agilex/limo_ros2_ws/install/dwb_plugins:/home/agilex/limo_ros2_ws/install/dwb_critics:/home/agilex/limo_ros2_ws/install/dwb_core:/home/agilex/limo_ros2_ws/install/nav_2d_utils:/home/agilex/limo_ros2_ws/install/dwb_msgs:/home/agilex/limo_ros2_ws/install/nav_2d_msgs:/home/agilex/limo_ros2_ws/install/nav2_waypoint_follower:/home/agilex/limo_ros2_ws/install/nav2_regulated_pure_pursuit_controller:/home/agilex/limo_ros2_ws/install/nav2_recoveries:/home/agilex/limo_ros2_ws/install/nav2_planner:/home/agilex/limo_ros2_ws/install/nav2_navfn_planner:/home/agilex/limo_ros2_ws/install/nav2_core:/home/agilex/limo_ros2_ws/install/costmap_queue:/home/agilex/limo_ros2_ws/install/costmap_converter:/home/agilex/limo_ros2_ws/install/nav2_costmap_2d:/home/agilex/limo_ros2_ws/install/nav2_voxel_grid:/home/agilex/limo_ros2_ws/install/nav2_rviz_plugins:/home/agilex/limo_ros2_ws/install/nav2_map_server:/home/agilex/limo_ros2_ws/install/nav2_lifecycle_manager:/home/agilex/limo_ros2_ws/install/nav2_bt_navigator:/home/agilex/limo_ros2_ws/install/nav2_behavior_tree:/home/agilex/limo_ros2_ws/install/nav2_amcl:/home/agilex/limo_ros2_ws/install/nav2_util:/home/agilex/limo_ros2_ws/install/nav2_msgs:/home/agilex/limo_ros2_ws/install/nav2_common:/home/agilex/limo_ros2_ws/install/mypalletizer_interfaces:/home/agilex/limo_ros2_ws/install/mycobot_interfaces:/home/agilex/limo_ros2_ws/install/mecharm_interfaces:/home/agilex/limo_ros2_ws/install/limo_visions:/home/agilex/limo_ros2_ws/install/limo_bringup:/home/agilex/limo_ros2_ws/install/limo_base:/home/agilex/limo_ros2_ws/install/limo_msgs:/home/agilex/limo_ros2_ws/install/limo_description:/home/agilex/limo_ros2_ws/install/costmap_converter_msgs:/home/agilex/limo_ros2_ws/install/ultraarm:/home/agilex/limo_ros2_ws/install/nav2_gazebo_spawner:/home/agilex/limo_ros2_ws/install/mypalletizer_260_pi:/home/agilex/limo_ros2_ws/install/mypalletizer_260:/home/agilex/limo_ros2_ws/install/mypalletizer_communication:/home/agilex/limo_ros2_ws/install/mycobot_630:/home/agilex/limo_ros2_ws/install/mycobot_600:/home/agilex/limo_ros2_ws/install/mycobot_320pi:/home/agilex/limo_ros2_ws/install/mycobot_320:/home/agilex/limo_ros2_ws/install/mycobot_280pi:/home/agilex/limo_ros2_ws/install/mycobot_280jn:/home/agilex/limo_ros2_ws/install/mycobot_280_x3pi:/home/agilex/limo_ros2_ws/install/mycobot_280:/home/agilex/limo_ros2_ws/install/myarm_m750:/home/agilex/limo_ros2_ws/install/myarm_c650:/home/agilex/limo_ros2_ws/install/myarm_300:/home/agilex/limo_ros2_ws/install/mycobot_communication:/home/agilex/limo_ros2_ws/install/mecharm_pi:/home/agilex/limo_ros2_ws/install/mecharm:/home/agilex/limo_ros2_ws/install/mecharm_communication:/home/agilex/limo_ros2_ws/install/mybuddy:/home/agilex/limo_ros2_ws/install/mycobot_description:/opt/ros/foxy LD_LIBRARY_PATH=/home/agilex/krish_ws/install/yolo_msgs/lib:${LD_LIBRARY_PATH} PYTHONPATH=/home/agilex/krish_ws/install/yolo_ros/lib/python3.8/site-packages:/home/agilex/krish_ws/install/yolo_msgs/lib/python3.8/site-packages:${PYTHONPATH} /usr/bin/cmake --build /home/agilex/krish_ws/build/yolo_bringup -- -j6 -l6
[38.986s] DEBUG:colcon.colcon_core.event_handler.log_command:Invoking command in '/home/agilex/krish_ws/build/yolo_bringup': AMENT_PREFIX_PATH=/home/agilex/krish_ws/install/yolo_ros:/home/agilex/krish_ws/install/yolo_msgs:${AMENT_PREFIX_PATH} CMAKE_PREFIX_PATH=/home/agilex/krish_ws/install/yolo_msgs:/home/agilex/limo_ros2_ws/install/ydlidar_sdk:/home/agilex/limo_ros2_ws/install/ydlidar_ros2_driver:/home/agilex/limo_ros2_ws/install/tf_test:/home/agilex/limo_ros2_ws/install/teb_local_planner:/home/agilex/limo_ros2_ws/install/teb_msgs:/home/agilex/limo_ros2_ws/install/nav2_system_tests:/home/agilex/limo_ros2_ws/install/nav2_bringup:/home/agilex/limo_ros2_ws/install/navigation2:/home/agilex/limo_ros2_ws/install/smac_planner:/home/agilex/limo_ros2_ws/install/rf2o_laser_odometry:/home/agilex/limo_ros2_ws/install/orbbec_description:/home/agilex/limo_ros2_ws/install/orbbec_camera:/home/agilex/limo_ros2_ws/install/orbbec_camera_msgs:/home/agilex/limo_ros2_ws/install/nav2_dwb_controller:/home/agilex/limo_ros2_ws/install/nav2_controller:/home/agilex/limo_ros2_ws/install/dwb_plugins:/home/agilex/limo_ros2_ws/install/dwb_critics:/home/agilex/limo_ros2_ws/install/dwb_core:/home/agilex/limo_ros2_ws/install/nav_2d_utils:/home/agilex/limo_ros2_ws/install/dwb_msgs:/home/agilex/limo_ros2_ws/install/nav_2d_msgs:/home/agilex/limo_ros2_ws/install/nav2_waypoint_follower:/home/agilex/limo_ros2_ws/install/nav2_regulated_pure_pursuit_controller:/home/agilex/limo_ros2_ws/install/nav2_recoveries:/home/agilex/limo_ros2_ws/install/nav2_planner:/home/agilex/limo_ros2_ws/install/nav2_navfn_planner:/home/agilex/limo_ros2_ws/install/nav2_core:/home/agilex/limo_ros2_ws/install/costmap_queue:/home/agilex/limo_ros2_ws/install/costmap_converter:/home/agilex/limo_ros2_ws/install/nav2_costmap_2d:/home/agilex/limo_ros2_ws/install/nav2_voxel_grid:/home/agilex/limo_ros2_ws/install/nav2_rviz_plugins:/home/agilex/limo_ros2_ws/install/nav2_map_server:/home/agilex/limo_ros2_ws/install/nav2_lifecycle_manager:/home/agilex/limo_ros2_ws/install/nav2_bt_navigator:/home/agilex/limo_ros2_ws/install/nav2_behavior_tree:/home/agilex/limo_ros2_ws/install/nav2_amcl:/home/agilex/limo_ros2_ws/install/nav2_util:/home/agilex/limo_ros2_ws/install/nav2_msgs:/home/agilex/limo_ros2_ws/install/nav2_common:/home/agilex/limo_ros2_ws/install/mypalletizer_interfaces:/home/agilex/limo_ros2_ws/install/mycobot_interfaces:/home/agilex/limo_ros2_ws/install/mecharm_interfaces:/home/agilex/limo_ros2_ws/install/limo_visions:/home/agilex/limo_ros2_ws/install/limo_bringup:/home/agilex/limo_ros2_ws/install/limo_base:/home/agilex/limo_ros2_ws/install/limo_msgs:/home/agilex/limo_ros2_ws/install/limo_description:/home/agilex/limo_ros2_ws/install/costmap_converter_msgs:/home/agilex/limo_ros2_ws/install/ultraarm:/home/agilex/limo_ros2_ws/install/nav2_gazebo_spawner:/home/agilex/limo_ros2_ws/install/mypalletizer_260_pi:/home/agilex/limo_ros2_ws/install/mypalletizer_260:/home/agilex/limo_ros2_ws/install/mypalletizer_communication:/home/agilex/limo_ros2_ws/install/mycobot_630:/home/agilex/limo_ros2_ws/install/mycobot_600:/home/agilex/limo_ros2_ws/install/mycobot_320pi:/home/agilex/limo_ros2_ws/install/mycobot_320:/home/agilex/limo_ros2_ws/install/mycobot_280pi:/home/agilex/limo_ros2_ws/install/mycobot_280jn:/home/agilex/limo_ros2_ws/install/mycobot_280_x3pi:/home/agilex/limo_ros2_ws/install/mycobot_280:/home/agilex/limo_ros2_ws/install/myarm_m750:/home/agilex/limo_ros2_ws/install/myarm_c650:/home/agilex/limo_ros2_ws/install/myarm_300:/home/agilex/limo_ros2_ws/install/mycobot_communication:/home/agilex/limo_ros2_ws/install/mecharm_pi:/home/agilex/limo_ros2_ws/install/mecharm:/home/agilex/limo_ros2_ws/install/mecharm_communication:/home/agilex/limo_ros2_ws/install/mybuddy:/home/agilex/limo_ros2_ws/install/mycobot_description:/opt/ros/foxy LD_LIBRARY_PATH=/home/agilex/krish_ws/install/yolo_msgs/lib:${LD_LIBRARY_PATH} PYTHONPATH=/home/agilex/krish_ws/install/yolo_ros/lib/python3.8/site-packages:/home/agilex/krish_ws/install/yolo_msgs/lib/python3.8/site-packages:${PYTHONPATH} /usr/bin/cmake --install /home/agilex/krish_ws/build/yolo_bringup
[39.024s] Level 1:colcon.colcon_core.environment:create_environment_scripts_only(yolo_bringup)
[39.026s] DEBUG:colcon.colcon_core.event_handler.log_command:Invoked command in '/home/agilex/krish_ws/build/yolo_bringup' returned '0': AMENT_PREFIX_PATH=/home/agilex/krish_ws/install/yolo_ros:/home/agilex/krish_ws/install/yolo_msgs:${AMENT_PREFIX_PATH} CMAKE_PREFIX_PATH=/home/agilex/krish_ws/install/yolo_msgs:/home/agilex/limo_ros2_ws/install/ydlidar_sdk:/home/agilex/limo_ros2_ws/install/ydlidar_ros2_driver:/home/agilex/limo_ros2_ws/install/tf_test:/home/agilex/limo_ros2_ws/install/teb_local_planner:/home/agilex/limo_ros2_ws/install/teb_msgs:/home/agilex/limo_ros2_ws/install/nav2_system_tests:/home/agilex/limo_ros2_ws/install/nav2_bringup:/home/agilex/limo_ros2_ws/install/navigation2:/home/agilex/limo_ros2_ws/install/smac_planner:/home/agilex/limo_ros2_ws/install/rf2o_laser_odometry:/home/agilex/limo_ros2_ws/install/orbbec_description:/home/agilex/limo_ros2_ws/install/orbbec_camera:/home/agilex/limo_ros2_ws/install/orbbec_camera_msgs:/home/agilex/limo_ros2_ws/install/nav2_dwb_controller:/home/agilex/limo_ros2_ws/install/nav2_controller:/home/agilex/limo_ros2_ws/install/dwb_plugins:/home/agilex/limo_ros2_ws/install/dwb_critics:/home/agilex/limo_ros2_ws/install/dwb_core:/home/agilex/limo_ros2_ws/install/nav_2d_utils:/home/agilex/limo_ros2_ws/install/dwb_msgs:/home/agilex/limo_ros2_ws/install/nav_2d_msgs:/home/agilex/limo_ros2_ws/install/nav2_waypoint_follower:/home/agilex/limo_ros2_ws/install/nav2_regulated_pure_pursuit_controller:/home/agilex/limo_ros2_ws/install/nav2_recoveries:/home/agilex/limo_ros2_ws/install/nav2_planner:/home/agilex/limo_ros2_ws/install/nav2_navfn_planner:/home/agilex/limo_ros2_ws/install/nav2_core:/home/agilex/limo_ros2_ws/install/costmap_queue:/home/agilex/limo_ros2_ws/install/costmap_converter:/home/agilex/limo_ros2_ws/install/nav2_costmap_2d:/home/agilex/limo_ros2_ws/install/nav2_voxel_grid:/home/agilex/limo_ros2_ws/install/nav2_rviz_plugins:/home/agilex/limo_ros2_ws/install/nav2_map_server:/home/agilex/limo_ros2_ws/install/nav2_lifecycle_manager:/home/agilex/limo_ros2_ws/install/nav2_bt_navigator:/home/agilex/limo_ros2_ws/install/nav2_behavior_tree:/home/agilex/limo_ros2_ws/install/nav2_amcl:/home/agilex/limo_ros2_ws/install/nav2_util:/home/agilex/limo_ros2_ws/install/nav2_msgs:/home/agilex/limo_ros2_ws/install/nav2_common:/home/agilex/limo_ros2_ws/install/mypalletizer_interfaces:/home/agilex/limo_ros2_ws/install/mycobot_interfaces:/home/agilex/limo_ros2_ws/install/mecharm_interfaces:/home/agilex/limo_ros2_ws/install/limo_visions:/home/agilex/limo_ros2_ws/install/limo_bringup:/home/agilex/limo_ros2_ws/install/limo_base:/home/agilex/limo_ros2_ws/install/limo_msgs:/home/agilex/limo_ros2_ws/install/limo_description:/home/agilex/limo_ros2_ws/install/costmap_converter_msgs:/home/agilex/limo_ros2_ws/install/ultraarm:/home/agilex/limo_ros2_ws/install/nav2_gazebo_spawner:/home/agilex/limo_ros2_ws/install/mypalletizer_260_pi:/home/agilex/limo_ros2_ws/install/mypalletizer_260:/home/agilex/limo_ros2_ws/install/mypalletizer_communication:/home/agilex/limo_ros2_ws/install/mycobot_630:/home/agilex/limo_ros2_ws/install/mycobot_600:/home/agilex/limo_ros2_ws/install/mycobot_320pi:/home/agilex/limo_ros2_ws/install/mycobot_320:/home/agilex/limo_ros2_ws/install/mycobot_280pi:/home/agilex/limo_ros2_ws/install/mycobot_280jn:/home/agilex/limo_ros2_ws/install/mycobot_280_x3pi:/home/agilex/limo_ros2_ws/install/mycobot_280:/home/agilex/limo_ros2_ws/install/myarm_m750:/home/agilex/limo_ros2_ws/install/myarm_c650:/home/agilex/limo_ros2_ws/install/myarm_300:/home/agilex/limo_ros2_ws/install/mycobot_communication:/home/agilex/limo_ros2_ws/install/mecharm_pi:/home/agilex/limo_ros2_ws/install/mecharm:/home/agilex/limo_ros2_ws/install/mecharm_communication:/home/agilex/limo_ros2_ws/install/mybuddy:/home/agilex/limo_ros2_ws/install/mycobot_description:/opt/ros/foxy LD_LIBRARY_PATH=/home/agilex/krish_ws/install/yolo_msgs/lib:${LD_LIBRARY_PATH} PYTHONPATH=/home/agilex/krish_ws/install/yolo_ros/lib/python3.8/site-packages:/home/agilex/krish_ws/install/yolo_msgs/lib/python3.8/site-packages:${PYTHONPATH} /usr/bin/cmake --install /home/agilex/krish_ws/build/yolo_bringup
[39.294s] Level 1:colcon.colcon_core.environment:checking '/home/agilex/krish_ws/install/yolo_bringup' for CMake module files
[39.295s] Level 1:colcon.colcon_core.environment:checking '/home/agilex/krish_ws/install/yolo_bringup' for CMake config files
[39.296s] Level 1:colcon.colcon_core.shell:create_environment_hook('yolo_bringup', 'cmake_prefix_path')
[39.549s] INFO:colcon.colcon_core.shell:Creating environment hook '/home/agilex/krish_ws/install/yolo_bringup/share/yolo_bringup/hook/cmake_prefix_path.ps1'
[39.550s] INFO:colcon.colcon_core.shell:Creating environment descriptor '/home/agilex/krish_ws/install/yolo_bringup/share/yolo_bringup/hook/cmake_prefix_path.dsv'
[39.551s] INFO:colcon.colcon_core.shell:Creating environment hook '/home/agilex/krish_ws/install/yolo_bringup/share/yolo_bringup/hook/cmake_prefix_path.sh'
[39.552s] Level 1:colcon.colcon_core.environment:checking '/home/agilex/krish_ws/install/yolo_bringup/bin'
[39.552s] Level 1:colcon.colcon_core.environment:checking '/home/agilex/krish_ws/install/yolo_bringup/lib/pkgconfig/yolo_bringup.pc'
[39.553s] Level 1:colcon.colcon_core.environment:checking '/home/agilex/krish_ws/install/yolo_bringup/lib/python3.8/site-packages'
[39.553s] Level 1:colcon.colcon_core.environment:checking '/home/agilex/krish_ws/install/yolo_bringup/bin'
[39.805s] INFO:colcon.colcon_core.shell:Creating package script '/home/agilex/krish_ws/install/yolo_bringup/share/yolo_bringup/package.ps1'
[39.807s] INFO:colcon.colcon_core.shell:Creating package descriptor '/home/agilex/krish_ws/install/yolo_bringup/share/yolo_bringup/package.dsv'
[39.807s] INFO:colcon.colcon_core.shell:Creating package script '/home/agilex/krish_ws/install/yolo_bringup/share/yolo_bringup/package.sh'
[39.808s] INFO:colcon.colcon_core.shell:Creating package script '/home/agilex/krish_ws/install/yolo_bringup/share/yolo_bringup/package.bash'
[39.809s] INFO:colcon.colcon_core.shell:Creating package script '/home/agilex/krish_ws/install/yolo_bringup/share/yolo_bringup/package.zsh'
[39.809s] Level 1:colcon.colcon_core.environment:create_file_with_runtime_dependencies(/home/agilex/krish_ws/install/yolo_bringup/share/colcon-core/packages/yolo_bringup)
[40.141s] Level 1:colcon.colcon_core.environment:create_environment_scripts_only(yolo_bringup)
[40.395s] Level 1:colcon.colcon_core.environment:checking '/home/agilex/krish_ws/install/yolo_bringup' for CMake module files
[40.396s] Level 1:colcon.colcon_core.environment:checking '/home/agilex/krish_ws/install/yolo_bringup' for CMake config files
[40.397s] Level 1:colcon.colcon_core.shell:create_environment_hook('yolo_bringup', 'cmake_prefix_path')
[40.649s] INFO:colcon.colcon_core.shell:Creating environment hook '/home/agilex/krish_ws/install/yolo_bringup/share/yolo_bringup/hook/cmake_prefix_path.ps1'
[40.650s] INFO:colcon.colcon_core.shell:Creating environment descriptor '/home/agilex/krish_ws/install/yolo_bringup/share/yolo_bringup/hook/cmake_prefix_path.dsv'
[40.651s] INFO:colcon.colcon_core.shell:Creating environment hook '/home/agilex/krish_ws/install/yolo_bringup/share/yolo_bringup/hook/cmake_prefix_path.sh'
[40.652s] Level 1:colcon.colcon_core.environment:checking '/home/agilex/krish_ws/install/yolo_bringup/bin'
[40.652s] Level 1:colcon.colcon_core.environment:checking '/home/agilex/krish_ws/install/yolo_bringup/lib/pkgconfig/yolo_bringup.pc'
[40.653s] Level 1:colcon.colcon_core.environment:checking '/home/agilex/krish_ws/install/yolo_bringup/lib/python3.8/site-packages'
[40.653s] Level 1:colcon.colcon_core.environment:checking '/home/agilex/krish_ws/install/yolo_bringup/bin'
[40.910s] INFO:colcon.colcon_core.shell:Creating package script '/home/agilex/krish_ws/install/yolo_bringup/share/yolo_bringup/package.ps1'
[40.912s] INFO:colcon.colcon_core.shell:Creating package descriptor '/home/agilex/krish_ws/install/yolo_bringup/share/yolo_bringup/package.dsv'
[40.913s] INFO:colcon.colcon_core.shell:Creating package script '/home/agilex/krish_ws/install/yolo_bringup/share/yolo_bringup/package.sh'
[40.913s] INFO:colcon.colcon_core.shell:Creating package script '/home/agilex/krish_ws/install/yolo_bringup/share/yolo_bringup/package.bash'
[40.914s] INFO:colcon.colcon_core.shell:Creating package script '/home/agilex/krish_ws/install/yolo_bringup/share/yolo_bringup/package.zsh'
[40.915s] Level 1:colcon.colcon_core.environment:create_file_with_runtime_dependencies(/home/agilex/krish_ws/install/yolo_bringup/share/colcon-core/packages/yolo_bringup)
[40.916s] DEBUG:colcon.colcon_parallel_executor.executor.parallel:closing loop
[40.916s] DEBUG:colcon.colcon_parallel_executor.executor.parallel:loop closed
[40.917s] DEBUG:colcon.colcon_parallel_executor.executor.parallel:run_until_complete finished with '0'
[40.917s] DEBUG:colcon.colcon_core.event_reactor:joining thread
[41.185s] INFO:colcon.colcon_core.plugin_system:Skipping extension 'colcon_notification.desktop_notification.terminal_notifier': Not used on non-Darwin systems
[41.185s] INFO:colcon.colcon_core.plugin_system:Skipping extension 'colcon_notification.desktop_notification.win32': Not used on non-Windows systems
[41.185s] INFO:colcon.colcon_notification.desktop_notification:Sending desktop notification using 'notify2'
[41.228s] DEBUG:colcon.colcon_core.event_reactor:joined thread
[41.516s] INFO:colcon.colcon_core.shell:Creating prefix script '/home/agilex/krish_ws/install/local_setup.ps1'
[41.519s] INFO:colcon.colcon_core.shell:Creating prefix util module '/home/agilex/krish_ws/install/_local_setup_util_ps1.py'
[41.521s] INFO:colcon.colcon_core.shell:Creating prefix chain script '/home/agilex/krish_ws/install/setup.ps1'
[41.784s] INFO:colcon.colcon_core.shell:Creating prefix script '/home/agilex/krish_ws/install/local_setup.sh'
[41.786s] INFO:colcon.colcon_core.shell:Creating prefix util module '/home/agilex/krish_ws/install/_local_setup_util_sh.py'
[41.787s] INFO:colcon.colcon_core.shell:Creating prefix chain script '/home/agilex/krish_ws/install/setup.sh'
[42.046s] INFO:colcon.colcon_core.shell:Creating prefix script '/home/agilex/krish_ws/install/local_setup.bash'
[42.048s] INFO:colcon.colcon_core.shell:Creating prefix chain script '/home/agilex/krish_ws/install/setup.bash'
[42.309s] INFO:colcon.colcon_core.shell:Creating prefix script '/home/agilex/krish_ws/install/local_setup.zsh'
[42.310s] INFO:colcon.colcon_core.shell:Creating prefix chain script '/home/agilex/krish_ws/install/setup.zsh'
