[15.592s] Invoking command in '/home/agilex/krish_ws/build/nav_handler': PYTHONPATH=/home/agilex/krish_ws/build/nav_handler/prefix_override:/home/agilex/krish_ws/install/nav_handler/lib/python3.8/site-packages:${PYTHONPATH} /usr/bin/python3 setup.py develop --editable --build-directory /home/agilex/krish_ws/build/nav_handler/build --no-deps install_data
[16.349s] /home/agilex/.local/lib/python3.8/site-packages/setuptools/dist.py:476: SetuptoolsDeprecationWarning: Invalid dash-separated options
[16.350s] !!
[16.350s] 
[16.350s]         ********************************************************************************
[16.350s]         Usage of dash-separated 'script-dir' will not be supported in future
[16.350s]         versions. Please use the underscore name 'script_dir' instead.
[16.350s] 
[16.351s]         This deprecation is overdue, please update your project and remove deprecated
[16.351s]         calls to avoid build errors in the future.
[16.351s] 
[16.351s]         See https://setuptools.pypa.io/en/latest/userguide/declarative_config.html for details.
[16.351s]         ********************************************************************************
[16.351s] 
[16.351s] !!
[16.351s]   opt = self.warn_dash_deprecation(opt, section)
[17.017s] running develop
[17.018s] /home/agilex/.local/lib/python3.8/site-packages/setuptools/command/develop.py:40: EasyInstallDeprecationWarning: easy_install command is deprecated.
[17.018s] !!
[17.018s] 
[17.018s]         ********************************************************************************
[17.018s]         Please avoid running ``setup.py`` and ``easy_install``.
[17.018s]         Instead, use pypa/build, pypa/installer or other
[17.018s]         standards-based tools.
[17.019s] 
[17.019s]         See https://github.com/pypa/setuptools/issues/917 for details.
[17.019s]         ********************************************************************************
[17.019s] 
[17.019s] !!
[17.019s]   easy_install.initialize_options(self)
[17.277s] /home/agilex/.local/lib/python3.8/site-packages/setuptools/_distutils/cmd.py:66: SetuptoolsDeprecationWarning: setup.py install is deprecated.
[17.277s] !!
[17.278s] 
[17.278s]         ********************************************************************************
[17.278s]         Please avoid running ``setup.py`` directly.
[17.278s]         Instead, use pypa/build, pypa/installer or other
[17.278s]         standards-based tools.
[17.278s] 
[17.278s]         See https://blog.ganssle.io/articles/2021/10/setup-py-deprecated.html for details.
[17.279s]         ********************************************************************************
[17.279s] 
[17.279s] !!
[17.279s]   self.initialize_options()
[17.894s] running egg_info
[17.934s] writing nav_handler.egg-info/PKG-INFO
[17.934s] writing dependency_links to nav_handler.egg-info/dependency_links.txt
[17.934s] writing entry points to nav_handler.egg-info/entry_points.txt
[17.934s] writing requirements to nav_handler.egg-info/requires.txt
[17.935s] writing top-level names to nav_handler.egg-info/top_level.txt
[18.040s] reading manifest file 'nav_handler.egg-info/SOURCES.txt'
[18.041s] writing manifest file 'nav_handler.egg-info/SOURCES.txt'
[18.849s] running build_ext
[18.850s] Creating /home/agilex/krish_ws/install/nav_handler/lib/python3.8/site-packages/nav-handler.egg-link (link to .)
[18.881s] Installing object_handler script to /home/agilex/krish_ws/install/nav_handler/lib/nav_handler
[18.881s] 
[18.890s] Installed /home/agilex/krish_ws/build/nav_handler
[18.890s] running install_data
[18.895s] copying resource/nav_handler -> /home/agilex/krish_ws/install/nav_handler/share/ament_index/resource_index/packages
[18.905s] copying package.xml -> /home/agilex/krish_ws/install/nav_handler/share/nav_handler
[24.162s] Invoked command in '/home/agilex/krish_ws/build/nav_handler' returned '0': PYTHONPATH=/home/agilex/krish_ws/build/nav_handler/prefix_override:/home/agilex/krish_ws/install/nav_handler/lib/python3.8/site-packages:${PYTHONPATH} /usr/bin/python3 setup.py develop --editable --build-directory /home/agilex/krish_ws/build/nav_handler/build --no-deps install_data
