[5.394s] Invoking command in '/home/agilex/krish_ws/src/nav_handler': PYTHONPATH=/home/agilex/krish_ws/build/nav_handler/prefix_override:/home/agilex/krish_ws/install/nav_handler/lib/python3.8/site-packages:${PYTHONPATH} /usr/bin/python3 setup.py egg_info --egg-base ../../build/nav_handler build --build-base /home/agilex/krish_ws/build/nav_handler/build install --record /home/agilex/krish_ws/build/nav_handler/install.log --install-scripts $base/lib/nav_handler --single-version-externally-managed
[5.829s] /home/agilex/.local/lib/python3.8/site-packages/setuptools/dist.py:476: SetuptoolsDeprecationWarning: Invalid dash-separated options
[5.829s] !!
[5.829s] 
[5.829s]         ********************************************************************************
[5.829s]         Usage of dash-separated 'script-dir' will not be supported in future
[5.830s]         versions. Please use the underscore name 'script_dir' instead.
[5.830s] 
[5.830s]         This deprecation is overdue, please update your project and remove deprecated
[5.830s]         calls to avoid build errors in the future.
[5.830s] 
[5.830s]         See https://setuptools.pypa.io/en/latest/userguide/declarative_config.html for details.
[5.830s]         ********************************************************************************
[5.830s] 
[5.830s] !!
[5.831s]   opt = self.warn_dash_deprecation(opt, section)
[6.137s] running egg_info
[6.186s] writing ../../build/nav_handler/nav_handler.egg-info/PKG-INFO
[6.187s] writing dependency_links to ../../build/nav_handler/nav_handler.egg-info/dependency_links.txt
[6.188s] writing entry points to ../../build/nav_handler/nav_handler.egg-info/entry_points.txt
[6.189s] writing requirements to ../../build/nav_handler/nav_handler.egg-info/requires.txt
[6.190s] writing top-level names to ../../build/nav_handler/nav_handler.egg-info/top_level.txt
[6.574s] reading manifest file '../../build/nav_handler/nav_handler.egg-info/SOURCES.txt'
[6.575s] writing manifest file '../../build/nav_handler/nav_handler.egg-info/SOURCES.txt'
[6.576s] running build
[6.576s] running build_py
[6.577s] copying nav_handler/__init__.py -> /home/agilex/krish_ws/build/nav_handler/build/lib/nav_handler
[6.577s] copying nav_handler/nav_handler copy.py -> /home/agilex/krish_ws/build/nav_handler/build/lib/nav_handler
[6.577s] copying nav_handler/mission_manager.py -> /home/agilex/krish_ws/build/nav_handler/build/lib/nav_handler
[6.577s] copying nav_handler/nav_handler copy 2.py -> /home/agilex/krish_ws/build/nav_handler/build/lib/nav_handler
[6.578s] copying nav_handler/manual_object_nav_test.py -> /home/agilex/krish_ws/build/nav_handler/build/lib/nav_handler
[6.579s] copying nav_handler/pose_setter.py -> /home/agilex/krish_ws/build/nav_handler/build/lib/nav_handler
[6.580s] running install
[6.580s] /home/agilex/.local/lib/python3.8/site-packages/setuptools/_distutils/cmd.py:66: SetuptoolsDeprecationWarning: setup.py install is deprecated.
[6.581s] !!
[6.581s] 
[6.581s]         ********************************************************************************
[6.581s]         Please avoid running ``setup.py`` directly.
[6.582s]         Instead, use pypa/build, pypa/installer or other
[6.582s]         standards-based tools.
[6.582s] 
[6.582s]         See https://blog.ganssle.io/articles/2021/10/setup-py-deprecated.html for details.
[6.582s]         ********************************************************************************
[6.583s] 
[6.583s] !!
[6.583s]   self.initialize_options()
[6.594s] running install_lib
[6.642s] copying /home/agilex/krish_ws/build/nav_handler/build/lib/nav_handler/mission_manager.py -> /home/agilex/krish_ws/install/nav_handler/lib/python3.8/site-packages/nav_handler
[6.644s] byte-compiling /home/agilex/krish_ws/install/nav_handler/lib/python3.8/site-packages/nav_handler/mission_manager.py to mission_manager.cpython-38.pyc
[6.647s] running install_data
[6.690s] copying resource/nav_handler -> /home/agilex/krish_ws/install/nav_handler/share/ament_index/resource_index/packages
[6.691s] copying package.xml -> /home/agilex/krish_ws/install/nav_handler/share/nav_handler
[6.691s] running install_egg_info
[6.738s] removing '/home/agilex/krish_ws/install/nav_handler/lib/python3.8/site-packages/nav_handler-0.0.0-py3.8.egg-info' (and everything under it)
[6.738s] Copying ../../build/nav_handler/nav_handler.egg-info to /home/agilex/krish_ws/install/nav_handler/lib/python3.8/site-packages/nav_handler-0.0.0-py3.8.egg-info
[6.740s] running install_scripts
[6.849s] Installing mission_manager script to /home/agilex/krish_ws/install/nav_handler/lib/nav_handler
[6.850s] Installing pose_setter script to /home/agilex/krish_ws/install/nav_handler/lib/nav_handler
[6.850s] Installing test script to /home/agilex/krish_ws/install/nav_handler/lib/nav_handler
[6.851s] writing list of installed files to '/home/agilex/krish_ws/build/nav_handler/install.log'
[6.937s] Invoked command in '/home/agilex/krish_ws/src/nav_handler' returned '0': PYTHONPATH=/home/agilex/krish_ws/build/nav_handler/prefix_override:/home/agilex/krish_ws/install/nav_handler/lib/python3.8/site-packages:${PYTHONPATH} /usr/bin/python3 setup.py egg_info --egg-base ../../build/nav_handler build --build-base /home/agilex/krish_ws/build/nav_handler/build install --record /home/agilex/krish_ws/build/nav_handler/install.log --install-scripts $base/lib/nav_handler --single-version-externally-managed
