[12.557s] Invoking command in '/home/agilex/krish_ws/src/object_detector': PYTHONPATH=/home/agilex/krish_ws/build/object_detector/prefix_override:/home/agilex/krish_ws/install/object_detector/lib/python3.8/site-packages:${PYTHONPATH} /usr/bin/python3 setup.py egg_info --egg-base ../../build/object_detector build --build-base /home/agilex/krish_ws/build/object_detector/build install --record /home/agilex/krish_ws/build/object_detector/install.log --install-scripts $base/lib/object_detector --single-version-externally-managed
[13.099s] /home/agilex/.local/lib/python3.8/site-packages/setuptools/dist.py:476: SetuptoolsDeprecationWarning: Invalid dash-separated options
[13.099s] !!
[13.099s] 
[13.099s]         ********************************************************************************
[13.099s]         Usage of dash-separated 'script-dir' will not be supported in future
[13.100s]         versions. Please use the underscore name 'script_dir' instead.
[13.100s] 
[13.100s]         This deprecation is overdue, please update your project and remove deprecated
[13.100s]         calls to avoid build errors in the future.
[13.100s] 
[13.101s]         See https://setuptools.pypa.io/en/latest/userguide/declarative_config.html for details.
[13.101s]         ********************************************************************************
[13.101s] 
[13.101s] !!
[13.101s]   opt = self.warn_dash_deprecation(opt, section)
[13.486s] running egg_info
[13.592s] writing ../../build/object_detector/object_detector.egg-info/PKG-INFO
[13.595s] writing dependency_links to ../../build/object_detector/object_detector.egg-info/dependency_links.txt
[13.596s] writing entry points to ../../build/object_detector/object_detector.egg-info/entry_points.txt
[13.600s] writing requirements to ../../build/object_detector/object_detector.egg-info/requires.txt
[13.601s] writing top-level names to ../../build/object_detector/object_detector.egg-info/top_level.txt
[14.309s] reading manifest file '../../build/object_detector/object_detector.egg-info/SOURCES.txt'
[14.310s] /home/agilex/.local/lib/python3.8/site-packages/setuptools/_distutils/cmd.py:66: SetuptoolsDeprecationWarning: setup.py install is deprecated.
[14.310s] !!
[14.310s] 
[14.310s]         ********************************************************************************
[14.310s]         Please avoid running ``setup.py`` directly.
[14.310s]         Instead, use pypa/build, pypa/installer or other
[14.310s]         standards-based tools.
[14.311s] 
[14.311s]         See https://blog.ganssle.io/articles/2021/10/setup-py-deprecated.html for details.
[14.311s]         ********************************************************************************
[14.311s] 
[14.311s] !!
[14.311s]   self.initialize_options()
[14.311s] writing manifest file '../../build/object_detector/object_detector.egg-info/SOURCES.txt'
[14.311s] running build
[14.311s] running build_py
[14.312s] copying object_detector/__init__.py -> /home/agilex/krish_ws/build/object_detector/build/lib/object_detector
[14.312s] copying object_detector/object_detector.py -> /home/agilex/krish_ws/build/object_detector/build/lib/object_detector
[14.312s] running install
[14.324s] running install_lib
[14.387s] running install_data
[14.433s] copying resource/object_detector -> /home/agilex/krish_ws/install/object_detector/share/ament_index/resource_index/packages
[14.436s] copying package.xml -> /home/agilex/krish_ws/install/object_detector/share/object_detector
[14.436s] running install_egg_info
[14.494s] removing '/home/agilex/krish_ws/install/object_detector/lib/python3.8/site-packages/object_detector-0.0.0-py3.8.egg-info' (and everything under it)
[14.497s] Copying ../../build/object_detector/object_detector.egg-info to /home/agilex/krish_ws/install/object_detector/lib/python3.8/site-packages/object_detector-0.0.0-py3.8.egg-info
[14.498s] running install_scripts
[14.614s] Installing yolo_detector script to /home/agilex/krish_ws/install/object_detector/lib/object_detector
[14.616s] writing list of installed files to '/home/agilex/krish_ws/build/object_detector/install.log'
[20.101s] Invoked command in '/home/agilex/krish_ws/src/object_detector' returned '0': PYTHONPATH=/home/agilex/krish_ws/build/object_detector/prefix_override:/home/agilex/krish_ws/install/object_detector/lib/python3.8/site-packages:${PYTHONPATH} /usr/bin/python3 setup.py egg_info --egg-base ../../build/object_detector build --build-base /home/agilex/krish_ws/build/object_detector/build install --record /home/agilex/krish_ws/build/object_detector/install.log --install-scripts $base/lib/object_detector --single-version-externally-managed
