[5.632s] Invoking command in '/home/agilex/krish_ws/src/object_detector': PYTHONPATH=/home/agilex/krish_ws/build/object_detector/prefix_override:/home/agilex/krish_ws/install/object_detector/lib/python3.8/site-packages:${PYTHONPATH} /usr/bin/python3 setup.py egg_info --egg-base ../../build/object_detector build --build-base /home/agilex/krish_ws/build/object_detector/build install --record /home/agilex/krish_ws/build/object_detector/install.log --install-scripts $base/lib/object_detector --single-version-externally-managed
[6.013s] /home/agilex/.local/lib/python3.8/site-packages/setuptools/dist.py:476: SetuptoolsDeprecationWarning: Invalid dash-separated options
[6.013s] !!
[6.014s] 
[6.014s]         ********************************************************************************
[6.014s]         Usage of dash-separated 'script-dir' will not be supported in future
[6.014s]         versions. Please use the underscore name 'script_dir' instead.
[6.014s] 
[6.014s]         This deprecation is overdue, please update your project and remove deprecated
[6.014s]         calls to avoid build errors in the future.
[6.015s] 
[6.015s]         See https://setuptools.pypa.io/en/latest/userguide/declarative_config.html for details.
[6.015s]         ********************************************************************************
[6.015s] 
[6.015s] !!
[6.015s]   opt = self.warn_dash_deprecation(opt, section)
[6.287s] running egg_info
[6.332s] writing ../../build/object_detector/object_detector.egg-info/PKG-INFO
[6.333s] writing dependency_links to ../../build/object_detector/object_detector.egg-info/dependency_links.txt
[6.333s] writing entry points to ../../build/object_detector/object_detector.egg-info/entry_points.txt
[6.334s] writing requirements to ../../build/object_detector/object_detector.egg-info/requires.txt
[6.334s] writing top-level names to ../../build/object_detector/object_detector.egg-info/top_level.txt
[6.684s] reading manifest file '../../build/object_detector/object_detector.egg-info/SOURCES.txt'
[6.687s] writing manifest file '../../build/object_detector/object_detector.egg-info/SOURCES.txt'
[6.688s] running build
[6.688s] running build_py
[6.688s] copying object_detector/__init__.py -> /home/agilex/krish_ws/build/object_detector/build/lib/object_detector
[6.688s] copying object_detector/object_detector.py -> /home/agilex/krish_ws/build/object_detector/build/lib/object_detector
[6.689s] copying object_detector/test.py -> /home/agilex/krish_ws/build/object_detector/build/lib/object_detector
[6.689s] running install
[6.690s] /home/agilex/.local/lib/python3.8/site-packages/setuptools/_distutils/cmd.py:66: SetuptoolsDeprecationWarning: setup.py install is deprecated.
[6.690s] !!
[6.691s] 
[6.691s]         ********************************************************************************
[6.691s]         Please avoid running ``setup.py`` directly.
[6.691s]         Instead, use pypa/build, pypa/installer or other
[6.691s]         standards-based tools.
[6.691s] 
[6.692s]         See https://blog.ganssle.io/articles/2021/10/setup-py-deprecated.html for details.
[6.692s]         ********************************************************************************
[6.692s] 
[6.692s] !!
[6.692s]   self.initialize_options()
[6.703s] running install_lib
[6.747s] copying /home/agilex/krish_ws/build/object_detector/build/lib/object_detector/object_detector.py -> /home/agilex/krish_ws/install/object_detector/lib/python3.8/site-packages/object_detector
[6.751s] byte-compiling /home/agilex/krish_ws/install/object_detector/lib/python3.8/site-packages/object_detector/object_detector.py to object_detector.cpython-38.pyc
[6.754s] running install_data
[6.799s] copying resource/object_detector -> /home/agilex/krish_ws/install/object_detector/share/ament_index/resource_index/packages
[6.799s] copying package.xml -> /home/agilex/krish_ws/install/object_detector/share/object_detector
[6.799s] running install_egg_info
[6.846s] removing '/home/agilex/krish_ws/install/object_detector/lib/python3.8/site-packages/object_detector-0.0.0-py3.8.egg-info' (and everything under it)
[6.846s] Copying ../../build/object_detector/object_detector.egg-info to /home/agilex/krish_ws/install/object_detector/lib/python3.8/site-packages/object_detector-0.0.0-py3.8.egg-info
[6.849s] running install_scripts
[6.958s] Installing test script to /home/agilex/krish_ws/install/object_detector/lib/object_detector
[6.959s] Installing yolo_detector script to /home/agilex/krish_ws/install/object_detector/lib/object_detector
[6.960s] writing list of installed files to '/home/agilex/krish_ws/build/object_detector/install.log'
[7.045s] Invoked command in '/home/agilex/krish_ws/src/object_detector' returned '0': PYTHONPATH=/home/agilex/krish_ws/build/object_detector/prefix_override:/home/agilex/krish_ws/install/object_detector/lib/python3.8/site-packages:${PYTHONPATH} /usr/bin/python3 setup.py egg_info --egg-base ../../build/object_detector build --build-base /home/agilex/krish_ws/build/object_detector/build install --record /home/agilex/krish_ws/build/object_detector/install.log --install-scripts $base/lib/object_detector --single-version-externally-managed
