[4.521s] Invoking command in '/home/agilex/krish_ws/src/yolov5_ros2': PYTHONPATH=/home/agilex/krish_ws/build/yolov5_ros2/prefix_override:/home/agilex/krish_ws/install/yolov5_ros2/lib/python3.8/site-packages:${PYTHONPATH} /usr/bin/python3 setup.py egg_info --egg-base ../../build/yolov5_ros2 build --build-base /home/agilex/krish_ws/build/yolov5_ros2/build install --record /home/agilex/krish_ws/build/yolov5_ros2/install.log --single-version-externally-managed
[5.133s] running egg_info
[5.175s] writing ../../build/yolov5_ros2/yolov5_ros2.egg-info/PKG-INFO
[5.176s] writing dependency_links to ../../build/yolov5_ros2/yolov5_ros2.egg-info/dependency_links.txt
[5.176s] writing entry points to ../../build/yolov5_ros2/yolov5_ros2.egg-info/entry_points.txt
[5.177s] writing requirements to ../../build/yolov5_ros2/yolov5_ros2.egg-info/requires.txt
[5.178s] writing top-level names to ../../build/yolov5_ros2/yolov5_ros2.egg-info/top_level.txt
[5.510s] reading manifest file '../../build/yolov5_ros2/yolov5_ros2.egg-info/SOURCES.txt'
[5.512s] writing manifest file '../../build/yolov5_ros2/yolov5_ros2.egg-info/SOURCES.txt'
[5.512s] running build
[5.513s] running build_py
[5.514s] running install
[5.515s] /home/agilex/.local/lib/python3.8/site-packages/setuptools/_distutils/cmd.py:66: SetuptoolsDeprecationWarning: setup.py install is deprecated.
[5.516s] !!
[5.516s] 
[5.516s]         ********************************************************************************
[5.516s]         Please avoid running ``setup.py`` directly.
[5.516s]         Instead, use pypa/build, pypa/installer or other
[5.516s]         standards-based tools.
[5.516s] 
[5.516s]         See https://blog.ganssle.io/articles/2021/10/setup-py-deprecated.html for details.
[5.516s]         ********************************************************************************
[5.517s] 
[5.517s] !!
[5.517s]   self.initialize_options()
[5.527s] running install_lib
[5.569s] running install_data
[5.610s] running install_egg_info
[5.653s] removing '/home/agilex/krish_ws/install/yolov5_ros2/lib/python3.8/site-packages/yolov5_ros2-0.0.0-py3.8.egg-info' (and everything under it)
[5.654s] Copying ../../build/yolov5_ros2/yolov5_ros2.egg-info to /home/agilex/krish_ws/install/yolov5_ros2/lib/python3.8/site-packages/yolov5_ros2-0.0.0-py3.8.egg-info
[5.656s] running install_scripts
[5.756s] Installing yolo_detect_2d script to /home/agilex/krish_ws/install/yolov5_ros2/lib/yolov5_ros2
[5.757s] writing list of installed files to '/home/agilex/krish_ws/build/yolov5_ros2/install.log'
[5.837s] Invoked command in '/home/agilex/krish_ws/src/yolov5_ros2' returned '0': PYTHONPATH=/home/agilex/krish_ws/build/yolov5_ros2/prefix_override:/home/agilex/krish_ws/install/yolov5_ros2/lib/python3.8/site-packages:${PYTHONPATH} /usr/bin/python3 setup.py egg_info --egg-base ../../build/yolov5_ros2 build --build-base /home/agilex/krish_ws/build/yolov5_ros2/build install --record /home/agilex/krish_ws/build/yolov5_ros2/install.log --single-version-externally-managed
