[5.649s] Invoking command in '/home/agilex/krish_ws/src/my_launch_pkg': PYTHONPATH=/home/agilex/krish_ws/build/my_launch_pkg/prefix_override:/home/agilex/krish_ws/install/my_launch_pkg/lib/python3.8/site-packages:${PYTHONPATH} /usr/bin/python3 setup.py egg_info --egg-base ../../build/my_launch_pkg build --build-base /home/agilex/krish_ws/build/my_launch_pkg/build install --record /home/agilex/krish_ws/build/my_launch_pkg/install.log --install-scripts $base/lib/my_launch_pkg --single-version-externally-managed
[6.047s] /home/agilex/.local/lib/python3.8/site-packages/setuptools/dist.py:476: SetuptoolsDeprecationWarning: Invalid dash-separated options
[6.047s] !!
[6.048s] 
[6.048s]         ********************************************************************************
[6.048s]         Usage of dash-separated 'script-dir' will not be supported in future
[6.048s]         versions. Please use the underscore name 'script_dir' instead.
[6.049s] 
[6.049s]         This deprecation is overdue, please update your project and remove deprecated
[6.049s]         calls to avoid build errors in the future.
[6.049s] 
[6.049s]         See https://setuptools.pypa.io/en/latest/userguide/declarative_config.html for details.
[6.050s]         ********************************************************************************
[6.050s] 
[6.050s] !!
[6.050s]   opt = self.warn_dash_deprecation(opt, section)
[6.329s] running egg_info
[6.375s] writing ../../build/my_launch_pkg/my_launch_pkg.egg-info/PKG-INFO
[6.376s] writing dependency_links to ../../build/my_launch_pkg/my_launch_pkg.egg-info/dependency_links.txt
[6.377s] writing requirements to ../../build/my_launch_pkg/my_launch_pkg.egg-info/requires.txt
[6.377s] writing top-level names to ../../build/my_launch_pkg/my_launch_pkg.egg-info/top_level.txt
[6.741s] reading manifest file '../../build/my_launch_pkg/my_launch_pkg.egg-info/SOURCES.txt'
[6.742s] writing manifest file '../../build/my_launch_pkg/my_launch_pkg.egg-info/SOURCES.txt'
[6.743s] running build
[6.743s] running build_py
[6.744s] copying my_launch_pkg/__init__.py -> /home/agilex/krish_ws/build/my_launch_pkg/build/lib/my_launch_pkg
[6.744s] running install
[6.745s] /home/agilex/.local/lib/python3.8/site-packages/setuptools/_distutils/cmd.py:66: SetuptoolsDeprecationWarning: setup.py install is deprecated.
[6.745s] !!
[6.746s] 
[6.746s]         ********************************************************************************
[6.746s]         Please avoid running ``setup.py`` directly.
[6.746s]         Instead, use pypa/build, pypa/installer or other
[6.746s]         standards-based tools.
[6.746s] 
[6.746s]         See https://blog.ganssle.io/articles/2021/10/setup-py-deprecated.html for details.
[6.746s]         ********************************************************************************
[6.746s] 
[6.747s] !!
[6.747s]   self.initialize_options()
[6.757s] running install_lib
[6.809s] running install_data
[6.857s] copying resource/my_launch_pkg -> /home/agilex/krish_ws/install/my_launch_pkg/share/ament_index/resource_index/packages
[6.858s] copying package.xml -> /home/agilex/krish_ws/install/my_launch_pkg/share/my_launch_pkg
[6.859s] copying launch/full_system.launch.py -> /home/agilex/krish_ws/install/my_launch_pkg/share/my_launch_pkg/launch
[6.859s] running install_egg_info
[6.910s] removing '/home/agilex/krish_ws/install/my_launch_pkg/lib/python3.8/site-packages/my_launch_pkg-0.0.0-py3.8.egg-info' (and everything under it)
[6.911s] Copying ../../build/my_launch_pkg/my_launch_pkg.egg-info to /home/agilex/krish_ws/install/my_launch_pkg/lib/python3.8/site-packages/my_launch_pkg-0.0.0-py3.8.egg-info
[6.913s] running install_scripts
[7.024s] writing list of installed files to '/home/agilex/krish_ws/build/my_launch_pkg/install.log'
[7.105s] Invoked command in '/home/agilex/krish_ws/src/my_launch_pkg' returned '0': PYTHONPATH=/home/agilex/krish_ws/build/my_launch_pkg/prefix_override:/home/agilex/krish_ws/install/my_launch_pkg/lib/python3.8/site-packages:${PYTHONPATH} /usr/bin/python3 setup.py egg_info --egg-base ../../build/my_launch_pkg build --build-base /home/agilex/krish_ws/build/my_launch_pkg/build install --record /home/agilex/krish_ws/build/my_launch_pkg/install.log --install-scripts $base/lib/my_launch_pkg --single-version-externally-managed
