/home/agilex/.local/lib/python3.8/site-packages/setuptools/dist.py:476: SetuptoolsDeprecationWarning: Invalid dash-separated options
!!

        ********************************************************************************
        Usage of dash-separated 'script-dir' will not be supported in future
        versions. Please use the underscore name 'script_dir' instead.

        This deprecation is overdue, please update your project and remove deprecated
        calls to avoid build errors in the future.

        See https://setuptools.pypa.io/en/latest/userguide/declarative_config.html for details.
        ********************************************************************************

!!
  opt = self.warn_dash_deprecation(opt, section)
running egg_info
creating ../../build/object_detector/object_detector.egg-info
writing ../../build/object_detector/object_detector.egg-info/PKG-INFO
writing dependency_links to ../../build/object_detector/object_detector.egg-info/dependency_links.txt
writing entry points to ../../build/object_detector/object_detector.egg-info/entry_points.txt
writing requirements to ../../build/object_detector/object_detector.egg-info/requires.txt
writing top-level names to ../../build/object_detector/object_detector.egg-info/top_level.txt
writing manifest file '../../build/object_detector/object_detector.egg-info/SOURCES.txt'
reading manifest file '../../build/object_detector/object_detector.egg-info/SOURCES.txt'
writing manifest file '../../build/object_detector/object_detector.egg-info/SOURCES.txt'
running build
running build_py
creating /home/agilex/krish_ws/build/object_detector/build
creating /home/agilex/krish_ws/build/object_detector/build/lib
creating /home/agilex/krish_ws/build/object_detector/build/lib/object_detector
copying object_detector/__init__.py -> /home/agilex/krish_ws/build/object_detector/build/lib/object_detector
copying object_detector/object_detector.py -> /home/agilex/krish_ws/build/object_detector/build/lib/object_detector
running install
/home/agilex/.local/lib/python3.8/site-packages/setuptools/_distutils/cmd.py:66: SetuptoolsDeprecationWarning: setup.py install is deprecated.
!!

        ********************************************************************************
        Please avoid running ``setup.py`` directly.
        Instead, use pypa/build, pypa/installer or other
        standards-based tools.

        See https://blog.ganssle.io/articles/2021/10/setup-py-deprecated.html for details.
        ********************************************************************************

!!
  self.initialize_options()
running install_lib
creating /home/agilex/krish_ws/install/object_detector/lib/python3.8/site-packages/object_detector
copying /home/agilex/krish_ws/build/object_detector/build/lib/object_detector/__init__.py -> /home/agilex/krish_ws/install/object_detector/lib/python3.8/site-packages/object_detector
copying /home/agilex/krish_ws/build/object_detector/build/lib/object_detector/object_detector.py -> /home/agilex/krish_ws/install/object_detector/lib/python3.8/site-packages/object_detector
byte-compiling /home/agilex/krish_ws/install/object_detector/lib/python3.8/site-packages/object_detector/__init__.py to __init__.cpython-38.pyc
byte-compiling /home/agilex/krish_ws/install/object_detector/lib/python3.8/site-packages/object_detector/object_detector.py to object_detector.cpython-38.pyc
running install_data
creating /home/agilex/krish_ws/install/object_detector/share/ament_index
creating /home/agilex/krish_ws/install/object_detector/share/ament_index/resource_index
creating /home/agilex/krish_ws/install/object_detector/share/ament_index/resource_index/packages
copying resource/object_detector -> /home/agilex/krish_ws/install/object_detector/share/ament_index/resource_index/packages
copying package.xml -> /home/agilex/krish_ws/install/object_detector/share/object_detector
running install_egg_info
Copying ../../build/object_detector/object_detector.egg-info to /home/agilex/krish_ws/install/object_detector/lib/python3.8/site-packages/object_detector-0.0.0-py3.8.egg-info
running install_scripts
Installing yolo_detector script to /home/agilex/krish_ws/install/object_detector/lib/object_detector
writing list of installed files to '/home/agilex/krish_ws/build/object_detector/install.log'
