[10.190s] Invoking command in '/home/agilex/krish_ws/src/object_detector': PYTHONPATH=/home/agilex/krish_ws/build/object_detector/prefix_override:/home/agilex/krish_ws/install/object_detector/lib/python3.8/site-packages:${PYTHONPATH} /usr/bin/python3 setup.py egg_info --egg-base ../../build/object_detector build --build-base /home/agilex/krish_ws/build/object_detector/build install --record /home/agilex/krish_ws/build/object_detector/install.log --install-scripts $base/lib/object_detector --single-version-externally-managed
[10.911s] /home/agilex/.local/lib/python3.8/site-packages/setuptools/dist.py:476: SetuptoolsDeprecationWarning: Invalid dash-separated options
[10.912s] !!
[10.912s] 
[10.912s]         ********************************************************************************
[10.912s]         Usage of dash-separated 'script-dir' will not be supported in future
[10.912s]         versions. Please use the underscore name 'script_dir' instead.
[10.912s] 
[10.913s]         This deprecation is overdue, please update your project and remove deprecated
[10.913s]         calls to avoid build errors in the future.
[10.913s] 
[10.913s]         See https://setuptools.pypa.io/en/latest/userguide/declarative_config.html for details.
[10.913s]         ********************************************************************************
[10.913s] 
[10.913s] !!
[10.913s]   opt = self.warn_dash_deprecation(opt, section)
[11.317s] running egg_info
[11.319s] creating ../../build/object_detector/object_detector.egg-info
[11.496s] writing ../../build/object_detector/object_detector.egg-info/PKG-INFO
[11.504s] writing dependency_links to ../../build/object_detector/object_detector.egg-info/dependency_links.txt
[11.505s] writing entry points to ../../build/object_detector/object_detector.egg-info/entry_points.txt
[11.506s] writing requirements to ../../build/object_detector/object_detector.egg-info/requires.txt
[11.507s] writing top-level names to ../../build/object_detector/object_detector.egg-info/top_level.txt
[12.065s] writing manifest file '../../build/object_detector/object_detector.egg-info/SOURCES.txt'
[12.355s] reading manifest file '../../build/object_detector/object_detector.egg-info/SOURCES.txt'
[12.355s] writing manifest file '../../build/object_detector/object_detector.egg-info/SOURCES.txt'
[12.355s] running build
[12.355s] running build_py
[12.355s] creating /home/agilex/krish_ws/build/object_detector/build
[12.356s] creating /home/agilex/krish_ws/build/object_detector/build/lib
[12.356s] creating /home/agilex/krish_ws/build/object_detector/build/lib/object_detector
[12.356s] copying object_detector/__init__.py -> /home/agilex/krish_ws/build/object_detector/build/lib/object_detector
[12.356s] copying object_detector/object_detector.py -> /home/agilex/krish_ws/build/object_detector/build/lib/object_detector
[12.356s] running install
[12.356s] /home/agilex/.local/lib/python3.8/site-packages/setuptools/_distutils/cmd.py:66: SetuptoolsDeprecationWarning: setup.py install is deprecated.
[12.356s] !!
[12.357s] 
[12.357s]         ********************************************************************************
[12.357s]         Please avoid running ``setup.py`` directly.
[12.357s]         Instead, use pypa/build, pypa/installer or other
[12.357s]         standards-based tools.
[12.357s] 
[12.357s]         See https://blog.ganssle.io/articles/2021/10/setup-py-deprecated.html for details.
[12.357s]         ********************************************************************************
[12.357s] 
[12.358s] !!
[12.358s]   self.initialize_options()
[12.378s] running install_lib
[12.479s] creating /home/agilex/krish_ws/install/object_detector/lib/python3.8/site-packages/object_detector
[12.481s] copying /home/agilex/krish_ws/build/object_detector/build/lib/object_detector/__init__.py -> /home/agilex/krish_ws/install/object_detector/lib/python3.8/site-packages/object_detector
[12.490s] copying /home/agilex/krish_ws/build/object_detector/build/lib/object_detector/object_detector.py -> /home/agilex/krish_ws/install/object_detector/lib/python3.8/site-packages/object_detector
[12.494s] byte-compiling /home/agilex/krish_ws/install/object_detector/lib/python3.8/site-packages/object_detector/__init__.py to __init__.cpython-38.pyc
[12.497s] byte-compiling /home/agilex/krish_ws/install/object_detector/lib/python3.8/site-packages/object_detector/object_detector.py to object_detector.cpython-38.pyc
[12.498s] running install_data
[12.634s] creating /home/agilex/krish_ws/install/object_detector/share/ament_index
[12.634s] creating /home/agilex/krish_ws/install/object_detector/share/ament_index/resource_index
[12.634s] creating /home/agilex/krish_ws/install/object_detector/share/ament_index/resource_index/packages
[12.634s] copying resource/object_detector -> /home/agilex/krish_ws/install/object_detector/share/ament_index/resource_index/packages
[12.635s] copying package.xml -> /home/agilex/krish_ws/install/object_detector/share/object_detector
[12.635s] running install_egg_info
[12.749s] Copying ../../build/object_detector/object_detector.egg-info to /home/agilex/krish_ws/install/object_detector/lib/python3.8/site-packages/object_detector-0.0.0-py3.8.egg-info
[12.753s] running install_scripts
[13.049s] Installing yolo_detector script to /home/agilex/krish_ws/install/object_detector/lib/object_detector
[13.050s] writing list of installed files to '/home/agilex/krish_ws/build/object_detector/install.log'
[15.847s] Invoked command in '/home/agilex/krish_ws/src/object_detector' returned '0': PYTHONPATH=/home/agilex/krish_ws/build/object_detector/prefix_override:/home/agilex/krish_ws/install/object_detector/lib/python3.8/site-packages:${PYTHONPATH} /usr/bin/python3 setup.py egg_info --egg-base ../../build/object_detector build --build-base /home/agilex/krish_ws/build/object_detector/build install --record /home/agilex/krish_ws/build/object_detector/install.log --install-scripts $base/lib/object_detector --single-version-externally-managed
