[5.591s] Invoking command in '/home/agilex/krish_ws/src/system_launcher': PYTHONPATH=/home/agilex/krish_ws/build/system_launcher/prefix_override:/home/agilex/krish_ws/install/system_launcher/lib/python3.8/site-packages:${PYTHONPATH} /usr/bin/python3 setup.py egg_info --egg-base ../../build/system_launcher build --build-base /home/agilex/krish_ws/build/system_launcher/build install --record /home/agilex/krish_ws/build/system_launcher/install.log --install-scripts $base/lib/system_launcher --single-version-externally-managed
[5.992s] /home/agilex/.local/lib/python3.8/site-packages/setuptools/dist.py:476: SetuptoolsDeprecationWarning: Invalid dash-separated options
[5.992s] !!
[5.992s] 
[5.993s]         ********************************************************************************
[5.993s]         Usage of dash-separated 'script-dir' will not be supported in future
[5.993s]         versions. Please use the underscore name 'script_dir' instead.
[5.993s] 
[5.993s]         This deprecation is overdue, please update your project and remove deprecated
[5.993s]         calls to avoid build errors in the future.
[5.993s] 
[5.994s]         See https://setuptools.pypa.io/en/latest/userguide/declarative_config.html for details.
[5.994s]         ********************************************************************************
[5.994s] 
[5.994s] !!
[5.994s]   opt = self.warn_dash_deprecation(opt, section)
[6.277s] running egg_info
[6.278s] creating ../../build/system_launcher/system_launcher.egg-info
[6.325s] writing ../../build/system_launcher/system_launcher.egg-info/PKG-INFO
[6.326s] writing dependency_links to ../../build/system_launcher/system_launcher.egg-info/dependency_links.txt
[6.326s] writing requirements to ../../build/system_launcher/system_launcher.egg-info/requires.txt
[6.327s] writing top-level names to ../../build/system_launcher/system_launcher.egg-info/top_level.txt
[6.597s] writing manifest file '../../build/system_launcher/system_launcher.egg-info/SOURCES.txt'
[6.690s] reading manifest file '../../build/system_launcher/system_launcher.egg-info/SOURCES.txt'
[6.692s] writing manifest file '../../build/system_launcher/system_launcher.egg-info/SOURCES.txt'
[6.692s] running build
[6.694s] running build_py
[6.695s] creating /home/agilex/krish_ws/build/system_launcher/build
[6.695s] creating /home/agilex/krish_ws/build/system_launcher/build/lib
[6.695s] creating /home/agilex/krish_ws/build/system_launcher/build/lib/system_launcher
[6.696s] copying system_launcher/__init__.py -> /home/agilex/krish_ws/build/system_launcher/build/lib/system_launcher
[6.696s] running install
[6.696s] /home/agilex/.local/lib/python3.8/site-packages/setuptools/_distutils/cmd.py:66: SetuptoolsDeprecationWarning: setup.py install is deprecated.
[6.697s] !!
[6.697s] 
[6.697s]         ********************************************************************************
[6.697s]         Please avoid running ``setup.py`` directly.
[6.698s]         Instead, use pypa/build, pypa/installer or other
[6.698s]         standards-based tools.
[6.698s] 
[6.698s]         See https://blog.ganssle.io/articles/2021/10/setup-py-deprecated.html for details.
[6.699s]         ********************************************************************************
[6.699s] 
[6.699s] !!
[6.699s]   self.initialize_options()
[6.709s] running install_lib
[6.755s] creating /home/agilex/krish_ws/install/system_launcher/lib/python3.8/site-packages/system_launcher
[6.756s] copying /home/agilex/krish_ws/build/system_launcher/build/lib/system_launcher/__init__.py -> /home/agilex/krish_ws/install/system_launcher/lib/python3.8/site-packages/system_launcher
[6.757s] byte-compiling /home/agilex/krish_ws/install/system_launcher/lib/python3.8/site-packages/system_launcher/__init__.py to __init__.cpython-38.pyc
[6.758s] running install_data
[6.804s] creating /home/agilex/krish_ws/install/system_launcher/share/ament_index
[6.805s] creating /home/agilex/krish_ws/install/system_launcher/share/ament_index/resource_index
[6.805s] creating /home/agilex/krish_ws/install/system_launcher/share/ament_index/resource_index/packages
[6.805s] copying resource/system_launcher -> /home/agilex/krish_ws/install/system_launcher/share/ament_index/resource_index/packages
[6.805s] copying package.xml -> /home/agilex/krish_ws/install/system_launcher/share/system_launcher
[6.805s] running install_egg_info
[6.854s] Copying ../../build/system_launcher/system_launcher.egg-info to /home/agilex/krish_ws/install/system_launcher/lib/python3.8/site-packages/system_launcher-0.0.0-py3.8.egg-info
[6.855s] running install_scripts
[6.969s] writing list of installed files to '/home/agilex/krish_ws/build/system_launcher/install.log'
[7.064s] Invoked command in '/home/agilex/krish_ws/src/system_launcher' returned '0': PYTHONPATH=/home/agilex/krish_ws/build/system_launcher/prefix_override:/home/agilex/krish_ws/install/system_launcher/lib/python3.8/site-packages:${PYTHONPATH} /usr/bin/python3 setup.py egg_info --egg-base ../../build/system_launcher build --build-base /home/agilex/krish_ws/build/system_launcher/build install --record /home/agilex/krish_ws/build/system_launcher/install.log --install-scripts $base/lib/system_launcher --single-version-externally-managed
