[2.127s] Invoking command in '/home/agilex/krish_ws/build/yolo_msgs': CMAKE_PREFIX_PATH=${CMAKE_PREFIX_PATH}:/home/agilex/limo_ros2_ws/install/ultraarm:/home/agilex/limo_ros2_ws/install/nav2_gazebo_spawner:/home/agilex/limo_ros2_ws/install/mypalletizer_260_pi:/home/agilex/limo_ros2_ws/install/mypalletizer_260:/home/agilex/limo_ros2_ws/install/mypalletizer_communication:/home/agilex/limo_ros2_ws/install/mycobot_630:/home/agilex/limo_ros2_ws/install/mycobot_600:/home/agilex/limo_ros2_ws/install/mycobot_320pi:/home/agilex/limo_ros2_ws/install/mycobot_320:/home/agilex/limo_ros2_ws/install/mycobot_280pi:/home/agilex/limo_ros2_ws/install/mycobot_280jn:/home/agilex/limo_ros2_ws/install/mycobot_280_x3pi:/home/agilex/limo_ros2_ws/install/mycobot_280:/home/agilex/limo_ros2_ws/install/myarm_m750:/home/agilex/limo_ros2_ws/install/myarm_c650:/home/agilex/limo_ros2_ws/install/myarm_300:/home/agilex/limo_ros2_ws/install/mycobot_communication:/home/agilex/limo_ros2_ws/install/mecharm_pi:/home/agilex/limo_ros2_ws/install/mecharm:/home/agilex/limo_ros2_ws/install/mecharm_communication:/home/agilex/limo_ros2_ws/install/mybuddy:/home/agilex/limo_ros2_ws/install/mycobot_description:/opt/ros/foxy /usr/bin/cmake /home/agilex/krish_ws/src/yolo_ros/yolo_msgs -DCMAKE_INSTALL_PREFIX=/home/agilex/krish_ws/install/yolo_msgs
[2.336s] -- The C compiler identification is GNU 9.4.0
[2.467s] -- The CXX compiler identification is GNU 9.4.0
[2.485s] -- Check for working C compiler: /usr/bin/cc
[2.661s] -- Check for working C compiler: /usr/bin/cc -- works
[2.663s] -- Detecting C compiler ABI info
[2.852s] -- Detecting C compiler ABI info - done
[2.876s] -- Detecting C compile features
[2.876s] -- Detecting C compile features - done
[2.882s] -- Check for working CXX compiler: /usr/bin/c++
[3.076s] -- Check for working CXX compiler: /usr/bin/c++ -- works
[3.078s] -- Detecting CXX compiler ABI info
[3.271s] -- Detecting CXX compiler ABI info - done
[3.292s] -- Detecting CXX compile features
[3.292s] -- Detecting CXX compile features - done
[3.310s] -- Found ament_cmake: 0.9.12 (/opt/ros/foxy/share/ament_cmake/cmake)
[3.406s] -- Found PythonInterp: /usr/bin/python3 (found suitable version "3.8.10", minimum required is "3") 
[3.407s] -- Using PYTHON_EXECUTABLE: /usr/bin/python3
[4.092s] -- Found rosidl_default_generators: 1.0.1 (/opt/ros/foxy/share/rosidl_default_generators/cmake)
[4.135s] -- Using all available rosidl_typesupport_c: rosidl_typesupport_fastrtps_c;rosidl_typesupport_introspection_c
[4.180s] -- Found rosidl_adapter: 1.3.1 (/opt/ros/foxy/share/rosidl_adapter/cmake)
[4.593s] -- Found OpenSSL: /usr/lib/aarch64-linux-gnu/libcrypto.so (found version "1.1.1f")  
[4.674s] -- Found FastRTPS: /opt/ros/foxy/include  
[4.941s] -- Using all available rosidl_typesupport_cpp: rosidl_typesupport_fastrtps_cpp;rosidl_typesupport_introspection_cpp
[5.037s] -- Found std_msgs: 2.0.5 (/opt/ros/foxy/share/std_msgs/cmake)
[5.140s] -- Found geometry_msgs: 2.0.5 (/opt/ros/foxy/share/geometry_msgs/cmake)
[5.271s] -- Found PythonInterp: /usr/bin/python3 (found version "3.8.10") 
[5.854s] -- Found ament_cmake_ros: 0.9.2 (/opt/ros/foxy/share/ament_cmake_ros/cmake)
[6.485s] -- Using all available rosidl_typesupport_c: rosidl_typesupport_fastrtps_c;rosidl_typesupport_introspection_c
[6.728s] -- Using all available rosidl_typesupport_cpp: rosidl_typesupport_fastrtps_cpp;rosidl_typesupport_introspection_cpp
[6.821s] -- Found PythonInterp: /usr/bin/python3 (found suitable version "3.8.10", minimum required is "3.5") 
[6.834s] -- Found python_cmake_module: 0.8.1 (/opt/ros/foxy/share/python_cmake_module/cmake)
[6.921s] -- Found PythonLibs: /usr/lib/aarch64-linux-gnu/libpython3.8.so (found suitable version "3.8.10", minimum required is "3.5") 
[6.921s] -- Using PYTHON_EXECUTABLE: /usr/bin/python3
[6.921s] -- Using PYTHON_INCLUDE_DIRS: /usr/include/python3.8
[6.921s] -- Using PYTHON_LIBRARIES: /usr/lib/aarch64-linux-gnu/libpython3.8.so
[6.989s] -- Found PythonExtra: .so  
[7.537s] -- Configuring done
[7.681s] -- Generating done
[7.687s] -- Build files have been written to: /home/agilex/krish_ws/build/yolo_msgs
