[8.191s] Invoking command in '/home/agilex/krish_ws/build/vision_msgs': CMAKE_PREFIX_PATH=${CMAKE_PREFIX_PATH}:/home/agilex/limo_ros2_ws/install/ultraarm:/home/agilex/limo_ros2_ws/install/nav2_gazebo_spawner:/home/agilex/limo_ros2_ws/install/mypalletizer_260_pi:/home/agilex/limo_ros2_ws/install/mypalletizer_260:/home/agilex/limo_ros2_ws/install/mypalletizer_communication:/home/agilex/limo_ros2_ws/install/mycobot_630:/home/agilex/limo_ros2_ws/install/mycobot_600:/home/agilex/limo_ros2_ws/install/mycobot_320pi:/home/agilex/limo_ros2_ws/install/mycobot_320:/home/agilex/limo_ros2_ws/install/mycobot_280pi:/home/agilex/limo_ros2_ws/install/mycobot_280jn:/home/agilex/limo_ros2_ws/install/mycobot_280_x3pi:/home/agilex/limo_ros2_ws/install/mycobot_280:/home/agilex/limo_ros2_ws/install/myarm_m750:/home/agilex/limo_ros2_ws/install/myarm_c650:/home/agilex/limo_ros2_ws/install/myarm_300:/home/agilex/limo_ros2_ws/install/mycobot_communication:/home/agilex/limo_ros2_ws/install/mecharm_pi:/home/agilex/limo_ros2_ws/install/mecharm:/home/agilex/limo_ros2_ws/install/mecharm_communication:/home/agilex/limo_ros2_ws/install/mybuddy:/home/agilex/limo_ros2_ws/install/mycobot_description:/home/agilex/krish_ws/install/object_detector:/home/agilex/krish_ws/install/nav_handler:/home/agilex/krish_ws/install/mycobot_arm:/home/agilex/krish_ws/install/my_launch_pkg:/opt/ros/foxy /usr/bin/cmake --build /home/agilex/krish_ws/build/vision_msgs -- -j6 -l6
[14.270s] [  1%] Built target gtest
[14.271s] [  1%] Built target vision_msgs__cpp
[14.272s] [  3%] Built target gtest_main
[14.273s] [ 14%] Built target vision_msgs__rosidl_generator_c
[14.274s] [ 41%] Built target vision_msgs__rosidl_typesupport_introspection_cpp
[14.278s] [ 41%] Built target vision_msgs__rosidl_typesupport_fastrtps_cpp
[14.278s] [ 47%] Built target vision_msgs__rosidl_typesupport_cpp
[14.279s] [ 58%] Built target vision_msgs__rosidl_typesupport_c
[14.280s] [ 69%] Built target vision_msgs__rosidl_typesupport_introspection_c
[14.282s] [ 80%] Built target vision_msgs__rosidl_typesupport_fastrtps_c
[14.282s] [ 80%] Built target vision_msgs
[14.283s] [ 83%] Built target vision_msgs_test
[14.286s] [ 83%] Built target vision_msgs__py
[14.287s] [ 94%] Built target vision_msgs__python
[14.287s] [ 98%] Built target vision_msgs__rosidl_typesupport_fastrtps_c__pyext
[14.287s] [ 98%] Built target vision_msgs__rosidl_typesupport_c__pyext
[14.287s] [100%] Built target vision_msgs__rosidl_typesupport_introspection_c__pyext
[14.288s] Invoked command in '/home/agilex/krish_ws/build/vision_msgs' returned '0': CMAKE_PREFIX_PATH=${CMAKE_PREFIX_PATH}:/home/agilex/limo_ros2_ws/install/ultraarm:/home/agilex/limo_ros2_ws/install/nav2_gazebo_spawner:/home/agilex/limo_ros2_ws/install/mypalletizer_260_pi:/home/agilex/limo_ros2_ws/install/mypalletizer_260:/home/agilex/limo_ros2_ws/install/mypalletizer_communication:/home/agilex/limo_ros2_ws/install/mycobot_630:/home/agilex/limo_ros2_ws/install/mycobot_600:/home/agilex/limo_ros2_ws/install/mycobot_320pi:/home/agilex/limo_ros2_ws/install/mycobot_320:/home/agilex/limo_ros2_ws/install/mycobot_280pi:/home/agilex/limo_ros2_ws/install/mycobot_280jn:/home/agilex/limo_ros2_ws/install/mycobot_280_x3pi:/home/agilex/limo_ros2_ws/install/mycobot_280:/home/agilex/limo_ros2_ws/install/myarm_m750:/home/agilex/limo_ros2_ws/install/myarm_c650:/home/agilex/limo_ros2_ws/install/myarm_300:/home/agilex/limo_ros2_ws/install/mycobot_communication:/home/agilex/limo_ros2_ws/install/mecharm_pi:/home/agilex/limo_ros2_ws/install/mecharm:/home/agilex/limo_ros2_ws/install/mecharm_communication:/home/agilex/limo_ros2_ws/install/mybuddy:/home/agilex/limo_ros2_ws/install/mycobot_description:/home/agilex/krish_ws/install/object_detector:/home/agilex/krish_ws/install/nav_handler:/home/agilex/krish_ws/install/mycobot_arm:/home/agilex/krish_ws/install/my_launch_pkg:/opt/ros/foxy /usr/bin/cmake --build /home/agilex/krish_ws/build/vision_msgs -- -j6 -l6
[16.404s] Invoking command in '/home/agilex/krish_ws/build/vision_msgs': CMAKE_PREFIX_PATH=${CMAKE_PREFIX_PATH}:/home/agilex/limo_ros2_ws/install/ultraarm:/home/agilex/limo_ros2_ws/install/nav2_gazebo_spawner:/home/agilex/limo_ros2_ws/install/mypalletizer_260_pi:/home/agilex/limo_ros2_ws/install/mypalletizer_260:/home/agilex/limo_ros2_ws/install/mypalletizer_communication:/home/agilex/limo_ros2_ws/install/mycobot_630:/home/agilex/limo_ros2_ws/install/mycobot_600:/home/agilex/limo_ros2_ws/install/mycobot_320pi:/home/agilex/limo_ros2_ws/install/mycobot_320:/home/agilex/limo_ros2_ws/install/mycobot_280pi:/home/agilex/limo_ros2_ws/install/mycobot_280jn:/home/agilex/limo_ros2_ws/install/mycobot_280_x3pi:/home/agilex/limo_ros2_ws/install/mycobot_280:/home/agilex/limo_ros2_ws/install/myarm_m750:/home/agilex/limo_ros2_ws/install/myarm_c650:/home/agilex/limo_ros2_ws/install/myarm_300:/home/agilex/limo_ros2_ws/install/mycobot_communication:/home/agilex/limo_ros2_ws/install/mecharm_pi:/home/agilex/limo_ros2_ws/install/mecharm:/home/agilex/limo_ros2_ws/install/mecharm_communication:/home/agilex/limo_ros2_ws/install/mybuddy:/home/agilex/limo_ros2_ws/install/mycobot_description:/home/agilex/krish_ws/install/object_detector:/home/agilex/krish_ws/install/nav_handler:/home/agilex/krish_ws/install/mycobot_arm:/home/agilex/krish_ws/install/my_launch_pkg:/opt/ros/foxy /usr/bin/cmake --install /home/agilex/krish_ws/build/vision_msgs
[16.441s] -- Install configuration: ""
[16.442s] -- Execute custom install script
[16.444s] -- Up-to-date symlink: /home/agilex/krish_ws/install/vision_msgs/share/ament_index/resource_index/rosidl_interfaces/vision_msgs
[16.452s] -- Up-to-date symlink: /home/agilex/krish_ws/install/vision_msgs/include/vision_msgs/msg/bounding_box2_d.h
[16.452s] -- Up-to-date symlink: /home/agilex/krish_ws/install/vision_msgs/include/vision_msgs/msg/bounding_box2_d_array.h
[16.453s] -- Up-to-date symlink: /home/agilex/krish_ws/install/vision_msgs/include/vision_msgs/msg/bounding_box3_d.h
[16.453s] -- Up-to-date symlink: /home/agilex/krish_ws/install/vision_msgs/include/vision_msgs/msg/bounding_box3_d_array.h
[16.453s] -- Up-to-date symlink: /home/agilex/krish_ws/install/vision_msgs/include/vision_msgs/msg/classification2_d.h
[16.454s] -- Up-to-date symlink: /home/agilex/krish_ws/install/vision_msgs/include/vision_msgs/msg/classification3_d.h
[16.456s] -- Up-to-date symlink: /home/agilex/krish_ws/install/vision_msgs/include/vision_msgs/msg/detail/bounding_box2_d__functions.h
[16.457s] -- Up-to-date symlink: /home/agilex/krish_ws/install/vision_msgs/include/vision_msgs/msg/detail/bounding_box2_d__struct.h
[16.457s] -- Up-to-date symlink: /home/agilex/krish_ws/install/vision_msgs/include/vision_msgs/msg/detail/bounding_box2_d__type_support.h
[16.458s] -- Up-to-date symlink: /home/agilex/krish_ws/install/vision_msgs/include/vision_msgs/msg/detail/bounding_box2_d_array__functions.h
[16.459s] -- Up-to-date symlink: /home/agilex/krish_ws/install/vision_msgs/include/vision_msgs/msg/detail/bounding_box2_d_array__struct.h
[16.459s] -- Up-to-date symlink: /home/agilex/krish_ws/install/vision_msgs/include/vision_msgs/msg/detail/bounding_box2_d_array__type_support.h
[16.460s] -- Up-to-date symlink: /home/agilex/krish_ws/install/vision_msgs/include/vision_msgs/msg/detail/bounding_box3_d__functions.h
[16.460s] -- Up-to-date symlink: /home/agilex/krish_ws/install/vision_msgs/include/vision_msgs/msg/detail/bounding_box3_d__struct.h
[16.460s] -- Up-to-date symlink: /home/agilex/krish_ws/install/vision_msgs/include/vision_msgs/msg/detail/bounding_box3_d__type_support.h
[16.461s] -- Up-to-date symlink: /home/agilex/krish_ws/install/vision_msgs/include/vision_msgs/msg/detail/bounding_box3_d_array__functions.h
[16.461s] -- Up-to-date symlink: /home/agilex/krish_ws/install/vision_msgs/include/vision_msgs/msg/detail/bounding_box3_d_array__struct.h
[16.462s] -- Up-to-date symlink: /home/agilex/krish_ws/install/vision_msgs/include/vision_msgs/msg/detail/bounding_box3_d_array__type_support.h
[16.462s] -- Up-to-date symlink: /home/agilex/krish_ws/install/vision_msgs/include/vision_msgs/msg/detail/classification2_d__functions.h
[16.463s] -- Up-to-date symlink: /home/agilex/krish_ws/install/vision_msgs/include/vision_msgs/msg/detail/classification2_d__struct.h
[16.463s] -- Up-to-date symlink: /home/agilex/krish_ws/install/vision_msgs/include/vision_msgs/msg/detail/classification2_d__type_support.h
[16.464s] -- Up-to-date symlink: /home/agilex/krish_ws/install/vision_msgs/include/vision_msgs/msg/detail/classification3_d__functions.h
[16.464s] -- Up-to-date symlink: /home/agilex/krish_ws/install/vision_msgs/include/vision_msgs/msg/detail/classification3_d__struct.h
[16.465s] -- Up-to-date symlink: /home/agilex/krish_ws/install/vision_msgs/include/vision_msgs/msg/detail/classification3_d__type_support.h
[16.465s] -- Up-to-date symlink: /home/agilex/krish_ws/install/vision_msgs/include/vision_msgs/msg/detail/detection2_d__functions.h
[16.466s] -- Up-to-date symlink: /home/agilex/krish_ws/install/vision_msgs/include/vision_msgs/msg/detail/detection2_d__struct.h
[16.466s] -- Up-to-date symlink: /home/agilex/krish_ws/install/vision_msgs/include/vision_msgs/msg/detail/detection2_d__type_support.h
[16.467s] -- Up-to-date symlink: /home/agilex/krish_ws/install/vision_msgs/include/vision_msgs/msg/detail/detection2_d_array__functions.h
[16.467s] -- Up-to-date symlink: /home/agilex/krish_ws/install/vision_msgs/include/vision_msgs/msg/detail/detection2_d_array__struct.h
[16.468s] -- Up-to-date symlink: /home/agilex/krish_ws/install/vision_msgs/include/vision_msgs/msg/detail/detection2_d_array__type_support.h
[16.468s] -- Up-to-date symlink: /home/agilex/krish_ws/install/vision_msgs/include/vision_msgs/msg/detail/detection3_d__functions.h
[16.469s] -- Up-to-date symlink: /home/agilex/krish_ws/install/vision_msgs/include/vision_msgs/msg/detail/detection3_d__struct.h
[16.470s] -- Up-to-date symlink: /home/agilex/krish_ws/install/vision_msgs/include/vision_msgs/msg/detail/detection3_d__type_support.h
[16.470s] -- Up-to-date symlink: /home/agilex/krish_ws/install/vision_msgs/include/vision_msgs/msg/detail/detection3_d_array__functions.h
[16.472s] -- Up-to-date symlink: /home/agilex/krish_ws/install/vision_msgs/include/vision_msgs/msg/detail/detection3_d_array__struct.h
[16.473s] -- Up-to-date symlink: /home/agilex/krish_ws/install/vision_msgs/include/vision_msgs/msg/detail/detection3_d_array__type_support.h
[16.473s] -- Up-to-date symlink: /home/agilex/krish_ws/install/vision_msgs/include/vision_msgs/msg/detail/object_hypothesis__functions.h
[16.474s] -- Up-to-date symlink: /home/agilex/krish_ws/install/vision_msgs/include/vision_msgs/msg/detail/object_hypothesis__struct.h
[16.474s] -- Up-to-date symlink: /home/agilex/krish_ws/install/vision_msgs/include/vision_msgs/msg/detail/object_hypothesis__type_support.h
[16.475s] -- Up-to-date symlink: /home/agilex/krish_ws/install/vision_msgs/include/vision_msgs/msg/detail/object_hypothesis_with_pose__functions.h
[16.475s] -- Up-to-date symlink: /home/agilex/krish_ws/install/vision_msgs/include/vision_msgs/msg/detail/object_hypothesis_with_pose__struct.h
[16.476s] -- Up-to-date symlink: /home/agilex/krish_ws/install/vision_msgs/include/vision_msgs/msg/detail/object_hypothesis_with_pose__type_support.h
[16.476s] -- Up-to-date symlink: /home/agilex/krish_ws/install/vision_msgs/include/vision_msgs/msg/detail/vision_info__functions.h
[16.477s] -- Up-to-date symlink: /home/agilex/krish_ws/install/vision_msgs/include/vision_msgs/msg/detail/vision_info__struct.h
[16.477s] -- Up-to-date symlink: /home/agilex/krish_ws/install/vision_msgs/include/vision_msgs/msg/detail/vision_info__type_support.h
[16.478s] -- Up-to-date symlink: /home/agilex/krish_ws/install/vision_msgs/include/vision_msgs/msg/detection2_d.h
[16.478s] -- Up-to-date symlink: /home/agilex/krish_ws/install/vision_msgs/include/vision_msgs/msg/detection2_d_array.h
[16.479s] -- Up-to-date symlink: /home/agilex/krish_ws/install/vision_msgs/include/vision_msgs/msg/detection3_d.h
[16.479s] -- Up-to-date symlink: /home/agilex/krish_ws/install/vision_msgs/include/vision_msgs/msg/detection3_d_array.h
[16.480s] -- Up-to-date symlink: /home/agilex/krish_ws/install/vision_msgs/include/vision_msgs/msg/object_hypothesis.h
[16.480s] -- Up-to-date symlink: /home/agilex/krish_ws/install/vision_msgs/include/vision_msgs/msg/object_hypothesis_with_pose.h
[16.481s] -- Up-to-date symlink: /home/agilex/krish_ws/install/vision_msgs/include/vision_msgs/msg/rosidl_generator_c__visibility_control.h
[16.483s] -- Up-to-date symlink: /home/agilex/krish_ws/install/vision_msgs/include/vision_msgs/msg/vision_info.h
[16.483s] -- Up-to-date symlink: /home/agilex/krish_ws/install/vision_msgs/share/vision_msgs/environment/library_path.sh
[16.483s] -- Up-to-date symlink: /home/agilex/krish_ws/install/vision_msgs/share/vision_msgs/environment/library_path.dsv
[16.485s] -- Up-to-date symlink: /home/agilex/krish_ws/install/vision_msgs/include/vision_msgs/msg/detail/bounding_box2_d__rosidl_typesupport_fastrtps_c.h
[16.485s] -- Up-to-date symlink: /home/agilex/krish_ws/install/vision_msgs/include/vision_msgs/msg/detail/bounding_box2_d_array__rosidl_typesupport_fastrtps_c.h
[16.486s] -- Up-to-date symlink: /home/agilex/krish_ws/install/vision_msgs/include/vision_msgs/msg/detail/bounding_box3_d__rosidl_typesupport_fastrtps_c.h
[16.488s] -- Up-to-date symlink: /home/agilex/krish_ws/install/vision_msgs/include/vision_msgs/msg/detail/bounding_box3_d_array__rosidl_typesupport_fastrtps_c.h
[16.489s] -- Up-to-date symlink: /home/agilex/krish_ws/install/vision_msgs/include/vision_msgs/msg/detail/classification2_d__rosidl_typesupport_fastrtps_c.h
[16.490s] -- Up-to-date symlink: /home/agilex/krish_ws/install/vision_msgs/include/vision_msgs/msg/detail/classification3_d__rosidl_typesupport_fastrtps_c.h
[16.491s] -- Up-to-date symlink: /home/agilex/krish_ws/install/vision_msgs/include/vision_msgs/msg/detail/detection2_d__rosidl_typesupport_fastrtps_c.h
[16.492s] -- Up-to-date symlink: /home/agilex/krish_ws/install/vision_msgs/include/vision_msgs/msg/detail/detection2_d_array__rosidl_typesupport_fastrtps_c.h
[16.493s] -- Up-to-date symlink: /home/agilex/krish_ws/install/vision_msgs/include/vision_msgs/msg/detail/detection3_d__rosidl_typesupport_fastrtps_c.h
[16.493s] -- Up-to-date symlink: /home/agilex/krish_ws/install/vision_msgs/include/vision_msgs/msg/detail/detection3_d_array__rosidl_typesupport_fastrtps_c.h
[16.494s] -- Up-to-date symlink: /home/agilex/krish_ws/install/vision_msgs/include/vision_msgs/msg/detail/object_hypothesis__rosidl_typesupport_fastrtps_c.h
[16.496s] -- Up-to-date symlink: /home/agilex/krish_ws/install/vision_msgs/include/vision_msgs/msg/detail/object_hypothesis_with_pose__rosidl_typesupport_fastrtps_c.h
[16.497s] -- Up-to-date symlink: /home/agilex/krish_ws/install/vision_msgs/include/vision_msgs/msg/detail/vision_info__rosidl_typesupport_fastrtps_c.h
[16.498s] -- Up-to-date symlink: /home/agilex/krish_ws/install/vision_msgs/include/vision_msgs/msg/rosidl_typesupport_fastrtps_c__visibility_control.h
[16.501s] -- Up-to-date symlink: /home/agilex/krish_ws/install/vision_msgs/lib/libvision_msgs__rosidl_typesupport_fastrtps_c.so
[16.503s] -- Up-to-date symlink: /home/agilex/krish_ws/install/vision_msgs/include/vision_msgs/msg/detail/bounding_box2_d__rosidl_typesupport_fastrtps_cpp.hpp
[16.503s] -- Up-to-date symlink: /home/agilex/krish_ws/install/vision_msgs/include/vision_msgs/msg/detail/bounding_box2_d_array__rosidl_typesupport_fastrtps_cpp.hpp
[16.504s] -- Up-to-date symlink: /home/agilex/krish_ws/install/vision_msgs/include/vision_msgs/msg/detail/bounding_box3_d__rosidl_typesupport_fastrtps_cpp.hpp
[16.504s] -- Up-to-date symlink: /home/agilex/krish_ws/install/vision_msgs/include/vision_msgs/msg/detail/bounding_box3_d_array__rosidl_typesupport_fastrtps_cpp.hpp
[16.505s] -- Up-to-date symlink: /home/agilex/krish_ws/install/vision_msgs/include/vision_msgs/msg/detail/classification2_d__rosidl_typesupport_fastrtps_cpp.hpp
[16.505s] -- Up-to-date symlink: /home/agilex/krish_ws/install/vision_msgs/include/vision_msgs/msg/detail/classification3_d__rosidl_typesupport_fastrtps_cpp.hpp
[16.505s] -- Up-to-date symlink: /home/agilex/krish_ws/install/vision_msgs/include/vision_msgs/msg/detail/detection2_d__rosidl_typesupport_fastrtps_cpp.hpp
[16.506s] -- Up-to-date symlink: /home/agilex/krish_ws/install/vision_msgs/include/vision_msgs/msg/detail/detection2_d_array__rosidl_typesupport_fastrtps_cpp.hpp
[16.506s] -- Up-to-date symlink: /home/agilex/krish_ws/install/vision_msgs/include/vision_msgs/msg/detail/detection3_d__rosidl_typesupport_fastrtps_cpp.hpp
[16.507s] -- Up-to-date symlink: /home/agilex/krish_ws/install/vision_msgs/include/vision_msgs/msg/detail/detection3_d_array__rosidl_typesupport_fastrtps_cpp.hpp
[16.507s] -- Up-to-date symlink: /home/agilex/krish_ws/install/vision_msgs/include/vision_msgs/msg/detail/object_hypothesis__rosidl_typesupport_fastrtps_cpp.hpp
[16.508s] -- Up-to-date symlink: /home/agilex/krish_ws/install/vision_msgs/include/vision_msgs/msg/detail/object_hypothesis_with_pose__rosidl_typesupport_fastrtps_cpp.hpp
[16.508s] -- Up-to-date symlink: /home/agilex/krish_ws/install/vision_msgs/include/vision_msgs/msg/detail/vision_info__rosidl_typesupport_fastrtps_cpp.hpp
[16.509s] -- Up-to-date symlink: /home/agilex/krish_ws/install/vision_msgs/include/vision_msgs/msg/rosidl_typesupport_fastrtps_cpp__visibility_control.h
[16.510s] -- Up-to-date symlink: /home/agilex/krish_ws/install/vision_msgs/lib/libvision_msgs__rosidl_typesupport_fastrtps_cpp.so
[16.511s] -- Up-to-date symlink: /home/agilex/krish_ws/install/vision_msgs/include/vision_msgs/msg/detail/bounding_box2_d__rosidl_typesupport_introspection_c.h
[16.512s] -- Up-to-date symlink: /home/agilex/krish_ws/install/vision_msgs/include/vision_msgs/msg/detail/bounding_box2_d_array__rosidl_typesupport_introspection_c.h
[16.512s] -- Up-to-date symlink: /home/agilex/krish_ws/install/vision_msgs/include/vision_msgs/msg/detail/bounding_box3_d__rosidl_typesupport_introspection_c.h
[16.513s] -- Up-to-date symlink: /home/agilex/krish_ws/install/vision_msgs/include/vision_msgs/msg/detail/bounding_box3_d_array__rosidl_typesupport_introspection_c.h
[16.513s] -- Up-to-date symlink: /home/agilex/krish_ws/install/vision_msgs/include/vision_msgs/msg/detail/classification2_d__rosidl_typesupport_introspection_c.h
[16.513s] -- Up-to-date symlink: /home/agilex/krish_ws/install/vision_msgs/include/vision_msgs/msg/detail/classification3_d__rosidl_typesupport_introspection_c.h
[16.514s] -- Up-to-date symlink: /home/agilex/krish_ws/install/vision_msgs/include/vision_msgs/msg/detail/detection2_d__rosidl_typesupport_introspection_c.h
[16.514s] -- Up-to-date symlink: /home/agilex/krish_ws/install/vision_msgs/include/vision_msgs/msg/detail/detection2_d_array__rosidl_typesupport_introspection_c.h
[16.515s] -- Up-to-date symlink: /home/agilex/krish_ws/install/vision_msgs/include/vision_msgs/msg/detail/detection3_d__rosidl_typesupport_introspection_c.h
[16.515s] -- Up-to-date symlink: /home/agilex/krish_ws/install/vision_msgs/include/vision_msgs/msg/detail/detection3_d_array__rosidl_typesupport_introspection_c.h
[16.516s] -- Up-to-date symlink: /home/agilex/krish_ws/install/vision_msgs/include/vision_msgs/msg/detail/object_hypothesis__rosidl_typesupport_introspection_c.h
[16.517s] -- Up-to-date symlink: /home/agilex/krish_ws/install/vision_msgs/include/vision_msgs/msg/detail/object_hypothesis_with_pose__rosidl_typesupport_introspection_c.h
[16.517s] -- Up-to-date symlink: /home/agilex/krish_ws/install/vision_msgs/include/vision_msgs/msg/detail/vision_info__rosidl_typesupport_introspection_c.h
[16.517s] -- Up-to-date symlink: /home/agilex/krish_ws/install/vision_msgs/include/vision_msgs/msg/rosidl_typesupport_introspection_c__visibility_control.h
[16.519s] -- Up-to-date symlink: /home/agilex/krish_ws/install/vision_msgs/include/vision_msgs/msg/bounding_box2_d.hpp
[16.520s] -- Up-to-date symlink: /home/agilex/krish_ws/install/vision_msgs/include/vision_msgs/msg/bounding_box2_d_array.hpp
[16.520s] -- Up-to-date symlink: /home/agilex/krish_ws/install/vision_msgs/include/vision_msgs/msg/bounding_box3_d.hpp
[16.520s] -- Up-to-date symlink: /home/agilex/krish_ws/install/vision_msgs/include/vision_msgs/msg/bounding_box3_d_array.hpp
[16.522s] -- Up-to-date symlink: /home/agilex/krish_ws/install/vision_msgs/include/vision_msgs/msg/classification2_d.hpp
[16.522s] -- Up-to-date symlink: /home/agilex/krish_ws/install/vision_msgs/include/vision_msgs/msg/classification3_d.hpp
[16.522s] -- Up-to-date symlink: /home/agilex/krish_ws/install/vision_msgs/include/vision_msgs/msg/detail/bounding_box2_d__builder.hpp
[16.523s] -- Up-to-date symlink: /home/agilex/krish_ws/install/vision_msgs/include/vision_msgs/msg/detail/bounding_box2_d__struct.hpp
[16.525s] -- Up-to-date symlink: /home/agilex/krish_ws/install/vision_msgs/include/vision_msgs/msg/detail/bounding_box2_d__traits.hpp
[16.525s] -- Up-to-date symlink: /home/agilex/krish_ws/install/vision_msgs/include/vision_msgs/msg/detail/bounding_box2_d__type_support.hpp
[16.525s] -- Up-to-date symlink: /home/agilex/krish_ws/install/vision_msgs/include/vision_msgs/msg/detail/bounding_box2_d_array__builder.hpp
[16.525s] -- Up-to-date symlink: /home/agilex/krish_ws/install/vision_msgs/include/vision_msgs/msg/detail/bounding_box2_d_array__struct.hpp
[16.526s] -- Up-to-date symlink: /home/agilex/krish_ws/install/vision_msgs/include/vision_msgs/msg/detail/bounding_box2_d_array__traits.hpp
[16.526s] -- Up-to-date symlink: /home/agilex/krish_ws/install/vision_msgs/include/vision_msgs/msg/detail/bounding_box2_d_array__type_support.hpp
[16.526s] -- Up-to-date symlink: /home/agilex/krish_ws/install/vision_msgs/include/vision_msgs/msg/detail/bounding_box3_d__builder.hpp
[16.526s] -- Up-to-date symlink: /home/agilex/krish_ws/install/vision_msgs/include/vision_msgs/msg/detail/bounding_box3_d__struct.hpp
[16.526s] -- Up-to-date symlink: /home/agilex/krish_ws/install/vision_msgs/include/vision_msgs/msg/detail/bounding_box3_d__traits.hpp
[16.526s] -- Up-to-date symlink: /home/agilex/krish_ws/install/vision_msgs/include/vision_msgs/msg/detail/bounding_box3_d__type_support.hpp
[16.527s] -- Up-to-date symlink: /home/agilex/krish_ws/install/vision_msgs/include/vision_msgs/msg/detail/bounding_box3_d_array__builder.hpp
[16.527s] -- Up-to-date symlink: /home/agilex/krish_ws/install/vision_msgs/include/vision_msgs/msg/detail/bounding_box3_d_array__struct.hpp
[16.530s] -- Up-to-date symlink: /home/agilex/krish_ws/install/vision_msgs/include/vision_msgs/msg/detail/bounding_box3_d_array__traits.hpp
[16.530s] -- Up-to-date symlink: /home/agilex/krish_ws/install/vision_msgs/include/vision_msgs/msg/detail/bounding_box3_d_array__type_support.hpp
[16.531s] -- Up-to-date symlink: /home/agilex/krish_ws/install/vision_msgs/include/vision_msgs/msg/detail/classification2_d__builder.hpp
[16.533s] -- Up-to-date symlink: /home/agilex/krish_ws/install/vision_msgs/include/vision_msgs/msg/detail/classification2_d__struct.hpp
[16.534s] -- Up-to-date symlink: /home/agilex/krish_ws/install/vision_msgs/include/vision_msgs/msg/detail/classification2_d__traits.hpp
[16.534s] -- Up-to-date symlink: /home/agilex/krish_ws/install/vision_msgs/include/vision_msgs/msg/detail/classification2_d__type_support.hpp
[16.535s] -- Up-to-date symlink: /home/agilex/krish_ws/install/vision_msgs/include/vision_msgs/msg/detail/classification3_d__builder.hpp
[16.535s] -- Up-to-date symlink: /home/agilex/krish_ws/install/vision_msgs/include/vision_msgs/msg/detail/classification3_d__struct.hpp
[16.536s] -- Up-to-date symlink: /home/agilex/krish_ws/install/vision_msgs/include/vision_msgs/msg/detail/classification3_d__traits.hpp
[16.539s] -- Up-to-date symlink: /home/agilex/krish_ws/install/vision_msgs/include/vision_msgs/msg/detail/classification3_d__type_support.hpp
[16.539s] -- Up-to-date symlink: /home/agilex/krish_ws/install/vision_msgs/include/vision_msgs/msg/detail/detection2_d__builder.hpp
[16.539s] -- Up-to-date symlink: /home/agilex/krish_ws/install/vision_msgs/include/vision_msgs/msg/detail/detection2_d__struct.hpp
[16.539s] -- Up-to-date symlink: /home/agilex/krish_ws/install/vision_msgs/include/vision_msgs/msg/detail/detection2_d__traits.hpp
[16.539s] -- Up-to-date symlink: /home/agilex/krish_ws/install/vision_msgs/include/vision_msgs/msg/detail/detection2_d__type_support.hpp
[16.553s] -- Up-to-date symlink: /home/agilex/krish_ws/install/vision_msgs/include/vision_msgs/msg/detail/detection2_d_array__builder.hpp
[16.553s] -- Up-to-date symlink: /home/agilex/krish_ws/install/vision_msgs/include/vision_msgs/msg/detail/detection2_d_array__struct.hpp
[16.553s] -- Up-to-date symlink: /home/agilex/krish_ws/install/vision_msgs/include/vision_msgs/msg/detail/detection2_d_array__traits.hpp
[16.554s] -- Up-to-date symlink: /home/agilex/krish_ws/install/vision_msgs/include/vision_msgs/msg/detail/detection2_d_array__type_support.hpp
[16.554s] -- Up-to-date symlink: /home/agilex/krish_ws/install/vision_msgs/include/vision_msgs/msg/detail/detection3_d__builder.hpp
[16.555s] -- Up-to-date symlink: /home/agilex/krish_ws/install/vision_msgs/include/vision_msgs/msg/detail/detection3_d__struct.hpp
[16.555s] -- Up-to-date symlink: /home/agilex/krish_ws/install/vision_msgs/include/vision_msgs/msg/detail/detection3_d__traits.hpp
[16.555s] -- Up-to-date symlink: /home/agilex/krish_ws/install/vision_msgs/include/vision_msgs/msg/detail/detection3_d__type_support.hpp
[16.555s] -- Up-to-date symlink: /home/agilex/krish_ws/install/vision_msgs/include/vision_msgs/msg/detail/detection3_d_array__builder.hpp
[16.555s] -- Up-to-date symlink: /home/agilex/krish_ws/install/vision_msgs/include/vision_msgs/msg/detail/detection3_d_array__struct.hpp
[16.556s] -- Up-to-date symlink: /home/agilex/krish_ws/install/vision_msgs/include/vision_msgs/msg/detail/detection3_d_array__traits.hpp
[16.556s] -- Up-to-date symlink: /home/agilex/krish_ws/install/vision_msgs/include/vision_msgs/msg/detail/detection3_d_array__type_support.hpp
[16.556s] -- Up-to-date symlink: /home/agilex/krish_ws/install/vision_msgs/include/vision_msgs/msg/detail/object_hypothesis__builder.hpp
[16.556s] -- Up-to-date symlink: /home/agilex/krish_ws/install/vision_msgs/include/vision_msgs/msg/detail/object_hypothesis__struct.hpp
[16.556s] -- Up-to-date symlink: /home/agilex/krish_ws/install/vision_msgs/include/vision_msgs/msg/detail/object_hypothesis__traits.hpp
[16.557s] -- Up-to-date symlink: /home/agilex/krish_ws/install/vision_msgs/include/vision_msgs/msg/detail/object_hypothesis__type_support.hpp
[16.557s] -- Up-to-date symlink: /home/agilex/krish_ws/install/vision_msgs/include/vision_msgs/msg/detail/object_hypothesis_with_pose__builder.hpp
[16.557s] -- Up-to-date symlink: /home/agilex/krish_ws/install/vision_msgs/include/vision_msgs/msg/detail/object_hypothesis_with_pose__struct.hpp
[16.557s] -- Up-to-date symlink: /home/agilex/krish_ws/install/vision_msgs/include/vision_msgs/msg/detail/object_hypothesis_with_pose__traits.hpp
[16.557s] -- Up-to-date symlink: /home/agilex/krish_ws/install/vision_msgs/include/vision_msgs/msg/detail/object_hypothesis_with_pose__type_support.hpp
[16.557s] -- Up-to-date symlink: /home/agilex/krish_ws/install/vision_msgs/include/vision_msgs/msg/detail/vision_info__builder.hpp
[16.557s] -- Up-to-date symlink: /home/agilex/krish_ws/install/vision_msgs/include/vision_msgs/msg/detail/vision_info__struct.hpp
[16.558s] -- Up-to-date symlink: /home/agilex/krish_ws/install/vision_msgs/include/vision_msgs/msg/detail/vision_info__traits.hpp
[16.558s] -- Up-to-date symlink: /home/agilex/krish_ws/install/vision_msgs/include/vision_msgs/msg/detail/vision_info__type_support.hpp
[16.558s] -- Up-to-date symlink: /home/agilex/krish_ws/install/vision_msgs/include/vision_msgs/msg/detection2_d.hpp
[16.558s] -- Up-to-date symlink: /home/agilex/krish_ws/install/vision_msgs/include/vision_msgs/msg/detection2_d_array.hpp
[16.558s] -- Up-to-date symlink: /home/agilex/krish_ws/install/vision_msgs/include/vision_msgs/msg/detection3_d.hpp
[16.558s] -- Up-to-date symlink: /home/agilex/krish_ws/install/vision_msgs/include/vision_msgs/msg/detection3_d_array.hpp
[16.559s] -- Up-to-date symlink: /home/agilex/krish_ws/install/vision_msgs/include/vision_msgs/msg/object_hypothesis.hpp
[16.559s] -- Up-to-date symlink: /home/agilex/krish_ws/install/vision_msgs/include/vision_msgs/msg/object_hypothesis_with_pose.hpp
[16.559s] -- Up-to-date symlink: /home/agilex/krish_ws/install/vision_msgs/include/vision_msgs/msg/rosidl_generator_cpp__visibility_control.hpp
[16.559s] -- Up-to-date symlink: /home/agilex/krish_ws/install/vision_msgs/include/vision_msgs/msg/vision_info.hpp
[16.560s] -- Up-to-date symlink: /home/agilex/krish_ws/install/vision_msgs/include/vision_msgs/msg/detail/bounding_box2_d__rosidl_typesupport_introspection_cpp.hpp
[16.561s] -- Up-to-date symlink: /home/agilex/krish_ws/install/vision_msgs/include/vision_msgs/msg/detail/bounding_box2_d_array__rosidl_typesupport_introspection_cpp.hpp
[16.561s] -- Up-to-date symlink: /home/agilex/krish_ws/install/vision_msgs/include/vision_msgs/msg/detail/bounding_box3_d__rosidl_typesupport_introspection_cpp.hpp
[16.561s] -- Up-to-date symlink: /home/agilex/krish_ws/install/vision_msgs/include/vision_msgs/msg/detail/bounding_box3_d_array__rosidl_typesupport_introspection_cpp.hpp
[16.562s] -- Up-to-date symlink: /home/agilex/krish_ws/install/vision_msgs/include/vision_msgs/msg/detail/classification2_d__rosidl_typesupport_introspection_cpp.hpp
[16.562s] -- Up-to-date symlink: /home/agilex/krish_ws/install/vision_msgs/include/vision_msgs/msg/detail/classification3_d__rosidl_typesupport_introspection_cpp.hpp
[16.562s] -- Up-to-date symlink: /home/agilex/krish_ws/install/vision_msgs/include/vision_msgs/msg/detail/detection2_d__rosidl_typesupport_introspection_cpp.hpp
[16.563s] -- Up-to-date symlink: /home/agilex/krish_ws/install/vision_msgs/include/vision_msgs/msg/detail/detection2_d_array__rosidl_typesupport_introspection_cpp.hpp
[16.563s] -- Up-to-date symlink: /home/agilex/krish_ws/install/vision_msgs/include/vision_msgs/msg/detail/detection3_d__rosidl_typesupport_introspection_cpp.hpp
[16.564s] -- Up-to-date symlink: /home/agilex/krish_ws/install/vision_msgs/include/vision_msgs/msg/detail/detection3_d_array__rosidl_typesupport_introspection_cpp.hpp
[16.573s] -- Up-to-date symlink: /home/agilex/krish_ws/install/vision_msgs/include/vision_msgs/msg/detail/object_hypothesis__rosidl_typesupport_introspection_cpp.hpp
[16.573s] -- Up-to-date symlink: /home/agilex/krish_ws/install/vision_msgs/include/vision_msgs/msg/detail/object_hypothesis_with_pose__rosidl_typesupport_introspection_cpp.hpp
[16.574s] -- Up-to-date symlink: /home/agilex/krish_ws/install/vision_msgs/include/vision_msgs/msg/detail/vision_info__rosidl_typesupport_introspection_cpp.hpp
[16.575s] -- Up-to-date symlink: /home/agilex/krish_ws/install/vision_msgs/share/vision_msgs/environment/pythonpath.sh
[16.575s] -- Up-to-date symlink: /home/agilex/krish_ws/install/vision_msgs/share/vision_msgs/environment/pythonpath.dsv
[16.576s] -- Up-to-date symlink: /home/agilex/krish_ws/install/vision_msgs/lib/python3.8/site-packages/vision_msgs/__init__.py
[16.577s] -- Up-to-date symlink: /home/agilex/krish_ws/install/vision_msgs/lib/python3.8/site-packages/vision_msgs/msg/__init__.py
[16.577s] -- Up-to-date symlink: /home/agilex/krish_ws/install/vision_msgs/lib/python3.8/site-packages/vision_msgs/msg/_bounding_box2_d.py
[16.578s] -- Up-to-date symlink: /home/agilex/krish_ws/install/vision_msgs/lib/python3.8/site-packages/vision_msgs/msg/_bounding_box2_d_array.py
[16.579s] -- Up-to-date symlink: /home/agilex/krish_ws/install/vision_msgs/lib/python3.8/site-packages/vision_msgs/msg/_bounding_box3_d.py
[16.579s] -- Up-to-date symlink: /home/agilex/krish_ws/install/vision_msgs/lib/python3.8/site-packages/vision_msgs/msg/_bounding_box3_d_array.py
[16.579s] -- Up-to-date symlink: /home/agilex/krish_ws/install/vision_msgs/lib/python3.8/site-packages/vision_msgs/msg/_classification2_d.py
[16.580s] -- Up-to-date symlink: /home/agilex/krish_ws/install/vision_msgs/lib/python3.8/site-packages/vision_msgs/msg/_classification3_d.py
[16.580s] -- Up-to-date symlink: /home/agilex/krish_ws/install/vision_msgs/lib/python3.8/site-packages/vision_msgs/msg/_detection2_d.py
[16.580s] -- Up-to-date symlink: /home/agilex/krish_ws/install/vision_msgs/lib/python3.8/site-packages/vision_msgs/msg/_detection2_d_array.py
[16.581s] -- Up-to-date symlink: /home/agilex/krish_ws/install/vision_msgs/lib/python3.8/site-packages/vision_msgs/msg/_detection3_d.py
[16.583s] -- Up-to-date symlink: /home/agilex/krish_ws/install/vision_msgs/lib/python3.8/site-packages/vision_msgs/msg/_detection3_d_array.py
[16.583s] -- Up-to-date symlink: /home/agilex/krish_ws/install/vision_msgs/lib/python3.8/site-packages/vision_msgs/msg/_object_hypothesis.py
[16.583s] -- Up-to-date symlink: /home/agilex/krish_ws/install/vision_msgs/lib/python3.8/site-packages/vision_msgs/msg/_object_hypothesis_with_pose.py
[16.583s] -- Up-to-date symlink: /home/agilex/krish_ws/install/vision_msgs/lib/python3.8/site-packages/vision_msgs/msg/_vision_info.py
[16.583s] -- Up-to-date symlink: /home/agilex/krish_ws/install/vision_msgs/lib/python3.8/site-packages/vision_msgs/vision_msgs_s__rosidl_typesupport_fastrtps_c.cpython-38-aarch64-linux-gnu.so
[16.584s] -- Up-to-date symlink: /home/agilex/krish_ws/install/vision_msgs/lib/python3.8/site-packages/vision_msgs/vision_msgs_s__rosidl_typesupport_introspection_c.cpython-38-aarch64-linux-gnu.so
[16.585s] -- Up-to-date symlink: /home/agilex/krish_ws/install/vision_msgs/lib/python3.8/site-packages/vision_msgs/vision_msgs_s__rosidl_typesupport_c.cpython-38-aarch64-linux-gnu.so
[16.588s] -- Up-to-date symlink: /home/agilex/krish_ws/install/vision_msgs/lib/libvision_msgs__python.so
[16.591s] -- Up-to-date symlink: /home/agilex/krish_ws/install/vision_msgs/share/vision_msgs/msg/BoundingBox2D.idl
[16.591s] -- Up-to-date symlink: /home/agilex/krish_ws/install/vision_msgs/share/vision_msgs/msg/BoundingBox2DArray.idl
[16.592s] -- Up-to-date symlink: /home/agilex/krish_ws/install/vision_msgs/share/vision_msgs/msg/BoundingBox3D.idl
[16.593s] -- Up-to-date symlink: /home/agilex/krish_ws/install/vision_msgs/share/vision_msgs/msg/BoundingBox3DArray.idl
[16.593s] -- Up-to-date symlink: /home/agilex/krish_ws/install/vision_msgs/share/vision_msgs/msg/Classification2D.idl
[16.594s] -- Up-to-date symlink: /home/agilex/krish_ws/install/vision_msgs/share/vision_msgs/msg/Classification3D.idl
[16.594s] -- Up-to-date symlink: /home/agilex/krish_ws/install/vision_msgs/share/vision_msgs/msg/Detection2DArray.idl
[16.595s] -- Up-to-date symlink: /home/agilex/krish_ws/install/vision_msgs/share/vision_msgs/msg/Detection2D.idl
[16.596s] -- Up-to-date symlink: /home/agilex/krish_ws/install/vision_msgs/share/vision_msgs/msg/Detection3DArray.idl
[16.596s] -- Up-to-date symlink: /home/agilex/krish_ws/install/vision_msgs/share/vision_msgs/msg/Detection3D.idl
[16.597s] -- Up-to-date symlink: /home/agilex/krish_ws/install/vision_msgs/share/vision_msgs/msg/ObjectHypothesis.idl
[16.597s] -- Up-to-date symlink: /home/agilex/krish_ws/install/vision_msgs/share/vision_msgs/msg/ObjectHypothesisWithPose.idl
[16.599s] -- Up-to-date symlink: /home/agilex/krish_ws/install/vision_msgs/share/vision_msgs/msg/VisionInfo.idl
[16.600s] -- Up-to-date symlink: /home/agilex/krish_ws/install/vision_msgs/share/vision_msgs/msg/BoundingBox2D.msg
[16.600s] -- Up-to-date symlink: /home/agilex/krish_ws/install/vision_msgs/share/vision_msgs/msg/BoundingBox2DArray.msg
[16.600s] -- Up-to-date symlink: /home/agilex/krish_ws/install/vision_msgs/share/vision_msgs/msg/BoundingBox3D.msg
[16.601s] -- Up-to-date symlink: /home/agilex/krish_ws/install/vision_msgs/share/vision_msgs/msg/BoundingBox3DArray.msg
[16.601s] -- Up-to-date symlink: /home/agilex/krish_ws/install/vision_msgs/share/vision_msgs/msg/Classification2D.msg
[16.602s] -- Up-to-date symlink: /home/agilex/krish_ws/install/vision_msgs/share/vision_msgs/msg/Classification3D.msg
[16.602s] -- Up-to-date symlink: /home/agilex/krish_ws/install/vision_msgs/share/vision_msgs/msg/Detection2DArray.msg
[16.603s] -- Up-to-date symlink: /home/agilex/krish_ws/install/vision_msgs/share/vision_msgs/msg/Detection2D.msg
[16.603s] -- Up-to-date symlink: /home/agilex/krish_ws/install/vision_msgs/share/vision_msgs/msg/Detection3DArray.msg
[16.604s] -- Up-to-date symlink: /home/agilex/krish_ws/install/vision_msgs/share/vision_msgs/msg/Detection3D.msg
[16.605s] -- Up-to-date symlink: /home/agilex/krish_ws/install/vision_msgs/share/vision_msgs/msg/ObjectHypothesis.msg
[16.605s] -- Up-to-date symlink: /home/agilex/krish_ws/install/vision_msgs/share/vision_msgs/msg/ObjectHypothesisWithPose.msg
[16.606s] -- Up-to-date symlink: /home/agilex/krish_ws/install/vision_msgs/share/vision_msgs/msg/VisionInfo.msg
[16.607s] -- Up-to-date symlink: /home/agilex/krish_ws/install/vision_msgs/include/vision_msgs/create_aabb.hpp
[16.607s] -- Up-to-date symlink: /home/agilex/krish_ws/install/vision_msgs/share/ament_index/resource_index/package_run_dependencies/vision_msgs
[16.608s] -- Up-to-date symlink: /home/agilex/krish_ws/install/vision_msgs/share/ament_index/resource_index/parent_prefix_path/vision_msgs
[16.609s] -- Up-to-date symlink: /home/agilex/krish_ws/install/vision_msgs/share/vision_msgs/environment/ament_prefix_path.sh
[16.610s] -- Up-to-date symlink: /home/agilex/krish_ws/install/vision_msgs/share/vision_msgs/environment/ament_prefix_path.dsv
[16.610s] -- Up-to-date symlink: /home/agilex/krish_ws/install/vision_msgs/share/vision_msgs/environment/path.sh
[16.611s] -- Up-to-date symlink: /home/agilex/krish_ws/install/vision_msgs/share/vision_msgs/environment/path.dsv
[16.611s] -- Up-to-date symlink: /home/agilex/krish_ws/install/vision_msgs/share/vision_msgs/local_setup.bash
[16.612s] -- Up-to-date symlink: /home/agilex/krish_ws/install/vision_msgs/share/vision_msgs/local_setup.sh
[16.612s] -- Up-to-date symlink: /home/agilex/krish_ws/install/vision_msgs/share/vision_msgs/local_setup.zsh
[16.613s] -- Up-to-date symlink: /home/agilex/krish_ws/install/vision_msgs/share/vision_msgs/local_setup.dsv
[16.613s] -- Symlinking: /home/agilex/krish_ws/install/vision_msgs/share/vision_msgs/package.dsv
[16.670s] -- Up-to-date symlink: /home/agilex/krish_ws/install/vision_msgs/share/ament_index/resource_index/packages/vision_msgs
[16.671s] -- Up-to-date symlink: /home/agilex/krish_ws/install/vision_msgs/share/vision_msgs/cmake/rosidl_cmake-extras.cmake
[16.673s] -- Up-to-date symlink: /home/agilex/krish_ws/install/vision_msgs/share/vision_msgs/cmake/ament_cmake_export_dependencies-extras.cmake
[16.674s] -- Up-to-date symlink: /home/agilex/krish_ws/install/vision_msgs/share/vision_msgs/cmake/ament_cmake_export_libraries-extras.cmake
[16.674s] -- Up-to-date symlink: /home/agilex/krish_ws/install/vision_msgs/share/vision_msgs/cmake/ament_cmake_export_targets-extras.cmake
[16.675s] -- Up-to-date symlink: /home/agilex/krish_ws/install/vision_msgs/share/vision_msgs/cmake/ament_cmake_export_include_directories-extras.cmake
[16.676s] -- Up-to-date symlink: /home/agilex/krish_ws/install/vision_msgs/share/vision_msgs/cmake/rosidl_cmake_export_typesupport_libraries-extras.cmake
[16.676s] -- Up-to-date symlink: /home/agilex/krish_ws/install/vision_msgs/share/vision_msgs/cmake/rosidl_cmake_export_typesupport_targets-extras.cmake
[16.677s] -- Up-to-date symlink: /home/agilex/krish_ws/install/vision_msgs/share/vision_msgs/cmake/vision_msgsConfig.cmake
[16.678s] -- Up-to-date symlink: /home/agilex/krish_ws/install/vision_msgs/share/vision_msgs/cmake/vision_msgsConfig-version.cmake
[16.678s] -- Up-to-date symlink: /home/agilex/krish_ws/install/vision_msgs/share/vision_msgs/package.xml
[16.680s] -- Up-to-date: /home/agilex/krish_ws/install/vision_msgs/lib/libvision_msgs__rosidl_generator_c.so
[16.682s] -- Up-to-date: /home/agilex/krish_ws/install/vision_msgs/lib/libvision_msgs__rosidl_typesupport_introspection_c.so
[16.684s] -- Up-to-date: /home/agilex/krish_ws/install/vision_msgs/lib/libvision_msgs__rosidl_typesupport_c.so
[16.688s] -- Up-to-date: /home/agilex/krish_ws/install/vision_msgs/lib/libvision_msgs__rosidl_typesupport_introspection_cpp.so
[16.691s] -- Up-to-date: /home/agilex/krish_ws/install/vision_msgs/lib/libvision_msgs__rosidl_typesupport_cpp.so
[16.837s] -- Up-to-date: /home/agilex/krish_ws/install/vision_msgs/share/vision_msgs/cmake/vision_msgs__rosidl_generator_cExport.cmake
[16.837s] -- Up-to-date: /home/agilex/krish_ws/install/vision_msgs/share/vision_msgs/cmake/vision_msgs__rosidl_generator_cExport-noconfig.cmake
[16.839s] -- Up-to-date: /home/agilex/krish_ws/install/vision_msgs/share/vision_msgs/cmake/vision_msgs__rosidl_typesupport_introspection_cExport.cmake
[16.839s] -- Up-to-date: /home/agilex/krish_ws/install/vision_msgs/share/vision_msgs/cmake/vision_msgs__rosidl_typesupport_introspection_cExport-noconfig.cmake
[16.843s] -- Up-to-date: /home/agilex/krish_ws/install/vision_msgs/share/vision_msgs/cmake/vision_msgs__rosidl_typesupport_cExport.cmake
[16.844s] -- Up-to-date: /home/agilex/krish_ws/install/vision_msgs/share/vision_msgs/cmake/vision_msgs__rosidl_typesupport_cExport-noconfig.cmake
[16.844s] -- Up-to-date: /home/agilex/krish_ws/install/vision_msgs/share/vision_msgs/cmake/vision_msgs__rosidl_generator_cppExport.cmake
[16.845s] -- Up-to-date: /home/agilex/krish_ws/install/vision_msgs/share/vision_msgs/cmake/vision_msgs__rosidl_typesupport_introspection_cppExport.cmake
[16.845s] -- Up-to-date: /home/agilex/krish_ws/install/vision_msgs/share/vision_msgs/cmake/vision_msgs__rosidl_typesupport_introspection_cppExport-noconfig.cmake
[16.846s] -- Up-to-date: /home/agilex/krish_ws/install/vision_msgs/share/vision_msgs/cmake/vision_msgs__rosidl_typesupport_cppExport.cmake
[16.847s] -- Up-to-date: /home/agilex/krish_ws/install/vision_msgs/share/vision_msgs/cmake/vision_msgs__rosidl_typesupport_cppExport-noconfig.cmake
[16.860s] Invoked command in '/home/agilex/krish_ws/build/vision_msgs' returned '0': CMAKE_PREFIX_PATH=${CMAKE_PREFIX_PATH}:/home/agilex/limo_ros2_ws/install/ultraarm:/home/agilex/limo_ros2_ws/install/nav2_gazebo_spawner:/home/agilex/limo_ros2_ws/install/mypalletizer_260_pi:/home/agilex/limo_ros2_ws/install/mypalletizer_260:/home/agilex/limo_ros2_ws/install/mypalletizer_communication:/home/agilex/limo_ros2_ws/install/mycobot_630:/home/agilex/limo_ros2_ws/install/mycobot_600:/home/agilex/limo_ros2_ws/install/mycobot_320pi:/home/agilex/limo_ros2_ws/install/mycobot_320:/home/agilex/limo_ros2_ws/install/mycobot_280pi:/home/agilex/limo_ros2_ws/install/mycobot_280jn:/home/agilex/limo_ros2_ws/install/mycobot_280_x3pi:/home/agilex/limo_ros2_ws/install/mycobot_280:/home/agilex/limo_ros2_ws/install/myarm_m750:/home/agilex/limo_ros2_ws/install/myarm_c650:/home/agilex/limo_ros2_ws/install/myarm_300:/home/agilex/limo_ros2_ws/install/mycobot_communication:/home/agilex/limo_ros2_ws/install/mecharm_pi:/home/agilex/limo_ros2_ws/install/mecharm:/home/agilex/limo_ros2_ws/install/mecharm_communication:/home/agilex/limo_ros2_ws/install/mybuddy:/home/agilex/limo_ros2_ws/install/mycobot_description:/home/agilex/krish_ws/install/object_detector:/home/agilex/krish_ws/install/nav_handler:/home/agilex/krish_ws/install/mycobot_arm:/home/agilex/krish_ws/install/my_launch_pkg:/opt/ros/foxy /usr/bin/cmake --install /home/agilex/krish_ws/build/vision_msgs
