[5.595s] Invoking command in '/home/agilex/krish_ws/src/nav_handler': PYTHONPATH=/home/agilex/krish_ws/build/nav_handler/prefix_override:/home/agilex/krish_ws/install/nav_handler/lib/python3.8/site-packages:${PYTHONPATH} /usr/bin/python3 setup.py egg_info --egg-base ../../build/nav_handler build --build-base /home/agilex/krish_ws/build/nav_handler/build install --record /home/agilex/krish_ws/build/nav_handler/install.log --install-scripts $base/lib/nav_handler --single-version-externally-managed
[5.977s] /home/agilex/.local/lib/python3.8/site-packages/setuptools/dist.py:476: SetuptoolsDeprecationWarning: Invalid dash-separated options
[5.977s] !!
[5.977s] 
[5.977s]         ********************************************************************************
[5.977s]         Usage of dash-separated 'script-dir' will not be supported in future
[5.978s]         versions. Please use the underscore name 'script_dir' instead.
[5.978s] 
[5.978s]         This deprecation is overdue, please update your project and remove deprecated
[5.978s]         calls to avoid build errors in the future.
[5.978s] 
[5.978s]         See https://setuptools.pypa.io/en/latest/userguide/declarative_config.html for details.
[5.978s]         ********************************************************************************
[5.978s] 
[5.979s] !!
[5.979s]   opt = self.warn_dash_deprecation(opt, section)
[6.251s] running egg_info
[6.295s] writing ../../build/nav_handler/nav_handler.egg-info/PKG-INFO
[6.297s] writing dependency_links to ../../build/nav_handler/nav_handler.egg-info/dependency_links.txt
[6.297s] writing entry points to ../../build/nav_handler/nav_handler.egg-info/entry_points.txt
[6.297s] writing requirements to ../../build/nav_handler/nav_handler.egg-info/requires.txt
[6.298s] writing top-level names to ../../build/nav_handler/nav_handler.egg-info/top_level.txt
[6.647s] reading manifest file '../../build/nav_handler/nav_handler.egg-info/SOURCES.txt'
[6.649s] writing manifest file '../../build/nav_handler/nav_handler.egg-info/SOURCES.txt'
[6.649s] running build
[6.649s] running build_py
[6.650s] copying nav_handler/__init__.py -> /home/agilex/krish_ws/build/nav_handler/build/lib/nav_handler
[6.650s] copying nav_handler/nav_handler copy.py -> /home/agilex/krish_ws/build/nav_handler/build/lib/nav_handler
[6.651s] copying nav_handler/mission_manager.py -> /home/agilex/krish_ws/build/nav_handler/build/lib/nav_handler
[6.651s] copying nav_handler/nav_handler copy 2.py -> /home/agilex/krish_ws/build/nav_handler/build/lib/nav_handler
[6.651s] copying nav_handler/manual_object_nav_test.py -> /home/agilex/krish_ws/build/nav_handler/build/lib/nav_handler
[6.652s] copying nav_handler/pose_setter.py -> /home/agilex/krish_ws/build/nav_handler/build/lib/nav_handler
[6.653s] running install
[6.653s] /home/agilex/.local/lib/python3.8/site-packages/setuptools/_distutils/cmd.py:66: SetuptoolsDeprecationWarning: setup.py install is deprecated.
[6.653s] !!
[6.653s] 
[6.653s]         ********************************************************************************
[6.654s]         Please avoid running ``setup.py`` directly.
[6.654s]         Instead, use pypa/build, pypa/installer or other
[6.654s]         standards-based tools.
[6.654s] 
[6.654s]         See https://blog.ganssle.io/articles/2021/10/setup-py-deprecated.html for details.
[6.654s]         ********************************************************************************
[6.654s] 
[6.655s] !!
[6.655s]   self.initialize_options()
[6.666s] running install_lib
[6.711s] copying /home/agilex/krish_ws/build/nav_handler/build/lib/nav_handler/mission_manager.py -> /home/agilex/krish_ws/install/nav_handler/lib/python3.8/site-packages/nav_handler
[6.713s] byte-compiling /home/agilex/krish_ws/install/nav_handler/lib/python3.8/site-packages/nav_handler/mission_manager.py to mission_manager.cpython-38.pyc
[6.716s] running install_data
[6.760s] copying resource/nav_handler -> /home/agilex/krish_ws/install/nav_handler/share/ament_index/resource_index/packages
[6.761s] copying package.xml -> /home/agilex/krish_ws/install/nav_handler/share/nav_handler
[6.761s] running install_egg_info
[6.808s] removing '/home/agilex/krish_ws/install/nav_handler/lib/python3.8/site-packages/nav_handler-0.0.0-py3.8.egg-info' (and everything under it)
[6.808s] Copying ../../build/nav_handler/nav_handler.egg-info to /home/agilex/krish_ws/install/nav_handler/lib/python3.8/site-packages/nav_handler-0.0.0-py3.8.egg-info
[6.810s] running install_scripts
[6.917s] Installing mission_manager script to /home/agilex/krish_ws/install/nav_handler/lib/nav_handler
[6.918s] Installing pose_setter script to /home/agilex/krish_ws/install/nav_handler/lib/nav_handler
[6.918s] Installing test script to /home/agilex/krish_ws/install/nav_handler/lib/nav_handler
[6.919s] writing list of installed files to '/home/agilex/krish_ws/build/nav_handler/install.log'
[7.005s] Invoked command in '/home/agilex/krish_ws/src/nav_handler' returned '0': PYTHONPATH=/home/agilex/krish_ws/build/nav_handler/prefix_override:/home/agilex/krish_ws/install/nav_handler/lib/python3.8/site-packages:${PYTHONPATH} /usr/bin/python3 setup.py egg_info --egg-base ../../build/nav_handler build --build-base /home/agilex/krish_ws/build/nav_handler/build install --record /home/agilex/krish_ws/build/nav_handler/install.log --install-scripts $base/lib/nav_handler --single-version-externally-managed
