[12.418s] Invoking command in '/home/agilex/krish_ws/build/system_launcher': PYTHONPATH=/home/agilex/krish_ws/build/system_launcher/prefix_override:/home/agilex/krish_ws/install/system_launcher/lib/python3.8/site-packages:${PYTHONPATH} /usr/bin/python3 setup.py develop --editable --build-directory /home/agilex/krish_ws/build/system_launcher/build --no-deps install_data
[12.849s] /home/agilex/.local/lib/python3.8/site-packages/setuptools/dist.py:476: SetuptoolsDeprecationWarning: Invalid dash-separated options
[12.849s] !!
[12.849s] 
[12.849s]         ********************************************************************************
[12.850s]         Usage of dash-separated 'script-dir' will not be supported in future
[12.850s]         versions. Please use the underscore name 'script_dir' instead.
[12.850s] 
[12.850s]         This deprecation is overdue, please update your project and remove deprecated
[12.850s]         calls to avoid build errors in the future.
[12.850s] 
[12.850s]         See https://setuptools.pypa.io/en/latest/userguide/declarative_config.html for details.
[12.851s]         ********************************************************************************
[12.851s] 
[12.851s] !!
[12.851s]   opt = self.warn_dash_deprecation(opt, section)
[13.388s] running develop
[13.389s] /home/agilex/.local/lib/python3.8/site-packages/setuptools/command/develop.py:40: EasyInstallDeprecationWarning: easy_install command is deprecated.
[13.389s] !!
[13.389s] 
[13.389s]         ********************************************************************************
[13.390s]         Please avoid running ``setup.py`` and ``easy_install``.
[13.390s]         Instead, use pypa/build, pypa/installer or other
[13.390s]         standards-based tools.
[13.390s] 
[13.390s]         See https://github.com/pypa/setuptools/issues/917 for details.
[13.390s]         ********************************************************************************
[13.390s] 
[13.391s] !!
[13.396s]   easy_install.initialize_options(self)
[13.482s] /home/agilex/.local/lib/python3.8/site-packages/setuptools/_distutils/cmd.py:66: SetuptoolsDeprecationWarning: setup.py install is deprecated.
[13.483s] !!
[13.484s] 
[13.484s]         ********************************************************************************
[13.484s]         Please avoid running ``setup.py`` directly.
[13.484s]         Instead, use pypa/build, pypa/installer or other
[13.484s]         standards-based tools.
[13.484s] 
[13.485s]         See https://blog.ganssle.io/articles/2021/10/setup-py-deprecated.html for details.
[13.485s]         ********************************************************************************
[13.485s] 
[13.485s] !!
[13.485s]   self.initialize_options()
[14.018s] running egg_info
[14.073s] writing system_launcher.egg-info/PKG-INFO
[14.075s] writing dependency_links to system_launcher.egg-info/dependency_links.txt
[14.076s] writing requirements to system_launcher.egg-info/requires.txt
[14.077s] writing top-level names to system_launcher.egg-info/top_level.txt
[14.226s] reading manifest file 'system_launcher.egg-info/SOURCES.txt'
[14.239s] writing manifest file 'system_launcher.egg-info/SOURCES.txt'
[14.395s] running build_ext
[14.396s] Creating /home/agilex/krish_ws/install/system_launcher/lib/python3.8/site-packages/system-launcher.egg-link (link to .)
[14.398s] 
[14.399s] Installed /home/agilex/krish_ws/build/system_launcher
[14.399s] running install_data
[14.400s] copying resource/system_launcher -> /home/agilex/krish_ws/install/system_launcher/share/ament_index/resource_index/packages
[14.402s] copying package.xml -> /home/agilex/krish_ws/install/system_launcher/share/system_launcher
[14.404s] copying launch/full_system.launch.py -> /home/agilex/krish_ws/install/system_launcher/share/system_launcher/launch
[14.574s] Invoked command in '/home/agilex/krish_ws/build/system_launcher' returned '0': PYTHONPATH=/home/agilex/krish_ws/build/system_launcher/prefix_override:/home/agilex/krish_ws/install/system_launcher/lib/python3.8/site-packages:${PYTHONPATH} /usr/bin/python3 setup.py develop --editable --build-directory /home/agilex/krish_ws/build/system_launcher/build --no-deps install_data
