[5.515s] Invoking command in '/home/agilex/krish_ws/src/object_detector': PYTHONPATH=/home/agilex/krish_ws/build/object_detector/prefix_override:/home/agilex/krish_ws/install/object_detector/lib/python3.8/site-packages:${PYTHONPATH} /usr/bin/python3 setup.py egg_info --egg-base ../../build/object_detector build --build-base /home/agilex/krish_ws/build/object_detector/build install --record /home/agilex/krish_ws/build/object_detector/install.log --install-scripts $base/lib/object_detector --single-version-externally-managed
[5.932s] /home/agilex/.local/lib/python3.8/site-packages/setuptools/dist.py:476: SetuptoolsDeprecationWarning: Invalid dash-separated options
[5.932s] !!
[5.932s] 
[5.932s]         ********************************************************************************
[5.932s]         Usage of dash-separated 'script-dir' will not be supported in future
[5.932s]         versions. Please use the underscore name 'script_dir' instead.
[5.933s] 
[5.933s]         This deprecation is overdue, please update your project and remove deprecated
[5.933s]         calls to avoid build errors in the future.
[5.933s] 
[5.933s]         See https://setuptools.pypa.io/en/latest/userguide/declarative_config.html for details.
[5.933s]         ********************************************************************************
[5.933s] 
[5.933s] !!
[5.934s]   opt = self.warn_dash_deprecation(opt, section)
[6.235s] running egg_info
[6.283s] writing ../../build/object_detector/object_detector.egg-info/PKG-INFO
[6.285s] writing dependency_links to ../../build/object_detector/object_detector.egg-info/dependency_links.txt
[6.285s] writing entry points to ../../build/object_detector/object_detector.egg-info/entry_points.txt
[6.285s] writing requirements to ../../build/object_detector/object_detector.egg-info/requires.txt
[6.286s] writing top-level names to ../../build/object_detector/object_detector.egg-info/top_level.txt
[6.668s] reading manifest file '../../build/object_detector/object_detector.egg-info/SOURCES.txt'
[6.670s] writing manifest file '../../build/object_detector/object_detector.egg-info/SOURCES.txt'
[6.671s] running build
[6.671s] running build_py
[6.671s] copying object_detector/__init__.py -> /home/agilex/krish_ws/build/object_detector/build/lib/object_detector
[6.671s] copying object_detector/object_detector.py -> /home/agilex/krish_ws/build/object_detector/build/lib/object_detector
[6.672s] copying object_detector/test.py -> /home/agilex/krish_ws/build/object_detector/build/lib/object_detector
[6.673s] running install
[6.673s] /home/agilex/.local/lib/python3.8/site-packages/setuptools/_distutils/cmd.py:66: SetuptoolsDeprecationWarning: setup.py install is deprecated.
[6.673s] !!
[6.674s] 
[6.674s]         ********************************************************************************
[6.674s]         Please avoid running ``setup.py`` directly.
[6.674s]         Instead, use pypa/build, pypa/installer or other
[6.674s]         standards-based tools.
[6.674s] 
[6.674s]         See https://blog.ganssle.io/articles/2021/10/setup-py-deprecated.html for details.
[6.675s]         ********************************************************************************
[6.675s] 
[6.675s] !!
[6.675s]   self.initialize_options()
[6.688s] running install_lib
[6.738s] copying /home/agilex/krish_ws/build/object_detector/build/lib/object_detector/object_detector.py -> /home/agilex/krish_ws/install/object_detector/lib/python3.8/site-packages/object_detector
[6.740s] byte-compiling /home/agilex/krish_ws/install/object_detector/lib/python3.8/site-packages/object_detector/object_detector.py to object_detector.cpython-38.pyc
[6.744s] running install_data
[6.794s] copying resource/object_detector -> /home/agilex/krish_ws/install/object_detector/share/ament_index/resource_index/packages
[6.794s] copying package.xml -> /home/agilex/krish_ws/install/object_detector/share/object_detector
[6.795s] running install_egg_info
[6.845s] removing '/home/agilex/krish_ws/install/object_detector/lib/python3.8/site-packages/object_detector-0.0.0-py3.8.egg-info' (and everything under it)
[6.846s] Copying ../../build/object_detector/object_detector.egg-info to /home/agilex/krish_ws/install/object_detector/lib/python3.8/site-packages/object_detector-0.0.0-py3.8.egg-info
[6.848s] running install_scripts
[6.966s] Installing test script to /home/agilex/krish_ws/install/object_detector/lib/object_detector
[6.967s] Installing yolo_detector script to /home/agilex/krish_ws/install/object_detector/lib/object_detector
[6.967s] writing list of installed files to '/home/agilex/krish_ws/build/object_detector/install.log'
[7.062s] Invoked command in '/home/agilex/krish_ws/src/object_detector' returned '0': PYTHONPATH=/home/agilex/krish_ws/build/object_detector/prefix_override:/home/agilex/krish_ws/install/object_detector/lib/python3.8/site-packages:${PYTHONPATH} /usr/bin/python3 setup.py egg_info --egg-base ../../build/object_detector build --build-base /home/agilex/krish_ws/build/object_detector/build install --record /home/agilex/krish_ws/build/object_detector/install.log --install-scripts $base/lib/object_detector --single-version-externally-managed
