[5.427s] Invoking command in '/home/agilex/krish_ws/src/detection_handler': PYTHONPATH=/home/agilex/krish_ws/build/detection_handler/prefix_override:/home/agilex/krish_ws/install/detection_handler/lib/python3.8/site-packages:${PYTHONPATH} /usr/bin/python3 setup.py egg_info --egg-base ../../build/detection_handler build --build-base /home/agilex/krish_ws/build/detection_handler/build install --record /home/agilex/krish_ws/build/detection_handler/install.log --install-scripts $base/lib/detection_handler --single-version-externally-managed
[5.825s] /home/agilex/.local/lib/python3.8/site-packages/setuptools/dist.py:476: SetuptoolsDeprecationWarning: Invalid dash-separated options
[5.825s] !!
[5.825s] 
[5.825s]         ********************************************************************************
[5.825s]         Usage of dash-separated 'script-dir' will not be supported in future
[5.825s]         versions. Please use the underscore name 'script_dir' instead.
[5.826s] 
[5.826s]         This deprecation is overdue, please update your project and remove deprecated
[5.826s]         calls to avoid build errors in the future.
[5.826s] 
[5.827s]         See https://setuptools.pypa.io/en/latest/userguide/declarative_config.html for details.
[5.827s]         ********************************************************************************
[5.827s] 
[5.827s] !!
[5.827s]   opt = self.warn_dash_deprecation(opt, section)
[6.098s] running egg_info
[6.143s] writing ../../build/detection_handler/detection_handler.egg-info/PKG-INFO
[6.144s] writing dependency_links to ../../build/detection_handler/detection_handler.egg-info/dependency_links.txt
[6.145s] writing entry points to ../../build/detection_handler/detection_handler.egg-info/entry_points.txt
[6.145s] writing requirements to ../../build/detection_handler/detection_handler.egg-info/requires.txt
[6.145s] writing top-level names to ../../build/detection_handler/detection_handler.egg-info/top_level.txt
[6.494s] reading manifest file '../../build/detection_handler/detection_handler.egg-info/SOURCES.txt'
[6.496s] writing manifest file '../../build/detection_handler/detection_handler.egg-info/SOURCES.txt'
[6.496s] running build
[6.497s] running build_py
[6.497s] copying detection_handler/__init__.py -> /home/agilex/krish_ws/build/detection_handler/build/lib/detection_handler
[6.497s] copying detection_handler/detection_handler.py -> /home/agilex/krish_ws/build/detection_handler/build/lib/detection_handler
[6.498s] running install
[6.499s] /home/agilex/.local/lib/python3.8/site-packages/setuptools/_distutils/cmd.py:66: SetuptoolsDeprecationWarning: setup.py install is deprecated.
[6.499s] !!
[6.499s] 
[6.499s]         ********************************************************************************
[6.499s]         Please avoid running ``setup.py`` directly.
[6.500s]         Instead, use pypa/build, pypa/installer or other
[6.500s]         standards-based tools.
[6.500s] 
[6.500s]         See https://blog.ganssle.io/articles/2021/10/setup-py-deprecated.html for details.
[6.500s]         ********************************************************************************
[6.500s] 
[6.501s] !!
[6.501s]   self.initialize_options()
[6.511s] running install_lib
[6.556s] copying /home/agilex/krish_ws/build/detection_handler/build/lib/detection_handler/detection_handler.py -> /home/agilex/krish_ws/install/detection_handler/lib/python3.8/site-packages/detection_handler
[6.557s] byte-compiling /home/agilex/krish_ws/install/detection_handler/lib/python3.8/site-packages/detection_handler/detection_handler.py to detection_handler.cpython-38.pyc
[6.558s] running install_data
[6.603s] copying resource/detection_handler -> /home/agilex/krish_ws/install/detection_handler/share/ament_index/resource_index/packages
[6.604s] copying package.xml -> /home/agilex/krish_ws/install/detection_handler/share/detection_handler
[6.604s] running install_egg_info
[6.650s] removing '/home/agilex/krish_ws/install/detection_handler/lib/python3.8/site-packages/detection_handler-0.0.0-py3.8.egg-info' (and everything under it)
[6.651s] Copying ../../build/detection_handler/detection_handler.egg-info to /home/agilex/krish_ws/install/detection_handler/lib/python3.8/site-packages/detection_handler-0.0.0-py3.8.egg-info
[6.652s] running install_scripts
[6.762s] Installing detection_handler script to /home/agilex/krish_ws/install/detection_handler/lib/detection_handler
[6.763s] writing list of installed files to '/home/agilex/krish_ws/build/detection_handler/install.log'
[6.848s] Invoked command in '/home/agilex/krish_ws/src/detection_handler' returned '0': PYTHONPATH=/home/agilex/krish_ws/build/detection_handler/prefix_override:/home/agilex/krish_ws/install/detection_handler/lib/python3.8/site-packages:${PYTHONPATH} /usr/bin/python3 setup.py egg_info --egg-base ../../build/detection_handler build --build-base /home/agilex/krish_ws/build/detection_handler/build install --record /home/agilex/krish_ws/build/detection_handler/install.log --install-scripts $base/lib/detection_handler --single-version-externally-managed
