[14.218s] Invoking command in '/home/agilex/krish_ws/src/nav_handler': PYTHONPATH=/home/agilex/krish_ws/build/nav_handler/prefix_override:/home/agilex/krish_ws/install/nav_handler/lib/python3.8/site-packages:${PYTHONPATH} /usr/bin/python3 setup.py egg_info --egg-base ../../build/nav_handler build --build-base /home/agilex/krish_ws/build/nav_handler/build install --record /home/agilex/krish_ws/build/nav_handler/install.log --install-scripts $base/lib/nav_handler --single-version-externally-managed
[14.676s] /home/agilex/.local/lib/python3.8/site-packages/setuptools/dist.py:476: SetuptoolsDeprecationWarning: Invalid dash-separated options
[14.676s] !!
[14.676s] 
[14.677s]         ********************************************************************************
[14.677s]         Usage of dash-separated 'script-dir' will not be supported in future
[14.677s]         versions. Please use the underscore name 'script_dir' instead.
[14.677s] 
[14.677s]         This deprecation is overdue, please update your project and remove deprecated
[14.677s]         calls to avoid build errors in the future.
[14.677s] 
[14.677s]         See https://setuptools.pypa.io/en/latest/userguide/declarative_config.html for details.
[14.678s]         ********************************************************************************
[14.678s] 
[14.678s] !!
[14.678s]   opt = self.warn_dash_deprecation(opt, section)
[14.968s] running egg_info
[15.017s] writing ../../build/nav_handler/nav_handler.egg-info/PKG-INFO
[15.025s] writing dependency_links to ../../build/nav_handler/nav_handler.egg-info/dependency_links.txt
[15.025s] writing entry points to ../../build/nav_handler/nav_handler.egg-info/entry_points.txt
[15.025s] writing requirements to ../../build/nav_handler/nav_handler.egg-info/requires.txt
[15.025s] writing top-level names to ../../build/nav_handler/nav_handler.egg-info/top_level.txt
[15.449s] reading manifest file '../../build/nav_handler/nav_handler.egg-info/SOURCES.txt'
[15.451s] writing manifest file '../../build/nav_handler/nav_handler.egg-info/SOURCES.txt'
[15.451s] running build
[15.451s] running build_py
[15.451s] copying nav_handler/__init__.py -> /home/agilex/krish_ws/build/nav_handler/build/lib/nav_handler
[15.452s] copying nav_handler/mission_manager.py -> /home/agilex/krish_ws/build/nav_handler/build/lib/nav_handler
[15.453s] copying nav_handler/object_handler.py -> /home/agilex/krish_ws/build/nav_handler/build/lib/nav_handler
[15.453s] copying nav_handler/pose_setter.py -> /home/agilex/krish_ws/build/nav_handler/build/lib/nav_handler
[15.454s] copying nav_handler/exploration_handler.py -> /home/agilex/krish_ws/build/nav_handler/build/lib/nav_handler
[15.454s] running install
[15.460s] /home/agilex/.local/lib/python3.8/site-packages/setuptools/_distutils/cmd.py:66: SetuptoolsDeprecationWarning: setup.py install is deprecated.
[15.460s] !!
[15.460s] 
[15.462s]         ********************************************************************************
[15.462s]         Please avoid running ``setup.py`` directly.
[15.462s]         Instead, use pypa/build, pypa/installer or other
[15.462s]         standards-based tools.
[15.462s] 
[15.463s]         See https://blog.ganssle.io/articles/2021/10/setup-py-deprecated.html for details.
[15.463s]         ********************************************************************************
[15.463s] 
[15.463s] !!
[15.463s]   self.initialize_options()
[15.492s] running install_lib
[15.578s] copying /home/agilex/krish_ws/build/nav_handler/build/lib/nav_handler/mission_manager.py -> /home/agilex/krish_ws/install/nav_handler/lib/python3.8/site-packages/nav_handler
[15.581s] copying /home/agilex/krish_ws/build/nav_handler/build/lib/nav_handler/exploration_handler.py -> /home/agilex/krish_ws/install/nav_handler/lib/python3.8/site-packages/nav_handler
[15.587s] byte-compiling /home/agilex/krish_ws/install/nav_handler/lib/python3.8/site-packages/nav_handler/mission_manager.py to mission_manager.cpython-38.pyc
[15.591s] byte-compiling /home/agilex/krish_ws/install/nav_handler/lib/python3.8/site-packages/nav_handler/exploration_handler.py to exploration_handler.cpython-38.pyc
[15.594s] running install_data
[15.659s] copying resource/nav_handler -> /home/agilex/krish_ws/install/nav_handler/share/ament_index/resource_index/packages
[15.660s] copying package.xml -> /home/agilex/krish_ws/install/nav_handler/share/nav_handler
[15.662s] running install_egg_info
[15.717s] removing '/home/agilex/krish_ws/install/nav_handler/lib/python3.8/site-packages/nav_handler-0.0.0-py3.8.egg-info' (and everything under it)
[15.720s] Copying ../../build/nav_handler/nav_handler.egg-info to /home/agilex/krish_ws/install/nav_handler/lib/python3.8/site-packages/nav_handler-0.0.0-py3.8.egg-info
[15.732s] running install_scripts
[15.861s] Installing exploration_handler script to /home/agilex/krish_ws/install/nav_handler/lib/nav_handler
[15.862s] Installing mission_manager script to /home/agilex/krish_ws/install/nav_handler/lib/nav_handler
[15.863s] Installing object_handler script to /home/agilex/krish_ws/install/nav_handler/lib/nav_handler
[15.864s] Installing pose_setter script to /home/agilex/krish_ws/install/nav_handler/lib/nav_handler
[15.866s] writing list of installed files to '/home/agilex/krish_ws/build/nav_handler/install.log'
[19.243s] Invoked command in '/home/agilex/krish_ws/src/nav_handler' returned '0': PYTHONPATH=/home/agilex/krish_ws/build/nav_handler/prefix_override:/home/agilex/krish_ws/install/nav_handler/lib/python3.8/site-packages:${PYTHONPATH} /usr/bin/python3 setup.py egg_info --egg-base ../../build/nav_handler build --build-base /home/agilex/krish_ws/build/nav_handler/build install --record /home/agilex/krish_ws/build/nav_handler/install.log --install-scripts $base/lib/nav_handler --single-version-externally-managed
