[13.768s] Invoking command in '/home/agilex/krish_ws/build/nav_handler': PYTHONPATH=/home/agilex/krish_ws/build/nav_handler/prefix_override:/home/agilex/krish_ws/install/nav_handler/lib/python3.8/site-packages:${PYTHONPATH} /usr/bin/python3 setup.py develop --editable --build-directory /home/agilex/krish_ws/build/nav_handler/build --no-deps install_data
[14.198s] /home/agilex/.local/lib/python3.8/site-packages/setuptools/dist.py:476: SetuptoolsDeprecationWarning: Invalid dash-separated options
[14.198s] !!
[14.198s] 
[14.199s]         ********************************************************************************
[14.199s]         Usage of dash-separated 'script-dir' will not be supported in future
[14.201s]         versions. Please use the underscore name 'script_dir' instead.
[14.203s] 
[14.203s]         This deprecation is overdue, please update your project and remove deprecated
[14.206s]         calls to avoid build errors in the future.
[14.206s] 
[14.207s]         See https://setuptools.pypa.io/en/latest/userguide/declarative_config.html for details.
[14.207s]         ********************************************************************************
[14.208s] 
[14.208s] !!
[14.209s]   opt = self.warn_dash_deprecation(opt, section)
[14.846s] running develop
[14.846s] /home/agilex/.local/lib/python3.8/site-packages/setuptools/command/develop.py:40: EasyInstallDeprecationWarning: easy_install command is deprecated.
[14.847s] !!
[14.847s] 
[14.847s]         ********************************************************************************
[14.847s]         Please avoid running ``setup.py`` and ``easy_install``.
[14.847s]         Instead, use pypa/build, pypa/installer or other
[14.847s]         standards-based tools.
[14.847s] 
[14.847s]         See https://github.com/pypa/setuptools/issues/917 for details.
[14.848s]         ********************************************************************************
[14.848s] 
[14.848s] !!
[14.848s]   easy_install.initialize_options(self)
[14.944s] /home/agilex/.local/lib/python3.8/site-packages/setuptools/_distutils/cmd.py:66: SetuptoolsDeprecationWarning: setup.py install is deprecated.
[14.944s] !!
[14.944s] 
[14.944s]         ********************************************************************************
[14.944s]         Please avoid running ``setup.py`` directly.
[14.944s]         Instead, use pypa/build, pypa/installer or other
[14.944s]         standards-based tools.
[14.945s] 
[14.945s]         See https://blog.ganssle.io/articles/2021/10/setup-py-deprecated.html for details.
[14.945s]         ********************************************************************************
[14.945s] 
[14.945s] !!
[14.945s]   self.initialize_options()
[15.420s] running egg_info
[15.466s] writing nav_handler.egg-info/PKG-INFO
[15.467s] writing dependency_links to nav_handler.egg-info/dependency_links.txt
[15.468s] writing entry points to nav_handler.egg-info/entry_points.txt
[15.478s] writing requirements to nav_handler.egg-info/requires.txt
[15.479s] writing top-level names to nav_handler.egg-info/top_level.txt
[15.569s] reading manifest file 'nav_handler.egg-info/SOURCES.txt'
[15.572s] writing manifest file 'nav_handler.egg-info/SOURCES.txt'
[15.749s] running build_ext
[15.749s] Creating /home/agilex/krish_ws/install/nav_handler/lib/python3.8/site-packages/nav-handler.egg-link (link to .)
[15.752s] Installing nav_handler script to /home/agilex/krish_ws/install/nav_handler/lib/nav_handler
[15.754s] Installing pose_setter script to /home/agilex/krish_ws/install/nav_handler/lib/nav_handler
[15.755s] Installing test script to /home/agilex/krish_ws/install/nav_handler/lib/nav_handler
[15.756s] 
[15.757s] Installed /home/agilex/krish_ws/build/nav_handler
[15.757s] running install_data
[15.758s] copying resource/nav_handler -> /home/agilex/krish_ws/install/nav_handler/share/ament_index/resource_index/packages
[15.759s] copying package.xml -> /home/agilex/krish_ws/install/nav_handler/share/nav_handler
[17.040s] Invoked command in '/home/agilex/krish_ws/build/nav_handler' returned '0': PYTHONPATH=/home/agilex/krish_ws/build/nav_handler/prefix_override:/home/agilex/krish_ws/install/nav_handler/lib/python3.8/site-packages:${PYTHONPATH} /usr/bin/python3 setup.py develop --editable --build-directory /home/agilex/krish_ws/build/nav_handler/build --no-deps install_data
