[11.985s] Invoking command in '/home/agilex/krish_ws/src/object_detector': PYTHONPATH=/home/agilex/krish_ws/build/object_detector/prefix_override:/home/agilex/krish_ws/install/object_detector/lib/python3.8/site-packages:${PYTHONPATH} /usr/bin/python3 setup.py egg_info --egg-base ../../build/object_detector build --build-base /home/agilex/krish_ws/build/object_detector/build install --record /home/agilex/krish_ws/build/object_detector/install.log --install-scripts $base/lib/object_detector --single-version-externally-managed
[12.422s] /home/agilex/.local/lib/python3.8/site-packages/setuptools/dist.py:476: SetuptoolsDeprecationWarning: Invalid dash-separated options
[12.423s] !!
[12.423s] 
[12.424s]         ********************************************************************************
[12.424s]         Usage of dash-separated 'script-dir' will not be supported in future
[12.424s]         versions. Please use the underscore name 'script_dir' instead.
[12.424s] 
[12.424s]         This deprecation is overdue, please update your project and remove deprecated
[12.424s]         calls to avoid build errors in the future.
[12.425s] 
[12.425s]         See https://setuptools.pypa.io/en/latest/userguide/declarative_config.html for details.
[12.425s]         ********************************************************************************
[12.425s] 
[12.425s] !!
[12.426s]   opt = self.warn_dash_deprecation(opt, section)
[12.737s] running egg_info
[12.786s] writing ../../build/object_detector/object_detector.egg-info/PKG-INFO
[12.788s] writing dependency_links to ../../build/object_detector/object_detector.egg-info/dependency_links.txt
[12.788s] writing entry points to ../../build/object_detector/object_detector.egg-info/entry_points.txt
[12.788s] writing requirements to ../../build/object_detector/object_detector.egg-info/requires.txt
[12.788s] writing top-level names to ../../build/object_detector/object_detector.egg-info/top_level.txt
[13.181s] reading manifest file '../../build/object_detector/object_detector.egg-info/SOURCES.txt'
[13.184s] writing manifest file '../../build/object_detector/object_detector.egg-info/SOURCES.txt'
[13.184s] running build
[13.184s] running build_py
[13.185s] copying object_detector/__init__.py -> /home/agilex/krish_ws/build/object_detector/build/lib/object_detector
[13.186s] copying object_detector/object_detector.py -> /home/agilex/krish_ws/build/object_detector/build/lib/object_detector
[13.186s] copying object_detector/test.py -> /home/agilex/krish_ws/build/object_detector/build/lib/object_detector
[13.187s] running install
[13.194s] /home/agilex/.local/lib/python3.8/site-packages/setuptools/_distutils/cmd.py:66: SetuptoolsDeprecationWarning: setup.py install is deprecated.
[13.194s] !!
[13.194s] 
[13.194s]         ********************************************************************************
[13.195s]         Please avoid running ``setup.py`` directly.
[13.195s]         Instead, use pypa/build, pypa/installer or other
[13.195s]         standards-based tools.
[13.195s] 
[13.195s]         See https://blog.ganssle.io/articles/2021/10/setup-py-deprecated.html for details.
[13.195s]         ********************************************************************************
[13.195s] 
[13.195s] !!
[13.196s]   self.initialize_options()
[13.201s] running install_lib
[13.253s] running install_data
[13.299s] copying resource/object_detector -> /home/agilex/krish_ws/install/object_detector/share/ament_index/resource_index/packages
[13.299s] copying package.xml -> /home/agilex/krish_ws/install/object_detector/share/object_detector
[13.300s] running install_egg_info
[13.350s] removing '/home/agilex/krish_ws/install/object_detector/lib/python3.8/site-packages/object_detector-0.0.0-py3.8.egg-info' (and everything under it)
[13.354s] Copying ../../build/object_detector/object_detector.egg-info to /home/agilex/krish_ws/install/object_detector/lib/python3.8/site-packages/object_detector-0.0.0-py3.8.egg-info
[13.362s] running install_scripts
[13.482s] Installing test script to /home/agilex/krish_ws/install/object_detector/lib/object_detector
[13.483s] Installing yolo_detector script to /home/agilex/krish_ws/install/object_detector/lib/object_detector
[13.484s] writing list of installed files to '/home/agilex/krish_ws/build/object_detector/install.log'
[15.207s] Invoked command in '/home/agilex/krish_ws/src/object_detector' returned '0': PYTHONPATH=/home/agilex/krish_ws/build/object_detector/prefix_override:/home/agilex/krish_ws/install/object_detector/lib/python3.8/site-packages:${PYTHONPATH} /usr/bin/python3 setup.py egg_info --egg-base ../../build/object_detector build --build-base /home/agilex/krish_ws/build/object_detector/build install --record /home/agilex/krish_ws/build/object_detector/install.log --install-scripts $base/lib/object_detector --single-version-externally-managed
