[13.544s] Invoking command in '/home/agilex/krish_ws/build/nav_handler': PYTHONPATH=/home/agilex/krish_ws/build/nav_handler/prefix_override:/home/agilex/krish_ws/install/nav_handler/lib/python3.8/site-packages:${PYTHONPATH} /usr/bin/python3 setup.py develop --uninstall --editable --build-directory /home/agilex/krish_ws/build/nav_handler/build
[13.989s] /home/agilex/.local/lib/python3.8/site-packages/setuptools/dist.py:476: SetuptoolsDeprecationWarning: Invalid dash-separated options
[13.989s] !!
[13.990s] 
[13.990s]         ********************************************************************************
[13.990s]         Usage of dash-separated 'script-dir' will not be supported in future
[13.990s]         versions. Please use the underscore name 'script_dir' instead.
[13.990s] 
[13.990s]         This deprecation is overdue, please update your project and remove deprecated
[13.990s]         calls to avoid build errors in the future.
[13.991s] 
[13.991s]         See https://setuptools.pypa.io/en/latest/userguide/declarative_config.html for details.
[13.991s]         ********************************************************************************
[13.991s] 
[13.991s] !!
[13.991s]   opt = self.warn_dash_deprecation(opt, section)
[14.478s] running develop
[14.479s] /home/agilex/.local/lib/python3.8/site-packages/setuptools/command/develop.py:40: EasyInstallDeprecationWarning: easy_install command is deprecated.
[14.480s] !!
[14.480s] 
[14.480s]         ********************************************************************************
[14.480s]         Please avoid running ``setup.py`` and ``easy_install``.
[14.480s]         Instead, use pypa/build, pypa/installer or other
[14.480s]         standards-based tools.
[14.480s] 
[14.480s]         See https://github.com/pypa/setuptools/issues/917 for details.
[14.481s]         ********************************************************************************
[14.481s] 
[14.481s] !!
[14.481s]   easy_install.initialize_options(self)
[14.570s] /home/agilex/.local/lib/python3.8/site-packages/setuptools/_distutils/cmd.py:66: SetuptoolsDeprecationWarning: setup.py install is deprecated.
[14.571s] !!
[14.571s] 
[14.572s]         ********************************************************************************
[14.572s]         Please avoid running ``setup.py`` directly.
[14.572s]         Instead, use pypa/build, pypa/installer or other
[14.572s]         standards-based tools.
[14.572s] 
[14.572s]         See https://blog.ganssle.io/articles/2021/10/setup-py-deprecated.html for details.
[14.573s]         ********************************************************************************
[14.573s] 
[14.573s] !!
[14.573s]   self.initialize_options()
[15.039s] Removing /home/agilex/krish_ws/install/nav_handler/lib/python3.8/site-packages/nav-handler.egg-link (link to .)
[16.497s] Invoked command in '/home/agilex/krish_ws/build/nav_handler' returned '0': PYTHONPATH=/home/agilex/krish_ws/build/nav_handler/prefix_override:/home/agilex/krish_ws/install/nav_handler/lib/python3.8/site-packages:${PYTHONPATH} /usr/bin/python3 setup.py develop --uninstall --editable --build-directory /home/agilex/krish_ws/build/nav_handler/build
[16.499s] Invoking command in '/home/agilex/krish_ws/src/nav_handler': PYTHONPATH=/home/agilex/krish_ws/build/nav_handler/prefix_override:/home/agilex/krish_ws/install/nav_handler/lib/python3.8/site-packages:${PYTHONPATH} /usr/bin/python3 setup.py egg_info --egg-base ../../build/nav_handler build --build-base /home/agilex/krish_ws/build/nav_handler/build install --record /home/agilex/krish_ws/build/nav_handler/install.log --install-scripts $base/lib/nav_handler --single-version-externally-managed
[16.897s] /home/agilex/.local/lib/python3.8/site-packages/setuptools/dist.py:476: SetuptoolsDeprecationWarning: Invalid dash-separated options
[16.898s] !!
[16.898s] 
[16.899s]         ********************************************************************************
[16.899s]         Usage of dash-separated 'script-dir' will not be supported in future
[16.900s]         versions. Please use the underscore name 'script_dir' instead.
[16.900s] 
[16.900s]         This deprecation is overdue, please update your project and remove deprecated
[16.900s]         calls to avoid build errors in the future.
[16.900s] 
[16.900s]         See https://setuptools.pypa.io/en/latest/userguide/declarative_config.html for details.
[16.900s]         ********************************************************************************
[16.901s] 
[16.901s] !!
[16.901s]   opt = self.warn_dash_deprecation(opt, section)
[17.178s] running egg_info
[17.224s] writing ../../build/nav_handler/nav_handler.egg-info/PKG-INFO
[17.225s] writing dependency_links to ../../build/nav_handler/nav_handler.egg-info/dependency_links.txt
[17.226s] writing entry points to ../../build/nav_handler/nav_handler.egg-info/entry_points.txt
[17.226s] writing requirements to ../../build/nav_handler/nav_handler.egg-info/requires.txt
[17.226s] writing top-level names to ../../build/nav_handler/nav_handler.egg-info/top_level.txt
[17.594s] reading manifest file '../../build/nav_handler/nav_handler.egg-info/SOURCES.txt'
[17.595s] writing manifest file '../../build/nav_handler/nav_handler.egg-info/SOURCES.txt'
[17.596s] running build
[17.596s] running build_py
[17.598s] copying nav_handler/__init__.py -> /home/agilex/krish_ws/build/nav_handler/build/lib/nav_handler
[17.599s] copying nav_handler/object_handler.py -> /home/agilex/krish_ws/build/nav_handler/build/lib/nav_handler
[17.599s] running install
[17.600s] /home/agilex/.local/lib/python3.8/site-packages/setuptools/_distutils/cmd.py:66: SetuptoolsDeprecationWarning: setup.py install is deprecated.
[17.601s] !!
[17.601s] 
[17.602s]         ********************************************************************************
[17.603s]         Please avoid running ``setup.py`` directly.
[17.604s]         Instead, use pypa/build, pypa/installer or other
[17.604s]         standards-based tools.
[17.604s] 
[17.606s]         See https://blog.ganssle.io/articles/2021/10/setup-py-deprecated.html for details.
[17.607s]         ********************************************************************************
[17.607s] 
[17.608s] !!
[17.608s]   self.initialize_options()
[17.608s] running install_lib
[17.673s] creating /home/agilex/krish_ws/install/nav_handler/lib/python3.8/site-packages/nav_handler
[17.673s] copying /home/agilex/krish_ws/build/nav_handler/build/lib/nav_handler/__init__.py -> /home/agilex/krish_ws/install/nav_handler/lib/python3.8/site-packages/nav_handler
[17.675s] copying /home/agilex/krish_ws/build/nav_handler/build/lib/nav_handler/object_handler.py -> /home/agilex/krish_ws/install/nav_handler/lib/python3.8/site-packages/nav_handler
[17.677s] byte-compiling /home/agilex/krish_ws/install/nav_handler/lib/python3.8/site-packages/nav_handler/__init__.py to __init__.cpython-38.pyc
[17.678s] byte-compiling /home/agilex/krish_ws/install/nav_handler/lib/python3.8/site-packages/nav_handler/object_handler.py to object_handler.cpython-38.pyc
[17.681s] running install_data
[17.712s] copying resource/nav_handler -> /home/agilex/krish_ws/install/nav_handler/share/ament_index/resource_index/packages
[17.713s] copying package.xml -> /home/agilex/krish_ws/install/nav_handler/share/nav_handler
[17.714s] running install_egg_info
[17.752s] Copying ../../build/nav_handler/nav_handler.egg-info to /home/agilex/krish_ws/install/nav_handler/lib/python3.8/site-packages/nav_handler-0.0.0-py3.8.egg-info
[17.754s] running install_scripts
[17.866s] Installing object_handler script to /home/agilex/krish_ws/install/nav_handler/lib/nav_handler
[17.867s] writing list of installed files to '/home/agilex/krish_ws/build/nav_handler/install.log'
[20.638s] Invoked command in '/home/agilex/krish_ws/src/nav_handler' returned '0': PYTHONPATH=/home/agilex/krish_ws/build/nav_handler/prefix_override:/home/agilex/krish_ws/install/nav_handler/lib/python3.8/site-packages:${PYTHONPATH} /usr/bin/python3 setup.py egg_info --egg-base ../../build/nav_handler build --build-base /home/agilex/krish_ws/build/nav_handler/build install --record /home/agilex/krish_ws/build/nav_handler/install.log --install-scripts $base/lib/nav_handler --single-version-externally-managed
