[1.065s] Invoking command in '/home/agilex/krish_ws/build/ultralytics_ros': /usr/bin/cmake /home/agilex/krish_ws/src/ultralytics_ros -DCATKIN_INSTALL_INTO_PREFIX_ROOT=0 -DCMAKE_INSTALL_PREFIX=/home/agilex/krish_ws/install/ultralytics_ros
[1.137s] CMake Error at CMakeLists.txt:9 (find_package):
[1.137s]   By not providing "Findcatkin.cmake" in CMAKE_MODULE_PATH this project has
[1.137s]   asked CMake to find a package configuration file provided by "catkin", but
[1.137s]   CMake did not find one.
[1.138s] 
[1.138s]   Could not find a package configuration file provided by "catkin" with any
[1.138s]   of the following names:
[1.138s] 
[1.138s]     catkinConfig.cmake
[1.138s]     catkin-config.cmake
[1.138s] 
[1.138s]   Add the installation prefix of "catkin" to CMAKE_PREFIX_PATH or set
[1.139s]   "catkin_DIR" to a directory containing one of the above files.  If "catkin"
[1.139s]   provides a separate development package or SDK, be sure it has been
[1.139s]   installed.
[1.139s] 
[1.139s] 
[1.139s] -- Configuring incomplete, errors occurred!
[1.139s] See also "/home/agilex/krish_ws/build/ultralytics_ros/CMakeFiles/CMakeOutput.log".
[1.142s] Invoked command in '/home/agilex/krish_ws/build/ultralytics_ros' returned '1': /usr/bin/cmake /home/agilex/krish_ws/src/ultralytics_ros -DCATKIN_INSTALL_INTO_PREFIX_ROOT=0 -DCMAKE_INSTALL_PREFIX=/home/agilex/krish_ws/install/ultralytics_ros
