[5.510s] Invoking command in '/home/agilex/krish_ws/src/nav_handler': PYTHONPATH=/home/agilex/krish_ws/build/nav_handler/prefix_override:/home/agilex/krish_ws/install/nav_handler/lib/python3.8/site-packages:${PYTHONPATH} /usr/bin/python3 setup.py egg_info --egg-base ../../build/nav_handler build --build-base /home/agilex/krish_ws/build/nav_handler/build install --record /home/agilex/krish_ws/build/nav_handler/install.log --install-scripts $base/lib/nav_handler --single-version-externally-managed
[5.890s] /home/agilex/.local/lib/python3.8/site-packages/setuptools/dist.py:476: SetuptoolsDeprecationWarning: Invalid dash-separated options
[5.890s] !!
[5.891s] 
[5.891s]         ********************************************************************************
[5.891s]         Usage of dash-separated 'script-dir' will not be supported in future
[5.892s]         versions. Please use the underscore name 'script_dir' instead.
[5.892s] 
[5.892s]         This deprecation is overdue, please update your project and remove deprecated
[5.892s]         calls to avoid build errors in the future.
[5.893s] 
[5.893s]         See https://setuptools.pypa.io/en/latest/userguide/declarative_config.html for details.
[5.893s]         ********************************************************************************
[5.893s] 
[5.893s] !!
[5.894s]   opt = self.warn_dash_deprecation(opt, section)
[6.174s] running egg_info
[6.220s] writing ../../build/nav_handler/nav_handler.egg-info/PKG-INFO
[6.222s] writing dependency_links to ../../build/nav_handler/nav_handler.egg-info/dependency_links.txt
[6.222s] writing entry points to ../../build/nav_handler/nav_handler.egg-info/entry_points.txt
[6.223s] writing requirements to ../../build/nav_handler/nav_handler.egg-info/requires.txt
[6.223s] writing top-level names to ../../build/nav_handler/nav_handler.egg-info/top_level.txt
[6.589s] reading manifest file '../../build/nav_handler/nav_handler.egg-info/SOURCES.txt'
[6.592s] writing manifest file '../../build/nav_handler/nav_handler.egg-info/SOURCES.txt'
[6.592s] running build
[6.592s] running build_py
[6.593s] copying nav_handler/__init__.py -> /home/agilex/krish_ws/build/nav_handler/build/lib/nav_handler
[6.594s] copying nav_handler/manual_object_nav_test.py -> /home/agilex/krish_ws/build/nav_handler/build/lib/nav_handler
[6.594s] copying nav_handler/pose_setter.py -> /home/agilex/krish_ws/build/nav_handler/build/lib/nav_handler
[6.595s] copying nav_handler/nav_handler.py -> /home/agilex/krish_ws/build/nav_handler/build/lib/nav_handler
[6.596s] running install
[6.598s] /home/agilex/.local/lib/python3.8/site-packages/setuptools/_distutils/cmd.py:66: SetuptoolsDeprecationWarning: setup.py install is deprecated.
[6.598s] !!
[6.598s] 
[6.598s]         ********************************************************************************
[6.598s]         Please avoid running ``setup.py`` directly.
[6.599s]         Instead, use pypa/build, pypa/installer or other
[6.599s]         standards-based tools.
[6.599s] 
[6.599s]         See https://blog.ganssle.io/articles/2021/10/setup-py-deprecated.html for details.
[6.599s]         ********************************************************************************
[6.599s] 
[6.600s] !!
[6.600s]   self.initialize_options()
[6.610s] running install_lib
[6.654s] copying /home/agilex/krish_ws/build/nav_handler/build/lib/nav_handler/nav_handler.py -> /home/agilex/krish_ws/install/nav_handler/lib/python3.8/site-packages/nav_handler
[6.656s] byte-compiling /home/agilex/krish_ws/install/nav_handler/lib/python3.8/site-packages/nav_handler/nav_handler.py to nav_handler.cpython-38.pyc
[6.659s] running install_data
[6.706s] copying resource/nav_handler -> /home/agilex/krish_ws/install/nav_handler/share/ament_index/resource_index/packages
[6.706s] copying package.xml -> /home/agilex/krish_ws/install/nav_handler/share/nav_handler
[6.706s] running install_egg_info
[6.753s] removing '/home/agilex/krish_ws/install/nav_handler/lib/python3.8/site-packages/nav_handler-0.0.0-py3.8.egg-info' (and everything under it)
[6.754s] Copying ../../build/nav_handler/nav_handler.egg-info to /home/agilex/krish_ws/install/nav_handler/lib/python3.8/site-packages/nav_handler-0.0.0-py3.8.egg-info
[6.756s] running install_scripts
[6.867s] Installing nav_handler script to /home/agilex/krish_ws/install/nav_handler/lib/nav_handler
[6.867s] Installing pose_setter script to /home/agilex/krish_ws/install/nav_handler/lib/nav_handler
[6.868s] Installing test script to /home/agilex/krish_ws/install/nav_handler/lib/nav_handler
[6.869s] writing list of installed files to '/home/agilex/krish_ws/build/nav_handler/install.log'
[6.958s] Invoked command in '/home/agilex/krish_ws/src/nav_handler' returned '0': PYTHONPATH=/home/agilex/krish_ws/build/nav_handler/prefix_override:/home/agilex/krish_ws/install/nav_handler/lib/python3.8/site-packages:${PYTHONPATH} /usr/bin/python3 setup.py egg_info --egg-base ../../build/nav_handler build --build-base /home/agilex/krish_ws/build/nav_handler/build install --record /home/agilex/krish_ws/build/nav_handler/install.log --install-scripts $base/lib/nav_handler --single-version-externally-managed
