running egg_info
writing ../../../build/yolo_ros/yolo_ros.egg-info/PKG-INFO
writing dependency_links to ../../../build/yolo_ros/yolo_ros.egg-info/dependency_links.txt
writing entry points to ../../../build/yolo_ros/yolo_ros.egg-info/entry_points.txt
writing requirements to ../../../build/yolo_ros/yolo_ros.egg-info/requires.txt
writing top-level names to ../../../build/yolo_ros/yolo_ros.egg-info/top_level.txt
reading manifest file '../../../build/yolo_ros/yolo_ros.egg-info/SOURCES.txt'
writing manifest file '../../../build/yolo_ros/yolo_ros.egg-info/SOURCES.txt'
running build
running build_py
copying yolo_ros/yolo_node.py -> /home/agilex/krish_ws/build/yolo_ros/build/lib/yolo_ros
copying yolo_ros/__init__.py -> /home/agilex/krish_ws/build/yolo_ros/build/lib/yolo_ros
copying yolo_ros/debug_node.py -> /home/agilex/krish_ws/build/yolo_ros/build/lib/yolo_ros
copying yolo_ros/detect_3d_node.py -> /home/agilex/krish_ws/build/yolo_ros/build/lib/yolo_ros
copying yolo_ros/tracking_node.py -> /home/agilex/krish_ws/build/yolo_ros/build/lib/yolo_ros
running install
/home/agilex/.local/lib/python3.8/site-packages/setuptools/_distutils/cmd.py:66: SetuptoolsDeprecationWarning: setup.py install is deprecated.
!!

        ********************************************************************************
        Please avoid running ``setup.py`` directly.
        Instead, use pypa/build, pypa/installer or other
        standards-based tools.

        See https://blog.ganssle.io/articles/2021/10/setup-py-deprecated.html for details.
        ********************************************************************************

!!
  self.initialize_options()
running install_lib
copying /home/agilex/krish_ws/build/yolo_ros/build/lib/yolo_ros/yolo_node.py -> /home/agilex/krish_ws/install/yolo_ros/lib/python3.8/site-packages/yolo_ros
copying /home/agilex/krish_ws/build/yolo_ros/build/lib/yolo_ros/debug_node.py -> /home/agilex/krish_ws/install/yolo_ros/lib/python3.8/site-packages/yolo_ros
copying /home/agilex/krish_ws/build/yolo_ros/build/lib/yolo_ros/detect_3d_node.py -> /home/agilex/krish_ws/install/yolo_ros/lib/python3.8/site-packages/yolo_ros
copying /home/agilex/krish_ws/build/yolo_ros/build/lib/yolo_ros/tracking_node.py -> /home/agilex/krish_ws/install/yolo_ros/lib/python3.8/site-packages/yolo_ros
byte-compiling /home/agilex/krish_ws/install/yolo_ros/lib/python3.8/site-packages/yolo_ros/yolo_node.py to yolo_node.cpython-38.pyc
byte-compiling /home/agilex/krish_ws/install/yolo_ros/lib/python3.8/site-packages/yolo_ros/debug_node.py to debug_node.cpython-38.pyc
byte-compiling /home/agilex/krish_ws/install/yolo_ros/lib/python3.8/site-packages/yolo_ros/detect_3d_node.py to detect_3d_node.cpython-38.pyc
byte-compiling /home/agilex/krish_ws/install/yolo_ros/lib/python3.8/site-packages/yolo_ros/tracking_node.py to tracking_node.cpython-38.pyc
running install_data
copying resource/yolo_ros -> /home/agilex/krish_ws/install/yolo_ros/share/ament_index/resource_index/packages
copying package.xml -> /home/agilex/krish_ws/install/yolo_ros/share/yolo_ros
running install_egg_info
removing '/home/agilex/krish_ws/install/yolo_ros/lib/python3.8/site-packages/yolo_ros-0.0.0-py3.8.egg-info' (and everything under it)
Copying ../../../build/yolo_ros/yolo_ros.egg-info to /home/agilex/krish_ws/install/yolo_ros/lib/python3.8/site-packages/yolo_ros-0.0.0-py3.8.egg-info
running install_scripts
Installing debug_node script to /home/agilex/krish_ws/install/yolo_ros/lib/yolo_ros
Installing detect_3d_node script to /home/agilex/krish_ws/install/yolo_ros/lib/yolo_ros
Installing tracking_node script to /home/agilex/krish_ws/install/yolo_ros/lib/yolo_ros
Installing yolo_node script to /home/agilex/krish_ws/install/yolo_ros/lib/yolo_ros
writing list of installed files to '/home/agilex/krish_ws/build/yolo_ros/install.log'
