[8.232s] Invoking command in '/home/agilex/krish_ws/build/vision_msgs': CMAKE_PREFIX_PATH=${CMAKE_PREFIX_PATH}:/home/agilex/limo_ros2_ws/install/ultraarm:/home/agilex/limo_ros2_ws/install/nav2_gazebo_spawner:/home/agilex/limo_ros2_ws/install/mypalletizer_260_pi:/home/agilex/limo_ros2_ws/install/mypalletizer_260:/home/agilex/limo_ros2_ws/install/mypalletizer_communication:/home/agilex/limo_ros2_ws/install/mycobot_630:/home/agilex/limo_ros2_ws/install/mycobot_600:/home/agilex/limo_ros2_ws/install/mycobot_320pi:/home/agilex/limo_ros2_ws/install/mycobot_320:/home/agilex/limo_ros2_ws/install/mycobot_280pi:/home/agilex/limo_ros2_ws/install/mycobot_280jn:/home/agilex/limo_ros2_ws/install/mycobot_280_x3pi:/home/agilex/limo_ros2_ws/install/mycobot_280:/home/agilex/limo_ros2_ws/install/myarm_m750:/home/agilex/limo_ros2_ws/install/myarm_c650:/home/agilex/limo_ros2_ws/install/myarm_300:/home/agilex/limo_ros2_ws/install/mycobot_communication:/home/agilex/limo_ros2_ws/install/mecharm_pi:/home/agilex/limo_ros2_ws/install/mecharm:/home/agilex/limo_ros2_ws/install/mecharm_communication:/home/agilex/limo_ros2_ws/install/mybuddy:/home/agilex/limo_ros2_ws/install/mycobot_description:/home/agilex/krish_ws/install/system_launcher:/home/agilex/krish_ws/install/object_detector:/home/agilex/krish_ws/install/nav_handler:/home/agilex/krish_ws/install/nav2_gazebo_spawner:/home/agilex/krish_ws/install/mycobot_arm:/opt/ros/foxy /usr/bin/cmake --build /home/agilex/krish_ws/build/vision_msgs -- -j6 -l6
[14.447s] [  2%] Built target gtest_main
[14.448s] [  3%] Built target gtest
[14.448s] [  3%] Built target vision_msgs__cpp
[14.449s] [ 14%] Built target vision_msgs__rosidl_generator_c
[14.449s] [ 25%] Built target vision_msgs__rosidl_typesupport_cpp
[14.449s] [ 36%] Built target vision_msgs__rosidl_typesupport_introspection_cpp
[14.449s] [ 47%] Built target vision_msgs__rosidl_typesupport_fastrtps_cpp
[14.450s] [ 58%] Built target vision_msgs__rosidl_typesupport_introspection_c
[14.450s] [ 69%] Built target vision_msgs__rosidl_typesupport_c
[14.451s] [ 80%] Built target vision_msgs__rosidl_typesupport_fastrtps_c
[14.451s] [ 80%] Built target vision_msgs
[14.452s] [ 83%] Built target vision_msgs_test
[14.454s] [ 83%] Built target vision_msgs__py
[14.459s] [ 94%] Built target vision_msgs__python
[14.461s] [ 98%] Built target vision_msgs__rosidl_typesupport_c__pyext
[14.461s] [ 98%] Built target vision_msgs__rosidl_typesupport_fastrtps_c__pyext
[14.461s] [100%] Built target vision_msgs__rosidl_typesupport_introspection_c__pyext
[14.462s] Invoked command in '/home/agilex/krish_ws/build/vision_msgs' returned '0': CMAKE_PREFIX_PATH=${CMAKE_PREFIX_PATH}:/home/agilex/limo_ros2_ws/install/ultraarm:/home/agilex/limo_ros2_ws/install/nav2_gazebo_spawner:/home/agilex/limo_ros2_ws/install/mypalletizer_260_pi:/home/agilex/limo_ros2_ws/install/mypalletizer_260:/home/agilex/limo_ros2_ws/install/mypalletizer_communication:/home/agilex/limo_ros2_ws/install/mycobot_630:/home/agilex/limo_ros2_ws/install/mycobot_600:/home/agilex/limo_ros2_ws/install/mycobot_320pi:/home/agilex/limo_ros2_ws/install/mycobot_320:/home/agilex/limo_ros2_ws/install/mycobot_280pi:/home/agilex/limo_ros2_ws/install/mycobot_280jn:/home/agilex/limo_ros2_ws/install/mycobot_280_x3pi:/home/agilex/limo_ros2_ws/install/mycobot_280:/home/agilex/limo_ros2_ws/install/myarm_m750:/home/agilex/limo_ros2_ws/install/myarm_c650:/home/agilex/limo_ros2_ws/install/myarm_300:/home/agilex/limo_ros2_ws/install/mycobot_communication:/home/agilex/limo_ros2_ws/install/mecharm_pi:/home/agilex/limo_ros2_ws/install/mecharm:/home/agilex/limo_ros2_ws/install/mecharm_communication:/home/agilex/limo_ros2_ws/install/mybuddy:/home/agilex/limo_ros2_ws/install/mycobot_description:/home/agilex/krish_ws/install/system_launcher:/home/agilex/krish_ws/install/object_detector:/home/agilex/krish_ws/install/nav_handler:/home/agilex/krish_ws/install/nav2_gazebo_spawner:/home/agilex/krish_ws/install/mycobot_arm:/opt/ros/foxy /usr/bin/cmake --build /home/agilex/krish_ws/build/vision_msgs -- -j6 -l6
[16.604s] Invoking command in '/home/agilex/krish_ws/build/vision_msgs': CMAKE_PREFIX_PATH=${CMAKE_PREFIX_PATH}:/home/agilex/limo_ros2_ws/install/ultraarm:/home/agilex/limo_ros2_ws/install/nav2_gazebo_spawner:/home/agilex/limo_ros2_ws/install/mypalletizer_260_pi:/home/agilex/limo_ros2_ws/install/mypalletizer_260:/home/agilex/limo_ros2_ws/install/mypalletizer_communication:/home/agilex/limo_ros2_ws/install/mycobot_630:/home/agilex/limo_ros2_ws/install/mycobot_600:/home/agilex/limo_ros2_ws/install/mycobot_320pi:/home/agilex/limo_ros2_ws/install/mycobot_320:/home/agilex/limo_ros2_ws/install/mycobot_280pi:/home/agilex/limo_ros2_ws/install/mycobot_280jn:/home/agilex/limo_ros2_ws/install/mycobot_280_x3pi:/home/agilex/limo_ros2_ws/install/mycobot_280:/home/agilex/limo_ros2_ws/install/myarm_m750:/home/agilex/limo_ros2_ws/install/myarm_c650:/home/agilex/limo_ros2_ws/install/myarm_300:/home/agilex/limo_ros2_ws/install/mycobot_communication:/home/agilex/limo_ros2_ws/install/mecharm_pi:/home/agilex/limo_ros2_ws/install/mecharm:/home/agilex/limo_ros2_ws/install/mecharm_communication:/home/agilex/limo_ros2_ws/install/mybuddy:/home/agilex/limo_ros2_ws/install/mycobot_description:/home/agilex/krish_ws/install/system_launcher:/home/agilex/krish_ws/install/object_detector:/home/agilex/krish_ws/install/nav_handler:/home/agilex/krish_ws/install/nav2_gazebo_spawner:/home/agilex/krish_ws/install/mycobot_arm:/opt/ros/foxy /usr/bin/cmake --install /home/agilex/krish_ws/build/vision_msgs
[16.642s] -- Install configuration: ""
[16.643s] -- Execute custom install script
[16.645s] -- Up-to-date symlink: /home/agilex/krish_ws/install/vision_msgs/share/ament_index/resource_index/rosidl_interfaces/vision_msgs
[16.647s] -- Up-to-date symlink: /home/agilex/krish_ws/install/vision_msgs/include/vision_msgs/msg/bounding_box2_d.h
[16.648s] -- Up-to-date symlink: /home/agilex/krish_ws/install/vision_msgs/include/vision_msgs/msg/bounding_box2_d_array.h
[16.648s] -- Up-to-date symlink: /home/agilex/krish_ws/install/vision_msgs/include/vision_msgs/msg/bounding_box3_d.h
[16.649s] -- Up-to-date symlink: /home/agilex/krish_ws/install/vision_msgs/include/vision_msgs/msg/bounding_box3_d_array.h
[16.650s] -- Up-to-date symlink: /home/agilex/krish_ws/install/vision_msgs/include/vision_msgs/msg/classification2_d.h
[16.651s] -- Up-to-date symlink: /home/agilex/krish_ws/install/vision_msgs/include/vision_msgs/msg/classification3_d.h
[16.652s] -- Up-to-date symlink: /home/agilex/krish_ws/install/vision_msgs/include/vision_msgs/msg/detail/bounding_box2_d__functions.h
[16.653s] -- Up-to-date symlink: /home/agilex/krish_ws/install/vision_msgs/include/vision_msgs/msg/detail/bounding_box2_d__struct.h
[16.653s] -- Up-to-date symlink: /home/agilex/krish_ws/install/vision_msgs/include/vision_msgs/msg/detail/bounding_box2_d__type_support.h
[16.653s] -- Up-to-date symlink: /home/agilex/krish_ws/install/vision_msgs/include/vision_msgs/msg/detail/bounding_box2_d_array__functions.h
[16.653s] -- Up-to-date symlink: /home/agilex/krish_ws/install/vision_msgs/include/vision_msgs/msg/detail/bounding_box2_d_array__struct.h
[16.653s] -- Up-to-date symlink: /home/agilex/krish_ws/install/vision_msgs/include/vision_msgs/msg/detail/bounding_box2_d_array__type_support.h
[16.655s] -- Up-to-date symlink: /home/agilex/krish_ws/install/vision_msgs/include/vision_msgs/msg/detail/bounding_box3_d__functions.h
[16.656s] -- Up-to-date symlink: /home/agilex/krish_ws/install/vision_msgs/include/vision_msgs/msg/detail/bounding_box3_d__struct.h
[16.656s] -- Up-to-date symlink: /home/agilex/krish_ws/install/vision_msgs/include/vision_msgs/msg/detail/bounding_box3_d__type_support.h
[16.670s] -- Up-to-date symlink: /home/agilex/krish_ws/install/vision_msgs/include/vision_msgs/msg/detail/bounding_box3_d_array__functions.h
[16.671s] -- Up-to-date symlink: /home/agilex/krish_ws/install/vision_msgs/include/vision_msgs/msg/detail/bounding_box3_d_array__struct.h
[16.676s] -- Up-to-date symlink: /home/agilex/krish_ws/install/vision_msgs/include/vision_msgs/msg/detail/bounding_box3_d_array__type_support.h
[16.676s] -- Up-to-date symlink: /home/agilex/krish_ws/install/vision_msgs/include/vision_msgs/msg/detail/classification2_d__functions.h
[16.684s] -- Up-to-date symlink: /home/agilex/krish_ws/install/vision_msgs/include/vision_msgs/msg/detail/classification2_d__struct.h
[16.686s] -- Up-to-date symlink: /home/agilex/krish_ws/install/vision_msgs/include/vision_msgs/msg/detail/classification2_d__type_support.h
[16.686s] -- Up-to-date symlink: /home/agilex/krish_ws/install/vision_msgs/include/vision_msgs/msg/detail/classification3_d__functions.h
[16.689s] -- Up-to-date symlink: /home/agilex/krish_ws/install/vision_msgs/include/vision_msgs/msg/detail/classification3_d__struct.h
[16.689s] -- Up-to-date symlink: /home/agilex/krish_ws/install/vision_msgs/include/vision_msgs/msg/detail/classification3_d__type_support.h
[16.689s] -- Up-to-date symlink: /home/agilex/krish_ws/install/vision_msgs/include/vision_msgs/msg/detail/detection2_d__functions.h
[16.689s] -- Up-to-date symlink: /home/agilex/krish_ws/install/vision_msgs/include/vision_msgs/msg/detail/detection2_d__struct.h
[16.690s] -- Up-to-date symlink: /home/agilex/krish_ws/install/vision_msgs/include/vision_msgs/msg/detail/detection2_d__type_support.h
[16.690s] -- Up-to-date symlink: /home/agilex/krish_ws/install/vision_msgs/include/vision_msgs/msg/detail/detection2_d_array__functions.h
[16.690s] -- Up-to-date symlink: /home/agilex/krish_ws/install/vision_msgs/include/vision_msgs/msg/detail/detection2_d_array__struct.h
[16.690s] -- Up-to-date symlink: /home/agilex/krish_ws/install/vision_msgs/include/vision_msgs/msg/detail/detection2_d_array__type_support.h
[16.690s] -- Up-to-date symlink: /home/agilex/krish_ws/install/vision_msgs/include/vision_msgs/msg/detail/detection3_d__functions.h
[16.690s] -- Up-to-date symlink: /home/agilex/krish_ws/install/vision_msgs/include/vision_msgs/msg/detail/detection3_d__struct.h
[16.690s] -- Up-to-date symlink: /home/agilex/krish_ws/install/vision_msgs/include/vision_msgs/msg/detail/detection3_d__type_support.h
[16.691s] -- Up-to-date symlink: /home/agilex/krish_ws/install/vision_msgs/include/vision_msgs/msg/detail/detection3_d_array__functions.h
[16.691s] -- Up-to-date symlink: /home/agilex/krish_ws/install/vision_msgs/include/vision_msgs/msg/detail/detection3_d_array__struct.h
[16.691s] -- Up-to-date symlink: /home/agilex/krish_ws/install/vision_msgs/include/vision_msgs/msg/detail/detection3_d_array__type_support.h
[16.691s] -- Up-to-date symlink: /home/agilex/krish_ws/install/vision_msgs/include/vision_msgs/msg/detail/object_hypothesis__functions.h
[16.691s] -- Up-to-date symlink: /home/agilex/krish_ws/install/vision_msgs/include/vision_msgs/msg/detail/object_hypothesis__struct.h
[16.691s] -- Up-to-date symlink: /home/agilex/krish_ws/install/vision_msgs/include/vision_msgs/msg/detail/object_hypothesis__type_support.h
[16.691s] -- Up-to-date symlink: /home/agilex/krish_ws/install/vision_msgs/include/vision_msgs/msg/detail/object_hypothesis_with_pose__functions.h
[16.691s] -- Up-to-date symlink: /home/agilex/krish_ws/install/vision_msgs/include/vision_msgs/msg/detail/object_hypothesis_with_pose__struct.h
[16.692s] -- Up-to-date symlink: /home/agilex/krish_ws/install/vision_msgs/include/vision_msgs/msg/detail/object_hypothesis_with_pose__type_support.h
[16.692s] -- Up-to-date symlink: /home/agilex/krish_ws/install/vision_msgs/include/vision_msgs/msg/detail/vision_info__functions.h
[16.692s] -- Up-to-date symlink: /home/agilex/krish_ws/install/vision_msgs/include/vision_msgs/msg/detail/vision_info__struct.h
[16.692s] -- Up-to-date symlink: /home/agilex/krish_ws/install/vision_msgs/include/vision_msgs/msg/detail/vision_info__type_support.h
[16.692s] -- Up-to-date symlink: /home/agilex/krish_ws/install/vision_msgs/include/vision_msgs/msg/detection2_d.h
[16.692s] -- Up-to-date symlink: /home/agilex/krish_ws/install/vision_msgs/include/vision_msgs/msg/detection2_d_array.h
[16.692s] -- Up-to-date symlink: /home/agilex/krish_ws/install/vision_msgs/include/vision_msgs/msg/detection3_d.h
[16.693s] -- Up-to-date symlink: /home/agilex/krish_ws/install/vision_msgs/include/vision_msgs/msg/detection3_d_array.h
[16.693s] -- Up-to-date symlink: /home/agilex/krish_ws/install/vision_msgs/include/vision_msgs/msg/object_hypothesis.h
[16.693s] -- Up-to-date symlink: /home/agilex/krish_ws/install/vision_msgs/include/vision_msgs/msg/object_hypothesis_with_pose.h
[16.693s] -- Up-to-date symlink: /home/agilex/krish_ws/install/vision_msgs/include/vision_msgs/msg/rosidl_generator_c__visibility_control.h
[16.693s] -- Up-to-date symlink: /home/agilex/krish_ws/install/vision_msgs/include/vision_msgs/msg/vision_info.h
[16.693s] -- Up-to-date symlink: /home/agilex/krish_ws/install/vision_msgs/share/vision_msgs/environment/library_path.sh
[16.693s] -- Up-to-date symlink: /home/agilex/krish_ws/install/vision_msgs/share/vision_msgs/environment/library_path.dsv
[16.693s] -- Up-to-date symlink: /home/agilex/krish_ws/install/vision_msgs/include/vision_msgs/msg/detail/bounding_box2_d__rosidl_typesupport_fastrtps_c.h
[16.697s] -- Up-to-date symlink: /home/agilex/krish_ws/install/vision_msgs/include/vision_msgs/msg/detail/bounding_box2_d_array__rosidl_typesupport_fastrtps_c.h
[16.697s] -- Up-to-date symlink: /home/agilex/krish_ws/install/vision_msgs/include/vision_msgs/msg/detail/bounding_box3_d__rosidl_typesupport_fastrtps_c.h
[16.697s] -- Up-to-date symlink: /home/agilex/krish_ws/install/vision_msgs/include/vision_msgs/msg/detail/bounding_box3_d_array__rosidl_typesupport_fastrtps_c.h
[16.697s] -- Up-to-date symlink: /home/agilex/krish_ws/install/vision_msgs/include/vision_msgs/msg/detail/classification2_d__rosidl_typesupport_fastrtps_c.h
[16.698s] -- Up-to-date symlink: /home/agilex/krish_ws/install/vision_msgs/include/vision_msgs/msg/detail/classification3_d__rosidl_typesupport_fastrtps_c.h
[16.698s] -- Up-to-date symlink: /home/agilex/krish_ws/install/vision_msgs/include/vision_msgs/msg/detail/detection2_d__rosidl_typesupport_fastrtps_c.h
[16.698s] -- Up-to-date symlink: /home/agilex/krish_ws/install/vision_msgs/include/vision_msgs/msg/detail/detection2_d_array__rosidl_typesupport_fastrtps_c.h
[16.698s] -- Up-to-date symlink: /home/agilex/krish_ws/install/vision_msgs/include/vision_msgs/msg/detail/detection3_d__rosidl_typesupport_fastrtps_c.h
[16.698s] -- Up-to-date symlink: /home/agilex/krish_ws/install/vision_msgs/include/vision_msgs/msg/detail/detection3_d_array__rosidl_typesupport_fastrtps_c.h
[16.699s] -- Up-to-date symlink: /home/agilex/krish_ws/install/vision_msgs/include/vision_msgs/msg/detail/object_hypothesis__rosidl_typesupport_fastrtps_c.h
[16.700s] -- Up-to-date symlink: /home/agilex/krish_ws/install/vision_msgs/include/vision_msgs/msg/detail/object_hypothesis_with_pose__rosidl_typesupport_fastrtps_c.h
[16.702s] -- Up-to-date symlink: /home/agilex/krish_ws/install/vision_msgs/include/vision_msgs/msg/detail/vision_info__rosidl_typesupport_fastrtps_c.h
[16.703s] -- Up-to-date symlink: /home/agilex/krish_ws/install/vision_msgs/include/vision_msgs/msg/rosidl_typesupport_fastrtps_c__visibility_control.h
[16.703s] -- Up-to-date symlink: /home/agilex/krish_ws/install/vision_msgs/lib/libvision_msgs__rosidl_typesupport_fastrtps_c.so
[16.716s] -- Up-to-date symlink: /home/agilex/krish_ws/install/vision_msgs/include/vision_msgs/msg/detail/bounding_box2_d__rosidl_typesupport_fastrtps_cpp.hpp
[16.717s] -- Up-to-date symlink: /home/agilex/krish_ws/install/vision_msgs/include/vision_msgs/msg/detail/bounding_box2_d_array__rosidl_typesupport_fastrtps_cpp.hpp
[16.717s] -- Up-to-date symlink: /home/agilex/krish_ws/install/vision_msgs/include/vision_msgs/msg/detail/bounding_box3_d__rosidl_typesupport_fastrtps_cpp.hpp
[16.718s] -- Up-to-date symlink: /home/agilex/krish_ws/install/vision_msgs/include/vision_msgs/msg/detail/bounding_box3_d_array__rosidl_typesupport_fastrtps_cpp.hpp
[16.718s] -- Up-to-date symlink: /home/agilex/krish_ws/install/vision_msgs/include/vision_msgs/msg/detail/classification2_d__rosidl_typesupport_fastrtps_cpp.hpp
[16.719s] -- Up-to-date symlink: /home/agilex/krish_ws/install/vision_msgs/include/vision_msgs/msg/detail/classification3_d__rosidl_typesupport_fastrtps_cpp.hpp
[16.719s] -- Up-to-date symlink: /home/agilex/krish_ws/install/vision_msgs/include/vision_msgs/msg/detail/detection2_d__rosidl_typesupport_fastrtps_cpp.hpp
[16.719s] -- Up-to-date symlink: /home/agilex/krish_ws/install/vision_msgs/include/vision_msgs/msg/detail/detection2_d_array__rosidl_typesupport_fastrtps_cpp.hpp
[16.720s] -- Up-to-date symlink: /home/agilex/krish_ws/install/vision_msgs/include/vision_msgs/msg/detail/detection3_d__rosidl_typesupport_fastrtps_cpp.hpp
[16.720s] -- Up-to-date symlink: /home/agilex/krish_ws/install/vision_msgs/include/vision_msgs/msg/detail/detection3_d_array__rosidl_typesupport_fastrtps_cpp.hpp
[16.721s] -- Up-to-date symlink: /home/agilex/krish_ws/install/vision_msgs/include/vision_msgs/msg/detail/object_hypothesis__rosidl_typesupport_fastrtps_cpp.hpp
[16.721s] -- Up-to-date symlink: /home/agilex/krish_ws/install/vision_msgs/include/vision_msgs/msg/detail/object_hypothesis_with_pose__rosidl_typesupport_fastrtps_cpp.hpp
[16.721s] -- Up-to-date symlink: /home/agilex/krish_ws/install/vision_msgs/include/vision_msgs/msg/detail/vision_info__rosidl_typesupport_fastrtps_cpp.hpp
[16.722s] -- Up-to-date symlink: /home/agilex/krish_ws/install/vision_msgs/include/vision_msgs/msg/rosidl_typesupport_fastrtps_cpp__visibility_control.h
[16.723s] -- Up-to-date symlink: /home/agilex/krish_ws/install/vision_msgs/lib/libvision_msgs__rosidl_typesupport_fastrtps_cpp.so
[16.724s] -- Up-to-date symlink: /home/agilex/krish_ws/install/vision_msgs/include/vision_msgs/msg/detail/bounding_box2_d__rosidl_typesupport_introspection_c.h
[16.725s] -- Up-to-date symlink: /home/agilex/krish_ws/install/vision_msgs/include/vision_msgs/msg/detail/bounding_box2_d_array__rosidl_typesupport_introspection_c.h
[16.725s] -- Up-to-date symlink: /home/agilex/krish_ws/install/vision_msgs/include/vision_msgs/msg/detail/bounding_box3_d__rosidl_typesupport_introspection_c.h
[16.725s] -- Up-to-date symlink: /home/agilex/krish_ws/install/vision_msgs/include/vision_msgs/msg/detail/bounding_box3_d_array__rosidl_typesupport_introspection_c.h
[16.726s] -- Up-to-date symlink: /home/agilex/krish_ws/install/vision_msgs/include/vision_msgs/msg/detail/classification2_d__rosidl_typesupport_introspection_c.h
[16.726s] -- Up-to-date symlink: /home/agilex/krish_ws/install/vision_msgs/include/vision_msgs/msg/detail/classification3_d__rosidl_typesupport_introspection_c.h
[16.728s] -- Up-to-date symlink: /home/agilex/krish_ws/install/vision_msgs/include/vision_msgs/msg/detail/detection2_d__rosidl_typesupport_introspection_c.h
[16.728s] -- Up-to-date symlink: /home/agilex/krish_ws/install/vision_msgs/include/vision_msgs/msg/detail/detection2_d_array__rosidl_typesupport_introspection_c.h
[16.728s] -- Up-to-date symlink: /home/agilex/krish_ws/install/vision_msgs/include/vision_msgs/msg/detail/detection3_d__rosidl_typesupport_introspection_c.h
[16.728s] -- Up-to-date symlink: /home/agilex/krish_ws/install/vision_msgs/include/vision_msgs/msg/detail/detection3_d_array__rosidl_typesupport_introspection_c.h
[16.729s] -- Up-to-date symlink: /home/agilex/krish_ws/install/vision_msgs/include/vision_msgs/msg/detail/object_hypothesis__rosidl_typesupport_introspection_c.h
[16.729s] -- Up-to-date symlink: /home/agilex/krish_ws/install/vision_msgs/include/vision_msgs/msg/detail/object_hypothesis_with_pose__rosidl_typesupport_introspection_c.h
[16.730s] -- Up-to-date symlink: /home/agilex/krish_ws/install/vision_msgs/include/vision_msgs/msg/detail/vision_info__rosidl_typesupport_introspection_c.h
[16.730s] -- Up-to-date symlink: /home/agilex/krish_ws/install/vision_msgs/include/vision_msgs/msg/rosidl_typesupport_introspection_c__visibility_control.h
[16.732s] -- Up-to-date symlink: /home/agilex/krish_ws/install/vision_msgs/include/vision_msgs/msg/bounding_box2_d.hpp
[16.733s] -- Up-to-date symlink: /home/agilex/krish_ws/install/vision_msgs/include/vision_msgs/msg/bounding_box2_d_array.hpp
[16.733s] -- Up-to-date symlink: /home/agilex/krish_ws/install/vision_msgs/include/vision_msgs/msg/bounding_box3_d.hpp
[16.733s] -- Up-to-date symlink: /home/agilex/krish_ws/install/vision_msgs/include/vision_msgs/msg/bounding_box3_d_array.hpp
[16.734s] -- Up-to-date symlink: /home/agilex/krish_ws/install/vision_msgs/include/vision_msgs/msg/classification2_d.hpp
[16.734s] -- Up-to-date symlink: /home/agilex/krish_ws/install/vision_msgs/include/vision_msgs/msg/classification3_d.hpp
[16.734s] -- Up-to-date symlink: /home/agilex/krish_ws/install/vision_msgs/include/vision_msgs/msg/detail/bounding_box2_d__builder.hpp
[16.735s] -- Up-to-date symlink: /home/agilex/krish_ws/install/vision_msgs/include/vision_msgs/msg/detail/bounding_box2_d__struct.hpp
[16.735s] -- Up-to-date symlink: /home/agilex/krish_ws/install/vision_msgs/include/vision_msgs/msg/detail/bounding_box2_d__traits.hpp
[16.736s] -- Up-to-date symlink: /home/agilex/krish_ws/install/vision_msgs/include/vision_msgs/msg/detail/bounding_box2_d__type_support.hpp
[16.736s] -- Up-to-date symlink: /home/agilex/krish_ws/install/vision_msgs/include/vision_msgs/msg/detail/bounding_box2_d_array__builder.hpp
[16.737s] -- Up-to-date symlink: /home/agilex/krish_ws/install/vision_msgs/include/vision_msgs/msg/detail/bounding_box2_d_array__struct.hpp
[16.737s] -- Up-to-date symlink: /home/agilex/krish_ws/install/vision_msgs/include/vision_msgs/msg/detail/bounding_box2_d_array__traits.hpp
[16.737s] -- Up-to-date symlink: /home/agilex/krish_ws/install/vision_msgs/include/vision_msgs/msg/detail/bounding_box2_d_array__type_support.hpp
[16.738s] -- Up-to-date symlink: /home/agilex/krish_ws/install/vision_msgs/include/vision_msgs/msg/detail/bounding_box3_d__builder.hpp
[16.738s] -- Up-to-date symlink: /home/agilex/krish_ws/install/vision_msgs/include/vision_msgs/msg/detail/bounding_box3_d__struct.hpp
[16.738s] -- Up-to-date symlink: /home/agilex/krish_ws/install/vision_msgs/include/vision_msgs/msg/detail/bounding_box3_d__traits.hpp
[16.739s] -- Up-to-date symlink: /home/agilex/krish_ws/install/vision_msgs/include/vision_msgs/msg/detail/bounding_box3_d__type_support.hpp
[16.739s] -- Up-to-date symlink: /home/agilex/krish_ws/install/vision_msgs/include/vision_msgs/msg/detail/bounding_box3_d_array__builder.hpp
[16.740s] -- Up-to-date symlink: /home/agilex/krish_ws/install/vision_msgs/include/vision_msgs/msg/detail/bounding_box3_d_array__struct.hpp
[16.745s] -- Up-to-date symlink: /home/agilex/krish_ws/install/vision_msgs/include/vision_msgs/msg/detail/bounding_box3_d_array__traits.hpp
[16.745s] -- Up-to-date symlink: /home/agilex/krish_ws/install/vision_msgs/include/vision_msgs/msg/detail/bounding_box3_d_array__type_support.hpp
[16.745s] -- Up-to-date symlink: /home/agilex/krish_ws/install/vision_msgs/include/vision_msgs/msg/detail/classification2_d__builder.hpp
[16.745s] -- Up-to-date symlink: /home/agilex/krish_ws/install/vision_msgs/include/vision_msgs/msg/detail/classification2_d__struct.hpp
[16.746s] -- Up-to-date symlink: /home/agilex/krish_ws/install/vision_msgs/include/vision_msgs/msg/detail/classification2_d__traits.hpp
[16.746s] -- Up-to-date symlink: /home/agilex/krish_ws/install/vision_msgs/include/vision_msgs/msg/detail/classification2_d__type_support.hpp
[16.746s] -- Up-to-date symlink: /home/agilex/krish_ws/install/vision_msgs/include/vision_msgs/msg/detail/classification3_d__builder.hpp
[16.746s] -- Up-to-date symlink: /home/agilex/krish_ws/install/vision_msgs/include/vision_msgs/msg/detail/classification3_d__struct.hpp
[16.746s] -- Up-to-date symlink: /home/agilex/krish_ws/install/vision_msgs/include/vision_msgs/msg/detail/classification3_d__traits.hpp
[16.747s] -- Up-to-date symlink: /home/agilex/krish_ws/install/vision_msgs/include/vision_msgs/msg/detail/classification3_d__type_support.hpp
[16.747s] -- Up-to-date symlink: /home/agilex/krish_ws/install/vision_msgs/include/vision_msgs/msg/detail/detection2_d__builder.hpp
[16.747s] -- Up-to-date symlink: /home/agilex/krish_ws/install/vision_msgs/include/vision_msgs/msg/detail/detection2_d__struct.hpp
[16.747s] -- Up-to-date symlink: /home/agilex/krish_ws/install/vision_msgs/include/vision_msgs/msg/detail/detection2_d__traits.hpp
[16.747s] -- Up-to-date symlink: /home/agilex/krish_ws/install/vision_msgs/include/vision_msgs/msg/detail/detection2_d__type_support.hpp
[16.748s] -- Up-to-date symlink: /home/agilex/krish_ws/install/vision_msgs/include/vision_msgs/msg/detail/detection2_d_array__builder.hpp
[16.748s] -- Up-to-date symlink: /home/agilex/krish_ws/install/vision_msgs/include/vision_msgs/msg/detail/detection2_d_array__struct.hpp
[16.748s] -- Up-to-date symlink: /home/agilex/krish_ws/install/vision_msgs/include/vision_msgs/msg/detail/detection2_d_array__traits.hpp
[16.748s] -- Up-to-date symlink: /home/agilex/krish_ws/install/vision_msgs/include/vision_msgs/msg/detail/detection2_d_array__type_support.hpp
[16.748s] -- Up-to-date symlink: /home/agilex/krish_ws/install/vision_msgs/include/vision_msgs/msg/detail/detection3_d__builder.hpp
[16.755s] -- Up-to-date symlink: /home/agilex/krish_ws/install/vision_msgs/include/vision_msgs/msg/detail/detection3_d__struct.hpp
[16.757s] -- Up-to-date symlink: /home/agilex/krish_ws/install/vision_msgs/include/vision_msgs/msg/detail/detection3_d__traits.hpp
[16.758s] -- Up-to-date symlink: /home/agilex/krish_ws/install/vision_msgs/include/vision_msgs/msg/detail/detection3_d__type_support.hpp
[16.758s] -- Up-to-date symlink: /home/agilex/krish_ws/install/vision_msgs/include/vision_msgs/msg/detail/detection3_d_array__builder.hpp
[16.758s] -- Up-to-date symlink: /home/agilex/krish_ws/install/vision_msgs/include/vision_msgs/msg/detail/detection3_d_array__struct.hpp
[16.758s] -- Up-to-date symlink: /home/agilex/krish_ws/install/vision_msgs/include/vision_msgs/msg/detail/detection3_d_array__traits.hpp
[16.758s] -- Up-to-date symlink: /home/agilex/krish_ws/install/vision_msgs/include/vision_msgs/msg/detail/detection3_d_array__type_support.hpp
[16.758s] -- Up-to-date symlink: /home/agilex/krish_ws/install/vision_msgs/include/vision_msgs/msg/detail/object_hypothesis__builder.hpp
[16.759s] -- Up-to-date symlink: /home/agilex/krish_ws/install/vision_msgs/include/vision_msgs/msg/detail/object_hypothesis__struct.hpp
[16.759s] -- Up-to-date symlink: /home/agilex/krish_ws/install/vision_msgs/include/vision_msgs/msg/detail/object_hypothesis__traits.hpp
[16.759s] -- Up-to-date symlink: /home/agilex/krish_ws/install/vision_msgs/include/vision_msgs/msg/detail/object_hypothesis__type_support.hpp
[16.759s] -- Up-to-date symlink: /home/agilex/krish_ws/install/vision_msgs/include/vision_msgs/msg/detail/object_hypothesis_with_pose__builder.hpp
[16.760s] -- Up-to-date symlink: /home/agilex/krish_ws/install/vision_msgs/include/vision_msgs/msg/detail/object_hypothesis_with_pose__struct.hpp
[16.760s] -- Up-to-date symlink: /home/agilex/krish_ws/install/vision_msgs/include/vision_msgs/msg/detail/object_hypothesis_with_pose__traits.hpp
[16.760s] -- Up-to-date symlink: /home/agilex/krish_ws/install/vision_msgs/include/vision_msgs/msg/detail/object_hypothesis_with_pose__type_support.hpp
[16.760s] -- Up-to-date symlink: /home/agilex/krish_ws/install/vision_msgs/include/vision_msgs/msg/detail/vision_info__builder.hpp
[16.765s] -- Up-to-date symlink: /home/agilex/krish_ws/install/vision_msgs/include/vision_msgs/msg/detail/vision_info__struct.hpp
[16.766s] -- Up-to-date symlink: /home/agilex/krish_ws/install/vision_msgs/include/vision_msgs/msg/detail/vision_info__traits.hpp
[16.766s] -- Up-to-date symlink: /home/agilex/krish_ws/install/vision_msgs/include/vision_msgs/msg/detail/vision_info__type_support.hpp
[16.766s] -- Up-to-date symlink: /home/agilex/krish_ws/install/vision_msgs/include/vision_msgs/msg/detection2_d.hpp
[16.766s] -- Up-to-date symlink: /home/agilex/krish_ws/install/vision_msgs/include/vision_msgs/msg/detection2_d_array.hpp
[16.767s] -- Up-to-date symlink: /home/agilex/krish_ws/install/vision_msgs/include/vision_msgs/msg/detection3_d.hpp
[16.786s] -- Up-to-date symlink: /home/agilex/krish_ws/install/vision_msgs/include/vision_msgs/msg/detection3_d_array.hpp
[16.787s] -- Up-to-date symlink: /home/agilex/krish_ws/install/vision_msgs/include/vision_msgs/msg/object_hypothesis.hpp
[16.787s] -- Up-to-date symlink: /home/agilex/krish_ws/install/vision_msgs/include/vision_msgs/msg/object_hypothesis_with_pose.hpp
[16.789s] -- Up-to-date symlink: /home/agilex/krish_ws/install/vision_msgs/include/vision_msgs/msg/rosidl_generator_cpp__visibility_control.hpp
[16.789s] -- Up-to-date symlink: /home/agilex/krish_ws/install/vision_msgs/include/vision_msgs/msg/vision_info.hpp
[16.789s] -- Up-to-date symlink: /home/agilex/krish_ws/install/vision_msgs/include/vision_msgs/msg/detail/bounding_box2_d__rosidl_typesupport_introspection_cpp.hpp
[16.790s] -- Up-to-date symlink: /home/agilex/krish_ws/install/vision_msgs/include/vision_msgs/msg/detail/bounding_box2_d_array__rosidl_typesupport_introspection_cpp.hpp
[16.790s] -- Up-to-date symlink: /home/agilex/krish_ws/install/vision_msgs/include/vision_msgs/msg/detail/bounding_box3_d__rosidl_typesupport_introspection_cpp.hpp
[16.790s] -- Up-to-date symlink: /home/agilex/krish_ws/install/vision_msgs/include/vision_msgs/msg/detail/bounding_box3_d_array__rosidl_typesupport_introspection_cpp.hpp
[16.790s] -- Up-to-date symlink: /home/agilex/krish_ws/install/vision_msgs/include/vision_msgs/msg/detail/classification2_d__rosidl_typesupport_introspection_cpp.hpp
[16.790s] -- Up-to-date symlink: /home/agilex/krish_ws/install/vision_msgs/include/vision_msgs/msg/detail/classification3_d__rosidl_typesupport_introspection_cpp.hpp
[16.791s] -- Up-to-date symlink: /home/agilex/krish_ws/install/vision_msgs/include/vision_msgs/msg/detail/detection2_d__rosidl_typesupport_introspection_cpp.hpp
[16.791s] -- Up-to-date symlink: /home/agilex/krish_ws/install/vision_msgs/include/vision_msgs/msg/detail/detection2_d_array__rosidl_typesupport_introspection_cpp.hpp
[16.791s] -- Up-to-date symlink: /home/agilex/krish_ws/install/vision_msgs/include/vision_msgs/msg/detail/detection3_d__rosidl_typesupport_introspection_cpp.hpp
[16.791s] -- Up-to-date symlink: /home/agilex/krish_ws/install/vision_msgs/include/vision_msgs/msg/detail/detection3_d_array__rosidl_typesupport_introspection_cpp.hpp
[16.791s] -- Up-to-date symlink: /home/agilex/krish_ws/install/vision_msgs/include/vision_msgs/msg/detail/object_hypothesis__rosidl_typesupport_introspection_cpp.hpp
[16.791s] -- Up-to-date symlink: /home/agilex/krish_ws/install/vision_msgs/include/vision_msgs/msg/detail/object_hypothesis_with_pose__rosidl_typesupport_introspection_cpp.hpp
[16.792s] -- Up-to-date symlink: /home/agilex/krish_ws/install/vision_msgs/include/vision_msgs/msg/detail/vision_info__rosidl_typesupport_introspection_cpp.hpp
[16.792s] -- Up-to-date symlink: /home/agilex/krish_ws/install/vision_msgs/share/vision_msgs/environment/pythonpath.sh
[16.792s] -- Up-to-date symlink: /home/agilex/krish_ws/install/vision_msgs/share/vision_msgs/environment/pythonpath.dsv
[16.792s] -- Up-to-date symlink: /home/agilex/krish_ws/install/vision_msgs/lib/python3.8/site-packages/vision_msgs/__init__.py
[16.793s] -- Up-to-date symlink: /home/agilex/krish_ws/install/vision_msgs/lib/python3.8/site-packages/vision_msgs/msg/__init__.py
[16.793s] -- Up-to-date symlink: /home/agilex/krish_ws/install/vision_msgs/lib/python3.8/site-packages/vision_msgs/msg/_bounding_box2_d.py
[16.793s] -- Up-to-date symlink: /home/agilex/krish_ws/install/vision_msgs/lib/python3.8/site-packages/vision_msgs/msg/_bounding_box2_d_array.py
[16.793s] -- Up-to-date symlink: /home/agilex/krish_ws/install/vision_msgs/lib/python3.8/site-packages/vision_msgs/msg/_bounding_box3_d.py
[16.793s] -- Up-to-date symlink: /home/agilex/krish_ws/install/vision_msgs/lib/python3.8/site-packages/vision_msgs/msg/_bounding_box3_d_array.py
[16.795s] -- Up-to-date symlink: /home/agilex/krish_ws/install/vision_msgs/lib/python3.8/site-packages/vision_msgs/msg/_classification2_d.py
[16.796s] -- Up-to-date symlink: /home/agilex/krish_ws/install/vision_msgs/lib/python3.8/site-packages/vision_msgs/msg/_classification3_d.py
[16.796s] -- Up-to-date symlink: /home/agilex/krish_ws/install/vision_msgs/lib/python3.8/site-packages/vision_msgs/msg/_detection2_d.py
[16.796s] -- Up-to-date symlink: /home/agilex/krish_ws/install/vision_msgs/lib/python3.8/site-packages/vision_msgs/msg/_detection2_d_array.py
[16.796s] -- Up-to-date symlink: /home/agilex/krish_ws/install/vision_msgs/lib/python3.8/site-packages/vision_msgs/msg/_detection3_d.py
[16.796s] -- Up-to-date symlink: /home/agilex/krish_ws/install/vision_msgs/lib/python3.8/site-packages/vision_msgs/msg/_detection3_d_array.py
[16.797s] -- Up-to-date symlink: /home/agilex/krish_ws/install/vision_msgs/lib/python3.8/site-packages/vision_msgs/msg/_object_hypothesis.py
[16.797s] -- Up-to-date symlink: /home/agilex/krish_ws/install/vision_msgs/lib/python3.8/site-packages/vision_msgs/msg/_object_hypothesis_with_pose.py
[16.797s] -- Up-to-date symlink: /home/agilex/krish_ws/install/vision_msgs/lib/python3.8/site-packages/vision_msgs/msg/_vision_info.py
[16.797s] -- Up-to-date symlink: /home/agilex/krish_ws/install/vision_msgs/lib/python3.8/site-packages/vision_msgs/vision_msgs_s__rosidl_typesupport_fastrtps_c.cpython-38-aarch64-linux-gnu.so
[16.797s] -- Up-to-date symlink: /home/agilex/krish_ws/install/vision_msgs/lib/python3.8/site-packages/vision_msgs/vision_msgs_s__rosidl_typesupport_introspection_c.cpython-38-aarch64-linux-gnu.so
[16.798s] -- Up-to-date symlink: /home/agilex/krish_ws/install/vision_msgs/lib/python3.8/site-packages/vision_msgs/vision_msgs_s__rosidl_typesupport_c.cpython-38-aarch64-linux-gnu.so
[16.798s] -- Up-to-date symlink: /home/agilex/krish_ws/install/vision_msgs/lib/libvision_msgs__python.so
[16.798s] -- Up-to-date symlink: /home/agilex/krish_ws/install/vision_msgs/share/vision_msgs/msg/BoundingBox2D.idl
[16.798s] -- Up-to-date symlink: /home/agilex/krish_ws/install/vision_msgs/share/vision_msgs/msg/BoundingBox2DArray.idl
[16.798s] -- Up-to-date symlink: /home/agilex/krish_ws/install/vision_msgs/share/vision_msgs/msg/BoundingBox3D.idl
[16.798s] -- Up-to-date symlink: /home/agilex/krish_ws/install/vision_msgs/share/vision_msgs/msg/BoundingBox3DArray.idl
[16.799s] -- Up-to-date symlink: /home/agilex/krish_ws/install/vision_msgs/share/vision_msgs/msg/Classification2D.idl
[16.799s] -- Up-to-date symlink: /home/agilex/krish_ws/install/vision_msgs/share/vision_msgs/msg/Classification3D.idl
[16.799s] -- Up-to-date symlink: /home/agilex/krish_ws/install/vision_msgs/share/vision_msgs/msg/Detection2DArray.idl
[16.799s] -- Up-to-date symlink: /home/agilex/krish_ws/install/vision_msgs/share/vision_msgs/msg/Detection2D.idl
[16.799s] -- Up-to-date symlink: /home/agilex/krish_ws/install/vision_msgs/share/vision_msgs/msg/Detection3DArray.idl
[16.799s] -- Up-to-date symlink: /home/agilex/krish_ws/install/vision_msgs/share/vision_msgs/msg/Detection3D.idl
[16.800s] -- Up-to-date symlink: /home/agilex/krish_ws/install/vision_msgs/share/vision_msgs/msg/ObjectHypothesis.idl
[16.800s] -- Up-to-date symlink: /home/agilex/krish_ws/install/vision_msgs/share/vision_msgs/msg/ObjectHypothesisWithPose.idl
[16.800s] -- Up-to-date symlink: /home/agilex/krish_ws/install/vision_msgs/share/vision_msgs/msg/VisionInfo.idl
[16.800s] -- Up-to-date symlink: /home/agilex/krish_ws/install/vision_msgs/share/vision_msgs/msg/BoundingBox2D.msg
[16.800s] -- Up-to-date symlink: /home/agilex/krish_ws/install/vision_msgs/share/vision_msgs/msg/BoundingBox2DArray.msg
[16.800s] -- Up-to-date symlink: /home/agilex/krish_ws/install/vision_msgs/share/vision_msgs/msg/BoundingBox3D.msg
[16.801s] -- Up-to-date symlink: /home/agilex/krish_ws/install/vision_msgs/share/vision_msgs/msg/BoundingBox3DArray.msg
[16.801s] -- Up-to-date symlink: /home/agilex/krish_ws/install/vision_msgs/share/vision_msgs/msg/Classification2D.msg
[16.801s] -- Up-to-date symlink: /home/agilex/krish_ws/install/vision_msgs/share/vision_msgs/msg/Classification3D.msg
[16.801s] -- Up-to-date symlink: /home/agilex/krish_ws/install/vision_msgs/share/vision_msgs/msg/Detection2DArray.msg
[16.801s] -- Up-to-date symlink: /home/agilex/krish_ws/install/vision_msgs/share/vision_msgs/msg/Detection2D.msg
[16.801s] -- Up-to-date symlink: /home/agilex/krish_ws/install/vision_msgs/share/vision_msgs/msg/Detection3DArray.msg
[16.802s] -- Up-to-date symlink: /home/agilex/krish_ws/install/vision_msgs/share/vision_msgs/msg/Detection3D.msg
[16.802s] -- Up-to-date symlink: /home/agilex/krish_ws/install/vision_msgs/share/vision_msgs/msg/ObjectHypothesis.msg
[16.802s] -- Up-to-date symlink: /home/agilex/krish_ws/install/vision_msgs/share/vision_msgs/msg/ObjectHypothesisWithPose.msg
[16.802s] -- Up-to-date symlink: /home/agilex/krish_ws/install/vision_msgs/share/vision_msgs/msg/VisionInfo.msg
[16.802s] -- Up-to-date symlink: /home/agilex/krish_ws/install/vision_msgs/include/vision_msgs/create_aabb.hpp
[16.802s] -- Up-to-date symlink: /home/agilex/krish_ws/install/vision_msgs/share/ament_index/resource_index/package_run_dependencies/vision_msgs
[16.803s] -- Up-to-date symlink: /home/agilex/krish_ws/install/vision_msgs/share/ament_index/resource_index/parent_prefix_path/vision_msgs
[16.803s] -- Up-to-date symlink: /home/agilex/krish_ws/install/vision_msgs/share/vision_msgs/environment/ament_prefix_path.sh
[16.803s] -- Up-to-date symlink: /home/agilex/krish_ws/install/vision_msgs/share/vision_msgs/environment/ament_prefix_path.dsv
[16.803s] -- Up-to-date symlink: /home/agilex/krish_ws/install/vision_msgs/share/vision_msgs/environment/path.sh
[16.803s] -- Up-to-date symlink: /home/agilex/krish_ws/install/vision_msgs/share/vision_msgs/environment/path.dsv
[16.803s] -- Up-to-date symlink: /home/agilex/krish_ws/install/vision_msgs/share/vision_msgs/local_setup.bash
[16.804s] -- Up-to-date symlink: /home/agilex/krish_ws/install/vision_msgs/share/vision_msgs/local_setup.sh
[16.804s] -- Up-to-date symlink: /home/agilex/krish_ws/install/vision_msgs/share/vision_msgs/local_setup.zsh
[16.804s] -- Up-to-date symlink: /home/agilex/krish_ws/install/vision_msgs/share/vision_msgs/local_setup.dsv
[16.804s] -- Symlinking: /home/agilex/krish_ws/install/vision_msgs/share/vision_msgs/package.dsv
[16.847s] -- Up-to-date symlink: /home/agilex/krish_ws/install/vision_msgs/share/ament_index/resource_index/packages/vision_msgs
[16.848s] -- Up-to-date symlink: /home/agilex/krish_ws/install/vision_msgs/share/vision_msgs/cmake/rosidl_cmake-extras.cmake
[16.849s] -- Up-to-date symlink: /home/agilex/krish_ws/install/vision_msgs/share/vision_msgs/cmake/ament_cmake_export_dependencies-extras.cmake
[16.850s] -- Up-to-date symlink: /home/agilex/krish_ws/install/vision_msgs/share/vision_msgs/cmake/ament_cmake_export_libraries-extras.cmake
[16.851s] -- Up-to-date symlink: /home/agilex/krish_ws/install/vision_msgs/share/vision_msgs/cmake/ament_cmake_export_targets-extras.cmake
[16.852s] -- Up-to-date symlink: /home/agilex/krish_ws/install/vision_msgs/share/vision_msgs/cmake/ament_cmake_export_include_directories-extras.cmake
[16.852s] -- Up-to-date symlink: /home/agilex/krish_ws/install/vision_msgs/share/vision_msgs/cmake/rosidl_cmake_export_typesupport_libraries-extras.cmake
[16.854s] -- Up-to-date symlink: /home/agilex/krish_ws/install/vision_msgs/share/vision_msgs/cmake/rosidl_cmake_export_typesupport_targets-extras.cmake
[16.854s] -- Up-to-date symlink: /home/agilex/krish_ws/install/vision_msgs/share/vision_msgs/cmake/vision_msgsConfig.cmake
[16.854s] -- Up-to-date symlink: /home/agilex/krish_ws/install/vision_msgs/share/vision_msgs/cmake/vision_msgsConfig-version.cmake
[16.854s] -- Up-to-date symlink: /home/agilex/krish_ws/install/vision_msgs/share/vision_msgs/package.xml
[16.857s] -- Up-to-date: /home/agilex/krish_ws/install/vision_msgs/lib/libvision_msgs__rosidl_generator_c.so
[16.859s] -- Up-to-date: /home/agilex/krish_ws/install/vision_msgs/lib/libvision_msgs__rosidl_typesupport_introspection_c.so
[16.859s] -- Up-to-date: /home/agilex/krish_ws/install/vision_msgs/lib/libvision_msgs__rosidl_typesupport_c.so
[16.861s] -- Up-to-date: /home/agilex/krish_ws/install/vision_msgs/lib/libvision_msgs__rosidl_typesupport_introspection_cpp.so
[16.891s] -- Up-to-date: /home/agilex/krish_ws/install/vision_msgs/lib/libvision_msgs__rosidl_typesupport_cpp.so
[17.005s] -- Up-to-date: /home/agilex/krish_ws/install/vision_msgs/share/vision_msgs/cmake/vision_msgs__rosidl_generator_cExport.cmake
[17.006s] -- Up-to-date: /home/agilex/krish_ws/install/vision_msgs/share/vision_msgs/cmake/vision_msgs__rosidl_generator_cExport-noconfig.cmake
[17.007s] -- Up-to-date: /home/agilex/krish_ws/install/vision_msgs/share/vision_msgs/cmake/vision_msgs__rosidl_typesupport_introspection_cExport.cmake
[17.007s] -- Up-to-date: /home/agilex/krish_ws/install/vision_msgs/share/vision_msgs/cmake/vision_msgs__rosidl_typesupport_introspection_cExport-noconfig.cmake
[17.009s] -- Up-to-date: /home/agilex/krish_ws/install/vision_msgs/share/vision_msgs/cmake/vision_msgs__rosidl_typesupport_cExport.cmake
[17.009s] -- Up-to-date: /home/agilex/krish_ws/install/vision_msgs/share/vision_msgs/cmake/vision_msgs__rosidl_typesupport_cExport-noconfig.cmake
[17.009s] -- Up-to-date: /home/agilex/krish_ws/install/vision_msgs/share/vision_msgs/cmake/vision_msgs__rosidl_generator_cppExport.cmake
[17.009s] -- Up-to-date: /home/agilex/krish_ws/install/vision_msgs/share/vision_msgs/cmake/vision_msgs__rosidl_typesupport_introspection_cppExport.cmake
[17.010s] -- Up-to-date: /home/agilex/krish_ws/install/vision_msgs/share/vision_msgs/cmake/vision_msgs__rosidl_typesupport_introspection_cppExport-noconfig.cmake
[17.010s] -- Up-to-date: /home/agilex/krish_ws/install/vision_msgs/share/vision_msgs/cmake/vision_msgs__rosidl_typesupport_cppExport.cmake
[17.011s] -- Up-to-date: /home/agilex/krish_ws/install/vision_msgs/share/vision_msgs/cmake/vision_msgs__rosidl_typesupport_cppExport-noconfig.cmake
[17.017s] Invoked command in '/home/agilex/krish_ws/build/vision_msgs' returned '0': CMAKE_PREFIX_PATH=${CMAKE_PREFIX_PATH}:/home/agilex/limo_ros2_ws/install/ultraarm:/home/agilex/limo_ros2_ws/install/nav2_gazebo_spawner:/home/agilex/limo_ros2_ws/install/mypalletizer_260_pi:/home/agilex/limo_ros2_ws/install/mypalletizer_260:/home/agilex/limo_ros2_ws/install/mypalletizer_communication:/home/agilex/limo_ros2_ws/install/mycobot_630:/home/agilex/limo_ros2_ws/install/mycobot_600:/home/agilex/limo_ros2_ws/install/mycobot_320pi:/home/agilex/limo_ros2_ws/install/mycobot_320:/home/agilex/limo_ros2_ws/install/mycobot_280pi:/home/agilex/limo_ros2_ws/install/mycobot_280jn:/home/agilex/limo_ros2_ws/install/mycobot_280_x3pi:/home/agilex/limo_ros2_ws/install/mycobot_280:/home/agilex/limo_ros2_ws/install/myarm_m750:/home/agilex/limo_ros2_ws/install/myarm_c650:/home/agilex/limo_ros2_ws/install/myarm_300:/home/agilex/limo_ros2_ws/install/mycobot_communication:/home/agilex/limo_ros2_ws/install/mecharm_pi:/home/agilex/limo_ros2_ws/install/mecharm:/home/agilex/limo_ros2_ws/install/mecharm_communication:/home/agilex/limo_ros2_ws/install/mybuddy:/home/agilex/limo_ros2_ws/install/mycobot_description:/home/agilex/krish_ws/install/system_launcher:/home/agilex/krish_ws/install/object_detector:/home/agilex/krish_ws/install/nav_handler:/home/agilex/krish_ws/install/nav2_gazebo_spawner:/home/agilex/krish_ws/install/mycobot_arm:/opt/ros/foxy /usr/bin/cmake --install /home/agilex/krish_ws/build/vision_msgs
