[12.320s] Invoking command in '/home/agilex/krish_ws/build/system_launcher': PYTHONPATH=/home/agilex/krish_ws/build/system_launcher/prefix_override:/home/agilex/krish_ws/install/system_launcher/lib/python3.8/site-packages:${PYTHONPATH} /usr/bin/python3 setup.py develop --editable --build-directory /home/agilex/krish_ws/build/system_launcher/build --no-deps install_data
[12.744s] /home/agilex/.local/lib/python3.8/site-packages/setuptools/dist.py:476: SetuptoolsDeprecationWarning: Invalid dash-separated options
[12.744s] !!
[12.744s] 
[12.744s]         ********************************************************************************
[12.744s]         Usage of dash-separated 'script-dir' will not be supported in future
[12.745s]         versions. Please use the underscore name 'script_dir' instead.
[12.745s] 
[12.745s]         This deprecation is overdue, please update your project and remove deprecated
[12.745s]         calls to avoid build errors in the future.
[12.745s] 
[12.745s]         See https://setuptools.pypa.io/en/latest/userguide/declarative_config.html for details.
[12.746s]         ********************************************************************************
[12.746s] 
[12.746s] !!
[12.746s]   opt = self.warn_dash_deprecation(opt, section)
[13.278s] running develop
[13.281s] /home/agilex/.local/lib/python3.8/site-packages/setuptools/command/develop.py:40: EasyInstallDeprecationWarning: easy_install command is deprecated.
[13.287s] !!
[13.288s] 
[13.288s]         ********************************************************************************
[13.288s]         Please avoid running ``setup.py`` and ``easy_install``.
[13.288s]         Instead, use pypa/build, pypa/installer or other
[13.288s]         standards-based tools.
[13.288s] 
[13.289s]         See https://github.com/pypa/setuptools/issues/917 for details.
[13.289s]         ********************************************************************************
[13.289s] 
[13.289s] !!
[13.289s]   easy_install.initialize_options(self)
[13.371s] /home/agilex/.local/lib/python3.8/site-packages/setuptools/_distutils/cmd.py:66: SetuptoolsDeprecationWarning: setup.py install is deprecated.
[13.371s] !!
[13.372s] 
[13.372s]         ********************************************************************************
[13.372s]         Please avoid running ``setup.py`` directly.
[13.372s]         Instead, use pypa/build, pypa/installer or other
[13.372s]         standards-based tools.
[13.372s] 
[13.372s]         See https://blog.ganssle.io/articles/2021/10/setup-py-deprecated.html for details.
[13.372s]         ********************************************************************************
[13.373s] 
[13.373s] !!
[13.373s]   self.initialize_options()
[13.855s] running egg_info
[13.913s] writing system_launcher.egg-info/PKG-INFO
[13.916s] writing dependency_links to system_launcher.egg-info/dependency_links.txt
[13.919s] writing requirements to system_launcher.egg-info/requires.txt
[13.920s] writing top-level names to system_launcher.egg-info/top_level.txt
[14.035s] reading manifest file 'system_launcher.egg-info/SOURCES.txt'
[14.035s] writing manifest file 'system_launcher.egg-info/SOURCES.txt'
[14.221s] running build_ext
[14.222s] Creating /home/agilex/krish_ws/install/system_launcher/lib/python3.8/site-packages/system-launcher.egg-link (link to .)
[14.227s] 
[14.227s] Installed /home/agilex/krish_ws/build/system_launcher
[14.229s] running install_data
[14.229s] copying resource/system_launcher -> /home/agilex/krish_ws/install/system_launcher/share/ament_index/resource_index/packages
[14.236s] copying package.xml -> /home/agilex/krish_ws/install/system_launcher/share/system_launcher
[14.239s] error: can't copy 'launch/full_system.launch.py': doesn't exist or not a regular file
[14.755s] Invoked command in '/home/agilex/krish_ws/build/system_launcher' returned '1': PYTHONPATH=/home/agilex/krish_ws/build/system_launcher/prefix_override:/home/agilex/krish_ws/install/system_launcher/lib/python3.8/site-packages:${PYTHONPATH} /usr/bin/python3 setup.py develop --editable --build-directory /home/agilex/krish_ws/build/system_launcher/build --no-deps install_data
