[13.945s] Invoking command in '/home/agilex/krish_ws/src/nav_handler': PYTHONPATH=/home/agilex/krish_ws/build/nav_handler/prefix_override:/home/agilex/krish_ws/install/nav_handler/lib/python3.8/site-packages:${PYTHONPATH} /usr/bin/python3 setup.py egg_info --egg-base ../../build/nav_handler build --build-base /home/agilex/krish_ws/build/nav_handler/build install --record /home/agilex/krish_ws/build/nav_handler/install.log --install-scripts $base/lib/nav_handler --single-version-externally-managed
[14.375s] /home/agilex/.local/lib/python3.8/site-packages/setuptools/dist.py:476: SetuptoolsDeprecationWarning: Invalid dash-separated options
[14.375s] !!
[14.375s] 
[14.375s]         ********************************************************************************
[14.375s]         Usage of dash-separated 'script-dir' will not be supported in future
[14.375s]         versions. Please use the underscore name 'script_dir' instead.
[14.376s] 
[14.376s]         This deprecation is overdue, please update your project and remove deprecated
[14.376s]         calls to avoid build errors in the future.
[14.376s] 
[14.376s]         See https://setuptools.pypa.io/en/latest/userguide/declarative_config.html for details.
[14.376s]         ********************************************************************************
[14.376s] 
[14.377s] !!
[14.377s]   opt = self.warn_dash_deprecation(opt, section)
[14.675s] running egg_info
[14.726s] writing ../../build/nav_handler/nav_handler.egg-info/PKG-INFO
[14.729s] writing dependency_links to ../../build/nav_handler/nav_handler.egg-info/dependency_links.txt
[14.730s] writing entry points to ../../build/nav_handler/nav_handler.egg-info/entry_points.txt
[14.730s] writing requirements to ../../build/nav_handler/nav_handler.egg-info/requires.txt
[14.731s] writing top-level names to ../../build/nav_handler/nav_handler.egg-info/top_level.txt
[15.133s] reading manifest file '../../build/nav_handler/nav_handler.egg-info/SOURCES.txt'
[15.135s] writing manifest file '../../build/nav_handler/nav_handler.egg-info/SOURCES.txt'
[15.135s] running build
[15.136s] running build_py
[15.137s] copying nav_handler/__init__.py -> /home/agilex/krish_ws/build/nav_handler/build/lib/nav_handler
[15.137s] copying nav_handler/mission_manager.py -> /home/agilex/krish_ws/build/nav_handler/build/lib/nav_handler
[15.140s] copying nav_handler/object_handler.py -> /home/agilex/krish_ws/build/nav_handler/build/lib/nav_handler
[15.141s] copying nav_handler/pose_setter.py -> /home/agilex/krish_ws/build/nav_handler/build/lib/nav_handler
[15.141s] copying nav_handler/exploration_handler.py -> /home/agilex/krish_ws/build/nav_handler/build/lib/nav_handler
[15.141s] running install
[15.141s] /home/agilex/.local/lib/python3.8/site-packages/setuptools/_distutils/cmd.py:66: SetuptoolsDeprecationWarning: setup.py install is deprecated.
[15.141s] !!
[15.141s] 
[15.142s]         ********************************************************************************
[15.142s]         Please avoid running ``setup.py`` directly.
[15.142s]         Instead, use pypa/build, pypa/installer or other
[15.142s]         standards-based tools.
[15.142s] 
[15.142s]         See https://blog.ganssle.io/articles/2021/10/setup-py-deprecated.html for details.
[15.142s]         ********************************************************************************
[15.142s] 
[15.142s] !!
[15.143s]   self.initialize_options()
[15.152s] running install_lib
[15.199s] copying /home/agilex/krish_ws/build/nav_handler/build/lib/nav_handler/mission_manager.py -> /home/agilex/krish_ws/install/nav_handler/lib/python3.8/site-packages/nav_handler
[15.200s] copying /home/agilex/krish_ws/build/nav_handler/build/lib/nav_handler/exploration_handler.py -> /home/agilex/krish_ws/install/nav_handler/lib/python3.8/site-packages/nav_handler
[15.203s] byte-compiling /home/agilex/krish_ws/install/nav_handler/lib/python3.8/site-packages/nav_handler/mission_manager.py to mission_manager.cpython-38.pyc
[15.207s] byte-compiling /home/agilex/krish_ws/install/nav_handler/lib/python3.8/site-packages/nav_handler/exploration_handler.py to exploration_handler.cpython-38.pyc
[15.211s] running install_data
[15.259s] copying resource/nav_handler -> /home/agilex/krish_ws/install/nav_handler/share/ament_index/resource_index/packages
[15.259s] copying package.xml -> /home/agilex/krish_ws/install/nav_handler/share/nav_handler
[15.260s] running install_egg_info
[15.311s] removing '/home/agilex/krish_ws/install/nav_handler/lib/python3.8/site-packages/nav_handler-0.0.0-py3.8.egg-info' (and everything under it)
[15.312s] Copying ../../build/nav_handler/nav_handler.egg-info to /home/agilex/krish_ws/install/nav_handler/lib/python3.8/site-packages/nav_handler-0.0.0-py3.8.egg-info
[15.314s] running install_scripts
[15.433s] Installing exploration_handler script to /home/agilex/krish_ws/install/nav_handler/lib/nav_handler
[15.434s] Installing mission_manager script to /home/agilex/krish_ws/install/nav_handler/lib/nav_handler
[15.435s] Installing object_handler script to /home/agilex/krish_ws/install/nav_handler/lib/nav_handler
[15.436s] Installing pose_setter script to /home/agilex/krish_ws/install/nav_handler/lib/nav_handler
[15.437s] writing list of installed files to '/home/agilex/krish_ws/build/nav_handler/install.log'
[17.267s] Invoked command in '/home/agilex/krish_ws/src/nav_handler' returned '0': PYTHONPATH=/home/agilex/krish_ws/build/nav_handler/prefix_override:/home/agilex/krish_ws/install/nav_handler/lib/python3.8/site-packages:${PYTHONPATH} /usr/bin/python3 setup.py egg_info --egg-base ../../build/nav_handler build --build-base /home/agilex/krish_ws/build/nav_handler/build install --record /home/agilex/krish_ws/build/nav_handler/install.log --install-scripts $base/lib/nav_handler --single-version-externally-managed
