[5.531s] Invoking command in '/home/agilex/krish_ws/src/object_detector': PYTHONPATH=/home/agilex/krish_ws/build/object_detector/prefix_override:/home/agilex/krish_ws/install/object_detector/lib/python3.8/site-packages:${PYTHONPATH} /usr/bin/python3 setup.py egg_info --egg-base ../../build/object_detector build --build-base /home/agilex/krish_ws/build/object_detector/build install --record /home/agilex/krish_ws/build/object_detector/install.log --install-scripts $base/lib/object_detector --single-version-externally-managed
[5.925s] /home/agilex/.local/lib/python3.8/site-packages/setuptools/dist.py:476: SetuptoolsDeprecationWarning: Invalid dash-separated options
[5.925s] !!
[5.926s] 
[5.926s]         ********************************************************************************
[5.926s]         Usage of dash-separated 'script-dir' will not be supported in future
[5.926s]         versions. Please use the underscore name 'script_dir' instead.
[5.926s] 
[5.926s]         This deprecation is overdue, please update your project and remove deprecated
[5.926s]         calls to avoid build errors in the future.
[5.927s] 
[5.927s]         See https://setuptools.pypa.io/en/latest/userguide/declarative_config.html for details.
[5.927s]         ********************************************************************************
[5.927s] 
[5.927s] !!
[5.927s]   opt = self.warn_dash_deprecation(opt, section)
[6.205s] running egg_info
[6.251s] writing ../../build/object_detector/object_detector.egg-info/PKG-INFO
[6.252s] writing dependency_links to ../../build/object_detector/object_detector.egg-info/dependency_links.txt
[6.253s] writing entry points to ../../build/object_detector/object_detector.egg-info/entry_points.txt
[6.253s] writing requirements to ../../build/object_detector/object_detector.egg-info/requires.txt
[6.253s] writing top-level names to ../../build/object_detector/object_detector.egg-info/top_level.txt
[6.610s] reading manifest file '../../build/object_detector/object_detector.egg-info/SOURCES.txt'
[6.612s] writing manifest file '../../build/object_detector/object_detector.egg-info/SOURCES.txt'
[6.612s] running build
[6.613s] running build_py
[6.613s] copying object_detector/__init__.py -> /home/agilex/krish_ws/build/object_detector/build/lib/object_detector
[6.613s] copying object_detector/object_detector.py -> /home/agilex/krish_ws/build/object_detector/build/lib/object_detector
[6.614s] copying object_detector/test.py -> /home/agilex/krish_ws/build/object_detector/build/lib/object_detector
[6.614s] copying object_detector/object_detector copy.py -> /home/agilex/krish_ws/build/object_detector/build/lib/object_detector
[6.615s] running install
[6.615s] /home/agilex/.local/lib/python3.8/site-packages/setuptools/_distutils/cmd.py:66: SetuptoolsDeprecationWarning: setup.py install is deprecated.
[6.615s] !!
[6.616s] 
[6.616s]         ********************************************************************************
[6.616s]         Please avoid running ``setup.py`` directly.
[6.616s]         Instead, use pypa/build, pypa/installer or other
[6.616s]         standards-based tools.
[6.616s] 
[6.616s]         See https://blog.ganssle.io/articles/2021/10/setup-py-deprecated.html for details.
[6.616s]         ********************************************************************************
[6.617s] 
[6.617s] !!
[6.617s]   self.initialize_options()
[6.628s] running install_lib
[6.673s] copying /home/agilex/krish_ws/build/object_detector/build/lib/object_detector/object_detector.py -> /home/agilex/krish_ws/install/object_detector/lib/python3.8/site-packages/object_detector
[6.675s] byte-compiling /home/agilex/krish_ws/install/object_detector/lib/python3.8/site-packages/object_detector/object_detector.py to object_detector.cpython-38.pyc
[6.679s] running install_data
[6.725s] copying resource/object_detector -> /home/agilex/krish_ws/install/object_detector/share/ament_index/resource_index/packages
[6.726s] copying package.xml -> /home/agilex/krish_ws/install/object_detector/share/object_detector
[6.726s] running install_egg_info
[6.772s] removing '/home/agilex/krish_ws/install/object_detector/lib/python3.8/site-packages/object_detector-0.0.0-py3.8.egg-info' (and everything under it)
[6.773s] Copying ../../build/object_detector/object_detector.egg-info to /home/agilex/krish_ws/install/object_detector/lib/python3.8/site-packages/object_detector-0.0.0-py3.8.egg-info
[6.776s] running install_scripts
[6.888s] Installing test script to /home/agilex/krish_ws/install/object_detector/lib/object_detector
[6.889s] Installing yolo_detector script to /home/agilex/krish_ws/install/object_detector/lib/object_detector
[6.890s] writing list of installed files to '/home/agilex/krish_ws/build/object_detector/install.log'
[6.982s] Invoked command in '/home/agilex/krish_ws/src/object_detector' returned '0': PYTHONPATH=/home/agilex/krish_ws/build/object_detector/prefix_override:/home/agilex/krish_ws/install/object_detector/lib/python3.8/site-packages:${PYTHONPATH} /usr/bin/python3 setup.py egg_info --egg-base ../../build/object_detector build --build-base /home/agilex/krish_ws/build/object_detector/build install --record /home/agilex/krish_ws/build/object_detector/install.log --install-scripts $base/lib/object_detector --single-version-externally-managed
