[15.756s] DEBUG:colcon:Command line arguments: ['/usr/bin/colcon', 'build']
[15.756s] DEBUG:colcon:Parsed command line arguments: Namespace(allow_overriding=[], ament_cmake_args=None, base_paths=['.'], build_base='build', catkin_cmake_args=None, catkin_skip_building_tests=False, cmake_args=None, cmake_clean_cache=False, cmake_clean_first=False, cmake_force_configure=False, cmake_target=None, cmake_target_skip_unavailable=False, continue_on_error=False, event_handlers=None, executor='parallel', ignore_user_meta=False, install_base='install', log_base=None, log_level=None, main=<bound method BuildVerb.main of <colcon_core.verb.build.BuildVerb object at 0xffff84e5b430>>, merge_install=False, metas=['./colcon.meta'], packages_above=None, packages_above_and_dependencies=None, packages_above_depth=None, packages_end=None, packages_ignore=None, packages_ignore_regex=None, packages_select=None, packages_select_build_failed=False, packages_select_by_dep=None, packages_select_regex=None, packages_select_test_failures=False, packages_skip=None, packages_skip_build_finished=False, packages_skip_by_dep=None, packages_skip_regex=None, packages_skip_test_passed=False, packages_skip_up_to=None, packages_start=None, packages_up_to=None, packages_up_to_regex=None, parallel_workers=6, paths=None, symlink_install=False, test_result_base=None, verb_extension=<colcon_core.verb.build.BuildVerb object at 0xffff84e5b430>, verb_name='build', verb_parser=<colcon_defaults.argument_parser.defaults.DefaultArgumentsDecorator object at 0xffff84e5b8b0>)
[16.399s] Level 1:colcon.colcon_core.package_discovery:discover_packages(colcon_meta) check parameters
[16.399s] Level 1:colcon.colcon_core.package_discovery:discover_packages(recursive) check parameters
[16.399s] Level 1:colcon.colcon_core.package_discovery:discover_packages(ignore) check parameters
[16.399s] Level 1:colcon.colcon_core.package_discovery:discover_packages(path) check parameters
[16.399s] Level 1:colcon.colcon_core.package_discovery:discover_packages(colcon_meta) discover
[16.399s] Level 1:colcon.colcon_core.package_discovery:discover_packages(recursive) discover
[16.400s] INFO:colcon.colcon_core.package_discovery:Crawling recursively for packages in '/home/agilex/krish_ws'
[16.400s] Level 1:colcon.colcon_core.package_identification:_identify(.) by extensions ['ignore', 'ignore_ament_install']
[16.400s] Level 1:colcon.colcon_core.package_identification:_identify(.) by extension 'ignore'
[16.400s] Level 1:colcon.colcon_core.package_identification:_identify(.) by extension 'ignore_ament_install'
[16.400s] Level 1:colcon.colcon_core.package_identification:_identify(.) by extensions ['colcon_pkg']
[16.400s] Level 1:colcon.colcon_core.package_identification:_identify(.) by extension 'colcon_pkg'
[16.400s] Level 1:colcon.colcon_core.package_identification:_identify(.) by extensions ['colcon_meta']
[16.401s] Level 1:colcon.colcon_core.package_identification:_identify(.) by extension 'colcon_meta'
[16.401s] Level 1:colcon.colcon_core.package_identification:_identify(.) by extensions ['ros']
[16.401s] Level 1:colcon.colcon_core.package_identification:_identify(.) by extension 'ros'
[16.456s] Level 1:colcon.colcon_core.package_identification:_identify(.) by extensions ['cmake', 'python']
[16.456s] Level 1:colcon.colcon_core.package_identification:_identify(.) by extension 'cmake'
[16.457s] Level 1:colcon.colcon_core.package_identification:_identify(.) by extension 'python'
[16.457s] Level 1:colcon.colcon_core.package_identification:_identify(.) by extensions ['python_setup_py']
[16.457s] Level 1:colcon.colcon_core.package_identification:_identify(.) by extension 'python_setup_py'
[16.457s] Level 1:colcon.colcon_core.package_identification:_identify(build) by extensions ['ignore', 'ignore_ament_install']
[16.457s] Level 1:colcon.colcon_core.package_identification:_identify(build) by extension 'ignore'
[16.457s] Level 1:colcon.colcon_core.package_identification:_identify(build) ignored
[16.458s] Level 1:colcon.colcon_core.package_identification:_identify(install) by extensions ['ignore', 'ignore_ament_install']
[16.458s] Level 1:colcon.colcon_core.package_identification:_identify(install) by extension 'ignore'
[16.458s] Level 1:colcon.colcon_core.package_identification:_identify(install) ignored
[16.458s] Level 1:colcon.colcon_core.package_identification:_identify(log) by extensions ['ignore', 'ignore_ament_install']
[16.458s] Level 1:colcon.colcon_core.package_identification:_identify(log) by extension 'ignore'
[16.459s] Level 1:colcon.colcon_core.package_identification:_identify(log) ignored
[16.459s] Level 1:colcon.colcon_core.package_identification:_identify(src) by extensions ['ignore', 'ignore_ament_install']
[16.459s] Level 1:colcon.colcon_core.package_identification:_identify(src) by extension 'ignore'
[16.459s] Level 1:colcon.colcon_core.package_identification:_identify(src) by extension 'ignore_ament_install'
[16.459s] Level 1:colcon.colcon_core.package_identification:_identify(src) by extensions ['colcon_pkg']
[16.459s] Level 1:colcon.colcon_core.package_identification:_identify(src) by extension 'colcon_pkg'
[16.459s] Level 1:colcon.colcon_core.package_identification:_identify(src) by extensions ['colcon_meta']
[16.459s] Level 1:colcon.colcon_core.package_identification:_identify(src) by extension 'colcon_meta'
[16.459s] Level 1:colcon.colcon_core.package_identification:_identify(src) by extensions ['ros']
[16.460s] Level 1:colcon.colcon_core.package_identification:_identify(src) by extension 'ros'
[16.460s] Level 1:colcon.colcon_core.package_identification:_identify(src) by extensions ['cmake', 'python']
[16.460s] Level 1:colcon.colcon_core.package_identification:_identify(src) by extension 'cmake'
[16.460s] Level 1:colcon.colcon_core.package_identification:_identify(src) by extension 'python'
[16.460s] Level 1:colcon.colcon_core.package_identification:_identify(src) by extensions ['python_setup_py']
[16.460s] Level 1:colcon.colcon_core.package_identification:_identify(src) by extension 'python_setup_py'
[16.460s] Level 1:colcon.colcon_core.package_identification:_identify(src/object_detection) by extensions ['ignore', 'ignore_ament_install']
[16.460s] Level 1:colcon.colcon_core.package_identification:_identify(src/object_detection) by extension 'ignore'
[16.460s] Level 1:colcon.colcon_core.package_identification:_identify(src/object_detection) by extension 'ignore_ament_install'
[16.461s] Level 1:colcon.colcon_core.package_identification:_identify(src/object_detection) by extensions ['colcon_pkg']
[16.461s] Level 1:colcon.colcon_core.package_identification:_identify(src/object_detection) by extension 'colcon_pkg'
[16.461s] Level 1:colcon.colcon_core.package_identification:_identify(src/object_detection) by extensions ['colcon_meta']
[16.461s] Level 1:colcon.colcon_core.package_identification:_identify(src/object_detection) by extension 'colcon_meta'
[16.461s] Level 1:colcon.colcon_core.package_identification:_identify(src/object_detection) by extensions ['ros']
[16.461s] Level 1:colcon.colcon_core.package_identification:_identify(src/object_detection) by extension 'ros'
[16.467s] DEBUG:colcon.colcon_core.package_identification:Package 'src/object_detection' with type 'ros.ament_python' and name 'object_detection'
[16.467s] Level 1:colcon.colcon_core.package_identification:_identify(src/vision_msgs) by extensions ['ignore', 'ignore_ament_install']
[16.467s] Level 1:colcon.colcon_core.package_identification:_identify(src/vision_msgs) by extension 'ignore'
[16.467s] Level 1:colcon.colcon_core.package_identification:_identify(src/vision_msgs) by extension 'ignore_ament_install'
[16.467s] Level 1:colcon.colcon_core.package_identification:_identify(src/vision_msgs) by extensions ['colcon_pkg']
[16.468s] Level 1:colcon.colcon_core.package_identification:_identify(src/vision_msgs) by extension 'colcon_pkg'
[16.468s] Level 1:colcon.colcon_core.package_identification:_identify(src/vision_msgs) by extensions ['colcon_meta']
[16.468s] Level 1:colcon.colcon_core.package_identification:_identify(src/vision_msgs) by extension 'colcon_meta'
[16.468s] Level 1:colcon.colcon_core.package_identification:_identify(src/vision_msgs) by extensions ['ros']
[16.468s] Level 1:colcon.colcon_core.package_identification:_identify(src/vision_msgs) by extension 'ros'
[16.468s] Level 1:colcon.colcon_core.package_identification:_identify(src/vision_msgs) by extensions ['cmake', 'python']
[16.468s] Level 1:colcon.colcon_core.package_identification:_identify(src/vision_msgs) by extension 'cmake'
[16.468s] Level 1:colcon.colcon_core.package_identification:_identify(src/vision_msgs) by extension 'python'
[16.468s] Level 1:colcon.colcon_core.package_identification:_identify(src/vision_msgs) by extensions ['python_setup_py']
[16.468s] Level 1:colcon.colcon_core.package_identification:_identify(src/vision_msgs) by extension 'python_setup_py'
[16.469s] Level 1:colcon.colcon_core.package_identification:_identify(src/vision_msgs/vision_msgs) by extensions ['ignore', 'ignore_ament_install']
[16.469s] Level 1:colcon.colcon_core.package_identification:_identify(src/vision_msgs/vision_msgs) by extension 'ignore'
[16.469s] Level 1:colcon.colcon_core.package_identification:_identify(src/vision_msgs/vision_msgs) by extension 'ignore_ament_install'
[16.469s] Level 1:colcon.colcon_core.package_identification:_identify(src/vision_msgs/vision_msgs) by extensions ['colcon_pkg']
[16.469s] Level 1:colcon.colcon_core.package_identification:_identify(src/vision_msgs/vision_msgs) by extension 'colcon_pkg'
[16.469s] Level 1:colcon.colcon_core.package_identification:_identify(src/vision_msgs/vision_msgs) by extensions ['colcon_meta']
[16.469s] Level 1:colcon.colcon_core.package_identification:_identify(src/vision_msgs/vision_msgs) by extension 'colcon_meta'
[16.469s] Level 1:colcon.colcon_core.package_identification:_identify(src/vision_msgs/vision_msgs) by extensions ['ros']
[16.470s] Level 1:colcon.colcon_core.package_identification:_identify(src/vision_msgs/vision_msgs) by extension 'ros'
[16.471s] DEBUG:colcon.colcon_core.package_identification:Package 'src/vision_msgs/vision_msgs' with type 'ros.ament_cmake' and name 'vision_msgs'
[16.471s] Level 1:colcon.colcon_core.package_identification:_identify(src/vision_msgs/vision_msgs_rviz_plugins) by extensions ['ignore', 'ignore_ament_install']
[16.471s] Level 1:colcon.colcon_core.package_identification:_identify(src/vision_msgs/vision_msgs_rviz_plugins) by extension 'ignore'
[16.471s] Level 1:colcon.colcon_core.package_identification:_identify(src/vision_msgs/vision_msgs_rviz_plugins) by extension 'ignore_ament_install'
[16.471s] Level 1:colcon.colcon_core.package_identification:_identify(src/vision_msgs/vision_msgs_rviz_plugins) by extensions ['colcon_pkg']
[16.471s] Level 1:colcon.colcon_core.package_identification:_identify(src/vision_msgs/vision_msgs_rviz_plugins) by extension 'colcon_pkg'
[16.472s] Level 1:colcon.colcon_core.package_identification:_identify(src/vision_msgs/vision_msgs_rviz_plugins) by extensions ['colcon_meta']
[16.472s] Level 1:colcon.colcon_core.package_identification:_identify(src/vision_msgs/vision_msgs_rviz_plugins) by extension 'colcon_meta'
[16.472s] Level 1:colcon.colcon_core.package_identification:_identify(src/vision_msgs/vision_msgs_rviz_plugins) by extensions ['ros']
[16.472s] Level 1:colcon.colcon_core.package_identification:_identify(src/vision_msgs/vision_msgs_rviz_plugins) by extension 'ros'
[16.474s] DEBUG:colcon.colcon_core.package_identification:Package 'src/vision_msgs/vision_msgs_rviz_plugins' with type 'ros.ament_cmake' and name 'vision_msgs_rviz_plugins'
[16.474s] Level 1:colcon.colcon_core.package_identification:_identify(src/yolov5_ros2) by extensions ['ignore', 'ignore_ament_install']
[16.474s] Level 1:colcon.colcon_core.package_identification:_identify(src/yolov5_ros2) by extension 'ignore'
[16.475s] Level 1:colcon.colcon_core.package_identification:_identify(src/yolov5_ros2) by extension 'ignore_ament_install'
[16.475s] Level 1:colcon.colcon_core.package_identification:_identify(src/yolov5_ros2) by extensions ['colcon_pkg']
[16.475s] Level 1:colcon.colcon_core.package_identification:_identify(src/yolov5_ros2) by extension 'colcon_pkg'
[16.475s] Level 1:colcon.colcon_core.package_identification:_identify(src/yolov5_ros2) by extensions ['colcon_meta']
[16.475s] Level 1:colcon.colcon_core.package_identification:_identify(src/yolov5_ros2) by extension 'colcon_meta'
[16.475s] Level 1:colcon.colcon_core.package_identification:_identify(src/yolov5_ros2) by extensions ['ros']
[16.475s] Level 1:colcon.colcon_core.package_identification:_identify(src/yolov5_ros2) by extension 'ros'
[16.476s] DEBUG:colcon.colcon_core.package_identification:Package 'src/yolov5_ros2' with type 'ros.ament_python' and name 'yolov5_ros2'
[16.476s] Level 1:colcon.colcon_core.package_discovery:discover_packages(recursive) using defaults
[16.477s] Level 1:colcon.colcon_core.package_discovery:discover_packages(ignore) discover
[16.477s] Level 1:colcon.colcon_core.package_discovery:discover_packages(ignore) using defaults
[16.477s] Level 1:colcon.colcon_core.package_discovery:discover_packages(path) discover
[16.477s] Level 1:colcon.colcon_core.package_discovery:discover_packages(path) using defaults
[17.872s] Level 1:colcon.colcon_core.package_discovery:discover_packages(prefix_path) check parameters
[17.872s] Level 1:colcon.colcon_core.package_discovery:discover_packages(prefix_path) discover
[18.419s] DEBUG:colcon.colcon_installed_package_information.package_discovery:Found 6 installed packages in /home/agilex/krish_ws/install
[18.691s] DEBUG:colcon.colcon_installed_package_information.package_discovery:Found 71 installed packages in /home/agilex/limo_ros2_ws/install
[18.962s] DEBUG:colcon.colcon_installed_package_information.package_discovery:Found 358 installed packages in /opt/ros/foxy
[18.969s] Level 1:colcon.colcon_core.package_discovery:discover_packages(prefix_path) using defaults
[19.646s] Level 5:colcon.colcon_core.verb:set package 'vision_msgs' build argument 'cmake_args' from command line to 'None'
[19.646s] Level 5:colcon.colcon_core.verb:set package 'vision_msgs' build argument 'cmake_target' from command line to 'None'
[19.646s] Level 5:colcon.colcon_core.verb:set package 'vision_msgs' build argument 'cmake_target_skip_unavailable' from command line to 'False'
[19.646s] Level 5:colcon.colcon_core.verb:set package 'vision_msgs' build argument 'cmake_clean_cache' from command line to 'False'
[19.646s] Level 5:colcon.colcon_core.verb:set package 'vision_msgs' build argument 'cmake_clean_first' from command line to 'False'
[19.646s] Level 5:colcon.colcon_core.verb:set package 'vision_msgs' build argument 'cmake_force_configure' from command line to 'False'
[19.646s] Level 5:colcon.colcon_core.verb:set package 'vision_msgs' build argument 'ament_cmake_args' from command line to 'None'
[19.646s] Level 5:colcon.colcon_core.verb:set package 'vision_msgs' build argument 'catkin_cmake_args' from command line to 'None'
[19.646s] Level 5:colcon.colcon_core.verb:set package 'vision_msgs' build argument 'catkin_skip_building_tests' from command line to 'False'
[19.647s] DEBUG:colcon.colcon_core.verb:Building package 'vision_msgs' with the following arguments: {'ament_cmake_args': None, 'build_base': '/home/agilex/krish_ws/build/vision_msgs', 'catkin_cmake_args': None, 'catkin_skip_building_tests': False, 'cmake_args': None, 'cmake_clean_cache': False, 'cmake_clean_first': False, 'cmake_force_configure': False, 'cmake_target': None, 'cmake_target_skip_unavailable': False, 'install_base': '/home/agilex/krish_ws/install/vision_msgs', 'merge_install': False, 'path': '/home/agilex/krish_ws/src/vision_msgs/vision_msgs', 'symlink_install': False, 'test_result_base': None}
[19.915s] Level 5:colcon.colcon_core.verb:set package 'object_detection' build argument 'cmake_args' from command line to 'None'
[19.915s] Level 5:colcon.colcon_core.verb:set package 'object_detection' build argument 'cmake_target' from command line to 'None'
[19.916s] Level 5:colcon.colcon_core.verb:set package 'object_detection' build argument 'cmake_target_skip_unavailable' from command line to 'False'
[19.916s] Level 5:colcon.colcon_core.verb:set package 'object_detection' build argument 'cmake_clean_cache' from command line to 'False'
[19.916s] Level 5:colcon.colcon_core.verb:set package 'object_detection' build argument 'cmake_clean_first' from command line to 'False'
[19.916s] Level 5:colcon.colcon_core.verb:set package 'object_detection' build argument 'cmake_force_configure' from command line to 'False'
[19.916s] Level 5:colcon.colcon_core.verb:set package 'object_detection' build argument 'ament_cmake_args' from command line to 'None'
[19.916s] Level 5:colcon.colcon_core.verb:set package 'object_detection' build argument 'catkin_cmake_args' from command line to 'None'
[19.916s] Level 5:colcon.colcon_core.verb:set package 'object_detection' build argument 'catkin_skip_building_tests' from command line to 'False'
[19.916s] DEBUG:colcon.colcon_core.verb:Building package 'object_detection' with the following arguments: {'ament_cmake_args': None, 'build_base': '/home/agilex/krish_ws/build/object_detection', 'catkin_cmake_args': None, 'catkin_skip_building_tests': False, 'cmake_args': None, 'cmake_clean_cache': False, 'cmake_clean_first': False, 'cmake_force_configure': False, 'cmake_target': None, 'cmake_target_skip_unavailable': False, 'install_base': '/home/agilex/krish_ws/install/object_detection', 'merge_install': False, 'path': '/home/agilex/krish_ws/src/object_detection', 'symlink_install': False, 'test_result_base': None}
[20.184s] Level 5:colcon.colcon_core.verb:set package 'vision_msgs_rviz_plugins' build argument 'cmake_args' from command line to 'None'
[20.184s] Level 5:colcon.colcon_core.verb:set package 'vision_msgs_rviz_plugins' build argument 'cmake_target' from command line to 'None'
[20.185s] Level 5:colcon.colcon_core.verb:set package 'vision_msgs_rviz_plugins' build argument 'cmake_target_skip_unavailable' from command line to 'False'
[20.185s] Level 5:colcon.colcon_core.verb:set package 'vision_msgs_rviz_plugins' build argument 'cmake_clean_cache' from command line to 'False'
[20.185s] Level 5:colcon.colcon_core.verb:set package 'vision_msgs_rviz_plugins' build argument 'cmake_clean_first' from command line to 'False'
[20.185s] Level 5:colcon.colcon_core.verb:set package 'vision_msgs_rviz_plugins' build argument 'cmake_force_configure' from command line to 'False'
[20.185s] Level 5:colcon.colcon_core.verb:set package 'vision_msgs_rviz_plugins' build argument 'ament_cmake_args' from command line to 'None'
[20.185s] Level 5:colcon.colcon_core.verb:set package 'vision_msgs_rviz_plugins' build argument 'catkin_cmake_args' from command line to 'None'
[20.185s] Level 5:colcon.colcon_core.verb:set package 'vision_msgs_rviz_plugins' build argument 'catkin_skip_building_tests' from command line to 'False'
[20.185s] DEBUG:colcon.colcon_core.verb:Building package 'vision_msgs_rviz_plugins' with the following arguments: {'ament_cmake_args': None, 'build_base': '/home/agilex/krish_ws/build/vision_msgs_rviz_plugins', 'catkin_cmake_args': None, 'catkin_skip_building_tests': False, 'cmake_args': None, 'cmake_clean_cache': False, 'cmake_clean_first': False, 'cmake_force_configure': False, 'cmake_target': None, 'cmake_target_skip_unavailable': False, 'install_base': '/home/agilex/krish_ws/install/vision_msgs_rviz_plugins', 'merge_install': False, 'path': '/home/agilex/krish_ws/src/vision_msgs/vision_msgs_rviz_plugins', 'symlink_install': False, 'test_result_base': None}
[20.453s] Level 5:colcon.colcon_core.verb:set package 'yolov5_ros2' build argument 'cmake_args' from command line to 'None'
[20.453s] Level 5:colcon.colcon_core.verb:set package 'yolov5_ros2' build argument 'cmake_target' from command line to 'None'
[20.454s] Level 5:colcon.colcon_core.verb:set package 'yolov5_ros2' build argument 'cmake_target_skip_unavailable' from command line to 'False'
[20.454s] Level 5:colcon.colcon_core.verb:set package 'yolov5_ros2' build argument 'cmake_clean_cache' from command line to 'False'
[20.454s] Level 5:colcon.colcon_core.verb:set package 'yolov5_ros2' build argument 'cmake_clean_first' from command line to 'False'
[20.454s] Level 5:colcon.colcon_core.verb:set package 'yolov5_ros2' build argument 'cmake_force_configure' from command line to 'False'
[20.454s] Level 5:colcon.colcon_core.verb:set package 'yolov5_ros2' build argument 'ament_cmake_args' from command line to 'None'
[20.454s] Level 5:colcon.colcon_core.verb:set package 'yolov5_ros2' build argument 'catkin_cmake_args' from command line to 'None'
[20.454s] Level 5:colcon.colcon_core.verb:set package 'yolov5_ros2' build argument 'catkin_skip_building_tests' from command line to 'False'
[20.454s] DEBUG:colcon.colcon_core.verb:Building package 'yolov5_ros2' with the following arguments: {'ament_cmake_args': None, 'build_base': '/home/agilex/krish_ws/build/yolov5_ros2', 'catkin_cmake_args': None, 'catkin_skip_building_tests': False, 'cmake_args': None, 'cmake_clean_cache': False, 'cmake_clean_first': False, 'cmake_force_configure': False, 'cmake_target': None, 'cmake_target_skip_unavailable': False, 'install_base': '/home/agilex/krish_ws/install/yolov5_ros2', 'merge_install': False, 'path': '/home/agilex/krish_ws/src/yolov5_ros2', 'symlink_install': False, 'test_result_base': None}
[20.722s] INFO:colcon.colcon_core.executor:Executing jobs using 'parallel' executor
[20.992s] DEBUG:colcon.colcon_parallel_executor.executor.parallel:run_until_complete
[20.992s] INFO:colcon.colcon_ros.task.ament_cmake.build:Building ROS package in '/home/agilex/krish_ws/src/vision_msgs/vision_msgs' with build type 'ament_cmake'
[20.993s] INFO:colcon.colcon_cmake.task.cmake.build:Building CMake package in '/home/agilex/krish_ws/src/vision_msgs/vision_msgs'
[21.276s] INFO:colcon.colcon_core.plugin_system:Skipping extension 'colcon_core.shell.bat': Not used on non-Windows systems
[21.276s] INFO:colcon.colcon_core.shell:Skip shell extension 'powershell' for command environment: Not usable outside of PowerShell
[21.276s] DEBUG:colcon.colcon_core.shell:Skip shell extension 'dsv' for command environment
[22.413s] DEBUG:colcon.colcon_core.event_handler.log_command:Invoking command in '/home/agilex/krish_ws/build/vision_msgs': CMAKE_PREFIX_PATH=${CMAKE_PREFIX_PATH}:/home/agilex/krish_ws/install/yolov5_ros2:/home/agilex/krish_ws/install/yolo_ros:/home/agilex/krish_ws/install/object_detection:/home/agilex/limo_ros2_ws/install/ultraarm:/home/agilex/limo_ros2_ws/install/nav2_gazebo_spawner:/home/agilex/limo_ros2_ws/install/mypalletizer_260_pi:/home/agilex/limo_ros2_ws/install/mypalletizer_260:/home/agilex/limo_ros2_ws/install/mypalletizer_communication:/home/agilex/limo_ros2_ws/install/mycobot_630:/home/agilex/limo_ros2_ws/install/mycobot_600:/home/agilex/limo_ros2_ws/install/mycobot_320pi:/home/agilex/limo_ros2_ws/install/mycobot_320:/home/agilex/limo_ros2_ws/install/mycobot_280pi:/home/agilex/limo_ros2_ws/install/mycobot_280jn:/home/agilex/limo_ros2_ws/install/mycobot_280_x3pi:/home/agilex/limo_ros2_ws/install/mycobot_280:/home/agilex/limo_ros2_ws/install/myarm_m750:/home/agilex/limo_ros2_ws/install/myarm_c650:/home/agilex/limo_ros2_ws/install/myarm_300:/home/agilex/limo_ros2_ws/install/mycobot_communication:/home/agilex/limo_ros2_ws/install/mecharm_pi:/home/agilex/limo_ros2_ws/install/mecharm:/home/agilex/limo_ros2_ws/install/mecharm_communication:/home/agilex/limo_ros2_ws/install/mybuddy:/home/agilex/limo_ros2_ws/install/mycobot_description:/opt/ros/foxy /usr/bin/cmake /home/agilex/krish_ws/src/vision_msgs/vision_msgs -DCMAKE_INSTALL_PREFIX=/home/agilex/krish_ws/install/vision_msgs
[29.759s] DEBUG:colcon.colcon_core.event_handler.log_command:Invoked command in '/home/agilex/krish_ws/build/vision_msgs' returned '0': CMAKE_PREFIX_PATH=${CMAKE_PREFIX_PATH}:/home/agilex/krish_ws/install/yolov5_ros2:/home/agilex/krish_ws/install/yolo_ros:/home/agilex/krish_ws/install/object_detection:/home/agilex/limo_ros2_ws/install/ultraarm:/home/agilex/limo_ros2_ws/install/nav2_gazebo_spawner:/home/agilex/limo_ros2_ws/install/mypalletizer_260_pi:/home/agilex/limo_ros2_ws/install/mypalletizer_260:/home/agilex/limo_ros2_ws/install/mypalletizer_communication:/home/agilex/limo_ros2_ws/install/mycobot_630:/home/agilex/limo_ros2_ws/install/mycobot_600:/home/agilex/limo_ros2_ws/install/mycobot_320pi:/home/agilex/limo_ros2_ws/install/mycobot_320:/home/agilex/limo_ros2_ws/install/mycobot_280pi:/home/agilex/limo_ros2_ws/install/mycobot_280jn:/home/agilex/limo_ros2_ws/install/mycobot_280_x3pi:/home/agilex/limo_ros2_ws/install/mycobot_280:/home/agilex/limo_ros2_ws/install/myarm_m750:/home/agilex/limo_ros2_ws/install/myarm_c650:/home/agilex/limo_ros2_ws/install/myarm_300:/home/agilex/limo_ros2_ws/install/mycobot_communication:/home/agilex/limo_ros2_ws/install/mecharm_pi:/home/agilex/limo_ros2_ws/install/mecharm:/home/agilex/limo_ros2_ws/install/mecharm_communication:/home/agilex/limo_ros2_ws/install/mybuddy:/home/agilex/limo_ros2_ws/install/mycobot_description:/opt/ros/foxy /usr/bin/cmake /home/agilex/krish_ws/src/vision_msgs/vision_msgs -DCMAKE_INSTALL_PREFIX=/home/agilex/krish_ws/install/vision_msgs
[29.767s] DEBUG:colcon.colcon_core.event_handler.log_command:Invoking command in '/home/agilex/krish_ws/build/vision_msgs': CMAKE_PREFIX_PATH=${CMAKE_PREFIX_PATH}:/home/agilex/krish_ws/install/yolov5_ros2:/home/agilex/krish_ws/install/yolo_ros:/home/agilex/krish_ws/install/object_detection:/home/agilex/limo_ros2_ws/install/ultraarm:/home/agilex/limo_ros2_ws/install/nav2_gazebo_spawner:/home/agilex/limo_ros2_ws/install/mypalletizer_260_pi:/home/agilex/limo_ros2_ws/install/mypalletizer_260:/home/agilex/limo_ros2_ws/install/mypalletizer_communication:/home/agilex/limo_ros2_ws/install/mycobot_630:/home/agilex/limo_ros2_ws/install/mycobot_600:/home/agilex/limo_ros2_ws/install/mycobot_320pi:/home/agilex/limo_ros2_ws/install/mycobot_320:/home/agilex/limo_ros2_ws/install/mycobot_280pi:/home/agilex/limo_ros2_ws/install/mycobot_280jn:/home/agilex/limo_ros2_ws/install/mycobot_280_x3pi:/home/agilex/limo_ros2_ws/install/mycobot_280:/home/agilex/limo_ros2_ws/install/myarm_m750:/home/agilex/limo_ros2_ws/install/myarm_c650:/home/agilex/limo_ros2_ws/install/myarm_300:/home/agilex/limo_ros2_ws/install/mycobot_communication:/home/agilex/limo_ros2_ws/install/mecharm_pi:/home/agilex/limo_ros2_ws/install/mecharm:/home/agilex/limo_ros2_ws/install/mecharm_communication:/home/agilex/limo_ros2_ws/install/mybuddy:/home/agilex/limo_ros2_ws/install/mycobot_description:/opt/ros/foxy /usr/bin/cmake --build /home/agilex/krish_ws/build/vision_msgs -- -j6 -l6
[54.549s] DEBUG:colcon.colcon_core.event_handler.log_command:Invoked command in '/home/agilex/krish_ws/build/vision_msgs' returned '0': CMAKE_PREFIX_PATH=${CMAKE_PREFIX_PATH}:/home/agilex/krish_ws/install/yolov5_ros2:/home/agilex/krish_ws/install/yolo_ros:/home/agilex/krish_ws/install/object_detection:/home/agilex/limo_ros2_ws/install/ultraarm:/home/agilex/limo_ros2_ws/install/nav2_gazebo_spawner:/home/agilex/limo_ros2_ws/install/mypalletizer_260_pi:/home/agilex/limo_ros2_ws/install/mypalletizer_260:/home/agilex/limo_ros2_ws/install/mypalletizer_communication:/home/agilex/limo_ros2_ws/install/mycobot_630:/home/agilex/limo_ros2_ws/install/mycobot_600:/home/agilex/limo_ros2_ws/install/mycobot_320pi:/home/agilex/limo_ros2_ws/install/mycobot_320:/home/agilex/limo_ros2_ws/install/mycobot_280pi:/home/agilex/limo_ros2_ws/install/mycobot_280jn:/home/agilex/limo_ros2_ws/install/mycobot_280_x3pi:/home/agilex/limo_ros2_ws/install/mycobot_280:/home/agilex/limo_ros2_ws/install/myarm_m750:/home/agilex/limo_ros2_ws/install/myarm_c650:/home/agilex/limo_ros2_ws/install/myarm_300:/home/agilex/limo_ros2_ws/install/mycobot_communication:/home/agilex/limo_ros2_ws/install/mecharm_pi:/home/agilex/limo_ros2_ws/install/mecharm:/home/agilex/limo_ros2_ws/install/mecharm_communication:/home/agilex/limo_ros2_ws/install/mybuddy:/home/agilex/limo_ros2_ws/install/mycobot_description:/opt/ros/foxy /usr/bin/cmake --build /home/agilex/krish_ws/build/vision_msgs -- -j6 -l6
[55.767s] DEBUG:colcon.colcon_core.event_handler.log_command:Invoking command in '/home/agilex/krish_ws/build/vision_msgs': CMAKE_PREFIX_PATH=${CMAKE_PREFIX_PATH}:/home/agilex/krish_ws/install/yolov5_ros2:/home/agilex/krish_ws/install/yolo_ros:/home/agilex/krish_ws/install/object_detection:/home/agilex/limo_ros2_ws/install/ultraarm:/home/agilex/limo_ros2_ws/install/nav2_gazebo_spawner:/home/agilex/limo_ros2_ws/install/mypalletizer_260_pi:/home/agilex/limo_ros2_ws/install/mypalletizer_260:/home/agilex/limo_ros2_ws/install/mypalletizer_communication:/home/agilex/limo_ros2_ws/install/mycobot_630:/home/agilex/limo_ros2_ws/install/mycobot_600:/home/agilex/limo_ros2_ws/install/mycobot_320pi:/home/agilex/limo_ros2_ws/install/mycobot_320:/home/agilex/limo_ros2_ws/install/mycobot_280pi:/home/agilex/limo_ros2_ws/install/mycobot_280jn:/home/agilex/limo_ros2_ws/install/mycobot_280_x3pi:/home/agilex/limo_ros2_ws/install/mycobot_280:/home/agilex/limo_ros2_ws/install/myarm_m750:/home/agilex/limo_ros2_ws/install/myarm_c650:/home/agilex/limo_ros2_ws/install/myarm_300:/home/agilex/limo_ros2_ws/install/mycobot_communication:/home/agilex/limo_ros2_ws/install/mecharm_pi:/home/agilex/limo_ros2_ws/install/mecharm:/home/agilex/limo_ros2_ws/install/mecharm_communication:/home/agilex/limo_ros2_ws/install/mybuddy:/home/agilex/limo_ros2_ws/install/mycobot_description:/opt/ros/foxy /usr/bin/cmake --install /home/agilex/krish_ws/build/vision_msgs
[56.000s] Level 1:colcon.colcon_core.environment:create_environment_scripts_only(vision_msgs)
[56.001s] DEBUG:colcon.colcon_core.event_handler.log_command:Invoked command in '/home/agilex/krish_ws/build/vision_msgs' returned '0': CMAKE_PREFIX_PATH=${CMAKE_PREFIX_PATH}:/home/agilex/krish_ws/install/yolov5_ros2:/home/agilex/krish_ws/install/yolo_ros:/home/agilex/krish_ws/install/object_detection:/home/agilex/limo_ros2_ws/install/ultraarm:/home/agilex/limo_ros2_ws/install/nav2_gazebo_spawner:/home/agilex/limo_ros2_ws/install/mypalletizer_260_pi:/home/agilex/limo_ros2_ws/install/mypalletizer_260:/home/agilex/limo_ros2_ws/install/mypalletizer_communication:/home/agilex/limo_ros2_ws/install/mycobot_630:/home/agilex/limo_ros2_ws/install/mycobot_600:/home/agilex/limo_ros2_ws/install/mycobot_320pi:/home/agilex/limo_ros2_ws/install/mycobot_320:/home/agilex/limo_ros2_ws/install/mycobot_280pi:/home/agilex/limo_ros2_ws/install/mycobot_280jn:/home/agilex/limo_ros2_ws/install/mycobot_280_x3pi:/home/agilex/limo_ros2_ws/install/mycobot_280:/home/agilex/limo_ros2_ws/install/myarm_m750:/home/agilex/limo_ros2_ws/install/myarm_c650:/home/agilex/limo_ros2_ws/install/myarm_300:/home/agilex/limo_ros2_ws/install/mycobot_communication:/home/agilex/limo_ros2_ws/install/mecharm_pi:/home/agilex/limo_ros2_ws/install/mecharm:/home/agilex/limo_ros2_ws/install/mecharm_communication:/home/agilex/limo_ros2_ws/install/mybuddy:/home/agilex/limo_ros2_ws/install/mycobot_description:/opt/ros/foxy /usr/bin/cmake --install /home/agilex/krish_ws/build/vision_msgs
[56.296s] Level 1:colcon.colcon_core.environment:checking '/home/agilex/krish_ws/install/vision_msgs' for CMake module files
[56.298s] Level 1:colcon.colcon_core.environment:checking '/home/agilex/krish_ws/install/vision_msgs' for CMake config files
[56.299s] Level 1:colcon.colcon_core.shell:create_environment_hook('vision_msgs', 'cmake_prefix_path')
[56.573s] INFO:colcon.colcon_core.shell:Creating environment hook '/home/agilex/krish_ws/install/vision_msgs/share/vision_msgs/hook/cmake_prefix_path.ps1'
[56.575s] INFO:colcon.colcon_core.shell:Creating environment descriptor '/home/agilex/krish_ws/install/vision_msgs/share/vision_msgs/hook/cmake_prefix_path.dsv'
[56.575s] INFO:colcon.colcon_core.shell:Creating environment hook '/home/agilex/krish_ws/install/vision_msgs/share/vision_msgs/hook/cmake_prefix_path.sh'
[56.577s] Level 1:colcon.colcon_core.environment:checking '/home/agilex/krish_ws/install/vision_msgs/lib'
[56.578s] Level 1:colcon.colcon_core.shell:create_environment_hook('vision_msgs', 'ld_library_path_lib')
[56.853s] INFO:colcon.colcon_core.shell:Creating environment hook '/home/agilex/krish_ws/install/vision_msgs/share/vision_msgs/hook/ld_library_path_lib.ps1'
[56.854s] INFO:colcon.colcon_core.shell:Creating environment descriptor '/home/agilex/krish_ws/install/vision_msgs/share/vision_msgs/hook/ld_library_path_lib.dsv'
[56.855s] INFO:colcon.colcon_core.shell:Creating environment hook '/home/agilex/krish_ws/install/vision_msgs/share/vision_msgs/hook/ld_library_path_lib.sh'
[56.855s] Level 1:colcon.colcon_core.environment:checking '/home/agilex/krish_ws/install/vision_msgs/bin'
[56.856s] Level 1:colcon.colcon_core.environment:checking '/home/agilex/krish_ws/install/vision_msgs/lib/pkgconfig/vision_msgs.pc'
[56.856s] Level 1:colcon.colcon_core.environment:checking '/home/agilex/krish_ws/install/vision_msgs/lib/python3.8/site-packages'
[56.856s] Level 1:colcon.colcon_core.shell:create_environment_hook('vision_msgs', 'pythonpath')
[57.130s] INFO:colcon.colcon_core.shell:Creating environment hook '/home/agilex/krish_ws/install/vision_msgs/share/vision_msgs/hook/pythonpath.ps1'
[57.131s] INFO:colcon.colcon_core.shell:Creating environment descriptor '/home/agilex/krish_ws/install/vision_msgs/share/vision_msgs/hook/pythonpath.dsv'
[57.131s] INFO:colcon.colcon_core.shell:Creating environment hook '/home/agilex/krish_ws/install/vision_msgs/share/vision_msgs/hook/pythonpath.sh'
[57.132s] Level 1:colcon.colcon_core.environment:checking '/home/agilex/krish_ws/install/vision_msgs/bin'
[57.407s] INFO:colcon.colcon_core.shell:Creating package script '/home/agilex/krish_ws/install/vision_msgs/share/vision_msgs/package.ps1'
[57.409s] INFO:colcon.colcon_core.shell:Creating package descriptor '/home/agilex/krish_ws/install/vision_msgs/share/vision_msgs/package.dsv'
[57.411s] INFO:colcon.colcon_core.shell:Creating package script '/home/agilex/krish_ws/install/vision_msgs/share/vision_msgs/package.sh'
[57.412s] INFO:colcon.colcon_core.shell:Creating package script '/home/agilex/krish_ws/install/vision_msgs/share/vision_msgs/package.bash'
[57.413s] INFO:colcon.colcon_core.shell:Creating package script '/home/agilex/krish_ws/install/vision_msgs/share/vision_msgs/package.zsh'
[57.414s] Level 1:colcon.colcon_core.environment:create_file_with_runtime_dependencies(/home/agilex/krish_ws/install/vision_msgs/share/colcon-core/packages/vision_msgs)
[58.892s] Level 1:colcon.colcon_core.environment:create_environment_scripts_only(vision_msgs)
[59.167s] Level 1:colcon.colcon_core.environment:checking '/home/agilex/krish_ws/install/vision_msgs' for CMake module files
[59.169s] Level 1:colcon.colcon_core.environment:checking '/home/agilex/krish_ws/install/vision_msgs' for CMake config files
[59.170s] Level 1:colcon.colcon_core.shell:create_environment_hook('vision_msgs', 'cmake_prefix_path')
[59.445s] INFO:colcon.colcon_core.shell:Creating environment hook '/home/agilex/krish_ws/install/vision_msgs/share/vision_msgs/hook/cmake_prefix_path.ps1'
[59.447s] INFO:colcon.colcon_core.shell:Creating environment descriptor '/home/agilex/krish_ws/install/vision_msgs/share/vision_msgs/hook/cmake_prefix_path.dsv'
[59.447s] INFO:colcon.colcon_core.shell:Creating environment hook '/home/agilex/krish_ws/install/vision_msgs/share/vision_msgs/hook/cmake_prefix_path.sh'
[59.449s] Level 1:colcon.colcon_core.environment:checking '/home/agilex/krish_ws/install/vision_msgs/lib'
[59.449s] Level 1:colcon.colcon_core.shell:create_environment_hook('vision_msgs', 'ld_library_path_lib')
[59.728s] INFO:colcon.colcon_core.shell:Creating environment hook '/home/agilex/krish_ws/install/vision_msgs/share/vision_msgs/hook/ld_library_path_lib.ps1'
[59.729s] INFO:colcon.colcon_core.shell:Creating environment descriptor '/home/agilex/krish_ws/install/vision_msgs/share/vision_msgs/hook/ld_library_path_lib.dsv'
[59.730s] INFO:colcon.colcon_core.shell:Creating environment hook '/home/agilex/krish_ws/install/vision_msgs/share/vision_msgs/hook/ld_library_path_lib.sh'
[59.731s] Level 1:colcon.colcon_core.environment:checking '/home/agilex/krish_ws/install/vision_msgs/bin'
[59.731s] Level 1:colcon.colcon_core.environment:checking '/home/agilex/krish_ws/install/vision_msgs/lib/pkgconfig/vision_msgs.pc'
[59.731s] Level 1:colcon.colcon_core.environment:checking '/home/agilex/krish_ws/install/vision_msgs/lib/python3.8/site-packages'
[59.732s] Level 1:colcon.colcon_core.shell:create_environment_hook('vision_msgs', 'pythonpath')
[60.009s] INFO:colcon.colcon_core.shell:Creating environment hook '/home/agilex/krish_ws/install/vision_msgs/share/vision_msgs/hook/pythonpath.ps1'
[60.010s] INFO:colcon.colcon_core.shell:Creating environment descriptor '/home/agilex/krish_ws/install/vision_msgs/share/vision_msgs/hook/pythonpath.dsv'
[60.011s] INFO:colcon.colcon_core.shell:Creating environment hook '/home/agilex/krish_ws/install/vision_msgs/share/vision_msgs/hook/pythonpath.sh'
[60.012s] Level 1:colcon.colcon_core.environment:checking '/home/agilex/krish_ws/install/vision_msgs/bin'
[60.289s] INFO:colcon.colcon_core.shell:Creating package script '/home/agilex/krish_ws/install/vision_msgs/share/vision_msgs/package.ps1'
[60.291s] INFO:colcon.colcon_core.shell:Creating package descriptor '/home/agilex/krish_ws/install/vision_msgs/share/vision_msgs/package.dsv'
[60.292s] INFO:colcon.colcon_core.shell:Creating package script '/home/agilex/krish_ws/install/vision_msgs/share/vision_msgs/package.sh'
[60.293s] INFO:colcon.colcon_core.shell:Creating package script '/home/agilex/krish_ws/install/vision_msgs/share/vision_msgs/package.bash'
[60.293s] INFO:colcon.colcon_core.shell:Creating package script '/home/agilex/krish_ws/install/vision_msgs/share/vision_msgs/package.zsh'
[60.294s] Level 1:colcon.colcon_core.environment:create_file_with_runtime_dependencies(/home/agilex/krish_ws/install/vision_msgs/share/colcon-core/packages/vision_msgs)
[60.295s] INFO:colcon.colcon_ros.task.ament_python.build:Building ROS package in '/home/agilex/krish_ws/src/object_detection' with build type 'ament_python'
[60.296s] Level 1:colcon.colcon_core.shell:create_environment_hook('object_detection', 'ament_prefix_path')
[60.576s] INFO:colcon.colcon_core.shell:Creating environment hook '/home/agilex/krish_ws/install/object_detection/share/object_detection/hook/ament_prefix_path.ps1'
[60.577s] INFO:colcon.colcon_core.shell:Creating environment descriptor '/home/agilex/krish_ws/install/object_detection/share/object_detection/hook/ament_prefix_path.dsv'
[60.578s] INFO:colcon.colcon_core.shell:Creating environment hook '/home/agilex/krish_ws/install/object_detection/share/object_detection/hook/ament_prefix_path.sh'
[60.854s] INFO:colcon.colcon_core.shell:Skip shell extension 'powershell' for command environment: Not usable outside of PowerShell
[60.854s] DEBUG:colcon.colcon_core.shell:Skip shell extension 'dsv' for command environment
[61.976s] INFO:colcon.colcon_ros.task.ament_cmake.build:Building ROS package in '/home/agilex/krish_ws/src/vision_msgs/vision_msgs_rviz_plugins' with build type 'ament_cmake'
[61.977s] INFO:colcon.colcon_cmake.task.cmake.build:Building CMake package in '/home/agilex/krish_ws/src/vision_msgs/vision_msgs_rviz_plugins'
[62.258s] INFO:colcon.colcon_core.shell:Skip shell extension 'powershell' for command environment: Not usable outside of PowerShell
[62.258s] DEBUG:colcon.colcon_core.shell:Skip shell extension 'dsv' for command environment
[63.381s] INFO:colcon.colcon_ros.task.ament_python.build:Building ROS package in '/home/agilex/krish_ws/src/yolov5_ros2' with build type 'ament_python'
[63.382s] Level 1:colcon.colcon_core.shell:create_environment_hook('yolov5_ros2', 'ament_prefix_path')
[63.660s] INFO:colcon.colcon_core.shell:Creating environment hook '/home/agilex/krish_ws/install/yolov5_ros2/share/yolov5_ros2/hook/ament_prefix_path.ps1'
[63.661s] INFO:colcon.colcon_core.shell:Creating environment descriptor '/home/agilex/krish_ws/install/yolov5_ros2/share/yolov5_ros2/hook/ament_prefix_path.dsv'
[63.662s] INFO:colcon.colcon_core.shell:Creating environment hook '/home/agilex/krish_ws/install/yolov5_ros2/share/yolov5_ros2/hook/ament_prefix_path.sh'
[63.936s] INFO:colcon.colcon_core.shell:Skip shell extension 'powershell' for command environment: Not usable outside of PowerShell
[63.937s] DEBUG:colcon.colcon_core.shell:Skip shell extension 'dsv' for command environment
[65.608s] INFO:colcon.colcon_core.task.python.build:Building Python package in '/home/agilex/krish_ws/src/object_detection'
[65.887s] INFO:colcon.colcon_core.shell:Skip shell extension 'powershell' for command environment: Not usable outside of PowerShell
[65.887s] DEBUG:colcon.colcon_core.shell:Skip shell extension 'dsv' for command environment
[67.018s] DEBUG:colcon.colcon_core.event_handler.log_command:Invoking command in '/home/agilex/krish_ws/build/vision_msgs_rviz_plugins': AMENT_PREFIX_PATH=/home/agilex/krish_ws/install/vision_msgs:${AMENT_PREFIX_PATH} CMAKE_PREFIX_PATH=/home/agilex/krish_ws/install/vision_msgs:/home/agilex/krish_ws/install/yolo_bringup:/home/agilex/krish_ws/install/yolo_msgs:/home/agilex/limo_ros2_ws/install/ydlidar_sdk:/home/agilex/limo_ros2_ws/install/ydlidar_ros2_driver:/home/agilex/limo_ros2_ws/install/tf_test:/home/agilex/limo_ros2_ws/install/teb_local_planner:/home/agilex/limo_ros2_ws/install/teb_msgs:/home/agilex/limo_ros2_ws/install/nav2_system_tests:/home/agilex/limo_ros2_ws/install/nav2_bringup:/home/agilex/limo_ros2_ws/install/navigation2:/home/agilex/limo_ros2_ws/install/smac_planner:/home/agilex/limo_ros2_ws/install/rf2o_laser_odometry:/home/agilex/limo_ros2_ws/install/orbbec_description:/home/agilex/limo_ros2_ws/install/orbbec_camera:/home/agilex/limo_ros2_ws/install/orbbec_camera_msgs:/home/agilex/limo_ros2_ws/install/nav2_dwb_controller:/home/agilex/limo_ros2_ws/install/nav2_controller:/home/agilex/limo_ros2_ws/install/dwb_plugins:/home/agilex/limo_ros2_ws/install/dwb_critics:/home/agilex/limo_ros2_ws/install/dwb_core:/home/agilex/limo_ros2_ws/install/nav_2d_utils:/home/agilex/limo_ros2_ws/install/dwb_msgs:/home/agilex/limo_ros2_ws/install/nav_2d_msgs:/home/agilex/limo_ros2_ws/install/nav2_waypoint_follower:/home/agilex/limo_ros2_ws/install/nav2_regulated_pure_pursuit_controller:/home/agilex/limo_ros2_ws/install/nav2_recoveries:/home/agilex/limo_ros2_ws/install/nav2_planner:/home/agilex/limo_ros2_ws/install/nav2_navfn_planner:/home/agilex/limo_ros2_ws/install/nav2_core:/home/agilex/limo_ros2_ws/install/costmap_queue:/home/agilex/limo_ros2_ws/install/costmap_converter:/home/agilex/limo_ros2_ws/install/nav2_costmap_2d:/home/agilex/limo_ros2_ws/install/nav2_voxel_grid:/home/agilex/limo_ros2_ws/install/nav2_rviz_plugins:/home/agilex/limo_ros2_ws/install/nav2_map_server:/home/agilex/limo_ros2_ws/install/nav2_lifecycle_manager:/home/agilex/limo_ros2_ws/install/nav2_bt_navigator:/home/agilex/limo_ros2_ws/install/nav2_behavior_tree:/home/agilex/limo_ros2_ws/install/nav2_amcl:/home/agilex/limo_ros2_ws/install/nav2_util:/home/agilex/limo_ros2_ws/install/nav2_msgs:/home/agilex/limo_ros2_ws/install/nav2_common:/home/agilex/limo_ros2_ws/install/mypalletizer_interfaces:/home/agilex/limo_ros2_ws/install/mycobot_interfaces:/home/agilex/limo_ros2_ws/install/mecharm_interfaces:/home/agilex/limo_ros2_ws/install/limo_visions:/home/agilex/limo_ros2_ws/install/limo_bringup:/home/agilex/limo_ros2_ws/install/limo_base:/home/agilex/limo_ros2_ws/install/limo_msgs:/home/agilex/limo_ros2_ws/install/limo_description:/home/agilex/limo_ros2_ws/install/costmap_converter_msgs:/home/agilex/krish_ws/install/yolov5_ros2:/home/agilex/krish_ws/install/yolo_ros:/home/agilex/krish_ws/install/object_detection:/home/agilex/limo_ros2_ws/install/ultraarm:/home/agilex/limo_ros2_ws/install/nav2_gazebo_spawner:/home/agilex/limo_ros2_ws/install/mypalletizer_260_pi:/home/agilex/limo_ros2_ws/install/mypalletizer_260:/home/agilex/limo_ros2_ws/install/mypalletizer_communication:/home/agilex/limo_ros2_ws/install/mycobot_630:/home/agilex/limo_ros2_ws/install/mycobot_600:/home/agilex/limo_ros2_ws/install/mycobot_320pi:/home/agilex/limo_ros2_ws/install/mycobot_320:/home/agilex/limo_ros2_ws/install/mycobot_280pi:/home/agilex/limo_ros2_ws/install/mycobot_280jn:/home/agilex/limo_ros2_ws/install/mycobot_280_x3pi:/home/agilex/limo_ros2_ws/install/mycobot_280:/home/agilex/limo_ros2_ws/install/myarm_m750:/home/agilex/limo_ros2_ws/install/myarm_c650:/home/agilex/limo_ros2_ws/install/myarm_300:/home/agilex/limo_ros2_ws/install/mycobot_communication:/home/agilex/limo_ros2_ws/install/mecharm_pi:/home/agilex/limo_ros2_ws/install/mecharm:/home/agilex/limo_ros2_ws/install/mecharm_communication:/home/agilex/limo_ros2_ws/install/mybuddy:/home/agilex/limo_ros2_ws/install/mycobot_description:/opt/ros/foxy LD_LIBRARY_PATH=/home/agilex/krish_ws/install/vision_msgs/lib:${LD_LIBRARY_PATH} PYTHONPATH=/home/agilex/krish_ws/install/vision_msgs/lib/python3.8/site-packages:${PYTHONPATH} /usr/bin/cmake /home/agilex/krish_ws/src/vision_msgs/vision_msgs_rviz_plugins -DCMAKE_INSTALL_PREFIX=/home/agilex/krish_ws/install/vision_msgs_rviz_plugins
[67.626s] WARNING:colcon.colcon_ros.task.ament_python.build:Package 'yolov5_ros2' doesn't explicitly install a marker in the package index (colcon-ros currently does it implicitly but that fallback will be removed in the future)
[67.627s] INFO:colcon.colcon_core.task.python.build:Building Python package in '/home/agilex/krish_ws/src/yolov5_ros2'
[67.917s] INFO:colcon.colcon_core.shell:Skip shell extension 'powershell' for command environment: Not usable outside of PowerShell
[67.917s] DEBUG:colcon.colcon_core.shell:Skip shell extension 'dsv' for command environment
[70.815s] DEBUG:colcon.colcon_core.event_handler.log_command:Invoking command in '/home/agilex/krish_ws/src/object_detection': AMENT_PREFIX_PATH=/home/agilex/krish_ws/install/vision_msgs:${AMENT_PREFIX_PATH} CMAKE_PREFIX_PATH=/home/agilex/krish_ws/install/vision_msgs:${CMAKE_PREFIX_PATH} LD_LIBRARY_PATH=/home/agilex/krish_ws/install/vision_msgs/lib:${LD_LIBRARY_PATH} PYTHONPATH=/home/agilex/krish_ws/build/object_detection/prefix_override:/home/agilex/krish_ws/install/object_detection/lib/python3.8/site-packages:/home/agilex/krish_ws/install/vision_msgs/lib/python3.8/site-packages:${PYTHONPATH} /usr/bin/python3 setup.py egg_info --egg-base ../../build/object_detection build --build-base /home/agilex/krish_ws/build/object_detection/build install --record /home/agilex/krish_ws/build/object_detection/install.log --install-scripts $base/lib/object_detection --single-version-externally-managed
[70.823s] DEBUG:colcon.colcon_core.event_handler.log_command:Invoking command in '/home/agilex/krish_ws/src/yolov5_ros2': AMENT_PREFIX_PATH=/home/agilex/krish_ws/install/vision_msgs:${AMENT_PREFIX_PATH} CMAKE_PREFIX_PATH=/home/agilex/krish_ws/install/vision_msgs:${CMAKE_PREFIX_PATH} LD_LIBRARY_PATH=/home/agilex/krish_ws/install/vision_msgs/lib:${LD_LIBRARY_PATH} PYTHONPATH=/home/agilex/krish_ws/build/yolov5_ros2/prefix_override:/home/agilex/krish_ws/install/yolov5_ros2/lib/python3.8/site-packages:/home/agilex/krish_ws/install/vision_msgs/lib/python3.8/site-packages:${PYTHONPATH} /usr/bin/python3 setup.py egg_info --egg-base ../../build/yolov5_ros2 build --build-base /home/agilex/krish_ws/build/yolov5_ros2/build install --record /home/agilex/krish_ws/build/yolov5_ros2/install.log --single-version-externally-managed
[72.261s] DEBUG:colcon.colcon_core.event_handler.log_command:Invoked command in '/home/agilex/krish_ws/src/yolov5_ros2' returned '0': AMENT_PREFIX_PATH=/home/agilex/krish_ws/install/vision_msgs:${AMENT_PREFIX_PATH} CMAKE_PREFIX_PATH=/home/agilex/krish_ws/install/vision_msgs:${CMAKE_PREFIX_PATH} LD_LIBRARY_PATH=/home/agilex/krish_ws/install/vision_msgs/lib:${LD_LIBRARY_PATH} PYTHONPATH=/home/agilex/krish_ws/build/yolov5_ros2/prefix_override:/home/agilex/krish_ws/install/yolov5_ros2/lib/python3.8/site-packages:/home/agilex/krish_ws/install/vision_msgs/lib/python3.8/site-packages:${PYTHONPATH} /usr/bin/python3 setup.py egg_info --egg-base ../../build/yolov5_ros2 build --build-base /home/agilex/krish_ws/build/yolov5_ros2/build install --record /home/agilex/krish_ws/build/yolov5_ros2/install.log --single-version-externally-managed
[72.548s] Level 1:colcon.colcon_core.environment:checking '/home/agilex/krish_ws/install/yolov5_ros2' for CMake module files
[72.549s] Level 1:colcon.colcon_core.environment:checking '/home/agilex/krish_ws/install/yolov5_ros2' for CMake config files
[72.550s] Level 1:colcon.colcon_core.environment:checking '/home/agilex/krish_ws/install/yolov5_ros2/lib'
[72.550s] Level 1:colcon.colcon_core.environment:checking '/home/agilex/krish_ws/install/yolov5_ros2/bin'
[72.550s] Level 1:colcon.colcon_core.environment:checking '/home/agilex/krish_ws/install/yolov5_ros2/lib/pkgconfig/yolov5_ros2.pc'
[72.551s] Level 1:colcon.colcon_core.environment:checking '/home/agilex/krish_ws/install/yolov5_ros2/lib/python3.8/site-packages'
[72.551s] Level 1:colcon.colcon_core.shell:create_environment_hook('yolov5_ros2', 'pythonpath')
[72.831s] INFO:colcon.colcon_core.shell:Creating environment hook '/home/agilex/krish_ws/install/yolov5_ros2/share/yolov5_ros2/hook/pythonpath.ps1'
[72.832s] INFO:colcon.colcon_core.shell:Creating environment descriptor '/home/agilex/krish_ws/install/yolov5_ros2/share/yolov5_ros2/hook/pythonpath.dsv'
[72.833s] INFO:colcon.colcon_core.shell:Creating environment hook '/home/agilex/krish_ws/install/yolov5_ros2/share/yolov5_ros2/hook/pythonpath.sh'
[72.834s] Level 1:colcon.colcon_core.environment:checking '/home/agilex/krish_ws/install/yolov5_ros2/bin'
[72.834s] Level 1:colcon.colcon_core.environment:create_environment_scripts_only(yolov5_ros2)
[73.117s] INFO:colcon.colcon_core.shell:Creating package script '/home/agilex/krish_ws/install/yolov5_ros2/share/yolov5_ros2/package.ps1'
[73.118s] INFO:colcon.colcon_core.shell:Creating package descriptor '/home/agilex/krish_ws/install/yolov5_ros2/share/yolov5_ros2/package.dsv'
[73.119s] INFO:colcon.colcon_core.shell:Creating package script '/home/agilex/krish_ws/install/yolov5_ros2/share/yolov5_ros2/package.sh'
[73.120s] INFO:colcon.colcon_core.shell:Creating package script '/home/agilex/krish_ws/install/yolov5_ros2/share/yolov5_ros2/package.bash'
[73.120s] INFO:colcon.colcon_core.shell:Creating package script '/home/agilex/krish_ws/install/yolov5_ros2/share/yolov5_ros2/package.zsh'
[73.121s] Level 1:colcon.colcon_core.environment:create_file_with_runtime_dependencies(/home/agilex/krish_ws/install/yolov5_ros2/share/colcon-core/packages/yolov5_ros2)
[73.126s] DEBUG:colcon.colcon_core.event_handler.log_command:Invoked command in '/home/agilex/krish_ws/src/object_detection' returned '0': AMENT_PREFIX_PATH=/home/agilex/krish_ws/install/vision_msgs:${AMENT_PREFIX_PATH} CMAKE_PREFIX_PATH=/home/agilex/krish_ws/install/vision_msgs:${CMAKE_PREFIX_PATH} LD_LIBRARY_PATH=/home/agilex/krish_ws/install/vision_msgs/lib:${LD_LIBRARY_PATH} PYTHONPATH=/home/agilex/krish_ws/build/object_detection/prefix_override:/home/agilex/krish_ws/install/object_detection/lib/python3.8/site-packages:/home/agilex/krish_ws/install/vision_msgs/lib/python3.8/site-packages:${PYTHONPATH} /usr/bin/python3 setup.py egg_info --egg-base ../../build/object_detection build --build-base /home/agilex/krish_ws/build/object_detection/build install --record /home/agilex/krish_ws/build/object_detection/install.log --install-scripts $base/lib/object_detection --single-version-externally-managed
[73.408s] Level 1:colcon.colcon_core.environment:checking '/home/agilex/krish_ws/install/object_detection' for CMake module files
[73.409s] Level 1:colcon.colcon_core.environment:checking '/home/agilex/krish_ws/install/object_detection' for CMake config files
[73.410s] Level 1:colcon.colcon_core.environment:checking '/home/agilex/krish_ws/install/object_detection/lib'
[73.410s] Level 1:colcon.colcon_core.environment:checking '/home/agilex/krish_ws/install/object_detection/bin'
[73.410s] Level 1:colcon.colcon_core.environment:checking '/home/agilex/krish_ws/install/object_detection/lib/pkgconfig/object_detection.pc'
[73.411s] Level 1:colcon.colcon_core.environment:checking '/home/agilex/krish_ws/install/object_detection/lib/python3.8/site-packages'
[73.411s] Level 1:colcon.colcon_core.shell:create_environment_hook('object_detection', 'pythonpath')
[73.689s] INFO:colcon.colcon_core.shell:Creating environment hook '/home/agilex/krish_ws/install/object_detection/share/object_detection/hook/pythonpath.ps1'
[73.690s] INFO:colcon.colcon_core.shell:Creating environment descriptor '/home/agilex/krish_ws/install/object_detection/share/object_detection/hook/pythonpath.dsv'
[73.691s] INFO:colcon.colcon_core.shell:Creating environment hook '/home/agilex/krish_ws/install/object_detection/share/object_detection/hook/pythonpath.sh'
[73.692s] Level 1:colcon.colcon_core.environment:checking '/home/agilex/krish_ws/install/object_detection/bin'
[73.692s] Level 1:colcon.colcon_core.environment:create_environment_scripts_only(object_detection)
[73.969s] INFO:colcon.colcon_core.shell:Creating package script '/home/agilex/krish_ws/install/object_detection/share/object_detection/package.ps1'
[73.971s] INFO:colcon.colcon_core.shell:Creating package descriptor '/home/agilex/krish_ws/install/object_detection/share/object_detection/package.dsv'
[73.972s] INFO:colcon.colcon_core.shell:Creating package script '/home/agilex/krish_ws/install/object_detection/share/object_detection/package.sh'
[73.973s] INFO:colcon.colcon_core.shell:Creating package script '/home/agilex/krish_ws/install/object_detection/share/object_detection/package.bash'
[73.973s] INFO:colcon.colcon_core.shell:Creating package script '/home/agilex/krish_ws/install/object_detection/share/object_detection/package.zsh'
[73.974s] Level 1:colcon.colcon_core.environment:create_file_with_runtime_dependencies(/home/agilex/krish_ws/install/object_detection/share/colcon-core/packages/object_detection)
[76.703s] DEBUG:colcon.colcon_core.event_handler.log_command:Invoked command in '/home/agilex/krish_ws/build/vision_msgs_rviz_plugins' returned '0': AMENT_PREFIX_PATH=/home/agilex/krish_ws/install/vision_msgs:${AMENT_PREFIX_PATH} CMAKE_PREFIX_PATH=/home/agilex/krish_ws/install/vision_msgs:/home/agilex/krish_ws/install/yolo_bringup:/home/agilex/krish_ws/install/yolo_msgs:/home/agilex/limo_ros2_ws/install/ydlidar_sdk:/home/agilex/limo_ros2_ws/install/ydlidar_ros2_driver:/home/agilex/limo_ros2_ws/install/tf_test:/home/agilex/limo_ros2_ws/install/teb_local_planner:/home/agilex/limo_ros2_ws/install/teb_msgs:/home/agilex/limo_ros2_ws/install/nav2_system_tests:/home/agilex/limo_ros2_ws/install/nav2_bringup:/home/agilex/limo_ros2_ws/install/navigation2:/home/agilex/limo_ros2_ws/install/smac_planner:/home/agilex/limo_ros2_ws/install/rf2o_laser_odometry:/home/agilex/limo_ros2_ws/install/orbbec_description:/home/agilex/limo_ros2_ws/install/orbbec_camera:/home/agilex/limo_ros2_ws/install/orbbec_camera_msgs:/home/agilex/limo_ros2_ws/install/nav2_dwb_controller:/home/agilex/limo_ros2_ws/install/nav2_controller:/home/agilex/limo_ros2_ws/install/dwb_plugins:/home/agilex/limo_ros2_ws/install/dwb_critics:/home/agilex/limo_ros2_ws/install/dwb_core:/home/agilex/limo_ros2_ws/install/nav_2d_utils:/home/agilex/limo_ros2_ws/install/dwb_msgs:/home/agilex/limo_ros2_ws/install/nav_2d_msgs:/home/agilex/limo_ros2_ws/install/nav2_waypoint_follower:/home/agilex/limo_ros2_ws/install/nav2_regulated_pure_pursuit_controller:/home/agilex/limo_ros2_ws/install/nav2_recoveries:/home/agilex/limo_ros2_ws/install/nav2_planner:/home/agilex/limo_ros2_ws/install/nav2_navfn_planner:/home/agilex/limo_ros2_ws/install/nav2_core:/home/agilex/limo_ros2_ws/install/costmap_queue:/home/agilex/limo_ros2_ws/install/costmap_converter:/home/agilex/limo_ros2_ws/install/nav2_costmap_2d:/home/agilex/limo_ros2_ws/install/nav2_voxel_grid:/home/agilex/limo_ros2_ws/install/nav2_rviz_plugins:/home/agilex/limo_ros2_ws/install/nav2_map_server:/home/agilex/limo_ros2_ws/install/nav2_lifecycle_manager:/home/agilex/limo_ros2_ws/install/nav2_bt_navigator:/home/agilex/limo_ros2_ws/install/nav2_behavior_tree:/home/agilex/limo_ros2_ws/install/nav2_amcl:/home/agilex/limo_ros2_ws/install/nav2_util:/home/agilex/limo_ros2_ws/install/nav2_msgs:/home/agilex/limo_ros2_ws/install/nav2_common:/home/agilex/limo_ros2_ws/install/mypalletizer_interfaces:/home/agilex/limo_ros2_ws/install/mycobot_interfaces:/home/agilex/limo_ros2_ws/install/mecharm_interfaces:/home/agilex/limo_ros2_ws/install/limo_visions:/home/agilex/limo_ros2_ws/install/limo_bringup:/home/agilex/limo_ros2_ws/install/limo_base:/home/agilex/limo_ros2_ws/install/limo_msgs:/home/agilex/limo_ros2_ws/install/limo_description:/home/agilex/limo_ros2_ws/install/costmap_converter_msgs:/home/agilex/krish_ws/install/yolov5_ros2:/home/agilex/krish_ws/install/yolo_ros:/home/agilex/krish_ws/install/object_detection:/home/agilex/limo_ros2_ws/install/ultraarm:/home/agilex/limo_ros2_ws/install/nav2_gazebo_spawner:/home/agilex/limo_ros2_ws/install/mypalletizer_260_pi:/home/agilex/limo_ros2_ws/install/mypalletizer_260:/home/agilex/limo_ros2_ws/install/mypalletizer_communication:/home/agilex/limo_ros2_ws/install/mycobot_630:/home/agilex/limo_ros2_ws/install/mycobot_600:/home/agilex/limo_ros2_ws/install/mycobot_320pi:/home/agilex/limo_ros2_ws/install/mycobot_320:/home/agilex/limo_ros2_ws/install/mycobot_280pi:/home/agilex/limo_ros2_ws/install/mycobot_280jn:/home/agilex/limo_ros2_ws/install/mycobot_280_x3pi:/home/agilex/limo_ros2_ws/install/mycobot_280:/home/agilex/limo_ros2_ws/install/myarm_m750:/home/agilex/limo_ros2_ws/install/myarm_c650:/home/agilex/limo_ros2_ws/install/myarm_300:/home/agilex/limo_ros2_ws/install/mycobot_communication:/home/agilex/limo_ros2_ws/install/mecharm_pi:/home/agilex/limo_ros2_ws/install/mecharm:/home/agilex/limo_ros2_ws/install/mecharm_communication:/home/agilex/limo_ros2_ws/install/mybuddy:/home/agilex/limo_ros2_ws/install/mycobot_description:/opt/ros/foxy LD_LIBRARY_PATH=/home/agilex/krish_ws/install/vision_msgs/lib:${LD_LIBRARY_PATH} PYTHONPATH=/home/agilex/krish_ws/install/vision_msgs/lib/python3.8/site-packages:${PYTHONPATH} /usr/bin/cmake /home/agilex/krish_ws/src/vision_msgs/vision_msgs_rviz_plugins -DCMAKE_INSTALL_PREFIX=/home/agilex/krish_ws/install/vision_msgs_rviz_plugins
[76.710s] DEBUG:colcon.colcon_core.event_handler.log_command:Invoking command in '/home/agilex/krish_ws/build/vision_msgs_rviz_plugins': AMENT_PREFIX_PATH=/home/agilex/krish_ws/install/vision_msgs:${AMENT_PREFIX_PATH} CMAKE_PREFIX_PATH=/home/agilex/krish_ws/install/vision_msgs:/home/agilex/krish_ws/install/yolo_bringup:/home/agilex/krish_ws/install/yolo_msgs:/home/agilex/limo_ros2_ws/install/ydlidar_sdk:/home/agilex/limo_ros2_ws/install/ydlidar_ros2_driver:/home/agilex/limo_ros2_ws/install/tf_test:/home/agilex/limo_ros2_ws/install/teb_local_planner:/home/agilex/limo_ros2_ws/install/teb_msgs:/home/agilex/limo_ros2_ws/install/nav2_system_tests:/home/agilex/limo_ros2_ws/install/nav2_bringup:/home/agilex/limo_ros2_ws/install/navigation2:/home/agilex/limo_ros2_ws/install/smac_planner:/home/agilex/limo_ros2_ws/install/rf2o_laser_odometry:/home/agilex/limo_ros2_ws/install/orbbec_description:/home/agilex/limo_ros2_ws/install/orbbec_camera:/home/agilex/limo_ros2_ws/install/orbbec_camera_msgs:/home/agilex/limo_ros2_ws/install/nav2_dwb_controller:/home/agilex/limo_ros2_ws/install/nav2_controller:/home/agilex/limo_ros2_ws/install/dwb_plugins:/home/agilex/limo_ros2_ws/install/dwb_critics:/home/agilex/limo_ros2_ws/install/dwb_core:/home/agilex/limo_ros2_ws/install/nav_2d_utils:/home/agilex/limo_ros2_ws/install/dwb_msgs:/home/agilex/limo_ros2_ws/install/nav_2d_msgs:/home/agilex/limo_ros2_ws/install/nav2_waypoint_follower:/home/agilex/limo_ros2_ws/install/nav2_regulated_pure_pursuit_controller:/home/agilex/limo_ros2_ws/install/nav2_recoveries:/home/agilex/limo_ros2_ws/install/nav2_planner:/home/agilex/limo_ros2_ws/install/nav2_navfn_planner:/home/agilex/limo_ros2_ws/install/nav2_core:/home/agilex/limo_ros2_ws/install/costmap_queue:/home/agilex/limo_ros2_ws/install/costmap_converter:/home/agilex/limo_ros2_ws/install/nav2_costmap_2d:/home/agilex/limo_ros2_ws/install/nav2_voxel_grid:/home/agilex/limo_ros2_ws/install/nav2_rviz_plugins:/home/agilex/limo_ros2_ws/install/nav2_map_server:/home/agilex/limo_ros2_ws/install/nav2_lifecycle_manager:/home/agilex/limo_ros2_ws/install/nav2_bt_navigator:/home/agilex/limo_ros2_ws/install/nav2_behavior_tree:/home/agilex/limo_ros2_ws/install/nav2_amcl:/home/agilex/limo_ros2_ws/install/nav2_util:/home/agilex/limo_ros2_ws/install/nav2_msgs:/home/agilex/limo_ros2_ws/install/nav2_common:/home/agilex/limo_ros2_ws/install/mypalletizer_interfaces:/home/agilex/limo_ros2_ws/install/mycobot_interfaces:/home/agilex/limo_ros2_ws/install/mecharm_interfaces:/home/agilex/limo_ros2_ws/install/limo_visions:/home/agilex/limo_ros2_ws/install/limo_bringup:/home/agilex/limo_ros2_ws/install/limo_base:/home/agilex/limo_ros2_ws/install/limo_msgs:/home/agilex/limo_ros2_ws/install/limo_description:/home/agilex/limo_ros2_ws/install/costmap_converter_msgs:/home/agilex/krish_ws/install/yolov5_ros2:/home/agilex/krish_ws/install/yolo_ros:/home/agilex/krish_ws/install/object_detection:/home/agilex/limo_ros2_ws/install/ultraarm:/home/agilex/limo_ros2_ws/install/nav2_gazebo_spawner:/home/agilex/limo_ros2_ws/install/mypalletizer_260_pi:/home/agilex/limo_ros2_ws/install/mypalletizer_260:/home/agilex/limo_ros2_ws/install/mypalletizer_communication:/home/agilex/limo_ros2_ws/install/mycobot_630:/home/agilex/limo_ros2_ws/install/mycobot_600:/home/agilex/limo_ros2_ws/install/mycobot_320pi:/home/agilex/limo_ros2_ws/install/mycobot_320:/home/agilex/limo_ros2_ws/install/mycobot_280pi:/home/agilex/limo_ros2_ws/install/mycobot_280jn:/home/agilex/limo_ros2_ws/install/mycobot_280_x3pi:/home/agilex/limo_ros2_ws/install/mycobot_280:/home/agilex/limo_ros2_ws/install/myarm_m750:/home/agilex/limo_ros2_ws/install/myarm_c650:/home/agilex/limo_ros2_ws/install/myarm_300:/home/agilex/limo_ros2_ws/install/mycobot_communication:/home/agilex/limo_ros2_ws/install/mecharm_pi:/home/agilex/limo_ros2_ws/install/mecharm:/home/agilex/limo_ros2_ws/install/mecharm_communication:/home/agilex/limo_ros2_ws/install/mybuddy:/home/agilex/limo_ros2_ws/install/mycobot_description:/opt/ros/foxy LD_LIBRARY_PATH=/home/agilex/krish_ws/install/vision_msgs/lib:${LD_LIBRARY_PATH} PYTHONPATH=/home/agilex/krish_ws/install/vision_msgs/lib/python3.8/site-packages:${PYTHONPATH} /usr/bin/cmake --build /home/agilex/krish_ws/build/vision_msgs_rviz_plugins -- -j6 -l6
[117.348s] DEBUG:colcon.colcon_core.event_handler.log_command:Invoked command in '/home/agilex/krish_ws/build/vision_msgs_rviz_plugins' returned '0': AMENT_PREFIX_PATH=/home/agilex/krish_ws/install/vision_msgs:${AMENT_PREFIX_PATH} CMAKE_PREFIX_PATH=/home/agilex/krish_ws/install/vision_msgs:/home/agilex/krish_ws/install/yolo_bringup:/home/agilex/krish_ws/install/yolo_msgs:/home/agilex/limo_ros2_ws/install/ydlidar_sdk:/home/agilex/limo_ros2_ws/install/ydlidar_ros2_driver:/home/agilex/limo_ros2_ws/install/tf_test:/home/agilex/limo_ros2_ws/install/teb_local_planner:/home/agilex/limo_ros2_ws/install/teb_msgs:/home/agilex/limo_ros2_ws/install/nav2_system_tests:/home/agilex/limo_ros2_ws/install/nav2_bringup:/home/agilex/limo_ros2_ws/install/navigation2:/home/agilex/limo_ros2_ws/install/smac_planner:/home/agilex/limo_ros2_ws/install/rf2o_laser_odometry:/home/agilex/limo_ros2_ws/install/orbbec_description:/home/agilex/limo_ros2_ws/install/orbbec_camera:/home/agilex/limo_ros2_ws/install/orbbec_camera_msgs:/home/agilex/limo_ros2_ws/install/nav2_dwb_controller:/home/agilex/limo_ros2_ws/install/nav2_controller:/home/agilex/limo_ros2_ws/install/dwb_plugins:/home/agilex/limo_ros2_ws/install/dwb_critics:/home/agilex/limo_ros2_ws/install/dwb_core:/home/agilex/limo_ros2_ws/install/nav_2d_utils:/home/agilex/limo_ros2_ws/install/dwb_msgs:/home/agilex/limo_ros2_ws/install/nav_2d_msgs:/home/agilex/limo_ros2_ws/install/nav2_waypoint_follower:/home/agilex/limo_ros2_ws/install/nav2_regulated_pure_pursuit_controller:/home/agilex/limo_ros2_ws/install/nav2_recoveries:/home/agilex/limo_ros2_ws/install/nav2_planner:/home/agilex/limo_ros2_ws/install/nav2_navfn_planner:/home/agilex/limo_ros2_ws/install/nav2_core:/home/agilex/limo_ros2_ws/install/costmap_queue:/home/agilex/limo_ros2_ws/install/costmap_converter:/home/agilex/limo_ros2_ws/install/nav2_costmap_2d:/home/agilex/limo_ros2_ws/install/nav2_voxel_grid:/home/agilex/limo_ros2_ws/install/nav2_rviz_plugins:/home/agilex/limo_ros2_ws/install/nav2_map_server:/home/agilex/limo_ros2_ws/install/nav2_lifecycle_manager:/home/agilex/limo_ros2_ws/install/nav2_bt_navigator:/home/agilex/limo_ros2_ws/install/nav2_behavior_tree:/home/agilex/limo_ros2_ws/install/nav2_amcl:/home/agilex/limo_ros2_ws/install/nav2_util:/home/agilex/limo_ros2_ws/install/nav2_msgs:/home/agilex/limo_ros2_ws/install/nav2_common:/home/agilex/limo_ros2_ws/install/mypalletizer_interfaces:/home/agilex/limo_ros2_ws/install/mycobot_interfaces:/home/agilex/limo_ros2_ws/install/mecharm_interfaces:/home/agilex/limo_ros2_ws/install/limo_visions:/home/agilex/limo_ros2_ws/install/limo_bringup:/home/agilex/limo_ros2_ws/install/limo_base:/home/agilex/limo_ros2_ws/install/limo_msgs:/home/agilex/limo_ros2_ws/install/limo_description:/home/agilex/limo_ros2_ws/install/costmap_converter_msgs:/home/agilex/krish_ws/install/yolov5_ros2:/home/agilex/krish_ws/install/yolo_ros:/home/agilex/krish_ws/install/object_detection:/home/agilex/limo_ros2_ws/install/ultraarm:/home/agilex/limo_ros2_ws/install/nav2_gazebo_spawner:/home/agilex/limo_ros2_ws/install/mypalletizer_260_pi:/home/agilex/limo_ros2_ws/install/mypalletizer_260:/home/agilex/limo_ros2_ws/install/mypalletizer_communication:/home/agilex/limo_ros2_ws/install/mycobot_630:/home/agilex/limo_ros2_ws/install/mycobot_600:/home/agilex/limo_ros2_ws/install/mycobot_320pi:/home/agilex/limo_ros2_ws/install/mycobot_320:/home/agilex/limo_ros2_ws/install/mycobot_280pi:/home/agilex/limo_ros2_ws/install/mycobot_280jn:/home/agilex/limo_ros2_ws/install/mycobot_280_x3pi:/home/agilex/limo_ros2_ws/install/mycobot_280:/home/agilex/limo_ros2_ws/install/myarm_m750:/home/agilex/limo_ros2_ws/install/myarm_c650:/home/agilex/limo_ros2_ws/install/myarm_300:/home/agilex/limo_ros2_ws/install/mycobot_communication:/home/agilex/limo_ros2_ws/install/mecharm_pi:/home/agilex/limo_ros2_ws/install/mecharm:/home/agilex/limo_ros2_ws/install/mecharm_communication:/home/agilex/limo_ros2_ws/install/mybuddy:/home/agilex/limo_ros2_ws/install/mycobot_description:/opt/ros/foxy LD_LIBRARY_PATH=/home/agilex/krish_ws/install/vision_msgs/lib:${LD_LIBRARY_PATH} PYTHONPATH=/home/agilex/krish_ws/install/vision_msgs/lib/python3.8/site-packages:${PYTHONPATH} /usr/bin/cmake --build /home/agilex/krish_ws/build/vision_msgs_rviz_plugins -- -j6 -l6
[117.521s] DEBUG:colcon.colcon_core.event_handler.log_command:Invoking command in '/home/agilex/krish_ws/build/vision_msgs_rviz_plugins': AMENT_PREFIX_PATH=/home/agilex/krish_ws/install/vision_msgs:${AMENT_PREFIX_PATH} CMAKE_PREFIX_PATH=/home/agilex/krish_ws/install/vision_msgs:/home/agilex/krish_ws/install/yolo_bringup:/home/agilex/krish_ws/install/yolo_msgs:/home/agilex/limo_ros2_ws/install/ydlidar_sdk:/home/agilex/limo_ros2_ws/install/ydlidar_ros2_driver:/home/agilex/limo_ros2_ws/install/tf_test:/home/agilex/limo_ros2_ws/install/teb_local_planner:/home/agilex/limo_ros2_ws/install/teb_msgs:/home/agilex/limo_ros2_ws/install/nav2_system_tests:/home/agilex/limo_ros2_ws/install/nav2_bringup:/home/agilex/limo_ros2_ws/install/navigation2:/home/agilex/limo_ros2_ws/install/smac_planner:/home/agilex/limo_ros2_ws/install/rf2o_laser_odometry:/home/agilex/limo_ros2_ws/install/orbbec_description:/home/agilex/limo_ros2_ws/install/orbbec_camera:/home/agilex/limo_ros2_ws/install/orbbec_camera_msgs:/home/agilex/limo_ros2_ws/install/nav2_dwb_controller:/home/agilex/limo_ros2_ws/install/nav2_controller:/home/agilex/limo_ros2_ws/install/dwb_plugins:/home/agilex/limo_ros2_ws/install/dwb_critics:/home/agilex/limo_ros2_ws/install/dwb_core:/home/agilex/limo_ros2_ws/install/nav_2d_utils:/home/agilex/limo_ros2_ws/install/dwb_msgs:/home/agilex/limo_ros2_ws/install/nav_2d_msgs:/home/agilex/limo_ros2_ws/install/nav2_waypoint_follower:/home/agilex/limo_ros2_ws/install/nav2_regulated_pure_pursuit_controller:/home/agilex/limo_ros2_ws/install/nav2_recoveries:/home/agilex/limo_ros2_ws/install/nav2_planner:/home/agilex/limo_ros2_ws/install/nav2_navfn_planner:/home/agilex/limo_ros2_ws/install/nav2_core:/home/agilex/limo_ros2_ws/install/costmap_queue:/home/agilex/limo_ros2_ws/install/costmap_converter:/home/agilex/limo_ros2_ws/install/nav2_costmap_2d:/home/agilex/limo_ros2_ws/install/nav2_voxel_grid:/home/agilex/limo_ros2_ws/install/nav2_rviz_plugins:/home/agilex/limo_ros2_ws/install/nav2_map_server:/home/agilex/limo_ros2_ws/install/nav2_lifecycle_manager:/home/agilex/limo_ros2_ws/install/nav2_bt_navigator:/home/agilex/limo_ros2_ws/install/nav2_behavior_tree:/home/agilex/limo_ros2_ws/install/nav2_amcl:/home/agilex/limo_ros2_ws/install/nav2_util:/home/agilex/limo_ros2_ws/install/nav2_msgs:/home/agilex/limo_ros2_ws/install/nav2_common:/home/agilex/limo_ros2_ws/install/mypalletizer_interfaces:/home/agilex/limo_ros2_ws/install/mycobot_interfaces:/home/agilex/limo_ros2_ws/install/mecharm_interfaces:/home/agilex/limo_ros2_ws/install/limo_visions:/home/agilex/limo_ros2_ws/install/limo_bringup:/home/agilex/limo_ros2_ws/install/limo_base:/home/agilex/limo_ros2_ws/install/limo_msgs:/home/agilex/limo_ros2_ws/install/limo_description:/home/agilex/limo_ros2_ws/install/costmap_converter_msgs:/home/agilex/krish_ws/install/yolov5_ros2:/home/agilex/krish_ws/install/yolo_ros:/home/agilex/krish_ws/install/object_detection:/home/agilex/limo_ros2_ws/install/ultraarm:/home/agilex/limo_ros2_ws/install/nav2_gazebo_spawner:/home/agilex/limo_ros2_ws/install/mypalletizer_260_pi:/home/agilex/limo_ros2_ws/install/mypalletizer_260:/home/agilex/limo_ros2_ws/install/mypalletizer_communication:/home/agilex/limo_ros2_ws/install/mycobot_630:/home/agilex/limo_ros2_ws/install/mycobot_600:/home/agilex/limo_ros2_ws/install/mycobot_320pi:/home/agilex/limo_ros2_ws/install/mycobot_320:/home/agilex/limo_ros2_ws/install/mycobot_280pi:/home/agilex/limo_ros2_ws/install/mycobot_280jn:/home/agilex/limo_ros2_ws/install/mycobot_280_x3pi:/home/agilex/limo_ros2_ws/install/mycobot_280:/home/agilex/limo_ros2_ws/install/myarm_m750:/home/agilex/limo_ros2_ws/install/myarm_c650:/home/agilex/limo_ros2_ws/install/myarm_300:/home/agilex/limo_ros2_ws/install/mycobot_communication:/home/agilex/limo_ros2_ws/install/mecharm_pi:/home/agilex/limo_ros2_ws/install/mecharm:/home/agilex/limo_ros2_ws/install/mecharm_communication:/home/agilex/limo_ros2_ws/install/mybuddy:/home/agilex/limo_ros2_ws/install/mycobot_description:/opt/ros/foxy LD_LIBRARY_PATH=/home/agilex/krish_ws/install/vision_msgs/lib:${LD_LIBRARY_PATH} PYTHONPATH=/home/agilex/krish_ws/install/vision_msgs/lib/python3.8/site-packages:${PYTHONPATH} /usr/bin/cmake --install /home/agilex/krish_ws/build/vision_msgs_rviz_plugins
[117.580s] Level 1:colcon.colcon_core.environment:create_environment_scripts_only(vision_msgs_rviz_plugins)
[117.582s] DEBUG:colcon.colcon_core.event_handler.log_command:Invoked command in '/home/agilex/krish_ws/build/vision_msgs_rviz_plugins' returned '0': AMENT_PREFIX_PATH=/home/agilex/krish_ws/install/vision_msgs:${AMENT_PREFIX_PATH} CMAKE_PREFIX_PATH=/home/agilex/krish_ws/install/vision_msgs:/home/agilex/krish_ws/install/yolo_bringup:/home/agilex/krish_ws/install/yolo_msgs:/home/agilex/limo_ros2_ws/install/ydlidar_sdk:/home/agilex/limo_ros2_ws/install/ydlidar_ros2_driver:/home/agilex/limo_ros2_ws/install/tf_test:/home/agilex/limo_ros2_ws/install/teb_local_planner:/home/agilex/limo_ros2_ws/install/teb_msgs:/home/agilex/limo_ros2_ws/install/nav2_system_tests:/home/agilex/limo_ros2_ws/install/nav2_bringup:/home/agilex/limo_ros2_ws/install/navigation2:/home/agilex/limo_ros2_ws/install/smac_planner:/home/agilex/limo_ros2_ws/install/rf2o_laser_odometry:/home/agilex/limo_ros2_ws/install/orbbec_description:/home/agilex/limo_ros2_ws/install/orbbec_camera:/home/agilex/limo_ros2_ws/install/orbbec_camera_msgs:/home/agilex/limo_ros2_ws/install/nav2_dwb_controller:/home/agilex/limo_ros2_ws/install/nav2_controller:/home/agilex/limo_ros2_ws/install/dwb_plugins:/home/agilex/limo_ros2_ws/install/dwb_critics:/home/agilex/limo_ros2_ws/install/dwb_core:/home/agilex/limo_ros2_ws/install/nav_2d_utils:/home/agilex/limo_ros2_ws/install/dwb_msgs:/home/agilex/limo_ros2_ws/install/nav_2d_msgs:/home/agilex/limo_ros2_ws/install/nav2_waypoint_follower:/home/agilex/limo_ros2_ws/install/nav2_regulated_pure_pursuit_controller:/home/agilex/limo_ros2_ws/install/nav2_recoveries:/home/agilex/limo_ros2_ws/install/nav2_planner:/home/agilex/limo_ros2_ws/install/nav2_navfn_planner:/home/agilex/limo_ros2_ws/install/nav2_core:/home/agilex/limo_ros2_ws/install/costmap_queue:/home/agilex/limo_ros2_ws/install/costmap_converter:/home/agilex/limo_ros2_ws/install/nav2_costmap_2d:/home/agilex/limo_ros2_ws/install/nav2_voxel_grid:/home/agilex/limo_ros2_ws/install/nav2_rviz_plugins:/home/agilex/limo_ros2_ws/install/nav2_map_server:/home/agilex/limo_ros2_ws/install/nav2_lifecycle_manager:/home/agilex/limo_ros2_ws/install/nav2_bt_navigator:/home/agilex/limo_ros2_ws/install/nav2_behavior_tree:/home/agilex/limo_ros2_ws/install/nav2_amcl:/home/agilex/limo_ros2_ws/install/nav2_util:/home/agilex/limo_ros2_ws/install/nav2_msgs:/home/agilex/limo_ros2_ws/install/nav2_common:/home/agilex/limo_ros2_ws/install/mypalletizer_interfaces:/home/agilex/limo_ros2_ws/install/mycobot_interfaces:/home/agilex/limo_ros2_ws/install/mecharm_interfaces:/home/agilex/limo_ros2_ws/install/limo_visions:/home/agilex/limo_ros2_ws/install/limo_bringup:/home/agilex/limo_ros2_ws/install/limo_base:/home/agilex/limo_ros2_ws/install/limo_msgs:/home/agilex/limo_ros2_ws/install/limo_description:/home/agilex/limo_ros2_ws/install/costmap_converter_msgs:/home/agilex/krish_ws/install/yolov5_ros2:/home/agilex/krish_ws/install/yolo_ros:/home/agilex/krish_ws/install/object_detection:/home/agilex/limo_ros2_ws/install/ultraarm:/home/agilex/limo_ros2_ws/install/nav2_gazebo_spawner:/home/agilex/limo_ros2_ws/install/mypalletizer_260_pi:/home/agilex/limo_ros2_ws/install/mypalletizer_260:/home/agilex/limo_ros2_ws/install/mypalletizer_communication:/home/agilex/limo_ros2_ws/install/mycobot_630:/home/agilex/limo_ros2_ws/install/mycobot_600:/home/agilex/limo_ros2_ws/install/mycobot_320pi:/home/agilex/limo_ros2_ws/install/mycobot_320:/home/agilex/limo_ros2_ws/install/mycobot_280pi:/home/agilex/limo_ros2_ws/install/mycobot_280jn:/home/agilex/limo_ros2_ws/install/mycobot_280_x3pi:/home/agilex/limo_ros2_ws/install/mycobot_280:/home/agilex/limo_ros2_ws/install/myarm_m750:/home/agilex/limo_ros2_ws/install/myarm_c650:/home/agilex/limo_ros2_ws/install/myarm_300:/home/agilex/limo_ros2_ws/install/mycobot_communication:/home/agilex/limo_ros2_ws/install/mecharm_pi:/home/agilex/limo_ros2_ws/install/mecharm:/home/agilex/limo_ros2_ws/install/mecharm_communication:/home/agilex/limo_ros2_ws/install/mybuddy:/home/agilex/limo_ros2_ws/install/mycobot_description:/opt/ros/foxy LD_LIBRARY_PATH=/home/agilex/krish_ws/install/vision_msgs/lib:${LD_LIBRARY_PATH} PYTHONPATH=/home/agilex/krish_ws/install/vision_msgs/lib/python3.8/site-packages:${PYTHONPATH} /usr/bin/cmake --install /home/agilex/krish_ws/build/vision_msgs_rviz_plugins
[117.876s] Level 1:colcon.colcon_core.environment:checking '/home/agilex/krish_ws/install/vision_msgs_rviz_plugins' for CMake module files
[117.878s] Level 1:colcon.colcon_core.environment:checking '/home/agilex/krish_ws/install/vision_msgs_rviz_plugins' for CMake config files
[117.879s] Level 1:colcon.colcon_core.shell:create_environment_hook('vision_msgs_rviz_plugins', 'cmake_prefix_path')
[118.153s] INFO:colcon.colcon_core.shell:Creating environment hook '/home/agilex/krish_ws/install/vision_msgs_rviz_plugins/share/vision_msgs_rviz_plugins/hook/cmake_prefix_path.ps1'
[118.154s] INFO:colcon.colcon_core.shell:Creating environment descriptor '/home/agilex/krish_ws/install/vision_msgs_rviz_plugins/share/vision_msgs_rviz_plugins/hook/cmake_prefix_path.dsv'
[118.155s] INFO:colcon.colcon_core.shell:Creating environment hook '/home/agilex/krish_ws/install/vision_msgs_rviz_plugins/share/vision_msgs_rviz_plugins/hook/cmake_prefix_path.sh'
[118.156s] Level 1:colcon.colcon_core.environment:checking '/home/agilex/krish_ws/install/vision_msgs_rviz_plugins/lib'
[118.156s] Level 1:colcon.colcon_core.shell:create_environment_hook('vision_msgs_rviz_plugins', 'ld_library_path_lib')
[118.431s] INFO:colcon.colcon_core.shell:Creating environment hook '/home/agilex/krish_ws/install/vision_msgs_rviz_plugins/share/vision_msgs_rviz_plugins/hook/ld_library_path_lib.ps1'
[118.432s] INFO:colcon.colcon_core.shell:Creating environment descriptor '/home/agilex/krish_ws/install/vision_msgs_rviz_plugins/share/vision_msgs_rviz_plugins/hook/ld_library_path_lib.dsv'
[118.433s] INFO:colcon.colcon_core.shell:Creating environment hook '/home/agilex/krish_ws/install/vision_msgs_rviz_plugins/share/vision_msgs_rviz_plugins/hook/ld_library_path_lib.sh'
[118.433s] Level 1:colcon.colcon_core.environment:checking '/home/agilex/krish_ws/install/vision_msgs_rviz_plugins/bin'
[118.433s] Level 1:colcon.colcon_core.environment:checking '/home/agilex/krish_ws/install/vision_msgs_rviz_plugins/lib/pkgconfig/vision_msgs_rviz_plugins.pc'
[118.434s] Level 1:colcon.colcon_core.environment:checking '/home/agilex/krish_ws/install/vision_msgs_rviz_plugins/lib/python3.8/site-packages'
[118.434s] Level 1:colcon.colcon_core.environment:checking '/home/agilex/krish_ws/install/vision_msgs_rviz_plugins/bin'
[118.709s] INFO:colcon.colcon_core.shell:Creating package script '/home/agilex/krish_ws/install/vision_msgs_rviz_plugins/share/vision_msgs_rviz_plugins/package.ps1'
[118.711s] INFO:colcon.colcon_core.shell:Creating package descriptor '/home/agilex/krish_ws/install/vision_msgs_rviz_plugins/share/vision_msgs_rviz_plugins/package.dsv'
[118.712s] INFO:colcon.colcon_core.shell:Creating package script '/home/agilex/krish_ws/install/vision_msgs_rviz_plugins/share/vision_msgs_rviz_plugins/package.sh'
[118.713s] INFO:colcon.colcon_core.shell:Creating package script '/home/agilex/krish_ws/install/vision_msgs_rviz_plugins/share/vision_msgs_rviz_plugins/package.bash'
[118.713s] INFO:colcon.colcon_core.shell:Creating package script '/home/agilex/krish_ws/install/vision_msgs_rviz_plugins/share/vision_msgs_rviz_plugins/package.zsh'
[118.714s] Level 1:colcon.colcon_core.environment:create_file_with_runtime_dependencies(/home/agilex/krish_ws/install/vision_msgs_rviz_plugins/share/colcon-core/packages/vision_msgs_rviz_plugins)
[119.172s] Level 1:colcon.colcon_core.environment:create_environment_scripts_only(vision_msgs_rviz_plugins)
[119.448s] Level 1:colcon.colcon_core.environment:checking '/home/agilex/krish_ws/install/vision_msgs_rviz_plugins' for CMake module files
[119.449s] Level 1:colcon.colcon_core.environment:checking '/home/agilex/krish_ws/install/vision_msgs_rviz_plugins' for CMake config files
[119.451s] Level 1:colcon.colcon_core.shell:create_environment_hook('vision_msgs_rviz_plugins', 'cmake_prefix_path')
[119.725s] INFO:colcon.colcon_core.shell:Creating environment hook '/home/agilex/krish_ws/install/vision_msgs_rviz_plugins/share/vision_msgs_rviz_plugins/hook/cmake_prefix_path.ps1'
[119.726s] INFO:colcon.colcon_core.shell:Creating environment descriptor '/home/agilex/krish_ws/install/vision_msgs_rviz_plugins/share/vision_msgs_rviz_plugins/hook/cmake_prefix_path.dsv'
[119.727s] INFO:colcon.colcon_core.shell:Creating environment hook '/home/agilex/krish_ws/install/vision_msgs_rviz_plugins/share/vision_msgs_rviz_plugins/hook/cmake_prefix_path.sh'
[119.728s] Level 1:colcon.colcon_core.environment:checking '/home/agilex/krish_ws/install/vision_msgs_rviz_plugins/lib'
[119.728s] Level 1:colcon.colcon_core.shell:create_environment_hook('vision_msgs_rviz_plugins', 'ld_library_path_lib')
[120.004s] INFO:colcon.colcon_core.shell:Creating environment hook '/home/agilex/krish_ws/install/vision_msgs_rviz_plugins/share/vision_msgs_rviz_plugins/hook/ld_library_path_lib.ps1'
[120.005s] INFO:colcon.colcon_core.shell:Creating environment descriptor '/home/agilex/krish_ws/install/vision_msgs_rviz_plugins/share/vision_msgs_rviz_plugins/hook/ld_library_path_lib.dsv'
[120.006s] INFO:colcon.colcon_core.shell:Creating environment hook '/home/agilex/krish_ws/install/vision_msgs_rviz_plugins/share/vision_msgs_rviz_plugins/hook/ld_library_path_lib.sh'
[120.007s] Level 1:colcon.colcon_core.environment:checking '/home/agilex/krish_ws/install/vision_msgs_rviz_plugins/bin'
[120.007s] Level 1:colcon.colcon_core.environment:checking '/home/agilex/krish_ws/install/vision_msgs_rviz_plugins/lib/pkgconfig/vision_msgs_rviz_plugins.pc'
[120.008s] Level 1:colcon.colcon_core.environment:checking '/home/agilex/krish_ws/install/vision_msgs_rviz_plugins/lib/python3.8/site-packages'
[120.008s] Level 1:colcon.colcon_core.environment:checking '/home/agilex/krish_ws/install/vision_msgs_rviz_plugins/bin'
[120.285s] INFO:colcon.colcon_core.shell:Creating package script '/home/agilex/krish_ws/install/vision_msgs_rviz_plugins/share/vision_msgs_rviz_plugins/package.ps1'
[120.286s] INFO:colcon.colcon_core.shell:Creating package descriptor '/home/agilex/krish_ws/install/vision_msgs_rviz_plugins/share/vision_msgs_rviz_plugins/package.dsv'
[120.287s] INFO:colcon.colcon_core.shell:Creating package script '/home/agilex/krish_ws/install/vision_msgs_rviz_plugins/share/vision_msgs_rviz_plugins/package.sh'
[120.288s] INFO:colcon.colcon_core.shell:Creating package script '/home/agilex/krish_ws/install/vision_msgs_rviz_plugins/share/vision_msgs_rviz_plugins/package.bash'
[120.289s] INFO:colcon.colcon_core.shell:Creating package script '/home/agilex/krish_ws/install/vision_msgs_rviz_plugins/share/vision_msgs_rviz_plugins/package.zsh'
[120.290s] Level 1:colcon.colcon_core.environment:create_file_with_runtime_dependencies(/home/agilex/krish_ws/install/vision_msgs_rviz_plugins/share/colcon-core/packages/vision_msgs_rviz_plugins)
[120.291s] DEBUG:colcon.colcon_parallel_executor.executor.parallel:closing loop
[120.291s] DEBUG:colcon.colcon_parallel_executor.executor.parallel:loop closed
[120.292s] DEBUG:colcon.colcon_parallel_executor.executor.parallel:run_until_complete finished with '0'
[120.292s] DEBUG:colcon.colcon_core.event_reactor:joining thread
[120.582s] INFO:colcon.colcon_core.plugin_system:Skipping extension 'colcon_notification.desktop_notification.terminal_notifier': Not used on non-Darwin systems
[120.582s] INFO:colcon.colcon_core.plugin_system:Skipping extension 'colcon_notification.desktop_notification.win32': Not used on non-Windows systems
[120.582s] INFO:colcon.colcon_notification.desktop_notification:Sending desktop notification using 'notify2'
[120.621s] DEBUG:colcon.colcon_core.event_reactor:joined thread
[120.918s] INFO:colcon.colcon_core.shell:Creating prefix script '/home/agilex/krish_ws/install/local_setup.ps1'
[120.920s] INFO:colcon.colcon_core.shell:Creating prefix util module '/home/agilex/krish_ws/install/_local_setup_util_ps1.py'
[120.923s] INFO:colcon.colcon_core.shell:Creating prefix chain script '/home/agilex/krish_ws/install/setup.ps1'
[121.211s] INFO:colcon.colcon_core.shell:Creating prefix script '/home/agilex/krish_ws/install/local_setup.sh'
[121.212s] INFO:colcon.colcon_core.shell:Creating prefix util module '/home/agilex/krish_ws/install/_local_setup_util_sh.py'
[121.213s] INFO:colcon.colcon_core.shell:Creating prefix chain script '/home/agilex/krish_ws/install/setup.sh'
[121.495s] INFO:colcon.colcon_core.shell:Creating prefix script '/home/agilex/krish_ws/install/local_setup.bash'
[121.496s] INFO:colcon.colcon_core.shell:Creating prefix chain script '/home/agilex/krish_ws/install/setup.bash'
[121.781s] INFO:colcon.colcon_core.shell:Creating prefix script '/home/agilex/krish_ws/install/local_setup.zsh'
[121.782s] INFO:colcon.colcon_core.shell:Creating prefix chain script '/home/agilex/krish_ws/install/setup.zsh'
