[19.149s] Invoking command in '/home/agilex/krish_ws/build/mycobot_arm': PYTHONPATH=/home/agilex/krish_ws/build/mycobot_arm/prefix_override:/home/agilex/krish_ws/install/mycobot_arm/lib/python3.8/site-packages:${PYTHONPATH} /usr/bin/python3 setup.py develop --editable --build-directory /home/agilex/krish_ws/build/mycobot_arm/build --no-deps install_data
[21.865s] /home/agilex/.local/lib/python3.8/site-packages/setuptools/dist.py:476: SetuptoolsDeprecationWarning: Invalid dash-separated options
[21.865s] !!
[21.865s] 
[21.865s]         ********************************************************************************
[21.866s]         Usage of dash-separated 'script-dir' will not be supported in future
[21.866s]         versions. Please use the underscore name 'script_dir' instead.
[21.866s] 
[21.866s]         This deprecation is overdue, please update your project and remove deprecated
[21.866s]         calls to avoid build errors in the future.
[21.866s] 
[21.866s]         See https://setuptools.pypa.io/en/latest/userguide/declarative_config.html for details.
[21.867s]         ********************************************************************************
[21.867s] 
[21.867s] !!
[21.867s]   opt = self.warn_dash_deprecation(opt, section)
[23.537s] running develop
[23.538s] /home/agilex/.local/lib/python3.8/site-packages/setuptools/command/develop.py:40: EasyInstallDeprecationWarning: easy_install command is deprecated.
[23.538s] !!
[23.538s] 
[23.539s]         ********************************************************************************
[23.539s]         Please avoid running ``setup.py`` and ``easy_install``.
[23.539s]         Instead, use pypa/build, pypa/installer or other
[23.539s]         standards-based tools.
[23.539s] 
[23.539s]         See https://github.com/pypa/setuptools/issues/917 for details.
[23.539s]         ********************************************************************************
[23.540s] 
[23.540s] !!
[23.540s]   easy_install.initialize_options(self)
[23.628s] /home/agilex/.local/lib/python3.8/site-packages/setuptools/_distutils/cmd.py:66: SetuptoolsDeprecationWarning: setup.py install is deprecated.
[23.628s] !!
[23.628s] 
[23.628s]         ********************************************************************************
[23.628s]         Please avoid running ``setup.py`` directly.
[23.629s]         Instead, use pypa/build, pypa/installer or other
[23.629s]         standards-based tools.
[23.629s] 
[23.629s]         See https://blog.ganssle.io/articles/2021/10/setup-py-deprecated.html for details.
[23.629s]         ********************************************************************************
[23.630s] 
[23.630s] !!
[23.634s]   self.initialize_options()
[24.120s] running egg_info
[24.167s] writing mycobot_arm.egg-info/PKG-INFO
[24.168s] writing dependency_links to mycobot_arm.egg-info/dependency_links.txt
[24.169s] writing entry points to mycobot_arm.egg-info/entry_points.txt
[24.169s] writing requirements to mycobot_arm.egg-info/requires.txt
[24.169s] writing top-level names to mycobot_arm.egg-info/top_level.txt
[24.270s] reading manifest file 'mycobot_arm.egg-info/SOURCES.txt'
[24.289s] writing manifest file 'mycobot_arm.egg-info/SOURCES.txt'
[24.724s] running build_ext
[24.724s] Creating /home/agilex/krish_ws/install/mycobot_arm/lib/python3.8/site-packages/mycobot-arm.egg-link (link to .)
[24.746s] Installing drop_node script to /home/agilex/krish_ws/install/mycobot_arm/lib/mycobot_arm
[24.747s] Installing pick_node script to /home/agilex/krish_ws/install/mycobot_arm/lib/mycobot_arm
[24.747s] 
[24.748s] Installed /home/agilex/krish_ws/build/mycobot_arm
[24.748s] running install_data
[24.748s] copying resource/mycobot_arm -> /home/agilex/krish_ws/install/mycobot_arm/share/ament_index/resource_index/packages
[24.748s] copying package.xml -> /home/agilex/krish_ws/install/mycobot_arm/share/mycobot_arm
[35.057s] Invoked command in '/home/agilex/krish_ws/build/mycobot_arm' returned '0': PYTHONPATH=/home/agilex/krish_ws/build/mycobot_arm/prefix_override:/home/agilex/krish_ws/install/mycobot_arm/lib/python3.8/site-packages:${PYTHONPATH} /usr/bin/python3 setup.py develop --editable --build-directory /home/agilex/krish_ws/build/mycobot_arm/build --no-deps install_data
