[5.667s] Invoking command in '/home/agilex/krish_ws/src/nav_handler': PYTHONPATH=/home/agilex/krish_ws/build/nav_handler/prefix_override:/home/agilex/krish_ws/install/nav_handler/lib/python3.8/site-packages:${PYTHONPATH} /usr/bin/python3 setup.py egg_info --egg-base ../../build/nav_handler build --build-base /home/agilex/krish_ws/build/nav_handler/build install --record /home/agilex/krish_ws/build/nav_handler/install.log --install-scripts $base/lib/nav_handler --single-version-externally-managed
[6.053s] /home/agilex/.local/lib/python3.8/site-packages/setuptools/dist.py:476: SetuptoolsDeprecationWarning: Invalid dash-separated options
[6.053s] !!
[6.053s] 
[6.053s]         ********************************************************************************
[6.054s]         Usage of dash-separated 'script-dir' will not be supported in future
[6.054s]         versions. Please use the underscore name 'script_dir' instead.
[6.054s] 
[6.054s]         This deprecation is overdue, please update your project and remove deprecated
[6.054s]         calls to avoid build errors in the future.
[6.054s] 
[6.054s]         See https://setuptools.pypa.io/en/latest/userguide/declarative_config.html for details.
[6.054s]         ********************************************************************************
[6.055s] 
[6.055s] !!
[6.055s]   opt = self.warn_dash_deprecation(opt, section)
[6.333s] running egg_info
[6.379s] writing ../../build/nav_handler/nav_handler.egg-info/PKG-INFO
[6.382s] writing dependency_links to ../../build/nav_handler/nav_handler.egg-info/dependency_links.txt
[6.383s] writing entry points to ../../build/nav_handler/nav_handler.egg-info/entry_points.txt
[6.384s] writing requirements to ../../build/nav_handler/nav_handler.egg-info/requires.txt
[6.385s] writing top-level names to ../../build/nav_handler/nav_handler.egg-info/top_level.txt
[6.742s] reading manifest file '../../build/nav_handler/nav_handler.egg-info/SOURCES.txt'
[6.744s] writing manifest file '../../build/nav_handler/nav_handler.egg-info/SOURCES.txt'
[6.744s] running build
[6.745s] running build_py
[6.746s] copying nav_handler/__init__.py -> /home/agilex/krish_ws/build/nav_handler/build/lib/nav_handler
[6.746s] copying nav_handler/mission_manager.py -> /home/agilex/krish_ws/build/nav_handler/build/lib/nav_handler
[6.746s] copying nav_handler/mission_manager_main.py -> /home/agilex/krish_ws/build/nav_handler/build/lib/nav_handler
[6.747s] copying nav_handler/pose_setter.py -> /home/agilex/krish_ws/build/nav_handler/build/lib/nav_handler
[6.748s] running install
[6.749s] /home/agilex/.local/lib/python3.8/site-packages/setuptools/_distutils/cmd.py:66: SetuptoolsDeprecationWarning: setup.py install is deprecated.
[6.749s] !!
[6.749s] 
[6.749s]         ********************************************************************************
[6.749s]         Please avoid running ``setup.py`` directly.
[6.749s]         Instead, use pypa/build, pypa/installer or other
[6.749s]         standards-based tools.
[6.750s] 
[6.750s]         See https://blog.ganssle.io/articles/2021/10/setup-py-deprecated.html for details.
[6.750s]         ********************************************************************************
[6.750s] 
[6.750s] !!
[6.750s]   self.initialize_options()
[6.760s] running install_lib
[6.808s] copying /home/agilex/krish_ws/build/nav_handler/build/lib/nav_handler/mission_manager.py -> /home/agilex/krish_ws/install/nav_handler/lib/python3.8/site-packages/nav_handler
[6.808s] copying /home/agilex/krish_ws/build/nav_handler/build/lib/nav_handler/mission_manager_main.py -> /home/agilex/krish_ws/install/nav_handler/lib/python3.8/site-packages/nav_handler
[6.811s] byte-compiling /home/agilex/krish_ws/install/nav_handler/lib/python3.8/site-packages/nav_handler/mission_manager.py to mission_manager.cpython-38.pyc
[6.814s] byte-compiling /home/agilex/krish_ws/install/nav_handler/lib/python3.8/site-packages/nav_handler/mission_manager_main.py to mission_manager_main.cpython-38.pyc
[6.819s] running install_data
[6.864s] copying resource/nav_handler -> /home/agilex/krish_ws/install/nav_handler/share/ament_index/resource_index/packages
[6.865s] copying package.xml -> /home/agilex/krish_ws/install/nav_handler/share/nav_handler
[6.865s] running install_egg_info
[6.913s] removing '/home/agilex/krish_ws/install/nav_handler/lib/python3.8/site-packages/nav_handler-0.0.0-py3.8.egg-info' (and everything under it)
[6.914s] Copying ../../build/nav_handler/nav_handler.egg-info to /home/agilex/krish_ws/install/nav_handler/lib/python3.8/site-packages/nav_handler-0.0.0-py3.8.egg-info
[6.917s] running install_scripts
[7.028s] Installing mission_manager script to /home/agilex/krish_ws/install/nav_handler/lib/nav_handler
[7.029s] Installing pose_setter script to /home/agilex/krish_ws/install/nav_handler/lib/nav_handler
[7.029s] writing list of installed files to '/home/agilex/krish_ws/build/nav_handler/install.log'
[7.125s] Invoked command in '/home/agilex/krish_ws/src/nav_handler' returned '0': PYTHONPATH=/home/agilex/krish_ws/build/nav_handler/prefix_override:/home/agilex/krish_ws/install/nav_handler/lib/python3.8/site-packages:${PYTHONPATH} /usr/bin/python3 setup.py egg_info --egg-base ../../build/nav_handler build --build-base /home/agilex/krish_ws/build/nav_handler/build install --record /home/agilex/krish_ws/build/nav_handler/install.log --install-scripts $base/lib/nav_handler --single-version-externally-managed
