[15.994s] DEBUG:colcon:Command line arguments: ['/usr/bin/colcon', 'build', '--packages-select', 'nav_handler']
[15.995s] DEBUG:colcon:Parsed command line arguments: Namespace(allow_overriding=[], ament_cmake_args=None, base_paths=['.'], build_base='build', catkin_cmake_args=None, catkin_skip_building_tests=False, cmake_args=None, cmake_clean_cache=False, cmake_clean_first=False, cmake_force_configure=False, cmake_target=None, cmake_target_skip_unavailable=False, continue_on_error=False, event_handlers=None, executor='parallel', ignore_user_meta=False, install_base='install', log_base=None, log_level=None, main=<bound method BuildVerb.main of <colcon_core.verb.build.BuildVerb object at 0xffff95b2f970>>, merge_install=False, metas=['./colcon.meta'], packages_above=None, packages_above_and_dependencies=None, packages_above_depth=None, packages_end=None, packages_ignore=None, packages_ignore_regex=None, packages_select=['nav_handler'], packages_select_build_failed=False, packages_select_by_dep=None, packages_select_regex=None, packages_select_test_failures=False, packages_skip=None, packages_skip_build_finished=False, packages_skip_by_dep=None, packages_skip_regex=None, packages_skip_test_passed=False, packages_skip_up_to=None, packages_start=None, packages_up_to=None, packages_up_to_regex=None, parallel_workers=6, paths=None, symlink_install=False, test_result_base=None, verb_extension=<colcon_core.verb.build.BuildVerb object at 0xffff95b2f970>, verb_name='build', verb_parser=<colcon_defaults.argument_parser.defaults.DefaultArgumentsDecorator object at 0xffff95b2fdf0>)
[16.698s] Level 1:colcon.colcon_core.package_discovery:discover_packages(colcon_meta) check parameters
[16.698s] Level 1:colcon.colcon_core.package_discovery:discover_packages(recursive) check parameters
[16.698s] Level 1:colcon.colcon_core.package_discovery:discover_packages(ignore) check parameters
[16.698s] Level 1:colcon.colcon_core.package_discovery:discover_packages(path) check parameters
[16.699s] Level 1:colcon.colcon_core.package_discovery:discover_packages(colcon_meta) discover
[16.699s] Level 1:colcon.colcon_core.package_discovery:discover_packages(recursive) discover
[16.699s] INFO:colcon.colcon_core.package_discovery:Crawling recursively for packages in '/home/agilex/krish_ws'
[16.699s] Level 1:colcon.colcon_core.package_identification:_identify(.) by extensions ['ignore', 'ignore_ament_install']
[16.699s] Level 1:colcon.colcon_core.package_identification:_identify(.) by extension 'ignore'
[16.699s] Level 1:colcon.colcon_core.package_identification:_identify(.) by extension 'ignore_ament_install'
[16.700s] Level 1:colcon.colcon_core.package_identification:_identify(.) by extensions ['colcon_pkg']
[16.700s] Level 1:colcon.colcon_core.package_identification:_identify(.) by extension 'colcon_pkg'
[16.700s] Level 1:colcon.colcon_core.package_identification:_identify(.) by extensions ['colcon_meta']
[16.700s] Level 1:colcon.colcon_core.package_identification:_identify(.) by extension 'colcon_meta'
[16.700s] Level 1:colcon.colcon_core.package_identification:_identify(.) by extensions ['ros']
[16.700s] Level 1:colcon.colcon_core.package_identification:_identify(.) by extension 'ros'
[16.730s] Level 1:colcon.colcon_core.package_identification:_identify(.) by extensions ['cmake', 'python']
[16.730s] Level 1:colcon.colcon_core.package_identification:_identify(.) by extension 'cmake'
[16.730s] Level 1:colcon.colcon_core.package_identification:_identify(.) by extension 'python'
[16.731s] Level 1:colcon.colcon_core.package_identification:_identify(.) by extensions ['python_setup_py']
[16.731s] Level 1:colcon.colcon_core.package_identification:_identify(.) by extension 'python_setup_py'
[16.731s] Level 1:colcon.colcon_core.package_identification:_identify(Log) by extensions ['ignore', 'ignore_ament_install']
[16.731s] Level 1:colcon.colcon_core.package_identification:_identify(Log) by extension 'ignore'
[16.731s] Level 1:colcon.colcon_core.package_identification:_identify(Log) by extension 'ignore_ament_install'
[16.732s] Level 1:colcon.colcon_core.package_identification:_identify(Log) by extensions ['colcon_pkg']
[16.732s] Level 1:colcon.colcon_core.package_identification:_identify(Log) by extension 'colcon_pkg'
[16.732s] Level 1:colcon.colcon_core.package_identification:_identify(Log) by extensions ['colcon_meta']
[16.732s] Level 1:colcon.colcon_core.package_identification:_identify(Log) by extension 'colcon_meta'
[16.732s] Level 1:colcon.colcon_core.package_identification:_identify(Log) by extensions ['ros']
[16.732s] Level 1:colcon.colcon_core.package_identification:_identify(Log) by extension 'ros'
[16.732s] Level 1:colcon.colcon_core.package_identification:_identify(Log) by extensions ['cmake', 'python']
[16.732s] Level 1:colcon.colcon_core.package_identification:_identify(Log) by extension 'cmake'
[16.732s] Level 1:colcon.colcon_core.package_identification:_identify(Log) by extension 'python'
[16.732s] Level 1:colcon.colcon_core.package_identification:_identify(Log) by extensions ['python_setup_py']
[16.733s] Level 1:colcon.colcon_core.package_identification:_identify(Log) by extension 'python_setup_py'
[16.733s] Level 1:colcon.colcon_core.package_identification:_identify(build) by extensions ['ignore', 'ignore_ament_install']
[16.733s] Level 1:colcon.colcon_core.package_identification:_identify(build) by extension 'ignore'
[16.733s] Level 1:colcon.colcon_core.package_identification:_identify(build) ignored
[16.733s] Level 1:colcon.colcon_core.package_identification:_identify(install) by extensions ['ignore', 'ignore_ament_install']
[16.734s] Level 1:colcon.colcon_core.package_identification:_identify(install) by extension 'ignore'
[16.734s] Level 1:colcon.colcon_core.package_identification:_identify(install) ignored
[16.734s] Level 1:colcon.colcon_core.package_identification:_identify(log) by extensions ['ignore', 'ignore_ament_install']
[16.734s] Level 1:colcon.colcon_core.package_identification:_identify(log) by extension 'ignore'
[16.734s] Level 1:colcon.colcon_core.package_identification:_identify(log) ignored
[16.735s] Level 1:colcon.colcon_core.package_identification:_identify(maps) by extensions ['ignore', 'ignore_ament_install']
[16.735s] Level 1:colcon.colcon_core.package_identification:_identify(maps) by extension 'ignore'
[16.735s] Level 1:colcon.colcon_core.package_identification:_identify(maps) by extension 'ignore_ament_install'
[16.735s] Level 1:colcon.colcon_core.package_identification:_identify(maps) by extensions ['colcon_pkg']
[16.735s] Level 1:colcon.colcon_core.package_identification:_identify(maps) by extension 'colcon_pkg'
[16.735s] Level 1:colcon.colcon_core.package_identification:_identify(maps) by extensions ['colcon_meta']
[16.735s] Level 1:colcon.colcon_core.package_identification:_identify(maps) by extension 'colcon_meta'
[16.735s] Level 1:colcon.colcon_core.package_identification:_identify(maps) by extensions ['ros']
[16.735s] Level 1:colcon.colcon_core.package_identification:_identify(maps) by extension 'ros'
[16.736s] Level 1:colcon.colcon_core.package_identification:_identify(maps) by extensions ['cmake', 'python']
[16.736s] Level 1:colcon.colcon_core.package_identification:_identify(maps) by extension 'cmake'
[16.736s] Level 1:colcon.colcon_core.package_identification:_identify(maps) by extension 'python'
[16.736s] Level 1:colcon.colcon_core.package_identification:_identify(maps) by extensions ['python_setup_py']
[16.736s] Level 1:colcon.colcon_core.package_identification:_identify(maps) by extension 'python_setup_py'
[16.736s] Level 1:colcon.colcon_core.package_identification:_identify(mycobot_object.v1-roboflow-instant-1--eval-.yolov8) by extensions ['ignore', 'ignore_ament_install']
[16.736s] Level 1:colcon.colcon_core.package_identification:_identify(mycobot_object.v1-roboflow-instant-1--eval-.yolov8) by extension 'ignore'
[16.736s] Level 1:colcon.colcon_core.package_identification:_identify(mycobot_object.v1-roboflow-instant-1--eval-.yolov8) by extension 'ignore_ament_install'
[16.737s] Level 1:colcon.colcon_core.package_identification:_identify(mycobot_object.v1-roboflow-instant-1--eval-.yolov8) by extensions ['colcon_pkg']
[16.737s] Level 1:colcon.colcon_core.package_identification:_identify(mycobot_object.v1-roboflow-instant-1--eval-.yolov8) by extension 'colcon_pkg'
[16.737s] Level 1:colcon.colcon_core.package_identification:_identify(mycobot_object.v1-roboflow-instant-1--eval-.yolov8) by extensions ['colcon_meta']
[16.737s] Level 1:colcon.colcon_core.package_identification:_identify(mycobot_object.v1-roboflow-instant-1--eval-.yolov8) by extension 'colcon_meta'
[16.737s] Level 1:colcon.colcon_core.package_identification:_identify(mycobot_object.v1-roboflow-instant-1--eval-.yolov8) by extensions ['ros']
[16.737s] Level 1:colcon.colcon_core.package_identification:_identify(mycobot_object.v1-roboflow-instant-1--eval-.yolov8) by extension 'ros'
[16.737s] Level 1:colcon.colcon_core.package_identification:_identify(mycobot_object.v1-roboflow-instant-1--eval-.yolov8) by extensions ['cmake', 'python']
[16.737s] Level 1:colcon.colcon_core.package_identification:_identify(mycobot_object.v1-roboflow-instant-1--eval-.yolov8) by extension 'cmake'
[16.737s] Level 1:colcon.colcon_core.package_identification:_identify(mycobot_object.v1-roboflow-instant-1--eval-.yolov8) by extension 'python'
[16.737s] Level 1:colcon.colcon_core.package_identification:_identify(mycobot_object.v1-roboflow-instant-1--eval-.yolov8) by extensions ['python_setup_py']
[16.737s] Level 1:colcon.colcon_core.package_identification:_identify(mycobot_object.v1-roboflow-instant-1--eval-.yolov8) by extension 'python_setup_py'
[16.738s] Level 1:colcon.colcon_core.package_identification:_identify(mycobot_object.v1-roboflow-instant-1--eval-.yolov8/test) by extensions ['ignore', 'ignore_ament_install']
[16.738s] Level 1:colcon.colcon_core.package_identification:_identify(mycobot_object.v1-roboflow-instant-1--eval-.yolov8/test) by extension 'ignore'
[16.738s] Level 1:colcon.colcon_core.package_identification:_identify(mycobot_object.v1-roboflow-instant-1--eval-.yolov8/test) by extension 'ignore_ament_install'
[16.738s] Level 1:colcon.colcon_core.package_identification:_identify(mycobot_object.v1-roboflow-instant-1--eval-.yolov8/test) by extensions ['colcon_pkg']
[16.738s] Level 1:colcon.colcon_core.package_identification:_identify(mycobot_object.v1-roboflow-instant-1--eval-.yolov8/test) by extension 'colcon_pkg'
[16.738s] Level 1:colcon.colcon_core.package_identification:_identify(mycobot_object.v1-roboflow-instant-1--eval-.yolov8/test) by extensions ['colcon_meta']
[16.738s] Level 1:colcon.colcon_core.package_identification:_identify(mycobot_object.v1-roboflow-instant-1--eval-.yolov8/test) by extension 'colcon_meta'
[16.738s] Level 1:colcon.colcon_core.package_identification:_identify(mycobot_object.v1-roboflow-instant-1--eval-.yolov8/test) by extensions ['ros']
[16.739s] Level 1:colcon.colcon_core.package_identification:_identify(mycobot_object.v1-roboflow-instant-1--eval-.yolov8/test) by extension 'ros'
[16.739s] Level 1:colcon.colcon_core.package_identification:_identify(mycobot_object.v1-roboflow-instant-1--eval-.yolov8/test) by extensions ['cmake', 'python']
[16.739s] Level 1:colcon.colcon_core.package_identification:_identify(mycobot_object.v1-roboflow-instant-1--eval-.yolov8/test) by extension 'cmake'
[16.739s] Level 1:colcon.colcon_core.package_identification:_identify(mycobot_object.v1-roboflow-instant-1--eval-.yolov8/test) by extension 'python'
[16.739s] Level 1:colcon.colcon_core.package_identification:_identify(mycobot_object.v1-roboflow-instant-1--eval-.yolov8/test) by extensions ['python_setup_py']
[16.739s] Level 1:colcon.colcon_core.package_identification:_identify(mycobot_object.v1-roboflow-instant-1--eval-.yolov8/test) by extension 'python_setup_py'
[16.739s] Level 1:colcon.colcon_core.package_identification:_identify(mycobot_object.v1-roboflow-instant-1--eval-.yolov8/test/images) by extensions ['ignore', 'ignore_ament_install']
[16.739s] Level 1:colcon.colcon_core.package_identification:_identify(mycobot_object.v1-roboflow-instant-1--eval-.yolov8/test/images) by extension 'ignore'
[16.740s] Level 1:colcon.colcon_core.package_identification:_identify(mycobot_object.v1-roboflow-instant-1--eval-.yolov8/test/images) by extension 'ignore_ament_install'
[16.740s] Level 1:colcon.colcon_core.package_identification:_identify(mycobot_object.v1-roboflow-instant-1--eval-.yolov8/test/images) by extensions ['colcon_pkg']
[16.740s] Level 1:colcon.colcon_core.package_identification:_identify(mycobot_object.v1-roboflow-instant-1--eval-.yolov8/test/images) by extension 'colcon_pkg'
[16.740s] Level 1:colcon.colcon_core.package_identification:_identify(mycobot_object.v1-roboflow-instant-1--eval-.yolov8/test/images) by extensions ['colcon_meta']
[16.740s] Level 1:colcon.colcon_core.package_identification:_identify(mycobot_object.v1-roboflow-instant-1--eval-.yolov8/test/images) by extension 'colcon_meta'
[16.740s] Level 1:colcon.colcon_core.package_identification:_identify(mycobot_object.v1-roboflow-instant-1--eval-.yolov8/test/images) by extensions ['ros']
[16.740s] Level 1:colcon.colcon_core.package_identification:_identify(mycobot_object.v1-roboflow-instant-1--eval-.yolov8/test/images) by extension 'ros'
[16.740s] Level 1:colcon.colcon_core.package_identification:_identify(mycobot_object.v1-roboflow-instant-1--eval-.yolov8/test/images) by extensions ['cmake', 'python']
[16.740s] Level 1:colcon.colcon_core.package_identification:_identify(mycobot_object.v1-roboflow-instant-1--eval-.yolov8/test/images) by extension 'cmake'
[16.740s] Level 1:colcon.colcon_core.package_identification:_identify(mycobot_object.v1-roboflow-instant-1--eval-.yolov8/test/images) by extension 'python'
[16.741s] Level 1:colcon.colcon_core.package_identification:_identify(mycobot_object.v1-roboflow-instant-1--eval-.yolov8/test/images) by extensions ['python_setup_py']
[16.741s] Level 1:colcon.colcon_core.package_identification:_identify(mycobot_object.v1-roboflow-instant-1--eval-.yolov8/test/images) by extension 'python_setup_py'
[16.741s] Level 1:colcon.colcon_core.package_identification:_identify(mycobot_object.v1-roboflow-instant-1--eval-.yolov8/test/labels) by extensions ['ignore', 'ignore_ament_install']
[16.741s] Level 1:colcon.colcon_core.package_identification:_identify(mycobot_object.v1-roboflow-instant-1--eval-.yolov8/test/labels) by extension 'ignore'
[16.741s] Level 1:colcon.colcon_core.package_identification:_identify(mycobot_object.v1-roboflow-instant-1--eval-.yolov8/test/labels) by extension 'ignore_ament_install'
[16.741s] Level 1:colcon.colcon_core.package_identification:_identify(mycobot_object.v1-roboflow-instant-1--eval-.yolov8/test/labels) by extensions ['colcon_pkg']
[16.741s] Level 1:colcon.colcon_core.package_identification:_identify(mycobot_object.v1-roboflow-instant-1--eval-.yolov8/test/labels) by extension 'colcon_pkg'
[16.741s] Level 1:colcon.colcon_core.package_identification:_identify(mycobot_object.v1-roboflow-instant-1--eval-.yolov8/test/labels) by extensions ['colcon_meta']
[16.741s] Level 1:colcon.colcon_core.package_identification:_identify(mycobot_object.v1-roboflow-instant-1--eval-.yolov8/test/labels) by extension 'colcon_meta'
[16.742s] Level 1:colcon.colcon_core.package_identification:_identify(mycobot_object.v1-roboflow-instant-1--eval-.yolov8/test/labels) by extensions ['ros']
[16.742s] Level 1:colcon.colcon_core.package_identification:_identify(mycobot_object.v1-roboflow-instant-1--eval-.yolov8/test/labels) by extension 'ros'
[16.742s] Level 1:colcon.colcon_core.package_identification:_identify(mycobot_object.v1-roboflow-instant-1--eval-.yolov8/test/labels) by extensions ['cmake', 'python']
[16.742s] Level 1:colcon.colcon_core.package_identification:_identify(mycobot_object.v1-roboflow-instant-1--eval-.yolov8/test/labels) by extension 'cmake'
[16.742s] Level 1:colcon.colcon_core.package_identification:_identify(mycobot_object.v1-roboflow-instant-1--eval-.yolov8/test/labels) by extension 'python'
[16.742s] Level 1:colcon.colcon_core.package_identification:_identify(mycobot_object.v1-roboflow-instant-1--eval-.yolov8/test/labels) by extensions ['python_setup_py']
[16.742s] Level 1:colcon.colcon_core.package_identification:_identify(mycobot_object.v1-roboflow-instant-1--eval-.yolov8/test/labels) by extension 'python_setup_py'
[16.742s] Level 1:colcon.colcon_core.package_identification:_identify(mycobot_object.v1-roboflow-instant-1--eval-.yolov8/train) by extensions ['ignore', 'ignore_ament_install']
[16.743s] Level 1:colcon.colcon_core.package_identification:_identify(mycobot_object.v1-roboflow-instant-1--eval-.yolov8/train) by extension 'ignore'
[16.743s] Level 1:colcon.colcon_core.package_identification:_identify(mycobot_object.v1-roboflow-instant-1--eval-.yolov8/train) by extension 'ignore_ament_install'
[16.743s] Level 1:colcon.colcon_core.package_identification:_identify(mycobot_object.v1-roboflow-instant-1--eval-.yolov8/train) by extensions ['colcon_pkg']
[16.743s] Level 1:colcon.colcon_core.package_identification:_identify(mycobot_object.v1-roboflow-instant-1--eval-.yolov8/train) by extension 'colcon_pkg'
[16.743s] Level 1:colcon.colcon_core.package_identification:_identify(mycobot_object.v1-roboflow-instant-1--eval-.yolov8/train) by extensions ['colcon_meta']
[16.743s] Level 1:colcon.colcon_core.package_identification:_identify(mycobot_object.v1-roboflow-instant-1--eval-.yolov8/train) by extension 'colcon_meta'
[16.743s] Level 1:colcon.colcon_core.package_identification:_identify(mycobot_object.v1-roboflow-instant-1--eval-.yolov8/train) by extensions ['ros']
[16.743s] Level 1:colcon.colcon_core.package_identification:_identify(mycobot_object.v1-roboflow-instant-1--eval-.yolov8/train) by extension 'ros'
[16.743s] Level 1:colcon.colcon_core.package_identification:_identify(mycobot_object.v1-roboflow-instant-1--eval-.yolov8/train) by extensions ['cmake', 'python']
[16.743s] Level 1:colcon.colcon_core.package_identification:_identify(mycobot_object.v1-roboflow-instant-1--eval-.yolov8/train) by extension 'cmake'
[16.744s] Level 1:colcon.colcon_core.package_identification:_identify(mycobot_object.v1-roboflow-instant-1--eval-.yolov8/train) by extension 'python'
[16.744s] Level 1:colcon.colcon_core.package_identification:_identify(mycobot_object.v1-roboflow-instant-1--eval-.yolov8/train) by extensions ['python_setup_py']
[16.744s] Level 1:colcon.colcon_core.package_identification:_identify(mycobot_object.v1-roboflow-instant-1--eval-.yolov8/train) by extension 'python_setup_py'
[16.744s] Level 1:colcon.colcon_core.package_identification:_identify(mycobot_object.v1-roboflow-instant-1--eval-.yolov8/train/images) by extensions ['ignore', 'ignore_ament_install']
[16.744s] Level 1:colcon.colcon_core.package_identification:_identify(mycobot_object.v1-roboflow-instant-1--eval-.yolov8/train/images) by extension 'ignore'
[16.744s] Level 1:colcon.colcon_core.package_identification:_identify(mycobot_object.v1-roboflow-instant-1--eval-.yolov8/train/images) by extension 'ignore_ament_install'
[16.744s] Level 1:colcon.colcon_core.package_identification:_identify(mycobot_object.v1-roboflow-instant-1--eval-.yolov8/train/images) by extensions ['colcon_pkg']
[16.745s] Level 1:colcon.colcon_core.package_identification:_identify(mycobot_object.v1-roboflow-instant-1--eval-.yolov8/train/images) by extension 'colcon_pkg'
[16.745s] Level 1:colcon.colcon_core.package_identification:_identify(mycobot_object.v1-roboflow-instant-1--eval-.yolov8/train/images) by extensions ['colcon_meta']
[16.745s] Level 1:colcon.colcon_core.package_identification:_identify(mycobot_object.v1-roboflow-instant-1--eval-.yolov8/train/images) by extension 'colcon_meta'
[16.745s] Level 1:colcon.colcon_core.package_identification:_identify(mycobot_object.v1-roboflow-instant-1--eval-.yolov8/train/images) by extensions ['ros']
[16.745s] Level 1:colcon.colcon_core.package_identification:_identify(mycobot_object.v1-roboflow-instant-1--eval-.yolov8/train/images) by extension 'ros'
[16.745s] Level 1:colcon.colcon_core.package_identification:_identify(mycobot_object.v1-roboflow-instant-1--eval-.yolov8/train/images) by extensions ['cmake', 'python']
[16.745s] Level 1:colcon.colcon_core.package_identification:_identify(mycobot_object.v1-roboflow-instant-1--eval-.yolov8/train/images) by extension 'cmake'
[16.745s] Level 1:colcon.colcon_core.package_identification:_identify(mycobot_object.v1-roboflow-instant-1--eval-.yolov8/train/images) by extension 'python'
[16.745s] Level 1:colcon.colcon_core.package_identification:_identify(mycobot_object.v1-roboflow-instant-1--eval-.yolov8/train/images) by extensions ['python_setup_py']
[16.745s] Level 1:colcon.colcon_core.package_identification:_identify(mycobot_object.v1-roboflow-instant-1--eval-.yolov8/train/images) by extension 'python_setup_py'
[16.746s] Level 1:colcon.colcon_core.package_identification:_identify(mycobot_object.v1-roboflow-instant-1--eval-.yolov8/train/labels) by extensions ['ignore', 'ignore_ament_install']
[16.746s] Level 1:colcon.colcon_core.package_identification:_identify(mycobot_object.v1-roboflow-instant-1--eval-.yolov8/train/labels) by extension 'ignore'
[16.746s] Level 1:colcon.colcon_core.package_identification:_identify(mycobot_object.v1-roboflow-instant-1--eval-.yolov8/train/labels) by extension 'ignore_ament_install'
[16.746s] Level 1:colcon.colcon_core.package_identification:_identify(mycobot_object.v1-roboflow-instant-1--eval-.yolov8/train/labels) by extensions ['colcon_pkg']
[16.746s] Level 1:colcon.colcon_core.package_identification:_identify(mycobot_object.v1-roboflow-instant-1--eval-.yolov8/train/labels) by extension 'colcon_pkg'
[16.746s] Level 1:colcon.colcon_core.package_identification:_identify(mycobot_object.v1-roboflow-instant-1--eval-.yolov8/train/labels) by extensions ['colcon_meta']
[16.746s] Level 1:colcon.colcon_core.package_identification:_identify(mycobot_object.v1-roboflow-instant-1--eval-.yolov8/train/labels) by extension 'colcon_meta'
[16.746s] Level 1:colcon.colcon_core.package_identification:_identify(mycobot_object.v1-roboflow-instant-1--eval-.yolov8/train/labels) by extensions ['ros']
[16.746s] Level 1:colcon.colcon_core.package_identification:_identify(mycobot_object.v1-roboflow-instant-1--eval-.yolov8/train/labels) by extension 'ros'
[16.747s] Level 1:colcon.colcon_core.package_identification:_identify(mycobot_object.v1-roboflow-instant-1--eval-.yolov8/train/labels) by extensions ['cmake', 'python']
[16.747s] Level 1:colcon.colcon_core.package_identification:_identify(mycobot_object.v1-roboflow-instant-1--eval-.yolov8/train/labels) by extension 'cmake'
[16.747s] Level 1:colcon.colcon_core.package_identification:_identify(mycobot_object.v1-roboflow-instant-1--eval-.yolov8/train/labels) by extension 'python'
[16.747s] Level 1:colcon.colcon_core.package_identification:_identify(mycobot_object.v1-roboflow-instant-1--eval-.yolov8/train/labels) by extensions ['python_setup_py']
[16.747s] Level 1:colcon.colcon_core.package_identification:_identify(mycobot_object.v1-roboflow-instant-1--eval-.yolov8/train/labels) by extension 'python_setup_py'
[16.747s] Level 1:colcon.colcon_core.package_identification:_identify(mycobot_object.v1-roboflow-instant-1--eval-.yolov8/valid) by extensions ['ignore', 'ignore_ament_install']
[16.747s] Level 1:colcon.colcon_core.package_identification:_identify(mycobot_object.v1-roboflow-instant-1--eval-.yolov8/valid) by extension 'ignore'
[16.747s] Level 1:colcon.colcon_core.package_identification:_identify(mycobot_object.v1-roboflow-instant-1--eval-.yolov8/valid) by extension 'ignore_ament_install'
[16.748s] Level 1:colcon.colcon_core.package_identification:_identify(mycobot_object.v1-roboflow-instant-1--eval-.yolov8/valid) by extensions ['colcon_pkg']
[16.748s] Level 1:colcon.colcon_core.package_identification:_identify(mycobot_object.v1-roboflow-instant-1--eval-.yolov8/valid) by extension 'colcon_pkg'
[16.748s] Level 1:colcon.colcon_core.package_identification:_identify(mycobot_object.v1-roboflow-instant-1--eval-.yolov8/valid) by extensions ['colcon_meta']
[16.748s] Level 1:colcon.colcon_core.package_identification:_identify(mycobot_object.v1-roboflow-instant-1--eval-.yolov8/valid) by extension 'colcon_meta'
[16.748s] Level 1:colcon.colcon_core.package_identification:_identify(mycobot_object.v1-roboflow-instant-1--eval-.yolov8/valid) by extensions ['ros']
[16.748s] Level 1:colcon.colcon_core.package_identification:_identify(mycobot_object.v1-roboflow-instant-1--eval-.yolov8/valid) by extension 'ros'
[16.748s] Level 1:colcon.colcon_core.package_identification:_identify(mycobot_object.v1-roboflow-instant-1--eval-.yolov8/valid) by extensions ['cmake', 'python']
[16.748s] Level 1:colcon.colcon_core.package_identification:_identify(mycobot_object.v1-roboflow-instant-1--eval-.yolov8/valid) by extension 'cmake'
[16.748s] Level 1:colcon.colcon_core.package_identification:_identify(mycobot_object.v1-roboflow-instant-1--eval-.yolov8/valid) by extension 'python'
[16.748s] Level 1:colcon.colcon_core.package_identification:_identify(mycobot_object.v1-roboflow-instant-1--eval-.yolov8/valid) by extensions ['python_setup_py']
[16.749s] Level 1:colcon.colcon_core.package_identification:_identify(mycobot_object.v1-roboflow-instant-1--eval-.yolov8/valid) by extension 'python_setup_py'
[16.749s] Level 1:colcon.colcon_core.package_identification:_identify(mycobot_object.v1-roboflow-instant-1--eval-.yolov8/valid/images) by extensions ['ignore', 'ignore_ament_install']
[16.749s] Level 1:colcon.colcon_core.package_identification:_identify(mycobot_object.v1-roboflow-instant-1--eval-.yolov8/valid/images) by extension 'ignore'
[16.749s] Level 1:colcon.colcon_core.package_identification:_identify(mycobot_object.v1-roboflow-instant-1--eval-.yolov8/valid/images) by extension 'ignore_ament_install'
[16.749s] Level 1:colcon.colcon_core.package_identification:_identify(mycobot_object.v1-roboflow-instant-1--eval-.yolov8/valid/images) by extensions ['colcon_pkg']
[16.749s] Level 1:colcon.colcon_core.package_identification:_identify(mycobot_object.v1-roboflow-instant-1--eval-.yolov8/valid/images) by extension 'colcon_pkg'
[16.749s] Level 1:colcon.colcon_core.package_identification:_identify(mycobot_object.v1-roboflow-instant-1--eval-.yolov8/valid/images) by extensions ['colcon_meta']
[16.749s] Level 1:colcon.colcon_core.package_identification:_identify(mycobot_object.v1-roboflow-instant-1--eval-.yolov8/valid/images) by extension 'colcon_meta'
[16.749s] Level 1:colcon.colcon_core.package_identification:_identify(mycobot_object.v1-roboflow-instant-1--eval-.yolov8/valid/images) by extensions ['ros']
[16.750s] Level 1:colcon.colcon_core.package_identification:_identify(mycobot_object.v1-roboflow-instant-1--eval-.yolov8/valid/images) by extension 'ros'
[16.750s] Level 1:colcon.colcon_core.package_identification:_identify(mycobot_object.v1-roboflow-instant-1--eval-.yolov8/valid/images) by extensions ['cmake', 'python']
[16.750s] Level 1:colcon.colcon_core.package_identification:_identify(mycobot_object.v1-roboflow-instant-1--eval-.yolov8/valid/images) by extension 'cmake'
[16.750s] Level 1:colcon.colcon_core.package_identification:_identify(mycobot_object.v1-roboflow-instant-1--eval-.yolov8/valid/images) by extension 'python'
[16.750s] Level 1:colcon.colcon_core.package_identification:_identify(mycobot_object.v1-roboflow-instant-1--eval-.yolov8/valid/images) by extensions ['python_setup_py']
[16.750s] Level 1:colcon.colcon_core.package_identification:_identify(mycobot_object.v1-roboflow-instant-1--eval-.yolov8/valid/images) by extension 'python_setup_py'
[16.750s] Level 1:colcon.colcon_core.package_identification:_identify(mycobot_object.v1-roboflow-instant-1--eval-.yolov8/valid/labels) by extensions ['ignore', 'ignore_ament_install']
[16.750s] Level 1:colcon.colcon_core.package_identification:_identify(mycobot_object.v1-roboflow-instant-1--eval-.yolov8/valid/labels) by extension 'ignore'
[16.751s] Level 1:colcon.colcon_core.package_identification:_identify(mycobot_object.v1-roboflow-instant-1--eval-.yolov8/valid/labels) by extension 'ignore_ament_install'
[16.751s] Level 1:colcon.colcon_core.package_identification:_identify(mycobot_object.v1-roboflow-instant-1--eval-.yolov8/valid/labels) by extensions ['colcon_pkg']
[16.751s] Level 1:colcon.colcon_core.package_identification:_identify(mycobot_object.v1-roboflow-instant-1--eval-.yolov8/valid/labels) by extension 'colcon_pkg'
[16.751s] Level 1:colcon.colcon_core.package_identification:_identify(mycobot_object.v1-roboflow-instant-1--eval-.yolov8/valid/labels) by extensions ['colcon_meta']
[16.751s] Level 1:colcon.colcon_core.package_identification:_identify(mycobot_object.v1-roboflow-instant-1--eval-.yolov8/valid/labels) by extension 'colcon_meta'
[16.751s] Level 1:colcon.colcon_core.package_identification:_identify(mycobot_object.v1-roboflow-instant-1--eval-.yolov8/valid/labels) by extensions ['ros']
[16.751s] Level 1:colcon.colcon_core.package_identification:_identify(mycobot_object.v1-roboflow-instant-1--eval-.yolov8/valid/labels) by extension 'ros'
[16.751s] Level 1:colcon.colcon_core.package_identification:_identify(mycobot_object.v1-roboflow-instant-1--eval-.yolov8/valid/labels) by extensions ['cmake', 'python']
[16.751s] Level 1:colcon.colcon_core.package_identification:_identify(mycobot_object.v1-roboflow-instant-1--eval-.yolov8/valid/labels) by extension 'cmake'
[16.751s] Level 1:colcon.colcon_core.package_identification:_identify(mycobot_object.v1-roboflow-instant-1--eval-.yolov8/valid/labels) by extension 'python'
[16.752s] Level 1:colcon.colcon_core.package_identification:_identify(mycobot_object.v1-roboflow-instant-1--eval-.yolov8/valid/labels) by extensions ['python_setup_py']
[16.752s] Level 1:colcon.colcon_core.package_identification:_identify(mycobot_object.v1-roboflow-instant-1--eval-.yolov8/valid/labels) by extension 'python_setup_py'
[16.752s] Level 1:colcon.colcon_core.package_identification:_identify(runs) by extensions ['ignore', 'ignore_ament_install']
[16.752s] Level 1:colcon.colcon_core.package_identification:_identify(runs) by extension 'ignore'
[16.752s] Level 1:colcon.colcon_core.package_identification:_identify(runs) by extension 'ignore_ament_install'
[16.752s] Level 1:colcon.colcon_core.package_identification:_identify(runs) by extensions ['colcon_pkg']
[16.752s] Level 1:colcon.colcon_core.package_identification:_identify(runs) by extension 'colcon_pkg'
[16.752s] Level 1:colcon.colcon_core.package_identification:_identify(runs) by extensions ['colcon_meta']
[16.752s] Level 1:colcon.colcon_core.package_identification:_identify(runs) by extension 'colcon_meta'
[16.752s] Level 1:colcon.colcon_core.package_identification:_identify(runs) by extensions ['ros']
[16.753s] Level 1:colcon.colcon_core.package_identification:_identify(runs) by extension 'ros'
[16.753s] Level 1:colcon.colcon_core.package_identification:_identify(runs) by extensions ['cmake', 'python']
[16.753s] Level 1:colcon.colcon_core.package_identification:_identify(runs) by extension 'cmake'
[16.753s] Level 1:colcon.colcon_core.package_identification:_identify(runs) by extension 'python'
[16.753s] Level 1:colcon.colcon_core.package_identification:_identify(runs) by extensions ['python_setup_py']
[16.753s] Level 1:colcon.colcon_core.package_identification:_identify(runs) by extension 'python_setup_py'
[16.753s] Level 1:colcon.colcon_core.package_identification:_identify(runs/detect) by extensions ['ignore', 'ignore_ament_install']
[16.753s] Level 1:colcon.colcon_core.package_identification:_identify(runs/detect) by extension 'ignore'
[16.754s] Level 1:colcon.colcon_core.package_identification:_identify(runs/detect) by extension 'ignore_ament_install'
[16.754s] Level 1:colcon.colcon_core.package_identification:_identify(runs/detect) by extensions ['colcon_pkg']
[16.754s] Level 1:colcon.colcon_core.package_identification:_identify(runs/detect) by extension 'colcon_pkg'
[16.754s] Level 1:colcon.colcon_core.package_identification:_identify(runs/detect) by extensions ['colcon_meta']
[16.754s] Level 1:colcon.colcon_core.package_identification:_identify(runs/detect) by extension 'colcon_meta'
[16.754s] Level 1:colcon.colcon_core.package_identification:_identify(runs/detect) by extensions ['ros']
[16.754s] Level 1:colcon.colcon_core.package_identification:_identify(runs/detect) by extension 'ros'
[16.754s] Level 1:colcon.colcon_core.package_identification:_identify(runs/detect) by extensions ['cmake', 'python']
[16.754s] Level 1:colcon.colcon_core.package_identification:_identify(runs/detect) by extension 'cmake'
[16.754s] Level 1:colcon.colcon_core.package_identification:_identify(runs/detect) by extension 'python'
[16.754s] Level 1:colcon.colcon_core.package_identification:_identify(runs/detect) by extensions ['python_setup_py']
[16.755s] Level 1:colcon.colcon_core.package_identification:_identify(runs/detect) by extension 'python_setup_py'
[16.755s] Level 1:colcon.colcon_core.package_identification:_identify(runs/detect/mycobot_final) by extensions ['ignore', 'ignore_ament_install']
[16.755s] Level 1:colcon.colcon_core.package_identification:_identify(runs/detect/mycobot_final) by extension 'ignore'
[16.755s] Level 1:colcon.colcon_core.package_identification:_identify(runs/detect/mycobot_final) by extension 'ignore_ament_install'
[16.755s] Level 1:colcon.colcon_core.package_identification:_identify(runs/detect/mycobot_final) by extensions ['colcon_pkg']
[16.755s] Level 1:colcon.colcon_core.package_identification:_identify(runs/detect/mycobot_final) by extension 'colcon_pkg'
[16.755s] Level 1:colcon.colcon_core.package_identification:_identify(runs/detect/mycobot_final) by extensions ['colcon_meta']
[16.755s] Level 1:colcon.colcon_core.package_identification:_identify(runs/detect/mycobot_final) by extension 'colcon_meta'
[16.755s] Level 1:colcon.colcon_core.package_identification:_identify(runs/detect/mycobot_final) by extensions ['ros']
[16.756s] Level 1:colcon.colcon_core.package_identification:_identify(runs/detect/mycobot_final) by extension 'ros'
[16.756s] Level 1:colcon.colcon_core.package_identification:_identify(runs/detect/mycobot_final) by extensions ['cmake', 'python']
[16.756s] Level 1:colcon.colcon_core.package_identification:_identify(runs/detect/mycobot_final) by extension 'cmake'
[16.756s] Level 1:colcon.colcon_core.package_identification:_identify(runs/detect/mycobot_final) by extension 'python'
[16.756s] Level 1:colcon.colcon_core.package_identification:_identify(runs/detect/mycobot_final) by extensions ['python_setup_py']
[16.756s] Level 1:colcon.colcon_core.package_identification:_identify(runs/detect/mycobot_final) by extension 'python_setup_py'
[16.756s] Level 1:colcon.colcon_core.package_identification:_identify(runs/detect/mycobot_final/weights) by extensions ['ignore', 'ignore_ament_install']
[16.756s] Level 1:colcon.colcon_core.package_identification:_identify(runs/detect/mycobot_final/weights) by extension 'ignore'
[16.757s] Level 1:colcon.colcon_core.package_identification:_identify(runs/detect/mycobot_final/weights) by extension 'ignore_ament_install'
[16.757s] Level 1:colcon.colcon_core.package_identification:_identify(runs/detect/mycobot_final/weights) by extensions ['colcon_pkg']
[16.757s] Level 1:colcon.colcon_core.package_identification:_identify(runs/detect/mycobot_final/weights) by extension 'colcon_pkg'
[16.757s] Level 1:colcon.colcon_core.package_identification:_identify(runs/detect/mycobot_final/weights) by extensions ['colcon_meta']
[16.757s] Level 1:colcon.colcon_core.package_identification:_identify(runs/detect/mycobot_final/weights) by extension 'colcon_meta'
[16.757s] Level 1:colcon.colcon_core.package_identification:_identify(runs/detect/mycobot_final/weights) by extensions ['ros']
[16.757s] Level 1:colcon.colcon_core.package_identification:_identify(runs/detect/mycobot_final/weights) by extension 'ros'
[16.757s] Level 1:colcon.colcon_core.package_identification:_identify(runs/detect/mycobot_final/weights) by extensions ['cmake', 'python']
[16.757s] Level 1:colcon.colcon_core.package_identification:_identify(runs/detect/mycobot_final/weights) by extension 'cmake'
[16.757s] Level 1:colcon.colcon_core.package_identification:_identify(runs/detect/mycobot_final/weights) by extension 'python'
[16.757s] Level 1:colcon.colcon_core.package_identification:_identify(runs/detect/mycobot_final/weights) by extensions ['python_setup_py']
[16.758s] Level 1:colcon.colcon_core.package_identification:_identify(runs/detect/mycobot_final/weights) by extension 'python_setup_py'
[16.758s] Level 1:colcon.colcon_core.package_identification:_identify(runs/detect/mycobot_final2) by extensions ['ignore', 'ignore_ament_install']
[16.758s] Level 1:colcon.colcon_core.package_identification:_identify(runs/detect/mycobot_final2) by extension 'ignore'
[16.758s] Level 1:colcon.colcon_core.package_identification:_identify(runs/detect/mycobot_final2) by extension 'ignore_ament_install'
[16.758s] Level 1:colcon.colcon_core.package_identification:_identify(runs/detect/mycobot_final2) by extensions ['colcon_pkg']
[16.758s] Level 1:colcon.colcon_core.package_identification:_identify(runs/detect/mycobot_final2) by extension 'colcon_pkg'
[16.758s] Level 1:colcon.colcon_core.package_identification:_identify(runs/detect/mycobot_final2) by extensions ['colcon_meta']
[16.758s] Level 1:colcon.colcon_core.package_identification:_identify(runs/detect/mycobot_final2) by extension 'colcon_meta'
[16.759s] Level 1:colcon.colcon_core.package_identification:_identify(runs/detect/mycobot_final2) by extensions ['ros']
[16.759s] Level 1:colcon.colcon_core.package_identification:_identify(runs/detect/mycobot_final2) by extension 'ros'
[16.759s] Level 1:colcon.colcon_core.package_identification:_identify(runs/detect/mycobot_final2) by extensions ['cmake', 'python']
[16.759s] Level 1:colcon.colcon_core.package_identification:_identify(runs/detect/mycobot_final2) by extension 'cmake'
[16.759s] Level 1:colcon.colcon_core.package_identification:_identify(runs/detect/mycobot_final2) by extension 'python'
[16.759s] Level 1:colcon.colcon_core.package_identification:_identify(runs/detect/mycobot_final2) by extensions ['python_setup_py']
[16.759s] Level 1:colcon.colcon_core.package_identification:_identify(runs/detect/mycobot_final2) by extension 'python_setup_py'
[16.759s] Level 1:colcon.colcon_core.package_identification:_identify(runs/detect/mycobot_final2/weights) by extensions ['ignore', 'ignore_ament_install']
[16.759s] Level 1:colcon.colcon_core.package_identification:_identify(runs/detect/mycobot_final2/weights) by extension 'ignore'
[16.760s] Level 1:colcon.colcon_core.package_identification:_identify(runs/detect/mycobot_final2/weights) by extension 'ignore_ament_install'
[16.760s] Level 1:colcon.colcon_core.package_identification:_identify(runs/detect/mycobot_final2/weights) by extensions ['colcon_pkg']
[16.760s] Level 1:colcon.colcon_core.package_identification:_identify(runs/detect/mycobot_final2/weights) by extension 'colcon_pkg'
[16.760s] Level 1:colcon.colcon_core.package_identification:_identify(runs/detect/mycobot_final2/weights) by extensions ['colcon_meta']
[16.760s] Level 1:colcon.colcon_core.package_identification:_identify(runs/detect/mycobot_final2/weights) by extension 'colcon_meta'
[16.760s] Level 1:colcon.colcon_core.package_identification:_identify(runs/detect/mycobot_final2/weights) by extensions ['ros']
[16.760s] Level 1:colcon.colcon_core.package_identification:_identify(runs/detect/mycobot_final2/weights) by extension 'ros'
[16.760s] Level 1:colcon.colcon_core.package_identification:_identify(runs/detect/mycobot_final2/weights) by extensions ['cmake', 'python']
[16.760s] Level 1:colcon.colcon_core.package_identification:_identify(runs/detect/mycobot_final2/weights) by extension 'cmake'
[16.760s] Level 1:colcon.colcon_core.package_identification:_identify(runs/detect/mycobot_final2/weights) by extension 'python'
[16.761s] Level 1:colcon.colcon_core.package_identification:_identify(runs/detect/mycobot_final2/weights) by extensions ['python_setup_py']
[16.761s] Level 1:colcon.colcon_core.package_identification:_identify(runs/detect/mycobot_final2/weights) by extension 'python_setup_py'
[16.761s] Level 1:colcon.colcon_core.package_identification:_identify(runs/detect/predict) by extensions ['ignore', 'ignore_ament_install']
[16.761s] Level 1:colcon.colcon_core.package_identification:_identify(runs/detect/predict) by extension 'ignore'
[16.761s] Level 1:colcon.colcon_core.package_identification:_identify(runs/detect/predict) by extension 'ignore_ament_install'
[16.761s] Level 1:colcon.colcon_core.package_identification:_identify(runs/detect/predict) by extensions ['colcon_pkg']
[16.761s] Level 1:colcon.colcon_core.package_identification:_identify(runs/detect/predict) by extension 'colcon_pkg'
[16.761s] Level 1:colcon.colcon_core.package_identification:_identify(runs/detect/predict) by extensions ['colcon_meta']
[16.761s] Level 1:colcon.colcon_core.package_identification:_identify(runs/detect/predict) by extension 'colcon_meta'
[16.762s] Level 1:colcon.colcon_core.package_identification:_identify(runs/detect/predict) by extensions ['ros']
[16.762s] Level 1:colcon.colcon_core.package_identification:_identify(runs/detect/predict) by extension 'ros'
[16.762s] Level 1:colcon.colcon_core.package_identification:_identify(runs/detect/predict) by extensions ['cmake', 'python']
[16.762s] Level 1:colcon.colcon_core.package_identification:_identify(runs/detect/predict) by extension 'cmake'
[16.762s] Level 1:colcon.colcon_core.package_identification:_identify(runs/detect/predict) by extension 'python'
[16.762s] Level 1:colcon.colcon_core.package_identification:_identify(runs/detect/predict) by extensions ['python_setup_py']
[16.762s] Level 1:colcon.colcon_core.package_identification:_identify(runs/detect/predict) by extension 'python_setup_py'
[16.762s] Level 1:colcon.colcon_core.package_identification:_identify(runs/detect/train_new_object) by extensions ['ignore', 'ignore_ament_install']
[16.762s] Level 1:colcon.colcon_core.package_identification:_identify(runs/detect/train_new_object) by extension 'ignore'
[16.763s] Level 1:colcon.colcon_core.package_identification:_identify(runs/detect/train_new_object) by extension 'ignore_ament_install'
[16.763s] Level 1:colcon.colcon_core.package_identification:_identify(runs/detect/train_new_object) by extensions ['colcon_pkg']
[16.763s] Level 1:colcon.colcon_core.package_identification:_identify(runs/detect/train_new_object) by extension 'colcon_pkg'
[16.763s] Level 1:colcon.colcon_core.package_identification:_identify(runs/detect/train_new_object) by extensions ['colcon_meta']
[16.763s] Level 1:colcon.colcon_core.package_identification:_identify(runs/detect/train_new_object) by extension 'colcon_meta'
[16.763s] Level 1:colcon.colcon_core.package_identification:_identify(runs/detect/train_new_object) by extensions ['ros']
[16.763s] Level 1:colcon.colcon_core.package_identification:_identify(runs/detect/train_new_object) by extension 'ros'
[16.763s] Level 1:colcon.colcon_core.package_identification:_identify(runs/detect/train_new_object) by extensions ['cmake', 'python']
[16.763s] Level 1:colcon.colcon_core.package_identification:_identify(runs/detect/train_new_object) by extension 'cmake'
[16.763s] Level 1:colcon.colcon_core.package_identification:_identify(runs/detect/train_new_object) by extension 'python'
[16.764s] Level 1:colcon.colcon_core.package_identification:_identify(runs/detect/train_new_object) by extensions ['python_setup_py']
[16.764s] Level 1:colcon.colcon_core.package_identification:_identify(runs/detect/train_new_object) by extension 'python_setup_py'
[16.764s] Level 1:colcon.colcon_core.package_identification:_identify(runs/detect/train_new_object/weights) by extensions ['ignore', 'ignore_ament_install']
[16.764s] Level 1:colcon.colcon_core.package_identification:_identify(runs/detect/train_new_object/weights) by extension 'ignore'
[16.764s] Level 1:colcon.colcon_core.package_identification:_identify(runs/detect/train_new_object/weights) by extension 'ignore_ament_install'
[16.764s] Level 1:colcon.colcon_core.package_identification:_identify(runs/detect/train_new_object/weights) by extensions ['colcon_pkg']
[16.764s] Level 1:colcon.colcon_core.package_identification:_identify(runs/detect/train_new_object/weights) by extension 'colcon_pkg'
[16.764s] Level 1:colcon.colcon_core.package_identification:_identify(runs/detect/train_new_object/weights) by extensions ['colcon_meta']
[16.764s] Level 1:colcon.colcon_core.package_identification:_identify(runs/detect/train_new_object/weights) by extension 'colcon_meta'
[16.765s] Level 1:colcon.colcon_core.package_identification:_identify(runs/detect/train_new_object/weights) by extensions ['ros']
[16.765s] Level 1:colcon.colcon_core.package_identification:_identify(runs/detect/train_new_object/weights) by extension 'ros'
[16.765s] Level 1:colcon.colcon_core.package_identification:_identify(runs/detect/train_new_object/weights) by extensions ['cmake', 'python']
[16.765s] Level 1:colcon.colcon_core.package_identification:_identify(runs/detect/train_new_object/weights) by extension 'cmake'
[16.765s] Level 1:colcon.colcon_core.package_identification:_identify(runs/detect/train_new_object/weights) by extension 'python'
[16.765s] Level 1:colcon.colcon_core.package_identification:_identify(runs/detect/train_new_object/weights) by extensions ['python_setup_py']
[16.765s] Level 1:colcon.colcon_core.package_identification:_identify(runs/detect/train_new_object/weights) by extension 'python_setup_py'
[16.765s] Level 1:colcon.colcon_core.package_identification:_identify(src) by extensions ['ignore', 'ignore_ament_install']
[16.765s] Level 1:colcon.colcon_core.package_identification:_identify(src) by extension 'ignore'
[16.766s] Level 1:colcon.colcon_core.package_identification:_identify(src) by extension 'ignore_ament_install'
[16.766s] Level 1:colcon.colcon_core.package_identification:_identify(src) by extensions ['colcon_pkg']
[16.766s] Level 1:colcon.colcon_core.package_identification:_identify(src) by extension 'colcon_pkg'
[16.766s] Level 1:colcon.colcon_core.package_identification:_identify(src) by extensions ['colcon_meta']
[16.766s] Level 1:colcon.colcon_core.package_identification:_identify(src) by extension 'colcon_meta'
[16.766s] Level 1:colcon.colcon_core.package_identification:_identify(src) by extensions ['ros']
[16.766s] Level 1:colcon.colcon_core.package_identification:_identify(src) by extension 'ros'
[16.766s] Level 1:colcon.colcon_core.package_identification:_identify(src) by extensions ['cmake', 'python']
[16.766s] Level 1:colcon.colcon_core.package_identification:_identify(src) by extension 'cmake'
[16.766s] Level 1:colcon.colcon_core.package_identification:_identify(src) by extension 'python'
[16.767s] Level 1:colcon.colcon_core.package_identification:_identify(src) by extensions ['python_setup_py']
[16.767s] Level 1:colcon.colcon_core.package_identification:_identify(src) by extension 'python_setup_py'
[16.767s] Level 1:colcon.colcon_core.package_identification:_identify(src/build) by extensions ['ignore', 'ignore_ament_install']
[16.767s] Level 1:colcon.colcon_core.package_identification:_identify(src/build) by extension 'ignore'
[16.767s] Level 1:colcon.colcon_core.package_identification:_identify(src/build) ignored
[16.767s] Level 1:colcon.colcon_core.package_identification:_identify(src/install) by extensions ['ignore', 'ignore_ament_install']
[16.767s] Level 1:colcon.colcon_core.package_identification:_identify(src/install) by extension 'ignore'
[16.768s] Level 1:colcon.colcon_core.package_identification:_identify(src/install) ignored
[16.768s] Level 1:colcon.colcon_core.package_identification:_identify(src/log) by extensions ['ignore', 'ignore_ament_install']
[16.768s] Level 1:colcon.colcon_core.package_identification:_identify(src/log) by extension 'ignore'
[16.768s] Level 1:colcon.colcon_core.package_identification:_identify(src/log) ignored
[16.768s] Level 1:colcon.colcon_core.package_identification:_identify(src/my_launch_pkg) by extensions ['ignore', 'ignore_ament_install']
[16.768s] Level 1:colcon.colcon_core.package_identification:_identify(src/my_launch_pkg) by extension 'ignore'
[16.768s] Level 1:colcon.colcon_core.package_identification:_identify(src/my_launch_pkg) by extension 'ignore_ament_install'
[16.769s] Level 1:colcon.colcon_core.package_identification:_identify(src/my_launch_pkg) by extensions ['colcon_pkg']
[16.769s] Level 1:colcon.colcon_core.package_identification:_identify(src/my_launch_pkg) by extension 'colcon_pkg'
[16.769s] Level 1:colcon.colcon_core.package_identification:_identify(src/my_launch_pkg) by extensions ['colcon_meta']
[16.769s] Level 1:colcon.colcon_core.package_identification:_identify(src/my_launch_pkg) by extension 'colcon_meta'
[16.769s] Level 1:colcon.colcon_core.package_identification:_identify(src/my_launch_pkg) by extensions ['ros']
[16.769s] Level 1:colcon.colcon_core.package_identification:_identify(src/my_launch_pkg) by extension 'ros'
[16.775s] DEBUG:colcon.colcon_core.package_identification:Package 'src/my_launch_pkg' with type 'ros.ament_python' and name 'my_launch_pkg'
[16.775s] Level 1:colcon.colcon_core.package_identification:_identify(src/mycobot_arm) by extensions ['ignore', 'ignore_ament_install']
[16.775s] Level 1:colcon.colcon_core.package_identification:_identify(src/mycobot_arm) by extension 'ignore'
[16.776s] Level 1:colcon.colcon_core.package_identification:_identify(src/mycobot_arm) by extension 'ignore_ament_install'
[16.776s] Level 1:colcon.colcon_core.package_identification:_identify(src/mycobot_arm) by extensions ['colcon_pkg']
[16.776s] Level 1:colcon.colcon_core.package_identification:_identify(src/mycobot_arm) by extension 'colcon_pkg'
[16.776s] Level 1:colcon.colcon_core.package_identification:_identify(src/mycobot_arm) by extensions ['colcon_meta']
[16.776s] Level 1:colcon.colcon_core.package_identification:_identify(src/mycobot_arm) by extension 'colcon_meta'
[16.776s] Level 1:colcon.colcon_core.package_identification:_identify(src/mycobot_arm) by extensions ['ros']
[16.776s] Level 1:colcon.colcon_core.package_identification:_identify(src/mycobot_arm) by extension 'ros'
[16.777s] DEBUG:colcon.colcon_core.package_identification:Package 'src/mycobot_arm' with type 'ros.ament_python' and name 'mycobot_arm'
[16.778s] Level 1:colcon.colcon_core.package_identification:_identify(src/nav_handler) by extensions ['ignore', 'ignore_ament_install']
[16.778s] Level 1:colcon.colcon_core.package_identification:_identify(src/nav_handler) by extension 'ignore'
[16.778s] Level 1:colcon.colcon_core.package_identification:_identify(src/nav_handler) by extension 'ignore_ament_install'
[16.778s] Level 1:colcon.colcon_core.package_identification:_identify(src/nav_handler) by extensions ['colcon_pkg']
[16.778s] Level 1:colcon.colcon_core.package_identification:_identify(src/nav_handler) by extension 'colcon_pkg'
[16.778s] Level 1:colcon.colcon_core.package_identification:_identify(src/nav_handler) by extensions ['colcon_meta']
[16.778s] Level 1:colcon.colcon_core.package_identification:_identify(src/nav_handler) by extension 'colcon_meta'
[16.779s] Level 1:colcon.colcon_core.package_identification:_identify(src/nav_handler) by extensions ['ros']
[16.779s] Level 1:colcon.colcon_core.package_identification:_identify(src/nav_handler) by extension 'ros'
[16.780s] DEBUG:colcon.colcon_core.package_identification:Package 'src/nav_handler' with type 'ros.ament_python' and name 'nav_handler'
[16.780s] Level 1:colcon.colcon_core.package_identification:_identify(src/object_detector) by extensions ['ignore', 'ignore_ament_install']
[16.780s] Level 1:colcon.colcon_core.package_identification:_identify(src/object_detector) by extension 'ignore'
[16.781s] Level 1:colcon.colcon_core.package_identification:_identify(src/object_detector) by extension 'ignore_ament_install'
[16.781s] Level 1:colcon.colcon_core.package_identification:_identify(src/object_detector) by extensions ['colcon_pkg']
[16.781s] Level 1:colcon.colcon_core.package_identification:_identify(src/object_detector) by extension 'colcon_pkg'
[16.781s] Level 1:colcon.colcon_core.package_identification:_identify(src/object_detector) by extensions ['colcon_meta']
[16.781s] Level 1:colcon.colcon_core.package_identification:_identify(src/object_detector) by extension 'colcon_meta'
[16.781s] Level 1:colcon.colcon_core.package_identification:_identify(src/object_detector) by extensions ['ros']
[16.781s] Level 1:colcon.colcon_core.package_identification:_identify(src/object_detector) by extension 'ros'
[16.785s] DEBUG:colcon.colcon_core.package_identification:Package 'src/object_detector' with type 'ros.ament_python' and name 'object_detector'
[16.785s] Level 1:colcon.colcon_core.package_identification:_identify(src/vision_msgs) by extensions ['ignore', 'ignore_ament_install']
[16.786s] Level 1:colcon.colcon_core.package_identification:_identify(src/vision_msgs) by extension 'ignore'
[16.786s] Level 1:colcon.colcon_core.package_identification:_identify(src/vision_msgs) by extension 'ignore_ament_install'
[16.786s] Level 1:colcon.colcon_core.package_identification:_identify(src/vision_msgs) by extensions ['colcon_pkg']
[16.786s] Level 1:colcon.colcon_core.package_identification:_identify(src/vision_msgs) by extension 'colcon_pkg'
[16.786s] Level 1:colcon.colcon_core.package_identification:_identify(src/vision_msgs) by extensions ['colcon_meta']
[16.786s] Level 1:colcon.colcon_core.package_identification:_identify(src/vision_msgs) by extension 'colcon_meta'
[16.786s] Level 1:colcon.colcon_core.package_identification:_identify(src/vision_msgs) by extensions ['ros']
[16.786s] Level 1:colcon.colcon_core.package_identification:_identify(src/vision_msgs) by extension 'ros'
[16.787s] Level 1:colcon.colcon_core.package_identification:_identify(src/vision_msgs) by extensions ['cmake', 'python']
[16.787s] Level 1:colcon.colcon_core.package_identification:_identify(src/vision_msgs) by extension 'cmake'
[16.787s] Level 1:colcon.colcon_core.package_identification:_identify(src/vision_msgs) by extension 'python'
[16.787s] Level 1:colcon.colcon_core.package_identification:_identify(src/vision_msgs) by extensions ['python_setup_py']
[16.787s] Level 1:colcon.colcon_core.package_identification:_identify(src/vision_msgs) by extension 'python_setup_py'
[16.787s] Level 1:colcon.colcon_core.package_identification:_identify(src/vision_msgs/vision_msgs) by extensions ['ignore', 'ignore_ament_install']
[16.787s] Level 1:colcon.colcon_core.package_identification:_identify(src/vision_msgs/vision_msgs) by extension 'ignore'
[16.788s] Level 1:colcon.colcon_core.package_identification:_identify(src/vision_msgs/vision_msgs) by extension 'ignore_ament_install'
[16.788s] Level 1:colcon.colcon_core.package_identification:_identify(src/vision_msgs/vision_msgs) by extensions ['colcon_pkg']
[16.788s] Level 1:colcon.colcon_core.package_identification:_identify(src/vision_msgs/vision_msgs) by extension 'colcon_pkg'
[16.788s] Level 1:colcon.colcon_core.package_identification:_identify(src/vision_msgs/vision_msgs) by extensions ['colcon_meta']
[16.788s] Level 1:colcon.colcon_core.package_identification:_identify(src/vision_msgs/vision_msgs) by extension 'colcon_meta'
[16.788s] Level 1:colcon.colcon_core.package_identification:_identify(src/vision_msgs/vision_msgs) by extensions ['ros']
[16.788s] Level 1:colcon.colcon_core.package_identification:_identify(src/vision_msgs/vision_msgs) by extension 'ros'
[16.790s] DEBUG:colcon.colcon_core.package_identification:Package 'src/vision_msgs/vision_msgs' with type 'ros.ament_cmake' and name 'vision_msgs'
[16.790s] Level 1:colcon.colcon_core.package_identification:_identify(src/vision_msgs/vision_msgs_rviz_plugins) by extensions ['ignore', 'ignore_ament_install']
[16.790s] Level 1:colcon.colcon_core.package_identification:_identify(src/vision_msgs/vision_msgs_rviz_plugins) by extension 'ignore'
[16.790s] Level 1:colcon.colcon_core.package_identification:_identify(src/vision_msgs/vision_msgs_rviz_plugins) by extension 'ignore_ament_install'
[16.790s] Level 1:colcon.colcon_core.package_identification:_identify(src/vision_msgs/vision_msgs_rviz_plugins) by extensions ['colcon_pkg']
[16.790s] Level 1:colcon.colcon_core.package_identification:_identify(src/vision_msgs/vision_msgs_rviz_plugins) by extension 'colcon_pkg'
[16.791s] Level 1:colcon.colcon_core.package_identification:_identify(src/vision_msgs/vision_msgs_rviz_plugins) by extensions ['colcon_meta']
[16.791s] Level 1:colcon.colcon_core.package_identification:_identify(src/vision_msgs/vision_msgs_rviz_plugins) by extension 'colcon_meta'
[16.791s] Level 1:colcon.colcon_core.package_identification:_identify(src/vision_msgs/vision_msgs_rviz_plugins) by extensions ['ros']
[16.791s] Level 1:colcon.colcon_core.package_identification:_identify(src/vision_msgs/vision_msgs_rviz_plugins) by extension 'ros'
[16.793s] DEBUG:colcon.colcon_core.package_identification:Package 'src/vision_msgs/vision_msgs_rviz_plugins' with type 'ros.ament_cmake' and name 'vision_msgs_rviz_plugins'
[16.793s] Level 1:colcon.colcon_core.package_discovery:discover_packages(recursive) using defaults
[16.793s] Level 1:colcon.colcon_core.package_discovery:discover_packages(ignore) discover
[16.793s] Level 1:colcon.colcon_core.package_discovery:discover_packages(ignore) using defaults
[16.793s] Level 1:colcon.colcon_core.package_discovery:discover_packages(path) discover
[16.793s] Level 1:colcon.colcon_core.package_discovery:discover_packages(path) using defaults
[17.655s] INFO:colcon.colcon_core.package_selection:Skipping not selected package 'my_launch_pkg' in 'src/my_launch_pkg'
[17.655s] INFO:colcon.colcon_core.package_selection:Skipping not selected package 'mycobot_arm' in 'src/mycobot_arm'
[17.655s] INFO:colcon.colcon_core.package_selection:Skipping not selected package 'object_detector' in 'src/object_detector'
[17.655s] INFO:colcon.colcon_core.package_selection:Skipping not selected package 'vision_msgs' in 'src/vision_msgs/vision_msgs'
[17.656s] INFO:colcon.colcon_core.package_selection:Skipping not selected package 'vision_msgs_rviz_plugins' in 'src/vision_msgs/vision_msgs_rviz_plugins'
[18.193s] Level 1:colcon.colcon_core.package_discovery:discover_packages(prefix_path) check parameters
[18.193s] Level 1:colcon.colcon_core.package_discovery:discover_packages(prefix_path) discover
[18.749s] DEBUG:colcon.colcon_installed_package_information.package_discovery:Found 6 installed packages in /home/agilex/krish_ws/install
[19.025s] DEBUG:colcon.colcon_installed_package_information.package_discovery:Found 71 installed packages in /home/agilex/limo_ros2_ws/install
[19.298s] DEBUG:colcon.colcon_installed_package_information.package_discovery:Found 359 installed packages in /opt/ros/foxy
[19.304s] Level 1:colcon.colcon_core.package_discovery:discover_packages(prefix_path) using defaults
[20.002s] Level 5:colcon.colcon_core.verb:set package 'nav_handler' build argument 'cmake_args' from command line to 'None'
[20.002s] Level 5:colcon.colcon_core.verb:set package 'nav_handler' build argument 'cmake_target' from command line to 'None'
[20.002s] Level 5:colcon.colcon_core.verb:set package 'nav_handler' build argument 'cmake_target_skip_unavailable' from command line to 'False'
[20.002s] Level 5:colcon.colcon_core.verb:set package 'nav_handler' build argument 'cmake_clean_cache' from command line to 'False'
[20.002s] Level 5:colcon.colcon_core.verb:set package 'nav_handler' build argument 'cmake_clean_first' from command line to 'False'
[20.002s] Level 5:colcon.colcon_core.verb:set package 'nav_handler' build argument 'cmake_force_configure' from command line to 'False'
[20.002s] Level 5:colcon.colcon_core.verb:set package 'nav_handler' build argument 'ament_cmake_args' from command line to 'None'
[20.002s] Level 5:colcon.colcon_core.verb:set package 'nav_handler' build argument 'catkin_cmake_args' from command line to 'None'
[20.002s] Level 5:colcon.colcon_core.verb:set package 'nav_handler' build argument 'catkin_skip_building_tests' from command line to 'False'
[20.002s] DEBUG:colcon.colcon_core.verb:Building package 'nav_handler' with the following arguments: {'ament_cmake_args': None, 'build_base': '/home/agilex/krish_ws/build/nav_handler', 'catkin_cmake_args': None, 'catkin_skip_building_tests': False, 'cmake_args': None, 'cmake_clean_cache': False, 'cmake_clean_first': False, 'cmake_force_configure': False, 'cmake_target': None, 'cmake_target_skip_unavailable': False, 'install_base': '/home/agilex/krish_ws/install/nav_handler', 'merge_install': False, 'path': '/home/agilex/krish_ws/src/nav_handler', 'symlink_install': False, 'test_result_base': None}
[20.270s] INFO:colcon.colcon_core.executor:Executing jobs using 'parallel' executor
[20.539s] DEBUG:colcon.colcon_parallel_executor.executor.parallel:run_until_complete
[20.540s] INFO:colcon.colcon_ros.task.ament_python.build:Building ROS package in '/home/agilex/krish_ws/src/nav_handler' with build type 'ament_python'
[20.540s] Level 1:colcon.colcon_core.shell:create_environment_hook('nav_handler', 'ament_prefix_path')
[20.828s] INFO:colcon.colcon_core.plugin_system:Skipping extension 'colcon_core.shell.bat': Not used on non-Windows systems
[20.829s] INFO:colcon.colcon_core.shell:Creating environment hook '/home/agilex/krish_ws/install/nav_handler/share/nav_handler/hook/ament_prefix_path.ps1'
[20.830s] INFO:colcon.colcon_core.shell:Creating environment descriptor '/home/agilex/krish_ws/install/nav_handler/share/nav_handler/hook/ament_prefix_path.dsv'
[20.831s] INFO:colcon.colcon_core.shell:Creating environment hook '/home/agilex/krish_ws/install/nav_handler/share/nav_handler/hook/ament_prefix_path.sh'
[21.109s] INFO:colcon.colcon_core.shell:Skip shell extension 'powershell' for command environment: Not usable outside of PowerShell
[21.109s] DEBUG:colcon.colcon_core.shell:Skip shell extension 'dsv' for command environment
[22.836s] INFO:colcon.colcon_core.task.python.build:Building Python package in '/home/agilex/krish_ws/src/nav_handler'
[23.115s] INFO:colcon.colcon_core.shell:Skip shell extension 'powershell' for command environment: Not usable outside of PowerShell
[23.116s] DEBUG:colcon.colcon_core.shell:Skip shell extension 'dsv' for command environment
[26.114s] DEBUG:colcon.colcon_core.event_handler.log_command:Invoking command in '/home/agilex/krish_ws/src/nav_handler': PYTHONPATH=/home/agilex/krish_ws/build/nav_handler/prefix_override:/home/agilex/krish_ws/install/nav_handler/lib/python3.8/site-packages:${PYTHONPATH} /usr/bin/python3 setup.py egg_info --egg-base ../../build/nav_handler build --build-base /home/agilex/krish_ws/build/nav_handler/build install --record /home/agilex/krish_ws/build/nav_handler/install.log --install-scripts $base/lib/nav_handler --single-version-externally-managed
[27.851s] DEBUG:colcon.colcon_core.event_handler.log_command:Invoked command in '/home/agilex/krish_ws/src/nav_handler' returned '0': PYTHONPATH=/home/agilex/krish_ws/build/nav_handler/prefix_override:/home/agilex/krish_ws/install/nav_handler/lib/python3.8/site-packages:${PYTHONPATH} /usr/bin/python3 setup.py egg_info --egg-base ../../build/nav_handler build --build-base /home/agilex/krish_ws/build/nav_handler/build install --record /home/agilex/krish_ws/build/nav_handler/install.log --install-scripts $base/lib/nav_handler --single-version-externally-managed
[28.143s] Level 1:colcon.colcon_core.environment:checking '/home/agilex/krish_ws/install/nav_handler' for CMake module files
[28.144s] Level 1:colcon.colcon_core.environment:checking '/home/agilex/krish_ws/install/nav_handler' for CMake config files
[28.146s] Level 1:colcon.colcon_core.environment:checking '/home/agilex/krish_ws/install/nav_handler/lib'
[28.146s] Level 1:colcon.colcon_core.environment:checking '/home/agilex/krish_ws/install/nav_handler/bin'
[28.146s] Level 1:colcon.colcon_core.environment:checking '/home/agilex/krish_ws/install/nav_handler/lib/pkgconfig/nav_handler.pc'
[28.147s] Level 1:colcon.colcon_core.environment:checking '/home/agilex/krish_ws/install/nav_handler/lib/python3.8/site-packages'
[28.147s] Level 1:colcon.colcon_core.shell:create_environment_hook('nav_handler', 'pythonpath')
[28.429s] INFO:colcon.colcon_core.shell:Creating environment hook '/home/agilex/krish_ws/install/nav_handler/share/nav_handler/hook/pythonpath.ps1'
[28.431s] INFO:colcon.colcon_core.shell:Creating environment descriptor '/home/agilex/krish_ws/install/nav_handler/share/nav_handler/hook/pythonpath.dsv'
[28.431s] INFO:colcon.colcon_core.shell:Creating environment hook '/home/agilex/krish_ws/install/nav_handler/share/nav_handler/hook/pythonpath.sh'
[28.433s] Level 1:colcon.colcon_core.environment:checking '/home/agilex/krish_ws/install/nav_handler/bin'
[28.433s] Level 1:colcon.colcon_core.environment:create_environment_scripts_only(nav_handler)
[28.711s] INFO:colcon.colcon_core.shell:Creating package script '/home/agilex/krish_ws/install/nav_handler/share/nav_handler/package.ps1'
[28.713s] INFO:colcon.colcon_core.shell:Creating package descriptor '/home/agilex/krish_ws/install/nav_handler/share/nav_handler/package.dsv'
[28.715s] INFO:colcon.colcon_core.shell:Creating package script '/home/agilex/krish_ws/install/nav_handler/share/nav_handler/package.sh'
[28.717s] INFO:colcon.colcon_core.shell:Creating package script '/home/agilex/krish_ws/install/nav_handler/share/nav_handler/package.bash'
[28.718s] INFO:colcon.colcon_core.shell:Creating package script '/home/agilex/krish_ws/install/nav_handler/share/nav_handler/package.zsh'
[28.720s] Level 1:colcon.colcon_core.environment:create_file_with_runtime_dependencies(/home/agilex/krish_ws/install/nav_handler/share/colcon-core/packages/nav_handler)
[28.721s] DEBUG:colcon.colcon_parallel_executor.executor.parallel:closing loop
[28.721s] DEBUG:colcon.colcon_parallel_executor.executor.parallel:loop closed
[28.722s] DEBUG:colcon.colcon_parallel_executor.executor.parallel:run_until_complete finished with '0'
[28.722s] DEBUG:colcon.colcon_core.event_reactor:joining thread
[29.012s] INFO:colcon.colcon_core.plugin_system:Skipping extension 'colcon_notification.desktop_notification.terminal_notifier': Not used on non-Darwin systems
[29.012s] INFO:colcon.colcon_core.plugin_system:Skipping extension 'colcon_notification.desktop_notification.win32': Not used on non-Windows systems
[29.013s] INFO:colcon.colcon_notification.desktop_notification:Sending desktop notification using 'notify2'
[29.064s] DEBUG:colcon.colcon_core.event_reactor:joined thread
[29.343s] INFO:colcon.colcon_core.shell:Creating prefix script '/home/agilex/krish_ws/install/local_setup.ps1'
[29.345s] INFO:colcon.colcon_core.shell:Creating prefix util module '/home/agilex/krish_ws/install/_local_setup_util_ps1.py'
[29.347s] INFO:colcon.colcon_core.shell:Creating prefix chain script '/home/agilex/krish_ws/install/setup.ps1'
[29.633s] INFO:colcon.colcon_core.shell:Creating prefix script '/home/agilex/krish_ws/install/local_setup.sh'
[29.634s] INFO:colcon.colcon_core.shell:Creating prefix util module '/home/agilex/krish_ws/install/_local_setup_util_sh.py'
[29.635s] INFO:colcon.colcon_core.shell:Creating prefix chain script '/home/agilex/krish_ws/install/setup.sh'
[29.936s] INFO:colcon.colcon_core.shell:Creating prefix script '/home/agilex/krish_ws/install/local_setup.bash'
[29.937s] INFO:colcon.colcon_core.shell:Creating prefix chain script '/home/agilex/krish_ws/install/setup.bash'
[30.233s] INFO:colcon.colcon_core.shell:Creating prefix script '/home/agilex/krish_ws/install/local_setup.zsh'
[30.235s] INFO:colcon.colcon_core.shell:Creating prefix chain script '/home/agilex/krish_ws/install/setup.zsh'
