[5.534s] Invoking command in '/home/agilex/krish_ws/src/nav_handler': PYTHONPATH=/home/agilex/krish_ws/build/nav_handler/prefix_override:/home/agilex/krish_ws/install/nav_handler/lib/python3.8/site-packages:${PYTHONPATH} /usr/bin/python3 setup.py egg_info --egg-base ../../build/nav_handler build --build-base /home/agilex/krish_ws/build/nav_handler/build install --record /home/agilex/krish_ws/build/nav_handler/install.log --install-scripts $base/lib/nav_handler --single-version-externally-managed
[5.936s] /home/agilex/.local/lib/python3.8/site-packages/setuptools/dist.py:476: SetuptoolsDeprecationWarning: Invalid dash-separated options
[5.936s] !!
[5.936s] 
[5.936s]         ********************************************************************************
[5.937s]         Usage of dash-separated 'script-dir' will not be supported in future
[5.937s]         versions. Please use the underscore name 'script_dir' instead.
[5.937s] 
[5.937s]         This deprecation is overdue, please update your project and remove deprecated
[5.937s]         calls to avoid build errors in the future.
[5.937s] 
[5.937s]         See https://setuptools.pypa.io/en/latest/userguide/declarative_config.html for details.
[5.938s]         ********************************************************************************
[5.938s] 
[5.938s] !!
[5.938s]   opt = self.warn_dash_deprecation(opt, section)
[6.214s] running egg_info
[6.258s] writing ../../build/nav_handler/nav_handler.egg-info/PKG-INFO
[6.259s] writing dependency_links to ../../build/nav_handler/nav_handler.egg-info/dependency_links.txt
[6.260s] writing entry points to ../../build/nav_handler/nav_handler.egg-info/entry_points.txt
[6.260s] writing requirements to ../../build/nav_handler/nav_handler.egg-info/requires.txt
[6.261s] writing top-level names to ../../build/nav_handler/nav_handler.egg-info/top_level.txt
[6.615s] reading manifest file '../../build/nav_handler/nav_handler.egg-info/SOURCES.txt'
[6.616s] writing manifest file '../../build/nav_handler/nav_handler.egg-info/SOURCES.txt'
[6.617s] running build
[6.617s] running build_py
[6.618s] copying nav_handler/__init__.py -> /home/agilex/krish_ws/build/nav_handler/build/lib/nav_handler
[6.619s] copying nav_handler/pose_setter.py -> /home/agilex/krish_ws/build/nav_handler/build/lib/nav_handler
[6.619s] copying nav_handler/nav_handler.py -> /home/agilex/krish_ws/build/nav_handler/build/lib/nav_handler
[6.620s] running install
[6.621s] /home/agilex/.local/lib/python3.8/site-packages/setuptools/_distutils/cmd.py:66: SetuptoolsDeprecationWarning: setup.py install is deprecated.
[6.621s] !!
[6.621s] 
[6.621s]         ********************************************************************************
[6.622s]         Please avoid running ``setup.py`` directly.
[6.622s]         Instead, use pypa/build, pypa/installer or other
[6.622s]         standards-based tools.
[6.622s] 
[6.622s]         See https://blog.ganssle.io/articles/2021/10/setup-py-deprecated.html for details.
[6.623s]         ********************************************************************************
[6.623s] 
[6.623s] !!
[6.623s]   self.initialize_options()
[6.633s] running install_lib
[6.678s] copying /home/agilex/krish_ws/build/nav_handler/build/lib/nav_handler/nav_handler.py -> /home/agilex/krish_ws/install/nav_handler/lib/python3.8/site-packages/nav_handler
[6.680s] byte-compiling /home/agilex/krish_ws/install/nav_handler/lib/python3.8/site-packages/nav_handler/nav_handler.py to nav_handler.cpython-38.pyc
[6.682s] running install_data
[6.728s] copying resource/nav_handler -> /home/agilex/krish_ws/install/nav_handler/share/ament_index/resource_index/packages
[6.728s] copying package.xml -> /home/agilex/krish_ws/install/nav_handler/share/nav_handler
[6.728s] running install_egg_info
[6.774s] removing '/home/agilex/krish_ws/install/nav_handler/lib/python3.8/site-packages/nav_handler-0.0.0-py3.8.egg-info' (and everything under it)
[6.775s] Copying ../../build/nav_handler/nav_handler.egg-info to /home/agilex/krish_ws/install/nav_handler/lib/python3.8/site-packages/nav_handler-0.0.0-py3.8.egg-info
[6.778s] running install_scripts
[6.885s] Installing nav_handler script to /home/agilex/krish_ws/install/nav_handler/lib/nav_handler
[6.886s] Installing pose_setter script to /home/agilex/krish_ws/install/nav_handler/lib/nav_handler
[6.886s] writing list of installed files to '/home/agilex/krish_ws/build/nav_handler/install.log'
[6.975s] Invoked command in '/home/agilex/krish_ws/src/nav_handler' returned '0': PYTHONPATH=/home/agilex/krish_ws/build/nav_handler/prefix_override:/home/agilex/krish_ws/install/nav_handler/lib/python3.8/site-packages:${PYTHONPATH} /usr/bin/python3 setup.py egg_info --egg-base ../../build/nav_handler build --build-base /home/agilex/krish_ws/build/nav_handler/build install --record /home/agilex/krish_ws/build/nav_handler/install.log --install-scripts $base/lib/nav_handler --single-version-externally-managed
