[5.493s] Invoking command in '/home/agilex/krish_ws/src/nav_handler': PYTHONPATH=/home/agilex/krish_ws/build/nav_handler/prefix_override:/home/agilex/krish_ws/install/nav_handler/lib/python3.8/site-packages:${PYTHONPATH} /usr/bin/python3 setup.py egg_info --egg-base ../../build/nav_handler build --build-base /home/agilex/krish_ws/build/nav_handler/build install --record /home/agilex/krish_ws/build/nav_handler/install.log --install-scripts $base/lib/nav_handler --single-version-externally-managed
[5.893s] /home/agilex/.local/lib/python3.8/site-packages/setuptools/dist.py:476: SetuptoolsDeprecationWarning: Invalid dash-separated options
[5.893s] !!
[5.893s] 
[5.893s]         ********************************************************************************
[5.893s]         Usage of dash-separated 'script-dir' will not be supported in future
[5.893s]         versions. Please use the underscore name 'script_dir' instead.
[5.894s] 
[5.894s]         This deprecation is overdue, please update your project and remove deprecated
[5.894s]         calls to avoid build errors in the future.
[5.894s] 
[5.894s]         See https://setuptools.pypa.io/en/latest/userguide/declarative_config.html for details.
[5.894s]         ********************************************************************************
[5.894s] 
[5.894s] !!
[5.895s]   opt = self.warn_dash_deprecation(opt, section)
[6.174s] running egg_info
[6.220s] writing ../../build/nav_handler/nav_handler.egg-info/PKG-INFO
[6.221s] writing dependency_links to ../../build/nav_handler/nav_handler.egg-info/dependency_links.txt
[6.222s] writing entry points to ../../build/nav_handler/nav_handler.egg-info/entry_points.txt
[6.222s] writing requirements to ../../build/nav_handler/nav_handler.egg-info/requires.txt
[6.222s] writing top-level names to ../../build/nav_handler/nav_handler.egg-info/top_level.txt
[6.580s] reading manifest file '../../build/nav_handler/nav_handler.egg-info/SOURCES.txt'
[6.581s] writing manifest file '../../build/nav_handler/nav_handler.egg-info/SOURCES.txt'
[6.582s] running build
[6.582s] running build_py
[6.582s] copying nav_handler/__init__.py -> /home/agilex/krish_ws/build/nav_handler/build/lib/nav_handler
[6.583s] copying nav_handler/mission_manager.py -> /home/agilex/krish_ws/build/nav_handler/build/lib/nav_handler
[6.583s] copying nav_handler/object_handler.py -> /home/agilex/krish_ws/build/nav_handler/build/lib/nav_handler
[6.584s] copying nav_handler/pose_setter.py -> /home/agilex/krish_ws/build/nav_handler/build/lib/nav_handler
[6.584s] copying nav_handler/exploration_handler.py -> /home/agilex/krish_ws/build/nav_handler/build/lib/nav_handler
[6.585s] running install
[6.585s] /home/agilex/.local/lib/python3.8/site-packages/setuptools/_distutils/cmd.py:66: SetuptoolsDeprecationWarning: setup.py install is deprecated.
[6.585s] !!
[6.585s] 
[6.585s]         ********************************************************************************
[6.586s]         Please avoid running ``setup.py`` directly.
[6.586s]         Instead, use pypa/build, pypa/installer or other
[6.586s]         standards-based tools.
[6.586s] 
[6.586s]         See https://blog.ganssle.io/articles/2021/10/setup-py-deprecated.html for details.
[6.586s]         ********************************************************************************
[6.586s] 
[6.586s] !!
[6.587s]   self.initialize_options()
[6.598s] running install_lib
[6.645s] copying /home/agilex/krish_ws/build/nav_handler/build/lib/nav_handler/mission_manager.py -> /home/agilex/krish_ws/install/nav_handler/lib/python3.8/site-packages/nav_handler
[6.647s] byte-compiling /home/agilex/krish_ws/install/nav_handler/lib/python3.8/site-packages/nav_handler/mission_manager.py to mission_manager.cpython-38.pyc
[6.649s] running install_data
[6.695s] copying resource/nav_handler -> /home/agilex/krish_ws/install/nav_handler/share/ament_index/resource_index/packages
[6.696s] copying package.xml -> /home/agilex/krish_ws/install/nav_handler/share/nav_handler
[6.696s] running install_egg_info
[6.743s] removing '/home/agilex/krish_ws/install/nav_handler/lib/python3.8/site-packages/nav_handler-0.0.0-py3.8.egg-info' (and everything under it)
[6.744s] Copying ../../build/nav_handler/nav_handler.egg-info to /home/agilex/krish_ws/install/nav_handler/lib/python3.8/site-packages/nav_handler-0.0.0-py3.8.egg-info
[6.746s] running install_scripts
[6.859s] Installing exploration_handler script to /home/agilex/krish_ws/install/nav_handler/lib/nav_handler
[6.859s] Installing mission_manager script to /home/agilex/krish_ws/install/nav_handler/lib/nav_handler
[6.859s] Installing object_handler script to /home/agilex/krish_ws/install/nav_handler/lib/nav_handler
[6.860s] Installing pose_setter script to /home/agilex/krish_ws/install/nav_handler/lib/nav_handler
[6.861s] writing list of installed files to '/home/agilex/krish_ws/build/nav_handler/install.log'
[6.950s] Invoked command in '/home/agilex/krish_ws/src/nav_handler' returned '0': PYTHONPATH=/home/agilex/krish_ws/build/nav_handler/prefix_override:/home/agilex/krish_ws/install/nav_handler/lib/python3.8/site-packages:${PYTHONPATH} /usr/bin/python3 setup.py egg_info --egg-base ../../build/nav_handler build --build-base /home/agilex/krish_ws/build/nav_handler/build install --record /home/agilex/krish_ws/build/nav_handler/install.log --install-scripts $base/lib/nav_handler --single-version-externally-managed
