[12.238s] Invoking command in '/home/agilex/krish_ws/src/object_detector': PYTHONPATH=/home/agilex/krish_ws/build/object_detector/prefix_override:/home/agilex/krish_ws/install/object_detector/lib/python3.8/site-packages:${PYTHONPATH} /usr/bin/python3 setup.py egg_info --egg-base ../../build/object_detector build --build-base /home/agilex/krish_ws/build/object_detector/build install --record /home/agilex/krish_ws/build/object_detector/install.log --install-scripts $base/lib/object_detector --single-version-externally-managed
[12.658s] /home/agilex/.local/lib/python3.8/site-packages/setuptools/dist.py:476: SetuptoolsDeprecationWarning: Invalid dash-separated options
[12.658s] !!
[12.658s] 
[12.658s]         ********************************************************************************
[12.658s]         Usage of dash-separated 'script-dir' will not be supported in future
[12.659s]         versions. Please use the underscore name 'script_dir' instead.
[12.659s] 
[12.659s]         This deprecation is overdue, please update your project and remove deprecated
[12.659s]         calls to avoid build errors in the future.
[12.659s] 
[12.659s]         See https://setuptools.pypa.io/en/latest/userguide/declarative_config.html for details.
[12.659s]         ********************************************************************************
[12.659s] 
[12.660s] !!
[12.660s]   opt = self.warn_dash_deprecation(opt, section)
[12.951s] running egg_info
[12.999s] writing ../../build/object_detector/object_detector.egg-info/PKG-INFO
[13.001s] writing dependency_links to ../../build/object_detector/object_detector.egg-info/dependency_links.txt
[13.002s] writing entry points to ../../build/object_detector/object_detector.egg-info/entry_points.txt
[13.003s] writing requirements to ../../build/object_detector/object_detector.egg-info/requires.txt
[13.003s] writing top-level names to ../../build/object_detector/object_detector.egg-info/top_level.txt
[13.373s] reading manifest file '../../build/object_detector/object_detector.egg-info/SOURCES.txt'
[13.376s] writing manifest file '../../build/object_detector/object_detector.egg-info/SOURCES.txt'
[13.378s] running build
[13.378s] running build_py
[13.378s] copying object_detector/__init__.py -> /home/agilex/krish_ws/build/object_detector/build/lib/object_detector
[13.381s] copying object_detector/nav_test.py -> /home/agilex/krish_ws/build/object_detector/build/lib/object_detector
[13.381s] copying object_detector/object_detector.py -> /home/agilex/krish_ws/build/object_detector/build/lib/object_detector
[13.381s] copying object_detector/test.py -> /home/agilex/krish_ws/build/object_detector/build/lib/object_detector
[13.382s] copying object_detector/object_detector copy.py -> /home/agilex/krish_ws/build/object_detector/build/lib/object_detector
[13.383s] running install
[13.384s] /home/agilex/.local/lib/python3.8/site-packages/setuptools/_distutils/cmd.py:66: SetuptoolsDeprecationWarning: setup.py install is deprecated.
[13.384s] !!
[13.385s] 
[13.387s]         ********************************************************************************
[13.387s]         Please avoid running ``setup.py`` directly.
[13.387s]         Instead, use pypa/build, pypa/installer or other
[13.388s]         standards-based tools.
[13.388s] 
[13.388s]         See https://blog.ganssle.io/articles/2021/10/setup-py-deprecated.html for details.
[13.388s]         ********************************************************************************
[13.388s] 
[13.388s] !!
[13.388s]   self.initialize_options()
[13.397s] running install_lib
[13.445s] copying /home/agilex/krish_ws/build/object_detector/build/lib/object_detector/object_detector.py -> /home/agilex/krish_ws/install/object_detector/lib/python3.8/site-packages/object_detector
[13.447s] byte-compiling /home/agilex/krish_ws/install/object_detector/lib/python3.8/site-packages/object_detector/object_detector.py to object_detector.cpython-38.pyc
[13.455s] running install_data
[13.502s] copying resource/object_detector -> /home/agilex/krish_ws/install/object_detector/share/ament_index/resource_index/packages
[13.503s] copying package.xml -> /home/agilex/krish_ws/install/object_detector/share/object_detector
[13.503s] running install_egg_info
[13.553s] removing '/home/agilex/krish_ws/install/object_detector/lib/python3.8/site-packages/object_detector-0.0.0-py3.8.egg-info' (and everything under it)
[13.554s] Copying ../../build/object_detector/object_detector.egg-info to /home/agilex/krish_ws/install/object_detector/lib/python3.8/site-packages/object_detector-0.0.0-py3.8.egg-info
[13.558s] running install_scripts
[13.676s] Installing test script to /home/agilex/krish_ws/install/object_detector/lib/object_detector
[13.677s] Installing yolo_detector script to /home/agilex/krish_ws/install/object_detector/lib/object_detector
[13.677s] writing list of installed files to '/home/agilex/krish_ws/build/object_detector/install.log'
[16.934s] Invoked command in '/home/agilex/krish_ws/src/object_detector' returned '0': PYTHONPATH=/home/agilex/krish_ws/build/object_detector/prefix_override:/home/agilex/krish_ws/install/object_detector/lib/python3.8/site-packages:${PYTHONPATH} /usr/bin/python3 setup.py egg_info --egg-base ../../build/object_detector build --build-base /home/agilex/krish_ws/build/object_detector/build install --record /home/agilex/krish_ws/build/object_detector/install.log --install-scripts $base/lib/object_detector --single-version-externally-managed
