[13.549s] Invoking command in '/home/agilex/krish_ws/src/object_detector': PYTHONPATH=/home/agilex/krish_ws/build/object_detector/prefix_override:/home/agilex/krish_ws/install/object_detector/lib/python3.8/site-packages:${PYTHONPATH} /usr/bin/python3 setup.py egg_info --egg-base ../../build/object_detector build --build-base /home/agilex/krish_ws/build/object_detector/build install --record /home/agilex/krish_ws/build/object_detector/install.log --install-scripts $base/lib/object_detector --single-version-externally-managed
[13.978s] /home/agilex/.local/lib/python3.8/site-packages/setuptools/dist.py:476: SetuptoolsDeprecationWarning: Invalid dash-separated options
[13.978s] !!
[13.978s] 
[13.978s]         ********************************************************************************
[13.979s]         Usage of dash-separated 'script-dir' will not be supported in future
[13.979s]         versions. Please use the underscore name 'script_dir' instead.
[13.979s] 
[13.979s]         This deprecation is overdue, please update your project and remove deprecated
[13.979s]         calls to avoid build errors in the future.
[13.979s] 
[13.979s]         See https://setuptools.pypa.io/en/latest/userguide/declarative_config.html for details.
[13.980s]         ********************************************************************************
[13.980s] 
[13.980s] !!
[13.980s]   opt = self.warn_dash_deprecation(opt, section)
[14.273s] running egg_info
[14.320s] writing ../../build/object_detector/object_detector.egg-info/PKG-INFO
[14.322s] writing dependency_links to ../../build/object_detector/object_detector.egg-info/dependency_links.txt
[14.324s] writing entry points to ../../build/object_detector/object_detector.egg-info/entry_points.txt
[14.325s] writing requirements to ../../build/object_detector/object_detector.egg-info/requires.txt
[14.325s] writing top-level names to ../../build/object_detector/object_detector.egg-info/top_level.txt
[14.694s] reading manifest file '../../build/object_detector/object_detector.egg-info/SOURCES.txt'
[14.696s] writing manifest file '../../build/object_detector/object_detector.egg-info/SOURCES.txt'
[14.697s] running build
[14.697s] running build_py
[14.697s] copying object_detector/__init__.py -> /home/agilex/krish_ws/build/object_detector/build/lib/object_detector
[14.698s] copying object_detector/object_detector.py -> /home/agilex/krish_ws/build/object_detector/build/lib/object_detector
[14.699s] running install
[14.703s] /home/agilex/.local/lib/python3.8/site-packages/setuptools/_distutils/cmd.py:66: SetuptoolsDeprecationWarning: setup.py install is deprecated.
[14.704s] !!
[14.704s] 
[14.704s]         ********************************************************************************
[14.704s]         Please avoid running ``setup.py`` directly.
[14.704s]         Instead, use pypa/build, pypa/installer or other
[14.704s]         standards-based tools.
[14.705s] 
[14.705s]         See https://blog.ganssle.io/articles/2021/10/setup-py-deprecated.html for details.
[14.705s]         ********************************************************************************
[14.705s] 
[14.705s] !!
[14.705s]   self.initialize_options()
[14.719s] running install_lib
[14.766s] running install_data
[14.812s] copying resource/object_detector -> /home/agilex/krish_ws/install/object_detector/share/ament_index/resource_index/packages
[14.813s] copying package.xml -> /home/agilex/krish_ws/install/object_detector/share/object_detector
[14.814s] running install_egg_info
[14.861s] removing '/home/agilex/krish_ws/install/object_detector/lib/python3.8/site-packages/object_detector-0.0.0-py3.8.egg-info' (and everything under it)
[14.867s] Copying ../../build/object_detector/object_detector.egg-info to /home/agilex/krish_ws/install/object_detector/lib/python3.8/site-packages/object_detector-0.0.0-py3.8.egg-info
[14.867s] running install_scripts
[14.982s] Installing yolo_detector script to /home/agilex/krish_ws/install/object_detector/lib/object_detector
[14.985s] writing list of installed files to '/home/agilex/krish_ws/build/object_detector/install.log'
[17.660s] Invoked command in '/home/agilex/krish_ws/src/object_detector' returned '0': PYTHONPATH=/home/agilex/krish_ws/build/object_detector/prefix_override:/home/agilex/krish_ws/install/object_detector/lib/python3.8/site-packages:${PYTHONPATH} /usr/bin/python3 setup.py egg_info --egg-base ../../build/object_detector build --build-base /home/agilex/krish_ws/build/object_detector/build install --record /home/agilex/krish_ws/build/object_detector/install.log --install-scripts $base/lib/object_detector --single-version-externally-managed
