[12.466s] Invoking command in '/home/agilex/krish_ws/src/object_detector': PYTHONPATH=/home/agilex/krish_ws/build/object_detector/prefix_override:/home/agilex/krish_ws/install/object_detector/lib/python3.8/site-packages:${PYTHONPATH} /usr/bin/python3 setup.py egg_info --egg-base ../../build/object_detector build --build-base /home/agilex/krish_ws/build/object_detector/build install --record /home/agilex/krish_ws/build/object_detector/install.log --install-scripts $base/lib/object_detector --single-version-externally-managed
[12.995s] /home/agilex/.local/lib/python3.8/site-packages/setuptools/dist.py:476: SetuptoolsDeprecationWarning: Invalid dash-separated options
[12.996s] !!
[12.996s] 
[12.996s]         ********************************************************************************
[12.996s]         Usage of dash-separated 'script-dir' will not be supported in future
[12.996s]         versions. Please use the underscore name 'script_dir' instead.
[12.997s] 
[12.997s]         This deprecation is overdue, please update your project and remove deprecated
[13.000s]         calls to avoid build errors in the future.
[13.000s] 
[13.001s]         See https://setuptools.pypa.io/en/latest/userguide/declarative_config.html for details.
[13.001s]         ********************************************************************************
[13.001s] 
[13.001s] !!
[13.001s]   opt = self.warn_dash_deprecation(opt, section)
[13.299s] running egg_info
[13.347s] writing ../../build/object_detector/object_detector.egg-info/PKG-INFO
[13.350s] writing dependency_links to ../../build/object_detector/object_detector.egg-info/dependency_links.txt
[13.354s] writing entry points to ../../build/object_detector/object_detector.egg-info/entry_points.txt
[13.357s] writing requirements to ../../build/object_detector/object_detector.egg-info/requires.txt
[13.359s] writing top-level names to ../../build/object_detector/object_detector.egg-info/top_level.txt
[13.850s] reading manifest file '../../build/object_detector/object_detector.egg-info/SOURCES.txt'
[13.853s] writing manifest file '../../build/object_detector/object_detector.egg-info/SOURCES.txt'
[13.855s] running build
[13.855s] running build_py
[13.857s] copying object_detector/__init__.py -> /home/agilex/krish_ws/build/object_detector/build/lib/object_detector
[13.859s] copying object_detector/object_detector.py -> /home/agilex/krish_ws/build/object_detector/build/lib/object_detector
[13.861s] running install
[13.863s] /home/agilex/.local/lib/python3.8/site-packages/setuptools/_distutils/cmd.py:66: SetuptoolsDeprecationWarning: setup.py install is deprecated.
[13.864s] !!
[13.864s] 
[13.864s]         ********************************************************************************
[13.864s]         Please avoid running ``setup.py`` directly.
[13.864s]         Instead, use pypa/build, pypa/installer or other
[13.865s]         standards-based tools.
[13.865s] 
[13.865s]         See https://blog.ganssle.io/articles/2021/10/setup-py-deprecated.html for details.
[13.865s]         ********************************************************************************
[13.865s] 
[13.865s] !!
[13.866s]   self.initialize_options()
[13.884s] running install_lib
[13.959s] copying /home/agilex/krish_ws/build/object_detector/build/lib/object_detector/object_detector.py -> /home/agilex/krish_ws/install/object_detector/lib/python3.8/site-packages/object_detector
[13.961s] byte-compiling /home/agilex/krish_ws/install/object_detector/lib/python3.8/site-packages/object_detector/object_detector.py to object_detector.cpython-38.pyc
[13.966s] running install_data
[14.047s] copying resource/object_detector -> /home/agilex/krish_ws/install/object_detector/share/ament_index/resource_index/packages
[14.052s] copying package.xml -> /home/agilex/krish_ws/install/object_detector/share/object_detector
[14.053s] running install_egg_info
[14.114s] removing '/home/agilex/krish_ws/install/object_detector/lib/python3.8/site-packages/object_detector-0.0.0-py3.8.egg-info' (and everything under it)
[14.123s] Copying ../../build/object_detector/object_detector.egg-info to /home/agilex/krish_ws/install/object_detector/lib/python3.8/site-packages/object_detector-0.0.0-py3.8.egg-info
[14.131s] running install_scripts
[14.299s] Installing yolo_detector script to /home/agilex/krish_ws/install/object_detector/lib/object_detector
[14.304s] writing list of installed files to '/home/agilex/krish_ws/build/object_detector/install.log'
[15.403s] Invoked command in '/home/agilex/krish_ws/src/object_detector' returned '0': PYTHONPATH=/home/agilex/krish_ws/build/object_detector/prefix_override:/home/agilex/krish_ws/install/object_detector/lib/python3.8/site-packages:${PYTHONPATH} /usr/bin/python3 setup.py egg_info --egg-base ../../build/object_detector build --build-base /home/agilex/krish_ws/build/object_detector/build install --record /home/agilex/krish_ws/build/object_detector/install.log --install-scripts $base/lib/object_detector --single-version-externally-managed
