-- Found yaml_cpp_vendor: 7.0.3 (/opt/ros/foxy/share/yaml_cpp_vendor/cmake)
-- Setting yaml-cpp_DIR to: '/opt/ros/foxy/share/yaml_cpp_vendor/cmake/../../../opt/yaml_cpp_vendor/lib/cmake/yaml-cpp'
-- Found ament_cmake: 0.9.12 (/opt/ros/foxy/share/ament_cmake/cmake)
-- Using PYTHON_EXECUTABLE: /usr/bin/python3
-- Override CMake install command with custom implementation using symlinks instead of copying resources
-- Found rcpputils: 1.3.2 (/opt/ros/foxy/share/rcpputils/cmake)
-- Found rclcpp: 2.4.3 (/opt/ros/foxy/share/rclcpp/cmake)
-- Using all available rosidl_typesupport_c: rosidl_typesupport_fastrtps_c;rosidl_typesupport_introspection_c
-- Found rosidl_adapter: 1.3.1 (/opt/ros/foxy/share/rosidl_adapter/cmake)
-- Using all available rosidl_typesupport_cpp: rosidl_typesupport_fastrtps_cpp;rosidl_typesupport_introspection_cpp
-- Found rmw_implementation_cmake: 1.0.4 (/opt/ros/foxy/share/rmw_implementation_cmake/cmake)
-- Using RMW implementation 'rmw_cyclonedds_cpp' as default
-- Found rclpy: 1.0.13 (/opt/ros/foxy/share/rclpy/cmake)
-- Found pluginlib: 2.5.4 (/opt/ros/foxy/share/pluginlib/cmake)
-- Found rviz_common: 8.2.8 (/opt/ros/foxy/share/rviz_common/cmake)
-- Setting OGRE_DIR to: '/opt/ros/foxy/share/rviz_ogre_vendor/cmake/../../../opt/rviz_ogre_vendor/lib/OGRE/cmake'
-- Found OGRE
--   static     : OFF
--   components : HLMS;MeshLodGenerator;Overlay;Paging;Property;RTShaderSystem;Terrain;Volume
--   plugins    : Plugin_BSPSceneManager;Plugin_OctreeSceneManager;Plugin_PCZSceneManager;Plugin_ParticleFX;RenderSystem_GL;RenderSystem_GL3Plus;Codec_STBI
--   media      : /opt/ros/foxy/opt/rviz_ogre_vendor/share/OGRE/Media
-- OGRE_LIBRARIES: OgreHLMS;OgreMeshLodGenerator;OgreOverlay;OgrePaging;OgreProperty;OgreRTShaderSystem;OgreTerrain;OgreVolume;OgreMain
-- OGRE_LIBRARY_DIRS: /opt/ros/foxy/opt/rviz_ogre_vendor/lib
-- OGRE_PLUGINS: Plugin_BSPSceneManager;Plugin_OctreeSceneManager;Plugin_PCZSceneManager;Plugin_ParticleFX;RenderSystem_GL;RenderSystem_GL3Plus;Codec_STBI
-- OGRE_PLUGIN_DIR: /opt/ros/foxy/opt/rviz_ogre_vendor/lib/OGRE
-- rviz_ogre_vendor::OgreOverlay for IMPORTED_LOCATION_RELEASE: /opt/ros/foxy/opt/rviz_ogre_vendor/lib/libOgreOverlay.so
-- rviz_ogre_vendor::OgreOverlay for IMPORTED_LOCATION_DEBUG: /opt/ros/foxy/opt/rviz_ogre_vendor/lib/libOgreOverlay.so
-- rviz_ogre_vendor::OgreMain for IMPORTED_LOCATION_RELEASE: /opt/ros/foxy/opt/rviz_ogre_vendor/lib/libOgreMain.so
-- rviz_ogre_vendor::OgreMain for IMPORTED_LOCATION_DEBUG: /opt/ros/foxy/opt/rviz_ogre_vendor/lib/libOgreMain.so
-- rviz_ogre_vendor::RenderSystem_GL for IMPORTED_LOCATION_RELEASE: _render_system_gl_static_library_abs-NOTFOUND
-- rviz_ogre_vendor::RenderSystem_GL for IMPORTED_LOCATION_DEBUG: _render_system_gl_static_library_abs-NOTFOUND
-- library: libassimp.so.5
-- library: /usr/lib/aarch64-linux-gnu/libcurl.so
-- Found rviz_default_plugins: 8.2.8 (/opt/ros/foxy/share/rviz_default_plugins/cmake)
-- Found vision_msgs: 2.0.0 (/home/agilex/krish_ws/install/vision_msgs/share/vision_msgs/cmake)
-- Found ament_lint_auto: 0.9.8 (/opt/ros/foxy/share/ament_lint_auto/cmake)
-- Added test 'copyright' to check source files copyright and LICENSE
-- Added test 'cppcheck' to perform static code analysis on C / C++ code
-- Configured cppcheck include dirs: $<BUILD_INTERFACE:/home/agilex/krish_ws/src/vision_msgs/vision_msgs_rviz_plugins/include>
-- Configured cppcheck exclude dirs and/or files: 
-- Added test 'cpplint' to check C / C++ code against the Google style
-- Configured cpplint exclude dirs and/or files: 
-- Added test 'flake8' to check Python code syntax and style conventions
-- Added test 'lint_cmake' to check CMake code style
-- Added test 'pep257' to check Python code against some of the style conventions in PEP 257
-- Added test 'uncrustify' to check C / C++ code style
-- Configured uncrustify additional arguments: 
-- Added test 'xmllint' to check XML markup files
-- Configuring done
-- Generating done
-- Build files have been written to: /home/agilex/krish_ws/build/vision_msgs_rviz_plugins
[  6%] [34m[1mAutomatic MOC for target vision_msgs_rviz_plugins[0m
[  6%] Built target vision_msgs_rviz_plugins_autogen
[100%] Built target vision_msgs_rviz_plugins
-- Install configuration: ""
-- Execute custom install script
-- Up-to-date symlink: /home/agilex/krish_ws/install/vision_msgs_rviz_plugins/share/vision_msgs_rviz_plugins//plugins_description.xml
-- Up-to-date symlink: /home/agilex/krish_ws/install/vision_msgs_rviz_plugins/share/vision_msgs_rviz_plugins/environment/library_path.sh
-- Up-to-date symlink: /home/agilex/krish_ws/install/vision_msgs_rviz_plugins/share/vision_msgs_rviz_plugins/environment/library_path.dsv
-- Up-to-date symlink: /home/agilex/krish_ws/install/vision_msgs_rviz_plugins/include/vision_msgs_rviz_plugins/vision_msgs_rviz_plugins/bounding_box_3d.hpp
-- Up-to-date symlink: /home/agilex/krish_ws/install/vision_msgs_rviz_plugins/include/vision_msgs_rviz_plugins/vision_msgs_rviz_plugins/bounding_box_3d_array.hpp
-- Up-to-date symlink: /home/agilex/krish_ws/install/vision_msgs_rviz_plugins/include/vision_msgs_rviz_plugins/vision_msgs_rviz_plugins/bounding_box_3d_common.hpp
-- Up-to-date symlink: /home/agilex/krish_ws/install/vision_msgs_rviz_plugins/include/vision_msgs_rviz_plugins/vision_msgs_rviz_plugins/detection_3d.hpp
-- Up-to-date symlink: /home/agilex/krish_ws/install/vision_msgs_rviz_plugins/include/vision_msgs_rviz_plugins/vision_msgs_rviz_plugins/detection_3d_array.hpp
-- Up-to-date symlink: /home/agilex/krish_ws/install/vision_msgs_rviz_plugins/include/vision_msgs_rviz_plugins/vision_msgs_rviz_plugins/detection_3d_common.hpp
-- Up-to-date symlink: /home/agilex/krish_ws/install/vision_msgs_rviz_plugins/include/vision_msgs_rviz_plugins/vision_msgs_rviz_plugins/visibility_control.hpp
-- Up-to-date symlink: /home/agilex/krish_ws/install/vision_msgs_rviz_plugins/share/vision_msgs_rviz_plugins/launch/test_all.launch.py
-- Up-to-date symlink: /home/agilex/krish_ws/install/vision_msgs_rviz_plugins/share/vision_msgs_rviz_plugins/conf/conf.rviz
-- Up-to-date symlink: /home/agilex/krish_ws/install/vision_msgs_rviz_plugins/share/vision_msgs_rviz_plugins/conf/example.yaml
-- Up-to-date symlink: /home/agilex/krish_ws/install/vision_msgs_rviz_plugins/share/vision_msgs_rviz_plugins/icons/classes/BoundingBox3D.png
-- Up-to-date symlink: /home/agilex/krish_ws/install/vision_msgs_rviz_plugins/share/vision_msgs_rviz_plugins/icons/classes/BoundingBox3DArray.png
-- Up-to-date symlink: /home/agilex/krish_ws/install/vision_msgs_rviz_plugins/share/vision_msgs_rviz_plugins/icons/classes/Detection3D.png
-- Up-to-date symlink: /home/agilex/krish_ws/install/vision_msgs_rviz_plugins/share/vision_msgs_rviz_plugins/icons/classes/Detection3DArray.png
-- Up-to-date symlink: /home/agilex/krish_ws/install/vision_msgs_rviz_plugins/lib/vision_msgs_rviz_plugins/Detection3DArray.py
-- Up-to-date symlink: /home/agilex/krish_ws/install/vision_msgs_rviz_plugins/lib/vision_msgs_rviz_plugins/Detection3D.py
-- Up-to-date symlink: /home/agilex/krish_ws/install/vision_msgs_rviz_plugins/lib/vision_msgs_rviz_plugins/BoundingBox3D.py
-- Up-to-date symlink: /home/agilex/krish_ws/install/vision_msgs_rviz_plugins/lib/vision_msgs_rviz_plugins/BoundingBox3DArray.py
-- Up-to-date symlink: /home/agilex/krish_ws/install/vision_msgs_rviz_plugins/share/ament_index/resource_index/package_run_dependencies/vision_msgs_rviz_plugins
-- Up-to-date symlink: /home/agilex/krish_ws/install/vision_msgs_rviz_plugins/share/ament_index/resource_index/parent_prefix_path/vision_msgs_rviz_plugins
-- Up-to-date symlink: /home/agilex/krish_ws/install/vision_msgs_rviz_plugins/share/vision_msgs_rviz_plugins/environment/ament_prefix_path.sh
-- Up-to-date symlink: /home/agilex/krish_ws/install/vision_msgs_rviz_plugins/share/vision_msgs_rviz_plugins/environment/ament_prefix_path.dsv
-- Up-to-date symlink: /home/agilex/krish_ws/install/vision_msgs_rviz_plugins/share/vision_msgs_rviz_plugins/environment/path.sh
-- Up-to-date symlink: /home/agilex/krish_ws/install/vision_msgs_rviz_plugins/share/vision_msgs_rviz_plugins/environment/path.dsv
-- Up-to-date symlink: /home/agilex/krish_ws/install/vision_msgs_rviz_plugins/share/vision_msgs_rviz_plugins/local_setup.bash
-- Up-to-date symlink: /home/agilex/krish_ws/install/vision_msgs_rviz_plugins/share/vision_msgs_rviz_plugins/local_setup.sh
-- Up-to-date symlink: /home/agilex/krish_ws/install/vision_msgs_rviz_plugins/share/vision_msgs_rviz_plugins/local_setup.zsh
-- Up-to-date symlink: /home/agilex/krish_ws/install/vision_msgs_rviz_plugins/share/vision_msgs_rviz_plugins/local_setup.dsv
-- Symlinking: /home/agilex/krish_ws/install/vision_msgs_rviz_plugins/share/vision_msgs_rviz_plugins/package.dsv
-- Up-to-date symlink: /home/agilex/krish_ws/install/vision_msgs_rviz_plugins/share/ament_index/resource_index/packages/vision_msgs_rviz_plugins
-- Up-to-date symlink: /home/agilex/krish_ws/install/vision_msgs_rviz_plugins/share/ament_index/resource_index/rviz_common__pluginlib__plugin/vision_msgs_rviz_plugins
-- Up-to-date symlink: /home/agilex/krish_ws/install/vision_msgs_rviz_plugins/share/vision_msgs_rviz_plugins/cmake/ament_cmake_export_include_directories-extras.cmake
-- Up-to-date symlink: /home/agilex/krish_ws/install/vision_msgs_rviz_plugins/share/vision_msgs_rviz_plugins/cmake/ament_cmake_export_targets-extras.cmake
-- Up-to-date symlink: /home/agilex/krish_ws/install/vision_msgs_rviz_plugins/share/vision_msgs_rviz_plugins/cmake/ament_cmake_export_dependencies-extras.cmake
-- Up-to-date symlink: /home/agilex/krish_ws/install/vision_msgs_rviz_plugins/share/vision_msgs_rviz_plugins/cmake/vision_msgs_rviz_pluginsConfig.cmake
-- Up-to-date symlink: /home/agilex/krish_ws/install/vision_msgs_rviz_plugins/share/vision_msgs_rviz_plugins/cmake/vision_msgs_rviz_pluginsConfig-version.cmake
-- Up-to-date symlink: /home/agilex/krish_ws/install/vision_msgs_rviz_plugins/share/vision_msgs_rviz_plugins/package.xml
-- Up-to-date: /home/agilex/krish_ws/install/vision_msgs_rviz_plugins/lib/libvision_msgs_rviz_plugins.so
-- Up-to-date: /home/agilex/krish_ws/install/vision_msgs_rviz_plugins/share/vision_msgs_rviz_plugins/cmake/vision_msgs_rviz_pluginsExport.cmake
-- Installing: /home/agilex/krish_ws/install/vision_msgs_rviz_plugins/share/vision_msgs_rviz_plugins/cmake/vision_msgs_rviz_pluginsExport-noconfig.cmake
