[6.735s] Invoking command in '/home/agilex/krish_ws/src/object_detector': PYTHONPATH=/home/agilex/krish_ws/build/object_detector/prefix_override:/home/agilex/krish_ws/install/object_detector/lib/python3.8/site-packages:${PYTHONPATH} /usr/bin/python3 setup.py egg_info --egg-base ../../build/object_detector build --build-base /home/agilex/krish_ws/build/object_detector/build install --record /home/agilex/krish_ws/build/object_detector/install.log --install-scripts $base/lib/object_detector --single-version-externally-managed
[7.230s] /home/agilex/.local/lib/python3.8/site-packages/setuptools/dist.py:476: SetuptoolsDeprecationWarning: Invalid dash-separated options
[7.231s] !!
[7.231s] 
[7.231s]         ********************************************************************************
[7.231s]         Usage of dash-separated 'script-dir' will not be supported in future
[7.231s]         versions. Please use the underscore name 'script_dir' instead.
[7.231s] 
[7.231s]         This deprecation is overdue, please update your project and remove deprecated
[7.232s]         calls to avoid build errors in the future.
[7.232s] 
[7.232s]         See https://setuptools.pypa.io/en/latest/userguide/declarative_config.html for details.
[7.232s]         ********************************************************************************
[7.232s] 
[7.232s] !!
[7.232s]   opt = self.warn_dash_deprecation(opt, section)
[7.632s] running egg_info
[7.722s] writing ../../build/object_detector/object_detector.egg-info/PKG-INFO
[7.723s] writing dependency_links to ../../build/object_detector/object_detector.egg-info/dependency_links.txt
[7.723s] writing entry points to ../../build/object_detector/object_detector.egg-info/entry_points.txt
[7.724s] writing requirements to ../../build/object_detector/object_detector.egg-info/requires.txt
[7.724s] writing top-level names to ../../build/object_detector/object_detector.egg-info/top_level.txt
[8.319s] reading manifest file '../../build/object_detector/object_detector.egg-info/SOURCES.txt'
[8.324s] writing manifest file '../../build/object_detector/object_detector.egg-info/SOURCES.txt'
[8.325s] running build
[8.326s] running build_py
[8.328s] copying object_detector/__init__.py -> /home/agilex/krish_ws/build/object_detector/build/lib/object_detector
[8.329s] copying object_detector/object_detector.py -> /home/agilex/krish_ws/build/object_detector/build/lib/object_detector
[8.330s] copying object_detector/test.py -> /home/agilex/krish_ws/build/object_detector/build/lib/object_detector
[8.331s] copying object_detector/object_detector copy.py -> /home/agilex/krish_ws/build/object_detector/build/lib/object_detector
[8.332s] running install
[8.333s] /home/agilex/.local/lib/python3.8/site-packages/setuptools/_distutils/cmd.py:66: SetuptoolsDeprecationWarning: setup.py install is deprecated.
[8.333s] !!
[8.333s] 
[8.333s]         ********************************************************************************
[8.334s]         Please avoid running ``setup.py`` directly.
[8.334s]         Instead, use pypa/build, pypa/installer or other
[8.334s]         standards-based tools.
[8.334s] 
[8.334s]         See https://blog.ganssle.io/articles/2021/10/setup-py-deprecated.html for details.
[8.334s]         ********************************************************************************
[8.334s] 
[8.334s] !!
[8.335s]   self.initialize_options()
[8.352s] running install_lib
[8.432s] copying /home/agilex/krish_ws/build/object_detector/build/lib/object_detector/object_detector.py -> /home/agilex/krish_ws/install/object_detector/lib/python3.8/site-packages/object_detector
[8.436s] copying /home/agilex/krish_ws/build/object_detector/build/lib/object_detector/object_detector copy.py -> /home/agilex/krish_ws/install/object_detector/lib/python3.8/site-packages/object_detector
[8.444s] byte-compiling /home/agilex/krish_ws/install/object_detector/lib/python3.8/site-packages/object_detector/object_detector.py to object_detector.cpython-38.pyc
[8.450s] byte-compiling /home/agilex/krish_ws/install/object_detector/lib/python3.8/site-packages/object_detector/object_detector copy.py to object_detector copy.cpython-38.pyc
[8.455s] running install_data
[8.531s] copying resource/object_detector -> /home/agilex/krish_ws/install/object_detector/share/ament_index/resource_index/packages
[8.532s] copying package.xml -> /home/agilex/krish_ws/install/object_detector/share/object_detector
[8.535s] running install_egg_info
[8.585s] removing '/home/agilex/krish_ws/install/object_detector/lib/python3.8/site-packages/object_detector-0.0.0-py3.8.egg-info' (and everything under it)
[8.611s] Copying ../../build/object_detector/object_detector.egg-info to /home/agilex/krish_ws/install/object_detector/lib/python3.8/site-packages/object_detector-0.0.0-py3.8.egg-info
[8.615s] running install_scripts
[8.731s] Installing test script to /home/agilex/krish_ws/install/object_detector/lib/object_detector
[8.732s] Installing yolo_detector script to /home/agilex/krish_ws/install/object_detector/lib/object_detector
[8.734s] writing list of installed files to '/home/agilex/krish_ws/build/object_detector/install.log'
[8.867s] Invoked command in '/home/agilex/krish_ws/src/object_detector' returned '0': PYTHONPATH=/home/agilex/krish_ws/build/object_detector/prefix_override:/home/agilex/krish_ws/install/object_detector/lib/python3.8/site-packages:${PYTHONPATH} /usr/bin/python3 setup.py egg_info --egg-base ../../build/object_detector build --build-base /home/agilex/krish_ws/build/object_detector/build install --record /home/agilex/krish_ws/build/object_detector/install.log --install-scripts $base/lib/object_detector --single-version-externally-managed
