[4.549s] Invoking command in '/home/agilex/krish_ws/build/nav2_map_server': AMENT_PREFIX_PATH=/home/agilex/krish_ws/install/nav2_util:/home/agilex/krish_ws/install/nav2_msgs:/home/agilex/krish_ws/install/nav2_common:${AMENT_PREFIX_PATH} CMAKE_PREFIX_PATH=/home/agilex/krish_ws/install/nav2_util:/home/agilex/krish_ws/install/nav2_msgs:/home/agilex/krish_ws/install/nav2_common:/home/agilex/krish_ws/install/vision_msgs_rviz_plugins:/home/agilex/krish_ws/install/vision_msgs:/home/agilex/limo_ros2_ws/install/ydlidar_sdk:/home/agilex/limo_ros2_ws/install/ydlidar_ros2_driver:/home/agilex/limo_ros2_ws/install/tf_test:/home/agilex/limo_ros2_ws/install/teb_local_planner:/home/agilex/limo_ros2_ws/install/teb_msgs:/home/agilex/limo_ros2_ws/install/nav2_system_tests:/home/agilex/limo_ros2_ws/install/nav2_bringup:/home/agilex/limo_ros2_ws/install/navigation2:/home/agilex/limo_ros2_ws/install/smac_planner:/home/agilex/limo_ros2_ws/install/rf2o_laser_odometry:/home/agilex/limo_ros2_ws/install/orbbec_description:/home/agilex/limo_ros2_ws/install/orbbec_camera:/home/agilex/limo_ros2_ws/install/orbbec_camera_msgs:/home/agilex/limo_ros2_ws/install/nav2_dwb_controller:/home/agilex/limo_ros2_ws/install/nav2_controller:/home/agilex/limo_ros2_ws/install/dwb_plugins:/home/agilex/limo_ros2_ws/install/dwb_critics:/home/agilex/limo_ros2_ws/install/dwb_core:/home/agilex/limo_ros2_ws/install/nav_2d_utils:/home/agilex/limo_ros2_ws/install/dwb_msgs:/home/agilex/limo_ros2_ws/install/nav_2d_msgs:/home/agilex/limo_ros2_ws/install/nav2_waypoint_follower:/home/agilex/limo_ros2_ws/install/nav2_regulated_pure_pursuit_controller:/home/agilex/limo_ros2_ws/install/nav2_recoveries:/home/agilex/limo_ros2_ws/install/nav2_planner:/home/agilex/limo_ros2_ws/install/nav2_navfn_planner:/home/agilex/limo_ros2_ws/install/nav2_core:/home/agilex/limo_ros2_ws/install/costmap_queue:/home/agilex/limo_ros2_ws/install/costmap_converter:/home/agilex/limo_ros2_ws/install/nav2_costmap_2d:/home/agilex/limo_ros2_ws/install/nav2_voxel_grid:/home/agilex/limo_ros2_ws/install/nav2_rviz_plugins:/home/agilex/limo_ros2_ws/install/nav2_map_server:/home/agilex/limo_ros2_ws/install/nav2_lifecycle_manager:/home/agilex/limo_ros2_ws/install/nav2_bt_navigator:/home/agilex/limo_ros2_ws/install/nav2_behavior_tree:/home/agilex/limo_ros2_ws/install/nav2_amcl:/home/agilex/limo_ros2_ws/install/nav2_util:/home/agilex/limo_ros2_ws/install/nav2_msgs:/home/agilex/limo_ros2_ws/install/nav2_common:/home/agilex/limo_ros2_ws/install/mypalletizer_interfaces:/home/agilex/limo_ros2_ws/install/mycobot_interfaces:/home/agilex/limo_ros2_ws/install/mecharm_interfaces:/home/agilex/limo_ros2_ws/install/limo_visions:/home/agilex/limo_ros2_ws/install/limo_bringup:/home/agilex/limo_ros2_ws/install/limo_base:/home/agilex/limo_ros2_ws/install/limo_msgs:/home/agilex/limo_ros2_ws/install/limo_description:/home/agilex/limo_ros2_ws/install/costmap_converter_msgs:/home/agilex/krish_ws/install/system_launcher:/home/agilex/krish_ws/install/mycobot_arm:/home/agilex/limo_ros2_ws/install/ultraarm:/home/agilex/limo_ros2_ws/install/nav2_gazebo_spawner:/home/agilex/limo_ros2_ws/install/mypalletizer_260_pi:/home/agilex/limo_ros2_ws/install/mypalletizer_260:/home/agilex/limo_ros2_ws/install/mypalletizer_communication:/home/agilex/limo_ros2_ws/install/mycobot_630:/home/agilex/limo_ros2_ws/install/mycobot_600:/home/agilex/limo_ros2_ws/install/mycobot_320pi:/home/agilex/limo_ros2_ws/install/mycobot_320:/home/agilex/limo_ros2_ws/install/mycobot_280pi:/home/agilex/limo_ros2_ws/install/mycobot_280jn:/home/agilex/limo_ros2_ws/install/mycobot_280_x3pi:/home/agilex/limo_ros2_ws/install/mycobot_280:/home/agilex/limo_ros2_ws/install/myarm_m750:/home/agilex/limo_ros2_ws/install/myarm_c650:/home/agilex/limo_ros2_ws/install/myarm_300:/home/agilex/limo_ros2_ws/install/mycobot_communication:/home/agilex/limo_ros2_ws/install/mecharm_pi:/home/agilex/limo_ros2_ws/install/mecharm:/home/agilex/limo_ros2_ws/install/mecharm_communication:/home/agilex/limo_ros2_ws/install/mybuddy:/home/agilex/limo_ros2_ws/install/mycobot_description:/home/agilex/krish_ws/install/object_search:/home/agilex/krish_ws/install/object_detector:/home/agilex/krish_ws/install/nav_handler:/home/agilex/krish_ws/install/mycobot_description:/opt/ros/foxy LD_LIBRARY_PATH=/home/agilex/krish_ws/install/nav2_util/lib:/home/agilex/krish_ws/install/nav2_msgs/lib:${LD_LIBRARY_PATH} PYTHONPATH=/home/agilex/krish_ws/install/nav2_msgs/lib/python3.8/site-packages:/home/agilex/krish_ws/install/nav2_common/lib/python3.8/site-packages:${PYTHONPATH} /usr/bin/cmake /home/agilex/krish_ws/src/navigation2/nav2_map_server -DAMENT_CMAKE_SYMLINK_INSTALL=1 -DCMAKE_INSTALL_PREFIX=/home/agilex/krish_ws/install/nav2_map_server
[4.831s] -- The C compiler identification is GNU 9.4.0
[5.031s] -- The CXX compiler identification is GNU 9.4.0
[5.055s] -- Check for working C compiler: /usr/bin/cc
[5.422s] -- Check for working C compiler: /usr/bin/cc -- works
[5.423s] -- Detecting C compiler ABI info
[5.798s] -- Detecting C compiler ABI info - done
[5.843s] -- Detecting C compile features
[5.845s] -- Detecting C compile features - done
[5.851s] -- Check for working CXX compiler: /usr/bin/c++
[6.183s] -- Check for working CXX compiler: /usr/bin/c++ -- works
[6.184s] -- Detecting CXX compiler ABI info
[6.570s] -- Detecting CXX compiler ABI info - done
[6.605s] -- Detecting CXX compile features
[6.606s] -- Detecting CXX compile features - done
[6.623s] -- Found ament_cmake: 0.9.12 (/opt/ros/foxy/share/ament_cmake/cmake)
[6.770s] -- Found PythonInterp: /usr/bin/python3 (found suitable version "3.8.10", minimum required is "3") 
[6.770s] -- Using PYTHON_EXECUTABLE: /usr/bin/python3
[7.658s] -- Override CMake install command with custom implementation using symlinks instead of copying resources
[7.910s] -- Found nav2_common: 0.4.6 (/home/agilex/krish_ws/install/nav2_common/share/nav2_common/cmake)
[7.926s] -- Found rclcpp: 2.4.3 (/opt/ros/foxy/share/rclcpp/cmake)
[8.167s] -- Using all available rosidl_typesupport_c: rosidl_typesupport_fastrtps_c;rosidl_typesupport_introspection_c
[8.251s] -- Found rosidl_adapter: 1.3.1 (/opt/ros/foxy/share/rosidl_adapter/cmake)
[8.786s] -- Found OpenSSL: /usr/lib/aarch64-linux-gnu/libcrypto.so (found version "1.1.1f")  
[8.946s] -- Found FastRTPS: /opt/ros/foxy/include  
[9.319s] -- Using all available rosidl_typesupport_cpp: rosidl_typesupport_fastrtps_cpp;rosidl_typesupport_introspection_cpp
[9.774s] -- Found rmw_implementation_cmake: 1.0.4 (/opt/ros/foxy/share/rmw_implementation_cmake/cmake)
[9.788s] -- Using RMW implementation 'rmw_cyclonedds_cpp' as default
[9.794s] -- Looking for pthread.h
[10.179s] -- Looking for pthread.h - found
[10.179s] -- Performing Test CMAKE_HAVE_LIBC_PTHREAD
[10.540s] -- Performing Test CMAKE_HAVE_LIBC_PTHREAD - Failed
[10.540s] -- Looking for pthread_create in pthreads
[10.915s] -- Looking for pthread_create in pthreads - not found
[10.915s] -- Looking for pthread_create in pthread
[11.427s] -- Looking for pthread_create in pthread - found
[11.427s] -- Found Threads: TRUE  
[12.023s] -- Found rclcpp_lifecycle: 2.4.3 (/opt/ros/foxy/share/rclcpp_lifecycle/cmake)
[12.155s] -- Found nav_msgs: 2.0.5 (/opt/ros/foxy/share/nav_msgs/cmake)
[12.486s] -- Found nav2_msgs: 0.4.6 (/home/agilex/krish_ws/install/nav2_msgs/share/nav2_msgs/cmake)
[13.129s] -- Found yaml_cpp_vendor: 7.0.3 (/opt/ros/foxy/share/yaml_cpp_vendor/cmake)
[13.131s] -- Setting yaml-cpp_DIR to: '/opt/ros/foxy/share/yaml_cpp_vendor/cmake/../../../opt/yaml_cpp_vendor/lib/cmake/yaml-cpp'
[13.145s] -- Found tf2: 0.13.14 (/opt/ros/foxy/share/tf2/cmake)
[13.189s] -- Found nav2_util: 0.4.6 (/home/agilex/krish_ws/install/nav2_util/share/nav2_util/cmake)
[13.998s] -- Found eigen3_cmake_module: 0.1.1 (/opt/ros/foxy/share/eigen3_cmake_module/cmake)
[14.017s] -- Found Eigen3: TRUE (found version "3.3.7") 
[14.368s] -- Found GRAPHICSMAGICKCPP: /usr/include/GraphicsMagick  
[14.370s] -- Setting build type to Release as none was specified.
[15.837s] -- Found ament_lint_auto: 0.9.8 (/opt/ros/foxy/share/ament_lint_auto/cmake)
[16.338s] -- Found gtest sources under '/opt/ros/foxy/src/gtest_vendor': C++ tests using 'Google Test' will be built
[16.343s] -- Check if compiler accepts -pthread
[16.849s] -- Check if compiler accepts -pthread - yes
[16.866s] -- Found gtest sources under '/opt/ros/foxy/src/gtest_vendor': C++ tests using 'Google Test' will be built
[16.899s] -- Found gtest sources under '/opt/ros/foxy/src/gtest_vendor': C++ tests using 'Google Test' will be built
[16.932s] -- Added test 'cppcheck' to perform static code analysis on C / C++ code
[16.934s] -- Configured cppcheck include dirs: /home/agilex/krish_ws/src/navigation2/nav2_map_server/include
[16.935s] -- Configured cppcheck exclude dirs and/or files: 
[16.944s] -- Added test 'cpplint' to check C / C++ code against the Google style
[16.945s] -- Configured cpplint exclude dirs and/or files: 
[16.950s] -- Added test 'flake8' to check Python code syntax and style conventions
[16.957s] -- Added test 'lint_cmake' to check CMake code style
[16.961s] -- Added test 'pep257' to check Python code against some of the style conventions in PEP 257
[16.969s] -- Added test 'uncrustify' to check C / C++ code style
[16.969s] -- Configured uncrustify additional arguments: 
[16.974s] -- Added test 'xmllint' to check XML markup files
[16.996s] -- Configuring done
[17.723s] -- Generating done
[17.749s] -- Build files have been written to: /home/agilex/krish_ws/build/nav2_map_server
[17.858s] Invoked command in '/home/agilex/krish_ws/build/nav2_map_server' returned '0': AMENT_PREFIX_PATH=/home/agilex/krish_ws/install/nav2_util:/home/agilex/krish_ws/install/nav2_msgs:/home/agilex/krish_ws/install/nav2_common:${AMENT_PREFIX_PATH} CMAKE_PREFIX_PATH=/home/agilex/krish_ws/install/nav2_util:/home/agilex/krish_ws/install/nav2_msgs:/home/agilex/krish_ws/install/nav2_common:/home/agilex/krish_ws/install/vision_msgs_rviz_plugins:/home/agilex/krish_ws/install/vision_msgs:/home/agilex/limo_ros2_ws/install/ydlidar_sdk:/home/agilex/limo_ros2_ws/install/ydlidar_ros2_driver:/home/agilex/limo_ros2_ws/install/tf_test:/home/agilex/limo_ros2_ws/install/teb_local_planner:/home/agilex/limo_ros2_ws/install/teb_msgs:/home/agilex/limo_ros2_ws/install/nav2_system_tests:/home/agilex/limo_ros2_ws/install/nav2_bringup:/home/agilex/limo_ros2_ws/install/navigation2:/home/agilex/limo_ros2_ws/install/smac_planner:/home/agilex/limo_ros2_ws/install/rf2o_laser_odometry:/home/agilex/limo_ros2_ws/install/orbbec_description:/home/agilex/limo_ros2_ws/install/orbbec_camera:/home/agilex/limo_ros2_ws/install/orbbec_camera_msgs:/home/agilex/limo_ros2_ws/install/nav2_dwb_controller:/home/agilex/limo_ros2_ws/install/nav2_controller:/home/agilex/limo_ros2_ws/install/dwb_plugins:/home/agilex/limo_ros2_ws/install/dwb_critics:/home/agilex/limo_ros2_ws/install/dwb_core:/home/agilex/limo_ros2_ws/install/nav_2d_utils:/home/agilex/limo_ros2_ws/install/dwb_msgs:/home/agilex/limo_ros2_ws/install/nav_2d_msgs:/home/agilex/limo_ros2_ws/install/nav2_waypoint_follower:/home/agilex/limo_ros2_ws/install/nav2_regulated_pure_pursuit_controller:/home/agilex/limo_ros2_ws/install/nav2_recoveries:/home/agilex/limo_ros2_ws/install/nav2_planner:/home/agilex/limo_ros2_ws/install/nav2_navfn_planner:/home/agilex/limo_ros2_ws/install/nav2_core:/home/agilex/limo_ros2_ws/install/costmap_queue:/home/agilex/limo_ros2_ws/install/costmap_converter:/home/agilex/limo_ros2_ws/install/nav2_costmap_2d:/home/agilex/limo_ros2_ws/install/nav2_voxel_grid:/home/agilex/limo_ros2_ws/install/nav2_rviz_plugins:/home/agilex/limo_ros2_ws/install/nav2_map_server:/home/agilex/limo_ros2_ws/install/nav2_lifecycle_manager:/home/agilex/limo_ros2_ws/install/nav2_bt_navigator:/home/agilex/limo_ros2_ws/install/nav2_behavior_tree:/home/agilex/limo_ros2_ws/install/nav2_amcl:/home/agilex/limo_ros2_ws/install/nav2_util:/home/agilex/limo_ros2_ws/install/nav2_msgs:/home/agilex/limo_ros2_ws/install/nav2_common:/home/agilex/limo_ros2_ws/install/mypalletizer_interfaces:/home/agilex/limo_ros2_ws/install/mycobot_interfaces:/home/agilex/limo_ros2_ws/install/mecharm_interfaces:/home/agilex/limo_ros2_ws/install/limo_visions:/home/agilex/limo_ros2_ws/install/limo_bringup:/home/agilex/limo_ros2_ws/install/limo_base:/home/agilex/limo_ros2_ws/install/limo_msgs:/home/agilex/limo_ros2_ws/install/limo_description:/home/agilex/limo_ros2_ws/install/costmap_converter_msgs:/home/agilex/krish_ws/install/system_launcher:/home/agilex/krish_ws/install/mycobot_arm:/home/agilex/limo_ros2_ws/install/ultraarm:/home/agilex/limo_ros2_ws/install/nav2_gazebo_spawner:/home/agilex/limo_ros2_ws/install/mypalletizer_260_pi:/home/agilex/limo_ros2_ws/install/mypalletizer_260:/home/agilex/limo_ros2_ws/install/mypalletizer_communication:/home/agilex/limo_ros2_ws/install/mycobot_630:/home/agilex/limo_ros2_ws/install/mycobot_600:/home/agilex/limo_ros2_ws/install/mycobot_320pi:/home/agilex/limo_ros2_ws/install/mycobot_320:/home/agilex/limo_ros2_ws/install/mycobot_280pi:/home/agilex/limo_ros2_ws/install/mycobot_280jn:/home/agilex/limo_ros2_ws/install/mycobot_280_x3pi:/home/agilex/limo_ros2_ws/install/mycobot_280:/home/agilex/limo_ros2_ws/install/myarm_m750:/home/agilex/limo_ros2_ws/install/myarm_c650:/home/agilex/limo_ros2_ws/install/myarm_300:/home/agilex/limo_ros2_ws/install/mycobot_communication:/home/agilex/limo_ros2_ws/install/mecharm_pi:/home/agilex/limo_ros2_ws/install/mecharm:/home/agilex/limo_ros2_ws/install/mecharm_communication:/home/agilex/limo_ros2_ws/install/mybuddy:/home/agilex/limo_ros2_ws/install/mycobot_description:/home/agilex/krish_ws/install/object_search:/home/agilex/krish_ws/install/object_detector:/home/agilex/krish_ws/install/nav_handler:/home/agilex/krish_ws/install/mycobot_description:/opt/ros/foxy LD_LIBRARY_PATH=/home/agilex/krish_ws/install/nav2_util/lib:/home/agilex/krish_ws/install/nav2_msgs/lib:${LD_LIBRARY_PATH} PYTHONPATH=/home/agilex/krish_ws/install/nav2_msgs/lib/python3.8/site-packages:/home/agilex/krish_ws/install/nav2_common/lib/python3.8/site-packages:${PYTHONPATH} /usr/bin/cmake /home/agilex/krish_ws/src/navigation2/nav2_map_server -DAMENT_CMAKE_SYMLINK_INSTALL=1 -DCMAKE_INSTALL_PREFIX=/home/agilex/krish_ws/install/nav2_map_server
[17.861s] Invoking command in '/home/agilex/krish_ws/build/nav2_map_server': AMENT_PREFIX_PATH=/home/agilex/krish_ws/install/nav2_util:/home/agilex/krish_ws/install/nav2_msgs:/home/agilex/krish_ws/install/nav2_common:${AMENT_PREFIX_PATH} CMAKE_PREFIX_PATH=/home/agilex/krish_ws/install/nav2_util:/home/agilex/krish_ws/install/nav2_msgs:/home/agilex/krish_ws/install/nav2_common:/home/agilex/krish_ws/install/vision_msgs_rviz_plugins:/home/agilex/krish_ws/install/vision_msgs:/home/agilex/limo_ros2_ws/install/ydlidar_sdk:/home/agilex/limo_ros2_ws/install/ydlidar_ros2_driver:/home/agilex/limo_ros2_ws/install/tf_test:/home/agilex/limo_ros2_ws/install/teb_local_planner:/home/agilex/limo_ros2_ws/install/teb_msgs:/home/agilex/limo_ros2_ws/install/nav2_system_tests:/home/agilex/limo_ros2_ws/install/nav2_bringup:/home/agilex/limo_ros2_ws/install/navigation2:/home/agilex/limo_ros2_ws/install/smac_planner:/home/agilex/limo_ros2_ws/install/rf2o_laser_odometry:/home/agilex/limo_ros2_ws/install/orbbec_description:/home/agilex/limo_ros2_ws/install/orbbec_camera:/home/agilex/limo_ros2_ws/install/orbbec_camera_msgs:/home/agilex/limo_ros2_ws/install/nav2_dwb_controller:/home/agilex/limo_ros2_ws/install/nav2_controller:/home/agilex/limo_ros2_ws/install/dwb_plugins:/home/agilex/limo_ros2_ws/install/dwb_critics:/home/agilex/limo_ros2_ws/install/dwb_core:/home/agilex/limo_ros2_ws/install/nav_2d_utils:/home/agilex/limo_ros2_ws/install/dwb_msgs:/home/agilex/limo_ros2_ws/install/nav_2d_msgs:/home/agilex/limo_ros2_ws/install/nav2_waypoint_follower:/home/agilex/limo_ros2_ws/install/nav2_regulated_pure_pursuit_controller:/home/agilex/limo_ros2_ws/install/nav2_recoveries:/home/agilex/limo_ros2_ws/install/nav2_planner:/home/agilex/limo_ros2_ws/install/nav2_navfn_planner:/home/agilex/limo_ros2_ws/install/nav2_core:/home/agilex/limo_ros2_ws/install/costmap_queue:/home/agilex/limo_ros2_ws/install/costmap_converter:/home/agilex/limo_ros2_ws/install/nav2_costmap_2d:/home/agilex/limo_ros2_ws/install/nav2_voxel_grid:/home/agilex/limo_ros2_ws/install/nav2_rviz_plugins:/home/agilex/limo_ros2_ws/install/nav2_map_server:/home/agilex/limo_ros2_ws/install/nav2_lifecycle_manager:/home/agilex/limo_ros2_ws/install/nav2_bt_navigator:/home/agilex/limo_ros2_ws/install/nav2_behavior_tree:/home/agilex/limo_ros2_ws/install/nav2_amcl:/home/agilex/limo_ros2_ws/install/nav2_util:/home/agilex/limo_ros2_ws/install/nav2_msgs:/home/agilex/limo_ros2_ws/install/nav2_common:/home/agilex/limo_ros2_ws/install/mypalletizer_interfaces:/home/agilex/limo_ros2_ws/install/mycobot_interfaces:/home/agilex/limo_ros2_ws/install/mecharm_interfaces:/home/agilex/limo_ros2_ws/install/limo_visions:/home/agilex/limo_ros2_ws/install/limo_bringup:/home/agilex/limo_ros2_ws/install/limo_base:/home/agilex/limo_ros2_ws/install/limo_msgs:/home/agilex/limo_ros2_ws/install/limo_description:/home/agilex/limo_ros2_ws/install/costmap_converter_msgs:/home/agilex/krish_ws/install/system_launcher:/home/agilex/krish_ws/install/mycobot_arm:/home/agilex/limo_ros2_ws/install/ultraarm:/home/agilex/limo_ros2_ws/install/nav2_gazebo_spawner:/home/agilex/limo_ros2_ws/install/mypalletizer_260_pi:/home/agilex/limo_ros2_ws/install/mypalletizer_260:/home/agilex/limo_ros2_ws/install/mypalletizer_communication:/home/agilex/limo_ros2_ws/install/mycobot_630:/home/agilex/limo_ros2_ws/install/mycobot_600:/home/agilex/limo_ros2_ws/install/mycobot_320pi:/home/agilex/limo_ros2_ws/install/mycobot_320:/home/agilex/limo_ros2_ws/install/mycobot_280pi:/home/agilex/limo_ros2_ws/install/mycobot_280jn:/home/agilex/limo_ros2_ws/install/mycobot_280_x3pi:/home/agilex/limo_ros2_ws/install/mycobot_280:/home/agilex/limo_ros2_ws/install/myarm_m750:/home/agilex/limo_ros2_ws/install/myarm_c650:/home/agilex/limo_ros2_ws/install/myarm_300:/home/agilex/limo_ros2_ws/install/mycobot_communication:/home/agilex/limo_ros2_ws/install/mecharm_pi:/home/agilex/limo_ros2_ws/install/mecharm:/home/agilex/limo_ros2_ws/install/mecharm_communication:/home/agilex/limo_ros2_ws/install/mybuddy:/home/agilex/limo_ros2_ws/install/mycobot_description:/home/agilex/krish_ws/install/object_search:/home/agilex/krish_ws/install/object_detector:/home/agilex/krish_ws/install/nav_handler:/home/agilex/krish_ws/install/mycobot_description:/opt/ros/foxy LD_LIBRARY_PATH=/home/agilex/krish_ws/install/nav2_util/lib:/home/agilex/krish_ws/install/nav2_msgs/lib:${LD_LIBRARY_PATH} PYTHONPATH=/home/agilex/krish_ws/install/nav2_msgs/lib/python3.8/site-packages:/home/agilex/krish_ws/install/nav2_common/lib/python3.8/site-packages:${PYTHONPATH} /usr/bin/cmake --build /home/agilex/krish_ws/build/nav2_map_server -- -j6 -l6
[20.107s] [35m[1mScanning dependencies of target map_io[0m
[20.108s] [  3%] [32mBuilding CXX object CMakeFiles/map_io.dir/src/map_mode.cpp.o[0m
[20.108s] [  6%] [32mBuilding CXX object CMakeFiles/map_io.dir/src/map_io.cpp.o[0m
[32.826s] [  9%] [32m[1mLinking CXX shared library libmap_io.so[0m
[33.544s] [  9%] Built target map_io
[33.599s] [35m[1mScanning dependencies of target gtest_main[0m
[33.708s] [ 12%] [32mBuilding CXX object gtest/CMakeFiles/gtest_main.dir/src/gtest_main.cc.o[0m
[36.152s] [ 16%] [32m[1mLinking CXX static library libgtest_main.a[0m
[36.529s] [ 16%] Built target gtest_main
[36.615s] [35m[1mScanning dependencies of target test_map_saver_publisher[0m
[36.799s] [ 19%] [32mBuilding CXX object test/component/CMakeFiles/test_map_saver_publisher.dir/test_map_saver_publisher.cpp.o[0m
[51.802s] [ 22%] [32mBuilding CXX object test/component/CMakeFiles/test_map_saver_publisher.dir/__/test_constants.cpp.o[0m
[52.116s] [ 25%] [32m[1mLinking CXX executable test_map_saver_publisher[0m
[52.780s] [ 25%] Built target test_map_saver_publisher
[52.858s] [35m[1mScanning dependencies of target map_server_core[0m
[53.094s] [ 29%] [32mBuilding CXX object CMakeFiles/map_server_core.dir/src/map_server/map_server.cpp.o[0m
[67.102s] [ 32%] [32mBuilding CXX object CMakeFiles/map_server_core.dir/src/map_saver/map_saver.cpp.o[0m
[87.765s] [ 35%] [32m[1mLinking CXX shared library libmap_server_core.so[0m
[88.393s] [ 35%] Built target map_server_core
[88.431s] [35m[1mScanning dependencies of target gtest[0m
[88.489s] [ 38%] [32mBuilding CXX object gtest/CMakeFiles/gtest.dir/src/gtest-all.cc.o[0m
[106.961s] [ 41%] [32m[1mLinking CXX static library libgtest.a[0m
[107.108s] [ 41%] Built target gtest
[107.153s] [35m[1mScanning dependencies of target map_saver_server[0m
[107.273s] [ 45%] [32mBuilding CXX object CMakeFiles/map_saver_server.dir/src/map_saver/main_server.cpp.o[0m
[112.524s] [ 48%] [32m[1mLinking CXX executable map_saver_server[0m
[113.182s] [ 48%] Built target map_saver_server
[113.242s] [35m[1mScanning dependencies of target test_map_server_node[0m
[113.371s] [ 51%] [32mBuilding CXX object test/component/CMakeFiles/test_map_server_node.dir/test_map_server_node.cpp.o[0m
[125.140s] [ 54%] [32mBuilding CXX object test/component/CMakeFiles/test_map_server_node.dir/__/test_constants.cpp.o[0m
[125.477s] [ 58%] [32m[1mLinking CXX executable test_map_server_node[0m
[126.009s] [ 58%] Built target test_map_server_node
[126.051s] [35m[1mScanning dependencies of target test_map_saver_cli[0m
[126.161s] [ 61%] [32mBuilding CXX object test/map_saver_cli/CMakeFiles/test_map_saver_cli.dir/test_map_saver_cli.cpp.o[0m
[137.889s] [ 64%] [32mBuilding CXX object test/map_saver_cli/CMakeFiles/test_map_saver_cli.dir/__/test_constants.cpp.o[0m
[138.229s] [ 67%] [32m[1mLinking CXX executable test_map_saver_cli[0m
[138.597s] [ 67%] Built target test_map_saver_cli
[138.640s] [35m[1mScanning dependencies of target test_map_saver_node[0m
[138.765s] [ 70%] [32mBuilding CXX object test/component/CMakeFiles/test_map_saver_node.dir/test_map_saver_node.cpp.o[0m
[149.467s] [ 74%] [32mBuilding CXX object test/component/CMakeFiles/test_map_saver_node.dir/__/test_constants.cpp.o[0m
[149.787s] [ 77%] [32m[1mLinking CXX executable test_map_saver_node[0m
[150.429s] [ 77%] Built target test_map_saver_node
[150.468s] [35m[1mScanning dependencies of target test_map_io[0m
[150.595s] [ 80%] [32mBuilding CXX object test/unit/CMakeFiles/test_map_io.dir/test_map_io.cpp.o[0m
[160.710s] [ 83%] [32mBuilding CXX object test/unit/CMakeFiles/test_map_io.dir/__/test_constants.cpp.o[0m
[161.012s] [ 87%] [32m[1mLinking CXX executable test_map_io[0m
[161.557s] [ 87%] Built target test_map_io
[161.599s] [35m[1mScanning dependencies of target map_saver_cli[0m
[161.712s] [ 90%] [32mBuilding CXX object CMakeFiles/map_saver_cli.dir/src/map_saver/main_cli.cpp.o[0m
[167.164s] [ 93%] [32m[1mLinking CXX executable map_saver_cli[0m
[167.750s] [ 93%] Built target map_saver_cli
[167.790s] [35m[1mScanning dependencies of target map_server[0m
[167.893s] [ 96%] [32mBuilding CXX object CMakeFiles/map_server.dir/src/map_server/main.cpp.o[0m
[175.508s] [100%] [32m[1mLinking CXX executable map_server[0m
[176.433s] [100%] Built target map_server
[176.526s] Invoked command in '/home/agilex/krish_ws/build/nav2_map_server' returned '0': AMENT_PREFIX_PATH=/home/agilex/krish_ws/install/nav2_util:/home/agilex/krish_ws/install/nav2_msgs:/home/agilex/krish_ws/install/nav2_common:${AMENT_PREFIX_PATH} CMAKE_PREFIX_PATH=/home/agilex/krish_ws/install/nav2_util:/home/agilex/krish_ws/install/nav2_msgs:/home/agilex/krish_ws/install/nav2_common:/home/agilex/krish_ws/install/vision_msgs_rviz_plugins:/home/agilex/krish_ws/install/vision_msgs:/home/agilex/limo_ros2_ws/install/ydlidar_sdk:/home/agilex/limo_ros2_ws/install/ydlidar_ros2_driver:/home/agilex/limo_ros2_ws/install/tf_test:/home/agilex/limo_ros2_ws/install/teb_local_planner:/home/agilex/limo_ros2_ws/install/teb_msgs:/home/agilex/limo_ros2_ws/install/nav2_system_tests:/home/agilex/limo_ros2_ws/install/nav2_bringup:/home/agilex/limo_ros2_ws/install/navigation2:/home/agilex/limo_ros2_ws/install/smac_planner:/home/agilex/limo_ros2_ws/install/rf2o_laser_odometry:/home/agilex/limo_ros2_ws/install/orbbec_description:/home/agilex/limo_ros2_ws/install/orbbec_camera:/home/agilex/limo_ros2_ws/install/orbbec_camera_msgs:/home/agilex/limo_ros2_ws/install/nav2_dwb_controller:/home/agilex/limo_ros2_ws/install/nav2_controller:/home/agilex/limo_ros2_ws/install/dwb_plugins:/home/agilex/limo_ros2_ws/install/dwb_critics:/home/agilex/limo_ros2_ws/install/dwb_core:/home/agilex/limo_ros2_ws/install/nav_2d_utils:/home/agilex/limo_ros2_ws/install/dwb_msgs:/home/agilex/limo_ros2_ws/install/nav_2d_msgs:/home/agilex/limo_ros2_ws/install/nav2_waypoint_follower:/home/agilex/limo_ros2_ws/install/nav2_regulated_pure_pursuit_controller:/home/agilex/limo_ros2_ws/install/nav2_recoveries:/home/agilex/limo_ros2_ws/install/nav2_planner:/home/agilex/limo_ros2_ws/install/nav2_navfn_planner:/home/agilex/limo_ros2_ws/install/nav2_core:/home/agilex/limo_ros2_ws/install/costmap_queue:/home/agilex/limo_ros2_ws/install/costmap_converter:/home/agilex/limo_ros2_ws/install/nav2_costmap_2d:/home/agilex/limo_ros2_ws/install/nav2_voxel_grid:/home/agilex/limo_ros2_ws/install/nav2_rviz_plugins:/home/agilex/limo_ros2_ws/install/nav2_map_server:/home/agilex/limo_ros2_ws/install/nav2_lifecycle_manager:/home/agilex/limo_ros2_ws/install/nav2_bt_navigator:/home/agilex/limo_ros2_ws/install/nav2_behavior_tree:/home/agilex/limo_ros2_ws/install/nav2_amcl:/home/agilex/limo_ros2_ws/install/nav2_util:/home/agilex/limo_ros2_ws/install/nav2_msgs:/home/agilex/limo_ros2_ws/install/nav2_common:/home/agilex/limo_ros2_ws/install/mypalletizer_interfaces:/home/agilex/limo_ros2_ws/install/mycobot_interfaces:/home/agilex/limo_ros2_ws/install/mecharm_interfaces:/home/agilex/limo_ros2_ws/install/limo_visions:/home/agilex/limo_ros2_ws/install/limo_bringup:/home/agilex/limo_ros2_ws/install/limo_base:/home/agilex/limo_ros2_ws/install/limo_msgs:/home/agilex/limo_ros2_ws/install/limo_description:/home/agilex/limo_ros2_ws/install/costmap_converter_msgs:/home/agilex/krish_ws/install/system_launcher:/home/agilex/krish_ws/install/mycobot_arm:/home/agilex/limo_ros2_ws/install/ultraarm:/home/agilex/limo_ros2_ws/install/nav2_gazebo_spawner:/home/agilex/limo_ros2_ws/install/mypalletizer_260_pi:/home/agilex/limo_ros2_ws/install/mypalletizer_260:/home/agilex/limo_ros2_ws/install/mypalletizer_communication:/home/agilex/limo_ros2_ws/install/mycobot_630:/home/agilex/limo_ros2_ws/install/mycobot_600:/home/agilex/limo_ros2_ws/install/mycobot_320pi:/home/agilex/limo_ros2_ws/install/mycobot_320:/home/agilex/limo_ros2_ws/install/mycobot_280pi:/home/agilex/limo_ros2_ws/install/mycobot_280jn:/home/agilex/limo_ros2_ws/install/mycobot_280_x3pi:/home/agilex/limo_ros2_ws/install/mycobot_280:/home/agilex/limo_ros2_ws/install/myarm_m750:/home/agilex/limo_ros2_ws/install/myarm_c650:/home/agilex/limo_ros2_ws/install/myarm_300:/home/agilex/limo_ros2_ws/install/mycobot_communication:/home/agilex/limo_ros2_ws/install/mecharm_pi:/home/agilex/limo_ros2_ws/install/mecharm:/home/agilex/limo_ros2_ws/install/mecharm_communication:/home/agilex/limo_ros2_ws/install/mybuddy:/home/agilex/limo_ros2_ws/install/mycobot_description:/home/agilex/krish_ws/install/object_search:/home/agilex/krish_ws/install/object_detector:/home/agilex/krish_ws/install/nav_handler:/home/agilex/krish_ws/install/mycobot_description:/opt/ros/foxy LD_LIBRARY_PATH=/home/agilex/krish_ws/install/nav2_util/lib:/home/agilex/krish_ws/install/nav2_msgs/lib:${LD_LIBRARY_PATH} PYTHONPATH=/home/agilex/krish_ws/install/nav2_msgs/lib/python3.8/site-packages:/home/agilex/krish_ws/install/nav2_common/lib/python3.8/site-packages:${PYTHONPATH} /usr/bin/cmake --build /home/agilex/krish_ws/build/nav2_map_server -- -j6 -l6
[176.815s] Invoking command in '/home/agilex/krish_ws/build/nav2_map_server': AMENT_PREFIX_PATH=/home/agilex/krish_ws/install/nav2_util:/home/agilex/krish_ws/install/nav2_msgs:/home/agilex/krish_ws/install/nav2_common:${AMENT_PREFIX_PATH} CMAKE_PREFIX_PATH=/home/agilex/krish_ws/install/nav2_util:/home/agilex/krish_ws/install/nav2_msgs:/home/agilex/krish_ws/install/nav2_common:/home/agilex/krish_ws/install/vision_msgs_rviz_plugins:/home/agilex/krish_ws/install/vision_msgs:/home/agilex/limo_ros2_ws/install/ydlidar_sdk:/home/agilex/limo_ros2_ws/install/ydlidar_ros2_driver:/home/agilex/limo_ros2_ws/install/tf_test:/home/agilex/limo_ros2_ws/install/teb_local_planner:/home/agilex/limo_ros2_ws/install/teb_msgs:/home/agilex/limo_ros2_ws/install/nav2_system_tests:/home/agilex/limo_ros2_ws/install/nav2_bringup:/home/agilex/limo_ros2_ws/install/navigation2:/home/agilex/limo_ros2_ws/install/smac_planner:/home/agilex/limo_ros2_ws/install/rf2o_laser_odometry:/home/agilex/limo_ros2_ws/install/orbbec_description:/home/agilex/limo_ros2_ws/install/orbbec_camera:/home/agilex/limo_ros2_ws/install/orbbec_camera_msgs:/home/agilex/limo_ros2_ws/install/nav2_dwb_controller:/home/agilex/limo_ros2_ws/install/nav2_controller:/home/agilex/limo_ros2_ws/install/dwb_plugins:/home/agilex/limo_ros2_ws/install/dwb_critics:/home/agilex/limo_ros2_ws/install/dwb_core:/home/agilex/limo_ros2_ws/install/nav_2d_utils:/home/agilex/limo_ros2_ws/install/dwb_msgs:/home/agilex/limo_ros2_ws/install/nav_2d_msgs:/home/agilex/limo_ros2_ws/install/nav2_waypoint_follower:/home/agilex/limo_ros2_ws/install/nav2_regulated_pure_pursuit_controller:/home/agilex/limo_ros2_ws/install/nav2_recoveries:/home/agilex/limo_ros2_ws/install/nav2_planner:/home/agilex/limo_ros2_ws/install/nav2_navfn_planner:/home/agilex/limo_ros2_ws/install/nav2_core:/home/agilex/limo_ros2_ws/install/costmap_queue:/home/agilex/limo_ros2_ws/install/costmap_converter:/home/agilex/limo_ros2_ws/install/nav2_costmap_2d:/home/agilex/limo_ros2_ws/install/nav2_voxel_grid:/home/agilex/limo_ros2_ws/install/nav2_rviz_plugins:/home/agilex/limo_ros2_ws/install/nav2_map_server:/home/agilex/limo_ros2_ws/install/nav2_lifecycle_manager:/home/agilex/limo_ros2_ws/install/nav2_bt_navigator:/home/agilex/limo_ros2_ws/install/nav2_behavior_tree:/home/agilex/limo_ros2_ws/install/nav2_amcl:/home/agilex/limo_ros2_ws/install/nav2_util:/home/agilex/limo_ros2_ws/install/nav2_msgs:/home/agilex/limo_ros2_ws/install/nav2_common:/home/agilex/limo_ros2_ws/install/mypalletizer_interfaces:/home/agilex/limo_ros2_ws/install/mycobot_interfaces:/home/agilex/limo_ros2_ws/install/mecharm_interfaces:/home/agilex/limo_ros2_ws/install/limo_visions:/home/agilex/limo_ros2_ws/install/limo_bringup:/home/agilex/limo_ros2_ws/install/limo_base:/home/agilex/limo_ros2_ws/install/limo_msgs:/home/agilex/limo_ros2_ws/install/limo_description:/home/agilex/limo_ros2_ws/install/costmap_converter_msgs:/home/agilex/krish_ws/install/system_launcher:/home/agilex/krish_ws/install/mycobot_arm:/home/agilex/limo_ros2_ws/install/ultraarm:/home/agilex/limo_ros2_ws/install/nav2_gazebo_spawner:/home/agilex/limo_ros2_ws/install/mypalletizer_260_pi:/home/agilex/limo_ros2_ws/install/mypalletizer_260:/home/agilex/limo_ros2_ws/install/mypalletizer_communication:/home/agilex/limo_ros2_ws/install/mycobot_630:/home/agilex/limo_ros2_ws/install/mycobot_600:/home/agilex/limo_ros2_ws/install/mycobot_320pi:/home/agilex/limo_ros2_ws/install/mycobot_320:/home/agilex/limo_ros2_ws/install/mycobot_280pi:/home/agilex/limo_ros2_ws/install/mycobot_280jn:/home/agilex/limo_ros2_ws/install/mycobot_280_x3pi:/home/agilex/limo_ros2_ws/install/mycobot_280:/home/agilex/limo_ros2_ws/install/myarm_m750:/home/agilex/limo_ros2_ws/install/myarm_c650:/home/agilex/limo_ros2_ws/install/myarm_300:/home/agilex/limo_ros2_ws/install/mycobot_communication:/home/agilex/limo_ros2_ws/install/mecharm_pi:/home/agilex/limo_ros2_ws/install/mecharm:/home/agilex/limo_ros2_ws/install/mecharm_communication:/home/agilex/limo_ros2_ws/install/mybuddy:/home/agilex/limo_ros2_ws/install/mycobot_description:/home/agilex/krish_ws/install/object_search:/home/agilex/krish_ws/install/object_detector:/home/agilex/krish_ws/install/nav_handler:/home/agilex/krish_ws/install/mycobot_description:/opt/ros/foxy LD_LIBRARY_PATH=/home/agilex/krish_ws/install/nav2_util/lib:/home/agilex/krish_ws/install/nav2_msgs/lib:${LD_LIBRARY_PATH} PYTHONPATH=/home/agilex/krish_ws/install/nav2_msgs/lib/python3.8/site-packages:/home/agilex/krish_ws/install/nav2_common/lib/python3.8/site-packages:${PYTHONPATH} /usr/bin/cmake --install /home/agilex/krish_ws/build/nav2_map_server
[176.858s] -- Install configuration: "Release"
[176.858s] -- Execute custom install script
[176.861s] -- Symlinking: /home/agilex/krish_ws/install/nav2_map_server/lib/libmap_server_core.so
[176.899s] -- Symlinking: /home/agilex/krish_ws/install/nav2_map_server/lib/libmap_io.so
[176.942s] -- Symlinking: /home/agilex/krish_ws/install/nav2_map_server/lib/nav2_map_server/map_server
[176.979s] -- Symlinking: /home/agilex/krish_ws/install/nav2_map_server/lib/nav2_map_server/map_saver_cli
[177.022s] -- Symlinking: /home/agilex/krish_ws/install/nav2_map_server/lib/nav2_map_server/map_saver_server
[177.060s] -- Symlinking: /home/agilex/krish_ws/install/nav2_map_server/include//nav2_map_server/map_io.hpp
[177.123s] -- Symlinking: /home/agilex/krish_ws/install/nav2_map_server/include//nav2_map_server/map_mode.hpp
[177.159s] -- Symlinking: /home/agilex/krish_ws/install/nav2_map_server/include//nav2_map_server/map_saver.hpp
[177.213s] -- Symlinking: /home/agilex/krish_ws/install/nav2_map_server/include//nav2_map_server/map_server.hpp
[177.254s] -- Symlinking: /home/agilex/krish_ws/install/nav2_map_server/share/nav2_map_server/launch/map_saver_server.launch.py
[177.293s] -- Symlinking: /home/agilex/krish_ws/install/nav2_map_server/share/nav2_map_server/environment/library_path.sh
[177.333s] -- Symlinking: /home/agilex/krish_ws/install/nav2_map_server/share/nav2_map_server/environment/library_path.dsv
[177.363s] -- Symlinking: /home/agilex/krish_ws/install/nav2_map_server/share/ament_index/resource_index/package_run_dependencies/nav2_map_server
[177.408s] -- Symlinking: /home/agilex/krish_ws/install/nav2_map_server/share/ament_index/resource_index/parent_prefix_path/nav2_map_server
[177.496s] -- Symlinking: /home/agilex/krish_ws/install/nav2_map_server/share/nav2_map_server/environment/ament_prefix_path.sh
[177.573s] -- Symlinking: /home/agilex/krish_ws/install/nav2_map_server/share/nav2_map_server/environment/ament_prefix_path.dsv
[177.645s] -- Symlinking: /home/agilex/krish_ws/install/nav2_map_server/share/nav2_map_server/environment/path.sh
[177.723s] -- Symlinking: /home/agilex/krish_ws/install/nav2_map_server/share/nav2_map_server/environment/path.dsv
[177.793s] -- Symlinking: /home/agilex/krish_ws/install/nav2_map_server/share/nav2_map_server/local_setup.bash
[177.898s] -- Symlinking: /home/agilex/krish_ws/install/nav2_map_server/share/nav2_map_server/local_setup.sh
[177.993s] -- Symlinking: /home/agilex/krish_ws/install/nav2_map_server/share/nav2_map_server/local_setup.zsh
[178.060s] -- Symlinking: /home/agilex/krish_ws/install/nav2_map_server/share/nav2_map_server/local_setup.dsv
[178.111s] -- Symlinking: /home/agilex/krish_ws/install/nav2_map_server/share/nav2_map_server/package.dsv
[178.147s] -- Symlinking: /home/agilex/krish_ws/install/nav2_map_server/share/ament_index/resource_index/packages/nav2_map_server
[178.183s] -- Symlinking: /home/agilex/krish_ws/install/nav2_map_server/share/nav2_map_server/cmake/ament_cmake_export_include_directories-extras.cmake
[178.219s] -- Symlinking: /home/agilex/krish_ws/install/nav2_map_server/share/nav2_map_server/cmake/ament_cmake_export_libraries-extras.cmake
[178.254s] -- Symlinking: /home/agilex/krish_ws/install/nav2_map_server/share/nav2_map_server/cmake/nav2_map_serverConfig.cmake
[178.289s] -- Symlinking: /home/agilex/krish_ws/install/nav2_map_server/share/nav2_map_server/cmake/nav2_map_serverConfig-version.cmake
[178.325s] -- Symlinking: /home/agilex/krish_ws/install/nav2_map_server/share/nav2_map_server/package.xml
[178.375s] Invoked command in '/home/agilex/krish_ws/build/nav2_map_server' returned '0': AMENT_PREFIX_PATH=/home/agilex/krish_ws/install/nav2_util:/home/agilex/krish_ws/install/nav2_msgs:/home/agilex/krish_ws/install/nav2_common:${AMENT_PREFIX_PATH} CMAKE_PREFIX_PATH=/home/agilex/krish_ws/install/nav2_util:/home/agilex/krish_ws/install/nav2_msgs:/home/agilex/krish_ws/install/nav2_common:/home/agilex/krish_ws/install/vision_msgs_rviz_plugins:/home/agilex/krish_ws/install/vision_msgs:/home/agilex/limo_ros2_ws/install/ydlidar_sdk:/home/agilex/limo_ros2_ws/install/ydlidar_ros2_driver:/home/agilex/limo_ros2_ws/install/tf_test:/home/agilex/limo_ros2_ws/install/teb_local_planner:/home/agilex/limo_ros2_ws/install/teb_msgs:/home/agilex/limo_ros2_ws/install/nav2_system_tests:/home/agilex/limo_ros2_ws/install/nav2_bringup:/home/agilex/limo_ros2_ws/install/navigation2:/home/agilex/limo_ros2_ws/install/smac_planner:/home/agilex/limo_ros2_ws/install/rf2o_laser_odometry:/home/agilex/limo_ros2_ws/install/orbbec_description:/home/agilex/limo_ros2_ws/install/orbbec_camera:/home/agilex/limo_ros2_ws/install/orbbec_camera_msgs:/home/agilex/limo_ros2_ws/install/nav2_dwb_controller:/home/agilex/limo_ros2_ws/install/nav2_controller:/home/agilex/limo_ros2_ws/install/dwb_plugins:/home/agilex/limo_ros2_ws/install/dwb_critics:/home/agilex/limo_ros2_ws/install/dwb_core:/home/agilex/limo_ros2_ws/install/nav_2d_utils:/home/agilex/limo_ros2_ws/install/dwb_msgs:/home/agilex/limo_ros2_ws/install/nav_2d_msgs:/home/agilex/limo_ros2_ws/install/nav2_waypoint_follower:/home/agilex/limo_ros2_ws/install/nav2_regulated_pure_pursuit_controller:/home/agilex/limo_ros2_ws/install/nav2_recoveries:/home/agilex/limo_ros2_ws/install/nav2_planner:/home/agilex/limo_ros2_ws/install/nav2_navfn_planner:/home/agilex/limo_ros2_ws/install/nav2_core:/home/agilex/limo_ros2_ws/install/costmap_queue:/home/agilex/limo_ros2_ws/install/costmap_converter:/home/agilex/limo_ros2_ws/install/nav2_costmap_2d:/home/agilex/limo_ros2_ws/install/nav2_voxel_grid:/home/agilex/limo_ros2_ws/install/nav2_rviz_plugins:/home/agilex/limo_ros2_ws/install/nav2_map_server:/home/agilex/limo_ros2_ws/install/nav2_lifecycle_manager:/home/agilex/limo_ros2_ws/install/nav2_bt_navigator:/home/agilex/limo_ros2_ws/install/nav2_behavior_tree:/home/agilex/limo_ros2_ws/install/nav2_amcl:/home/agilex/limo_ros2_ws/install/nav2_util:/home/agilex/limo_ros2_ws/install/nav2_msgs:/home/agilex/limo_ros2_ws/install/nav2_common:/home/agilex/limo_ros2_ws/install/mypalletizer_interfaces:/home/agilex/limo_ros2_ws/install/mycobot_interfaces:/home/agilex/limo_ros2_ws/install/mecharm_interfaces:/home/agilex/limo_ros2_ws/install/limo_visions:/home/agilex/limo_ros2_ws/install/limo_bringup:/home/agilex/limo_ros2_ws/install/limo_base:/home/agilex/limo_ros2_ws/install/limo_msgs:/home/agilex/limo_ros2_ws/install/limo_description:/home/agilex/limo_ros2_ws/install/costmap_converter_msgs:/home/agilex/krish_ws/install/system_launcher:/home/agilex/krish_ws/install/mycobot_arm:/home/agilex/limo_ros2_ws/install/ultraarm:/home/agilex/limo_ros2_ws/install/nav2_gazebo_spawner:/home/agilex/limo_ros2_ws/install/mypalletizer_260_pi:/home/agilex/limo_ros2_ws/install/mypalletizer_260:/home/agilex/limo_ros2_ws/install/mypalletizer_communication:/home/agilex/limo_ros2_ws/install/mycobot_630:/home/agilex/limo_ros2_ws/install/mycobot_600:/home/agilex/limo_ros2_ws/install/mycobot_320pi:/home/agilex/limo_ros2_ws/install/mycobot_320:/home/agilex/limo_ros2_ws/install/mycobot_280pi:/home/agilex/limo_ros2_ws/install/mycobot_280jn:/home/agilex/limo_ros2_ws/install/mycobot_280_x3pi:/home/agilex/limo_ros2_ws/install/mycobot_280:/home/agilex/limo_ros2_ws/install/myarm_m750:/home/agilex/limo_ros2_ws/install/myarm_c650:/home/agilex/limo_ros2_ws/install/myarm_300:/home/agilex/limo_ros2_ws/install/mycobot_communication:/home/agilex/limo_ros2_ws/install/mecharm_pi:/home/agilex/limo_ros2_ws/install/mecharm:/home/agilex/limo_ros2_ws/install/mecharm_communication:/home/agilex/limo_ros2_ws/install/mybuddy:/home/agilex/limo_ros2_ws/install/mycobot_description:/home/agilex/krish_ws/install/object_search:/home/agilex/krish_ws/install/object_detector:/home/agilex/krish_ws/install/nav_handler:/home/agilex/krish_ws/install/mycobot_description:/opt/ros/foxy LD_LIBRARY_PATH=/home/agilex/krish_ws/install/nav2_util/lib:/home/agilex/krish_ws/install/nav2_msgs/lib:${LD_LIBRARY_PATH} PYTHONPATH=/home/agilex/krish_ws/install/nav2_msgs/lib/python3.8/site-packages:/home/agilex/krish_ws/install/nav2_common/lib/python3.8/site-packages:${PYTHONPATH} /usr/bin/cmake --install /home/agilex/krish_ws/build/nav2_map_server
