[12.055s] Invoking command in '/home/agilex/krish_ws/src/object_detector': PYTHONPATH=/home/agilex/krish_ws/build/object_detector/prefix_override:/home/agilex/krish_ws/install/object_detector/lib/python3.8/site-packages:${PYTHONPATH} /usr/bin/python3 setup.py egg_info --egg-base ../../build/object_detector build --build-base /home/agilex/krish_ws/build/object_detector/build install --record /home/agilex/krish_ws/build/object_detector/install.log --install-scripts $base/lib/object_detector --single-version-externally-managed
[12.623s] /home/agilex/.local/lib/python3.8/site-packages/setuptools/dist.py:476: SetuptoolsDeprecationWarning: Invalid dash-separated options
[12.623s] !!
[12.623s] 
[12.624s]         ********************************************************************************
[12.624s]         Usage of dash-separated 'script-dir' will not be supported in future
[12.624s]         versions. Please use the underscore name 'script_dir' instead.
[12.624s] 
[12.624s]         This deprecation is overdue, please update your project and remove deprecated
[12.624s]         calls to avoid build errors in the future.
[12.624s] 
[12.625s]         See https://setuptools.pypa.io/en/latest/userguide/declarative_config.html for details.
[12.625s]         ********************************************************************************
[12.625s] 
[12.625s] !!
[12.625s]   opt = self.warn_dash_deprecation(opt, section)
[13.084s] running egg_info
[13.151s] writing ../../build/object_detector/object_detector.egg-info/PKG-INFO
[13.154s] writing dependency_links to ../../build/object_detector/object_detector.egg-info/dependency_links.txt
[13.156s] writing entry points to ../../build/object_detector/object_detector.egg-info/entry_points.txt
[13.158s] writing requirements to ../../build/object_detector/object_detector.egg-info/requires.txt
[13.159s] writing top-level names to ../../build/object_detector/object_detector.egg-info/top_level.txt
[13.544s] reading manifest file '../../build/object_detector/object_detector.egg-info/SOURCES.txt'
[13.551s] writing manifest file '../../build/object_detector/object_detector.egg-info/SOURCES.txt'
[13.551s] running build
[13.551s] running build_py
[13.551s] copying object_detector/__init__.py -> /home/agilex/krish_ws/build/object_detector/build/lib/object_detector
[13.551s] copying object_detector/object_detector.py -> /home/agilex/krish_ws/build/object_detector/build/lib/object_detector
[13.552s] running install
[13.552s] /home/agilex/.local/lib/python3.8/site-packages/setuptools/_distutils/cmd.py:66: SetuptoolsDeprecationWarning: setup.py install is deprecated.
[13.552s] !!
[13.552s] 
[13.552s]         ********************************************************************************
[13.552s]         Please avoid running ``setup.py`` directly.
[13.552s]         Instead, use pypa/build, pypa/installer or other
[13.553s]         standards-based tools.
[13.553s] 
[13.553s]         See https://blog.ganssle.io/articles/2021/10/setup-py-deprecated.html for details.
[13.553s]         ********************************************************************************
[13.553s] 
[13.553s] !!
[13.553s]   self.initialize_options()
[13.564s] running install_lib
[13.611s] copying /home/agilex/krish_ws/build/object_detector/build/lib/object_detector/object_detector.py -> /home/agilex/krish_ws/install/object_detector/lib/python3.8/site-packages/object_detector
[13.613s] byte-compiling /home/agilex/krish_ws/install/object_detector/lib/python3.8/site-packages/object_detector/object_detector.py to object_detector.cpython-38.pyc
[13.616s] running install_data
[13.665s] copying resource/object_detector -> /home/agilex/krish_ws/install/object_detector/share/ament_index/resource_index/packages
[13.665s] copying package.xml -> /home/agilex/krish_ws/install/object_detector/share/object_detector
[13.666s] running install_egg_info
[13.717s] removing '/home/agilex/krish_ws/install/object_detector/lib/python3.8/site-packages/object_detector-0.0.0-py3.8.egg-info' (and everything under it)
[13.722s] Copying ../../build/object_detector/object_detector.egg-info to /home/agilex/krish_ws/install/object_detector/lib/python3.8/site-packages/object_detector-0.0.0-py3.8.egg-info
[13.722s] running install_scripts
[13.846s] Installing yolo_detector script to /home/agilex/krish_ws/install/object_detector/lib/object_detector
[13.847s] writing list of installed files to '/home/agilex/krish_ws/build/object_detector/install.log'
[19.037s] Invoked command in '/home/agilex/krish_ws/src/object_detector' returned '0': PYTHONPATH=/home/agilex/krish_ws/build/object_detector/prefix_override:/home/agilex/krish_ws/install/object_detector/lib/python3.8/site-packages:${PYTHONPATH} /usr/bin/python3 setup.py egg_info --egg-base ../../build/object_detector build --build-base /home/agilex/krish_ws/build/object_detector/build install --record /home/agilex/krish_ws/build/object_detector/install.log --install-scripts $base/lib/object_detector --single-version-externally-managed
