[5.673s] Invoking command in '/home/agilex/krish_ws/src/object_detector': PYTHONPATH=/home/agilex/krish_ws/build/object_detector/prefix_override:/home/agilex/krish_ws/install/object_detector/lib/python3.8/site-packages:${PYTHONPATH} /usr/bin/python3 setup.py egg_info --egg-base ../../build/object_detector build --build-base /home/agilex/krish_ws/build/object_detector/build install --record /home/agilex/krish_ws/build/object_detector/install.log --install-scripts $base/lib/object_detector --single-version-externally-managed
[6.121s] /home/agilex/.local/lib/python3.8/site-packages/setuptools/dist.py:476: SetuptoolsDeprecationWarning: Invalid dash-separated options
[6.122s] !!
[6.122s] 
[6.122s]         ********************************************************************************
[6.122s]         Usage of dash-separated 'script-dir' will not be supported in future
[6.122s]         versions. Please use the underscore name 'script_dir' instead.
[6.122s] 
[6.122s]         This deprecation is overdue, please update your project and remove deprecated
[6.122s]         calls to avoid build errors in the future.
[6.123s] 
[6.123s]         See https://setuptools.pypa.io/en/latest/userguide/declarative_config.html for details.
[6.123s]         ********************************************************************************
[6.123s] 
[6.123s] !!
[6.123s]   opt = self.warn_dash_deprecation(opt, section)
[6.454s] running egg_info
[6.510s] writing ../../build/object_detector/object_detector.egg-info/PKG-INFO
[6.511s] writing dependency_links to ../../build/object_detector/object_detector.egg-info/dependency_links.txt
[6.512s] writing entry points to ../../build/object_detector/object_detector.egg-info/entry_points.txt
[6.512s] writing requirements to ../../build/object_detector/object_detector.egg-info/requires.txt
[6.513s] writing top-level names to ../../build/object_detector/object_detector.egg-info/top_level.txt
[6.935s] reading manifest file '../../build/object_detector/object_detector.egg-info/SOURCES.txt'
[6.938s] writing manifest file '../../build/object_detector/object_detector.egg-info/SOURCES.txt'
[6.938s] running build
[6.938s] running build_py
[6.939s] copying object_detector/__init__.py -> /home/agilex/krish_ws/build/object_detector/build/lib/object_detector
[6.939s] copying object_detector/nav_test.py -> /home/agilex/krish_ws/build/object_detector/build/lib/object_detector
[6.940s] copying object_detector/object_detector.py -> /home/agilex/krish_ws/build/object_detector/build/lib/object_detector
[6.940s] copying object_detector/test.py -> /home/agilex/krish_ws/build/object_detector/build/lib/object_detector
[6.940s] copying object_detector/object_detector copy.py -> /home/agilex/krish_ws/build/object_detector/build/lib/object_detector
[6.941s] running install
[6.943s] /home/agilex/.local/lib/python3.8/site-packages/setuptools/_distutils/cmd.py:66: SetuptoolsDeprecationWarning: setup.py install is deprecated.
[6.943s] !!
[6.943s] 
[6.944s]         ********************************************************************************
[6.944s]         Please avoid running ``setup.py`` directly.
[6.944s]         Instead, use pypa/build, pypa/installer or other
[6.944s]         standards-based tools.
[6.944s] 
[6.944s]         See https://blog.ganssle.io/articles/2021/10/setup-py-deprecated.html for details.
[6.944s]         ********************************************************************************
[6.945s] 
[6.945s] !!
[6.945s]   self.initialize_options()
[6.957s] running install_lib
[7.013s] copying /home/agilex/krish_ws/build/object_detector/build/lib/object_detector/nav_test.py -> /home/agilex/krish_ws/install/object_detector/lib/python3.8/site-packages/object_detector
[7.015s] byte-compiling /home/agilex/krish_ws/install/object_detector/lib/python3.8/site-packages/object_detector/nav_test.py to nav_test.cpython-38.pyc
[7.017s] running install_data
[7.070s] copying resource/object_detector -> /home/agilex/krish_ws/install/object_detector/share/ament_index/resource_index/packages
[7.071s] copying package.xml -> /home/agilex/krish_ws/install/object_detector/share/object_detector
[7.072s] running install_egg_info
[7.130s] removing '/home/agilex/krish_ws/install/object_detector/lib/python3.8/site-packages/object_detector-0.0.0-py3.8.egg-info' (and everything under it)
[7.131s] Copying ../../build/object_detector/object_detector.egg-info to /home/agilex/krish_ws/install/object_detector/lib/python3.8/site-packages/object_detector-0.0.0-py3.8.egg-info
[7.133s] running install_scripts
[7.267s] Installing test script to /home/agilex/krish_ws/install/object_detector/lib/object_detector
[7.268s] Installing yolo_detector script to /home/agilex/krish_ws/install/object_detector/lib/object_detector
[7.271s] writing list of installed files to '/home/agilex/krish_ws/build/object_detector/install.log'
[7.376s] Invoked command in '/home/agilex/krish_ws/src/object_detector' returned '0': PYTHONPATH=/home/agilex/krish_ws/build/object_detector/prefix_override:/home/agilex/krish_ws/install/object_detector/lib/python3.8/site-packages:${PYTHONPATH} /usr/bin/python3 setup.py egg_info --egg-base ../../build/object_detector build --build-base /home/agilex/krish_ws/build/object_detector/build install --record /home/agilex/krish_ws/build/object_detector/install.log --install-scripts $base/lib/object_detector --single-version-externally-managed
