[5.558s] Invoking command in '/home/agilex/krish_ws/src/my_launch_pkg': PYTHONPATH=/home/agilex/krish_ws/build/my_launch_pkg/prefix_override:/home/agilex/krish_ws/install/my_launch_pkg/lib/python3.8/site-packages:${PYTHONPATH} /usr/bin/python3 setup.py egg_info --egg-base ../../build/my_launch_pkg build --build-base /home/agilex/krish_ws/build/my_launch_pkg/build install --record /home/agilex/krish_ws/build/my_launch_pkg/install.log --install-scripts $base/lib/my_launch_pkg --single-version-externally-managed
[5.966s] /home/agilex/.local/lib/python3.8/site-packages/setuptools/dist.py:476: SetuptoolsDeprecationWarning: Invalid dash-separated options
[5.967s] !!
[5.967s] 
[5.967s]         ********************************************************************************
[5.967s]         Usage of dash-separated 'script-dir' will not be supported in future
[5.967s]         versions. Please use the underscore name 'script_dir' instead.
[5.968s] 
[5.968s]         This deprecation is overdue, please update your project and remove deprecated
[5.968s]         calls to avoid build errors in the future.
[5.968s] 
[5.968s]         See https://setuptools.pypa.io/en/latest/userguide/declarative_config.html for details.
[5.968s]         ********************************************************************************
[5.968s] 
[5.968s] !!
[5.969s]   opt = self.warn_dash_deprecation(opt, section)
[6.262s] running egg_info
[6.310s] writing ../../build/my_launch_pkg/my_launch_pkg.egg-info/PKG-INFO
[6.311s] writing dependency_links to ../../build/my_launch_pkg/my_launch_pkg.egg-info/dependency_links.txt
[6.312s] writing requirements to ../../build/my_launch_pkg/my_launch_pkg.egg-info/requires.txt
[6.312s] writing top-level names to ../../build/my_launch_pkg/my_launch_pkg.egg-info/top_level.txt
[6.678s] reading manifest file '../../build/my_launch_pkg/my_launch_pkg.egg-info/SOURCES.txt'
[6.680s] writing manifest file '../../build/my_launch_pkg/my_launch_pkg.egg-info/SOURCES.txt'
[6.681s] running build
[6.681s] running build_py
[6.682s] copying my_launch_pkg/__init__.py -> /home/agilex/krish_ws/build/my_launch_pkg/build/lib/my_launch_pkg
[6.683s] running install
[6.684s] /home/agilex/.local/lib/python3.8/site-packages/setuptools/_distutils/cmd.py:66: SetuptoolsDeprecationWarning: setup.py install is deprecated.
[6.684s] !!
[6.684s] 
[6.684s]         ********************************************************************************
[6.684s]         Please avoid running ``setup.py`` directly.
[6.685s]         Instead, use pypa/build, pypa/installer or other
[6.685s]         standards-based tools.
[6.685s] 
[6.685s]         See https://blog.ganssle.io/articles/2021/10/setup-py-deprecated.html for details.
[6.685s]         ********************************************************************************
[6.685s] 
[6.685s] !!
[6.685s]   self.initialize_options()
[6.697s] running install_lib
[6.744s] running install_data
[6.789s] copying resource/my_launch_pkg -> /home/agilex/krish_ws/install/my_launch_pkg/share/ament_index/resource_index/packages
[6.789s] copying package.xml -> /home/agilex/krish_ws/install/my_launch_pkg/share/my_launch_pkg
[6.790s] copying launch/full_system.launch.py -> /home/agilex/krish_ws/install/my_launch_pkg/share/my_launch_pkg/launch
[6.790s] running install_egg_info
[6.838s] removing '/home/agilex/krish_ws/install/my_launch_pkg/lib/python3.8/site-packages/my_launch_pkg-0.0.0-py3.8.egg-info' (and everything under it)
[6.838s] Copying ../../build/my_launch_pkg/my_launch_pkg.egg-info to /home/agilex/krish_ws/install/my_launch_pkg/lib/python3.8/site-packages/my_launch_pkg-0.0.0-py3.8.egg-info
[6.840s] running install_scripts
[6.950s] writing list of installed files to '/home/agilex/krish_ws/build/my_launch_pkg/install.log'
[7.039s] Invoked command in '/home/agilex/krish_ws/src/my_launch_pkg' returned '0': PYTHONPATH=/home/agilex/krish_ws/build/my_launch_pkg/prefix_override:/home/agilex/krish_ws/install/my_launch_pkg/lib/python3.8/site-packages:${PYTHONPATH} /usr/bin/python3 setup.py egg_info --egg-base ../../build/my_launch_pkg build --build-base /home/agilex/krish_ws/build/my_launch_pkg/build install --record /home/agilex/krish_ws/build/my_launch_pkg/install.log --install-scripts $base/lib/my_launch_pkg --single-version-externally-managed
