[8.250s] Invoking command in '/home/agilex/krish_ws/build/object_detector': PYTHONPATH=/home/agilex/krish_ws/build/object_detector/prefix_override:/home/agilex/krish_ws/install/object_detector/lib/python3.8/site-packages:${PYTHONPATH} /usr/bin/python3 setup.py develop --uninstall --editable --build-directory /home/agilex/krish_ws/build/object_detector/build
[8.733s] /home/agilex/.local/lib/python3.8/site-packages/setuptools/dist.py:476: SetuptoolsDeprecationWarning: Invalid dash-separated options
[8.733s] !!
[8.733s] 
[8.733s]         ********************************************************************************
[8.734s]         Usage of dash-separated 'script-dir' will not be supported in future
[8.734s]         versions. Please use the underscore name 'script_dir' instead.
[8.734s] 
[8.734s]         This deprecation is overdue, please update your project and remove deprecated
[8.734s]         calls to avoid build errors in the future.
[8.734s] 
[8.734s]         See https://setuptools.pypa.io/en/latest/userguide/declarative_config.html for details.
[8.735s]         ********************************************************************************
[8.735s] 
[8.735s] !!
[8.735s]   opt = self.warn_dash_deprecation(opt, section)
[9.203s] running develop
[9.204s] /home/agilex/.local/lib/python3.8/site-packages/setuptools/command/develop.py:40: EasyInstallDeprecationWarning: easy_install command is deprecated.
[9.204s] !!
[9.204s] 
[9.205s]         ********************************************************************************
[9.205s]         Please avoid running ``setup.py`` and ``easy_install``.
[9.205s]         Instead, use pypa/build, pypa/installer or other
[9.205s]         standards-based tools.
[9.206s] 
[9.206s]         See https://github.com/pypa/setuptools/issues/917 for details.
[9.206s]         ********************************************************************************
[9.206s] 
[9.206s] !!
[9.207s]   easy_install.initialize_options(self)
[9.297s] /home/agilex/.local/lib/python3.8/site-packages/setuptools/_distutils/cmd.py:66: SetuptoolsDeprecationWarning: setup.py install is deprecated.
[9.298s] !!
[9.298s] 
[9.298s]         ********************************************************************************
[9.298s]         Please avoid running ``setup.py`` directly.
[9.298s]         Instead, use pypa/build, pypa/installer or other
[9.298s]         standards-based tools.
[9.298s] 
[9.299s]         See https://blog.ganssle.io/articles/2021/10/setup-py-deprecated.html for details.
[9.299s]         ********************************************************************************
[9.299s] 
[9.299s] !!
[9.299s]   self.initialize_options()
[9.754s] Removing /home/agilex/krish_ws/install/object_detector/lib/python3.8/site-packages/object-detector.egg-link (link to .)
[9.846s] Invoked command in '/home/agilex/krish_ws/build/object_detector' returned '0': PYTHONPATH=/home/agilex/krish_ws/build/object_detector/prefix_override:/home/agilex/krish_ws/install/object_detector/lib/python3.8/site-packages:${PYTHONPATH} /usr/bin/python3 setup.py develop --uninstall --editable --build-directory /home/agilex/krish_ws/build/object_detector/build
[9.855s] Invoking command in '/home/agilex/krish_ws/src/object_detector': PYTHONPATH=/home/agilex/krish_ws/build/object_detector/prefix_override:/home/agilex/krish_ws/install/object_detector/lib/python3.8/site-packages:${PYTHONPATH} /usr/bin/python3 setup.py egg_info --egg-base ../../build/object_detector build --build-base /home/agilex/krish_ws/build/object_detector/build install --record /home/agilex/krish_ws/build/object_detector/install.log --install-scripts $base/lib/object_detector --single-version-externally-managed
[10.231s] /home/agilex/.local/lib/python3.8/site-packages/setuptools/dist.py:476: SetuptoolsDeprecationWarning: Invalid dash-separated options
[10.232s] !!
[10.232s] 
[10.232s]         ********************************************************************************
[10.232s]         Usage of dash-separated 'script-dir' will not be supported in future
[10.233s]         versions. Please use the underscore name 'script_dir' instead.
[10.233s] 
[10.233s]         This deprecation is overdue, please update your project and remove deprecated
[10.233s]         calls to avoid build errors in the future.
[10.234s] 
[10.234s]         See https://setuptools.pypa.io/en/latest/userguide/declarative_config.html for details.
[10.234s]         ********************************************************************************
[10.234s] 
[10.234s] !!
[10.235s]   opt = self.warn_dash_deprecation(opt, section)
[10.507s] running egg_info
[10.553s] writing ../../build/object_detector/object_detector.egg-info/PKG-INFO
[10.554s] writing dependency_links to ../../build/object_detector/object_detector.egg-info/dependency_links.txt
[10.554s] writing entry points to ../../build/object_detector/object_detector.egg-info/entry_points.txt
[10.555s] writing requirements to ../../build/object_detector/object_detector.egg-info/requires.txt
[10.555s] writing top-level names to ../../build/object_detector/object_detector.egg-info/top_level.txt
[10.908s] reading manifest file '../../build/object_detector/object_detector.egg-info/SOURCES.txt'
[10.911s] writing manifest file '../../build/object_detector/object_detector.egg-info/SOURCES.txt'
[10.911s] running build
[10.912s] running build_py
[10.912s] copying object_detector/__init__.py -> /home/agilex/krish_ws/build/object_detector/build/lib/object_detector
[10.913s] copying object_detector/object_detector.py -> /home/agilex/krish_ws/build/object_detector/build/lib/object_detector
[10.913s] copying object_detector/test.py -> /home/agilex/krish_ws/build/object_detector/build/lib/object_detector
[10.915s] running install
[10.915s] /home/agilex/.local/lib/python3.8/site-packages/setuptools/_distutils/cmd.py:66: SetuptoolsDeprecationWarning: setup.py install is deprecated.
[10.915s] !!
[10.915s] 
[10.915s]         ********************************************************************************
[10.916s]         Please avoid running ``setup.py`` directly.
[10.916s]         Instead, use pypa/build, pypa/installer or other
[10.916s]         standards-based tools.
[10.916s] 
[10.916s]         See https://blog.ganssle.io/articles/2021/10/setup-py-deprecated.html for details.
[10.916s]         ********************************************************************************
[10.916s] 
[10.916s] !!
[10.916s]   self.initialize_options()
[10.928s] running install_lib
[10.973s] creating /home/agilex/krish_ws/install/object_detector/lib/python3.8/site-packages/object_detector
[10.973s] copying /home/agilex/krish_ws/build/object_detector/build/lib/object_detector/__init__.py -> /home/agilex/krish_ws/install/object_detector/lib/python3.8/site-packages/object_detector
[10.973s] copying /home/agilex/krish_ws/build/object_detector/build/lib/object_detector/object_detector.py -> /home/agilex/krish_ws/install/object_detector/lib/python3.8/site-packages/object_detector
[10.973s] copying /home/agilex/krish_ws/build/object_detector/build/lib/object_detector/test.py -> /home/agilex/krish_ws/install/object_detector/lib/python3.8/site-packages/object_detector
[10.975s] byte-compiling /home/agilex/krish_ws/install/object_detector/lib/python3.8/site-packages/object_detector/__init__.py to __init__.cpython-38.pyc
[10.976s] byte-compiling /home/agilex/krish_ws/install/object_detector/lib/python3.8/site-packages/object_detector/object_detector.py to object_detector.cpython-38.pyc
[10.978s] byte-compiling /home/agilex/krish_ws/install/object_detector/lib/python3.8/site-packages/object_detector/test.py to test.cpython-38.pyc
[10.979s] running install_data
[11.024s] copying resource/object_detector -> /home/agilex/krish_ws/install/object_detector/share/ament_index/resource_index/packages
[11.025s] copying package.xml -> /home/agilex/krish_ws/install/object_detector/share/object_detector
[11.025s] running install_egg_info
[11.073s] Copying ../../build/object_detector/object_detector.egg-info to /home/agilex/krish_ws/install/object_detector/lib/python3.8/site-packages/object_detector-0.0.0-py3.8.egg-info
[11.075s] running install_scripts
[11.184s] Installing yolo_detector script to /home/agilex/krish_ws/install/object_detector/lib/object_detector
[11.184s] writing list of installed files to '/home/agilex/krish_ws/build/object_detector/install.log'
[11.271s] Invoked command in '/home/agilex/krish_ws/src/object_detector' returned '0': PYTHONPATH=/home/agilex/krish_ws/build/object_detector/prefix_override:/home/agilex/krish_ws/install/object_detector/lib/python3.8/site-packages:${PYTHONPATH} /usr/bin/python3 setup.py egg_info --egg-base ../../build/object_detector build --build-base /home/agilex/krish_ws/build/object_detector/build install --record /home/agilex/krish_ws/build/object_detector/install.log --install-scripts $base/lib/object_detector --single-version-externally-managed
