[11.732s] Invoking command in '/home/agilex/krish_ws/build/object_detector': PYTHONPATH=/home/agilex/krish_ws/build/object_detector/prefix_override:/home/agilex/krish_ws/install/object_detector/lib/python3.8/site-packages:${PYTHONPATH} /usr/bin/python3 setup.py develop --editable --build-directory /home/agilex/krish_ws/build/object_detector/build --no-deps install_data
[12.138s] /home/agilex/.local/lib/python3.8/site-packages/setuptools/dist.py:476: SetuptoolsDeprecationWarning: Invalid dash-separated options
[12.139s] !!
[12.139s] 
[12.139s]         ********************************************************************************
[12.139s]         Usage of dash-separated 'script-dir' will not be supported in future
[12.139s]         versions. Please use the underscore name 'script_dir' instead.
[12.139s] 
[12.139s]         This deprecation is overdue, please update your project and remove deprecated
[12.140s]         calls to avoid build errors in the future.
[12.140s] 
[12.140s]         See https://setuptools.pypa.io/en/latest/userguide/declarative_config.html for details.
[12.140s]         ********************************************************************************
[12.140s] 
[12.140s] !!
[12.140s]   opt = self.warn_dash_deprecation(opt, section)
[12.729s] running develop
[12.730s] /home/agilex/.local/lib/python3.8/site-packages/setuptools/command/develop.py:40: EasyInstallDeprecationWarning: easy_install command is deprecated.
[12.731s] !!
[12.731s] 
[12.731s]         ********************************************************************************
[12.731s]         Please avoid running ``setup.py`` and ``easy_install``.
[12.731s]         Instead, use pypa/build, pypa/installer or other
[12.731s]         standards-based tools.
[12.732s] 
[12.732s]         See https://github.com/pypa/setuptools/issues/917 for details.
[12.732s]         ********************************************************************************
[12.732s] 
[12.732s] !!
[12.732s]   easy_install.initialize_options(self)
[12.830s] /home/agilex/.local/lib/python3.8/site-packages/setuptools/_distutils/cmd.py:66: SetuptoolsDeprecationWarning: setup.py install is deprecated.
[12.830s] !!
[12.831s] 
[12.831s]         ********************************************************************************
[12.831s]         Please avoid running ``setup.py`` directly.
[12.831s]         Instead, use pypa/build, pypa/installer or other
[12.831s]         standards-based tools.
[12.831s] 
[12.831s]         See https://blog.ganssle.io/articles/2021/10/setup-py-deprecated.html for details.
[12.832s]         ********************************************************************************
[12.832s] 
[12.832s] !!
[12.832s]   self.initialize_options()
[13.342s] running egg_info
[13.389s] writing object_detector.egg-info/PKG-INFO
[13.390s] writing dependency_links to object_detector.egg-info/dependency_links.txt
[13.391s] writing entry points to object_detector.egg-info/entry_points.txt
[13.392s] writing requirements to object_detector.egg-info/requires.txt
[13.392s] writing top-level names to object_detector.egg-info/top_level.txt
[13.488s] reading manifest file 'object_detector.egg-info/SOURCES.txt'
[13.490s] writing manifest file 'object_detector.egg-info/SOURCES.txt'
[13.664s] running build_ext
[13.665s] Creating /home/agilex/krish_ws/install/object_detector/lib/python3.8/site-packages/object-detector.egg-link (link to .)
[13.666s] Installing yolo_detector script to /home/agilex/krish_ws/install/object_detector/lib/object_detector
[13.668s] 
[13.668s] Installed /home/agilex/krish_ws/build/object_detector
[13.668s] running install_data
[13.669s] copying resource/object_detector -> /home/agilex/krish_ws/install/object_detector/share/ament_index/resource_index/packages
[13.669s] copying package.xml -> /home/agilex/krish_ws/install/object_detector/share/object_detector
[17.317s] Invoked command in '/home/agilex/krish_ws/build/object_detector' returned '0': PYTHONPATH=/home/agilex/krish_ws/build/object_detector/prefix_override:/home/agilex/krish_ws/install/object_detector/lib/python3.8/site-packages:${PYTHONPATH} /usr/bin/python3 setup.py develop --editable --build-directory /home/agilex/krish_ws/build/object_detector/build --no-deps install_data
