[16.907s] Invoking command in '/home/agilex/krish_ws/src/my_launch_pkg': PYTHONPATH=/home/agilex/krish_ws/build/my_launch_pkg/prefix_override:/home/agilex/krish_ws/install/my_launch_pkg/lib/python3.8/site-packages:${PYTHONPATH} /usr/bin/python3 setup.py egg_info --egg-base ../../build/my_launch_pkg build --build-base /home/agilex/krish_ws/build/my_launch_pkg/build install --record /home/agilex/krish_ws/build/my_launch_pkg/install.log --install-scripts $base/lib/my_launch_pkg --single-version-externally-managed
[17.309s] /home/agilex/.local/lib/python3.8/site-packages/setuptools/dist.py:476: SetuptoolsDeprecationWarning: Invalid dash-separated options
[17.309s] !!
[17.309s] 
[17.309s]         ********************************************************************************
[17.310s]         Usage of dash-separated 'script-dir' will not be supported in future
[17.310s]         versions. Please use the underscore name 'script_dir' instead.
[17.310s] 
[17.310s]         This deprecation is overdue, please update your project and remove deprecated
[17.310s]         calls to avoid build errors in the future.
[17.310s] 
[17.310s]         See https://setuptools.pypa.io/en/latest/userguide/declarative_config.html for details.
[17.310s]         ********************************************************************************
[17.311s] 
[17.311s] !!
[17.311s]   opt = self.warn_dash_deprecation(opt, section)
[17.597s] running egg_info
[17.646s] writing ../../build/my_launch_pkg/my_launch_pkg.egg-info/PKG-INFO
[17.647s] writing dependency_links to ../../build/my_launch_pkg/my_launch_pkg.egg-info/dependency_links.txt
[17.648s] writing requirements to ../../build/my_launch_pkg/my_launch_pkg.egg-info/requires.txt
[17.648s] writing top-level names to ../../build/my_launch_pkg/my_launch_pkg.egg-info/top_level.txt
[18.025s] reading manifest file '../../build/my_launch_pkg/my_launch_pkg.egg-info/SOURCES.txt'
[18.027s] writing manifest file '../../build/my_launch_pkg/my_launch_pkg.egg-info/SOURCES.txt'
[18.027s] running build
[18.027s] running build_py
[18.030s] copying my_launch_pkg/__init__.py -> /home/agilex/krish_ws/build/my_launch_pkg/build/lib/my_launch_pkg
[18.030s] running install
[18.031s] /home/agilex/.local/lib/python3.8/site-packages/setuptools/_distutils/cmd.py:66: SetuptoolsDeprecationWarning: setup.py install is deprecated.
[18.031s] !!
[18.031s] 
[18.031s]         ********************************************************************************
[18.031s]         Please avoid running ``setup.py`` directly.
[18.032s]         Instead, use pypa/build, pypa/installer or other
[18.032s]         standards-based tools.
[18.032s] 
[18.032s]         See https://blog.ganssle.io/articles/2021/10/setup-py-deprecated.html for details.
[18.032s]         ********************************************************************************
[18.032s] 
[18.032s] !!
[18.033s]   self.initialize_options()
[18.044s] running install_lib
[18.094s] running install_data
[18.138s] copying resource/my_launch_pkg -> /home/agilex/krish_ws/install/my_launch_pkg/share/ament_index/resource_index/packages
[18.139s] copying package.xml -> /home/agilex/krish_ws/install/my_launch_pkg/share/my_launch_pkg
[18.139s] copying launch/full_system.launch.py -> /home/agilex/krish_ws/install/my_launch_pkg/share/my_launch_pkg/launch
[18.140s] running install_egg_info
[18.190s] removing '/home/agilex/krish_ws/install/my_launch_pkg/lib/python3.8/site-packages/my_launch_pkg-0.0.0-py3.8.egg-info' (and everything under it)
[18.192s] Copying ../../build/my_launch_pkg/my_launch_pkg.egg-info to /home/agilex/krish_ws/install/my_launch_pkg/lib/python3.8/site-packages/my_launch_pkg-0.0.0-py3.8.egg-info
[18.195s] running install_scripts
[18.312s] writing list of installed files to '/home/agilex/krish_ws/build/my_launch_pkg/install.log'
[23.277s] Invoked command in '/home/agilex/krish_ws/src/my_launch_pkg' returned '0': PYTHONPATH=/home/agilex/krish_ws/build/my_launch_pkg/prefix_override:/home/agilex/krish_ws/install/my_launch_pkg/lib/python3.8/site-packages:${PYTHONPATH} /usr/bin/python3 setup.py egg_info --egg-base ../../build/my_launch_pkg build --build-base /home/agilex/krish_ws/build/my_launch_pkg/build install --record /home/agilex/krish_ws/build/my_launch_pkg/install.log --install-scripts $base/lib/my_launch_pkg --single-version-externally-managed
