[5.906s] Invoking command in '/home/agilex/krish_ws/src/object_detector': PYTHONPATH=/home/agilex/krish_ws/build/object_detector/prefix_override:/home/agilex/krish_ws/install/object_detector/lib/python3.8/site-packages:${PYTHONPATH} /usr/bin/python3 setup.py egg_info --egg-base ../../build/object_detector build --build-base /home/agilex/krish_ws/build/object_detector/build install --record /home/agilex/krish_ws/build/object_detector/install.log --install-scripts $base/lib/object_detector --single-version-externally-managed
[6.316s] /home/agilex/.local/lib/python3.8/site-packages/setuptools/dist.py:476: SetuptoolsDeprecationWarning: Invalid dash-separated options
[6.317s] !!
[6.317s] 
[6.317s]         ********************************************************************************
[6.317s]         Usage of dash-separated 'script-dir' will not be supported in future
[6.317s]         versions. Please use the underscore name 'script_dir' instead.
[6.317s] 
[6.317s]         This deprecation is overdue, please update your project and remove deprecated
[6.318s]         calls to avoid build errors in the future.
[6.318s] 
[6.318s]         See https://setuptools.pypa.io/en/latest/userguide/declarative_config.html for details.
[6.318s]         ********************************************************************************
[6.318s] 
[6.318s] !!
[6.318s]   opt = self.warn_dash_deprecation(opt, section)
[6.596s] running egg_info
[6.642s] writing ../../build/object_detector/object_detector.egg-info/PKG-INFO
[6.644s] writing dependency_links to ../../build/object_detector/object_detector.egg-info/dependency_links.txt
[6.645s] writing entry points to ../../build/object_detector/object_detector.egg-info/entry_points.txt
[6.645s] writing requirements to ../../build/object_detector/object_detector.egg-info/requires.txt
[6.645s] writing top-level names to ../../build/object_detector/object_detector.egg-info/top_level.txt
[7.010s] reading manifest file '../../build/object_detector/object_detector.egg-info/SOURCES.txt'
[7.012s] writing manifest file '../../build/object_detector/object_detector.egg-info/SOURCES.txt'
[7.012s] running build
[7.012s] running build_py
[7.012s] copying object_detector/__init__.py -> /home/agilex/krish_ws/build/object_detector/build/lib/object_detector
[7.013s] copying object_detector/object_detector.py -> /home/agilex/krish_ws/build/object_detector/build/lib/object_detector
[7.014s] copying object_detector/test.py -> /home/agilex/krish_ws/build/object_detector/build/lib/object_detector
[7.014s] copying object_detector/object_detector copy.py -> /home/agilex/krish_ws/build/object_detector/build/lib/object_detector
[7.015s] running install
[7.015s] /home/agilex/.local/lib/python3.8/site-packages/setuptools/_distutils/cmd.py:66: SetuptoolsDeprecationWarning: setup.py install is deprecated.
[7.016s] !!
[7.016s] 
[7.016s]         ********************************************************************************
[7.016s]         Please avoid running ``setup.py`` directly.
[7.016s]         Instead, use pypa/build, pypa/installer or other
[7.017s]         standards-based tools.
[7.017s] 
[7.017s]         See https://blog.ganssle.io/articles/2021/10/setup-py-deprecated.html for details.
[7.017s]         ********************************************************************************
[7.017s] 
[7.018s] !!
[7.018s]   self.initialize_options()
[7.028s] running install_lib
[7.074s] copying /home/agilex/krish_ws/build/object_detector/build/lib/object_detector/object_detector.py -> /home/agilex/krish_ws/install/object_detector/lib/python3.8/site-packages/object_detector
[7.077s] byte-compiling /home/agilex/krish_ws/install/object_detector/lib/python3.8/site-packages/object_detector/object_detector.py to object_detector.cpython-38.pyc
[7.082s] running install_data
[7.127s] copying resource/object_detector -> /home/agilex/krish_ws/install/object_detector/share/ament_index/resource_index/packages
[7.128s] copying package.xml -> /home/agilex/krish_ws/install/object_detector/share/object_detector
[7.128s] running install_egg_info
[7.176s] removing '/home/agilex/krish_ws/install/object_detector/lib/python3.8/site-packages/object_detector-0.0.0-py3.8.egg-info' (and everything under it)
[7.176s] Copying ../../build/object_detector/object_detector.egg-info to /home/agilex/krish_ws/install/object_detector/lib/python3.8/site-packages/object_detector-0.0.0-py3.8.egg-info
[7.179s] running install_scripts
[7.291s] Installing test script to /home/agilex/krish_ws/install/object_detector/lib/object_detector
[7.292s] Installing yolo_detector script to /home/agilex/krish_ws/install/object_detector/lib/object_detector
[7.293s] writing list of installed files to '/home/agilex/krish_ws/build/object_detector/install.log'
[7.391s] Invoked command in '/home/agilex/krish_ws/src/object_detector' returned '0': PYTHONPATH=/home/agilex/krish_ws/build/object_detector/prefix_override:/home/agilex/krish_ws/install/object_detector/lib/python3.8/site-packages:${PYTHONPATH} /usr/bin/python3 setup.py egg_info --egg-base ../../build/object_detector build --build-base /home/agilex/krish_ws/build/object_detector/build install --record /home/agilex/krish_ws/build/object_detector/install.log --install-scripts $base/lib/object_detector --single-version-externally-managed
