[5.739s] Invoking command in '/home/agilex/krish_ws/src/nav_handler': PYTHONPATH=/home/agilex/krish_ws/build/nav_handler/prefix_override:/home/agilex/krish_ws/install/nav_handler/lib/python3.8/site-packages:${PYTHONPATH} /usr/bin/python3 setup.py egg_info --egg-base ../../build/nav_handler build --build-base /home/agilex/krish_ws/build/nav_handler/build install --record /home/agilex/krish_ws/build/nav_handler/install.log --install-scripts $base/lib/nav_handler --single-version-externally-managed
[6.138s] /home/agilex/.local/lib/python3.8/site-packages/setuptools/dist.py:476: SetuptoolsDeprecationWarning: Invalid dash-separated options
[6.138s] !!
[6.138s] 
[6.138s]         ********************************************************************************
[6.138s]         Usage of dash-separated 'script-dir' will not be supported in future
[6.139s]         versions. Please use the underscore name 'script_dir' instead.
[6.139s] 
[6.139s]         This deprecation is overdue, please update your project and remove deprecated
[6.139s]         calls to avoid build errors in the future.
[6.139s] 
[6.139s]         See https://setuptools.pypa.io/en/latest/userguide/declarative_config.html for details.
[6.139s]         ********************************************************************************
[6.140s] 
[6.140s] !!
[6.140s]   opt = self.warn_dash_deprecation(opt, section)
[6.417s] running egg_info
[6.462s] writing ../../build/nav_handler/nav_handler.egg-info/PKG-INFO
[6.464s] writing dependency_links to ../../build/nav_handler/nav_handler.egg-info/dependency_links.txt
[6.465s] writing entry points to ../../build/nav_handler/nav_handler.egg-info/entry_points.txt
[6.465s] writing requirements to ../../build/nav_handler/nav_handler.egg-info/requires.txt
[6.465s] writing top-level names to ../../build/nav_handler/nav_handler.egg-info/top_level.txt
[6.824s] reading manifest file '../../build/nav_handler/nav_handler.egg-info/SOURCES.txt'
[6.826s] writing manifest file '../../build/nav_handler/nav_handler.egg-info/SOURCES.txt'
[6.827s] running build
[6.827s] running build_py
[6.828s] copying nav_handler/__init__.py -> /home/agilex/krish_ws/build/nav_handler/build/lib/nav_handler
[6.828s] copying nav_handler/pose_setter.py -> /home/agilex/krish_ws/build/nav_handler/build/lib/nav_handler
[6.829s] copying nav_handler/nav_handler.py -> /home/agilex/krish_ws/build/nav_handler/build/lib/nav_handler
[6.829s] running install
[6.830s] /home/agilex/.local/lib/python3.8/site-packages/setuptools/_distutils/cmd.py:66: SetuptoolsDeprecationWarning: setup.py install is deprecated.
[6.831s] !!
[6.831s] 
[6.831s]         ********************************************************************************
[6.831s]         Please avoid running ``setup.py`` directly.
[6.831s]         Instead, use pypa/build, pypa/installer or other
[6.831s]         standards-based tools.
[6.831s] 
[6.831s]         See https://blog.ganssle.io/articles/2021/10/setup-py-deprecated.html for details.
[6.832s]         ********************************************************************************
[6.832s] 
[6.832s] !!
[6.832s]   self.initialize_options()
[6.842s] running install_lib
[6.888s] copying /home/agilex/krish_ws/build/nav_handler/build/lib/nav_handler/nav_handler.py -> /home/agilex/krish_ws/install/nav_handler/lib/python3.8/site-packages/nav_handler
[6.890s] byte-compiling /home/agilex/krish_ws/install/nav_handler/lib/python3.8/site-packages/nav_handler/nav_handler.py to nav_handler.cpython-38.pyc
[6.894s] running install_data
[6.939s] copying resource/nav_handler -> /home/agilex/krish_ws/install/nav_handler/share/ament_index/resource_index/packages
[6.940s] copying package.xml -> /home/agilex/krish_ws/install/nav_handler/share/nav_handler
[6.940s] running install_egg_info
[6.990s] removing '/home/agilex/krish_ws/install/nav_handler/lib/python3.8/site-packages/nav_handler-0.0.0-py3.8.egg-info' (and everything under it)
[6.990s] Copying ../../build/nav_handler/nav_handler.egg-info to /home/agilex/krish_ws/install/nav_handler/lib/python3.8/site-packages/nav_handler-0.0.0-py3.8.egg-info
[6.993s] running install_scripts
[7.114s] Installing nav_handler script to /home/agilex/krish_ws/install/nav_handler/lib/nav_handler
[7.115s] Installing pose_setter script to /home/agilex/krish_ws/install/nav_handler/lib/nav_handler
[7.115s] writing list of installed files to '/home/agilex/krish_ws/build/nav_handler/install.log'
[7.202s] Invoked command in '/home/agilex/krish_ws/src/nav_handler' returned '0': PYTHONPATH=/home/agilex/krish_ws/build/nav_handler/prefix_override:/home/agilex/krish_ws/install/nav_handler/lib/python3.8/site-packages:${PYTHONPATH} /usr/bin/python3 setup.py egg_info --egg-base ../../build/nav_handler build --build-base /home/agilex/krish_ws/build/nav_handler/build install --record /home/agilex/krish_ws/build/nav_handler/install.log --install-scripts $base/lib/nav_handler --single-version-externally-managed
