[5.609s] Invoking command in '/home/agilex/krish_ws/src/object_detector': PYTHONPATH=/home/agilex/krish_ws/build/object_detector/prefix_override:/home/agilex/krish_ws/install/object_detector/lib/python3.8/site-packages:${PYTHONPATH} /usr/bin/python3 setup.py egg_info --egg-base ../../build/object_detector build --build-base /home/agilex/krish_ws/build/object_detector/build install --record /home/agilex/krish_ws/build/object_detector/install.log --install-scripts $base/lib/object_detector --single-version-externally-managed
[5.999s] /home/agilex/.local/lib/python3.8/site-packages/setuptools/dist.py:476: SetuptoolsDeprecationWarning: Invalid dash-separated options
[6.000s] !!
[6.000s] 
[6.000s]         ********************************************************************************
[6.000s]         Usage of dash-separated 'script-dir' will not be supported in future
[6.000s]         versions. Please use the underscore name 'script_dir' instead.
[6.000s] 
[6.001s]         This deprecation is overdue, please update your project and remove deprecated
[6.001s]         calls to avoid build errors in the future.
[6.001s] 
[6.001s]         See https://setuptools.pypa.io/en/latest/userguide/declarative_config.html for details.
[6.001s]         ********************************************************************************
[6.001s] 
[6.001s] !!
[6.001s]   opt = self.warn_dash_deprecation(opt, section)
[6.282s] running egg_info
[6.329s] writing ../../build/object_detector/object_detector.egg-info/PKG-INFO
[6.331s] writing dependency_links to ../../build/object_detector/object_detector.egg-info/dependency_links.txt
[6.333s] writing entry points to ../../build/object_detector/object_detector.egg-info/entry_points.txt
[6.334s] writing requirements to ../../build/object_detector/object_detector.egg-info/requires.txt
[6.334s] writing top-level names to ../../build/object_detector/object_detector.egg-info/top_level.txt
[6.691s] reading manifest file '../../build/object_detector/object_detector.egg-info/SOURCES.txt'
[6.694s] writing manifest file '../../build/object_detector/object_detector.egg-info/SOURCES.txt'
[6.694s] running build
[6.694s] running build_py
[6.696s] copying object_detector/__init__.py -> /home/agilex/krish_ws/build/object_detector/build/lib/object_detector
[6.696s] copying object_detector/object_detector.py -> /home/agilex/krish_ws/build/object_detector/build/lib/object_detector
[6.696s] copying object_detector/test.py -> /home/agilex/krish_ws/build/object_detector/build/lib/object_detector
[6.697s] running install
[6.698s] /home/agilex/.local/lib/python3.8/site-packages/setuptools/_distutils/cmd.py:66: SetuptoolsDeprecationWarning: setup.py install is deprecated.
[6.698s] !!
[6.699s] 
[6.699s]         ********************************************************************************
[6.699s]         Please avoid running ``setup.py`` directly.
[6.699s]         Instead, use pypa/build, pypa/installer or other
[6.699s]         standards-based tools.
[6.700s] 
[6.700s]         See https://blog.ganssle.io/articles/2021/10/setup-py-deprecated.html for details.
[6.700s]         ********************************************************************************
[6.700s] 
[6.700s] !!
[6.701s]   self.initialize_options()
[6.711s] running install_lib
[6.756s] copying /home/agilex/krish_ws/build/object_detector/build/lib/object_detector/object_detector.py -> /home/agilex/krish_ws/install/object_detector/lib/python3.8/site-packages/object_detector
[6.758s] byte-compiling /home/agilex/krish_ws/install/object_detector/lib/python3.8/site-packages/object_detector/object_detector.py to object_detector.cpython-38.pyc
[6.761s] running install_data
[6.806s] copying resource/object_detector -> /home/agilex/krish_ws/install/object_detector/share/ament_index/resource_index/packages
[6.807s] copying package.xml -> /home/agilex/krish_ws/install/object_detector/share/object_detector
[6.807s] running install_egg_info
[6.854s] removing '/home/agilex/krish_ws/install/object_detector/lib/python3.8/site-packages/object_detector-0.0.0-py3.8.egg-info' (and everything under it)
[6.855s] Copying ../../build/object_detector/object_detector.egg-info to /home/agilex/krish_ws/install/object_detector/lib/python3.8/site-packages/object_detector-0.0.0-py3.8.egg-info
[6.857s] running install_scripts
[6.967s] Installing test script to /home/agilex/krish_ws/install/object_detector/lib/object_detector
[6.968s] Installing yolo_detector script to /home/agilex/krish_ws/install/object_detector/lib/object_detector
[6.969s] writing list of installed files to '/home/agilex/krish_ws/build/object_detector/install.log'
[7.053s] Invoked command in '/home/agilex/krish_ws/src/object_detector' returned '0': PYTHONPATH=/home/agilex/krish_ws/build/object_detector/prefix_override:/home/agilex/krish_ws/install/object_detector/lib/python3.8/site-packages:${PYTHONPATH} /usr/bin/python3 setup.py egg_info --egg-base ../../build/object_detector build --build-base /home/agilex/krish_ws/build/object_detector/build install --record /home/agilex/krish_ws/build/object_detector/install.log --install-scripts $base/lib/object_detector --single-version-externally-managed
