[5.796s] Invoking command in '/home/agilex/krish_ws/src/object_detector': PYTHONPATH=/home/agilex/krish_ws/build/object_detector/prefix_override:/home/agilex/krish_ws/install/object_detector/lib/python3.8/site-packages:${PYTHONPATH} /usr/bin/python3 setup.py egg_info --egg-base ../../build/object_detector build --build-base /home/agilex/krish_ws/build/object_detector/build install --record /home/agilex/krish_ws/build/object_detector/install.log --install-scripts $base/lib/object_detector --single-version-externally-managed
[6.193s] /home/agilex/.local/lib/python3.8/site-packages/setuptools/dist.py:476: SetuptoolsDeprecationWarning: Invalid dash-separated options
[6.194s] !!
[6.195s] 
[6.195s]         ********************************************************************************
[6.195s]         Usage of dash-separated 'script-dir' will not be supported in future
[6.195s]         versions. Please use the underscore name 'script_dir' instead.
[6.195s] 
[6.196s]         This deprecation is overdue, please update your project and remove deprecated
[6.196s]         calls to avoid build errors in the future.
[6.196s] 
[6.196s]         See https://setuptools.pypa.io/en/latest/userguide/declarative_config.html for details.
[6.196s]         ********************************************************************************
[6.197s] 
[6.197s] !!
[6.197s]   opt = self.warn_dash_deprecation(opt, section)
[6.475s] running egg_info
[6.523s] writing ../../build/object_detector/object_detector.egg-info/PKG-INFO
[6.524s] writing dependency_links to ../../build/object_detector/object_detector.egg-info/dependency_links.txt
[6.524s] writing entry points to ../../build/object_detector/object_detector.egg-info/entry_points.txt
[6.525s] writing requirements to ../../build/object_detector/object_detector.egg-info/requires.txt
[6.525s] writing top-level names to ../../build/object_detector/object_detector.egg-info/top_level.txt
[6.883s] reading manifest file '../../build/object_detector/object_detector.egg-info/SOURCES.txt'
[6.885s] writing manifest file '../../build/object_detector/object_detector.egg-info/SOURCES.txt'
[6.886s] running build
[6.886s] running build_py
[6.887s] copying object_detector/__init__.py -> /home/agilex/krish_ws/build/object_detector/build/lib/object_detector
[6.887s] copying object_detector/object_detector.py -> /home/agilex/krish_ws/build/object_detector/build/lib/object_detector
[6.887s] copying object_detector/test.py -> /home/agilex/krish_ws/build/object_detector/build/lib/object_detector
[6.888s] running install
[6.889s] /home/agilex/.local/lib/python3.8/site-packages/setuptools/_distutils/cmd.py:66: SetuptoolsDeprecationWarning: setup.py install is deprecated.
[6.889s] !!
[6.889s] 
[6.889s]         ********************************************************************************
[6.890s]         Please avoid running ``setup.py`` directly.
[6.890s]         Instead, use pypa/build, pypa/installer or other
[6.890s]         standards-based tools.
[6.890s] 
[6.890s]         See https://blog.ganssle.io/articles/2021/10/setup-py-deprecated.html for details.
[6.890s]         ********************************************************************************
[6.890s] 
[6.890s] !!
[6.890s]   self.initialize_options()
[6.902s] running install_lib
[6.948s] copying /home/agilex/krish_ws/build/object_detector/build/lib/object_detector/object_detector.py -> /home/agilex/krish_ws/install/object_detector/lib/python3.8/site-packages/object_detector
[6.950s] byte-compiling /home/agilex/krish_ws/install/object_detector/lib/python3.8/site-packages/object_detector/object_detector.py to object_detector.cpython-38.pyc
[6.953s] running install_data
[6.999s] copying resource/object_detector -> /home/agilex/krish_ws/install/object_detector/share/ament_index/resource_index/packages
[6.999s] copying package.xml -> /home/agilex/krish_ws/install/object_detector/share/object_detector
[7.000s] running install_egg_info
[7.048s] removing '/home/agilex/krish_ws/install/object_detector/lib/python3.8/site-packages/object_detector-0.0.0-py3.8.egg-info' (and everything under it)
[7.048s] Copying ../../build/object_detector/object_detector.egg-info to /home/agilex/krish_ws/install/object_detector/lib/python3.8/site-packages/object_detector-0.0.0-py3.8.egg-info
[7.050s] running install_scripts
[7.163s] Installing test script to /home/agilex/krish_ws/install/object_detector/lib/object_detector
[7.164s] Installing yolo_detector script to /home/agilex/krish_ws/install/object_detector/lib/object_detector
[7.164s] writing list of installed files to '/home/agilex/krish_ws/build/object_detector/install.log'
[7.258s] Invoked command in '/home/agilex/krish_ws/src/object_detector' returned '0': PYTHONPATH=/home/agilex/krish_ws/build/object_detector/prefix_override:/home/agilex/krish_ws/install/object_detector/lib/python3.8/site-packages:${PYTHONPATH} /usr/bin/python3 setup.py egg_info --egg-base ../../build/object_detector build --build-base /home/agilex/krish_ws/build/object_detector/build install --record /home/agilex/krish_ws/build/object_detector/install.log --install-scripts $base/lib/object_detector --single-version-externally-managed
