running egg_info
writing ../../build/object_search/object_search.egg-info/PKG-INFO
writing dependency_links to ../../build/object_search/object_search.egg-info/dependency_links.txt
writing entry points to ../../build/object_search/object_search.egg-info/entry_points.txt
writing requirements to ../../build/object_search/object_search.egg-info/requires.txt
writing top-level names to ../../build/object_search/object_search.egg-info/top_level.txt
reading manifest file '../../build/object_search/object_search.egg-info/SOURCES.txt'
writing manifest file '../../build/object_search/object_search.egg-info/SOURCES.txt'
running build
running build_py
copying object_search/__init__.py -> /home/agilex/krish_ws/build/object_search/build/lib/object_search
copying object_search/simple_explorer.py -> /home/agilex/krish_ws/build/object_search/build/lib/object_search
running install
running install_lib
running install_data
copying resource/object_search -> /home/agilex/krish_ws/install/object_search/share/ament_index/resource_index/packages
copying package.xml -> /home/agilex/krish_ws/install/object_search/share/object_search
running install_egg_info
removing '/home/agilex/krish_ws/install/object_search/lib/python3.8/site-packages/object_search-0.0.0-py3.8.egg-info' (and everything under it)
Copying ../../build/object_search/object_search.egg-info to /home/agilex/krish_ws/install/object_search/lib/python3.8/site-packages/object_search-0.0.0-py3.8.egg-info
running install_scripts
Installing simple_explorer script to /home/agilex/krish_ws/install/object_search/lib/object_search
writing list of installed files to '/home/agilex/krish_ws/build/object_search/install.log'
