[5.555s] Invoking command in '/home/agilex/krish_ws/src/nav_handler': PYTHONPATH=/home/agilex/krish_ws/build/nav_handler/prefix_override:/home/agilex/krish_ws/install/nav_handler/lib/python3.8/site-packages:${PYTHONPATH} /usr/bin/python3 setup.py egg_info --egg-base ../../build/nav_handler build --build-base /home/agilex/krish_ws/build/nav_handler/build install --record /home/agilex/krish_ws/build/nav_handler/install.log --install-scripts $base/lib/nav_handler --single-version-externally-managed
[5.975s] /home/agilex/.local/lib/python3.8/site-packages/setuptools/dist.py:476: SetuptoolsDeprecationWarning: Invalid dash-separated options
[5.975s] !!
[5.975s] 
[5.975s]         ********************************************************************************
[5.976s]         Usage of dash-separated 'script-dir' will not be supported in future
[5.976s]         versions. Please use the underscore name 'script_dir' instead.
[5.976s] 
[5.976s]         This deprecation is overdue, please update your project and remove deprecated
[5.976s]         calls to avoid build errors in the future.
[5.976s] 
[5.976s]         See https://setuptools.pypa.io/en/latest/userguide/declarative_config.html for details.
[5.976s]         ********************************************************************************
[5.977s] 
[5.977s] !!
[5.977s]   opt = self.warn_dash_deprecation(opt, section)
[6.283s] running egg_info
[6.335s] writing ../../build/nav_handler/nav_handler.egg-info/PKG-INFO
[6.336s] writing dependency_links to ../../build/nav_handler/nav_handler.egg-info/dependency_links.txt
[6.337s] writing entry points to ../../build/nav_handler/nav_handler.egg-info/entry_points.txt
[6.337s] writing requirements to ../../build/nav_handler/nav_handler.egg-info/requires.txt
[6.338s] writing top-level names to ../../build/nav_handler/nav_handler.egg-info/top_level.txt
[6.727s] reading manifest file '../../build/nav_handler/nav_handler.egg-info/SOURCES.txt'
[6.729s] writing manifest file '../../build/nav_handler/nav_handler.egg-info/SOURCES.txt'
[6.729s] running build
[6.730s] running build_py
[6.730s] copying nav_handler/__init__.py -> /home/agilex/krish_ws/build/nav_handler/build/lib/nav_handler
[6.731s] copying nav_handler/manual_object_nav_test.py -> /home/agilex/krish_ws/build/nav_handler/build/lib/nav_handler
[6.731s] copying nav_handler/pose_setter.py -> /home/agilex/krish_ws/build/nav_handler/build/lib/nav_handler
[6.732s] copying nav_handler/nav_handler.py -> /home/agilex/krish_ws/build/nav_handler/build/lib/nav_handler
[6.732s] running install
[6.733s] /home/agilex/.local/lib/python3.8/site-packages/setuptools/_distutils/cmd.py:66: SetuptoolsDeprecationWarning: setup.py install is deprecated.
[6.733s] !!
[6.733s] 
[6.734s]         ********************************************************************************
[6.734s]         Please avoid running ``setup.py`` directly.
[6.734s]         Instead, use pypa/build, pypa/installer or other
[6.734s]         standards-based tools.
[6.734s] 
[6.734s]         See https://blog.ganssle.io/articles/2021/10/setup-py-deprecated.html for details.
[6.735s]         ********************************************************************************
[6.735s] 
[6.735s] !!
[6.735s]   self.initialize_options()
[6.745s] running install_lib
[6.792s] copying /home/agilex/krish_ws/build/nav_handler/build/lib/nav_handler/manual_object_nav_test.py -> /home/agilex/krish_ws/install/nav_handler/lib/python3.8/site-packages/nav_handler
[6.792s] copying /home/agilex/krish_ws/build/nav_handler/build/lib/nav_handler/nav_handler.py -> /home/agilex/krish_ws/install/nav_handler/lib/python3.8/site-packages/nav_handler
[6.794s] byte-compiling /home/agilex/krish_ws/install/nav_handler/lib/python3.8/site-packages/nav_handler/manual_object_nav_test.py to manual_object_nav_test.cpython-38.pyc
[6.796s] byte-compiling /home/agilex/krish_ws/install/nav_handler/lib/python3.8/site-packages/nav_handler/nav_handler.py to nav_handler.cpython-38.pyc
[6.799s] running install_data
[6.845s] copying resource/nav_handler -> /home/agilex/krish_ws/install/nav_handler/share/ament_index/resource_index/packages
[6.845s] copying package.xml -> /home/agilex/krish_ws/install/nav_handler/share/nav_handler
[6.845s] running install_egg_info
[6.893s] removing '/home/agilex/krish_ws/install/nav_handler/lib/python3.8/site-packages/nav_handler-0.0.0-py3.8.egg-info' (and everything under it)
[6.894s] Copying ../../build/nav_handler/nav_handler.egg-info to /home/agilex/krish_ws/install/nav_handler/lib/python3.8/site-packages/nav_handler-0.0.0-py3.8.egg-info
[6.897s] running install_scripts
[7.008s] Installing nav_handler script to /home/agilex/krish_ws/install/nav_handler/lib/nav_handler
[7.008s] Installing pose_setter script to /home/agilex/krish_ws/install/nav_handler/lib/nav_handler
[7.008s] Installing test script to /home/agilex/krish_ws/install/nav_handler/lib/nav_handler
[7.009s] writing list of installed files to '/home/agilex/krish_ws/build/nav_handler/install.log'
[7.098s] Invoked command in '/home/agilex/krish_ws/src/nav_handler' returned '0': PYTHONPATH=/home/agilex/krish_ws/build/nav_handler/prefix_override:/home/agilex/krish_ws/install/nav_handler/lib/python3.8/site-packages:${PYTHONPATH} /usr/bin/python3 setup.py egg_info --egg-base ../../build/nav_handler build --build-base /home/agilex/krish_ws/build/nav_handler/build install --record /home/agilex/krish_ws/build/nav_handler/install.log --install-scripts $base/lib/nav_handler --single-version-externally-managed
