running egg_info
writing ../../build/nav_handler/nav_handler.egg-info/PKG-INFO
writing dependency_links to ../../build/nav_handler/nav_handler.egg-info/dependency_links.txt
writing entry points to ../../build/nav_handler/nav_handler.egg-info/entry_points.txt
writing requirements to ../../build/nav_handler/nav_handler.egg-info/requires.txt
writing top-level names to ../../build/nav_handler/nav_handler.egg-info/top_level.txt
reading manifest file '../../build/nav_handler/nav_handler.egg-info/SOURCES.txt'
writing manifest file '../../build/nav_handler/nav_handler.egg-info/SOURCES.txt'
running build
running build_py
copying nav_handler/__init__.py -> /home/agilex/krish_ws/build/nav_handler/build/lib/nav_handler
copying nav_handler/manual_object_nav_test.py -> /home/agilex/krish_ws/build/nav_handler/build/lib/nav_handler
copying nav_handler/pose_setter.py -> /home/agilex/krish_ws/build/nav_handler/build/lib/nav_handler
copying nav_handler/nav_handler.py -> /home/agilex/krish_ws/build/nav_handler/build/lib/nav_handler
running install
running install_lib
running install_data
copying resource/nav_handler -> /home/agilex/krish_ws/install/nav_handler/share/ament_index/resource_index/packages
copying package.xml -> /home/agilex/krish_ws/install/nav_handler/share/nav_handler
running install_egg_info
removing '/home/agilex/krish_ws/install/nav_handler/lib/python3.8/site-packages/nav_handler-0.0.0-py3.8.egg-info' (and everything under it)
Copying ../../build/nav_handler/nav_handler.egg-info to /home/agilex/krish_ws/install/nav_handler/lib/python3.8/site-packages/nav_handler-0.0.0-py3.8.egg-info
running install_scripts
Installing nav_handler script to /home/agilex/krish_ws/install/nav_handler/lib/nav_handler
Installing pose_setter script to /home/agilex/krish_ws/install/nav_handler/lib/nav_handler
Installing test script to /home/agilex/krish_ws/install/nav_handler/lib/nav_handler
writing list of installed files to '/home/agilex/krish_ws/build/nav_handler/install.log'
