[15.665s] Invoking command in '/home/agilex/krish_ws/src/mycobot_arm': PYTHONPATH=/home/agilex/krish_ws/build/mycobot_arm/prefix_override:/home/agilex/krish_ws/install/mycobot_arm/lib/python3.8/site-packages:${PYTHONPATH} /usr/bin/python3 setup.py egg_info --egg-base ../../build/mycobot_arm build --build-base /home/agilex/krish_ws/build/mycobot_arm/build install --record /home/agilex/krish_ws/build/mycobot_arm/install.log --install-scripts $base/lib/mycobot_arm --single-version-externally-managed
[16.166s] /home/agilex/.local/lib/python3.8/site-packages/setuptools/dist.py:476: SetuptoolsDeprecationWarning: Invalid dash-separated options
[16.167s] !!
[16.167s] 
[16.167s]         ********************************************************************************
[16.167s]         Usage of dash-separated 'script-dir' will not be supported in future
[16.167s]         versions. Please use the underscore name 'script_dir' instead.
[16.167s] 
[16.167s]         This deprecation is overdue, please update your project and remove deprecated
[16.168s]         calls to avoid build errors in the future.
[16.168s] 
[16.168s]         See https://setuptools.pypa.io/en/latest/userguide/declarative_config.html for details.
[16.168s]         ********************************************************************************
[16.168s] 
[16.168s] !!
[16.168s]   opt = self.warn_dash_deprecation(opt, section)
[16.471s] running egg_info
[16.517s] writing ../../build/mycobot_arm/mycobot_arm.egg-info/PKG-INFO
[16.519s] writing dependency_links to ../../build/mycobot_arm/mycobot_arm.egg-info/dependency_links.txt
[16.519s] writing entry points to ../../build/mycobot_arm/mycobot_arm.egg-info/entry_points.txt
[16.519s] writing requirements to ../../build/mycobot_arm/mycobot_arm.egg-info/requires.txt
[16.520s] writing top-level names to ../../build/mycobot_arm/mycobot_arm.egg-info/top_level.txt
[16.879s] reading manifest file '../../build/mycobot_arm/mycobot_arm.egg-info/SOURCES.txt'
[16.883s] writing manifest file '../../build/mycobot_arm/mycobot_arm.egg-info/SOURCES.txt'
[16.883s] running build
[16.883s] running build_py
[16.884s] copying mycobot_arm/drop_node.py -> /home/agilex/krish_ws/build/mycobot_arm/build/lib/mycobot_arm
[16.885s] copying mycobot_arm/__init__.py -> /home/agilex/krish_ws/build/mycobot_arm/build/lib/mycobot_arm
[16.885s] copying mycobot_arm/pick_node.py -> /home/agilex/krish_ws/build/mycobot_arm/build/lib/mycobot_arm
[16.887s] running install
[16.888s] /home/agilex/.local/lib/python3.8/site-packages/setuptools/_distutils/cmd.py:66: SetuptoolsDeprecationWarning: setup.py install is deprecated.
[16.888s] !!
[16.888s] 
[16.888s]         ********************************************************************************
[16.888s]         Please avoid running ``setup.py`` directly.
[16.888s]         Instead, use pypa/build, pypa/installer or other
[16.889s]         standards-based tools.
[16.889s] 
[16.891s]         See https://blog.ganssle.io/articles/2021/10/setup-py-deprecated.html for details.
[16.891s]         ********************************************************************************
[16.891s] 
[16.891s] !!
[16.892s]   self.initialize_options()
[16.908s] running install_lib
[16.963s] running install_data
[17.011s] copying resource/mycobot_arm -> /home/agilex/krish_ws/install/mycobot_arm/share/ament_index/resource_index/packages
[17.011s] copying package.xml -> /home/agilex/krish_ws/install/mycobot_arm/share/mycobot_arm
[17.011s] running install_egg_info
[17.064s] removing '/home/agilex/krish_ws/install/mycobot_arm/lib/python3.8/site-packages/mycobot_arm-0.0.0-py3.8.egg-info' (and everything under it)
[17.065s] Copying ../../build/mycobot_arm/mycobot_arm.egg-info to /home/agilex/krish_ws/install/mycobot_arm/lib/python3.8/site-packages/mycobot_arm-0.0.0-py3.8.egg-info
[17.069s] running install_scripts
[17.212s] Installing drop_node script to /home/agilex/krish_ws/install/mycobot_arm/lib/mycobot_arm
[17.213s] Installing pick_node script to /home/agilex/krish_ws/install/mycobot_arm/lib/mycobot_arm
[17.213s] writing list of installed files to '/home/agilex/krish_ws/build/mycobot_arm/install.log'
[22.086s] Invoked command in '/home/agilex/krish_ws/src/mycobot_arm' returned '0': PYTHONPATH=/home/agilex/krish_ws/build/mycobot_arm/prefix_override:/home/agilex/krish_ws/install/mycobot_arm/lib/python3.8/site-packages:${PYTHONPATH} /usr/bin/python3 setup.py egg_info --egg-base ../../build/mycobot_arm build --build-base /home/agilex/krish_ws/build/mycobot_arm/build install --record /home/agilex/krish_ws/build/mycobot_arm/install.log --install-scripts $base/lib/mycobot_arm --single-version-externally-managed
