[14.216s] Invoking command in '/home/agilex/krish_ws/build/object_detector': PYTHONPATH=/home/agilex/krish_ws/build/object_detector/prefix_override:/home/agilex/krish_ws/install/object_detector/lib/python3.8/site-packages:${PYTHONPATH} /usr/bin/python3 setup.py develop --editable --build-directory /home/agilex/krish_ws/build/object_detector/build --no-deps install_data
[14.734s] /home/agilex/.local/lib/python3.8/site-packages/setuptools/dist.py:476: SetuptoolsDeprecationWarning: Invalid dash-separated options
[14.734s] !!
[14.734s] 
[14.734s]         ********************************************************************************
[14.735s]         Usage of dash-separated 'script-dir' will not be supported in future
[14.735s]         versions. Please use the underscore name 'script_dir' instead.
[14.735s] 
[14.735s]         This deprecation is overdue, please update your project and remove deprecated
[14.735s]         calls to avoid build errors in the future.
[14.735s] 
[14.735s]         See https://setuptools.pypa.io/en/latest/userguide/declarative_config.html for details.
[14.735s]         ********************************************************************************
[14.736s] 
[14.736s] !!
[14.739s]   opt = self.warn_dash_deprecation(opt, section)
[15.363s] running develop
[15.364s] /home/agilex/.local/lib/python3.8/site-packages/setuptools/command/develop.py:40: EasyInstallDeprecationWarning: easy_install command is deprecated.
[15.364s] !!
[15.365s] 
[15.365s]         ********************************************************************************
[15.365s]         Please avoid running ``setup.py`` and ``easy_install``.
[15.365s]         Instead, use pypa/build, pypa/installer or other
[15.365s]         standards-based tools.
[15.365s] 
[15.365s]         See https://github.com/pypa/setuptools/issues/917 for details.
[15.366s]         ********************************************************************************
[15.366s] 
[15.366s] !!
[15.366s]   easy_install.initialize_options(self)
[15.463s] /home/agilex/.local/lib/python3.8/site-packages/setuptools/_distutils/cmd.py:66: SetuptoolsDeprecationWarning: setup.py install is deprecated.
[15.463s] !!
[15.464s] 
[15.464s]         ********************************************************************************
[15.464s]         Please avoid running ``setup.py`` directly.
[15.464s]         Instead, use pypa/build, pypa/installer or other
[15.464s]         standards-based tools.
[15.464s] 
[15.464s]         See https://blog.ganssle.io/articles/2021/10/setup-py-deprecated.html for details.
[15.465s]         ********************************************************************************
[15.465s] 
[15.465s] !!
[15.465s]   self.initialize_options()
[15.976s] running egg_info
[16.020s] writing object_detector.egg-info/PKG-INFO
[16.023s] writing dependency_links to object_detector.egg-info/dependency_links.txt
[16.026s] writing entry points to object_detector.egg-info/entry_points.txt
[16.027s] writing requirements to object_detector.egg-info/requires.txt
[16.028s] writing top-level names to object_detector.egg-info/top_level.txt
[16.156s] reading manifest file 'object_detector.egg-info/SOURCES.txt'
[16.160s] writing manifest file 'object_detector.egg-info/SOURCES.txt'
[16.461s] running build_ext
[16.473s] Creating /home/agilex/krish_ws/install/object_detector/lib/python3.8/site-packages/object-detector.egg-link (link to .)
[16.474s] Installing yolo_detector script to /home/agilex/krish_ws/install/object_detector/lib/object_detector
[16.474s] 
[16.475s] Installed /home/agilex/krish_ws/build/object_detector
[16.476s] running install_data
[16.476s] copying resource/object_detector -> /home/agilex/krish_ws/install/object_detector/share/ament_index/resource_index/packages
[16.476s] copying package.xml -> /home/agilex/krish_ws/install/object_detector/share/object_detector
[18.789s] Invoked command in '/home/agilex/krish_ws/build/object_detector' returned '0': PYTHONPATH=/home/agilex/krish_ws/build/object_detector/prefix_override:/home/agilex/krish_ws/install/object_detector/lib/python3.8/site-packages:${PYTHONPATH} /usr/bin/python3 setup.py develop --editable --build-directory /home/agilex/krish_ws/build/object_detector/build --no-deps install_data
