[16.934s] Invoking command in '/home/agilex/krish_ws/src/my_launch_pkg': PYTHONPATH=/home/agilex/krish_ws/build/my_launch_pkg/prefix_override:/home/agilex/krish_ws/install/my_launch_pkg/lib/python3.8/site-packages:${PYTHONPATH} /usr/bin/python3 setup.py egg_info --egg-base ../../build/my_launch_pkg build --build-base /home/agilex/krish_ws/build/my_launch_pkg/build install --record /home/agilex/krish_ws/build/my_launch_pkg/install.log --install-scripts $base/lib/my_launch_pkg --single-version-externally-managed
[17.360s] /home/agilex/.local/lib/python3.8/site-packages/setuptools/dist.py:476: SetuptoolsDeprecationWarning: Invalid dash-separated options
[17.360s] !!
[17.361s] 
[17.361s]         ********************************************************************************
[17.361s]         Usage of dash-separated 'script-dir' will not be supported in future
[17.361s]         versions. Please use the underscore name 'script_dir' instead.
[17.362s] 
[17.362s]         This deprecation is overdue, please update your project and remove deprecated
[17.362s]         calls to avoid build errors in the future.
[17.362s] 
[17.362s]         See https://setuptools.pypa.io/en/latest/userguide/declarative_config.html for details.
[17.363s]         ********************************************************************************
[17.363s] 
[17.363s] !!
[17.363s]   opt = self.warn_dash_deprecation(opt, section)
[17.651s] running egg_info
[17.652s] creating ../../build/my_launch_pkg/my_launch_pkg.egg-info
[17.699s] writing ../../build/my_launch_pkg/my_launch_pkg.egg-info/PKG-INFO
[17.700s] writing dependency_links to ../../build/my_launch_pkg/my_launch_pkg.egg-info/dependency_links.txt
[17.701s] writing requirements to ../../build/my_launch_pkg/my_launch_pkg.egg-info/requires.txt
[17.701s] writing top-level names to ../../build/my_launch_pkg/my_launch_pkg.egg-info/top_level.txt
[17.993s] writing manifest file '../../build/my_launch_pkg/my_launch_pkg.egg-info/SOURCES.txt'
[18.088s] reading manifest file '../../build/my_launch_pkg/my_launch_pkg.egg-info/SOURCES.txt'
[18.090s] writing manifest file '../../build/my_launch_pkg/my_launch_pkg.egg-info/SOURCES.txt'
[18.090s] running build
[18.090s] running build_py
[18.091s] creating /home/agilex/krish_ws/build/my_launch_pkg/build
[18.092s] creating /home/agilex/krish_ws/build/my_launch_pkg/build/lib
[18.092s] creating /home/agilex/krish_ws/build/my_launch_pkg/build/lib/my_launch_pkg
[18.094s] copying my_launch_pkg/__init__.py -> /home/agilex/krish_ws/build/my_launch_pkg/build/lib/my_launch_pkg
[18.094s] running install
[18.095s] /home/agilex/.local/lib/python3.8/site-packages/setuptools/_distutils/cmd.py:66: SetuptoolsDeprecationWarning: setup.py install is deprecated.
[18.095s] !!
[18.095s] 
[18.095s]         ********************************************************************************
[18.095s]         Please avoid running ``setup.py`` directly.
[18.095s]         Instead, use pypa/build, pypa/installer or other
[18.095s]         standards-based tools.
[18.095s] 
[18.096s]         See https://blog.ganssle.io/articles/2021/10/setup-py-deprecated.html for details.
[18.096s]         ********************************************************************************
[18.096s] 
[18.096s] !!
[18.096s]   self.initialize_options()
[18.104s] running install_lib
[18.155s] creating /home/agilex/krish_ws/install/my_launch_pkg/lib/python3.8/site-packages/my_launch_pkg
[18.156s] copying /home/agilex/krish_ws/build/my_launch_pkg/build/lib/my_launch_pkg/__init__.py -> /home/agilex/krish_ws/install/my_launch_pkg/lib/python3.8/site-packages/my_launch_pkg
[18.156s] byte-compiling /home/agilex/krish_ws/install/my_launch_pkg/lib/python3.8/site-packages/my_launch_pkg/__init__.py to __init__.cpython-38.pyc
[18.157s] running install_data
[18.202s] creating /home/agilex/krish_ws/install/my_launch_pkg/share/ament_index
[18.203s] creating /home/agilex/krish_ws/install/my_launch_pkg/share/ament_index/resource_index
[18.204s] creating /home/agilex/krish_ws/install/my_launch_pkg/share/ament_index/resource_index/packages
[18.204s] copying resource/my_launch_pkg -> /home/agilex/krish_ws/install/my_launch_pkg/share/ament_index/resource_index/packages
[18.205s] copying package.xml -> /home/agilex/krish_ws/install/my_launch_pkg/share/my_launch_pkg
[18.206s] creating /home/agilex/krish_ws/install/my_launch_pkg/share/my_launch_pkg/launch
[18.206s] copying launch/full_system.launch.py -> /home/agilex/krish_ws/install/my_launch_pkg/share/my_launch_pkg/launch
[18.208s] running install_egg_info
[18.258s] Copying ../../build/my_launch_pkg/my_launch_pkg.egg-info to /home/agilex/krish_ws/install/my_launch_pkg/lib/python3.8/site-packages/my_launch_pkg-0.0.0-py3.8.egg-info
[18.261s] running install_scripts
[18.386s] writing list of installed files to '/home/agilex/krish_ws/build/my_launch_pkg/install.log'
[19.046s] Invoked command in '/home/agilex/krish_ws/src/my_launch_pkg' returned '0': PYTHONPATH=/home/agilex/krish_ws/build/my_launch_pkg/prefix_override:/home/agilex/krish_ws/install/my_launch_pkg/lib/python3.8/site-packages:${PYTHONPATH} /usr/bin/python3 setup.py egg_info --egg-base ../../build/my_launch_pkg build --build-base /home/agilex/krish_ws/build/my_launch_pkg/build install --record /home/agilex/krish_ws/build/my_launch_pkg/install.log --install-scripts $base/lib/my_launch_pkg --single-version-externally-managed
