[5.856s] Invoking command in '/home/agilex/krish_ws/src/object_detector': PYTHONPATH=/home/agilex/krish_ws/build/object_detector/prefix_override:/home/agilex/krish_ws/install/object_detector/lib/python3.8/site-packages:${PYTHONPATH} /usr/bin/python3 setup.py egg_info --egg-base ../../build/object_detector build --build-base /home/agilex/krish_ws/build/object_detector/build install --record /home/agilex/krish_ws/build/object_detector/install.log --install-scripts $base/lib/object_detector --single-version-externally-managed
[6.326s] /home/agilex/.local/lib/python3.8/site-packages/setuptools/dist.py:476: SetuptoolsDeprecationWarning: Invalid dash-separated options
[6.326s] !!
[6.327s] 
[6.327s]         ********************************************************************************
[6.327s]         Usage of dash-separated 'script-dir' will not be supported in future
[6.327s]         versions. Please use the underscore name 'script_dir' instead.
[6.327s] 
[6.327s]         This deprecation is overdue, please update your project and remove deprecated
[6.327s]         calls to avoid build errors in the future.
[6.328s] 
[6.328s]         See https://setuptools.pypa.io/en/latest/userguide/declarative_config.html for details.
[6.328s]         ********************************************************************************
[6.328s] 
[6.328s] !!
[6.328s]   opt = self.warn_dash_deprecation(opt, section)
[6.662s] running egg_info
[6.717s] writing ../../build/object_detector/object_detector.egg-info/PKG-INFO
[6.718s] writing dependency_links to ../../build/object_detector/object_detector.egg-info/dependency_links.txt
[6.718s] writing entry points to ../../build/object_detector/object_detector.egg-info/entry_points.txt
[6.719s] writing requirements to ../../build/object_detector/object_detector.egg-info/requires.txt
[6.719s] writing top-level names to ../../build/object_detector/object_detector.egg-info/top_level.txt
[7.125s] reading manifest file '../../build/object_detector/object_detector.egg-info/SOURCES.txt'
[7.127s] writing manifest file '../../build/object_detector/object_detector.egg-info/SOURCES.txt'
[7.127s] running build
[7.128s] running build_py
[7.128s] copying object_detector/__init__.py -> /home/agilex/krish_ws/build/object_detector/build/lib/object_detector
[7.129s] copying object_detector/object_detector.py -> /home/agilex/krish_ws/build/object_detector/build/lib/object_detector
[7.129s] copying object_detector/test.py -> /home/agilex/krish_ws/build/object_detector/build/lib/object_detector
[7.130s] copying object_detector/object_detector copy.py -> /home/agilex/krish_ws/build/object_detector/build/lib/object_detector
[7.131s] running install
[7.132s] /home/agilex/.local/lib/python3.8/site-packages/setuptools/_distutils/cmd.py:66: SetuptoolsDeprecationWarning: setup.py install is deprecated.
[7.132s] !!
[7.132s] 
[7.132s]         ********************************************************************************
[7.133s]         Please avoid running ``setup.py`` directly.
[7.133s]         Instead, use pypa/build, pypa/installer or other
[7.133s]         standards-based tools.
[7.133s] 
[7.134s]         See https://blog.ganssle.io/articles/2021/10/setup-py-deprecated.html for details.
[7.134s]         ********************************************************************************
[7.134s] 
[7.134s] !!
[7.135s]   self.initialize_options()
[7.146s] running install_lib
[7.201s] running install_data
[7.255s] copying resource/object_detector -> /home/agilex/krish_ws/install/object_detector/share/ament_index/resource_index/packages
[7.256s] copying package.xml -> /home/agilex/krish_ws/install/object_detector/share/object_detector
[7.256s] running install_egg_info
[7.311s] removing '/home/agilex/krish_ws/install/object_detector/lib/python3.8/site-packages/object_detector-0.0.0-py3.8.egg-info' (and everything under it)
[7.311s] Copying ../../build/object_detector/object_detector.egg-info to /home/agilex/krish_ws/install/object_detector/lib/python3.8/site-packages/object_detector-0.0.0-py3.8.egg-info
[7.314s] running install_scripts
[7.435s] Installing test script to /home/agilex/krish_ws/install/object_detector/lib/object_detector
[7.435s] Installing yolo_detector script to /home/agilex/krish_ws/install/object_detector/lib/object_detector
[7.436s] writing list of installed files to '/home/agilex/krish_ws/build/object_detector/install.log'
[7.539s] Invoked command in '/home/agilex/krish_ws/src/object_detector' returned '0': PYTHONPATH=/home/agilex/krish_ws/build/object_detector/prefix_override:/home/agilex/krish_ws/install/object_detector/lib/python3.8/site-packages:${PYTHONPATH} /usr/bin/python3 setup.py egg_info --egg-base ../../build/object_detector build --build-base /home/agilex/krish_ws/build/object_detector/build install --record /home/agilex/krish_ws/build/object_detector/install.log --install-scripts $base/lib/object_detector --single-version-externally-managed
