[5.427s] Invoking command in '/home/agilex/krish_ws/src/nav_handler': PYTHONPATH=/home/agilex/krish_ws/build/nav_handler/prefix_override:/home/agilex/krish_ws/install/nav_handler/lib/python3.8/site-packages:${PYTHONPATH} /usr/bin/python3 setup.py egg_info --egg-base ../../build/nav_handler build --build-base /home/agilex/krish_ws/build/nav_handler/build install --record /home/agilex/krish_ws/build/nav_handler/install.log --install-scripts $base/lib/nav_handler --single-version-externally-managed
[5.810s] /home/agilex/.local/lib/python3.8/site-packages/setuptools/dist.py:476: SetuptoolsDeprecationWarning: Invalid dash-separated options
[5.811s] !!
[5.811s] 
[5.811s]         ********************************************************************************
[5.811s]         Usage of dash-separated 'script-dir' will not be supported in future
[5.811s]         versions. Please use the underscore name 'script_dir' instead.
[5.812s] 
[5.812s]         This deprecation is overdue, please update your project and remove deprecated
[5.812s]         calls to avoid build errors in the future.
[5.812s] 
[5.812s]         See https://setuptools.pypa.io/en/latest/userguide/declarative_config.html for details.
[5.812s]         ********************************************************************************
[5.812s] 
[5.812s] !!
[5.813s]   opt = self.warn_dash_deprecation(opt, section)
[6.084s] running egg_info
[6.129s] writing ../../build/nav_handler/nav_handler.egg-info/PKG-INFO
[6.130s] writing dependency_links to ../../build/nav_handler/nav_handler.egg-info/dependency_links.txt
[6.131s] writing entry points to ../../build/nav_handler/nav_handler.egg-info/entry_points.txt
[6.131s] writing requirements to ../../build/nav_handler/nav_handler.egg-info/requires.txt
[6.131s] writing top-level names to ../../build/nav_handler/nav_handler.egg-info/top_level.txt
[6.482s] reading manifest file '../../build/nav_handler/nav_handler.egg-info/SOURCES.txt'
[6.484s] writing manifest file '../../build/nav_handler/nav_handler.egg-info/SOURCES.txt'
[6.484s] running build
[6.485s] running build_py
[6.485s] copying nav_handler/__init__.py -> /home/agilex/krish_ws/build/nav_handler/build/lib/nav_handler
[6.486s] copying nav_handler/pose_setter.py -> /home/agilex/krish_ws/build/nav_handler/build/lib/nav_handler
[6.486s] copying nav_handler/nav_handler.py -> /home/agilex/krish_ws/build/nav_handler/build/lib/nav_handler
[6.486s] running install
[6.487s] /home/agilex/.local/lib/python3.8/site-packages/setuptools/_distutils/cmd.py:66: SetuptoolsDeprecationWarning: setup.py install is deprecated.
[6.487s] !!
[6.487s] 
[6.487s]         ********************************************************************************
[6.488s]         Please avoid running ``setup.py`` directly.
[6.488s]         Instead, use pypa/build, pypa/installer or other
[6.488s]         standards-based tools.
[6.488s] 
[6.488s]         See https://blog.ganssle.io/articles/2021/10/setup-py-deprecated.html for details.
[6.488s]         ********************************************************************************
[6.488s] 
[6.488s] !!
[6.488s]   self.initialize_options()
[6.499s] running install_lib
[6.544s] copying /home/agilex/krish_ws/build/nav_handler/build/lib/nav_handler/nav_handler.py -> /home/agilex/krish_ws/install/nav_handler/lib/python3.8/site-packages/nav_handler
[6.546s] byte-compiling /home/agilex/krish_ws/install/nav_handler/lib/python3.8/site-packages/nav_handler/nav_handler.py to nav_handler.cpython-38.pyc
[6.548s] running install_data
[6.593s] copying resource/nav_handler -> /home/agilex/krish_ws/install/nav_handler/share/ament_index/resource_index/packages
[6.593s] copying package.xml -> /home/agilex/krish_ws/install/nav_handler/share/nav_handler
[6.593s] running install_egg_info
[6.641s] removing '/home/agilex/krish_ws/install/nav_handler/lib/python3.8/site-packages/nav_handler-0.0.0-py3.8.egg-info' (and everything under it)
[6.641s] Copying ../../build/nav_handler/nav_handler.egg-info to /home/agilex/krish_ws/install/nav_handler/lib/python3.8/site-packages/nav_handler-0.0.0-py3.8.egg-info
[6.642s] running install_scripts
[6.750s] Installing nav_handler script to /home/agilex/krish_ws/install/nav_handler/lib/nav_handler
[6.751s] Installing pose_setter script to /home/agilex/krish_ws/install/nav_handler/lib/nav_handler
[6.752s] writing list of installed files to '/home/agilex/krish_ws/build/nav_handler/install.log'
[6.836s] Invoked command in '/home/agilex/krish_ws/src/nav_handler' returned '0': PYTHONPATH=/home/agilex/krish_ws/build/nav_handler/prefix_override:/home/agilex/krish_ws/install/nav_handler/lib/python3.8/site-packages:${PYTHONPATH} /usr/bin/python3 setup.py egg_info --egg-base ../../build/nav_handler build --build-base /home/agilex/krish_ws/build/nav_handler/build install --record /home/agilex/krish_ws/build/nav_handler/install.log --install-scripts $base/lib/nav_handler --single-version-externally-managed
