[13.843s] Invoking command in '/home/agilex/krish_ws/src/object_detector': PYTHONPATH=/home/agilex/krish_ws/build/object_detector/prefix_override:/home/agilex/krish_ws/install/object_detector/lib/python3.8/site-packages:${PYTHONPATH} /usr/bin/python3 setup.py egg_info --egg-base ../../build/object_detector build --build-base /home/agilex/krish_ws/build/object_detector/build install --record /home/agilex/krish_ws/build/object_detector/install.log --install-scripts $base/lib/object_detector --single-version-externally-managed
[14.301s] /home/agilex/.local/lib/python3.8/site-packages/setuptools/dist.py:476: SetuptoolsDeprecationWarning: Invalid dash-separated options
[14.301s] !!
[14.301s] 
[14.301s]         ********************************************************************************
[14.301s]         Usage of dash-separated 'script-dir' will not be supported in future
[14.301s]         versions. Please use the underscore name 'script_dir' instead.
[14.302s] 
[14.302s]         This deprecation is overdue, please update your project and remove deprecated
[14.302s]         calls to avoid build errors in the future.
[14.303s] 
[14.303s]         See https://setuptools.pypa.io/en/latest/userguide/declarative_config.html for details.
[14.303s]         ********************************************************************************
[14.303s] 
[14.303s] !!
[14.303s]   opt = self.warn_dash_deprecation(opt, section)
[14.594s] running egg_info
[14.638s] writing ../../build/object_detector/object_detector.egg-info/PKG-INFO
[14.640s] writing dependency_links to ../../build/object_detector/object_detector.egg-info/dependency_links.txt
[14.641s] writing entry points to ../../build/object_detector/object_detector.egg-info/entry_points.txt
[14.641s] writing requirements to ../../build/object_detector/object_detector.egg-info/requires.txt
[14.641s] writing top-level names to ../../build/object_detector/object_detector.egg-info/top_level.txt
[15.070s] reading manifest file '../../build/object_detector/object_detector.egg-info/SOURCES.txt'
[15.073s] writing manifest file '../../build/object_detector/object_detector.egg-info/SOURCES.txt'
[15.075s] running build
[15.076s] running build_py
[15.079s] copying object_detector/__init__.py -> /home/agilex/krish_ws/build/object_detector/build/lib/object_detector
[15.080s] copying object_detector/object_detector.py -> /home/agilex/krish_ws/build/object_detector/build/lib/object_detector
[15.082s] running install
[15.082s] /home/agilex/.local/lib/python3.8/site-packages/setuptools/_distutils/cmd.py:66: SetuptoolsDeprecationWarning: setup.py install is deprecated.
[15.082s] !!
[15.083s] 
[15.083s]         ********************************************************************************
[15.083s]         Please avoid running ``setup.py`` directly.
[15.084s]         Instead, use pypa/build, pypa/installer or other
[15.084s]         standards-based tools.
[15.084s] 
[15.084s]         See https://blog.ganssle.io/articles/2021/10/setup-py-deprecated.html for details.
[15.084s]         ********************************************************************************
[15.084s] 
[15.084s] !!
[15.085s]   self.initialize_options()
[15.100s] running install_lib
[15.147s] running install_data
[15.194s] copying resource/object_detector -> /home/agilex/krish_ws/install/object_detector/share/ament_index/resource_index/packages
[15.197s] copying package.xml -> /home/agilex/krish_ws/install/object_detector/share/object_detector
[15.197s] running install_egg_info
[15.250s] removing '/home/agilex/krish_ws/install/object_detector/lib/python3.8/site-packages/object_detector-0.0.0-py3.8.egg-info' (and everything under it)
[15.251s] Copying ../../build/object_detector/object_detector.egg-info to /home/agilex/krish_ws/install/object_detector/lib/python3.8/site-packages/object_detector-0.0.0-py3.8.egg-info
[15.258s] running install_scripts
[15.438s] Installing yolo_detector script to /home/agilex/krish_ws/install/object_detector/lib/object_detector
[15.438s] writing list of installed files to '/home/agilex/krish_ws/build/object_detector/install.log'
[18.113s] Invoked command in '/home/agilex/krish_ws/src/object_detector' returned '0': PYTHONPATH=/home/agilex/krish_ws/build/object_detector/prefix_override:/home/agilex/krish_ws/install/object_detector/lib/python3.8/site-packages:${PYTHONPATH} /usr/bin/python3 setup.py egg_info --egg-base ../../build/object_detector build --build-base /home/agilex/krish_ws/build/object_detector/build install --record /home/agilex/krish_ws/build/object_detector/install.log --install-scripts $base/lib/object_detector --single-version-externally-managed
