[5.398s] Invoking command in '/home/agilex/krish_ws/src/nav_handler': PYTHONPATH=/home/agilex/krish_ws/build/nav_handler/prefix_override:/home/agilex/krish_ws/install/nav_handler/lib/python3.8/site-packages:${PYTHONPATH} /usr/bin/python3 setup.py egg_info --egg-base ../../build/nav_handler build --build-base /home/agilex/krish_ws/build/nav_handler/build install --record /home/agilex/krish_ws/build/nav_handler/install.log --install-scripts $base/lib/nav_handler --single-version-externally-managed
[5.777s] /home/agilex/.local/lib/python3.8/site-packages/setuptools/dist.py:476: SetuptoolsDeprecationWarning: Invalid dash-separated options
[5.777s] !!
[5.777s] 
[5.778s]         ********************************************************************************
[5.778s]         Usage of dash-separated 'script-dir' will not be supported in future
[5.778s]         versions. Please use the underscore name 'script_dir' instead.
[5.778s] 
[5.778s]         This deprecation is overdue, please update your project and remove deprecated
[5.778s]         calls to avoid build errors in the future.
[5.778s] 
[5.778s]         See https://setuptools.pypa.io/en/latest/userguide/declarative_config.html for details.
[5.779s]         ********************************************************************************
[5.779s] 
[5.779s] !!
[5.779s]   opt = self.warn_dash_deprecation(opt, section)
[6.055s] running egg_info
[6.101s] writing ../../build/nav_handler/nav_handler.egg-info/PKG-INFO
[6.102s] writing dependency_links to ../../build/nav_handler/nav_handler.egg-info/dependency_links.txt
[6.102s] writing entry points to ../../build/nav_handler/nav_handler.egg-info/entry_points.txt
[6.103s] writing requirements to ../../build/nav_handler/nav_handler.egg-info/requires.txt
[6.103s] writing top-level names to ../../build/nav_handler/nav_handler.egg-info/top_level.txt
[6.453s] reading manifest file '../../build/nav_handler/nav_handler.egg-info/SOURCES.txt'
[6.455s] writing manifest file '../../build/nav_handler/nav_handler.egg-info/SOURCES.txt'
[6.455s] running build
[6.456s] running build_py
[6.456s] copying nav_handler/__init__.py -> /home/agilex/krish_ws/build/nav_handler/build/lib/nav_handler
[6.456s] copying nav_handler/pose_setter.py -> /home/agilex/krish_ws/build/nav_handler/build/lib/nav_handler
[6.457s] copying nav_handler/nav_handler.py -> /home/agilex/krish_ws/build/nav_handler/build/lib/nav_handler
[6.457s] running install
[6.458s] /home/agilex/.local/lib/python3.8/site-packages/setuptools/_distutils/cmd.py:66: SetuptoolsDeprecationWarning: setup.py install is deprecated.
[6.458s] !!
[6.458s] 
[6.458s]         ********************************************************************************
[6.458s]         Please avoid running ``setup.py`` directly.
[6.458s]         Instead, use pypa/build, pypa/installer or other
[6.459s]         standards-based tools.
[6.459s] 
[6.459s]         See https://blog.ganssle.io/articles/2021/10/setup-py-deprecated.html for details.
[6.459s]         ********************************************************************************
[6.459s] 
[6.459s] !!
[6.459s]   self.initialize_options()
[6.470s] running install_lib
[6.518s] running install_data
[6.561s] copying resource/nav_handler -> /home/agilex/krish_ws/install/nav_handler/share/ament_index/resource_index/packages
[6.561s] copying package.xml -> /home/agilex/krish_ws/install/nav_handler/share/nav_handler
[6.562s] running install_egg_info
[6.609s] removing '/home/agilex/krish_ws/install/nav_handler/lib/python3.8/site-packages/nav_handler-0.0.0-py3.8.egg-info' (and everything under it)
[6.610s] Copying ../../build/nav_handler/nav_handler.egg-info to /home/agilex/krish_ws/install/nav_handler/lib/python3.8/site-packages/nav_handler-0.0.0-py3.8.egg-info
[6.612s] running install_scripts
[6.721s] Installing nav_handler script to /home/agilex/krish_ws/install/nav_handler/lib/nav_handler
[6.721s] Installing pose_setter script to /home/agilex/krish_ws/install/nav_handler/lib/nav_handler
[6.722s] writing list of installed files to '/home/agilex/krish_ws/build/nav_handler/install.log'
[6.804s] Invoked command in '/home/agilex/krish_ws/src/nav_handler' returned '0': PYTHONPATH=/home/agilex/krish_ws/build/nav_handler/prefix_override:/home/agilex/krish_ws/install/nav_handler/lib/python3.8/site-packages:${PYTHONPATH} /usr/bin/python3 setup.py egg_info --egg-base ../../build/nav_handler build --build-base /home/agilex/krish_ws/build/nav_handler/build install --record /home/agilex/krish_ws/build/nav_handler/install.log --install-scripts $base/lib/nav_handler --single-version-externally-managed
