[5.529s] Invoking command in '/home/agilex/krish_ws/src/nav_handler': PYTHONPATH=/home/agilex/krish_ws/build/nav_handler/prefix_override:/home/agilex/krish_ws/install/nav_handler/lib/python3.8/site-packages:${PYTHONPATH} /usr/bin/python3 setup.py egg_info --egg-base ../../build/nav_handler build --build-base /home/agilex/krish_ws/build/nav_handler/build install --record /home/agilex/krish_ws/build/nav_handler/install.log --install-scripts $base/lib/nav_handler --single-version-externally-managed
[5.918s] /home/agilex/.local/lib/python3.8/site-packages/setuptools/dist.py:476: SetuptoolsDeprecationWarning: Invalid dash-separated options
[5.918s] !!
[5.918s] 
[5.919s]         ********************************************************************************
[5.919s]         Usage of dash-separated 'script-dir' will not be supported in future
[5.919s]         versions. Please use the underscore name 'script_dir' instead.
[5.919s] 
[5.920s]         This deprecation is overdue, please update your project and remove deprecated
[5.920s]         calls to avoid build errors in the future.
[5.920s] 
[5.920s]         See https://setuptools.pypa.io/en/latest/userguide/declarative_config.html for details.
[5.921s]         ********************************************************************************
[5.921s] 
[5.921s] !!
[5.921s]   opt = self.warn_dash_deprecation(opt, section)
[6.199s] running egg_info
[6.245s] writing ../../build/nav_handler/nav_handler.egg-info/PKG-INFO
[6.246s] writing dependency_links to ../../build/nav_handler/nav_handler.egg-info/dependency_links.txt
[6.246s] writing entry points to ../../build/nav_handler/nav_handler.egg-info/entry_points.txt
[6.247s] writing requirements to ../../build/nav_handler/nav_handler.egg-info/requires.txt
[6.247s] writing top-level names to ../../build/nav_handler/nav_handler.egg-info/top_level.txt
[6.605s] reading manifest file '../../build/nav_handler/nav_handler.egg-info/SOURCES.txt'
[6.607s] writing manifest file '../../build/nav_handler/nav_handler.egg-info/SOURCES.txt'
[6.607s] running build
[6.608s] running build_py
[6.608s] copying nav_handler/__init__.py -> /home/agilex/krish_ws/build/nav_handler/build/lib/nav_handler
[6.608s] copying nav_handler/manual_object_nav_test.py -> /home/agilex/krish_ws/build/nav_handler/build/lib/nav_handler
[6.609s] copying nav_handler/pose_setter.py -> /home/agilex/krish_ws/build/nav_handler/build/lib/nav_handler
[6.609s] copying nav_handler/nav_handler.py -> /home/agilex/krish_ws/build/nav_handler/build/lib/nav_handler
[6.610s] running install
[6.610s] /home/agilex/.local/lib/python3.8/site-packages/setuptools/_distutils/cmd.py:66: SetuptoolsDeprecationWarning: setup.py install is deprecated.
[6.610s] !!
[6.611s] 
[6.611s]         ********************************************************************************
[6.611s]         Please avoid running ``setup.py`` directly.
[6.611s]         Instead, use pypa/build, pypa/installer or other
[6.611s]         standards-based tools.
[6.611s] 
[6.611s]         See https://blog.ganssle.io/articles/2021/10/setup-py-deprecated.html for details.
[6.611s]         ********************************************************************************
[6.612s] 
[6.612s] !!
[6.612s]   self.initialize_options()
[6.623s] running install_lib
[6.669s] copying /home/agilex/krish_ws/build/nav_handler/build/lib/nav_handler/pose_setter.py -> /home/agilex/krish_ws/install/nav_handler/lib/python3.8/site-packages/nav_handler
[6.670s] copying /home/agilex/krish_ws/build/nav_handler/build/lib/nav_handler/nav_handler.py -> /home/agilex/krish_ws/install/nav_handler/lib/python3.8/site-packages/nav_handler
[6.672s] byte-compiling /home/agilex/krish_ws/install/nav_handler/lib/python3.8/site-packages/nav_handler/pose_setter.py to pose_setter.cpython-38.pyc
[6.673s] byte-compiling /home/agilex/krish_ws/install/nav_handler/lib/python3.8/site-packages/nav_handler/nav_handler.py to nav_handler.cpython-38.pyc
[6.676s] running install_data
[6.722s] copying resource/nav_handler -> /home/agilex/krish_ws/install/nav_handler/share/ament_index/resource_index/packages
[6.722s] copying package.xml -> /home/agilex/krish_ws/install/nav_handler/share/nav_handler
[6.723s] running install_egg_info
[6.770s] removing '/home/agilex/krish_ws/install/nav_handler/lib/python3.8/site-packages/nav_handler-0.0.0-py3.8.egg-info' (and everything under it)
[6.771s] Copying ../../build/nav_handler/nav_handler.egg-info to /home/agilex/krish_ws/install/nav_handler/lib/python3.8/site-packages/nav_handler-0.0.0-py3.8.egg-info
[6.773s] running install_scripts
[6.884s] Installing nav_handler script to /home/agilex/krish_ws/install/nav_handler/lib/nav_handler
[6.884s] Installing pose_setter script to /home/agilex/krish_ws/install/nav_handler/lib/nav_handler
[6.884s] Installing test script to /home/agilex/krish_ws/install/nav_handler/lib/nav_handler
[6.885s] writing list of installed files to '/home/agilex/krish_ws/build/nav_handler/install.log'
[6.978s] Invoked command in '/home/agilex/krish_ws/src/nav_handler' returned '0': PYTHONPATH=/home/agilex/krish_ws/build/nav_handler/prefix_override:/home/agilex/krish_ws/install/nav_handler/lib/python3.8/site-packages:${PYTHONPATH} /usr/bin/python3 setup.py egg_info --egg-base ../../build/nav_handler build --build-base /home/agilex/krish_ws/build/nav_handler/build install --record /home/agilex/krish_ws/build/nav_handler/install.log --install-scripts $base/lib/nav_handler --single-version-externally-managed
