[10.517s] Invoking command in '/home/agilex/krish_ws/src/object_detection': AMENT_PREFIX_PATH=/home/agilex/krish_ws/install/vision_msgs:${AMENT_PREFIX_PATH} CMAKE_PREFIX_PATH=/home/agilex/krish_ws/install/vision_msgs:${CMAKE_PREFIX_PATH} LD_LIBRARY_PATH=/home/agilex/krish_ws/install/vision_msgs/lib:${LD_LIBRARY_PATH} PYTHONPATH=/home/agilex/krish_ws/build/object_detection/prefix_override:/home/agilex/krish_ws/install/object_detection/lib/python3.8/site-packages:/home/agilex/krish_ws/install/vision_msgs/lib/python3.8/site-packages:${PYTHONPATH} /usr/bin/python3 setup.py egg_info --egg-base ../../build/object_detection build --build-base /home/agilex/krish_ws/build/object_detection/build install --record /home/agilex/krish_ws/build/object_detection/install.log --install-scripts $base/lib/object_detection --single-version-externally-managed
[10.908s] /home/agilex/.local/lib/python3.8/site-packages/setuptools/dist.py:476: SetuptoolsDeprecationWarning: Invalid dash-separated options
[10.908s] !!
[10.908s] 
[10.908s]         ********************************************************************************
[10.908s]         Usage of dash-separated 'script-dir' will not be supported in future
[10.909s]         versions. Please use the underscore name 'script_dir' instead.
[10.909s] 
[10.909s]         This deprecation is overdue, please update your project and remove deprecated
[10.909s]         calls to avoid build errors in the future.
[10.909s] 
[10.909s]         See https://setuptools.pypa.io/en/latest/userguide/declarative_config.html for details.
[10.909s]         ********************************************************************************
[10.909s] 
[10.910s] !!
[10.910s]   opt = self.warn_dash_deprecation(opt, section)
[11.189s] running egg_info
[11.235s] writing ../../build/object_detection/object_detection.egg-info/PKG-INFO
[11.236s] writing dependency_links to ../../build/object_detection/object_detection.egg-info/dependency_links.txt
[11.237s] writing requirements to ../../build/object_detection/object_detection.egg-info/requires.txt
[11.237s] writing top-level names to ../../build/object_detection/object_detection.egg-info/top_level.txt
[11.594s] reading manifest file '../../build/object_detection/object_detection.egg-info/SOURCES.txt'
[11.595s] writing manifest file '../../build/object_detection/object_detection.egg-info/SOURCES.txt'
[11.596s] running build
[11.596s] running build_py
[11.598s] copying object_detection/__init__.py -> /home/agilex/krish_ws/build/object_detection/build/lib/object_detection
[11.598s] copying object_detection/object_detector.py -> /home/agilex/krish_ws/build/object_detection/build/lib/object_detection
[11.598s] running install
[11.598s] /home/agilex/.local/lib/python3.8/site-packages/setuptools/_distutils/cmd.py:66: SetuptoolsDeprecationWarning: setup.py install is deprecated.
[11.599s] !!
[11.599s] 
[11.599s]         ********************************************************************************
[11.599s]         Please avoid running ``setup.py`` directly.
[11.599s]         Instead, use pypa/build, pypa/installer or other
[11.599s]         standards-based tools.
[11.599s] 
[11.599s]         See https://blog.ganssle.io/articles/2021/10/setup-py-deprecated.html for details.
[11.599s]         ********************************************************************************
[11.600s] 
[11.600s] !!
[11.600s]   self.initialize_options()
[11.610s] running install_lib
[11.658s] running install_data
[11.703s] copying resource/object_detection -> /home/agilex/krish_ws/install/object_detection/share/ament_index/resource_index/packages
[11.704s] copying package.xml -> /home/agilex/krish_ws/install/object_detection/share/object_detection
[11.704s] running install_egg_info
[11.754s] removing '/home/agilex/krish_ws/install/object_detection/lib/python3.8/site-packages/object_detection-0.0.0-py3.8.egg-info' (and everything under it)
[11.755s] Copying ../../build/object_detection/object_detection.egg-info to /home/agilex/krish_ws/install/object_detection/lib/python3.8/site-packages/object_detection-0.0.0-py3.8.egg-info
[11.757s] running install_scripts
[11.870s] writing list of installed files to '/home/agilex/krish_ws/build/object_detection/install.log'
[12.828s] Invoked command in '/home/agilex/krish_ws/src/object_detection' returned '0': AMENT_PREFIX_PATH=/home/agilex/krish_ws/install/vision_msgs:${AMENT_PREFIX_PATH} CMAKE_PREFIX_PATH=/home/agilex/krish_ws/install/vision_msgs:${CMAKE_PREFIX_PATH} LD_LIBRARY_PATH=/home/agilex/krish_ws/install/vision_msgs/lib:${LD_LIBRARY_PATH} PYTHONPATH=/home/agilex/krish_ws/build/object_detection/prefix_override:/home/agilex/krish_ws/install/object_detection/lib/python3.8/site-packages:/home/agilex/krish_ws/install/vision_msgs/lib/python3.8/site-packages:${PYTHONPATH} /usr/bin/python3 setup.py egg_info --egg-base ../../build/object_detection build --build-base /home/agilex/krish_ws/build/object_detection/build install --record /home/agilex/krish_ws/build/object_detection/install.log --install-scripts $base/lib/object_detection --single-version-externally-managed
