[6.873s] Invoking command in '/home/agilex/krish_ws/src/yolov5_ros2': PYTHONPATH=/home/agilex/krish_ws/build/yolov5_ros2/prefix_override:/home/agilex/krish_ws/install/yolov5_ros2/lib/python3.8/site-packages:${PYTHONPATH} /usr/bin/python3 setup.py egg_info --egg-base ../../build/yolov5_ros2 build --build-base /home/agilex/krish_ws/build/yolov5_ros2/build install --record /home/agilex/krish_ws/build/yolov5_ros2/install.log --single-version-externally-managed
[7.496s] running egg_info
[7.537s] writing ../../build/yolov5_ros2/yolov5_ros2.egg-info/PKG-INFO
[7.538s] writing dependency_links to ../../build/yolov5_ros2/yolov5_ros2.egg-info/dependency_links.txt
[7.539s] writing entry points to ../../build/yolov5_ros2/yolov5_ros2.egg-info/entry_points.txt
[7.539s] writing requirements to ../../build/yolov5_ros2/yolov5_ros2.egg-info/requires.txt
[7.539s] writing top-level names to ../../build/yolov5_ros2/yolov5_ros2.egg-info/top_level.txt
[7.876s] reading manifest file '../../build/yolov5_ros2/yolov5_ros2.egg-info/SOURCES.txt'
[7.878s] writing manifest file '../../build/yolov5_ros2/yolov5_ros2.egg-info/SOURCES.txt'
[7.878s] running build
[7.879s] running build_py
[7.880s] running install
[7.880s] /home/agilex/.local/lib/python3.8/site-packages/setuptools/_distutils/cmd.py:66: SetuptoolsDeprecationWarning: setup.py install is deprecated.
[7.880s] !!
[7.880s] 
[7.881s]         ********************************************************************************
[7.881s]         Please avoid running ``setup.py`` directly.
[7.881s]         Instead, use pypa/build, pypa/installer or other
[7.881s]         standards-based tools.
[7.881s] 
[7.881s]         See https://blog.ganssle.io/articles/2021/10/setup-py-deprecated.html for details.
[7.881s]         ********************************************************************************
[7.881s] 
[7.881s] !!
[7.882s]   self.initialize_options()
[7.894s] running install_lib
[7.935s] running install_data
[7.975s] running install_egg_info
[8.018s] removing '/home/agilex/krish_ws/install/yolov5_ros2/lib/python3.8/site-packages/yolov5_ros2-0.0.0-py3.8.egg-info' (and everything under it)
[8.019s] Copying ../../build/yolov5_ros2/yolov5_ros2.egg-info to /home/agilex/krish_ws/install/yolov5_ros2/lib/python3.8/site-packages/yolov5_ros2-0.0.0-py3.8.egg-info
[8.021s] running install_scripts
[8.122s] Installing yolo_detect_2d script to /home/agilex/krish_ws/install/yolov5_ros2/lib/yolov5_ros2
[8.123s] writing list of installed files to '/home/agilex/krish_ws/build/yolov5_ros2/install.log'
[8.214s] Invoked command in '/home/agilex/krish_ws/src/yolov5_ros2' returned '0': PYTHONPATH=/home/agilex/krish_ws/build/yolov5_ros2/prefix_override:/home/agilex/krish_ws/install/yolov5_ros2/lib/python3.8/site-packages:${PYTHONPATH} /usr/bin/python3 setup.py egg_info --egg-base ../../build/yolov5_ros2 build --build-base /home/agilex/krish_ws/build/yolov5_ros2/build install --record /home/agilex/krish_ws/build/yolov5_ros2/install.log --single-version-externally-managed
